[2025-01-26T10:25:01.976-0300] {processor.py:186} INFO - Started process (PID=1839) to work on /mnt/c/Users/ander/Desktop/airflow-spark/airflow-spark/curso2/ambientX/lib/python3.9/site-packages/airflow/example_dags/plugins/event_listener.py
[2025-01-26T10:25:01.977-0300] {processor.py:914} INFO - Processing file /mnt/c/Users/ander/Desktop/airflow-spark/airflow-spark/curso2/ambientX/lib/python3.9/site-packages/airflow/example_dags/plugins/event_listener.py for tasks to queue
[2025-01-26T10:25:01.981-0300] {logging_mixin.py:190} INFO - [2025-01-26T10:25:01.981-0300] {dagbag.py:588} INFO - Filling up the DagBag from /mnt/c/Users/ander/Desktop/airflow-spark/airflow-spark/curso2/ambientX/lib/python3.9/site-packages/airflow/example_dags/plugins/event_listener.py
[2025-01-26T10:25:02.007-0300] {processor.py:927} WARNING - No viable dags retrieved from /mnt/c/Users/ander/Desktop/airflow-spark/airflow-spark/curso2/ambientX/lib/python3.9/site-packages/airflow/example_dags/plugins/event_listener.py
[2025-01-26T10:25:02.040-0300] {processor.py:208} INFO - Processing /mnt/c/Users/ander/Desktop/airflow-spark/airflow-spark/curso2/ambientX/lib/python3.9/site-packages/airflow/example_dags/plugins/event_listener.py took 0.084 seconds
[2025-01-26T10:26:38.563-0300] {processor.py:186} INFO - Started process (PID=3069) to work on /mnt/c/Users/ander/Desktop/airflow-spark/airflow-spark/curso2/ambientX/lib/python3.9/site-packages/airflow/example_dags/plugins/event_listener.py
[2025-01-26T10:26:38.572-0300] {processor.py:914} INFO - Processing file /mnt/c/Users/ander/Desktop/airflow-spark/airflow-spark/curso2/ambientX/lib/python3.9/site-packages/airflow/example_dags/plugins/event_listener.py for tasks to queue
[2025-01-26T10:26:38.576-0300] {logging_mixin.py:190} INFO - [2025-01-26T10:26:38.575-0300] {dagbag.py:588} INFO - Filling up the DagBag from /mnt/c/Users/ander/Desktop/airflow-spark/airflow-spark/curso2/ambientX/lib/python3.9/site-packages/airflow/example_dags/plugins/event_listener.py
[2025-01-26T10:26:38.649-0300] {processor.py:927} WARNING - No viable dags retrieved from /mnt/c/Users/ander/Desktop/airflow-spark/airflow-spark/curso2/ambientX/lib/python3.9/site-packages/airflow/example_dags/plugins/event_listener.py
[2025-01-26T10:26:38.707-0300] {processor.py:208} INFO - Processing /mnt/c/Users/ander/Desktop/airflow-spark/airflow-spark/curso2/ambientX/lib/python3.9/site-packages/airflow/example_dags/plugins/event_listener.py took 0.164 seconds
[2025-01-26T10:38:15.810-0300] {processor.py:186} INFO - Started process (PID=7952) to work on /mnt/c/Users/ander/Desktop/airflow-spark/airflow-spark/curso2/ambientX/lib/python3.9/site-packages/airflow/example_dags/plugins/event_listener.py
[2025-01-26T10:38:15.812-0300] {processor.py:914} INFO - Processing file /mnt/c/Users/ander/Desktop/airflow-spark/airflow-spark/curso2/ambientX/lib/python3.9/site-packages/airflow/example_dags/plugins/event_listener.py for tasks to queue
[2025-01-26T10:38:15.814-0300] {logging_mixin.py:190} INFO - [2025-01-26T10:38:15.814-0300] {dagbag.py:588} INFO - Filling up the DagBag from /mnt/c/Users/ander/Desktop/airflow-spark/airflow-spark/curso2/ambientX/lib/python3.9/site-packages/airflow/example_dags/plugins/event_listener.py
[2025-01-26T10:38:15.846-0300] {processor.py:927} WARNING - No viable dags retrieved from /mnt/c/Users/ander/Desktop/airflow-spark/airflow-spark/curso2/ambientX/lib/python3.9/site-packages/airflow/example_dags/plugins/event_listener.py
[2025-01-26T10:38:15.880-0300] {processor.py:208} INFO - Processing /mnt/c/Users/ander/Desktop/airflow-spark/airflow-spark/curso2/ambientX/lib/python3.9/site-packages/airflow/example_dags/plugins/event_listener.py took 0.093 seconds
[2025-01-26T10:39:47.401-0300] {processor.py:186} INFO - Started process (PID=8325) to work on /mnt/c/Users/ander/Desktop/airflow-spark/airflow-spark/curso2/ambientX/lib/python3.9/site-packages/airflow/example_dags/plugins/event_listener.py
[2025-01-26T10:39:47.402-0300] {processor.py:914} INFO - Processing file /mnt/c/Users/ander/Desktop/airflow-spark/airflow-spark/curso2/ambientX/lib/python3.9/site-packages/airflow/example_dags/plugins/event_listener.py for tasks to queue
[2025-01-26T10:39:47.404-0300] {logging_mixin.py:190} INFO - [2025-01-26T10:39:47.404-0300] {dagbag.py:588} INFO - Filling up the DagBag from /mnt/c/Users/ander/Desktop/airflow-spark/airflow-spark/curso2/ambientX/lib/python3.9/site-packages/airflow/example_dags/plugins/event_listener.py
[2025-01-26T10:39:47.433-0300] {processor.py:927} WARNING - No viable dags retrieved from /mnt/c/Users/ander/Desktop/airflow-spark/airflow-spark/curso2/ambientX/lib/python3.9/site-packages/airflow/example_dags/plugins/event_listener.py
[2025-01-26T10:39:47.470-0300] {processor.py:208} INFO - Processing /mnt/c/Users/ander/Desktop/airflow-spark/airflow-spark/curso2/ambientX/lib/python3.9/site-packages/airflow/example_dags/plugins/event_listener.py took 0.085 seconds
[2025-01-26T10:40:46.530-0300] {processor.py:186} INFO - Started process (PID=8741) to work on /mnt/c/Users/ander/Desktop/airflow-spark/airflow-spark/curso2/ambientX/lib/python3.9/site-packages/airflow/example_dags/plugins/event_listener.py
[2025-01-26T10:40:46.532-0300] {processor.py:914} INFO - Processing file /mnt/c/Users/ander/Desktop/airflow-spark/airflow-spark/curso2/ambientX/lib/python3.9/site-packages/airflow/example_dags/plugins/event_listener.py for tasks to queue
[2025-01-26T10:40:46.534-0300] {logging_mixin.py:190} INFO - [2025-01-26T10:40:46.533-0300] {dagbag.py:588} INFO - Filling up the DagBag from /mnt/c/Users/ander/Desktop/airflow-spark/airflow-spark/curso2/ambientX/lib/python3.9/site-packages/airflow/example_dags/plugins/event_listener.py
[2025-01-26T10:40:46.563-0300] {processor.py:927} WARNING - No viable dags retrieved from /mnt/c/Users/ander/Desktop/airflow-spark/airflow-spark/curso2/ambientX/lib/python3.9/site-packages/airflow/example_dags/plugins/event_listener.py
[2025-01-26T10:40:46.596-0300] {processor.py:208} INFO - Processing /mnt/c/Users/ander/Desktop/airflow-spark/airflow-spark/curso2/ambientX/lib/python3.9/site-packages/airflow/example_dags/plugins/event_listener.py took 0.089 seconds
[2025-01-26T10:41:39.254-0300] {processor.py:186} INFO - Started process (PID=8952) to work on /mnt/c/Users/ander/Desktop/airflow-spark/airflow-spark/curso2/ambientX/lib/python3.9/site-packages/airflow/example_dags/plugins/event_listener.py
[2025-01-26T10:41:39.255-0300] {processor.py:914} INFO - Processing file /mnt/c/Users/ander/Desktop/airflow-spark/airflow-spark/curso2/ambientX/lib/python3.9/site-packages/airflow/example_dags/plugins/event_listener.py for tasks to queue
[2025-01-26T10:41:39.258-0300] {logging_mixin.py:190} INFO - [2025-01-26T10:41:39.257-0300] {dagbag.py:588} INFO - Filling up the DagBag from /mnt/c/Users/ander/Desktop/airflow-spark/airflow-spark/curso2/ambientX/lib/python3.9/site-packages/airflow/example_dags/plugins/event_listener.py
[2025-01-26T10:41:39.302-0300] {processor.py:927} WARNING - No viable dags retrieved from /mnt/c/Users/ander/Desktop/airflow-spark/airflow-spark/curso2/ambientX/lib/python3.9/site-packages/airflow/example_dags/plugins/event_listener.py
[2025-01-26T10:41:39.341-0300] {processor.py:208} INFO - Processing /mnt/c/Users/ander/Desktop/airflow-spark/airflow-spark/curso2/ambientX/lib/python3.9/site-packages/airflow/example_dags/plugins/event_listener.py took 0.111 seconds
[2025-01-26T10:42:34.299-0300] {processor.py:186} INFO - Started process (PID=9167) to work on /mnt/c/Users/ander/Desktop/airflow-spark/airflow-spark/curso2/ambientX/lib/python3.9/site-packages/airflow/example_dags/plugins/event_listener.py
[2025-01-26T10:42:34.301-0300] {processor.py:914} INFO - Processing file /mnt/c/Users/ander/Desktop/airflow-spark/airflow-spark/curso2/ambientX/lib/python3.9/site-packages/airflow/example_dags/plugins/event_listener.py for tasks to queue
[2025-01-26T10:42:34.303-0300] {logging_mixin.py:190} INFO - [2025-01-26T10:42:34.302-0300] {dagbag.py:588} INFO - Filling up the DagBag from /mnt/c/Users/ander/Desktop/airflow-spark/airflow-spark/curso2/ambientX/lib/python3.9/site-packages/airflow/example_dags/plugins/event_listener.py
[2025-01-26T10:42:34.334-0300] {processor.py:927} WARNING - No viable dags retrieved from /mnt/c/Users/ander/Desktop/airflow-spark/airflow-spark/curso2/ambientX/lib/python3.9/site-packages/airflow/example_dags/plugins/event_listener.py
[2025-01-26T10:42:34.369-0300] {processor.py:208} INFO - Processing /mnt/c/Users/ander/Desktop/airflow-spark/airflow-spark/curso2/ambientX/lib/python3.9/site-packages/airflow/example_dags/plugins/event_listener.py took 0.092 seconds
[2025-01-26T10:43:32.529-0300] {processor.py:186} INFO - Started process (PID=9386) to work on /mnt/c/Users/ander/Desktop/airflow-spark/airflow-spark/curso2/ambientX/lib/python3.9/site-packages/airflow/example_dags/plugins/event_listener.py
[2025-01-26T10:43:32.531-0300] {processor.py:914} INFO - Processing file /mnt/c/Users/ander/Desktop/airflow-spark/airflow-spark/curso2/ambientX/lib/python3.9/site-packages/airflow/example_dags/plugins/event_listener.py for tasks to queue
[2025-01-26T10:43:32.533-0300] {logging_mixin.py:190} INFO - [2025-01-26T10:43:32.532-0300] {dagbag.py:588} INFO - Filling up the DagBag from /mnt/c/Users/ander/Desktop/airflow-spark/airflow-spark/curso2/ambientX/lib/python3.9/site-packages/airflow/example_dags/plugins/event_listener.py
[2025-01-26T10:43:32.559-0300] {processor.py:927} WARNING - No viable dags retrieved from /mnt/c/Users/ander/Desktop/airflow-spark/airflow-spark/curso2/ambientX/lib/python3.9/site-packages/airflow/example_dags/plugins/event_listener.py
[2025-01-26T10:43:32.592-0300] {processor.py:208} INFO - Processing /mnt/c/Users/ander/Desktop/airflow-spark/airflow-spark/curso2/ambientX/lib/python3.9/site-packages/airflow/example_dags/plugins/event_listener.py took 0.084 seconds
[2025-01-26T10:44:31.840-0300] {processor.py:186} INFO - Started process (PID=9624) to work on /mnt/c/Users/ander/Desktop/airflow-spark/airflow-spark/curso2/ambientX/lib/python3.9/site-packages/airflow/example_dags/plugins/event_listener.py
[2025-01-26T10:44:31.842-0300] {processor.py:914} INFO - Processing file /mnt/c/Users/ander/Desktop/airflow-spark/airflow-spark/curso2/ambientX/lib/python3.9/site-packages/airflow/example_dags/plugins/event_listener.py for tasks to queue
[2025-01-26T10:44:31.844-0300] {logging_mixin.py:190} INFO - [2025-01-26T10:44:31.843-0300] {dagbag.py:588} INFO - Filling up the DagBag from /mnt/c/Users/ander/Desktop/airflow-spark/airflow-spark/curso2/ambientX/lib/python3.9/site-packages/airflow/example_dags/plugins/event_listener.py
[2025-01-26T10:44:31.868-0300] {processor.py:927} WARNING - No viable dags retrieved from /mnt/c/Users/ander/Desktop/airflow-spark/airflow-spark/curso2/ambientX/lib/python3.9/site-packages/airflow/example_dags/plugins/event_listener.py
[2025-01-26T10:44:31.898-0300] {processor.py:208} INFO - Processing /mnt/c/Users/ander/Desktop/airflow-spark/airflow-spark/curso2/ambientX/lib/python3.9/site-packages/airflow/example_dags/plugins/event_listener.py took 0.075 seconds
[2025-01-26T10:45:29.417-0300] {processor.py:186} INFO - Started process (PID=9850) to work on /mnt/c/Users/ander/Desktop/airflow-spark/airflow-spark/curso2/ambientX/lib/python3.9/site-packages/airflow/example_dags/plugins/event_listener.py
[2025-01-26T10:45:29.418-0300] {processor.py:914} INFO - Processing file /mnt/c/Users/ander/Desktop/airflow-spark/airflow-spark/curso2/ambientX/lib/python3.9/site-packages/airflow/example_dags/plugins/event_listener.py for tasks to queue
[2025-01-26T10:45:29.420-0300] {logging_mixin.py:190} INFO - [2025-01-26T10:45:29.420-0300] {dagbag.py:588} INFO - Filling up the DagBag from /mnt/c/Users/ander/Desktop/airflow-spark/airflow-spark/curso2/ambientX/lib/python3.9/site-packages/airflow/example_dags/plugins/event_listener.py
[2025-01-26T10:45:29.447-0300] {processor.py:927} WARNING - No viable dags retrieved from /mnt/c/Users/ander/Desktop/airflow-spark/airflow-spark/curso2/ambientX/lib/python3.9/site-packages/airflow/example_dags/plugins/event_listener.py
[2025-01-26T10:45:29.477-0300] {processor.py:208} INFO - Processing /mnt/c/Users/ander/Desktop/airflow-spark/airflow-spark/curso2/ambientX/lib/python3.9/site-packages/airflow/example_dags/plugins/event_listener.py took 0.079 seconds
[2025-01-26T10:46:21.128-0300] {processor.py:186} INFO - Started process (PID=10068) to work on /mnt/c/Users/ander/Desktop/airflow-spark/airflow-spark/curso2/ambientX/lib/python3.9/site-packages/airflow/example_dags/plugins/event_listener.py
[2025-01-26T10:46:21.129-0300] {processor.py:914} INFO - Processing file /mnt/c/Users/ander/Desktop/airflow-spark/airflow-spark/curso2/ambientX/lib/python3.9/site-packages/airflow/example_dags/plugins/event_listener.py for tasks to queue
[2025-01-26T10:46:21.131-0300] {logging_mixin.py:190} INFO - [2025-01-26T10:46:21.131-0300] {dagbag.py:588} INFO - Filling up the DagBag from /mnt/c/Users/ander/Desktop/airflow-spark/airflow-spark/curso2/ambientX/lib/python3.9/site-packages/airflow/example_dags/plugins/event_listener.py
[2025-01-26T10:46:21.156-0300] {processor.py:927} WARNING - No viable dags retrieved from /mnt/c/Users/ander/Desktop/airflow-spark/airflow-spark/curso2/ambientX/lib/python3.9/site-packages/airflow/example_dags/plugins/event_listener.py
[2025-01-26T10:46:21.186-0300] {processor.py:208} INFO - Processing /mnt/c/Users/ander/Desktop/airflow-spark/airflow-spark/curso2/ambientX/lib/python3.9/site-packages/airflow/example_dags/plugins/event_listener.py took 0.076 seconds
[2025-01-26T10:47:12.247-0300] {processor.py:186} INFO - Started process (PID=10273) to work on /mnt/c/Users/ander/Desktop/airflow-spark/airflow-spark/curso2/ambientX/lib/python3.9/site-packages/airflow/example_dags/plugins/event_listener.py
[2025-01-26T10:47:12.248-0300] {processor.py:914} INFO - Processing file /mnt/c/Users/ander/Desktop/airflow-spark/airflow-spark/curso2/ambientX/lib/python3.9/site-packages/airflow/example_dags/plugins/event_listener.py for tasks to queue
[2025-01-26T10:47:12.250-0300] {logging_mixin.py:190} INFO - [2025-01-26T10:47:12.250-0300] {dagbag.py:588} INFO - Filling up the DagBag from /mnt/c/Users/ander/Desktop/airflow-spark/airflow-spark/curso2/ambientX/lib/python3.9/site-packages/airflow/example_dags/plugins/event_listener.py
[2025-01-26T10:47:12.277-0300] {processor.py:927} WARNING - No viable dags retrieved from /mnt/c/Users/ander/Desktop/airflow-spark/airflow-spark/curso2/ambientX/lib/python3.9/site-packages/airflow/example_dags/plugins/event_listener.py
[2025-01-26T10:47:12.308-0300] {processor.py:208} INFO - Processing /mnt/c/Users/ander/Desktop/airflow-spark/airflow-spark/curso2/ambientX/lib/python3.9/site-packages/airflow/example_dags/plugins/event_listener.py took 0.083 seconds
[2025-01-26T10:48:03.247-0300] {processor.py:186} INFO - Started process (PID=10490) to work on /mnt/c/Users/ander/Desktop/airflow-spark/airflow-spark/curso2/ambientX/lib/python3.9/site-packages/airflow/example_dags/plugins/event_listener.py
[2025-01-26T10:48:03.248-0300] {processor.py:914} INFO - Processing file /mnt/c/Users/ander/Desktop/airflow-spark/airflow-spark/curso2/ambientX/lib/python3.9/site-packages/airflow/example_dags/plugins/event_listener.py for tasks to queue
[2025-01-26T10:48:03.250-0300] {logging_mixin.py:190} INFO - [2025-01-26T10:48:03.250-0300] {dagbag.py:588} INFO - Filling up the DagBag from /mnt/c/Users/ander/Desktop/airflow-spark/airflow-spark/curso2/ambientX/lib/python3.9/site-packages/airflow/example_dags/plugins/event_listener.py
[2025-01-26T10:48:03.278-0300] {processor.py:927} WARNING - No viable dags retrieved from /mnt/c/Users/ander/Desktop/airflow-spark/airflow-spark/curso2/ambientX/lib/python3.9/site-packages/airflow/example_dags/plugins/event_listener.py
[2025-01-26T10:48:03.317-0300] {processor.py:208} INFO - Processing /mnt/c/Users/ander/Desktop/airflow-spark/airflow-spark/curso2/ambientX/lib/python3.9/site-packages/airflow/example_dags/plugins/event_listener.py took 0.087 seconds
[2025-01-26T10:49:01.697-0300] {processor.py:186} INFO - Started process (PID=10714) to work on /mnt/c/Users/ander/Desktop/airflow-spark/airflow-spark/curso2/ambientX/lib/python3.9/site-packages/airflow/example_dags/plugins/event_listener.py
[2025-01-26T10:49:01.698-0300] {processor.py:914} INFO - Processing file /mnt/c/Users/ander/Desktop/airflow-spark/airflow-spark/curso2/ambientX/lib/python3.9/site-packages/airflow/example_dags/plugins/event_listener.py for tasks to queue
[2025-01-26T10:49:01.700-0300] {logging_mixin.py:190} INFO - [2025-01-26T10:49:01.700-0300] {dagbag.py:588} INFO - Filling up the DagBag from /mnt/c/Users/ander/Desktop/airflow-spark/airflow-spark/curso2/ambientX/lib/python3.9/site-packages/airflow/example_dags/plugins/event_listener.py
[2025-01-26T10:49:01.727-0300] {processor.py:927} WARNING - No viable dags retrieved from /mnt/c/Users/ander/Desktop/airflow-spark/airflow-spark/curso2/ambientX/lib/python3.9/site-packages/airflow/example_dags/plugins/event_listener.py
[2025-01-26T10:49:01.759-0300] {processor.py:208} INFO - Processing /mnt/c/Users/ander/Desktop/airflow-spark/airflow-spark/curso2/ambientX/lib/python3.9/site-packages/airflow/example_dags/plugins/event_listener.py took 0.081 seconds
[2025-01-26T10:49:59.911-0300] {processor.py:186} INFO - Started process (PID=11039) to work on /mnt/c/Users/ander/Desktop/airflow-spark/airflow-spark/curso2/ambientX/lib/python3.9/site-packages/airflow/example_dags/plugins/event_listener.py
[2025-01-26T10:49:59.914-0300] {processor.py:914} INFO - Processing file /mnt/c/Users/ander/Desktop/airflow-spark/airflow-spark/curso2/ambientX/lib/python3.9/site-packages/airflow/example_dags/plugins/event_listener.py for tasks to queue
[2025-01-26T10:49:59.917-0300] {logging_mixin.py:190} INFO - [2025-01-26T10:49:59.917-0300] {dagbag.py:588} INFO - Filling up the DagBag from /mnt/c/Users/ander/Desktop/airflow-spark/airflow-spark/curso2/ambientX/lib/python3.9/site-packages/airflow/example_dags/plugins/event_listener.py
[2025-01-26T10:49:59.953-0300] {processor.py:927} WARNING - No viable dags retrieved from /mnt/c/Users/ander/Desktop/airflow-spark/airflow-spark/curso2/ambientX/lib/python3.9/site-packages/airflow/example_dags/plugins/event_listener.py
[2025-01-26T10:49:59.990-0300] {processor.py:208} INFO - Processing /mnt/c/Users/ander/Desktop/airflow-spark/airflow-spark/curso2/ambientX/lib/python3.9/site-packages/airflow/example_dags/plugins/event_listener.py took 0.100 seconds
[2025-01-26T10:50:50.051-0300] {processor.py:186} INFO - Started process (PID=11248) to work on /mnt/c/Users/ander/Desktop/airflow-spark/airflow-spark/curso2/ambientX/lib/python3.9/site-packages/airflow/example_dags/plugins/event_listener.py
[2025-01-26T10:50:50.052-0300] {processor.py:914} INFO - Processing file /mnt/c/Users/ander/Desktop/airflow-spark/airflow-spark/curso2/ambientX/lib/python3.9/site-packages/airflow/example_dags/plugins/event_listener.py for tasks to queue
[2025-01-26T10:50:50.054-0300] {logging_mixin.py:190} INFO - [2025-01-26T10:50:50.054-0300] {dagbag.py:588} INFO - Filling up the DagBag from /mnt/c/Users/ander/Desktop/airflow-spark/airflow-spark/curso2/ambientX/lib/python3.9/site-packages/airflow/example_dags/plugins/event_listener.py
[2025-01-26T10:50:50.087-0300] {processor.py:927} WARNING - No viable dags retrieved from /mnt/c/Users/ander/Desktop/airflow-spark/airflow-spark/curso2/ambientX/lib/python3.9/site-packages/airflow/example_dags/plugins/event_listener.py
[2025-01-26T10:50:50.119-0300] {processor.py:208} INFO - Processing /mnt/c/Users/ander/Desktop/airflow-spark/airflow-spark/curso2/ambientX/lib/python3.9/site-packages/airflow/example_dags/plugins/event_listener.py took 0.093 seconds
[2025-01-26T10:51:46.401-0300] {processor.py:186} INFO - Started process (PID=11533) to work on /mnt/c/Users/ander/Desktop/airflow-spark/airflow-spark/curso2/ambientX/lib/python3.9/site-packages/airflow/example_dags/plugins/event_listener.py
[2025-01-26T10:51:46.403-0300] {processor.py:914} INFO - Processing file /mnt/c/Users/ander/Desktop/airflow-spark/airflow-spark/curso2/ambientX/lib/python3.9/site-packages/airflow/example_dags/plugins/event_listener.py for tasks to queue
[2025-01-26T10:51:46.405-0300] {logging_mixin.py:190} INFO - [2025-01-26T10:51:46.405-0300] {dagbag.py:588} INFO - Filling up the DagBag from /mnt/c/Users/ander/Desktop/airflow-spark/airflow-spark/curso2/ambientX/lib/python3.9/site-packages/airflow/example_dags/plugins/event_listener.py
[2025-01-26T10:51:46.434-0300] {processor.py:927} WARNING - No viable dags retrieved from /mnt/c/Users/ander/Desktop/airflow-spark/airflow-spark/curso2/ambientX/lib/python3.9/site-packages/airflow/example_dags/plugins/event_listener.py
[2025-01-26T10:51:46.466-0300] {processor.py:208} INFO - Processing /mnt/c/Users/ander/Desktop/airflow-spark/airflow-spark/curso2/ambientX/lib/python3.9/site-packages/airflow/example_dags/plugins/event_listener.py took 0.087 seconds
[2025-01-26T10:52:39.405-0300] {processor.py:186} INFO - Started process (PID=11758) to work on /mnt/c/Users/ander/Desktop/airflow-spark/airflow-spark/curso2/ambientX/lib/python3.9/site-packages/airflow/example_dags/plugins/event_listener.py
[2025-01-26T10:52:39.406-0300] {processor.py:914} INFO - Processing file /mnt/c/Users/ander/Desktop/airflow-spark/airflow-spark/curso2/ambientX/lib/python3.9/site-packages/airflow/example_dags/plugins/event_listener.py for tasks to queue
[2025-01-26T10:52:39.408-0300] {logging_mixin.py:190} INFO - [2025-01-26T10:52:39.408-0300] {dagbag.py:588} INFO - Filling up the DagBag from /mnt/c/Users/ander/Desktop/airflow-spark/airflow-spark/curso2/ambientX/lib/python3.9/site-packages/airflow/example_dags/plugins/event_listener.py
[2025-01-26T10:52:39.444-0300] {processor.py:927} WARNING - No viable dags retrieved from /mnt/c/Users/ander/Desktop/airflow-spark/airflow-spark/curso2/ambientX/lib/python3.9/site-packages/airflow/example_dags/plugins/event_listener.py
[2025-01-26T10:52:39.478-0300] {processor.py:208} INFO - Processing /mnt/c/Users/ander/Desktop/airflow-spark/airflow-spark/curso2/ambientX/lib/python3.9/site-packages/airflow/example_dags/plugins/event_listener.py took 0.094 seconds
[2025-01-26T10:53:37.997-0300] {processor.py:186} INFO - Started process (PID=11990) to work on /mnt/c/Users/ander/Desktop/airflow-spark/airflow-spark/curso2/ambientX/lib/python3.9/site-packages/airflow/example_dags/plugins/event_listener.py
[2025-01-26T10:53:38.000-0300] {processor.py:914} INFO - Processing file /mnt/c/Users/ander/Desktop/airflow-spark/airflow-spark/curso2/ambientX/lib/python3.9/site-packages/airflow/example_dags/plugins/event_listener.py for tasks to queue
[2025-01-26T10:53:38.002-0300] {logging_mixin.py:190} INFO - [2025-01-26T10:53:38.002-0300] {dagbag.py:588} INFO - Filling up the DagBag from /mnt/c/Users/ander/Desktop/airflow-spark/airflow-spark/curso2/ambientX/lib/python3.9/site-packages/airflow/example_dags/plugins/event_listener.py
[2025-01-26T10:53:38.028-0300] {processor.py:927} WARNING - No viable dags retrieved from /mnt/c/Users/ander/Desktop/airflow-spark/airflow-spark/curso2/ambientX/lib/python3.9/site-packages/airflow/example_dags/plugins/event_listener.py
[2025-01-26T10:53:38.060-0300] {processor.py:208} INFO - Processing /mnt/c/Users/ander/Desktop/airflow-spark/airflow-spark/curso2/ambientX/lib/python3.9/site-packages/airflow/example_dags/plugins/event_listener.py took 0.083 seconds
[2025-01-26T10:54:35.519-0300] {processor.py:186} INFO - Started process (PID=12161) to work on /mnt/c/Users/ander/Desktop/airflow-spark/airflow-spark/curso2/ambientX/lib/python3.9/site-packages/airflow/example_dags/plugins/event_listener.py
[2025-01-26T10:54:35.520-0300] {processor.py:914} INFO - Processing file /mnt/c/Users/ander/Desktop/airflow-spark/airflow-spark/curso2/ambientX/lib/python3.9/site-packages/airflow/example_dags/plugins/event_listener.py for tasks to queue
[2025-01-26T10:54:35.522-0300] {logging_mixin.py:190} INFO - [2025-01-26T10:54:35.522-0300] {dagbag.py:588} INFO - Filling up the DagBag from /mnt/c/Users/ander/Desktop/airflow-spark/airflow-spark/curso2/ambientX/lib/python3.9/site-packages/airflow/example_dags/plugins/event_listener.py
[2025-01-26T10:54:35.556-0300] {processor.py:927} WARNING - No viable dags retrieved from /mnt/c/Users/ander/Desktop/airflow-spark/airflow-spark/curso2/ambientX/lib/python3.9/site-packages/airflow/example_dags/plugins/event_listener.py
[2025-01-26T10:54:35.583-0300] {processor.py:208} INFO - Processing /mnt/c/Users/ander/Desktop/airflow-spark/airflow-spark/curso2/ambientX/lib/python3.9/site-packages/airflow/example_dags/plugins/event_listener.py took 0.080 seconds
[2025-01-26T10:55:30.581-0300] {processor.py:186} INFO - Started process (PID=12395) to work on /mnt/c/Users/ander/Desktop/airflow-spark/airflow-spark/curso2/ambientX/lib/python3.9/site-packages/airflow/example_dags/plugins/event_listener.py
[2025-01-26T10:55:30.584-0300] {processor.py:914} INFO - Processing file /mnt/c/Users/ander/Desktop/airflow-spark/airflow-spark/curso2/ambientX/lib/python3.9/site-packages/airflow/example_dags/plugins/event_listener.py for tasks to queue
[2025-01-26T10:55:30.586-0300] {logging_mixin.py:190} INFO - [2025-01-26T10:55:30.585-0300] {dagbag.py:588} INFO - Filling up the DagBag from /mnt/c/Users/ander/Desktop/airflow-spark/airflow-spark/curso2/ambientX/lib/python3.9/site-packages/airflow/example_dags/plugins/event_listener.py
[2025-01-26T10:55:30.616-0300] {processor.py:927} WARNING - No viable dags retrieved from /mnt/c/Users/ander/Desktop/airflow-spark/airflow-spark/curso2/ambientX/lib/python3.9/site-packages/airflow/example_dags/plugins/event_listener.py
[2025-01-26T10:55:30.650-0300] {processor.py:208} INFO - Processing /mnt/c/Users/ander/Desktop/airflow-spark/airflow-spark/curso2/ambientX/lib/python3.9/site-packages/airflow/example_dags/plugins/event_listener.py took 0.092 seconds
[2025-01-26T10:56:24.064-0300] {processor.py:186} INFO - Started process (PID=12615) to work on /mnt/c/Users/ander/Desktop/airflow-spark/airflow-spark/curso2/ambientX/lib/python3.9/site-packages/airflow/example_dags/plugins/event_listener.py
[2025-01-26T10:56:24.066-0300] {processor.py:914} INFO - Processing file /mnt/c/Users/ander/Desktop/airflow-spark/airflow-spark/curso2/ambientX/lib/python3.9/site-packages/airflow/example_dags/plugins/event_listener.py for tasks to queue
[2025-01-26T10:56:24.068-0300] {logging_mixin.py:190} INFO - [2025-01-26T10:56:24.067-0300] {dagbag.py:588} INFO - Filling up the DagBag from /mnt/c/Users/ander/Desktop/airflow-spark/airflow-spark/curso2/ambientX/lib/python3.9/site-packages/airflow/example_dags/plugins/event_listener.py
[2025-01-26T10:56:24.095-0300] {processor.py:927} WARNING - No viable dags retrieved from /mnt/c/Users/ander/Desktop/airflow-spark/airflow-spark/curso2/ambientX/lib/python3.9/site-packages/airflow/example_dags/plugins/event_listener.py
[2025-01-26T10:56:24.128-0300] {processor.py:208} INFO - Processing /mnt/c/Users/ander/Desktop/airflow-spark/airflow-spark/curso2/ambientX/lib/python3.9/site-packages/airflow/example_dags/plugins/event_listener.py took 0.085 seconds
[2025-01-26T10:57:17.435-0300] {processor.py:186} INFO - Started process (PID=12907) to work on /mnt/c/Users/ander/Desktop/airflow-spark/airflow-spark/curso2/ambientX/lib/python3.9/site-packages/airflow/example_dags/plugins/event_listener.py
[2025-01-26T10:57:17.437-0300] {processor.py:914} INFO - Processing file /mnt/c/Users/ander/Desktop/airflow-spark/airflow-spark/curso2/ambientX/lib/python3.9/site-packages/airflow/example_dags/plugins/event_listener.py for tasks to queue
[2025-01-26T10:57:17.440-0300] {logging_mixin.py:190} INFO - [2025-01-26T10:57:17.439-0300] {dagbag.py:588} INFO - Filling up the DagBag from /mnt/c/Users/ander/Desktop/airflow-spark/airflow-spark/curso2/ambientX/lib/python3.9/site-packages/airflow/example_dags/plugins/event_listener.py
[2025-01-26T10:57:17.468-0300] {processor.py:927} WARNING - No viable dags retrieved from /mnt/c/Users/ander/Desktop/airflow-spark/airflow-spark/curso2/ambientX/lib/python3.9/site-packages/airflow/example_dags/plugins/event_listener.py
[2025-01-26T10:57:17.499-0300] {processor.py:208} INFO - Processing /mnt/c/Users/ander/Desktop/airflow-spark/airflow-spark/curso2/ambientX/lib/python3.9/site-packages/airflow/example_dags/plugins/event_listener.py took 0.089 seconds
[2025-01-26T10:58:14.608-0300] {processor.py:186} INFO - Started process (PID=13139) to work on /mnt/c/Users/ander/Desktop/airflow-spark/airflow-spark/curso2/ambientX/lib/python3.9/site-packages/airflow/example_dags/plugins/event_listener.py
[2025-01-26T10:58:14.610-0300] {processor.py:914} INFO - Processing file /mnt/c/Users/ander/Desktop/airflow-spark/airflow-spark/curso2/ambientX/lib/python3.9/site-packages/airflow/example_dags/plugins/event_listener.py for tasks to queue
[2025-01-26T10:58:14.612-0300] {logging_mixin.py:190} INFO - [2025-01-26T10:58:14.611-0300] {dagbag.py:588} INFO - Filling up the DagBag from /mnt/c/Users/ander/Desktop/airflow-spark/airflow-spark/curso2/ambientX/lib/python3.9/site-packages/airflow/example_dags/plugins/event_listener.py
[2025-01-26T10:58:14.638-0300] {processor.py:927} WARNING - No viable dags retrieved from /mnt/c/Users/ander/Desktop/airflow-spark/airflow-spark/curso2/ambientX/lib/python3.9/site-packages/airflow/example_dags/plugins/event_listener.py
[2025-01-26T10:58:14.667-0300] {processor.py:208} INFO - Processing /mnt/c/Users/ander/Desktop/airflow-spark/airflow-spark/curso2/ambientX/lib/python3.9/site-packages/airflow/example_dags/plugins/event_listener.py took 0.077 seconds
[2025-01-26T10:59:14.347-0300] {processor.py:186} INFO - Started process (PID=13442) to work on /mnt/c/Users/ander/Desktop/airflow-spark/airflow-spark/curso2/ambientX/lib/python3.9/site-packages/airflow/example_dags/plugins/event_listener.py
[2025-01-26T10:59:14.348-0300] {processor.py:914} INFO - Processing file /mnt/c/Users/ander/Desktop/airflow-spark/airflow-spark/curso2/ambientX/lib/python3.9/site-packages/airflow/example_dags/plugins/event_listener.py for tasks to queue
[2025-01-26T10:59:14.350-0300] {logging_mixin.py:190} INFO - [2025-01-26T10:59:14.350-0300] {dagbag.py:588} INFO - Filling up the DagBag from /mnt/c/Users/ander/Desktop/airflow-spark/airflow-spark/curso2/ambientX/lib/python3.9/site-packages/airflow/example_dags/plugins/event_listener.py
[2025-01-26T10:59:14.375-0300] {processor.py:927} WARNING - No viable dags retrieved from /mnt/c/Users/ander/Desktop/airflow-spark/airflow-spark/curso2/ambientX/lib/python3.9/site-packages/airflow/example_dags/plugins/event_listener.py
[2025-01-26T10:59:14.410-0300] {processor.py:208} INFO - Processing /mnt/c/Users/ander/Desktop/airflow-spark/airflow-spark/curso2/ambientX/lib/python3.9/site-packages/airflow/example_dags/plugins/event_listener.py took 0.081 seconds
[2025-01-26T11:00:10.214-0300] {processor.py:186} INFO - Started process (PID=13706) to work on /mnt/c/Users/ander/Desktop/airflow-spark/airflow-spark/curso2/ambientX/lib/python3.9/site-packages/airflow/example_dags/plugins/event_listener.py
[2025-01-26T11:00:10.216-0300] {processor.py:914} INFO - Processing file /mnt/c/Users/ander/Desktop/airflow-spark/airflow-spark/curso2/ambientX/lib/python3.9/site-packages/airflow/example_dags/plugins/event_listener.py for tasks to queue
[2025-01-26T11:00:10.218-0300] {logging_mixin.py:190} INFO - [2025-01-26T11:00:10.218-0300] {dagbag.py:588} INFO - Filling up the DagBag from /mnt/c/Users/ander/Desktop/airflow-spark/airflow-spark/curso2/ambientX/lib/python3.9/site-packages/airflow/example_dags/plugins/event_listener.py
[2025-01-26T11:00:10.264-0300] {processor.py:927} WARNING - No viable dags retrieved from /mnt/c/Users/ander/Desktop/airflow-spark/airflow-spark/curso2/ambientX/lib/python3.9/site-packages/airflow/example_dags/plugins/event_listener.py
[2025-01-26T11:00:10.334-0300] {processor.py:208} INFO - Processing /mnt/c/Users/ander/Desktop/airflow-spark/airflow-spark/curso2/ambientX/lib/python3.9/site-packages/airflow/example_dags/plugins/event_listener.py took 0.137 seconds
[2025-01-26T11:01:10.625-0300] {processor.py:186} INFO - Started process (PID=14021) to work on /mnt/c/Users/ander/Desktop/airflow-spark/airflow-spark/curso2/ambientX/lib/python3.9/site-packages/airflow/example_dags/plugins/event_listener.py
[2025-01-26T11:01:10.627-0300] {processor.py:914} INFO - Processing file /mnt/c/Users/ander/Desktop/airflow-spark/airflow-spark/curso2/ambientX/lib/python3.9/site-packages/airflow/example_dags/plugins/event_listener.py for tasks to queue
[2025-01-26T11:01:10.630-0300] {logging_mixin.py:190} INFO - [2025-01-26T11:01:10.630-0300] {dagbag.py:588} INFO - Filling up the DagBag from /mnt/c/Users/ander/Desktop/airflow-spark/airflow-spark/curso2/ambientX/lib/python3.9/site-packages/airflow/example_dags/plugins/event_listener.py
[2025-01-26T11:01:10.667-0300] {processor.py:927} WARNING - No viable dags retrieved from /mnt/c/Users/ander/Desktop/airflow-spark/airflow-spark/curso2/ambientX/lib/python3.9/site-packages/airflow/example_dags/plugins/event_listener.py
[2025-01-26T11:01:10.697-0300] {processor.py:208} INFO - Processing /mnt/c/Users/ander/Desktop/airflow-spark/airflow-spark/curso2/ambientX/lib/python3.9/site-packages/airflow/example_dags/plugins/event_listener.py took 0.088 seconds
[2025-01-26T11:02:08.049-0300] {processor.py:186} INFO - Started process (PID=14254) to work on /mnt/c/Users/ander/Desktop/airflow-spark/airflow-spark/curso2/ambientX/lib/python3.9/site-packages/airflow/example_dags/plugins/event_listener.py
[2025-01-26T11:02:08.051-0300] {processor.py:914} INFO - Processing file /mnt/c/Users/ander/Desktop/airflow-spark/airflow-spark/curso2/ambientX/lib/python3.9/site-packages/airflow/example_dags/plugins/event_listener.py for tasks to queue
[2025-01-26T11:02:08.055-0300] {logging_mixin.py:190} INFO - [2025-01-26T11:02:08.055-0300] {dagbag.py:588} INFO - Filling up the DagBag from /mnt/c/Users/ander/Desktop/airflow-spark/airflow-spark/curso2/ambientX/lib/python3.9/site-packages/airflow/example_dags/plugins/event_listener.py
[2025-01-26T11:02:08.089-0300] {processor.py:927} WARNING - No viable dags retrieved from /mnt/c/Users/ander/Desktop/airflow-spark/airflow-spark/curso2/ambientX/lib/python3.9/site-packages/airflow/example_dags/plugins/event_listener.py
[2025-01-26T11:02:08.123-0300] {processor.py:208} INFO - Processing /mnt/c/Users/ander/Desktop/airflow-spark/airflow-spark/curso2/ambientX/lib/python3.9/site-packages/airflow/example_dags/plugins/event_listener.py took 0.092 seconds
[2025-01-26T11:03:02.718-0300] {processor.py:186} INFO - Started process (PID=14992) to work on /mnt/c/Users/ander/Desktop/airflow-spark/airflow-spark/curso2/ambientX/lib/python3.9/site-packages/airflow/example_dags/plugins/event_listener.py
[2025-01-26T11:03:02.720-0300] {processor.py:914} INFO - Processing file /mnt/c/Users/ander/Desktop/airflow-spark/airflow-spark/curso2/ambientX/lib/python3.9/site-packages/airflow/example_dags/plugins/event_listener.py for tasks to queue
[2025-01-26T11:03:02.722-0300] {logging_mixin.py:190} INFO - [2025-01-26T11:03:02.721-0300] {dagbag.py:588} INFO - Filling up the DagBag from /mnt/c/Users/ander/Desktop/airflow-spark/airflow-spark/curso2/ambientX/lib/python3.9/site-packages/airflow/example_dags/plugins/event_listener.py
[2025-01-26T11:03:02.748-0300] {processor.py:927} WARNING - No viable dags retrieved from /mnt/c/Users/ander/Desktop/airflow-spark/airflow-spark/curso2/ambientX/lib/python3.9/site-packages/airflow/example_dags/plugins/event_listener.py
[2025-01-26T11:03:02.780-0300] {processor.py:208} INFO - Processing /mnt/c/Users/ander/Desktop/airflow-spark/airflow-spark/curso2/ambientX/lib/python3.9/site-packages/airflow/example_dags/plugins/event_listener.py took 0.081 seconds
[2025-01-26T11:03:59.852-0300] {processor.py:186} INFO - Started process (PID=15222) to work on /mnt/c/Users/ander/Desktop/airflow-spark/airflow-spark/curso2/ambientX/lib/python3.9/site-packages/airflow/example_dags/plugins/event_listener.py
[2025-01-26T11:03:59.854-0300] {processor.py:914} INFO - Processing file /mnt/c/Users/ander/Desktop/airflow-spark/airflow-spark/curso2/ambientX/lib/python3.9/site-packages/airflow/example_dags/plugins/event_listener.py for tasks to queue
[2025-01-26T11:03:59.856-0300] {logging_mixin.py:190} INFO - [2025-01-26T11:03:59.856-0300] {dagbag.py:588} INFO - Filling up the DagBag from /mnt/c/Users/ander/Desktop/airflow-spark/airflow-spark/curso2/ambientX/lib/python3.9/site-packages/airflow/example_dags/plugins/event_listener.py
[2025-01-26T11:03:59.889-0300] {processor.py:927} WARNING - No viable dags retrieved from /mnt/c/Users/ander/Desktop/airflow-spark/airflow-spark/curso2/ambientX/lib/python3.9/site-packages/airflow/example_dags/plugins/event_listener.py
[2025-01-26T11:03:59.919-0300] {processor.py:208} INFO - Processing /mnt/c/Users/ander/Desktop/airflow-spark/airflow-spark/curso2/ambientX/lib/python3.9/site-packages/airflow/example_dags/plugins/event_listener.py took 0.085 seconds
[2025-01-26T11:04:51.077-0300] {processor.py:186} INFO - Started process (PID=15447) to work on /mnt/c/Users/ander/Desktop/airflow-spark/airflow-spark/curso2/ambientX/lib/python3.9/site-packages/airflow/example_dags/plugins/event_listener.py
[2025-01-26T11:04:51.078-0300] {processor.py:914} INFO - Processing file /mnt/c/Users/ander/Desktop/airflow-spark/airflow-spark/curso2/ambientX/lib/python3.9/site-packages/airflow/example_dags/plugins/event_listener.py for tasks to queue
[2025-01-26T11:04:51.080-0300] {logging_mixin.py:190} INFO - [2025-01-26T11:04:51.080-0300] {dagbag.py:588} INFO - Filling up the DagBag from /mnt/c/Users/ander/Desktop/airflow-spark/airflow-spark/curso2/ambientX/lib/python3.9/site-packages/airflow/example_dags/plugins/event_listener.py
[2025-01-26T11:04:51.106-0300] {processor.py:927} WARNING - No viable dags retrieved from /mnt/c/Users/ander/Desktop/airflow-spark/airflow-spark/curso2/ambientX/lib/python3.9/site-packages/airflow/example_dags/plugins/event_listener.py
[2025-01-26T11:04:51.135-0300] {processor.py:208} INFO - Processing /mnt/c/Users/ander/Desktop/airflow-spark/airflow-spark/curso2/ambientX/lib/python3.9/site-packages/airflow/example_dags/plugins/event_listener.py took 0.077 seconds
[2025-01-26T11:05:42.381-0300] {processor.py:186} INFO - Started process (PID=15604) to work on /mnt/c/Users/ander/Desktop/airflow-spark/airflow-spark/curso2/ambientX/lib/python3.9/site-packages/airflow/example_dags/plugins/event_listener.py
[2025-01-26T11:05:42.382-0300] {processor.py:914} INFO - Processing file /mnt/c/Users/ander/Desktop/airflow-spark/airflow-spark/curso2/ambientX/lib/python3.9/site-packages/airflow/example_dags/plugins/event_listener.py for tasks to queue
[2025-01-26T11:05:42.384-0300] {logging_mixin.py:190} INFO - [2025-01-26T11:05:42.384-0300] {dagbag.py:588} INFO - Filling up the DagBag from /mnt/c/Users/ander/Desktop/airflow-spark/airflow-spark/curso2/ambientX/lib/python3.9/site-packages/airflow/example_dags/plugins/event_listener.py
[2025-01-26T11:05:42.411-0300] {processor.py:927} WARNING - No viable dags retrieved from /mnt/c/Users/ander/Desktop/airflow-spark/airflow-spark/curso2/ambientX/lib/python3.9/site-packages/airflow/example_dags/plugins/event_listener.py
[2025-01-26T11:05:42.442-0300] {processor.py:208} INFO - Processing /mnt/c/Users/ander/Desktop/airflow-spark/airflow-spark/curso2/ambientX/lib/python3.9/site-packages/airflow/example_dags/plugins/event_listener.py took 0.080 seconds
[2025-01-26T11:06:30.268-0300] {processor.py:186} INFO - Started process (PID=15823) to work on /mnt/c/Users/ander/Desktop/airflow-spark/airflow-spark/curso2/ambientX/lib/python3.9/site-packages/airflow/example_dags/plugins/event_listener.py
[2025-01-26T11:06:30.269-0300] {processor.py:914} INFO - Processing file /mnt/c/Users/ander/Desktop/airflow-spark/airflow-spark/curso2/ambientX/lib/python3.9/site-packages/airflow/example_dags/plugins/event_listener.py for tasks to queue
[2025-01-26T11:06:30.271-0300] {logging_mixin.py:190} INFO - [2025-01-26T11:06:30.271-0300] {dagbag.py:588} INFO - Filling up the DagBag from /mnt/c/Users/ander/Desktop/airflow-spark/airflow-spark/curso2/ambientX/lib/python3.9/site-packages/airflow/example_dags/plugins/event_listener.py
[2025-01-26T11:06:30.297-0300] {processor.py:927} WARNING - No viable dags retrieved from /mnt/c/Users/ander/Desktop/airflow-spark/airflow-spark/curso2/ambientX/lib/python3.9/site-packages/airflow/example_dags/plugins/event_listener.py
[2025-01-26T11:06:30.324-0300] {processor.py:208} INFO - Processing /mnt/c/Users/ander/Desktop/airflow-spark/airflow-spark/curso2/ambientX/lib/python3.9/site-packages/airflow/example_dags/plugins/event_listener.py took 0.076 seconds
[2025-01-26T11:07:24.128-0300] {processor.py:186} INFO - Started process (PID=16045) to work on /mnt/c/Users/ander/Desktop/airflow-spark/airflow-spark/curso2/ambientX/lib/python3.9/site-packages/airflow/example_dags/plugins/event_listener.py
[2025-01-26T11:07:24.130-0300] {processor.py:914} INFO - Processing file /mnt/c/Users/ander/Desktop/airflow-spark/airflow-spark/curso2/ambientX/lib/python3.9/site-packages/airflow/example_dags/plugins/event_listener.py for tasks to queue
[2025-01-26T11:07:24.132-0300] {logging_mixin.py:190} INFO - [2025-01-26T11:07:24.131-0300] {dagbag.py:588} INFO - Filling up the DagBag from /mnt/c/Users/ander/Desktop/airflow-spark/airflow-spark/curso2/ambientX/lib/python3.9/site-packages/airflow/example_dags/plugins/event_listener.py
[2025-01-26T11:07:24.155-0300] {processor.py:927} WARNING - No viable dags retrieved from /mnt/c/Users/ander/Desktop/airflow-spark/airflow-spark/curso2/ambientX/lib/python3.9/site-packages/airflow/example_dags/plugins/event_listener.py
[2025-01-26T11:07:24.186-0300] {processor.py:208} INFO - Processing /mnt/c/Users/ander/Desktop/airflow-spark/airflow-spark/curso2/ambientX/lib/python3.9/site-packages/airflow/example_dags/plugins/event_listener.py took 0.076 seconds
[2025-01-26T11:08:13.796-0300] {processor.py:186} INFO - Started process (PID=16323) to work on /mnt/c/Users/ander/Desktop/airflow-spark/airflow-spark/curso2/ambientX/lib/python3.9/site-packages/airflow/example_dags/plugins/event_listener.py
[2025-01-26T11:08:13.797-0300] {processor.py:914} INFO - Processing file /mnt/c/Users/ander/Desktop/airflow-spark/airflow-spark/curso2/ambientX/lib/python3.9/site-packages/airflow/example_dags/plugins/event_listener.py for tasks to queue
[2025-01-26T11:08:13.799-0300] {logging_mixin.py:190} INFO - [2025-01-26T11:08:13.799-0300] {dagbag.py:588} INFO - Filling up the DagBag from /mnt/c/Users/ander/Desktop/airflow-spark/airflow-spark/curso2/ambientX/lib/python3.9/site-packages/airflow/example_dags/plugins/event_listener.py
[2025-01-26T11:08:13.821-0300] {processor.py:927} WARNING - No viable dags retrieved from /mnt/c/Users/ander/Desktop/airflow-spark/airflow-spark/curso2/ambientX/lib/python3.9/site-packages/airflow/example_dags/plugins/event_listener.py
[2025-01-26T11:08:13.850-0300] {processor.py:208} INFO - Processing /mnt/c/Users/ander/Desktop/airflow-spark/airflow-spark/curso2/ambientX/lib/python3.9/site-packages/airflow/example_dags/plugins/event_listener.py took 0.071 seconds
[2025-01-26T11:09:07.257-0300] {processor.py:186} INFO - Started process (PID=16548) to work on /mnt/c/Users/ander/Desktop/airflow-spark/airflow-spark/curso2/ambientX/lib/python3.9/site-packages/airflow/example_dags/plugins/event_listener.py
[2025-01-26T11:09:07.258-0300] {processor.py:914} INFO - Processing file /mnt/c/Users/ander/Desktop/airflow-spark/airflow-spark/curso2/ambientX/lib/python3.9/site-packages/airflow/example_dags/plugins/event_listener.py for tasks to queue
[2025-01-26T11:09:07.260-0300] {logging_mixin.py:190} INFO - [2025-01-26T11:09:07.260-0300] {dagbag.py:588} INFO - Filling up the DagBag from /mnt/c/Users/ander/Desktop/airflow-spark/airflow-spark/curso2/ambientX/lib/python3.9/site-packages/airflow/example_dags/plugins/event_listener.py
[2025-01-26T11:09:07.286-0300] {processor.py:927} WARNING - No viable dags retrieved from /mnt/c/Users/ander/Desktop/airflow-spark/airflow-spark/curso2/ambientX/lib/python3.9/site-packages/airflow/example_dags/plugins/event_listener.py
[2025-01-26T11:09:07.315-0300] {processor.py:208} INFO - Processing /mnt/c/Users/ander/Desktop/airflow-spark/airflow-spark/curso2/ambientX/lib/python3.9/site-packages/airflow/example_dags/plugins/event_listener.py took 0.074 seconds
[2025-01-26T11:09:56.897-0300] {processor.py:186} INFO - Started process (PID=16771) to work on /mnt/c/Users/ander/Desktop/airflow-spark/airflow-spark/curso2/ambientX/lib/python3.9/site-packages/airflow/example_dags/plugins/event_listener.py
[2025-01-26T11:09:56.898-0300] {processor.py:914} INFO - Processing file /mnt/c/Users/ander/Desktop/airflow-spark/airflow-spark/curso2/ambientX/lib/python3.9/site-packages/airflow/example_dags/plugins/event_listener.py for tasks to queue
[2025-01-26T11:09:56.900-0300] {logging_mixin.py:190} INFO - [2025-01-26T11:09:56.900-0300] {dagbag.py:588} INFO - Filling up the DagBag from /mnt/c/Users/ander/Desktop/airflow-spark/airflow-spark/curso2/ambientX/lib/python3.9/site-packages/airflow/example_dags/plugins/event_listener.py
[2025-01-26T11:09:56.926-0300] {processor.py:927} WARNING - No viable dags retrieved from /mnt/c/Users/ander/Desktop/airflow-spark/airflow-spark/curso2/ambientX/lib/python3.9/site-packages/airflow/example_dags/plugins/event_listener.py
[2025-01-26T11:09:56.960-0300] {processor.py:208} INFO - Processing /mnt/c/Users/ander/Desktop/airflow-spark/airflow-spark/curso2/ambientX/lib/python3.9/site-packages/airflow/example_dags/plugins/event_listener.py took 0.081 seconds
[2025-01-26T11:10:53.274-0300] {processor.py:186} INFO - Started process (PID=16966) to work on /mnt/c/Users/ander/Desktop/airflow-spark/airflow-spark/curso2/ambientX/lib/python3.9/site-packages/airflow/example_dags/plugins/event_listener.py
[2025-01-26T11:10:53.286-0300] {processor.py:914} INFO - Processing file /mnt/c/Users/ander/Desktop/airflow-spark/airflow-spark/curso2/ambientX/lib/python3.9/site-packages/airflow/example_dags/plugins/event_listener.py for tasks to queue
[2025-01-26T11:10:53.289-0300] {logging_mixin.py:190} INFO - [2025-01-26T11:10:53.288-0300] {dagbag.py:588} INFO - Filling up the DagBag from /mnt/c/Users/ander/Desktop/airflow-spark/airflow-spark/curso2/ambientX/lib/python3.9/site-packages/airflow/example_dags/plugins/event_listener.py
[2025-01-26T11:10:53.350-0300] {processor.py:927} WARNING - No viable dags retrieved from /mnt/c/Users/ander/Desktop/airflow-spark/airflow-spark/curso2/ambientX/lib/python3.9/site-packages/airflow/example_dags/plugins/event_listener.py
[2025-01-26T11:10:53.382-0300] {processor.py:208} INFO - Processing /mnt/c/Users/ander/Desktop/airflow-spark/airflow-spark/curso2/ambientX/lib/python3.9/site-packages/airflow/example_dags/plugins/event_listener.py took 0.126 seconds
[2025-01-26T11:12:15.686-0300] {processor.py:186} INFO - Started process (PID=17304) to work on /mnt/c/Users/ander/Desktop/airflow-spark/airflow-spark/curso2/ambientX/lib/python3.9/site-packages/airflow/example_dags/plugins/event_listener.py
[2025-01-26T11:12:15.688-0300] {processor.py:914} INFO - Processing file /mnt/c/Users/ander/Desktop/airflow-spark/airflow-spark/curso2/ambientX/lib/python3.9/site-packages/airflow/example_dags/plugins/event_listener.py for tasks to queue
[2025-01-26T11:12:15.690-0300] {logging_mixin.py:190} INFO - [2025-01-26T11:12:15.690-0300] {dagbag.py:588} INFO - Filling up the DagBag from /mnt/c/Users/ander/Desktop/airflow-spark/airflow-spark/curso2/ambientX/lib/python3.9/site-packages/airflow/example_dags/plugins/event_listener.py
[2025-01-26T11:12:15.714-0300] {processor.py:927} WARNING - No viable dags retrieved from /mnt/c/Users/ander/Desktop/airflow-spark/airflow-spark/curso2/ambientX/lib/python3.9/site-packages/airflow/example_dags/plugins/event_listener.py
[2025-01-26T11:12:15.744-0300] {processor.py:208} INFO - Processing /mnt/c/Users/ander/Desktop/airflow-spark/airflow-spark/curso2/ambientX/lib/python3.9/site-packages/airflow/example_dags/plugins/event_listener.py took 0.076 seconds
[2025-01-26T11:14:10.701-0300] {processor.py:186} INFO - Started process (PID=17870) to work on /mnt/c/Users/ander/Desktop/airflow-spark/airflow-spark/curso2/ambientX/lib/python3.9/site-packages/airflow/example_dags/plugins/event_listener.py
[2025-01-26T11:14:10.703-0300] {processor.py:914} INFO - Processing file /mnt/c/Users/ander/Desktop/airflow-spark/airflow-spark/curso2/ambientX/lib/python3.9/site-packages/airflow/example_dags/plugins/event_listener.py for tasks to queue
[2025-01-26T11:14:10.705-0300] {logging_mixin.py:190} INFO - [2025-01-26T11:14:10.705-0300] {dagbag.py:588} INFO - Filling up the DagBag from /mnt/c/Users/ander/Desktop/airflow-spark/airflow-spark/curso2/ambientX/lib/python3.9/site-packages/airflow/example_dags/plugins/event_listener.py
[2025-01-26T11:14:10.733-0300] {processor.py:927} WARNING - No viable dags retrieved from /mnt/c/Users/ander/Desktop/airflow-spark/airflow-spark/curso2/ambientX/lib/python3.9/site-packages/airflow/example_dags/plugins/event_listener.py
[2025-01-26T11:14:10.766-0300] {processor.py:208} INFO - Processing /mnt/c/Users/ander/Desktop/airflow-spark/airflow-spark/curso2/ambientX/lib/python3.9/site-packages/airflow/example_dags/plugins/event_listener.py took 0.086 seconds
[2025-01-26T11:16:03.782-0300] {processor.py:186} INFO - Started process (PID=18449) to work on /mnt/c/Users/ander/Desktop/airflow-spark/airflow-spark/curso2/ambientX/lib/python3.9/site-packages/airflow/example_dags/plugins/event_listener.py
[2025-01-26T11:16:03.783-0300] {processor.py:914} INFO - Processing file /mnt/c/Users/ander/Desktop/airflow-spark/airflow-spark/curso2/ambientX/lib/python3.9/site-packages/airflow/example_dags/plugins/event_listener.py for tasks to queue
[2025-01-26T11:16:03.785-0300] {logging_mixin.py:190} INFO - [2025-01-26T11:16:03.785-0300] {dagbag.py:588} INFO - Filling up the DagBag from /mnt/c/Users/ander/Desktop/airflow-spark/airflow-spark/curso2/ambientX/lib/python3.9/site-packages/airflow/example_dags/plugins/event_listener.py
[2025-01-26T11:16:03.819-0300] {processor.py:927} WARNING - No viable dags retrieved from /mnt/c/Users/ander/Desktop/airflow-spark/airflow-spark/curso2/ambientX/lib/python3.9/site-packages/airflow/example_dags/plugins/event_listener.py
[2025-01-26T11:16:03.856-0300] {processor.py:208} INFO - Processing /mnt/c/Users/ander/Desktop/airflow-spark/airflow-spark/curso2/ambientX/lib/python3.9/site-packages/airflow/example_dags/plugins/event_listener.py took 0.093 seconds
[2025-01-26T11:17:48.065-0300] {processor.py:186} INFO - Started process (PID=18880) to work on /mnt/c/Users/ander/Desktop/airflow-spark/airflow-spark/curso2/ambientX/lib/python3.9/site-packages/airflow/example_dags/plugins/event_listener.py
[2025-01-26T11:17:48.066-0300] {processor.py:914} INFO - Processing file /mnt/c/Users/ander/Desktop/airflow-spark/airflow-spark/curso2/ambientX/lib/python3.9/site-packages/airflow/example_dags/plugins/event_listener.py for tasks to queue
[2025-01-26T11:17:48.068-0300] {logging_mixin.py:190} INFO - [2025-01-26T11:17:48.068-0300] {dagbag.py:588} INFO - Filling up the DagBag from /mnt/c/Users/ander/Desktop/airflow-spark/airflow-spark/curso2/ambientX/lib/python3.9/site-packages/airflow/example_dags/plugins/event_listener.py
[2025-01-26T11:17:48.090-0300] {processor.py:927} WARNING - No viable dags retrieved from /mnt/c/Users/ander/Desktop/airflow-spark/airflow-spark/curso2/ambientX/lib/python3.9/site-packages/airflow/example_dags/plugins/event_listener.py
[2025-01-26T11:17:48.117-0300] {processor.py:208} INFO - Processing /mnt/c/Users/ander/Desktop/airflow-spark/airflow-spark/curso2/ambientX/lib/python3.9/site-packages/airflow/example_dags/plugins/event_listener.py took 0.067 seconds
[2025-01-26T11:19:17.249-0300] {processor.py:186} INFO - Started process (PID=19323) to work on /mnt/c/Users/ander/Desktop/airflow-spark/airflow-spark/curso2/ambientX/lib/python3.9/site-packages/airflow/example_dags/plugins/event_listener.py
[2025-01-26T11:19:17.250-0300] {processor.py:914} INFO - Processing file /mnt/c/Users/ander/Desktop/airflow-spark/airflow-spark/curso2/ambientX/lib/python3.9/site-packages/airflow/example_dags/plugins/event_listener.py for tasks to queue
[2025-01-26T11:19:17.252-0300] {logging_mixin.py:190} INFO - [2025-01-26T11:19:17.252-0300] {dagbag.py:588} INFO - Filling up the DagBag from /mnt/c/Users/ander/Desktop/airflow-spark/airflow-spark/curso2/ambientX/lib/python3.9/site-packages/airflow/example_dags/plugins/event_listener.py
[2025-01-26T11:19:17.276-0300] {processor.py:927} WARNING - No viable dags retrieved from /mnt/c/Users/ander/Desktop/airflow-spark/airflow-spark/curso2/ambientX/lib/python3.9/site-packages/airflow/example_dags/plugins/event_listener.py
[2025-01-26T11:19:17.305-0300] {processor.py:208} INFO - Processing /mnt/c/Users/ander/Desktop/airflow-spark/airflow-spark/curso2/ambientX/lib/python3.9/site-packages/airflow/example_dags/plugins/event_listener.py took 0.074 seconds
[2025-01-26T11:21:13.213-0300] {processor.py:186} INFO - Started process (PID=19783) to work on /mnt/c/Users/ander/Desktop/airflow-spark/airflow-spark/curso2/ambientX/lib/python3.9/site-packages/airflow/example_dags/plugins/event_listener.py
[2025-01-26T11:21:13.215-0300] {processor.py:914} INFO - Processing file /mnt/c/Users/ander/Desktop/airflow-spark/airflow-spark/curso2/ambientX/lib/python3.9/site-packages/airflow/example_dags/plugins/event_listener.py for tasks to queue
[2025-01-26T11:21:13.217-0300] {logging_mixin.py:190} INFO - [2025-01-26T11:21:13.217-0300] {dagbag.py:588} INFO - Filling up the DagBag from /mnt/c/Users/ander/Desktop/airflow-spark/airflow-spark/curso2/ambientX/lib/python3.9/site-packages/airflow/example_dags/plugins/event_listener.py
[2025-01-26T11:21:13.240-0300] {processor.py:927} WARNING - No viable dags retrieved from /mnt/c/Users/ander/Desktop/airflow-spark/airflow-spark/curso2/ambientX/lib/python3.9/site-packages/airflow/example_dags/plugins/event_listener.py
[2025-01-26T11:21:13.268-0300] {processor.py:208} INFO - Processing /mnt/c/Users/ander/Desktop/airflow-spark/airflow-spark/curso2/ambientX/lib/python3.9/site-packages/airflow/example_dags/plugins/event_listener.py took 0.074 seconds
[2025-01-26T11:23:07.780-0300] {processor.py:186} INFO - Started process (PID=20242) to work on /mnt/c/Users/ander/Desktop/airflow-spark/airflow-spark/curso2/ambientX/lib/python3.9/site-packages/airflow/example_dags/plugins/event_listener.py
[2025-01-26T11:23:07.782-0300] {processor.py:914} INFO - Processing file /mnt/c/Users/ander/Desktop/airflow-spark/airflow-spark/curso2/ambientX/lib/python3.9/site-packages/airflow/example_dags/plugins/event_listener.py for tasks to queue
[2025-01-26T11:23:07.784-0300] {logging_mixin.py:190} INFO - [2025-01-26T11:23:07.783-0300] {dagbag.py:588} INFO - Filling up the DagBag from /mnt/c/Users/ander/Desktop/airflow-spark/airflow-spark/curso2/ambientX/lib/python3.9/site-packages/airflow/example_dags/plugins/event_listener.py
[2025-01-26T11:23:07.809-0300] {processor.py:927} WARNING - No viable dags retrieved from /mnt/c/Users/ander/Desktop/airflow-spark/airflow-spark/curso2/ambientX/lib/python3.9/site-packages/airflow/example_dags/plugins/event_listener.py
[2025-01-26T11:23:07.847-0300] {processor.py:208} INFO - Processing /mnt/c/Users/ander/Desktop/airflow-spark/airflow-spark/curso2/ambientX/lib/python3.9/site-packages/airflow/example_dags/plugins/event_listener.py took 0.084 seconds
[2025-01-26T11:24:23.508-0300] {processor.py:186} INFO - Started process (PID=20597) to work on /mnt/c/Users/ander/Desktop/airflow-spark/airflow-spark/curso2/ambientX/lib/python3.9/site-packages/airflow/example_dags/plugins/event_listener.py
[2025-01-26T11:24:23.509-0300] {processor.py:914} INFO - Processing file /mnt/c/Users/ander/Desktop/airflow-spark/airflow-spark/curso2/ambientX/lib/python3.9/site-packages/airflow/example_dags/plugins/event_listener.py for tasks to queue
[2025-01-26T11:24:23.511-0300] {logging_mixin.py:190} INFO - [2025-01-26T11:24:23.511-0300] {dagbag.py:588} INFO - Filling up the DagBag from /mnt/c/Users/ander/Desktop/airflow-spark/airflow-spark/curso2/ambientX/lib/python3.9/site-packages/airflow/example_dags/plugins/event_listener.py
[2025-01-26T11:24:23.540-0300] {processor.py:927} WARNING - No viable dags retrieved from /mnt/c/Users/ander/Desktop/airflow-spark/airflow-spark/curso2/ambientX/lib/python3.9/site-packages/airflow/example_dags/plugins/event_listener.py
[2025-01-26T11:24:23.571-0300] {processor.py:208} INFO - Processing /mnt/c/Users/ander/Desktop/airflow-spark/airflow-spark/curso2/ambientX/lib/python3.9/site-packages/airflow/example_dags/plugins/event_listener.py took 0.082 seconds
[2025-01-26T11:25:38.118-0300] {processor.py:186} INFO - Started process (PID=20958) to work on /mnt/c/Users/ander/Desktop/airflow-spark/airflow-spark/curso2/ambientX/lib/python3.9/site-packages/airflow/example_dags/plugins/event_listener.py
[2025-01-26T11:25:38.120-0300] {processor.py:914} INFO - Processing file /mnt/c/Users/ander/Desktop/airflow-spark/airflow-spark/curso2/ambientX/lib/python3.9/site-packages/airflow/example_dags/plugins/event_listener.py for tasks to queue
[2025-01-26T11:25:38.122-0300] {logging_mixin.py:190} INFO - [2025-01-26T11:25:38.121-0300] {dagbag.py:588} INFO - Filling up the DagBag from /mnt/c/Users/ander/Desktop/airflow-spark/airflow-spark/curso2/ambientX/lib/python3.9/site-packages/airflow/example_dags/plugins/event_listener.py
[2025-01-26T11:25:38.143-0300] {processor.py:927} WARNING - No viable dags retrieved from /mnt/c/Users/ander/Desktop/airflow-spark/airflow-spark/curso2/ambientX/lib/python3.9/site-packages/airflow/example_dags/plugins/event_listener.py
[2025-01-26T11:25:38.168-0300] {processor.py:208} INFO - Processing /mnt/c/Users/ander/Desktop/airflow-spark/airflow-spark/curso2/ambientX/lib/python3.9/site-packages/airflow/example_dags/plugins/event_listener.py took 0.072 seconds
[2025-01-26T11:26:47.987-0300] {processor.py:186} INFO - Started process (PID=21300) to work on /mnt/c/Users/ander/Desktop/airflow-spark/airflow-spark/curso2/ambientX/lib/python3.9/site-packages/airflow/example_dags/plugins/event_listener.py
[2025-01-26T11:26:47.988-0300] {processor.py:914} INFO - Processing file /mnt/c/Users/ander/Desktop/airflow-spark/airflow-spark/curso2/ambientX/lib/python3.9/site-packages/airflow/example_dags/plugins/event_listener.py for tasks to queue
[2025-01-26T11:26:47.990-0300] {logging_mixin.py:190} INFO - [2025-01-26T11:26:47.990-0300] {dagbag.py:588} INFO - Filling up the DagBag from /mnt/c/Users/ander/Desktop/airflow-spark/airflow-spark/curso2/ambientX/lib/python3.9/site-packages/airflow/example_dags/plugins/event_listener.py
[2025-01-26T11:26:48.017-0300] {processor.py:927} WARNING - No viable dags retrieved from /mnt/c/Users/ander/Desktop/airflow-spark/airflow-spark/curso2/ambientX/lib/python3.9/site-packages/airflow/example_dags/plugins/event_listener.py
[2025-01-26T11:26:48.043-0300] {processor.py:208} INFO - Processing /mnt/c/Users/ander/Desktop/airflow-spark/airflow-spark/curso2/ambientX/lib/python3.9/site-packages/airflow/example_dags/plugins/event_listener.py took 0.074 seconds
[2025-01-26T11:28:00.259-0300] {processor.py:186} INFO - Started process (PID=21707) to work on /mnt/c/Users/ander/Desktop/airflow-spark/airflow-spark/curso2/ambientX/lib/python3.9/site-packages/airflow/example_dags/plugins/event_listener.py
[2025-01-26T11:28:00.261-0300] {processor.py:914} INFO - Processing file /mnt/c/Users/ander/Desktop/airflow-spark/airflow-spark/curso2/ambientX/lib/python3.9/site-packages/airflow/example_dags/plugins/event_listener.py for tasks to queue
[2025-01-26T11:28:00.263-0300] {logging_mixin.py:190} INFO - [2025-01-26T11:28:00.263-0300] {dagbag.py:588} INFO - Filling up the DagBag from /mnt/c/Users/ander/Desktop/airflow-spark/airflow-spark/curso2/ambientX/lib/python3.9/site-packages/airflow/example_dags/plugins/event_listener.py
[2025-01-26T11:28:00.289-0300] {processor.py:927} WARNING - No viable dags retrieved from /mnt/c/Users/ander/Desktop/airflow-spark/airflow-spark/curso2/ambientX/lib/python3.9/site-packages/airflow/example_dags/plugins/event_listener.py
[2025-01-26T11:28:00.318-0300] {processor.py:208} INFO - Processing /mnt/c/Users/ander/Desktop/airflow-spark/airflow-spark/curso2/ambientX/lib/python3.9/site-packages/airflow/example_dags/plugins/event_listener.py took 0.075 seconds
[2025-01-26T11:29:13.025-0300] {processor.py:186} INFO - Started process (PID=22057) to work on /mnt/c/Users/ander/Desktop/airflow-spark/airflow-spark/curso2/ambientX/lib/python3.9/site-packages/airflow/example_dags/plugins/event_listener.py
[2025-01-26T11:29:13.027-0300] {processor.py:914} INFO - Processing file /mnt/c/Users/ander/Desktop/airflow-spark/airflow-spark/curso2/ambientX/lib/python3.9/site-packages/airflow/example_dags/plugins/event_listener.py for tasks to queue
[2025-01-26T11:29:13.029-0300] {logging_mixin.py:190} INFO - [2025-01-26T11:29:13.029-0300] {dagbag.py:588} INFO - Filling up the DagBag from /mnt/c/Users/ander/Desktop/airflow-spark/airflow-spark/curso2/ambientX/lib/python3.9/site-packages/airflow/example_dags/plugins/event_listener.py
[2025-01-26T11:29:13.056-0300] {processor.py:927} WARNING - No viable dags retrieved from /mnt/c/Users/ander/Desktop/airflow-spark/airflow-spark/curso2/ambientX/lib/python3.9/site-packages/airflow/example_dags/plugins/event_listener.py
[2025-01-26T11:29:13.086-0300] {processor.py:208} INFO - Processing /mnt/c/Users/ander/Desktop/airflow-spark/airflow-spark/curso2/ambientX/lib/python3.9/site-packages/airflow/example_dags/plugins/event_listener.py took 0.079 seconds
[2025-01-26T11:30:36.374-0300] {processor.py:186} INFO - Started process (PID=22522) to work on /mnt/c/Users/ander/Desktop/airflow-spark/airflow-spark/curso2/ambientX/lib/python3.9/site-packages/airflow/example_dags/plugins/event_listener.py
[2025-01-26T11:30:36.375-0300] {processor.py:914} INFO - Processing file /mnt/c/Users/ander/Desktop/airflow-spark/airflow-spark/curso2/ambientX/lib/python3.9/site-packages/airflow/example_dags/plugins/event_listener.py for tasks to queue
[2025-01-26T11:30:36.378-0300] {logging_mixin.py:190} INFO - [2025-01-26T11:30:36.377-0300] {dagbag.py:588} INFO - Filling up the DagBag from /mnt/c/Users/ander/Desktop/airflow-spark/airflow-spark/curso2/ambientX/lib/python3.9/site-packages/airflow/example_dags/plugins/event_listener.py
[2025-01-26T11:30:36.402-0300] {processor.py:927} WARNING - No viable dags retrieved from /mnt/c/Users/ander/Desktop/airflow-spark/airflow-spark/curso2/ambientX/lib/python3.9/site-packages/airflow/example_dags/plugins/event_listener.py
[2025-01-26T11:30:36.430-0300] {processor.py:208} INFO - Processing /mnt/c/Users/ander/Desktop/airflow-spark/airflow-spark/curso2/ambientX/lib/python3.9/site-packages/airflow/example_dags/plugins/event_listener.py took 0.073 seconds
[2025-01-26T11:32:06.001-0300] {processor.py:186} INFO - Started process (PID=22885) to work on /mnt/c/Users/ander/Desktop/airflow-spark/airflow-spark/curso2/ambientX/lib/python3.9/site-packages/airflow/example_dags/plugins/event_listener.py
[2025-01-26T11:32:06.002-0300] {processor.py:914} INFO - Processing file /mnt/c/Users/ander/Desktop/airflow-spark/airflow-spark/curso2/ambientX/lib/python3.9/site-packages/airflow/example_dags/plugins/event_listener.py for tasks to queue
[2025-01-26T11:32:06.004-0300] {logging_mixin.py:190} INFO - [2025-01-26T11:32:06.003-0300] {dagbag.py:588} INFO - Filling up the DagBag from /mnt/c/Users/ander/Desktop/airflow-spark/airflow-spark/curso2/ambientX/lib/python3.9/site-packages/airflow/example_dags/plugins/event_listener.py
[2025-01-26T11:32:06.029-0300] {processor.py:927} WARNING - No viable dags retrieved from /mnt/c/Users/ander/Desktop/airflow-spark/airflow-spark/curso2/ambientX/lib/python3.9/site-packages/airflow/example_dags/plugins/event_listener.py
[2025-01-26T11:32:06.060-0300] {processor.py:208} INFO - Processing /mnt/c/Users/ander/Desktop/airflow-spark/airflow-spark/curso2/ambientX/lib/python3.9/site-packages/airflow/example_dags/plugins/event_listener.py took 0.077 seconds
[2025-01-26T11:33:30.425-0300] {processor.py:186} INFO - Started process (PID=23331) to work on /mnt/c/Users/ander/Desktop/airflow-spark/airflow-spark/curso2/ambientX/lib/python3.9/site-packages/airflow/example_dags/plugins/event_listener.py
[2025-01-26T11:33:30.426-0300] {processor.py:914} INFO - Processing file /mnt/c/Users/ander/Desktop/airflow-spark/airflow-spark/curso2/ambientX/lib/python3.9/site-packages/airflow/example_dags/plugins/event_listener.py for tasks to queue
[2025-01-26T11:33:30.428-0300] {logging_mixin.py:190} INFO - [2025-01-26T11:33:30.428-0300] {dagbag.py:588} INFO - Filling up the DagBag from /mnt/c/Users/ander/Desktop/airflow-spark/airflow-spark/curso2/ambientX/lib/python3.9/site-packages/airflow/example_dags/plugins/event_listener.py
[2025-01-26T11:33:30.447-0300] {processor.py:927} WARNING - No viable dags retrieved from /mnt/c/Users/ander/Desktop/airflow-spark/airflow-spark/curso2/ambientX/lib/python3.9/site-packages/airflow/example_dags/plugins/event_listener.py
[2025-01-26T11:33:30.473-0300] {processor.py:208} INFO - Processing /mnt/c/Users/ander/Desktop/airflow-spark/airflow-spark/curso2/ambientX/lib/python3.9/site-packages/airflow/example_dags/plugins/event_listener.py took 0.061 seconds
[2025-01-26T11:34:29.245-0300] {processor.py:186} INFO - Started process (PID=23583) to work on /mnt/c/Users/ander/Desktop/airflow-spark/airflow-spark/curso2/ambientX/lib/python3.9/site-packages/airflow/example_dags/plugins/event_listener.py
[2025-01-26T11:34:29.247-0300] {processor.py:914} INFO - Processing file /mnt/c/Users/ander/Desktop/airflow-spark/airflow-spark/curso2/ambientX/lib/python3.9/site-packages/airflow/example_dags/plugins/event_listener.py for tasks to queue
[2025-01-26T11:34:29.249-0300] {logging_mixin.py:190} INFO - [2025-01-26T11:34:29.248-0300] {dagbag.py:588} INFO - Filling up the DagBag from /mnt/c/Users/ander/Desktop/airflow-spark/airflow-spark/curso2/ambientX/lib/python3.9/site-packages/airflow/example_dags/plugins/event_listener.py
[2025-01-26T11:34:29.270-0300] {processor.py:927} WARNING - No viable dags retrieved from /mnt/c/Users/ander/Desktop/airflow-spark/airflow-spark/curso2/ambientX/lib/python3.9/site-packages/airflow/example_dags/plugins/event_listener.py
[2025-01-26T11:34:29.301-0300] {processor.py:208} INFO - Processing /mnt/c/Users/ander/Desktop/airflow-spark/airflow-spark/curso2/ambientX/lib/python3.9/site-packages/airflow/example_dags/plugins/event_listener.py took 0.073 seconds
[2025-01-26T11:35:20.604-0300] {processor.py:186} INFO - Started process (PID=23867) to work on /mnt/c/Users/ander/Desktop/airflow-spark/airflow-spark/curso2/ambientX/lib/python3.9/site-packages/airflow/example_dags/plugins/event_listener.py
[2025-01-26T11:35:20.606-0300] {processor.py:914} INFO - Processing file /mnt/c/Users/ander/Desktop/airflow-spark/airflow-spark/curso2/ambientX/lib/python3.9/site-packages/airflow/example_dags/plugins/event_listener.py for tasks to queue
[2025-01-26T11:35:20.608-0300] {logging_mixin.py:190} INFO - [2025-01-26T11:35:20.607-0300] {dagbag.py:588} INFO - Filling up the DagBag from /mnt/c/Users/ander/Desktop/airflow-spark/airflow-spark/curso2/ambientX/lib/python3.9/site-packages/airflow/example_dags/plugins/event_listener.py
[2025-01-26T11:35:20.630-0300] {processor.py:927} WARNING - No viable dags retrieved from /mnt/c/Users/ander/Desktop/airflow-spark/airflow-spark/curso2/ambientX/lib/python3.9/site-packages/airflow/example_dags/plugins/event_listener.py
[2025-01-26T11:35:20.655-0300] {processor.py:208} INFO - Processing /mnt/c/Users/ander/Desktop/airflow-spark/airflow-spark/curso2/ambientX/lib/python3.9/site-packages/airflow/example_dags/plugins/event_listener.py took 0.075 seconds
[2025-01-26T11:36:10.014-0300] {processor.py:186} INFO - Started process (PID=24089) to work on /mnt/c/Users/ander/Desktop/airflow-spark/airflow-spark/curso2/ambientX/lib/python3.9/site-packages/airflow/example_dags/plugins/event_listener.py
[2025-01-26T11:36:10.016-0300] {processor.py:914} INFO - Processing file /mnt/c/Users/ander/Desktop/airflow-spark/airflow-spark/curso2/ambientX/lib/python3.9/site-packages/airflow/example_dags/plugins/event_listener.py for tasks to queue
[2025-01-26T11:36:10.018-0300] {logging_mixin.py:190} INFO - [2025-01-26T11:36:10.017-0300] {dagbag.py:588} INFO - Filling up the DagBag from /mnt/c/Users/ander/Desktop/airflow-spark/airflow-spark/curso2/ambientX/lib/python3.9/site-packages/airflow/example_dags/plugins/event_listener.py
[2025-01-26T11:36:10.039-0300] {processor.py:927} WARNING - No viable dags retrieved from /mnt/c/Users/ander/Desktop/airflow-spark/airflow-spark/curso2/ambientX/lib/python3.9/site-packages/airflow/example_dags/plugins/event_listener.py
[2025-01-26T11:36:10.067-0300] {processor.py:208} INFO - Processing /mnt/c/Users/ander/Desktop/airflow-spark/airflow-spark/curso2/ambientX/lib/python3.9/site-packages/airflow/example_dags/plugins/event_listener.py took 0.069 seconds
[2025-01-26T11:37:00.033-0300] {processor.py:186} INFO - Started process (PID=24319) to work on /mnt/c/Users/ander/Desktop/airflow-spark/airflow-spark/curso2/ambientX/lib/python3.9/site-packages/airflow/example_dags/plugins/event_listener.py
[2025-01-26T11:37:00.034-0300] {processor.py:914} INFO - Processing file /mnt/c/Users/ander/Desktop/airflow-spark/airflow-spark/curso2/ambientX/lib/python3.9/site-packages/airflow/example_dags/plugins/event_listener.py for tasks to queue
[2025-01-26T11:37:00.036-0300] {logging_mixin.py:190} INFO - [2025-01-26T11:37:00.036-0300] {dagbag.py:588} INFO - Filling up the DagBag from /mnt/c/Users/ander/Desktop/airflow-spark/airflow-spark/curso2/ambientX/lib/python3.9/site-packages/airflow/example_dags/plugins/event_listener.py
[2025-01-26T11:37:00.058-0300] {processor.py:927} WARNING - No viable dags retrieved from /mnt/c/Users/ander/Desktop/airflow-spark/airflow-spark/curso2/ambientX/lib/python3.9/site-packages/airflow/example_dags/plugins/event_listener.py
[2025-01-26T11:37:00.086-0300] {processor.py:208} INFO - Processing /mnt/c/Users/ander/Desktop/airflow-spark/airflow-spark/curso2/ambientX/lib/python3.9/site-packages/airflow/example_dags/plugins/event_listener.py took 0.071 seconds
[2025-01-26T11:37:53.735-0300] {processor.py:186} INFO - Started process (PID=24609) to work on /mnt/c/Users/ander/Desktop/airflow-spark/airflow-spark/curso2/ambientX/lib/python3.9/site-packages/airflow/example_dags/plugins/event_listener.py
[2025-01-26T11:37:53.736-0300] {processor.py:914} INFO - Processing file /mnt/c/Users/ander/Desktop/airflow-spark/airflow-spark/curso2/ambientX/lib/python3.9/site-packages/airflow/example_dags/plugins/event_listener.py for tasks to queue
[2025-01-26T11:37:53.738-0300] {logging_mixin.py:190} INFO - [2025-01-26T11:37:53.738-0300] {dagbag.py:588} INFO - Filling up the DagBag from /mnt/c/Users/ander/Desktop/airflow-spark/airflow-spark/curso2/ambientX/lib/python3.9/site-packages/airflow/example_dags/plugins/event_listener.py
[2025-01-26T11:37:53.764-0300] {processor.py:927} WARNING - No viable dags retrieved from /mnt/c/Users/ander/Desktop/airflow-spark/airflow-spark/curso2/ambientX/lib/python3.9/site-packages/airflow/example_dags/plugins/event_listener.py
[2025-01-26T11:37:53.796-0300] {processor.py:208} INFO - Processing /mnt/c/Users/ander/Desktop/airflow-spark/airflow-spark/curso2/ambientX/lib/python3.9/site-packages/airflow/example_dags/plugins/event_listener.py took 0.078 seconds
[2025-01-26T11:38:43.552-0300] {processor.py:186} INFO - Started process (PID=24837) to work on /mnt/c/Users/ander/Desktop/airflow-spark/airflow-spark/curso2/ambientX/lib/python3.9/site-packages/airflow/example_dags/plugins/event_listener.py
[2025-01-26T11:38:43.554-0300] {processor.py:914} INFO - Processing file /mnt/c/Users/ander/Desktop/airflow-spark/airflow-spark/curso2/ambientX/lib/python3.9/site-packages/airflow/example_dags/plugins/event_listener.py for tasks to queue
[2025-01-26T11:38:43.556-0300] {logging_mixin.py:190} INFO - [2025-01-26T11:38:43.555-0300] {dagbag.py:588} INFO - Filling up the DagBag from /mnt/c/Users/ander/Desktop/airflow-spark/airflow-spark/curso2/ambientX/lib/python3.9/site-packages/airflow/example_dags/plugins/event_listener.py
[2025-01-26T11:38:43.582-0300] {processor.py:927} WARNING - No viable dags retrieved from /mnt/c/Users/ander/Desktop/airflow-spark/airflow-spark/curso2/ambientX/lib/python3.9/site-packages/airflow/example_dags/plugins/event_listener.py
[2025-01-26T11:38:43.612-0300] {processor.py:208} INFO - Processing /mnt/c/Users/ander/Desktop/airflow-spark/airflow-spark/curso2/ambientX/lib/python3.9/site-packages/airflow/example_dags/plugins/event_listener.py took 0.077 seconds
[2025-01-26T11:39:34.149-0300] {processor.py:186} INFO - Started process (PID=25061) to work on /mnt/c/Users/ander/Desktop/airflow-spark/airflow-spark/curso2/ambientX/lib/python3.9/site-packages/airflow/example_dags/plugins/event_listener.py
[2025-01-26T11:39:34.150-0300] {processor.py:914} INFO - Processing file /mnt/c/Users/ander/Desktop/airflow-spark/airflow-spark/curso2/ambientX/lib/python3.9/site-packages/airflow/example_dags/plugins/event_listener.py for tasks to queue
[2025-01-26T11:39:34.152-0300] {logging_mixin.py:190} INFO - [2025-01-26T11:39:34.152-0300] {dagbag.py:588} INFO - Filling up the DagBag from /mnt/c/Users/ander/Desktop/airflow-spark/airflow-spark/curso2/ambientX/lib/python3.9/site-packages/airflow/example_dags/plugins/event_listener.py
[2025-01-26T11:39:34.179-0300] {processor.py:927} WARNING - No viable dags retrieved from /mnt/c/Users/ander/Desktop/airflow-spark/airflow-spark/curso2/ambientX/lib/python3.9/site-packages/airflow/example_dags/plugins/event_listener.py
[2025-01-26T11:39:34.209-0300] {processor.py:208} INFO - Processing /mnt/c/Users/ander/Desktop/airflow-spark/airflow-spark/curso2/ambientX/lib/python3.9/site-packages/airflow/example_dags/plugins/event_listener.py took 0.079 seconds
[2025-01-26T11:40:22.238-0300] {processor.py:186} INFO - Started process (PID=25283) to work on /mnt/c/Users/ander/Desktop/airflow-spark/airflow-spark/curso2/ambientX/lib/python3.9/site-packages/airflow/example_dags/plugins/event_listener.py
[2025-01-26T11:40:22.239-0300] {processor.py:914} INFO - Processing file /mnt/c/Users/ander/Desktop/airflow-spark/airflow-spark/curso2/ambientX/lib/python3.9/site-packages/airflow/example_dags/plugins/event_listener.py for tasks to queue
[2025-01-26T11:40:22.241-0300] {logging_mixin.py:190} INFO - [2025-01-26T11:40:22.240-0300] {dagbag.py:588} INFO - Filling up the DagBag from /mnt/c/Users/ander/Desktop/airflow-spark/airflow-spark/curso2/ambientX/lib/python3.9/site-packages/airflow/example_dags/plugins/event_listener.py
[2025-01-26T11:40:22.261-0300] {processor.py:927} WARNING - No viable dags retrieved from /mnt/c/Users/ander/Desktop/airflow-spark/airflow-spark/curso2/ambientX/lib/python3.9/site-packages/airflow/example_dags/plugins/event_listener.py
[2025-01-26T11:40:22.287-0300] {processor.py:208} INFO - Processing /mnt/c/Users/ander/Desktop/airflow-spark/airflow-spark/curso2/ambientX/lib/python3.9/site-packages/airflow/example_dags/plugins/event_listener.py took 0.066 seconds
[2025-01-26T11:41:11.567-0300] {processor.py:186} INFO - Started process (PID=25500) to work on /mnt/c/Users/ander/Desktop/airflow-spark/airflow-spark/curso2/ambientX/lib/python3.9/site-packages/airflow/example_dags/plugins/event_listener.py
[2025-01-26T11:41:11.568-0300] {processor.py:914} INFO - Processing file /mnt/c/Users/ander/Desktop/airflow-spark/airflow-spark/curso2/ambientX/lib/python3.9/site-packages/airflow/example_dags/plugins/event_listener.py for tasks to queue
[2025-01-26T11:41:11.570-0300] {logging_mixin.py:190} INFO - [2025-01-26T11:41:11.570-0300] {dagbag.py:588} INFO - Filling up the DagBag from /mnt/c/Users/ander/Desktop/airflow-spark/airflow-spark/curso2/ambientX/lib/python3.9/site-packages/airflow/example_dags/plugins/event_listener.py
[2025-01-26T11:41:11.594-0300] {processor.py:927} WARNING - No viable dags retrieved from /mnt/c/Users/ander/Desktop/airflow-spark/airflow-spark/curso2/ambientX/lib/python3.9/site-packages/airflow/example_dags/plugins/event_listener.py
[2025-01-26T11:41:11.623-0300] {processor.py:208} INFO - Processing /mnt/c/Users/ander/Desktop/airflow-spark/airflow-spark/curso2/ambientX/lib/python3.9/site-packages/airflow/example_dags/plugins/event_listener.py took 0.074 seconds
[2025-01-26T11:41:58.313-0300] {processor.py:186} INFO - Started process (PID=25778) to work on /mnt/c/Users/ander/Desktop/airflow-spark/airflow-spark/curso2/ambientX/lib/python3.9/site-packages/airflow/example_dags/plugins/event_listener.py
[2025-01-26T11:41:58.314-0300] {processor.py:914} INFO - Processing file /mnt/c/Users/ander/Desktop/airflow-spark/airflow-spark/curso2/ambientX/lib/python3.9/site-packages/airflow/example_dags/plugins/event_listener.py for tasks to queue
[2025-01-26T11:41:58.316-0300] {logging_mixin.py:190} INFO - [2025-01-26T11:41:58.315-0300] {dagbag.py:588} INFO - Filling up the DagBag from /mnt/c/Users/ander/Desktop/airflow-spark/airflow-spark/curso2/ambientX/lib/python3.9/site-packages/airflow/example_dags/plugins/event_listener.py
[2025-01-26T11:41:58.339-0300] {processor.py:927} WARNING - No viable dags retrieved from /mnt/c/Users/ander/Desktop/airflow-spark/airflow-spark/curso2/ambientX/lib/python3.9/site-packages/airflow/example_dags/plugins/event_listener.py
[2025-01-26T11:41:58.370-0300] {processor.py:208} INFO - Processing /mnt/c/Users/ander/Desktop/airflow-spark/airflow-spark/curso2/ambientX/lib/python3.9/site-packages/airflow/example_dags/plugins/event_listener.py took 0.077 seconds
[2025-01-26T11:42:50.814-0300] {processor.py:186} INFO - Started process (PID=26137) to work on /mnt/c/Users/ander/Desktop/airflow-spark/airflow-spark/curso2/ambientX/lib/python3.9/site-packages/airflow/example_dags/plugins/event_listener.py
[2025-01-26T11:42:50.815-0300] {processor.py:914} INFO - Processing file /mnt/c/Users/ander/Desktop/airflow-spark/airflow-spark/curso2/ambientX/lib/python3.9/site-packages/airflow/example_dags/plugins/event_listener.py for tasks to queue
[2025-01-26T11:42:50.817-0300] {logging_mixin.py:190} INFO - [2025-01-26T11:42:50.817-0300] {dagbag.py:588} INFO - Filling up the DagBag from /mnt/c/Users/ander/Desktop/airflow-spark/airflow-spark/curso2/ambientX/lib/python3.9/site-packages/airflow/example_dags/plugins/event_listener.py
[2025-01-26T11:42:50.848-0300] {processor.py:927} WARNING - No viable dags retrieved from /mnt/c/Users/ander/Desktop/airflow-spark/airflow-spark/curso2/ambientX/lib/python3.9/site-packages/airflow/example_dags/plugins/event_listener.py
[2025-01-26T11:42:50.877-0300] {processor.py:208} INFO - Processing /mnt/c/Users/ander/Desktop/airflow-spark/airflow-spark/curso2/ambientX/lib/python3.9/site-packages/airflow/example_dags/plugins/event_listener.py took 0.081 seconds
[2025-01-26T11:43:47.167-0300] {processor.py:186} INFO - Started process (PID=26378) to work on /mnt/c/Users/ander/Desktop/airflow-spark/airflow-spark/curso2/ambientX/lib/python3.9/site-packages/airflow/example_dags/plugins/event_listener.py
[2025-01-26T11:43:47.168-0300] {processor.py:914} INFO - Processing file /mnt/c/Users/ander/Desktop/airflow-spark/airflow-spark/curso2/ambientX/lib/python3.9/site-packages/airflow/example_dags/plugins/event_listener.py for tasks to queue
[2025-01-26T11:43:47.170-0300] {logging_mixin.py:190} INFO - [2025-01-26T11:43:47.170-0300] {dagbag.py:588} INFO - Filling up the DagBag from /mnt/c/Users/ander/Desktop/airflow-spark/airflow-spark/curso2/ambientX/lib/python3.9/site-packages/airflow/example_dags/plugins/event_listener.py
[2025-01-26T11:43:47.196-0300] {processor.py:927} WARNING - No viable dags retrieved from /mnt/c/Users/ander/Desktop/airflow-spark/airflow-spark/curso2/ambientX/lib/python3.9/site-packages/airflow/example_dags/plugins/event_listener.py
[2025-01-26T11:43:47.229-0300] {processor.py:208} INFO - Processing /mnt/c/Users/ander/Desktop/airflow-spark/airflow-spark/curso2/ambientX/lib/python3.9/site-packages/airflow/example_dags/plugins/event_listener.py took 0.081 seconds
[2025-01-26T11:44:43.070-0300] {processor.py:186} INFO - Started process (PID=26622) to work on /mnt/c/Users/ander/Desktop/airflow-spark/airflow-spark/curso2/ambientX/lib/python3.9/site-packages/airflow/example_dags/plugins/event_listener.py
[2025-01-26T11:44:43.072-0300] {processor.py:914} INFO - Processing file /mnt/c/Users/ander/Desktop/airflow-spark/airflow-spark/curso2/ambientX/lib/python3.9/site-packages/airflow/example_dags/plugins/event_listener.py for tasks to queue
[2025-01-26T11:44:43.074-0300] {logging_mixin.py:190} INFO - [2025-01-26T11:44:43.073-0300] {dagbag.py:588} INFO - Filling up the DagBag from /mnt/c/Users/ander/Desktop/airflow-spark/airflow-spark/curso2/ambientX/lib/python3.9/site-packages/airflow/example_dags/plugins/event_listener.py
[2025-01-26T11:44:43.101-0300] {processor.py:927} WARNING - No viable dags retrieved from /mnt/c/Users/ander/Desktop/airflow-spark/airflow-spark/curso2/ambientX/lib/python3.9/site-packages/airflow/example_dags/plugins/event_listener.py
[2025-01-26T11:44:43.133-0300] {processor.py:208} INFO - Processing /mnt/c/Users/ander/Desktop/airflow-spark/airflow-spark/curso2/ambientX/lib/python3.9/site-packages/airflow/example_dags/plugins/event_listener.py took 0.082 seconds
[2025-01-26T11:45:32.631-0300] {processor.py:186} INFO - Started process (PID=26853) to work on /mnt/c/Users/ander/Desktop/airflow-spark/airflow-spark/curso2/ambientX/lib/python3.9/site-packages/airflow/example_dags/plugins/event_listener.py
[2025-01-26T11:45:32.632-0300] {processor.py:914} INFO - Processing file /mnt/c/Users/ander/Desktop/airflow-spark/airflow-spark/curso2/ambientX/lib/python3.9/site-packages/airflow/example_dags/plugins/event_listener.py for tasks to queue
[2025-01-26T11:45:32.634-0300] {logging_mixin.py:190} INFO - [2025-01-26T11:45:32.634-0300] {dagbag.py:588} INFO - Filling up the DagBag from /mnt/c/Users/ander/Desktop/airflow-spark/airflow-spark/curso2/ambientX/lib/python3.9/site-packages/airflow/example_dags/plugins/event_listener.py
[2025-01-26T11:45:32.660-0300] {processor.py:927} WARNING - No viable dags retrieved from /mnt/c/Users/ander/Desktop/airflow-spark/airflow-spark/curso2/ambientX/lib/python3.9/site-packages/airflow/example_dags/plugins/event_listener.py
[2025-01-26T11:45:32.691-0300] {processor.py:208} INFO - Processing /mnt/c/Users/ander/Desktop/airflow-spark/airflow-spark/curso2/ambientX/lib/python3.9/site-packages/airflow/example_dags/plugins/event_listener.py took 0.083 seconds
