[2025-01-26T10:25:00.629-0300] {processor.py:186} INFO - Started process (PID=1838) to work on /mnt/c/Users/ander/Desktop/airflow-spark/airflow-spark/curso2/ambientX/lib/python3.9/site-packages/airflow/example_dags/plugins/listener_plugin.py
[2025-01-26T10:25:00.631-0300] {processor.py:914} INFO - Processing file /mnt/c/Users/ander/Desktop/airflow-spark/airflow-spark/curso2/ambientX/lib/python3.9/site-packages/airflow/example_dags/plugins/listener_plugin.py for tasks to queue
[2025-01-26T10:25:00.636-0300] {logging_mixin.py:190} INFO - [2025-01-26T10:25:00.635-0300] {dagbag.py:588} INFO - Filling up the DagBag from /mnt/c/Users/ander/Desktop/airflow-spark/airflow-spark/curso2/ambientX/lib/python3.9/site-packages/airflow/example_dags/plugins/listener_plugin.py
[2025-01-26T10:25:00.661-0300] {processor.py:927} WARNING - No viable dags retrieved from /mnt/c/Users/ander/Desktop/airflow-spark/airflow-spark/curso2/ambientX/lib/python3.9/site-packages/airflow/example_dags/plugins/listener_plugin.py
[2025-01-26T10:25:00.692-0300] {processor.py:208} INFO - Processing /mnt/c/Users/ander/Desktop/airflow-spark/airflow-spark/curso2/ambientX/lib/python3.9/site-packages/airflow/example_dags/plugins/listener_plugin.py took 0.083 seconds
[2025-01-26T10:26:38.007-0300] {processor.py:186} INFO - Started process (PID=3062) to work on /mnt/c/Users/ander/Desktop/airflow-spark/airflow-spark/curso2/ambientX/lib/python3.9/site-packages/airflow/example_dags/plugins/listener_plugin.py
[2025-01-26T10:26:38.011-0300] {processor.py:914} INFO - Processing file /mnt/c/Users/ander/Desktop/airflow-spark/airflow-spark/curso2/ambientX/lib/python3.9/site-packages/airflow/example_dags/plugins/listener_plugin.py for tasks to queue
[2025-01-26T10:26:38.032-0300] {logging_mixin.py:190} INFO - [2025-01-26T10:26:38.032-0300] {dagbag.py:588} INFO - Filling up the DagBag from /mnt/c/Users/ander/Desktop/airflow-spark/airflow-spark/curso2/ambientX/lib/python3.9/site-packages/airflow/example_dags/plugins/listener_plugin.py
[2025-01-26T10:26:38.081-0300] {processor.py:927} WARNING - No viable dags retrieved from /mnt/c/Users/ander/Desktop/airflow-spark/airflow-spark/curso2/ambientX/lib/python3.9/site-packages/airflow/example_dags/plugins/listener_plugin.py
[2025-01-26T10:26:38.115-0300] {processor.py:208} INFO - Processing /mnt/c/Users/ander/Desktop/airflow-spark/airflow-spark/curso2/ambientX/lib/python3.9/site-packages/airflow/example_dags/plugins/listener_plugin.py took 0.141 seconds
[2025-01-26T10:38:14.444-0300] {processor.py:186} INFO - Started process (PID=7910) to work on /mnt/c/Users/ander/Desktop/airflow-spark/airflow-spark/curso2/ambientX/lib/python3.9/site-packages/airflow/example_dags/plugins/listener_plugin.py
[2025-01-26T10:38:14.451-0300] {processor.py:914} INFO - Processing file /mnt/c/Users/ander/Desktop/airflow-spark/airflow-spark/curso2/ambientX/lib/python3.9/site-packages/airflow/example_dags/plugins/listener_plugin.py for tasks to queue
[2025-01-26T10:38:14.455-0300] {logging_mixin.py:190} INFO - [2025-01-26T10:38:14.454-0300] {dagbag.py:588} INFO - Filling up the DagBag from /mnt/c/Users/ander/Desktop/airflow-spark/airflow-spark/curso2/ambientX/lib/python3.9/site-packages/airflow/example_dags/plugins/listener_plugin.py
[2025-01-26T10:38:14.496-0300] {processor.py:927} WARNING - No viable dags retrieved from /mnt/c/Users/ander/Desktop/airflow-spark/airflow-spark/curso2/ambientX/lib/python3.9/site-packages/airflow/example_dags/plugins/listener_plugin.py
[2025-01-26T10:38:14.529-0300] {processor.py:208} INFO - Processing /mnt/c/Users/ander/Desktop/airflow-spark/airflow-spark/curso2/ambientX/lib/python3.9/site-packages/airflow/example_dags/plugins/listener_plugin.py took 0.104 seconds
[2025-01-26T10:39:46.071-0300] {processor.py:186} INFO - Started process (PID=8321) to work on /mnt/c/Users/ander/Desktop/airflow-spark/airflow-spark/curso2/ambientX/lib/python3.9/site-packages/airflow/example_dags/plugins/listener_plugin.py
[2025-01-26T10:39:46.072-0300] {processor.py:914} INFO - Processing file /mnt/c/Users/ander/Desktop/airflow-spark/airflow-spark/curso2/ambientX/lib/python3.9/site-packages/airflow/example_dags/plugins/listener_plugin.py for tasks to queue
[2025-01-26T10:39:46.074-0300] {logging_mixin.py:190} INFO - [2025-01-26T10:39:46.074-0300] {dagbag.py:588} INFO - Filling up the DagBag from /mnt/c/Users/ander/Desktop/airflow-spark/airflow-spark/curso2/ambientX/lib/python3.9/site-packages/airflow/example_dags/plugins/listener_plugin.py
[2025-01-26T10:39:46.098-0300] {processor.py:927} WARNING - No viable dags retrieved from /mnt/c/Users/ander/Desktop/airflow-spark/airflow-spark/curso2/ambientX/lib/python3.9/site-packages/airflow/example_dags/plugins/listener_plugin.py
[2025-01-26T10:39:46.129-0300] {processor.py:208} INFO - Processing /mnt/c/Users/ander/Desktop/airflow-spark/airflow-spark/curso2/ambientX/lib/python3.9/site-packages/airflow/example_dags/plugins/listener_plugin.py took 0.076 seconds
[2025-01-26T10:40:45.148-0300] {processor.py:186} INFO - Started process (PID=8673) to work on /mnt/c/Users/ander/Desktop/airflow-spark/airflow-spark/curso2/ambientX/lib/python3.9/site-packages/airflow/example_dags/plugins/listener_plugin.py
[2025-01-26T10:40:45.149-0300] {processor.py:914} INFO - Processing file /mnt/c/Users/ander/Desktop/airflow-spark/airflow-spark/curso2/ambientX/lib/python3.9/site-packages/airflow/example_dags/plugins/listener_plugin.py for tasks to queue
[2025-01-26T10:40:45.154-0300] {logging_mixin.py:190} INFO - [2025-01-26T10:40:45.153-0300] {dagbag.py:588} INFO - Filling up the DagBag from /mnt/c/Users/ander/Desktop/airflow-spark/airflow-spark/curso2/ambientX/lib/python3.9/site-packages/airflow/example_dags/plugins/listener_plugin.py
[2025-01-26T10:40:45.177-0300] {processor.py:927} WARNING - No viable dags retrieved from /mnt/c/Users/ander/Desktop/airflow-spark/airflow-spark/curso2/ambientX/lib/python3.9/site-packages/airflow/example_dags/plugins/listener_plugin.py
[2025-01-26T10:40:45.208-0300] {processor.py:208} INFO - Processing /mnt/c/Users/ander/Desktop/airflow-spark/airflow-spark/curso2/ambientX/lib/python3.9/site-packages/airflow/example_dags/plugins/listener_plugin.py took 0.077 seconds
[2025-01-26T10:41:38.031-0300] {processor.py:186} INFO - Started process (PID=8945) to work on /mnt/c/Users/ander/Desktop/airflow-spark/airflow-spark/curso2/ambientX/lib/python3.9/site-packages/airflow/example_dags/plugins/listener_plugin.py
[2025-01-26T10:41:38.033-0300] {processor.py:914} INFO - Processing file /mnt/c/Users/ander/Desktop/airflow-spark/airflow-spark/curso2/ambientX/lib/python3.9/site-packages/airflow/example_dags/plugins/listener_plugin.py for tasks to queue
[2025-01-26T10:41:38.035-0300] {logging_mixin.py:190} INFO - [2025-01-26T10:41:38.034-0300] {dagbag.py:588} INFO - Filling up the DagBag from /mnt/c/Users/ander/Desktop/airflow-spark/airflow-spark/curso2/ambientX/lib/python3.9/site-packages/airflow/example_dags/plugins/listener_plugin.py
[2025-01-26T10:41:38.066-0300] {processor.py:927} WARNING - No viable dags retrieved from /mnt/c/Users/ander/Desktop/airflow-spark/airflow-spark/curso2/ambientX/lib/python3.9/site-packages/airflow/example_dags/plugins/listener_plugin.py
[2025-01-26T10:41:38.100-0300] {processor.py:208} INFO - Processing /mnt/c/Users/ander/Desktop/airflow-spark/airflow-spark/curso2/ambientX/lib/python3.9/site-packages/airflow/example_dags/plugins/listener_plugin.py took 0.095 seconds
[2025-01-26T10:42:33.255-0300] {processor.py:186} INFO - Started process (PID=9163) to work on /mnt/c/Users/ander/Desktop/airflow-spark/airflow-spark/curso2/ambientX/lib/python3.9/site-packages/airflow/example_dags/plugins/listener_plugin.py
[2025-01-26T10:42:33.257-0300] {processor.py:914} INFO - Processing file /mnt/c/Users/ander/Desktop/airflow-spark/airflow-spark/curso2/ambientX/lib/python3.9/site-packages/airflow/example_dags/plugins/listener_plugin.py for tasks to queue
[2025-01-26T10:42:33.259-0300] {logging_mixin.py:190} INFO - [2025-01-26T10:42:33.258-0300] {dagbag.py:588} INFO - Filling up the DagBag from /mnt/c/Users/ander/Desktop/airflow-spark/airflow-spark/curso2/ambientX/lib/python3.9/site-packages/airflow/example_dags/plugins/listener_plugin.py
[2025-01-26T10:42:33.284-0300] {processor.py:927} WARNING - No viable dags retrieved from /mnt/c/Users/ander/Desktop/airflow-spark/airflow-spark/curso2/ambientX/lib/python3.9/site-packages/airflow/example_dags/plugins/listener_plugin.py
[2025-01-26T10:42:33.320-0300] {processor.py:208} INFO - Processing /mnt/c/Users/ander/Desktop/airflow-spark/airflow-spark/curso2/ambientX/lib/python3.9/site-packages/airflow/example_dags/plugins/listener_plugin.py took 0.085 seconds
[2025-01-26T10:43:28.428-0300] {processor.py:186} INFO - Started process (PID=9385) to work on /mnt/c/Users/ander/Desktop/airflow-spark/airflow-spark/curso2/ambientX/lib/python3.9/site-packages/airflow/example_dags/plugins/listener_plugin.py
[2025-01-26T10:43:28.430-0300] {processor.py:914} INFO - Processing file /mnt/c/Users/ander/Desktop/airflow-spark/airflow-spark/curso2/ambientX/lib/python3.9/site-packages/airflow/example_dags/plugins/listener_plugin.py for tasks to queue
[2025-01-26T10:43:28.432-0300] {logging_mixin.py:190} INFO - [2025-01-26T10:43:28.431-0300] {dagbag.py:588} INFO - Filling up the DagBag from /mnt/c/Users/ander/Desktop/airflow-spark/airflow-spark/curso2/ambientX/lib/python3.9/site-packages/airflow/example_dags/plugins/listener_plugin.py
[2025-01-26T10:43:28.459-0300] {processor.py:927} WARNING - No viable dags retrieved from /mnt/c/Users/ander/Desktop/airflow-spark/airflow-spark/curso2/ambientX/lib/python3.9/site-packages/airflow/example_dags/plugins/listener_plugin.py
[2025-01-26T10:43:28.491-0300] {processor.py:208} INFO - Processing /mnt/c/Users/ander/Desktop/airflow-spark/airflow-spark/curso2/ambientX/lib/python3.9/site-packages/airflow/example_dags/plugins/listener_plugin.py took 0.088 seconds
[2025-01-26T10:44:30.597-0300] {processor.py:186} INFO - Started process (PID=9617) to work on /mnt/c/Users/ander/Desktop/airflow-spark/airflow-spark/curso2/ambientX/lib/python3.9/site-packages/airflow/example_dags/plugins/listener_plugin.py
[2025-01-26T10:44:30.598-0300] {processor.py:914} INFO - Processing file /mnt/c/Users/ander/Desktop/airflow-spark/airflow-spark/curso2/ambientX/lib/python3.9/site-packages/airflow/example_dags/plugins/listener_plugin.py for tasks to queue
[2025-01-26T10:44:30.600-0300] {logging_mixin.py:190} INFO - [2025-01-26T10:44:30.599-0300] {dagbag.py:588} INFO - Filling up the DagBag from /mnt/c/Users/ander/Desktop/airflow-spark/airflow-spark/curso2/ambientX/lib/python3.9/site-packages/airflow/example_dags/plugins/listener_plugin.py
[2025-01-26T10:44:30.623-0300] {processor.py:927} WARNING - No viable dags retrieved from /mnt/c/Users/ander/Desktop/airflow-spark/airflow-spark/curso2/ambientX/lib/python3.9/site-packages/airflow/example_dags/plugins/listener_plugin.py
[2025-01-26T10:44:30.652-0300] {processor.py:208} INFO - Processing /mnt/c/Users/ander/Desktop/airflow-spark/airflow-spark/curso2/ambientX/lib/python3.9/site-packages/airflow/example_dags/plugins/listener_plugin.py took 0.072 seconds
[2025-01-26T10:45:28.088-0300] {processor.py:186} INFO - Started process (PID=9843) to work on /mnt/c/Users/ander/Desktop/airflow-spark/airflow-spark/curso2/ambientX/lib/python3.9/site-packages/airflow/example_dags/plugins/listener_plugin.py
[2025-01-26T10:45:28.090-0300] {processor.py:914} INFO - Processing file /mnt/c/Users/ander/Desktop/airflow-spark/airflow-spark/curso2/ambientX/lib/python3.9/site-packages/airflow/example_dags/plugins/listener_plugin.py for tasks to queue
[2025-01-26T10:45:28.092-0300] {logging_mixin.py:190} INFO - [2025-01-26T10:45:28.091-0300] {dagbag.py:588} INFO - Filling up the DagBag from /mnt/c/Users/ander/Desktop/airflow-spark/airflow-spark/curso2/ambientX/lib/python3.9/site-packages/airflow/example_dags/plugins/listener_plugin.py
[2025-01-26T10:45:28.119-0300] {processor.py:927} WARNING - No viable dags retrieved from /mnt/c/Users/ander/Desktop/airflow-spark/airflow-spark/curso2/ambientX/lib/python3.9/site-packages/airflow/example_dags/plugins/listener_plugin.py
[2025-01-26T10:45:28.151-0300] {processor.py:208} INFO - Processing /mnt/c/Users/ander/Desktop/airflow-spark/airflow-spark/curso2/ambientX/lib/python3.9/site-packages/airflow/example_dags/plugins/listener_plugin.py took 0.083 seconds
[2025-01-26T10:46:19.891-0300] {processor.py:186} INFO - Started process (PID=10067) to work on /mnt/c/Users/ander/Desktop/airflow-spark/airflow-spark/curso2/ambientX/lib/python3.9/site-packages/airflow/example_dags/plugins/listener_plugin.py
[2025-01-26T10:46:19.893-0300] {processor.py:914} INFO - Processing file /mnt/c/Users/ander/Desktop/airflow-spark/airflow-spark/curso2/ambientX/lib/python3.9/site-packages/airflow/example_dags/plugins/listener_plugin.py for tasks to queue
[2025-01-26T10:46:19.895-0300] {logging_mixin.py:190} INFO - [2025-01-26T10:46:19.894-0300] {dagbag.py:588} INFO - Filling up the DagBag from /mnt/c/Users/ander/Desktop/airflow-spark/airflow-spark/curso2/ambientX/lib/python3.9/site-packages/airflow/example_dags/plugins/listener_plugin.py
[2025-01-26T10:46:19.921-0300] {processor.py:927} WARNING - No viable dags retrieved from /mnt/c/Users/ander/Desktop/airflow-spark/airflow-spark/curso2/ambientX/lib/python3.9/site-packages/airflow/example_dags/plugins/listener_plugin.py
[2025-01-26T10:46:19.950-0300] {processor.py:208} INFO - Processing /mnt/c/Users/ander/Desktop/airflow-spark/airflow-spark/curso2/ambientX/lib/python3.9/site-packages/airflow/example_dags/plugins/listener_plugin.py took 0.075 seconds
[2025-01-26T10:47:10.985-0300] {processor.py:186} INFO - Started process (PID=10272) to work on /mnt/c/Users/ander/Desktop/airflow-spark/airflow-spark/curso2/ambientX/lib/python3.9/site-packages/airflow/example_dags/plugins/listener_plugin.py
[2025-01-26T10:47:10.987-0300] {processor.py:914} INFO - Processing file /mnt/c/Users/ander/Desktop/airflow-spark/airflow-spark/curso2/ambientX/lib/python3.9/site-packages/airflow/example_dags/plugins/listener_plugin.py for tasks to queue
[2025-01-26T10:47:10.989-0300] {logging_mixin.py:190} INFO - [2025-01-26T10:47:10.988-0300] {dagbag.py:588} INFO - Filling up the DagBag from /mnt/c/Users/ander/Desktop/airflow-spark/airflow-spark/curso2/ambientX/lib/python3.9/site-packages/airflow/example_dags/plugins/listener_plugin.py
[2025-01-26T10:47:11.015-0300] {processor.py:927} WARNING - No viable dags retrieved from /mnt/c/Users/ander/Desktop/airflow-spark/airflow-spark/curso2/ambientX/lib/python3.9/site-packages/airflow/example_dags/plugins/listener_plugin.py
[2025-01-26T10:47:11.047-0300] {processor.py:208} INFO - Processing /mnt/c/Users/ander/Desktop/airflow-spark/airflow-spark/curso2/ambientX/lib/python3.9/site-packages/airflow/example_dags/plugins/listener_plugin.py took 0.080 seconds
[2025-01-26T10:48:01.999-0300] {processor.py:186} INFO - Started process (PID=10483) to work on /mnt/c/Users/ander/Desktop/airflow-spark/airflow-spark/curso2/ambientX/lib/python3.9/site-packages/airflow/example_dags/plugins/listener_plugin.py
[2025-01-26T10:48:02.001-0300] {processor.py:914} INFO - Processing file /mnt/c/Users/ander/Desktop/airflow-spark/airflow-spark/curso2/ambientX/lib/python3.9/site-packages/airflow/example_dags/plugins/listener_plugin.py for tasks to queue
[2025-01-26T10:48:02.003-0300] {logging_mixin.py:190} INFO - [2025-01-26T10:48:02.003-0300] {dagbag.py:588} INFO - Filling up the DagBag from /mnt/c/Users/ander/Desktop/airflow-spark/airflow-spark/curso2/ambientX/lib/python3.9/site-packages/airflow/example_dags/plugins/listener_plugin.py
[2025-01-26T10:48:02.025-0300] {processor.py:927} WARNING - No viable dags retrieved from /mnt/c/Users/ander/Desktop/airflow-spark/airflow-spark/curso2/ambientX/lib/python3.9/site-packages/airflow/example_dags/plugins/listener_plugin.py
[2025-01-26T10:48:02.052-0300] {processor.py:208} INFO - Processing /mnt/c/Users/ander/Desktop/airflow-spark/airflow-spark/curso2/ambientX/lib/python3.9/site-packages/airflow/example_dags/plugins/listener_plugin.py took 0.070 seconds
[2025-01-26T10:49:00.318-0300] {processor.py:186} INFO - Started process (PID=10713) to work on /mnt/c/Users/ander/Desktop/airflow-spark/airflow-spark/curso2/ambientX/lib/python3.9/site-packages/airflow/example_dags/plugins/listener_plugin.py
[2025-01-26T10:49:00.320-0300] {processor.py:914} INFO - Processing file /mnt/c/Users/ander/Desktop/airflow-spark/airflow-spark/curso2/ambientX/lib/python3.9/site-packages/airflow/example_dags/plugins/listener_plugin.py for tasks to queue
[2025-01-26T10:49:00.322-0300] {logging_mixin.py:190} INFO - [2025-01-26T10:49:00.321-0300] {dagbag.py:588} INFO - Filling up the DagBag from /mnt/c/Users/ander/Desktop/airflow-spark/airflow-spark/curso2/ambientX/lib/python3.9/site-packages/airflow/example_dags/plugins/listener_plugin.py
[2025-01-26T10:49:00.348-0300] {processor.py:927} WARNING - No viable dags retrieved from /mnt/c/Users/ander/Desktop/airflow-spark/airflow-spark/curso2/ambientX/lib/python3.9/site-packages/airflow/example_dags/plugins/listener_plugin.py
[2025-01-26T10:49:00.378-0300] {processor.py:208} INFO - Processing /mnt/c/Users/ander/Desktop/airflow-spark/airflow-spark/curso2/ambientX/lib/python3.9/site-packages/airflow/example_dags/plugins/listener_plugin.py took 0.080 seconds
[2025-01-26T10:49:58.532-0300] {processor.py:186} INFO - Started process (PID=11032) to work on /mnt/c/Users/ander/Desktop/airflow-spark/airflow-spark/curso2/ambientX/lib/python3.9/site-packages/airflow/example_dags/plugins/listener_plugin.py
[2025-01-26T10:49:58.534-0300] {processor.py:914} INFO - Processing file /mnt/c/Users/ander/Desktop/airflow-spark/airflow-spark/curso2/ambientX/lib/python3.9/site-packages/airflow/example_dags/plugins/listener_plugin.py for tasks to queue
[2025-01-26T10:49:58.536-0300] {logging_mixin.py:190} INFO - [2025-01-26T10:49:58.535-0300] {dagbag.py:588} INFO - Filling up the DagBag from /mnt/c/Users/ander/Desktop/airflow-spark/airflow-spark/curso2/ambientX/lib/python3.9/site-packages/airflow/example_dags/plugins/listener_plugin.py
[2025-01-26T10:49:58.576-0300] {processor.py:927} WARNING - No viable dags retrieved from /mnt/c/Users/ander/Desktop/airflow-spark/airflow-spark/curso2/ambientX/lib/python3.9/site-packages/airflow/example_dags/plugins/listener_plugin.py
[2025-01-26T10:49:58.615-0300] {processor.py:208} INFO - Processing /mnt/c/Users/ander/Desktop/airflow-spark/airflow-spark/curso2/ambientX/lib/python3.9/site-packages/airflow/example_dags/plugins/listener_plugin.py took 0.106 seconds
[2025-01-26T10:50:49.499-0300] {processor.py:186} INFO - Started process (PID=11247) to work on /mnt/c/Users/ander/Desktop/airflow-spark/airflow-spark/curso2/ambientX/lib/python3.9/site-packages/airflow/example_dags/plugins/listener_plugin.py
[2025-01-26T10:50:49.501-0300] {processor.py:914} INFO - Processing file /mnt/c/Users/ander/Desktop/airflow-spark/airflow-spark/curso2/ambientX/lib/python3.9/site-packages/airflow/example_dags/plugins/listener_plugin.py for tasks to queue
[2025-01-26T10:50:49.503-0300] {logging_mixin.py:190} INFO - [2025-01-26T10:50:49.502-0300] {dagbag.py:588} INFO - Filling up the DagBag from /mnt/c/Users/ander/Desktop/airflow-spark/airflow-spark/curso2/ambientX/lib/python3.9/site-packages/airflow/example_dags/plugins/listener_plugin.py
[2025-01-26T10:50:49.536-0300] {processor.py:927} WARNING - No viable dags retrieved from /mnt/c/Users/ander/Desktop/airflow-spark/airflow-spark/curso2/ambientX/lib/python3.9/site-packages/airflow/example_dags/plugins/listener_plugin.py
[2025-01-26T10:50:49.572-0300] {processor.py:208} INFO - Processing /mnt/c/Users/ander/Desktop/airflow-spark/airflow-spark/curso2/ambientX/lib/python3.9/site-packages/airflow/example_dags/plugins/listener_plugin.py took 0.099 seconds
[2025-01-26T10:51:45.122-0300] {processor.py:186} INFO - Started process (PID=11532) to work on /mnt/c/Users/ander/Desktop/airflow-spark/airflow-spark/curso2/ambientX/lib/python3.9/site-packages/airflow/example_dags/plugins/listener_plugin.py
[2025-01-26T10:51:45.123-0300] {processor.py:914} INFO - Processing file /mnt/c/Users/ander/Desktop/airflow-spark/airflow-spark/curso2/ambientX/lib/python3.9/site-packages/airflow/example_dags/plugins/listener_plugin.py for tasks to queue
[2025-01-26T10:51:45.125-0300] {logging_mixin.py:190} INFO - [2025-01-26T10:51:45.125-0300] {dagbag.py:588} INFO - Filling up the DagBag from /mnt/c/Users/ander/Desktop/airflow-spark/airflow-spark/curso2/ambientX/lib/python3.9/site-packages/airflow/example_dags/plugins/listener_plugin.py
[2025-01-26T10:51:45.150-0300] {processor.py:927} WARNING - No viable dags retrieved from /mnt/c/Users/ander/Desktop/airflow-spark/airflow-spark/curso2/ambientX/lib/python3.9/site-packages/airflow/example_dags/plugins/listener_plugin.py
[2025-01-26T10:51:45.181-0300] {processor.py:208} INFO - Processing /mnt/c/Users/ander/Desktop/airflow-spark/airflow-spark/curso2/ambientX/lib/python3.9/site-packages/airflow/example_dags/plugins/listener_plugin.py took 0.079 seconds
[2025-01-26T10:52:38.036-0300] {processor.py:186} INFO - Started process (PID=11751) to work on /mnt/c/Users/ander/Desktop/airflow-spark/airflow-spark/curso2/ambientX/lib/python3.9/site-packages/airflow/example_dags/plugins/listener_plugin.py
[2025-01-26T10:52:38.038-0300] {processor.py:914} INFO - Processing file /mnt/c/Users/ander/Desktop/airflow-spark/airflow-spark/curso2/ambientX/lib/python3.9/site-packages/airflow/example_dags/plugins/listener_plugin.py for tasks to queue
[2025-01-26T10:52:38.040-0300] {logging_mixin.py:190} INFO - [2025-01-26T10:52:38.040-0300] {dagbag.py:588} INFO - Filling up the DagBag from /mnt/c/Users/ander/Desktop/airflow-spark/airflow-spark/curso2/ambientX/lib/python3.9/site-packages/airflow/example_dags/plugins/listener_plugin.py
[2025-01-26T10:52:38.073-0300] {processor.py:927} WARNING - No viable dags retrieved from /mnt/c/Users/ander/Desktop/airflow-spark/airflow-spark/curso2/ambientX/lib/python3.9/site-packages/airflow/example_dags/plugins/listener_plugin.py
[2025-01-26T10:52:38.112-0300] {processor.py:208} INFO - Processing /mnt/c/Users/ander/Desktop/airflow-spark/airflow-spark/curso2/ambientX/lib/python3.9/site-packages/airflow/example_dags/plugins/listener_plugin.py took 0.098 seconds
[2025-01-26T10:53:36.637-0300] {processor.py:186} INFO - Started process (PID=11989) to work on /mnt/c/Users/ander/Desktop/airflow-spark/airflow-spark/curso2/ambientX/lib/python3.9/site-packages/airflow/example_dags/plugins/listener_plugin.py
[2025-01-26T10:53:36.638-0300] {processor.py:914} INFO - Processing file /mnt/c/Users/ander/Desktop/airflow-spark/airflow-spark/curso2/ambientX/lib/python3.9/site-packages/airflow/example_dags/plugins/listener_plugin.py for tasks to queue
[2025-01-26T10:53:36.641-0300] {logging_mixin.py:190} INFO - [2025-01-26T10:53:36.640-0300] {dagbag.py:588} INFO - Filling up the DagBag from /mnt/c/Users/ander/Desktop/airflow-spark/airflow-spark/curso2/ambientX/lib/python3.9/site-packages/airflow/example_dags/plugins/listener_plugin.py
[2025-01-26T10:53:36.692-0300] {processor.py:927} WARNING - No viable dags retrieved from /mnt/c/Users/ander/Desktop/airflow-spark/airflow-spark/curso2/ambientX/lib/python3.9/site-packages/airflow/example_dags/plugins/listener_plugin.py
[2025-01-26T10:53:36.733-0300] {processor.py:208} INFO - Processing /mnt/c/Users/ander/Desktop/airflow-spark/airflow-spark/curso2/ambientX/lib/python3.9/site-packages/airflow/example_dags/plugins/listener_plugin.py took 0.119 seconds
[2025-01-26T10:54:31.772-0300] {processor.py:186} INFO - Started process (PID=12160) to work on /mnt/c/Users/ander/Desktop/airflow-spark/airflow-spark/curso2/ambientX/lib/python3.9/site-packages/airflow/example_dags/plugins/listener_plugin.py
[2025-01-26T10:54:31.773-0300] {processor.py:914} INFO - Processing file /mnt/c/Users/ander/Desktop/airflow-spark/airflow-spark/curso2/ambientX/lib/python3.9/site-packages/airflow/example_dags/plugins/listener_plugin.py for tasks to queue
[2025-01-26T10:54:31.776-0300] {logging_mixin.py:190} INFO - [2025-01-26T10:54:31.775-0300] {dagbag.py:588} INFO - Filling up the DagBag from /mnt/c/Users/ander/Desktop/airflow-spark/airflow-spark/curso2/ambientX/lib/python3.9/site-packages/airflow/example_dags/plugins/listener_plugin.py
[2025-01-26T10:54:31.800-0300] {processor.py:927} WARNING - No viable dags retrieved from /mnt/c/Users/ander/Desktop/airflow-spark/airflow-spark/curso2/ambientX/lib/python3.9/site-packages/airflow/example_dags/plugins/listener_plugin.py
[2025-01-26T10:54:34.293-0300] {processor.py:208} INFO - Processing /mnt/c/Users/ander/Desktop/airflow-spark/airflow-spark/curso2/ambientX/lib/python3.9/site-packages/airflow/example_dags/plugins/listener_plugin.py took 0.077 seconds
[2025-01-26T10:55:29.385-0300] {processor.py:186} INFO - Started process (PID=12391) to work on /mnt/c/Users/ander/Desktop/airflow-spark/airflow-spark/curso2/ambientX/lib/python3.9/site-packages/airflow/example_dags/plugins/listener_plugin.py
[2025-01-26T10:55:29.386-0300] {processor.py:914} INFO - Processing file /mnt/c/Users/ander/Desktop/airflow-spark/airflow-spark/curso2/ambientX/lib/python3.9/site-packages/airflow/example_dags/plugins/listener_plugin.py for tasks to queue
[2025-01-26T10:55:29.388-0300] {logging_mixin.py:190} INFO - [2025-01-26T10:55:29.388-0300] {dagbag.py:588} INFO - Filling up the DagBag from /mnt/c/Users/ander/Desktop/airflow-spark/airflow-spark/curso2/ambientX/lib/python3.9/site-packages/airflow/example_dags/plugins/listener_plugin.py
[2025-01-26T10:55:29.415-0300] {processor.py:927} WARNING - No viable dags retrieved from /mnt/c/Users/ander/Desktop/airflow-spark/airflow-spark/curso2/ambientX/lib/python3.9/site-packages/airflow/example_dags/plugins/listener_plugin.py
[2025-01-26T10:55:29.450-0300] {processor.py:208} INFO - Processing /mnt/c/Users/ander/Desktop/airflow-spark/airflow-spark/curso2/ambientX/lib/python3.9/site-packages/airflow/example_dags/plugins/listener_plugin.py took 0.087 seconds
[2025-01-26T10:56:22.716-0300] {processor.py:186} INFO - Started process (PID=12608) to work on /mnt/c/Users/ander/Desktop/airflow-spark/airflow-spark/curso2/ambientX/lib/python3.9/site-packages/airflow/example_dags/plugins/listener_plugin.py
[2025-01-26T10:56:22.718-0300] {processor.py:914} INFO - Processing file /mnt/c/Users/ander/Desktop/airflow-spark/airflow-spark/curso2/ambientX/lib/python3.9/site-packages/airflow/example_dags/plugins/listener_plugin.py for tasks to queue
[2025-01-26T10:56:22.721-0300] {logging_mixin.py:190} INFO - [2025-01-26T10:56:22.720-0300] {dagbag.py:588} INFO - Filling up the DagBag from /mnt/c/Users/ander/Desktop/airflow-spark/airflow-spark/curso2/ambientX/lib/python3.9/site-packages/airflow/example_dags/plugins/listener_plugin.py
[2025-01-26T10:56:22.752-0300] {processor.py:927} WARNING - No viable dags retrieved from /mnt/c/Users/ander/Desktop/airflow-spark/airflow-spark/curso2/ambientX/lib/python3.9/site-packages/airflow/example_dags/plugins/listener_plugin.py
[2025-01-26T10:56:22.787-0300] {processor.py:208} INFO - Processing /mnt/c/Users/ander/Desktop/airflow-spark/airflow-spark/curso2/ambientX/lib/python3.9/site-packages/airflow/example_dags/plugins/listener_plugin.py took 0.097 seconds
[2025-01-26T10:57:16.218-0300] {processor.py:186} INFO - Started process (PID=12900) to work on /mnt/c/Users/ander/Desktop/airflow-spark/airflow-spark/curso2/ambientX/lib/python3.9/site-packages/airflow/example_dags/plugins/listener_plugin.py
[2025-01-26T10:57:16.219-0300] {processor.py:914} INFO - Processing file /mnt/c/Users/ander/Desktop/airflow-spark/airflow-spark/curso2/ambientX/lib/python3.9/site-packages/airflow/example_dags/plugins/listener_plugin.py for tasks to queue
[2025-01-26T10:57:16.221-0300] {logging_mixin.py:190} INFO - [2025-01-26T10:57:16.221-0300] {dagbag.py:588} INFO - Filling up the DagBag from /mnt/c/Users/ander/Desktop/airflow-spark/airflow-spark/curso2/ambientX/lib/python3.9/site-packages/airflow/example_dags/plugins/listener_plugin.py
[2025-01-26T10:57:16.251-0300] {processor.py:927} WARNING - No viable dags retrieved from /mnt/c/Users/ander/Desktop/airflow-spark/airflow-spark/curso2/ambientX/lib/python3.9/site-packages/airflow/example_dags/plugins/listener_plugin.py
[2025-01-26T10:57:16.285-0300] {processor.py:208} INFO - Processing /mnt/c/Users/ander/Desktop/airflow-spark/airflow-spark/curso2/ambientX/lib/python3.9/site-packages/airflow/example_dags/plugins/listener_plugin.py took 0.089 seconds
[2025-01-26T10:58:13.375-0300] {processor.py:186} INFO - Started process (PID=13132) to work on /mnt/c/Users/ander/Desktop/airflow-spark/airflow-spark/curso2/ambientX/lib/python3.9/site-packages/airflow/example_dags/plugins/listener_plugin.py
[2025-01-26T10:58:13.377-0300] {processor.py:914} INFO - Processing file /mnt/c/Users/ander/Desktop/airflow-spark/airflow-spark/curso2/ambientX/lib/python3.9/site-packages/airflow/example_dags/plugins/listener_plugin.py for tasks to queue
[2025-01-26T10:58:13.379-0300] {logging_mixin.py:190} INFO - [2025-01-26T10:58:13.378-0300] {dagbag.py:588} INFO - Filling up the DagBag from /mnt/c/Users/ander/Desktop/airflow-spark/airflow-spark/curso2/ambientX/lib/python3.9/site-packages/airflow/example_dags/plugins/listener_plugin.py
[2025-01-26T10:58:13.404-0300] {processor.py:927} WARNING - No viable dags retrieved from /mnt/c/Users/ander/Desktop/airflow-spark/airflow-spark/curso2/ambientX/lib/python3.9/site-packages/airflow/example_dags/plugins/listener_plugin.py
[2025-01-26T10:58:13.430-0300] {processor.py:208} INFO - Processing /mnt/c/Users/ander/Desktop/airflow-spark/airflow-spark/curso2/ambientX/lib/python3.9/site-packages/airflow/example_dags/plugins/listener_plugin.py took 0.074 seconds
[2025-01-26T10:59:12.978-0300] {processor.py:186} INFO - Started process (PID=13435) to work on /mnt/c/Users/ander/Desktop/airflow-spark/airflow-spark/curso2/ambientX/lib/python3.9/site-packages/airflow/example_dags/plugins/listener_plugin.py
[2025-01-26T10:59:12.980-0300] {processor.py:914} INFO - Processing file /mnt/c/Users/ander/Desktop/airflow-spark/airflow-spark/curso2/ambientX/lib/python3.9/site-packages/airflow/example_dags/plugins/listener_plugin.py for tasks to queue
[2025-01-26T10:59:12.982-0300] {logging_mixin.py:190} INFO - [2025-01-26T10:59:12.982-0300] {dagbag.py:588} INFO - Filling up the DagBag from /mnt/c/Users/ander/Desktop/airflow-spark/airflow-spark/curso2/ambientX/lib/python3.9/site-packages/airflow/example_dags/plugins/listener_plugin.py
[2025-01-26T10:59:13.005-0300] {processor.py:927} WARNING - No viable dags retrieved from /mnt/c/Users/ander/Desktop/airflow-spark/airflow-spark/curso2/ambientX/lib/python3.9/site-packages/airflow/example_dags/plugins/listener_plugin.py
[2025-01-26T10:59:13.038-0300] {processor.py:208} INFO - Processing /mnt/c/Users/ander/Desktop/airflow-spark/airflow-spark/curso2/ambientX/lib/python3.9/site-packages/airflow/example_dags/plugins/listener_plugin.py took 0.078 seconds
[2025-01-26T11:00:08.706-0300] {processor.py:186} INFO - Started process (PID=13705) to work on /mnt/c/Users/ander/Desktop/airflow-spark/airflow-spark/curso2/ambientX/lib/python3.9/site-packages/airflow/example_dags/plugins/listener_plugin.py
[2025-01-26T11:00:08.708-0300] {processor.py:914} INFO - Processing file /mnt/c/Users/ander/Desktop/airflow-spark/airflow-spark/curso2/ambientX/lib/python3.9/site-packages/airflow/example_dags/plugins/listener_plugin.py for tasks to queue
[2025-01-26T11:00:08.711-0300] {logging_mixin.py:190} INFO - [2025-01-26T11:00:08.711-0300] {dagbag.py:588} INFO - Filling up the DagBag from /mnt/c/Users/ander/Desktop/airflow-spark/airflow-spark/curso2/ambientX/lib/python3.9/site-packages/airflow/example_dags/plugins/listener_plugin.py
[2025-01-26T11:00:08.740-0300] {processor.py:927} WARNING - No viable dags retrieved from /mnt/c/Users/ander/Desktop/airflow-spark/airflow-spark/curso2/ambientX/lib/python3.9/site-packages/airflow/example_dags/plugins/listener_plugin.py
[2025-01-26T11:00:08.778-0300] {processor.py:208} INFO - Processing /mnt/c/Users/ander/Desktop/airflow-spark/airflow-spark/curso2/ambientX/lib/python3.9/site-packages/airflow/example_dags/plugins/listener_plugin.py took 0.091 seconds
[2025-01-26T11:01:09.882-0300] {processor.py:186} INFO - Started process (PID=14012) to work on /mnt/c/Users/ander/Desktop/airflow-spark/airflow-spark/curso2/ambientX/lib/python3.9/site-packages/airflow/example_dags/plugins/listener_plugin.py
[2025-01-26T11:01:09.883-0300] {processor.py:914} INFO - Processing file /mnt/c/Users/ander/Desktop/airflow-spark/airflow-spark/curso2/ambientX/lib/python3.9/site-packages/airflow/example_dags/plugins/listener_plugin.py for tasks to queue
[2025-01-26T11:01:09.885-0300] {logging_mixin.py:190} INFO - [2025-01-26T11:01:09.885-0300] {dagbag.py:588} INFO - Filling up the DagBag from /mnt/c/Users/ander/Desktop/airflow-spark/airflow-spark/curso2/ambientX/lib/python3.9/site-packages/airflow/example_dags/plugins/listener_plugin.py
[2025-01-26T11:01:09.906-0300] {processor.py:927} WARNING - No viable dags retrieved from /mnt/c/Users/ander/Desktop/airflow-spark/airflow-spark/curso2/ambientX/lib/python3.9/site-packages/airflow/example_dags/plugins/listener_plugin.py
[2025-01-26T11:01:09.933-0300] {processor.py:208} INFO - Processing /mnt/c/Users/ander/Desktop/airflow-spark/airflow-spark/curso2/ambientX/lib/python3.9/site-packages/airflow/example_dags/plugins/listener_plugin.py took 0.067 seconds
[2025-01-26T11:02:07.594-0300] {processor.py:186} INFO - Started process (PID=14253) to work on /mnt/c/Users/ander/Desktop/airflow-spark/airflow-spark/curso2/ambientX/lib/python3.9/site-packages/airflow/example_dags/plugins/listener_plugin.py
[2025-01-26T11:02:07.596-0300] {processor.py:914} INFO - Processing file /mnt/c/Users/ander/Desktop/airflow-spark/airflow-spark/curso2/ambientX/lib/python3.9/site-packages/airflow/example_dags/plugins/listener_plugin.py for tasks to queue
[2025-01-26T11:02:07.598-0300] {logging_mixin.py:190} INFO - [2025-01-26T11:02:07.598-0300] {dagbag.py:588} INFO - Filling up the DagBag from /mnt/c/Users/ander/Desktop/airflow-spark/airflow-spark/curso2/ambientX/lib/python3.9/site-packages/airflow/example_dags/plugins/listener_plugin.py
[2025-01-26T11:02:07.630-0300] {processor.py:927} WARNING - No viable dags retrieved from /mnt/c/Users/ander/Desktop/airflow-spark/airflow-spark/curso2/ambientX/lib/python3.9/site-packages/airflow/example_dags/plugins/listener_plugin.py
[2025-01-26T11:02:07.665-0300] {processor.py:208} INFO - Processing /mnt/c/Users/ander/Desktop/airflow-spark/airflow-spark/curso2/ambientX/lib/python3.9/site-packages/airflow/example_dags/plugins/listener_plugin.py took 0.094 seconds
[2025-01-26T11:03:02.204-0300] {processor.py:186} INFO - Started process (PID=14991) to work on /mnt/c/Users/ander/Desktop/airflow-spark/airflow-spark/curso2/ambientX/lib/python3.9/site-packages/airflow/example_dags/plugins/listener_plugin.py
[2025-01-26T11:03:02.206-0300] {processor.py:914} INFO - Processing file /mnt/c/Users/ander/Desktop/airflow-spark/airflow-spark/curso2/ambientX/lib/python3.9/site-packages/airflow/example_dags/plugins/listener_plugin.py for tasks to queue
[2025-01-26T11:03:02.208-0300] {logging_mixin.py:190} INFO - [2025-01-26T11:03:02.208-0300] {dagbag.py:588} INFO - Filling up the DagBag from /mnt/c/Users/ander/Desktop/airflow-spark/airflow-spark/curso2/ambientX/lib/python3.9/site-packages/airflow/example_dags/plugins/listener_plugin.py
[2025-01-26T11:03:02.238-0300] {processor.py:927} WARNING - No viable dags retrieved from /mnt/c/Users/ander/Desktop/airflow-spark/airflow-spark/curso2/ambientX/lib/python3.9/site-packages/airflow/example_dags/plugins/listener_plugin.py
[2025-01-26T11:03:02.273-0300] {processor.py:208} INFO - Processing /mnt/c/Users/ander/Desktop/airflow-spark/airflow-spark/curso2/ambientX/lib/python3.9/site-packages/airflow/example_dags/plugins/listener_plugin.py took 0.092 seconds
[2025-01-26T11:03:58.512-0300] {processor.py:186} INFO - Started process (PID=15221) to work on /mnt/c/Users/ander/Desktop/airflow-spark/airflow-spark/curso2/ambientX/lib/python3.9/site-packages/airflow/example_dags/plugins/listener_plugin.py
[2025-01-26T11:03:58.514-0300] {processor.py:914} INFO - Processing file /mnt/c/Users/ander/Desktop/airflow-spark/airflow-spark/curso2/ambientX/lib/python3.9/site-packages/airflow/example_dags/plugins/listener_plugin.py for tasks to queue
[2025-01-26T11:03:58.516-0300] {logging_mixin.py:190} INFO - [2025-01-26T11:03:58.516-0300] {dagbag.py:588} INFO - Filling up the DagBag from /mnt/c/Users/ander/Desktop/airflow-spark/airflow-spark/curso2/ambientX/lib/python3.9/site-packages/airflow/example_dags/plugins/listener_plugin.py
[2025-01-26T11:03:58.543-0300] {processor.py:927} WARNING - No viable dags retrieved from /mnt/c/Users/ander/Desktop/airflow-spark/airflow-spark/curso2/ambientX/lib/python3.9/site-packages/airflow/example_dags/plugins/listener_plugin.py
[2025-01-26T11:03:58.574-0300] {processor.py:208} INFO - Processing /mnt/c/Users/ander/Desktop/airflow-spark/airflow-spark/curso2/ambientX/lib/python3.9/site-packages/airflow/example_dags/plugins/listener_plugin.py took 0.085 seconds
[2025-01-26T11:04:50.440-0300] {processor.py:186} INFO - Started process (PID=15446) to work on /mnt/c/Users/ander/Desktop/airflow-spark/airflow-spark/curso2/ambientX/lib/python3.9/site-packages/airflow/example_dags/plugins/listener_plugin.py
[2025-01-26T11:04:50.442-0300] {processor.py:914} INFO - Processing file /mnt/c/Users/ander/Desktop/airflow-spark/airflow-spark/curso2/ambientX/lib/python3.9/site-packages/airflow/example_dags/plugins/listener_plugin.py for tasks to queue
[2025-01-26T11:04:50.444-0300] {logging_mixin.py:190} INFO - [2025-01-26T11:04:50.443-0300] {dagbag.py:588} INFO - Filling up the DagBag from /mnt/c/Users/ander/Desktop/airflow-spark/airflow-spark/curso2/ambientX/lib/python3.9/site-packages/airflow/example_dags/plugins/listener_plugin.py
[2025-01-26T11:04:50.471-0300] {processor.py:927} WARNING - No viable dags retrieved from /mnt/c/Users/ander/Desktop/airflow-spark/airflow-spark/curso2/ambientX/lib/python3.9/site-packages/airflow/example_dags/plugins/listener_plugin.py
[2025-01-26T11:04:50.501-0300] {processor.py:208} INFO - Processing /mnt/c/Users/ander/Desktop/airflow-spark/airflow-spark/curso2/ambientX/lib/python3.9/site-packages/airflow/example_dags/plugins/listener_plugin.py took 0.084 seconds
[2025-01-26T11:05:41.135-0300] {processor.py:186} INFO - Started process (PID=15603) to work on /mnt/c/Users/ander/Desktop/airflow-spark/airflow-spark/curso2/ambientX/lib/python3.9/site-packages/airflow/example_dags/plugins/listener_plugin.py
[2025-01-26T11:05:41.137-0300] {processor.py:914} INFO - Processing file /mnt/c/Users/ander/Desktop/airflow-spark/airflow-spark/curso2/ambientX/lib/python3.9/site-packages/airflow/example_dags/plugins/listener_plugin.py for tasks to queue
[2025-01-26T11:05:41.139-0300] {logging_mixin.py:190} INFO - [2025-01-26T11:05:41.138-0300] {dagbag.py:588} INFO - Filling up the DagBag from /mnt/c/Users/ander/Desktop/airflow-spark/airflow-spark/curso2/ambientX/lib/python3.9/site-packages/airflow/example_dags/plugins/listener_plugin.py
[2025-01-26T11:05:41.162-0300] {processor.py:927} WARNING - No viable dags retrieved from /mnt/c/Users/ander/Desktop/airflow-spark/airflow-spark/curso2/ambientX/lib/python3.9/site-packages/airflow/example_dags/plugins/listener_plugin.py
[2025-01-26T11:05:41.192-0300] {processor.py:208} INFO - Processing /mnt/c/Users/ander/Desktop/airflow-spark/airflow-spark/curso2/ambientX/lib/python3.9/site-packages/airflow/example_dags/plugins/listener_plugin.py took 0.075 seconds
[2025-01-26T11:06:29.479-0300] {processor.py:186} INFO - Started process (PID=15816) to work on /mnt/c/Users/ander/Desktop/airflow-spark/airflow-spark/curso2/ambientX/lib/python3.9/site-packages/airflow/example_dags/plugins/listener_plugin.py
[2025-01-26T11:06:29.481-0300] {processor.py:914} INFO - Processing file /mnt/c/Users/ander/Desktop/airflow-spark/airflow-spark/curso2/ambientX/lib/python3.9/site-packages/airflow/example_dags/plugins/listener_plugin.py for tasks to queue
[2025-01-26T11:06:29.483-0300] {logging_mixin.py:190} INFO - [2025-01-26T11:06:29.482-0300] {dagbag.py:588} INFO - Filling up the DagBag from /mnt/c/Users/ander/Desktop/airflow-spark/airflow-spark/curso2/ambientX/lib/python3.9/site-packages/airflow/example_dags/plugins/listener_plugin.py
[2025-01-26T11:06:29.508-0300] {processor.py:927} WARNING - No viable dags retrieved from /mnt/c/Users/ander/Desktop/airflow-spark/airflow-spark/curso2/ambientX/lib/python3.9/site-packages/airflow/example_dags/plugins/listener_plugin.py
[2025-01-26T11:06:29.538-0300] {processor.py:208} INFO - Processing /mnt/c/Users/ander/Desktop/airflow-spark/airflow-spark/curso2/ambientX/lib/python3.9/site-packages/airflow/example_dags/plugins/listener_plugin.py took 0.076 seconds
[2025-01-26T11:07:22.776-0300] {processor.py:186} INFO - Started process (PID=16038) to work on /mnt/c/Users/ander/Desktop/airflow-spark/airflow-spark/curso2/ambientX/lib/python3.9/site-packages/airflow/example_dags/plugins/listener_plugin.py
[2025-01-26T11:07:22.777-0300] {processor.py:914} INFO - Processing file /mnt/c/Users/ander/Desktop/airflow-spark/airflow-spark/curso2/ambientX/lib/python3.9/site-packages/airflow/example_dags/plugins/listener_plugin.py for tasks to queue
[2025-01-26T11:07:22.779-0300] {logging_mixin.py:190} INFO - [2025-01-26T11:07:22.779-0300] {dagbag.py:588} INFO - Filling up the DagBag from /mnt/c/Users/ander/Desktop/airflow-spark/airflow-spark/curso2/ambientX/lib/python3.9/site-packages/airflow/example_dags/plugins/listener_plugin.py
[2025-01-26T11:07:22.806-0300] {processor.py:927} WARNING - No viable dags retrieved from /mnt/c/Users/ander/Desktop/airflow-spark/airflow-spark/curso2/ambientX/lib/python3.9/site-packages/airflow/example_dags/plugins/listener_plugin.py
[2025-01-26T11:07:22.837-0300] {processor.py:208} INFO - Processing /mnt/c/Users/ander/Desktop/airflow-spark/airflow-spark/curso2/ambientX/lib/python3.9/site-packages/airflow/example_dags/plugins/listener_plugin.py took 0.081 seconds
[2025-01-26T11:08:12.474-0300] {processor.py:186} INFO - Started process (PID=16322) to work on /mnt/c/Users/ander/Desktop/airflow-spark/airflow-spark/curso2/ambientX/lib/python3.9/site-packages/airflow/example_dags/plugins/listener_plugin.py
[2025-01-26T11:08:12.475-0300] {processor.py:914} INFO - Processing file /mnt/c/Users/ander/Desktop/airflow-spark/airflow-spark/curso2/ambientX/lib/python3.9/site-packages/airflow/example_dags/plugins/listener_plugin.py for tasks to queue
[2025-01-26T11:08:12.477-0300] {logging_mixin.py:190} INFO - [2025-01-26T11:08:12.477-0300] {dagbag.py:588} INFO - Filling up the DagBag from /mnt/c/Users/ander/Desktop/airflow-spark/airflow-spark/curso2/ambientX/lib/python3.9/site-packages/airflow/example_dags/plugins/listener_plugin.py
[2025-01-26T11:08:12.504-0300] {processor.py:927} WARNING - No viable dags retrieved from /mnt/c/Users/ander/Desktop/airflow-spark/airflow-spark/curso2/ambientX/lib/python3.9/site-packages/airflow/example_dags/plugins/listener_plugin.py
[2025-01-26T11:08:12.545-0300] {processor.py:208} INFO - Processing /mnt/c/Users/ander/Desktop/airflow-spark/airflow-spark/curso2/ambientX/lib/python3.9/site-packages/airflow/example_dags/plugins/listener_plugin.py took 0.090 seconds
[2025-01-26T11:09:03.038-0300] {processor.py:186} INFO - Started process (PID=16547) to work on /mnt/c/Users/ander/Desktop/airflow-spark/airflow-spark/curso2/ambientX/lib/python3.9/site-packages/airflow/example_dags/plugins/listener_plugin.py
[2025-01-26T11:09:03.039-0300] {processor.py:914} INFO - Processing file /mnt/c/Users/ander/Desktop/airflow-spark/airflow-spark/curso2/ambientX/lib/python3.9/site-packages/airflow/example_dags/plugins/listener_plugin.py for tasks to queue
[2025-01-26T11:09:03.041-0300] {logging_mixin.py:190} INFO - [2025-01-26T11:09:03.041-0300] {dagbag.py:588} INFO - Filling up the DagBag from /mnt/c/Users/ander/Desktop/airflow-spark/airflow-spark/curso2/ambientX/lib/python3.9/site-packages/airflow/example_dags/plugins/listener_plugin.py
[2025-01-26T11:09:03.067-0300] {processor.py:927} WARNING - No viable dags retrieved from /mnt/c/Users/ander/Desktop/airflow-spark/airflow-spark/curso2/ambientX/lib/python3.9/site-packages/airflow/example_dags/plugins/listener_plugin.py
[2025-01-26T11:09:03.093-0300] {processor.py:208} INFO - Processing /mnt/c/Users/ander/Desktop/airflow-spark/airflow-spark/curso2/ambientX/lib/python3.9/site-packages/airflow/example_dags/plugins/listener_plugin.py took 0.072 seconds
[2025-01-26T11:09:55.575-0300] {processor.py:186} INFO - Started process (PID=16764) to work on /mnt/c/Users/ander/Desktop/airflow-spark/airflow-spark/curso2/ambientX/lib/python3.9/site-packages/airflow/example_dags/plugins/listener_plugin.py
[2025-01-26T11:09:55.576-0300] {processor.py:914} INFO - Processing file /mnt/c/Users/ander/Desktop/airflow-spark/airflow-spark/curso2/ambientX/lib/python3.9/site-packages/airflow/example_dags/plugins/listener_plugin.py for tasks to queue
[2025-01-26T11:09:55.578-0300] {logging_mixin.py:190} INFO - [2025-01-26T11:09:55.578-0300] {dagbag.py:588} INFO - Filling up the DagBag from /mnt/c/Users/ander/Desktop/airflow-spark/airflow-spark/curso2/ambientX/lib/python3.9/site-packages/airflow/example_dags/plugins/listener_plugin.py
[2025-01-26T11:09:55.599-0300] {processor.py:927} WARNING - No viable dags retrieved from /mnt/c/Users/ander/Desktop/airflow-spark/airflow-spark/curso2/ambientX/lib/python3.9/site-packages/airflow/example_dags/plugins/listener_plugin.py
[2025-01-26T11:09:55.627-0300] {processor.py:208} INFO - Processing /mnt/c/Users/ander/Desktop/airflow-spark/airflow-spark/curso2/ambientX/lib/python3.9/site-packages/airflow/example_dags/plugins/listener_plugin.py took 0.068 seconds
[2025-01-26T11:10:48.982-0300] {processor.py:186} INFO - Started process (PID=16934) to work on /mnt/c/Users/ander/Desktop/airflow-spark/airflow-spark/curso2/ambientX/lib/python3.9/site-packages/airflow/example_dags/plugins/listener_plugin.py
[2025-01-26T11:10:48.985-0300] {processor.py:914} INFO - Processing file /mnt/c/Users/ander/Desktop/airflow-spark/airflow-spark/curso2/ambientX/lib/python3.9/site-packages/airflow/example_dags/plugins/listener_plugin.py for tasks to queue
[2025-01-26T11:10:48.987-0300] {logging_mixin.py:190} INFO - [2025-01-26T11:10:48.987-0300] {dagbag.py:588} INFO - Filling up the DagBag from /mnt/c/Users/ander/Desktop/airflow-spark/airflow-spark/curso2/ambientX/lib/python3.9/site-packages/airflow/example_dags/plugins/listener_plugin.py
[2025-01-26T11:10:51.823-0300] {processor.py:927} WARNING - No viable dags retrieved from /mnt/c/Users/ander/Desktop/airflow-spark/airflow-spark/curso2/ambientX/lib/python3.9/site-packages/airflow/example_dags/plugins/listener_plugin.py
[2025-01-26T11:10:51.856-0300] {processor.py:208} INFO - Processing /mnt/c/Users/ander/Desktop/airflow-spark/airflow-spark/curso2/ambientX/lib/python3.9/site-packages/airflow/example_dags/plugins/listener_plugin.py took 0.089 seconds
[2025-01-26T11:12:14.332-0300] {processor.py:186} INFO - Started process (PID=17297) to work on /mnt/c/Users/ander/Desktop/airflow-spark/airflow-spark/curso2/ambientX/lib/python3.9/site-packages/airflow/example_dags/plugins/listener_plugin.py
[2025-01-26T11:12:14.333-0300] {processor.py:914} INFO - Processing file /mnt/c/Users/ander/Desktop/airflow-spark/airflow-spark/curso2/ambientX/lib/python3.9/site-packages/airflow/example_dags/plugins/listener_plugin.py for tasks to queue
[2025-01-26T11:12:14.336-0300] {logging_mixin.py:190} INFO - [2025-01-26T11:12:14.335-0300] {dagbag.py:588} INFO - Filling up the DagBag from /mnt/c/Users/ander/Desktop/airflow-spark/airflow-spark/curso2/ambientX/lib/python3.9/site-packages/airflow/example_dags/plugins/listener_plugin.py
[2025-01-26T11:12:14.362-0300] {processor.py:927} WARNING - No viable dags retrieved from /mnt/c/Users/ander/Desktop/airflow-spark/airflow-spark/curso2/ambientX/lib/python3.9/site-packages/airflow/example_dags/plugins/listener_plugin.py
[2025-01-26T11:12:14.412-0300] {processor.py:208} INFO - Processing /mnt/c/Users/ander/Desktop/airflow-spark/airflow-spark/curso2/ambientX/lib/python3.9/site-packages/airflow/example_dags/plugins/listener_plugin.py took 0.096 seconds
[2025-01-26T11:14:09.376-0300] {processor.py:186} INFO - Started process (PID=17869) to work on /mnt/c/Users/ander/Desktop/airflow-spark/airflow-spark/curso2/ambientX/lib/python3.9/site-packages/airflow/example_dags/plugins/listener_plugin.py
[2025-01-26T11:14:09.377-0300] {processor.py:914} INFO - Processing file /mnt/c/Users/ander/Desktop/airflow-spark/airflow-spark/curso2/ambientX/lib/python3.9/site-packages/airflow/example_dags/plugins/listener_plugin.py for tasks to queue
[2025-01-26T11:14:09.379-0300] {logging_mixin.py:190} INFO - [2025-01-26T11:14:09.379-0300] {dagbag.py:588} INFO - Filling up the DagBag from /mnt/c/Users/ander/Desktop/airflow-spark/airflow-spark/curso2/ambientX/lib/python3.9/site-packages/airflow/example_dags/plugins/listener_plugin.py
[2025-01-26T11:14:09.410-0300] {processor.py:927} WARNING - No viable dags retrieved from /mnt/c/Users/ander/Desktop/airflow-spark/airflow-spark/curso2/ambientX/lib/python3.9/site-packages/airflow/example_dags/plugins/listener_plugin.py
[2025-01-26T11:14:09.437-0300] {processor.py:208} INFO - Processing /mnt/c/Users/ander/Desktop/airflow-spark/airflow-spark/curso2/ambientX/lib/python3.9/site-packages/airflow/example_dags/plugins/listener_plugin.py took 0.078 seconds
[2025-01-26T11:16:02.444-0300] {processor.py:186} INFO - Started process (PID=18442) to work on /mnt/c/Users/ander/Desktop/airflow-spark/airflow-spark/curso2/ambientX/lib/python3.9/site-packages/airflow/example_dags/plugins/listener_plugin.py
[2025-01-26T11:16:02.445-0300] {processor.py:914} INFO - Processing file /mnt/c/Users/ander/Desktop/airflow-spark/airflow-spark/curso2/ambientX/lib/python3.9/site-packages/airflow/example_dags/plugins/listener_plugin.py for tasks to queue
[2025-01-26T11:16:02.447-0300] {logging_mixin.py:190} INFO - [2025-01-26T11:16:02.447-0300] {dagbag.py:588} INFO - Filling up the DagBag from /mnt/c/Users/ander/Desktop/airflow-spark/airflow-spark/curso2/ambientX/lib/python3.9/site-packages/airflow/example_dags/plugins/listener_plugin.py
[2025-01-26T11:16:02.470-0300] {processor.py:927} WARNING - No viable dags retrieved from /mnt/c/Users/ander/Desktop/airflow-spark/airflow-spark/curso2/ambientX/lib/python3.9/site-packages/airflow/example_dags/plugins/listener_plugin.py
[2025-01-26T11:16:02.503-0300] {processor.py:208} INFO - Processing /mnt/c/Users/ander/Desktop/airflow-spark/airflow-spark/curso2/ambientX/lib/python3.9/site-packages/airflow/example_dags/plugins/listener_plugin.py took 0.079 seconds
[2025-01-26T11:17:46.824-0300] {processor.py:186} INFO - Started process (PID=18838) to work on /mnt/c/Users/ander/Desktop/airflow-spark/airflow-spark/curso2/ambientX/lib/python3.9/site-packages/airflow/example_dags/plugins/listener_plugin.py
[2025-01-26T11:17:46.826-0300] {processor.py:914} INFO - Processing file /mnt/c/Users/ander/Desktop/airflow-spark/airflow-spark/curso2/ambientX/lib/python3.9/site-packages/airflow/example_dags/plugins/listener_plugin.py for tasks to queue
[2025-01-26T11:17:46.828-0300] {logging_mixin.py:190} INFO - [2025-01-26T11:17:46.828-0300] {dagbag.py:588} INFO - Filling up the DagBag from /mnt/c/Users/ander/Desktop/airflow-spark/airflow-spark/curso2/ambientX/lib/python3.9/site-packages/airflow/example_dags/plugins/listener_plugin.py
[2025-01-26T11:17:46.853-0300] {processor.py:927} WARNING - No viable dags retrieved from /mnt/c/Users/ander/Desktop/airflow-spark/airflow-spark/curso2/ambientX/lib/python3.9/site-packages/airflow/example_dags/plugins/listener_plugin.py
[2025-01-26T11:17:46.882-0300] {processor.py:208} INFO - Processing /mnt/c/Users/ander/Desktop/airflow-spark/airflow-spark/curso2/ambientX/lib/python3.9/site-packages/airflow/example_dags/plugins/listener_plugin.py took 0.076 seconds
[2025-01-26T11:19:16.214-0300] {processor.py:186} INFO - Started process (PID=19322) to work on /mnt/c/Users/ander/Desktop/airflow-spark/airflow-spark/curso2/ambientX/lib/python3.9/site-packages/airflow/example_dags/plugins/listener_plugin.py
[2025-01-26T11:19:16.216-0300] {processor.py:914} INFO - Processing file /mnt/c/Users/ander/Desktop/airflow-spark/airflow-spark/curso2/ambientX/lib/python3.9/site-packages/airflow/example_dags/plugins/listener_plugin.py for tasks to queue
[2025-01-26T11:19:16.218-0300] {logging_mixin.py:190} INFO - [2025-01-26T11:19:16.217-0300] {dagbag.py:588} INFO - Filling up the DagBag from /mnt/c/Users/ander/Desktop/airflow-spark/airflow-spark/curso2/ambientX/lib/python3.9/site-packages/airflow/example_dags/plugins/listener_plugin.py
[2025-01-26T11:19:16.244-0300] {processor.py:927} WARNING - No viable dags retrieved from /mnt/c/Users/ander/Desktop/airflow-spark/airflow-spark/curso2/ambientX/lib/python3.9/site-packages/airflow/example_dags/plugins/listener_plugin.py
[2025-01-26T11:19:16.279-0300] {processor.py:208} INFO - Processing /mnt/c/Users/ander/Desktop/airflow-spark/airflow-spark/curso2/ambientX/lib/python3.9/site-packages/airflow/example_dags/plugins/listener_plugin.py took 0.082 seconds
[2025-01-26T11:21:12.826-0300] {processor.py:186} INFO - Started process (PID=19782) to work on /mnt/c/Users/ander/Desktop/airflow-spark/airflow-spark/curso2/ambientX/lib/python3.9/site-packages/airflow/example_dags/plugins/listener_plugin.py
[2025-01-26T11:21:12.828-0300] {processor.py:914} INFO - Processing file /mnt/c/Users/ander/Desktop/airflow-spark/airflow-spark/curso2/ambientX/lib/python3.9/site-packages/airflow/example_dags/plugins/listener_plugin.py for tasks to queue
[2025-01-26T11:21:12.830-0300] {logging_mixin.py:190} INFO - [2025-01-26T11:21:12.830-0300] {dagbag.py:588} INFO - Filling up the DagBag from /mnt/c/Users/ander/Desktop/airflow-spark/airflow-spark/curso2/ambientX/lib/python3.9/site-packages/airflow/example_dags/plugins/listener_plugin.py
[2025-01-26T11:21:12.852-0300] {processor.py:927} WARNING - No viable dags retrieved from /mnt/c/Users/ander/Desktop/airflow-spark/airflow-spark/curso2/ambientX/lib/python3.9/site-packages/airflow/example_dags/plugins/listener_plugin.py
[2025-01-26T11:21:12.882-0300] {processor.py:208} INFO - Processing /mnt/c/Users/ander/Desktop/airflow-spark/airflow-spark/curso2/ambientX/lib/python3.9/site-packages/airflow/example_dags/plugins/listener_plugin.py took 0.074 seconds
[2025-01-26T11:23:06.457-0300] {processor.py:186} INFO - Started process (PID=20235) to work on /mnt/c/Users/ander/Desktop/airflow-spark/airflow-spark/curso2/ambientX/lib/python3.9/site-packages/airflow/example_dags/plugins/listener_plugin.py
[2025-01-26T11:23:06.459-0300] {processor.py:914} INFO - Processing file /mnt/c/Users/ander/Desktop/airflow-spark/airflow-spark/curso2/ambientX/lib/python3.9/site-packages/airflow/example_dags/plugins/listener_plugin.py for tasks to queue
[2025-01-26T11:23:06.461-0300] {logging_mixin.py:190} INFO - [2025-01-26T11:23:06.460-0300] {dagbag.py:588} INFO - Filling up the DagBag from /mnt/c/Users/ander/Desktop/airflow-spark/airflow-spark/curso2/ambientX/lib/python3.9/site-packages/airflow/example_dags/plugins/listener_plugin.py
[2025-01-26T11:23:06.487-0300] {processor.py:927} WARNING - No viable dags retrieved from /mnt/c/Users/ander/Desktop/airflow-spark/airflow-spark/curso2/ambientX/lib/python3.9/site-packages/airflow/example_dags/plugins/listener_plugin.py
[2025-01-26T11:23:06.518-0300] {processor.py:208} INFO - Processing /mnt/c/Users/ander/Desktop/airflow-spark/airflow-spark/curso2/ambientX/lib/python3.9/site-packages/airflow/example_dags/plugins/listener_plugin.py took 0.079 seconds
[2025-01-26T11:24:23.037-0300] {processor.py:186} INFO - Started process (PID=20596) to work on /mnt/c/Users/ander/Desktop/airflow-spark/airflow-spark/curso2/ambientX/lib/python3.9/site-packages/airflow/example_dags/plugins/listener_plugin.py
[2025-01-26T11:24:23.039-0300] {processor.py:914} INFO - Processing file /mnt/c/Users/ander/Desktop/airflow-spark/airflow-spark/curso2/ambientX/lib/python3.9/site-packages/airflow/example_dags/plugins/listener_plugin.py for tasks to queue
[2025-01-26T11:24:23.041-0300] {logging_mixin.py:190} INFO - [2025-01-26T11:24:23.040-0300] {dagbag.py:588} INFO - Filling up the DagBag from /mnt/c/Users/ander/Desktop/airflow-spark/airflow-spark/curso2/ambientX/lib/python3.9/site-packages/airflow/example_dags/plugins/listener_plugin.py
[2025-01-26T11:24:23.069-0300] {processor.py:927} WARNING - No viable dags retrieved from /mnt/c/Users/ander/Desktop/airflow-spark/airflow-spark/curso2/ambientX/lib/python3.9/site-packages/airflow/example_dags/plugins/listener_plugin.py
[2025-01-26T11:24:23.101-0300] {processor.py:208} INFO - Processing /mnt/c/Users/ander/Desktop/airflow-spark/airflow-spark/curso2/ambientX/lib/python3.9/site-packages/airflow/example_dags/plugins/listener_plugin.py took 0.083 seconds
[2025-01-26T11:25:36.093-0300] {processor.py:186} INFO - Started process (PID=20951) to work on /mnt/c/Users/ander/Desktop/airflow-spark/airflow-spark/curso2/ambientX/lib/python3.9/site-packages/airflow/example_dags/plugins/listener_plugin.py
[2025-01-26T11:25:36.095-0300] {processor.py:914} INFO - Processing file /mnt/c/Users/ander/Desktop/airflow-spark/airflow-spark/curso2/ambientX/lib/python3.9/site-packages/airflow/example_dags/plugins/listener_plugin.py for tasks to queue
[2025-01-26T11:25:36.097-0300] {logging_mixin.py:190} INFO - [2025-01-26T11:25:36.097-0300] {dagbag.py:588} INFO - Filling up the DagBag from /mnt/c/Users/ander/Desktop/airflow-spark/airflow-spark/curso2/ambientX/lib/python3.9/site-packages/airflow/example_dags/plugins/listener_plugin.py
[2025-01-26T11:25:36.122-0300] {processor.py:927} WARNING - No viable dags retrieved from /mnt/c/Users/ander/Desktop/airflow-spark/airflow-spark/curso2/ambientX/lib/python3.9/site-packages/airflow/example_dags/plugins/listener_plugin.py
[2025-01-26T11:25:36.148-0300] {processor.py:208} INFO - Processing /mnt/c/Users/ander/Desktop/airflow-spark/airflow-spark/curso2/ambientX/lib/python3.9/site-packages/airflow/example_dags/plugins/listener_plugin.py took 0.073 seconds
[2025-01-26T11:26:45.968-0300] {processor.py:186} INFO - Started process (PID=21296) to work on /mnt/c/Users/ander/Desktop/airflow-spark/airflow-spark/curso2/ambientX/lib/python3.9/site-packages/airflow/example_dags/plugins/listener_plugin.py
[2025-01-26T11:26:45.969-0300] {processor.py:914} INFO - Processing file /mnt/c/Users/ander/Desktop/airflow-spark/airflow-spark/curso2/ambientX/lib/python3.9/site-packages/airflow/example_dags/plugins/listener_plugin.py for tasks to queue
[2025-01-26T11:26:45.971-0300] {logging_mixin.py:190} INFO - [2025-01-26T11:26:45.970-0300] {dagbag.py:588} INFO - Filling up the DagBag from /mnt/c/Users/ander/Desktop/airflow-spark/airflow-spark/curso2/ambientX/lib/python3.9/site-packages/airflow/example_dags/plugins/listener_plugin.py
[2025-01-26T11:26:45.995-0300] {processor.py:927} WARNING - No viable dags retrieved from /mnt/c/Users/ander/Desktop/airflow-spark/airflow-spark/curso2/ambientX/lib/python3.9/site-packages/airflow/example_dags/plugins/listener_plugin.py
[2025-01-26T11:26:46.025-0300] {processor.py:208} INFO - Processing /mnt/c/Users/ander/Desktop/airflow-spark/airflow-spark/curso2/ambientX/lib/python3.9/site-packages/airflow/example_dags/plugins/listener_plugin.py took 0.075 seconds
[2025-01-26T11:27:59.026-0300] {processor.py:186} INFO - Started process (PID=21706) to work on /mnt/c/Users/ander/Desktop/airflow-spark/airflow-spark/curso2/ambientX/lib/python3.9/site-packages/airflow/example_dags/plugins/listener_plugin.py
[2025-01-26T11:27:59.027-0300] {processor.py:914} INFO - Processing file /mnt/c/Users/ander/Desktop/airflow-spark/airflow-spark/curso2/ambientX/lib/python3.9/site-packages/airflow/example_dags/plugins/listener_plugin.py for tasks to queue
[2025-01-26T11:27:59.029-0300] {logging_mixin.py:190} INFO - [2025-01-26T11:27:59.029-0300] {dagbag.py:588} INFO - Filling up the DagBag from /mnt/c/Users/ander/Desktop/airflow-spark/airflow-spark/curso2/ambientX/lib/python3.9/site-packages/airflow/example_dags/plugins/listener_plugin.py
[2025-01-26T11:27:59.051-0300] {processor.py:927} WARNING - No viable dags retrieved from /mnt/c/Users/ander/Desktop/airflow-spark/airflow-spark/curso2/ambientX/lib/python3.9/site-packages/airflow/example_dags/plugins/listener_plugin.py
[2025-01-26T11:27:59.078-0300] {processor.py:208} INFO - Processing /mnt/c/Users/ander/Desktop/airflow-spark/airflow-spark/curso2/ambientX/lib/python3.9/site-packages/airflow/example_dags/plugins/listener_plugin.py took 0.069 seconds
[2025-01-26T11:29:11.772-0300] {processor.py:186} INFO - Started process (PID=22056) to work on /mnt/c/Users/ander/Desktop/airflow-spark/airflow-spark/curso2/ambientX/lib/python3.9/site-packages/airflow/example_dags/plugins/listener_plugin.py
[2025-01-26T11:29:11.773-0300] {processor.py:914} INFO - Processing file /mnt/c/Users/ander/Desktop/airflow-spark/airflow-spark/curso2/ambientX/lib/python3.9/site-packages/airflow/example_dags/plugins/listener_plugin.py for tasks to queue
[2025-01-26T11:29:11.775-0300] {logging_mixin.py:190} INFO - [2025-01-26T11:29:11.774-0300] {dagbag.py:588} INFO - Filling up the DagBag from /mnt/c/Users/ander/Desktop/airflow-spark/airflow-spark/curso2/ambientX/lib/python3.9/site-packages/airflow/example_dags/plugins/listener_plugin.py
[2025-01-26T11:29:11.801-0300] {processor.py:927} WARNING - No viable dags retrieved from /mnt/c/Users/ander/Desktop/airflow-spark/airflow-spark/curso2/ambientX/lib/python3.9/site-packages/airflow/example_dags/plugins/listener_plugin.py
[2025-01-26T11:29:11.830-0300] {processor.py:208} INFO - Processing /mnt/c/Users/ander/Desktop/airflow-spark/airflow-spark/curso2/ambientX/lib/python3.9/site-packages/airflow/example_dags/plugins/listener_plugin.py took 0.075 seconds
[2025-01-26T11:30:35.147-0300] {processor.py:186} INFO - Started process (PID=22490) to work on /mnt/c/Users/ander/Desktop/airflow-spark/airflow-spark/curso2/ambientX/lib/python3.9/site-packages/airflow/example_dags/plugins/listener_plugin.py
[2025-01-26T11:30:35.149-0300] {processor.py:914} INFO - Processing file /mnt/c/Users/ander/Desktop/airflow-spark/airflow-spark/curso2/ambientX/lib/python3.9/site-packages/airflow/example_dags/plugins/listener_plugin.py for tasks to queue
[2025-01-26T11:30:35.151-0300] {logging_mixin.py:190} INFO - [2025-01-26T11:30:35.150-0300] {dagbag.py:588} INFO - Filling up the DagBag from /mnt/c/Users/ander/Desktop/airflow-spark/airflow-spark/curso2/ambientX/lib/python3.9/site-packages/airflow/example_dags/plugins/listener_plugin.py
[2025-01-26T11:30:35.176-0300] {processor.py:927} WARNING - No viable dags retrieved from /mnt/c/Users/ander/Desktop/airflow-spark/airflow-spark/curso2/ambientX/lib/python3.9/site-packages/airflow/example_dags/plugins/listener_plugin.py
[2025-01-26T11:30:35.205-0300] {processor.py:208} INFO - Processing /mnt/c/Users/ander/Desktop/airflow-spark/airflow-spark/curso2/ambientX/lib/python3.9/site-packages/airflow/example_dags/plugins/listener_plugin.py took 0.075 seconds
[2025-01-26T11:32:04.814-0300] {processor.py:186} INFO - Started process (PID=22884) to work on /mnt/c/Users/ander/Desktop/airflow-spark/airflow-spark/curso2/ambientX/lib/python3.9/site-packages/airflow/example_dags/plugins/listener_plugin.py
[2025-01-26T11:32:04.816-0300] {processor.py:914} INFO - Processing file /mnt/c/Users/ander/Desktop/airflow-spark/airflow-spark/curso2/ambientX/lib/python3.9/site-packages/airflow/example_dags/plugins/listener_plugin.py for tasks to queue
[2025-01-26T11:32:04.817-0300] {logging_mixin.py:190} INFO - [2025-01-26T11:32:04.817-0300] {dagbag.py:588} INFO - Filling up the DagBag from /mnt/c/Users/ander/Desktop/airflow-spark/airflow-spark/curso2/ambientX/lib/python3.9/site-packages/airflow/example_dags/plugins/listener_plugin.py
[2025-01-26T11:32:04.842-0300] {processor.py:927} WARNING - No viable dags retrieved from /mnt/c/Users/ander/Desktop/airflow-spark/airflow-spark/curso2/ambientX/lib/python3.9/site-packages/airflow/example_dags/plugins/listener_plugin.py
[2025-01-26T11:32:04.870-0300] {processor.py:208} INFO - Processing /mnt/c/Users/ander/Desktop/airflow-spark/airflow-spark/curso2/ambientX/lib/python3.9/site-packages/airflow/example_dags/plugins/listener_plugin.py took 0.073 seconds
[2025-01-26T11:33:30.168-0300] {processor.py:186} INFO - Started process (PID=23330) to work on /mnt/c/Users/ander/Desktop/airflow-spark/airflow-spark/curso2/ambientX/lib/python3.9/site-packages/airflow/example_dags/plugins/listener_plugin.py
[2025-01-26T11:33:30.169-0300] {processor.py:914} INFO - Processing file /mnt/c/Users/ander/Desktop/airflow-spark/airflow-spark/curso2/ambientX/lib/python3.9/site-packages/airflow/example_dags/plugins/listener_plugin.py for tasks to queue
[2025-01-26T11:33:30.171-0300] {logging_mixin.py:190} INFO - [2025-01-26T11:33:30.171-0300] {dagbag.py:588} INFO - Filling up the DagBag from /mnt/c/Users/ander/Desktop/airflow-spark/airflow-spark/curso2/ambientX/lib/python3.9/site-packages/airflow/example_dags/plugins/listener_plugin.py
[2025-01-26T11:33:30.195-0300] {processor.py:927} WARNING - No viable dags retrieved from /mnt/c/Users/ander/Desktop/airflow-spark/airflow-spark/curso2/ambientX/lib/python3.9/site-packages/airflow/example_dags/plugins/listener_plugin.py
[2025-01-26T11:33:30.225-0300] {processor.py:208} INFO - Processing /mnt/c/Users/ander/Desktop/airflow-spark/airflow-spark/curso2/ambientX/lib/python3.9/site-packages/airflow/example_dags/plugins/listener_plugin.py took 0.075 seconds
[2025-01-26T11:34:28.005-0300] {processor.py:186} INFO - Started process (PID=23576) to work on /mnt/c/Users/ander/Desktop/airflow-spark/airflow-spark/curso2/ambientX/lib/python3.9/site-packages/airflow/example_dags/plugins/listener_plugin.py
[2025-01-26T11:34:28.006-0300] {processor.py:914} INFO - Processing file /mnt/c/Users/ander/Desktop/airflow-spark/airflow-spark/curso2/ambientX/lib/python3.9/site-packages/airflow/example_dags/plugins/listener_plugin.py for tasks to queue
[2025-01-26T11:34:28.008-0300] {logging_mixin.py:190} INFO - [2025-01-26T11:34:28.008-0300] {dagbag.py:588} INFO - Filling up the DagBag from /mnt/c/Users/ander/Desktop/airflow-spark/airflow-spark/curso2/ambientX/lib/python3.9/site-packages/airflow/example_dags/plugins/listener_plugin.py
[2025-01-26T11:34:28.033-0300] {processor.py:927} WARNING - No viable dags retrieved from /mnt/c/Users/ander/Desktop/airflow-spark/airflow-spark/curso2/ambientX/lib/python3.9/site-packages/airflow/example_dags/plugins/listener_plugin.py
[2025-01-26T11:34:28.062-0300] {processor.py:208} INFO - Processing /mnt/c/Users/ander/Desktop/airflow-spark/airflow-spark/curso2/ambientX/lib/python3.9/site-packages/airflow/example_dags/plugins/listener_plugin.py took 0.075 seconds
[2025-01-26T11:35:16.549-0300] {processor.py:186} INFO - Started process (PID=23860) to work on /mnt/c/Users/ander/Desktop/airflow-spark/airflow-spark/curso2/ambientX/lib/python3.9/site-packages/airflow/example_dags/plugins/listener_plugin.py
[2025-01-26T11:35:16.551-0300] {processor.py:914} INFO - Processing file /mnt/c/Users/ander/Desktop/airflow-spark/airflow-spark/curso2/ambientX/lib/python3.9/site-packages/airflow/example_dags/plugins/listener_plugin.py for tasks to queue
[2025-01-26T11:35:16.553-0300] {logging_mixin.py:190} INFO - [2025-01-26T11:35:16.552-0300] {dagbag.py:588} INFO - Filling up the DagBag from /mnt/c/Users/ander/Desktop/airflow-spark/airflow-spark/curso2/ambientX/lib/python3.9/site-packages/airflow/example_dags/plugins/listener_plugin.py
[2025-01-26T11:35:16.577-0300] {processor.py:927} WARNING - No viable dags retrieved from /mnt/c/Users/ander/Desktop/airflow-spark/airflow-spark/curso2/ambientX/lib/python3.9/site-packages/airflow/example_dags/plugins/listener_plugin.py
[2025-01-26T11:35:16.605-0300] {processor.py:208} INFO - Processing /mnt/c/Users/ander/Desktop/airflow-spark/airflow-spark/curso2/ambientX/lib/python3.9/site-packages/airflow/example_dags/plugins/listener_plugin.py took 0.074 seconds
[2025-01-26T11:36:08.777-0300] {processor.py:186} INFO - Started process (PID=24085) to work on /mnt/c/Users/ander/Desktop/airflow-spark/airflow-spark/curso2/ambientX/lib/python3.9/site-packages/airflow/example_dags/plugins/listener_plugin.py
[2025-01-26T11:36:08.779-0300] {processor.py:914} INFO - Processing file /mnt/c/Users/ander/Desktop/airflow-spark/airflow-spark/curso2/ambientX/lib/python3.9/site-packages/airflow/example_dags/plugins/listener_plugin.py for tasks to queue
[2025-01-26T11:36:08.781-0300] {logging_mixin.py:190} INFO - [2025-01-26T11:36:08.780-0300] {dagbag.py:588} INFO - Filling up the DagBag from /mnt/c/Users/ander/Desktop/airflow-spark/airflow-spark/curso2/ambientX/lib/python3.9/site-packages/airflow/example_dags/plugins/listener_plugin.py
[2025-01-26T11:36:08.804-0300] {processor.py:927} WARNING - No viable dags retrieved from /mnt/c/Users/ander/Desktop/airflow-spark/airflow-spark/curso2/ambientX/lib/python3.9/site-packages/airflow/example_dags/plugins/listener_plugin.py
[2025-01-26T11:36:08.830-0300] {processor.py:208} INFO - Processing /mnt/c/Users/ander/Desktop/airflow-spark/airflow-spark/curso2/ambientX/lib/python3.9/site-packages/airflow/example_dags/plugins/listener_plugin.py took 0.070 seconds
[2025-01-26T11:36:58.811-0300] {processor.py:186} INFO - Started process (PID=24312) to work on /mnt/c/Users/ander/Desktop/airflow-spark/airflow-spark/curso2/ambientX/lib/python3.9/site-packages/airflow/example_dags/plugins/listener_plugin.py
[2025-01-26T11:36:58.813-0300] {processor.py:914} INFO - Processing file /mnt/c/Users/ander/Desktop/airflow-spark/airflow-spark/curso2/ambientX/lib/python3.9/site-packages/airflow/example_dags/plugins/listener_plugin.py for tasks to queue
[2025-01-26T11:36:58.815-0300] {logging_mixin.py:190} INFO - [2025-01-26T11:36:58.815-0300] {dagbag.py:588} INFO - Filling up the DagBag from /mnt/c/Users/ander/Desktop/airflow-spark/airflow-spark/curso2/ambientX/lib/python3.9/site-packages/airflow/example_dags/plugins/listener_plugin.py
[2025-01-26T11:36:58.836-0300] {processor.py:927} WARNING - No viable dags retrieved from /mnt/c/Users/ander/Desktop/airflow-spark/airflow-spark/curso2/ambientX/lib/python3.9/site-packages/airflow/example_dags/plugins/listener_plugin.py
[2025-01-26T11:36:58.864-0300] {processor.py:208} INFO - Processing /mnt/c/Users/ander/Desktop/airflow-spark/airflow-spark/curso2/ambientX/lib/python3.9/site-packages/airflow/example_dags/plugins/listener_plugin.py took 0.071 seconds
[2025-01-26T11:37:52.421-0300] {processor.py:186} INFO - Started process (PID=24602) to work on /mnt/c/Users/ander/Desktop/airflow-spark/airflow-spark/curso2/ambientX/lib/python3.9/site-packages/airflow/example_dags/plugins/listener_plugin.py
[2025-01-26T11:37:52.423-0300] {processor.py:914} INFO - Processing file /mnt/c/Users/ander/Desktop/airflow-spark/airflow-spark/curso2/ambientX/lib/python3.9/site-packages/airflow/example_dags/plugins/listener_plugin.py for tasks to queue
[2025-01-26T11:37:52.425-0300] {logging_mixin.py:190} INFO - [2025-01-26T11:37:52.424-0300] {dagbag.py:588} INFO - Filling up the DagBag from /mnt/c/Users/ander/Desktop/airflow-spark/airflow-spark/curso2/ambientX/lib/python3.9/site-packages/airflow/example_dags/plugins/listener_plugin.py
[2025-01-26T11:37:52.450-0300] {processor.py:927} WARNING - No viable dags retrieved from /mnt/c/Users/ander/Desktop/airflow-spark/airflow-spark/curso2/ambientX/lib/python3.9/site-packages/airflow/example_dags/plugins/listener_plugin.py
[2025-01-26T11:37:52.485-0300] {processor.py:208} INFO - Processing /mnt/c/Users/ander/Desktop/airflow-spark/airflow-spark/curso2/ambientX/lib/python3.9/site-packages/airflow/example_dags/plugins/listener_plugin.py took 0.081 seconds
[2025-01-26T11:38:42.329-0300] {processor.py:186} INFO - Started process (PID=24830) to work on /mnt/c/Users/ander/Desktop/airflow-spark/airflow-spark/curso2/ambientX/lib/python3.9/site-packages/airflow/example_dags/plugins/listener_plugin.py
[2025-01-26T11:38:42.330-0300] {processor.py:914} INFO - Processing file /mnt/c/Users/ander/Desktop/airflow-spark/airflow-spark/curso2/ambientX/lib/python3.9/site-packages/airflow/example_dags/plugins/listener_plugin.py for tasks to queue
[2025-01-26T11:38:42.332-0300] {logging_mixin.py:190} INFO - [2025-01-26T11:38:42.332-0300] {dagbag.py:588} INFO - Filling up the DagBag from /mnt/c/Users/ander/Desktop/airflow-spark/airflow-spark/curso2/ambientX/lib/python3.9/site-packages/airflow/example_dags/plugins/listener_plugin.py
[2025-01-26T11:38:42.358-0300] {processor.py:927} WARNING - No viable dags retrieved from /mnt/c/Users/ander/Desktop/airflow-spark/airflow-spark/curso2/ambientX/lib/python3.9/site-packages/airflow/example_dags/plugins/listener_plugin.py
[2025-01-26T11:38:42.387-0300] {processor.py:208} INFO - Processing /mnt/c/Users/ander/Desktop/airflow-spark/airflow-spark/curso2/ambientX/lib/python3.9/site-packages/airflow/example_dags/plugins/listener_plugin.py took 0.076 seconds
[2025-01-26T11:39:32.905-0300] {processor.py:186} INFO - Started process (PID=25054) to work on /mnt/c/Users/ander/Desktop/airflow-spark/airflow-spark/curso2/ambientX/lib/python3.9/site-packages/airflow/example_dags/plugins/listener_plugin.py
[2025-01-26T11:39:32.907-0300] {processor.py:914} INFO - Processing file /mnt/c/Users/ander/Desktop/airflow-spark/airflow-spark/curso2/ambientX/lib/python3.9/site-packages/airflow/example_dags/plugins/listener_plugin.py for tasks to queue
[2025-01-26T11:39:32.909-0300] {logging_mixin.py:190} INFO - [2025-01-26T11:39:32.908-0300] {dagbag.py:588} INFO - Filling up the DagBag from /mnt/c/Users/ander/Desktop/airflow-spark/airflow-spark/curso2/ambientX/lib/python3.9/site-packages/airflow/example_dags/plugins/listener_plugin.py
[2025-01-26T11:39:32.930-0300] {processor.py:927} WARNING - No viable dags retrieved from /mnt/c/Users/ander/Desktop/airflow-spark/airflow-spark/curso2/ambientX/lib/python3.9/site-packages/airflow/example_dags/plugins/listener_plugin.py
[2025-01-26T11:39:32.958-0300] {processor.py:208} INFO - Processing /mnt/c/Users/ander/Desktop/airflow-spark/airflow-spark/curso2/ambientX/lib/python3.9/site-packages/airflow/example_dags/plugins/listener_plugin.py took 0.070 seconds
[2025-01-26T11:40:21.023-0300] {processor.py:186} INFO - Started process (PID=25276) to work on /mnt/c/Users/ander/Desktop/airflow-spark/airflow-spark/curso2/ambientX/lib/python3.9/site-packages/airflow/example_dags/plugins/listener_plugin.py
[2025-01-26T11:40:21.024-0300] {processor.py:914} INFO - Processing file /mnt/c/Users/ander/Desktop/airflow-spark/airflow-spark/curso2/ambientX/lib/python3.9/site-packages/airflow/example_dags/plugins/listener_plugin.py for tasks to queue
[2025-01-26T11:40:21.026-0300] {logging_mixin.py:190} INFO - [2025-01-26T11:40:21.025-0300] {dagbag.py:588} INFO - Filling up the DagBag from /mnt/c/Users/ander/Desktop/airflow-spark/airflow-spark/curso2/ambientX/lib/python3.9/site-packages/airflow/example_dags/plugins/listener_plugin.py
[2025-01-26T11:40:21.046-0300] {processor.py:927} WARNING - No viable dags retrieved from /mnt/c/Users/ander/Desktop/airflow-spark/airflow-spark/curso2/ambientX/lib/python3.9/site-packages/airflow/example_dags/plugins/listener_plugin.py
[2025-01-26T11:40:21.072-0300] {processor.py:208} INFO - Processing /mnt/c/Users/ander/Desktop/airflow-spark/airflow-spark/curso2/ambientX/lib/python3.9/site-packages/airflow/example_dags/plugins/listener_plugin.py took 0.066 seconds
[2025-01-26T11:41:07.362-0300] {processor.py:186} INFO - Started process (PID=25493) to work on /mnt/c/Users/ander/Desktop/airflow-spark/airflow-spark/curso2/ambientX/lib/python3.9/site-packages/airflow/example_dags/plugins/listener_plugin.py
[2025-01-26T11:41:07.363-0300] {processor.py:914} INFO - Processing file /mnt/c/Users/ander/Desktop/airflow-spark/airflow-spark/curso2/ambientX/lib/python3.9/site-packages/airflow/example_dags/plugins/listener_plugin.py for tasks to queue
[2025-01-26T11:41:07.365-0300] {logging_mixin.py:190} INFO - [2025-01-26T11:41:07.365-0300] {dagbag.py:588} INFO - Filling up the DagBag from /mnt/c/Users/ander/Desktop/airflow-spark/airflow-spark/curso2/ambientX/lib/python3.9/site-packages/airflow/example_dags/plugins/listener_plugin.py
[2025-01-26T11:41:07.388-0300] {processor.py:927} WARNING - No viable dags retrieved from /mnt/c/Users/ander/Desktop/airflow-spark/airflow-spark/curso2/ambientX/lib/python3.9/site-packages/airflow/example_dags/plugins/listener_plugin.py
[2025-01-26T11:41:07.417-0300] {processor.py:208} INFO - Processing /mnt/c/Users/ander/Desktop/airflow-spark/airflow-spark/curso2/ambientX/lib/python3.9/site-packages/airflow/example_dags/plugins/listener_plugin.py took 0.072 seconds
[2025-01-26T11:41:57.587-0300] {processor.py:186} INFO - Started process (PID=25777) to work on /mnt/c/Users/ander/Desktop/airflow-spark/airflow-spark/curso2/ambientX/lib/python3.9/site-packages/airflow/example_dags/plugins/listener_plugin.py
[2025-01-26T11:41:57.589-0300] {processor.py:914} INFO - Processing file /mnt/c/Users/ander/Desktop/airflow-spark/airflow-spark/curso2/ambientX/lib/python3.9/site-packages/airflow/example_dags/plugins/listener_plugin.py for tasks to queue
[2025-01-26T11:41:57.591-0300] {logging_mixin.py:190} INFO - [2025-01-26T11:41:57.590-0300] {dagbag.py:588} INFO - Filling up the DagBag from /mnt/c/Users/ander/Desktop/airflow-spark/airflow-spark/curso2/ambientX/lib/python3.9/site-packages/airflow/example_dags/plugins/listener_plugin.py
[2025-01-26T11:41:57.613-0300] {processor.py:927} WARNING - No viable dags retrieved from /mnt/c/Users/ander/Desktop/airflow-spark/airflow-spark/curso2/ambientX/lib/python3.9/site-packages/airflow/example_dags/plugins/listener_plugin.py
[2025-01-26T11:41:57.641-0300] {processor.py:208} INFO - Processing /mnt/c/Users/ander/Desktop/airflow-spark/airflow-spark/curso2/ambientX/lib/python3.9/site-packages/airflow/example_dags/plugins/listener_plugin.py took 0.071 seconds
[2025-01-26T11:42:49.552-0300] {processor.py:186} INFO - Started process (PID=26078) to work on /mnt/c/Users/ander/Desktop/airflow-spark/airflow-spark/curso2/ambientX/lib/python3.9/site-packages/airflow/example_dags/plugins/listener_plugin.py
[2025-01-26T11:42:49.553-0300] {processor.py:914} INFO - Processing file /mnt/c/Users/ander/Desktop/airflow-spark/airflow-spark/curso2/ambientX/lib/python3.9/site-packages/airflow/example_dags/plugins/listener_plugin.py for tasks to queue
[2025-01-26T11:42:49.555-0300] {logging_mixin.py:190} INFO - [2025-01-26T11:42:49.555-0300] {dagbag.py:588} INFO - Filling up the DagBag from /mnt/c/Users/ander/Desktop/airflow-spark/airflow-spark/curso2/ambientX/lib/python3.9/site-packages/airflow/example_dags/plugins/listener_plugin.py
[2025-01-26T11:42:49.581-0300] {processor.py:927} WARNING - No viable dags retrieved from /mnt/c/Users/ander/Desktop/airflow-spark/airflow-spark/curso2/ambientX/lib/python3.9/site-packages/airflow/example_dags/plugins/listener_plugin.py
[2025-01-26T11:42:49.608-0300] {processor.py:208} INFO - Processing /mnt/c/Users/ander/Desktop/airflow-spark/airflow-spark/curso2/ambientX/lib/python3.9/site-packages/airflow/example_dags/plugins/listener_plugin.py took 0.073 seconds
[2025-01-26T11:43:45.927-0300] {processor.py:186} INFO - Started process (PID=26377) to work on /mnt/c/Users/ander/Desktop/airflow-spark/airflow-spark/curso2/ambientX/lib/python3.9/site-packages/airflow/example_dags/plugins/listener_plugin.py
[2025-01-26T11:43:45.929-0300] {processor.py:914} INFO - Processing file /mnt/c/Users/ander/Desktop/airflow-spark/airflow-spark/curso2/ambientX/lib/python3.9/site-packages/airflow/example_dags/plugins/listener_plugin.py for tasks to queue
[2025-01-26T11:43:45.931-0300] {logging_mixin.py:190} INFO - [2025-01-26T11:43:45.930-0300] {dagbag.py:588} INFO - Filling up the DagBag from /mnt/c/Users/ander/Desktop/airflow-spark/airflow-spark/curso2/ambientX/lib/python3.9/site-packages/airflow/example_dags/plugins/listener_plugin.py
[2025-01-26T11:43:45.958-0300] {processor.py:927} WARNING - No viable dags retrieved from /mnt/c/Users/ander/Desktop/airflow-spark/airflow-spark/curso2/ambientX/lib/python3.9/site-packages/airflow/example_dags/plugins/listener_plugin.py
[2025-01-26T11:43:45.986-0300] {processor.py:208} INFO - Processing /mnt/c/Users/ander/Desktop/airflow-spark/airflow-spark/curso2/ambientX/lib/python3.9/site-packages/airflow/example_dags/plugins/listener_plugin.py took 0.077 seconds
[2025-01-26T11:44:38.741-0300] {processor.py:186} INFO - Started process (PID=26615) to work on /mnt/c/Users/ander/Desktop/airflow-spark/airflow-spark/curso2/ambientX/lib/python3.9/site-packages/airflow/example_dags/plugins/listener_plugin.py
[2025-01-26T11:44:38.742-0300] {processor.py:914} INFO - Processing file /mnt/c/Users/ander/Desktop/airflow-spark/airflow-spark/curso2/ambientX/lib/python3.9/site-packages/airflow/example_dags/plugins/listener_plugin.py for tasks to queue
[2025-01-26T11:44:38.745-0300] {logging_mixin.py:190} INFO - [2025-01-26T11:44:38.744-0300] {dagbag.py:588} INFO - Filling up the DagBag from /mnt/c/Users/ander/Desktop/airflow-spark/airflow-spark/curso2/ambientX/lib/python3.9/site-packages/airflow/example_dags/plugins/listener_plugin.py
[2025-01-26T11:44:38.770-0300] {processor.py:927} WARNING - No viable dags retrieved from /mnt/c/Users/ander/Desktop/airflow-spark/airflow-spark/curso2/ambientX/lib/python3.9/site-packages/airflow/example_dags/plugins/listener_plugin.py
[2025-01-26T11:44:38.798-0300] {processor.py:208} INFO - Processing /mnt/c/Users/ander/Desktop/airflow-spark/airflow-spark/curso2/ambientX/lib/python3.9/site-packages/airflow/example_dags/plugins/listener_plugin.py took 0.076 seconds
[2025-01-26T11:45:31.784-0300] {processor.py:186} INFO - Started process (PID=26852) to work on /mnt/c/Users/ander/Desktop/airflow-spark/airflow-spark/curso2/ambientX/lib/python3.9/site-packages/airflow/example_dags/plugins/listener_plugin.py
[2025-01-26T11:45:31.786-0300] {processor.py:914} INFO - Processing file /mnt/c/Users/ander/Desktop/airflow-spark/airflow-spark/curso2/ambientX/lib/python3.9/site-packages/airflow/example_dags/plugins/listener_plugin.py for tasks to queue
[2025-01-26T11:45:31.788-0300] {logging_mixin.py:190} INFO - [2025-01-26T11:45:31.788-0300] {dagbag.py:588} INFO - Filling up the DagBag from /mnt/c/Users/ander/Desktop/airflow-spark/airflow-spark/curso2/ambientX/lib/python3.9/site-packages/airflow/example_dags/plugins/listener_plugin.py
[2025-01-26T11:45:31.823-0300] {processor.py:927} WARNING - No viable dags retrieved from /mnt/c/Users/ander/Desktop/airflow-spark/airflow-spark/curso2/ambientX/lib/python3.9/site-packages/airflow/example_dags/plugins/listener_plugin.py
[2025-01-26T11:45:31.861-0300] {processor.py:208} INFO - Processing /mnt/c/Users/ander/Desktop/airflow-spark/airflow-spark/curso2/ambientX/lib/python3.9/site-packages/airflow/example_dags/plugins/listener_plugin.py took 0.095 seconds
