[2025-01-26T10:24:59.210-0300] {processor.py:186} INFO - Started process (PID=1789) to work on /mnt/c/Users/ander/Desktop/airflow-spark/airflow-spark/curso2/ambientX/lib/python3.9/site-packages/airflow/example_dags/plugins/workday.py
[2025-01-26T10:24:59.212-0300] {processor.py:914} INFO - Processing file /mnt/c/Users/ander/Desktop/airflow-spark/airflow-spark/curso2/ambientX/lib/python3.9/site-packages/airflow/example_dags/plugins/workday.py for tasks to queue
[2025-01-26T10:24:59.216-0300] {logging_mixin.py:190} INFO - [2025-01-26T10:24:59.215-0300] {dagbag.py:588} INFO - Filling up the DagBag from /mnt/c/Users/ander/Desktop/airflow-spark/airflow-spark/curso2/ambientX/lib/python3.9/site-packages/airflow/example_dags/plugins/workday.py
[2025-01-26T10:24:59.249-0300] {logging_mixin.py:190} INFO - [2025-01-26T10:24:59.249-0300] {workday.py:41} WARNING - Could not import pandas. Holidays will not be considered.
[2025-01-26T10:24:59.250-0300] {processor.py:927} WARNING - No viable dags retrieved from /mnt/c/Users/ander/Desktop/airflow-spark/airflow-spark/curso2/ambientX/lib/python3.9/site-packages/airflow/example_dags/plugins/workday.py
[2025-01-26T10:24:59.287-0300] {processor.py:208} INFO - Processing /mnt/c/Users/ander/Desktop/airflow-spark/airflow-spark/curso2/ambientX/lib/python3.9/site-packages/airflow/example_dags/plugins/workday.py took 0.095 seconds
[2025-01-26T10:26:36.243-0300] {processor.py:186} INFO - Started process (PID=2999) to work on /mnt/c/Users/ander/Desktop/airflow-spark/airflow-spark/curso2/ambientX/lib/python3.9/site-packages/airflow/example_dags/plugins/workday.py
[2025-01-26T10:26:36.245-0300] {processor.py:914} INFO - Processing file /mnt/c/Users/ander/Desktop/airflow-spark/airflow-spark/curso2/ambientX/lib/python3.9/site-packages/airflow/example_dags/plugins/workday.py for tasks to queue
[2025-01-26T10:26:36.255-0300] {logging_mixin.py:190} INFO - [2025-01-26T10:26:36.254-0300] {dagbag.py:588} INFO - Filling up the DagBag from /mnt/c/Users/ander/Desktop/airflow-spark/airflow-spark/curso2/ambientX/lib/python3.9/site-packages/airflow/example_dags/plugins/workday.py
[2025-01-26T10:26:36.349-0300] {logging_mixin.py:190} INFO - [2025-01-26T10:26:36.349-0300] {workday.py:41} WARNING - Could not import pandas. Holidays will not be considered.
[2025-01-26T10:26:36.350-0300] {processor.py:927} WARNING - No viable dags retrieved from /mnt/c/Users/ander/Desktop/airflow-spark/airflow-spark/curso2/ambientX/lib/python3.9/site-packages/airflow/example_dags/plugins/workday.py
[2025-01-26T10:26:36.395-0300] {processor.py:208} INFO - Processing /mnt/c/Users/ander/Desktop/airflow-spark/airflow-spark/curso2/ambientX/lib/python3.9/site-packages/airflow/example_dags/plugins/workday.py took 0.179 seconds
[2025-01-26T10:38:13.023-0300] {processor.py:186} INFO - Started process (PID=7884) to work on /mnt/c/Users/ander/Desktop/airflow-spark/airflow-spark/curso2/ambientX/lib/python3.9/site-packages/airflow/example_dags/plugins/workday.py
[2025-01-26T10:38:13.025-0300] {processor.py:914} INFO - Processing file /mnt/c/Users/ander/Desktop/airflow-spark/airflow-spark/curso2/ambientX/lib/python3.9/site-packages/airflow/example_dags/plugins/workday.py for tasks to queue
[2025-01-26T10:38:13.027-0300] {logging_mixin.py:190} INFO - [2025-01-26T10:38:13.026-0300] {dagbag.py:588} INFO - Filling up the DagBag from /mnt/c/Users/ander/Desktop/airflow-spark/airflow-spark/curso2/ambientX/lib/python3.9/site-packages/airflow/example_dags/plugins/workday.py
[2025-01-26T10:38:13.065-0300] {logging_mixin.py:190} INFO - [2025-01-26T10:38:13.064-0300] {workday.py:41} WARNING - Could not import pandas. Holidays will not be considered.
[2025-01-26T10:38:13.066-0300] {processor.py:927} WARNING - No viable dags retrieved from /mnt/c/Users/ander/Desktop/airflow-spark/airflow-spark/curso2/ambientX/lib/python3.9/site-packages/airflow/example_dags/plugins/workday.py
[2025-01-26T10:38:13.103-0300] {processor.py:208} INFO - Processing /mnt/c/Users/ander/Desktop/airflow-spark/airflow-spark/curso2/ambientX/lib/python3.9/site-packages/airflow/example_dags/plugins/workday.py took 0.103 seconds
[2025-01-26T10:39:44.638-0300] {processor.py:186} INFO - Started process (PID=8314) to work on /mnt/c/Users/ander/Desktop/airflow-spark/airflow-spark/curso2/ambientX/lib/python3.9/site-packages/airflow/example_dags/plugins/workday.py
[2025-01-26T10:39:44.640-0300] {processor.py:914} INFO - Processing file /mnt/c/Users/ander/Desktop/airflow-spark/airflow-spark/curso2/ambientX/lib/python3.9/site-packages/airflow/example_dags/plugins/workday.py for tasks to queue
[2025-01-26T10:39:44.642-0300] {logging_mixin.py:190} INFO - [2025-01-26T10:39:44.641-0300] {dagbag.py:588} INFO - Filling up the DagBag from /mnt/c/Users/ander/Desktop/airflow-spark/airflow-spark/curso2/ambientX/lib/python3.9/site-packages/airflow/example_dags/plugins/workday.py
[2025-01-26T10:39:44.675-0300] {logging_mixin.py:190} INFO - [2025-01-26T10:39:44.674-0300] {workday.py:41} WARNING - Could not import pandas. Holidays will not be considered.
[2025-01-26T10:39:44.675-0300] {processor.py:927} WARNING - No viable dags retrieved from /mnt/c/Users/ander/Desktop/airflow-spark/airflow-spark/curso2/ambientX/lib/python3.9/site-packages/airflow/example_dags/plugins/workday.py
[2025-01-26T10:39:44.711-0300] {processor.py:208} INFO - Processing /mnt/c/Users/ander/Desktop/airflow-spark/airflow-spark/curso2/ambientX/lib/python3.9/site-packages/airflow/example_dags/plugins/workday.py took 0.094 seconds
[2025-01-26T10:40:43.718-0300] {processor.py:186} INFO - Started process (PID=8671) to work on /mnt/c/Users/ander/Desktop/airflow-spark/airflow-spark/curso2/ambientX/lib/python3.9/site-packages/airflow/example_dags/plugins/workday.py
[2025-01-26T10:40:43.720-0300] {processor.py:914} INFO - Processing file /mnt/c/Users/ander/Desktop/airflow-spark/airflow-spark/curso2/ambientX/lib/python3.9/site-packages/airflow/example_dags/plugins/workday.py for tasks to queue
[2025-01-26T10:40:43.723-0300] {logging_mixin.py:190} INFO - [2025-01-26T10:40:43.723-0300] {dagbag.py:588} INFO - Filling up the DagBag from /mnt/c/Users/ander/Desktop/airflow-spark/airflow-spark/curso2/ambientX/lib/python3.9/site-packages/airflow/example_dags/plugins/workday.py
[2025-01-26T10:40:43.753-0300] {logging_mixin.py:190} INFO - [2025-01-26T10:40:43.753-0300] {workday.py:41} WARNING - Could not import pandas. Holidays will not be considered.
[2025-01-26T10:40:43.754-0300] {processor.py:927} WARNING - No viable dags retrieved from /mnt/c/Users/ander/Desktop/airflow-spark/airflow-spark/curso2/ambientX/lib/python3.9/site-packages/airflow/example_dags/plugins/workday.py
[2025-01-26T10:40:43.788-0300] {processor.py:208} INFO - Processing /mnt/c/Users/ander/Desktop/airflow-spark/airflow-spark/curso2/ambientX/lib/python3.9/site-packages/airflow/example_dags/plugins/workday.py took 0.088 seconds
[2025-01-26T10:41:36.623-0300] {processor.py:186} INFO - Started process (PID=8944) to work on /mnt/c/Users/ander/Desktop/airflow-spark/airflow-spark/curso2/ambientX/lib/python3.9/site-packages/airflow/example_dags/plugins/workday.py
[2025-01-26T10:41:36.625-0300] {processor.py:914} INFO - Processing file /mnt/c/Users/ander/Desktop/airflow-spark/airflow-spark/curso2/ambientX/lib/python3.9/site-packages/airflow/example_dags/plugins/workday.py for tasks to queue
[2025-01-26T10:41:36.627-0300] {logging_mixin.py:190} INFO - [2025-01-26T10:41:36.626-0300] {dagbag.py:588} INFO - Filling up the DagBag from /mnt/c/Users/ander/Desktop/airflow-spark/airflow-spark/curso2/ambientX/lib/python3.9/site-packages/airflow/example_dags/plugins/workday.py
[2025-01-26T10:41:36.660-0300] {logging_mixin.py:190} INFO - [2025-01-26T10:41:36.659-0300] {workday.py:41} WARNING - Could not import pandas. Holidays will not be considered.
[2025-01-26T10:41:36.662-0300] {processor.py:927} WARNING - No viable dags retrieved from /mnt/c/Users/ander/Desktop/airflow-spark/airflow-spark/curso2/ambientX/lib/python3.9/site-packages/airflow/example_dags/plugins/workday.py
[2025-01-26T10:41:36.697-0300] {processor.py:208} INFO - Processing /mnt/c/Users/ander/Desktop/airflow-spark/airflow-spark/curso2/ambientX/lib/python3.9/site-packages/airflow/example_dags/plugins/workday.py took 0.094 seconds
[2025-01-26T10:42:32.406-0300] {processor.py:186} INFO - Started process (PID=9159) to work on /mnt/c/Users/ander/Desktop/airflow-spark/airflow-spark/curso2/ambientX/lib/python3.9/site-packages/airflow/example_dags/plugins/workday.py
[2025-01-26T10:42:32.408-0300] {processor.py:914} INFO - Processing file /mnt/c/Users/ander/Desktop/airflow-spark/airflow-spark/curso2/ambientX/lib/python3.9/site-packages/airflow/example_dags/plugins/workday.py for tasks to queue
[2025-01-26T10:42:32.410-0300] {logging_mixin.py:190} INFO - [2025-01-26T10:42:32.409-0300] {dagbag.py:588} INFO - Filling up the DagBag from /mnt/c/Users/ander/Desktop/airflow-spark/airflow-spark/curso2/ambientX/lib/python3.9/site-packages/airflow/example_dags/plugins/workday.py
[2025-01-26T10:42:32.445-0300] {logging_mixin.py:190} INFO - [2025-01-26T10:42:32.445-0300] {workday.py:41} WARNING - Could not import pandas. Holidays will not be considered.
[2025-01-26T10:42:32.446-0300] {processor.py:927} WARNING - No viable dags retrieved from /mnt/c/Users/ander/Desktop/airflow-spark/airflow-spark/curso2/ambientX/lib/python3.9/site-packages/airflow/example_dags/plugins/workday.py
[2025-01-26T10:42:32.482-0300] {processor.py:208} INFO - Processing /mnt/c/Users/ander/Desktop/airflow-spark/airflow-spark/curso2/ambientX/lib/python3.9/site-packages/airflow/example_dags/plugins/workday.py took 0.098 seconds
[2025-01-26T10:43:27.022-0300] {processor.py:186} INFO - Started process (PID=9378) to work on /mnt/c/Users/ander/Desktop/airflow-spark/airflow-spark/curso2/ambientX/lib/python3.9/site-packages/airflow/example_dags/plugins/workday.py
[2025-01-26T10:43:27.024-0300] {processor.py:914} INFO - Processing file /mnt/c/Users/ander/Desktop/airflow-spark/airflow-spark/curso2/ambientX/lib/python3.9/site-packages/airflow/example_dags/plugins/workday.py for tasks to queue
[2025-01-26T10:43:27.026-0300] {logging_mixin.py:190} INFO - [2025-01-26T10:43:27.025-0300] {dagbag.py:588} INFO - Filling up the DagBag from /mnt/c/Users/ander/Desktop/airflow-spark/airflow-spark/curso2/ambientX/lib/python3.9/site-packages/airflow/example_dags/plugins/workday.py
[2025-01-26T10:43:27.056-0300] {logging_mixin.py:190} INFO - [2025-01-26T10:43:27.056-0300] {workday.py:41} WARNING - Could not import pandas. Holidays will not be considered.
[2025-01-26T10:43:27.057-0300] {processor.py:927} WARNING - No viable dags retrieved from /mnt/c/Users/ander/Desktop/airflow-spark/airflow-spark/curso2/ambientX/lib/python3.9/site-packages/airflow/example_dags/plugins/workday.py
[2025-01-26T10:43:27.090-0300] {processor.py:208} INFO - Processing /mnt/c/Users/ander/Desktop/airflow-spark/airflow-spark/curso2/ambientX/lib/python3.9/site-packages/airflow/example_dags/plugins/workday.py took 0.091 seconds
[2025-01-26T10:44:29.852-0300] {processor.py:186} INFO - Started process (PID=9616) to work on /mnt/c/Users/ander/Desktop/airflow-spark/airflow-spark/curso2/ambientX/lib/python3.9/site-packages/airflow/example_dags/plugins/workday.py
[2025-01-26T10:44:29.853-0300] {processor.py:914} INFO - Processing file /mnt/c/Users/ander/Desktop/airflow-spark/airflow-spark/curso2/ambientX/lib/python3.9/site-packages/airflow/example_dags/plugins/workday.py for tasks to queue
[2025-01-26T10:44:29.855-0300] {logging_mixin.py:190} INFO - [2025-01-26T10:44:29.855-0300] {dagbag.py:588} INFO - Filling up the DagBag from /mnt/c/Users/ander/Desktop/airflow-spark/airflow-spark/curso2/ambientX/lib/python3.9/site-packages/airflow/example_dags/plugins/workday.py
[2025-01-26T10:44:29.883-0300] {logging_mixin.py:190} INFO - [2025-01-26T10:44:29.883-0300] {workday.py:41} WARNING - Could not import pandas. Holidays will not be considered.
[2025-01-26T10:44:29.884-0300] {processor.py:927} WARNING - No viable dags retrieved from /mnt/c/Users/ander/Desktop/airflow-spark/airflow-spark/curso2/ambientX/lib/python3.9/site-packages/airflow/example_dags/plugins/workday.py
[2025-01-26T10:44:29.913-0300] {processor.py:208} INFO - Processing /mnt/c/Users/ander/Desktop/airflow-spark/airflow-spark/curso2/ambientX/lib/python3.9/site-packages/airflow/example_dags/plugins/workday.py took 0.077 seconds
[2025-01-26T10:45:26.841-0300] {processor.py:186} INFO - Started process (PID=9842) to work on /mnt/c/Users/ander/Desktop/airflow-spark/airflow-spark/curso2/ambientX/lib/python3.9/site-packages/airflow/example_dags/plugins/workday.py
[2025-01-26T10:45:26.843-0300] {processor.py:914} INFO - Processing file /mnt/c/Users/ander/Desktop/airflow-spark/airflow-spark/curso2/ambientX/lib/python3.9/site-packages/airflow/example_dags/plugins/workday.py for tasks to queue
[2025-01-26T10:45:26.845-0300] {logging_mixin.py:190} INFO - [2025-01-26T10:45:26.844-0300] {dagbag.py:588} INFO - Filling up the DagBag from /mnt/c/Users/ander/Desktop/airflow-spark/airflow-spark/curso2/ambientX/lib/python3.9/site-packages/airflow/example_dags/plugins/workday.py
[2025-01-26T10:45:26.869-0300] {logging_mixin.py:190} INFO - [2025-01-26T10:45:26.869-0300] {workday.py:41} WARNING - Could not import pandas. Holidays will not be considered.
[2025-01-26T10:45:26.870-0300] {processor.py:927} WARNING - No viable dags retrieved from /mnt/c/Users/ander/Desktop/airflow-spark/airflow-spark/curso2/ambientX/lib/python3.9/site-packages/airflow/example_dags/plugins/workday.py
[2025-01-26T10:45:26.901-0300] {processor.py:208} INFO - Processing /mnt/c/Users/ander/Desktop/airflow-spark/airflow-spark/curso2/ambientX/lib/python3.9/site-packages/airflow/example_dags/plugins/workday.py took 0.078 seconds
[2025-01-26T10:46:18.673-0300] {processor.py:186} INFO - Started process (PID=10060) to work on /mnt/c/Users/ander/Desktop/airflow-spark/airflow-spark/curso2/ambientX/lib/python3.9/site-packages/airflow/example_dags/plugins/workday.py
[2025-01-26T10:46:18.675-0300] {processor.py:914} INFO - Processing file /mnt/c/Users/ander/Desktop/airflow-spark/airflow-spark/curso2/ambientX/lib/python3.9/site-packages/airflow/example_dags/plugins/workday.py for tasks to queue
[2025-01-26T10:46:18.677-0300] {logging_mixin.py:190} INFO - [2025-01-26T10:46:18.676-0300] {dagbag.py:588} INFO - Filling up the DagBag from /mnt/c/Users/ander/Desktop/airflow-spark/airflow-spark/curso2/ambientX/lib/python3.9/site-packages/airflow/example_dags/plugins/workday.py
[2025-01-26T10:46:18.700-0300] {logging_mixin.py:190} INFO - [2025-01-26T10:46:18.700-0300] {workday.py:41} WARNING - Could not import pandas. Holidays will not be considered.
[2025-01-26T10:46:18.701-0300] {processor.py:927} WARNING - No viable dags retrieved from /mnt/c/Users/ander/Desktop/airflow-spark/airflow-spark/curso2/ambientX/lib/python3.9/site-packages/airflow/example_dags/plugins/workday.py
[2025-01-26T10:46:18.728-0300] {processor.py:208} INFO - Processing /mnt/c/Users/ander/Desktop/airflow-spark/airflow-spark/curso2/ambientX/lib/python3.9/site-packages/airflow/example_dags/plugins/workday.py took 0.072 seconds
[2025-01-26T10:47:09.619-0300] {processor.py:186} INFO - Started process (PID=10265) to work on /mnt/c/Users/ander/Desktop/airflow-spark/airflow-spark/curso2/ambientX/lib/python3.9/site-packages/airflow/example_dags/plugins/workday.py
[2025-01-26T10:47:09.620-0300] {processor.py:914} INFO - Processing file /mnt/c/Users/ander/Desktop/airflow-spark/airflow-spark/curso2/ambientX/lib/python3.9/site-packages/airflow/example_dags/plugins/workday.py for tasks to queue
[2025-01-26T10:47:09.623-0300] {logging_mixin.py:190} INFO - [2025-01-26T10:47:09.622-0300] {dagbag.py:588} INFO - Filling up the DagBag from /mnt/c/Users/ander/Desktop/airflow-spark/airflow-spark/curso2/ambientX/lib/python3.9/site-packages/airflow/example_dags/plugins/workday.py
[2025-01-26T10:47:09.651-0300] {logging_mixin.py:190} INFO - [2025-01-26T10:47:09.650-0300] {workday.py:41} WARNING - Could not import pandas. Holidays will not be considered.
[2025-01-26T10:47:09.651-0300] {processor.py:927} WARNING - No viable dags retrieved from /mnt/c/Users/ander/Desktop/airflow-spark/airflow-spark/curso2/ambientX/lib/python3.9/site-packages/airflow/example_dags/plugins/workday.py
[2025-01-26T10:47:09.688-0300] {processor.py:208} INFO - Processing /mnt/c/Users/ander/Desktop/airflow-spark/airflow-spark/curso2/ambientX/lib/python3.9/site-packages/airflow/example_dags/plugins/workday.py took 0.089 seconds
[2025-01-26T10:48:00.616-0300] {processor.py:186} INFO - Started process (PID=10476) to work on /mnt/c/Users/ander/Desktop/airflow-spark/airflow-spark/curso2/ambientX/lib/python3.9/site-packages/airflow/example_dags/plugins/workday.py
[2025-01-26T10:48:00.617-0300] {processor.py:914} INFO - Processing file /mnt/c/Users/ander/Desktop/airflow-spark/airflow-spark/curso2/ambientX/lib/python3.9/site-packages/airflow/example_dags/plugins/workday.py for tasks to queue
[2025-01-26T10:48:00.619-0300] {logging_mixin.py:190} INFO - [2025-01-26T10:48:00.618-0300] {dagbag.py:588} INFO - Filling up the DagBag from /mnt/c/Users/ander/Desktop/airflow-spark/airflow-spark/curso2/ambientX/lib/python3.9/site-packages/airflow/example_dags/plugins/workday.py
[2025-01-26T10:48:00.649-0300] {logging_mixin.py:190} INFO - [2025-01-26T10:48:00.649-0300] {workday.py:41} WARNING - Could not import pandas. Holidays will not be considered.
[2025-01-26T10:48:00.650-0300] {processor.py:927} WARNING - No viable dags retrieved from /mnt/c/Users/ander/Desktop/airflow-spark/airflow-spark/curso2/ambientX/lib/python3.9/site-packages/airflow/example_dags/plugins/workday.py
[2025-01-26T10:48:00.680-0300] {processor.py:208} INFO - Processing /mnt/c/Users/ander/Desktop/airflow-spark/airflow-spark/curso2/ambientX/lib/python3.9/site-packages/airflow/example_dags/plugins/workday.py took 0.082 seconds
[2025-01-26T10:48:58.904-0300] {processor.py:186} INFO - Started process (PID=10706) to work on /mnt/c/Users/ander/Desktop/airflow-spark/airflow-spark/curso2/ambientX/lib/python3.9/site-packages/airflow/example_dags/plugins/workday.py
[2025-01-26T10:48:58.906-0300] {processor.py:914} INFO - Processing file /mnt/c/Users/ander/Desktop/airflow-spark/airflow-spark/curso2/ambientX/lib/python3.9/site-packages/airflow/example_dags/plugins/workday.py for tasks to queue
[2025-01-26T10:48:58.908-0300] {logging_mixin.py:190} INFO - [2025-01-26T10:48:58.908-0300] {dagbag.py:588} INFO - Filling up the DagBag from /mnt/c/Users/ander/Desktop/airflow-spark/airflow-spark/curso2/ambientX/lib/python3.9/site-packages/airflow/example_dags/plugins/workday.py
[2025-01-26T10:48:58.934-0300] {logging_mixin.py:190} INFO - [2025-01-26T10:48:58.934-0300] {workday.py:41} WARNING - Could not import pandas. Holidays will not be considered.
[2025-01-26T10:48:58.935-0300] {processor.py:927} WARNING - No viable dags retrieved from /mnt/c/Users/ander/Desktop/airflow-spark/airflow-spark/curso2/ambientX/lib/python3.9/site-packages/airflow/example_dags/plugins/workday.py
[2025-01-26T10:48:58.971-0300] {processor.py:208} INFO - Processing /mnt/c/Users/ander/Desktop/airflow-spark/airflow-spark/curso2/ambientX/lib/python3.9/site-packages/airflow/example_dags/plugins/workday.py took 0.086 seconds
[2025-01-26T10:49:57.425-0300] {processor.py:186} INFO - Started process (PID=11031) to work on /mnt/c/Users/ander/Desktop/airflow-spark/airflow-spark/curso2/ambientX/lib/python3.9/site-packages/airflow/example_dags/plugins/workday.py
[2025-01-26T10:49:57.427-0300] {processor.py:914} INFO - Processing file /mnt/c/Users/ander/Desktop/airflow-spark/airflow-spark/curso2/ambientX/lib/python3.9/site-packages/airflow/example_dags/plugins/workday.py for tasks to queue
[2025-01-26T10:49:57.428-0300] {logging_mixin.py:190} INFO - [2025-01-26T10:49:57.428-0300] {dagbag.py:588} INFO - Filling up the DagBag from /mnt/c/Users/ander/Desktop/airflow-spark/airflow-spark/curso2/ambientX/lib/python3.9/site-packages/airflow/example_dags/plugins/workday.py
[2025-01-26T10:49:57.463-0300] {logging_mixin.py:190} INFO - [2025-01-26T10:49:57.463-0300] {workday.py:41} WARNING - Could not import pandas. Holidays will not be considered.
[2025-01-26T10:49:57.464-0300] {processor.py:927} WARNING - No viable dags retrieved from /mnt/c/Users/ander/Desktop/airflow-spark/airflow-spark/curso2/ambientX/lib/python3.9/site-packages/airflow/example_dags/plugins/workday.py
[2025-01-26T10:49:57.519-0300] {processor.py:208} INFO - Processing /mnt/c/Users/ander/Desktop/airflow-spark/airflow-spark/curso2/ambientX/lib/python3.9/site-packages/airflow/example_dags/plugins/workday.py took 0.118 seconds
[2025-01-26T10:50:48.565-0300] {processor.py:186} INFO - Started process (PID=11240) to work on /mnt/c/Users/ander/Desktop/airflow-spark/airflow-spark/curso2/ambientX/lib/python3.9/site-packages/airflow/example_dags/plugins/workday.py
[2025-01-26T10:50:48.566-0300] {processor.py:914} INFO - Processing file /mnt/c/Users/ander/Desktop/airflow-spark/airflow-spark/curso2/ambientX/lib/python3.9/site-packages/airflow/example_dags/plugins/workday.py for tasks to queue
[2025-01-26T10:50:48.569-0300] {logging_mixin.py:190} INFO - [2025-01-26T10:50:48.568-0300] {dagbag.py:588} INFO - Filling up the DagBag from /mnt/c/Users/ander/Desktop/airflow-spark/airflow-spark/curso2/ambientX/lib/python3.9/site-packages/airflow/example_dags/plugins/workday.py
[2025-01-26T10:50:48.600-0300] {logging_mixin.py:190} INFO - [2025-01-26T10:50:48.599-0300] {workday.py:41} WARNING - Could not import pandas. Holidays will not be considered.
[2025-01-26T10:50:48.601-0300] {processor.py:927} WARNING - No viable dags retrieved from /mnt/c/Users/ander/Desktop/airflow-spark/airflow-spark/curso2/ambientX/lib/python3.9/site-packages/airflow/example_dags/plugins/workday.py
[2025-01-26T10:50:48.632-0300] {processor.py:208} INFO - Processing /mnt/c/Users/ander/Desktop/airflow-spark/airflow-spark/curso2/ambientX/lib/python3.9/site-packages/airflow/example_dags/plugins/workday.py took 0.089 seconds
[2025-01-26T10:51:43.751-0300] {processor.py:186} INFO - Started process (PID=11525) to work on /mnt/c/Users/ander/Desktop/airflow-spark/airflow-spark/curso2/ambientX/lib/python3.9/site-packages/airflow/example_dags/plugins/workday.py
[2025-01-26T10:51:43.752-0300] {processor.py:914} INFO - Processing file /mnt/c/Users/ander/Desktop/airflow-spark/airflow-spark/curso2/ambientX/lib/python3.9/site-packages/airflow/example_dags/plugins/workday.py for tasks to queue
[2025-01-26T10:51:43.754-0300] {logging_mixin.py:190} INFO - [2025-01-26T10:51:43.754-0300] {dagbag.py:588} INFO - Filling up the DagBag from /mnt/c/Users/ander/Desktop/airflow-spark/airflow-spark/curso2/ambientX/lib/python3.9/site-packages/airflow/example_dags/plugins/workday.py
[2025-01-26T10:51:43.790-0300] {logging_mixin.py:190} INFO - [2025-01-26T10:51:43.790-0300] {workday.py:41} WARNING - Could not import pandas. Holidays will not be considered.
[2025-01-26T10:51:43.791-0300] {processor.py:927} WARNING - No viable dags retrieved from /mnt/c/Users/ander/Desktop/airflow-spark/airflow-spark/curso2/ambientX/lib/python3.9/site-packages/airflow/example_dags/plugins/workday.py
[2025-01-26T10:51:43.827-0300] {processor.py:208} INFO - Processing /mnt/c/Users/ander/Desktop/airflow-spark/airflow-spark/curso2/ambientX/lib/python3.9/site-packages/airflow/example_dags/plugins/workday.py took 0.100 seconds
[2025-01-26T10:52:36.665-0300] {processor.py:186} INFO - Started process (PID=11750) to work on /mnt/c/Users/ander/Desktop/airflow-spark/airflow-spark/curso2/ambientX/lib/python3.9/site-packages/airflow/example_dags/plugins/workday.py
[2025-01-26T10:52:36.668-0300] {processor.py:914} INFO - Processing file /mnt/c/Users/ander/Desktop/airflow-spark/airflow-spark/curso2/ambientX/lib/python3.9/site-packages/airflow/example_dags/plugins/workday.py for tasks to queue
[2025-01-26T10:52:36.672-0300] {logging_mixin.py:190} INFO - [2025-01-26T10:52:36.671-0300] {dagbag.py:588} INFO - Filling up the DagBag from /mnt/c/Users/ander/Desktop/airflow-spark/airflow-spark/curso2/ambientX/lib/python3.9/site-packages/airflow/example_dags/plugins/workday.py
[2025-01-26T10:52:36.702-0300] {logging_mixin.py:190} INFO - [2025-01-26T10:52:36.702-0300] {workday.py:41} WARNING - Could not import pandas. Holidays will not be considered.
[2025-01-26T10:52:36.703-0300] {processor.py:927} WARNING - No viable dags retrieved from /mnt/c/Users/ander/Desktop/airflow-spark/airflow-spark/curso2/ambientX/lib/python3.9/site-packages/airflow/example_dags/plugins/workday.py
[2025-01-26T10:52:36.733-0300] {processor.py:208} INFO - Processing /mnt/c/Users/ander/Desktop/airflow-spark/airflow-spark/curso2/ambientX/lib/python3.9/site-packages/airflow/example_dags/plugins/workday.py took 0.090 seconds
[2025-01-26T10:53:35.218-0300] {processor.py:186} INFO - Started process (PID=11982) to work on /mnt/c/Users/ander/Desktop/airflow-spark/airflow-spark/curso2/ambientX/lib/python3.9/site-packages/airflow/example_dags/plugins/workday.py
[2025-01-26T10:53:35.219-0300] {processor.py:914} INFO - Processing file /mnt/c/Users/ander/Desktop/airflow-spark/airflow-spark/curso2/ambientX/lib/python3.9/site-packages/airflow/example_dags/plugins/workday.py for tasks to queue
[2025-01-26T10:53:35.225-0300] {logging_mixin.py:190} INFO - [2025-01-26T10:53:35.224-0300] {dagbag.py:588} INFO - Filling up the DagBag from /mnt/c/Users/ander/Desktop/airflow-spark/airflow-spark/curso2/ambientX/lib/python3.9/site-packages/airflow/example_dags/plugins/workday.py
[2025-01-26T10:53:35.256-0300] {logging_mixin.py:190} INFO - [2025-01-26T10:53:35.256-0300] {workday.py:41} WARNING - Could not import pandas. Holidays will not be considered.
[2025-01-26T10:53:35.258-0300] {processor.py:927} WARNING - No viable dags retrieved from /mnt/c/Users/ander/Desktop/airflow-spark/airflow-spark/curso2/ambientX/lib/python3.9/site-packages/airflow/example_dags/plugins/workday.py
[2025-01-26T10:53:35.293-0300] {processor.py:208} INFO - Processing /mnt/c/Users/ander/Desktop/airflow-spark/airflow-spark/curso2/ambientX/lib/python3.9/site-packages/airflow/example_dags/plugins/workday.py took 0.092 seconds
[2025-01-26T10:54:30.887-0300] {processor.py:186} INFO - Started process (PID=12153) to work on /mnt/c/Users/ander/Desktop/airflow-spark/airflow-spark/curso2/ambientX/lib/python3.9/site-packages/airflow/example_dags/plugins/workday.py
[2025-01-26T10:54:30.889-0300] {processor.py:914} INFO - Processing file /mnt/c/Users/ander/Desktop/airflow-spark/airflow-spark/curso2/ambientX/lib/python3.9/site-packages/airflow/example_dags/plugins/workday.py for tasks to queue
[2025-01-26T10:54:30.891-0300] {logging_mixin.py:190} INFO - [2025-01-26T10:54:30.890-0300] {dagbag.py:588} INFO - Filling up the DagBag from /mnt/c/Users/ander/Desktop/airflow-spark/airflow-spark/curso2/ambientX/lib/python3.9/site-packages/airflow/example_dags/plugins/workday.py
[2025-01-26T10:54:30.974-0300] {logging_mixin.py:190} INFO - [2025-01-26T10:54:30.974-0300] {workday.py:41} WARNING - Could not import pandas. Holidays will not be considered.
[2025-01-26T10:54:30.975-0300] {processor.py:927} WARNING - No viable dags retrieved from /mnt/c/Users/ander/Desktop/airflow-spark/airflow-spark/curso2/ambientX/lib/python3.9/site-packages/airflow/example_dags/plugins/workday.py
[2025-01-26T10:54:31.000-0300] {processor.py:208} INFO - Processing /mnt/c/Users/ander/Desktop/airflow-spark/airflow-spark/curso2/ambientX/lib/python3.9/site-packages/airflow/example_dags/plugins/workday.py took 0.135 seconds
[2025-01-26T10:55:28.075-0300] {processor.py:186} INFO - Started process (PID=12384) to work on /mnt/c/Users/ander/Desktop/airflow-spark/airflow-spark/curso2/ambientX/lib/python3.9/site-packages/airflow/example_dags/plugins/workday.py
[2025-01-26T10:55:28.077-0300] {processor.py:914} INFO - Processing file /mnt/c/Users/ander/Desktop/airflow-spark/airflow-spark/curso2/ambientX/lib/python3.9/site-packages/airflow/example_dags/plugins/workday.py for tasks to queue
[2025-01-26T10:55:28.079-0300] {logging_mixin.py:190} INFO - [2025-01-26T10:55:28.078-0300] {dagbag.py:588} INFO - Filling up the DagBag from /mnt/c/Users/ander/Desktop/airflow-spark/airflow-spark/curso2/ambientX/lib/python3.9/site-packages/airflow/example_dags/plugins/workday.py
[2025-01-26T10:55:28.106-0300] {logging_mixin.py:190} INFO - [2025-01-26T10:55:28.106-0300] {workday.py:41} WARNING - Could not import pandas. Holidays will not be considered.
[2025-01-26T10:55:28.106-0300] {processor.py:927} WARNING - No viable dags retrieved from /mnt/c/Users/ander/Desktop/airflow-spark/airflow-spark/curso2/ambientX/lib/python3.9/site-packages/airflow/example_dags/plugins/workday.py
[2025-01-26T10:55:28.142-0300] {processor.py:208} INFO - Processing /mnt/c/Users/ander/Desktop/airflow-spark/airflow-spark/curso2/ambientX/lib/python3.9/site-packages/airflow/example_dags/plugins/workday.py took 0.081 seconds
[2025-01-26T10:56:21.364-0300] {processor.py:186} INFO - Started process (PID=12607) to work on /mnt/c/Users/ander/Desktop/airflow-spark/airflow-spark/curso2/ambientX/lib/python3.9/site-packages/airflow/example_dags/plugins/workday.py
[2025-01-26T10:56:21.366-0300] {processor.py:914} INFO - Processing file /mnt/c/Users/ander/Desktop/airflow-spark/airflow-spark/curso2/ambientX/lib/python3.9/site-packages/airflow/example_dags/plugins/workday.py for tasks to queue
[2025-01-26T10:56:21.368-0300] {logging_mixin.py:190} INFO - [2025-01-26T10:56:21.368-0300] {dagbag.py:588} INFO - Filling up the DagBag from /mnt/c/Users/ander/Desktop/airflow-spark/airflow-spark/curso2/ambientX/lib/python3.9/site-packages/airflow/example_dags/plugins/workday.py
[2025-01-26T10:56:21.400-0300] {logging_mixin.py:190} INFO - [2025-01-26T10:56:21.399-0300] {workday.py:41} WARNING - Could not import pandas. Holidays will not be considered.
[2025-01-26T10:56:21.401-0300] {processor.py:927} WARNING - No viable dags retrieved from /mnt/c/Users/ander/Desktop/airflow-spark/airflow-spark/curso2/ambientX/lib/python3.9/site-packages/airflow/example_dags/plugins/workday.py
[2025-01-26T10:56:21.462-0300] {processor.py:208} INFO - Processing /mnt/c/Users/ander/Desktop/airflow-spark/airflow-spark/curso2/ambientX/lib/python3.9/site-packages/airflow/example_dags/plugins/workday.py took 0.118 seconds
[2025-01-26T10:57:14.851-0300] {processor.py:186} INFO - Started process (PID=12899) to work on /mnt/c/Users/ander/Desktop/airflow-spark/airflow-spark/curso2/ambientX/lib/python3.9/site-packages/airflow/example_dags/plugins/workday.py
[2025-01-26T10:57:14.853-0300] {processor.py:914} INFO - Processing file /mnt/c/Users/ander/Desktop/airflow-spark/airflow-spark/curso2/ambientX/lib/python3.9/site-packages/airflow/example_dags/plugins/workday.py for tasks to queue
[2025-01-26T10:57:14.857-0300] {logging_mixin.py:190} INFO - [2025-01-26T10:57:14.855-0300] {dagbag.py:588} INFO - Filling up the DagBag from /mnt/c/Users/ander/Desktop/airflow-spark/airflow-spark/curso2/ambientX/lib/python3.9/site-packages/airflow/example_dags/plugins/workday.py
[2025-01-26T10:57:14.885-0300] {logging_mixin.py:190} INFO - [2025-01-26T10:57:14.885-0300] {workday.py:41} WARNING - Could not import pandas. Holidays will not be considered.
[2025-01-26T10:57:14.886-0300] {processor.py:927} WARNING - No viable dags retrieved from /mnt/c/Users/ander/Desktop/airflow-spark/airflow-spark/curso2/ambientX/lib/python3.9/site-packages/airflow/example_dags/plugins/workday.py
[2025-01-26T10:57:14.922-0300] {processor.py:208} INFO - Processing /mnt/c/Users/ander/Desktop/airflow-spark/airflow-spark/curso2/ambientX/lib/python3.9/site-packages/airflow/example_dags/plugins/workday.py took 0.089 seconds
[2025-01-26T10:58:12.129-0300] {processor.py:186} INFO - Started process (PID=13131) to work on /mnt/c/Users/ander/Desktop/airflow-spark/airflow-spark/curso2/ambientX/lib/python3.9/site-packages/airflow/example_dags/plugins/workday.py
[2025-01-26T10:58:12.131-0300] {processor.py:914} INFO - Processing file /mnt/c/Users/ander/Desktop/airflow-spark/airflow-spark/curso2/ambientX/lib/python3.9/site-packages/airflow/example_dags/plugins/workday.py for tasks to queue
[2025-01-26T10:58:12.133-0300] {logging_mixin.py:190} INFO - [2025-01-26T10:58:12.132-0300] {dagbag.py:588} INFO - Filling up the DagBag from /mnt/c/Users/ander/Desktop/airflow-spark/airflow-spark/curso2/ambientX/lib/python3.9/site-packages/airflow/example_dags/plugins/workday.py
[2025-01-26T10:58:12.159-0300] {logging_mixin.py:190} INFO - [2025-01-26T10:58:12.159-0300] {workday.py:41} WARNING - Could not import pandas. Holidays will not be considered.
[2025-01-26T10:58:12.160-0300] {processor.py:927} WARNING - No viable dags retrieved from /mnt/c/Users/ander/Desktop/airflow-spark/airflow-spark/curso2/ambientX/lib/python3.9/site-packages/airflow/example_dags/plugins/workday.py
[2025-01-26T10:58:12.190-0300] {processor.py:208} INFO - Processing /mnt/c/Users/ander/Desktop/airflow-spark/airflow-spark/curso2/ambientX/lib/python3.9/site-packages/airflow/example_dags/plugins/workday.py took 0.079 seconds
[2025-01-26T10:59:09.008-0300] {processor.py:186} INFO - Started process (PID=13434) to work on /mnt/c/Users/ander/Desktop/airflow-spark/airflow-spark/curso2/ambientX/lib/python3.9/site-packages/airflow/example_dags/plugins/workday.py
[2025-01-26T10:59:09.011-0300] {processor.py:914} INFO - Processing file /mnt/c/Users/ander/Desktop/airflow-spark/airflow-spark/curso2/ambientX/lib/python3.9/site-packages/airflow/example_dags/plugins/workday.py for tasks to queue
[2025-01-26T10:59:09.015-0300] {logging_mixin.py:190} INFO - [2025-01-26T10:59:09.014-0300] {dagbag.py:588} INFO - Filling up the DagBag from /mnt/c/Users/ander/Desktop/airflow-spark/airflow-spark/curso2/ambientX/lib/python3.9/site-packages/airflow/example_dags/plugins/workday.py
[2025-01-26T10:59:09.040-0300] {logging_mixin.py:190} INFO - [2025-01-26T10:59:09.039-0300] {workday.py:41} WARNING - Could not import pandas. Holidays will not be considered.
[2025-01-26T10:59:09.040-0300] {processor.py:927} WARNING - No viable dags retrieved from /mnt/c/Users/ander/Desktop/airflow-spark/airflow-spark/curso2/ambientX/lib/python3.9/site-packages/airflow/example_dags/plugins/workday.py
[2025-01-26T10:59:09.086-0300] {processor.py:208} INFO - Processing /mnt/c/Users/ander/Desktop/airflow-spark/airflow-spark/curso2/ambientX/lib/python3.9/site-packages/airflow/example_dags/plugins/workday.py took 0.099 seconds
[2025-01-26T11:00:07.817-0300] {processor.py:186} INFO - Started process (PID=13696) to work on /mnt/c/Users/ander/Desktop/airflow-spark/airflow-spark/curso2/ambientX/lib/python3.9/site-packages/airflow/example_dags/plugins/workday.py
[2025-01-26T11:00:07.819-0300] {processor.py:914} INFO - Processing file /mnt/c/Users/ander/Desktop/airflow-spark/airflow-spark/curso2/ambientX/lib/python3.9/site-packages/airflow/example_dags/plugins/workday.py for tasks to queue
[2025-01-26T11:00:07.822-0300] {logging_mixin.py:190} INFO - [2025-01-26T11:00:07.821-0300] {dagbag.py:588} INFO - Filling up the DagBag from /mnt/c/Users/ander/Desktop/airflow-spark/airflow-spark/curso2/ambientX/lib/python3.9/site-packages/airflow/example_dags/plugins/workday.py
[2025-01-26T11:00:07.863-0300] {logging_mixin.py:190} INFO - [2025-01-26T11:00:07.863-0300] {workday.py:41} WARNING - Could not import pandas. Holidays will not be considered.
[2025-01-26T11:00:07.864-0300] {processor.py:927} WARNING - No viable dags retrieved from /mnt/c/Users/ander/Desktop/airflow-spark/airflow-spark/curso2/ambientX/lib/python3.9/site-packages/airflow/example_dags/plugins/workday.py
[2025-01-26T11:00:07.911-0300] {processor.py:208} INFO - Processing /mnt/c/Users/ander/Desktop/airflow-spark/airflow-spark/curso2/ambientX/lib/python3.9/site-packages/airflow/example_dags/plugins/workday.py took 0.128 seconds
[2025-01-26T11:01:08.544-0300] {processor.py:186} INFO - Started process (PID=14010) to work on /mnt/c/Users/ander/Desktop/airflow-spark/airflow-spark/curso2/ambientX/lib/python3.9/site-packages/airflow/example_dags/plugins/workday.py
[2025-01-26T11:01:08.564-0300] {processor.py:914} INFO - Processing file /mnt/c/Users/ander/Desktop/airflow-spark/airflow-spark/curso2/ambientX/lib/python3.9/site-packages/airflow/example_dags/plugins/workday.py for tasks to queue
[2025-01-26T11:01:08.571-0300] {logging_mixin.py:190} INFO - [2025-01-26T11:01:08.571-0300] {dagbag.py:588} INFO - Filling up the DagBag from /mnt/c/Users/ander/Desktop/airflow-spark/airflow-spark/curso2/ambientX/lib/python3.9/site-packages/airflow/example_dags/plugins/workday.py
[2025-01-26T11:01:08.631-0300] {logging_mixin.py:190} INFO - [2025-01-26T11:01:08.631-0300] {workday.py:41} WARNING - Could not import pandas. Holidays will not be considered.
[2025-01-26T11:01:08.632-0300] {processor.py:927} WARNING - No viable dags retrieved from /mnt/c/Users/ander/Desktop/airflow-spark/airflow-spark/curso2/ambientX/lib/python3.9/site-packages/airflow/example_dags/plugins/workday.py
[2025-01-26T11:01:08.660-0300] {processor.py:208} INFO - Processing /mnt/c/Users/ander/Desktop/airflow-spark/airflow-spark/curso2/ambientX/lib/python3.9/site-packages/airflow/example_dags/plugins/workday.py took 0.231 seconds
[2025-01-26T11:02:07.182-0300] {processor.py:186} INFO - Started process (PID=14246) to work on /mnt/c/Users/ander/Desktop/airflow-spark/airflow-spark/curso2/ambientX/lib/python3.9/site-packages/airflow/example_dags/plugins/workday.py
[2025-01-26T11:02:07.203-0300] {processor.py:914} INFO - Processing file /mnt/c/Users/ander/Desktop/airflow-spark/airflow-spark/curso2/ambientX/lib/python3.9/site-packages/airflow/example_dags/plugins/workday.py for tasks to queue
[2025-01-26T11:02:07.205-0300] {logging_mixin.py:190} INFO - [2025-01-26T11:02:07.205-0300] {dagbag.py:588} INFO - Filling up the DagBag from /mnt/c/Users/ander/Desktop/airflow-spark/airflow-spark/curso2/ambientX/lib/python3.9/site-packages/airflow/example_dags/plugins/workday.py
[2025-01-26T11:02:07.257-0300] {logging_mixin.py:190} INFO - [2025-01-26T11:02:07.257-0300] {workday.py:41} WARNING - Could not import pandas. Holidays will not be considered.
[2025-01-26T11:02:07.258-0300] {processor.py:927} WARNING - No viable dags retrieved from /mnt/c/Users/ander/Desktop/airflow-spark/airflow-spark/curso2/ambientX/lib/python3.9/site-packages/airflow/example_dags/plugins/workday.py
[2025-01-26T11:02:07.300-0300] {processor.py:208} INFO - Processing /mnt/c/Users/ander/Desktop/airflow-spark/airflow-spark/curso2/ambientX/lib/python3.9/site-packages/airflow/example_dags/plugins/workday.py took 0.140 seconds
[2025-01-26T11:03:00.827-0300] {processor.py:186} INFO - Started process (PID=14990) to work on /mnt/c/Users/ander/Desktop/airflow-spark/airflow-spark/curso2/ambientX/lib/python3.9/site-packages/airflow/example_dags/plugins/workday.py
[2025-01-26T11:03:00.828-0300] {processor.py:914} INFO - Processing file /mnt/c/Users/ander/Desktop/airflow-spark/airflow-spark/curso2/ambientX/lib/python3.9/site-packages/airflow/example_dags/plugins/workday.py for tasks to queue
[2025-01-26T11:03:00.830-0300] {logging_mixin.py:190} INFO - [2025-01-26T11:03:00.830-0300] {dagbag.py:588} INFO - Filling up the DagBag from /mnt/c/Users/ander/Desktop/airflow-spark/airflow-spark/curso2/ambientX/lib/python3.9/site-packages/airflow/example_dags/plugins/workday.py
[2025-01-26T11:03:00.855-0300] {logging_mixin.py:190} INFO - [2025-01-26T11:03:00.855-0300] {workday.py:41} WARNING - Could not import pandas. Holidays will not be considered.
[2025-01-26T11:03:00.856-0300] {processor.py:927} WARNING - No viable dags retrieved from /mnt/c/Users/ander/Desktop/airflow-spark/airflow-spark/curso2/ambientX/lib/python3.9/site-packages/airflow/example_dags/plugins/workday.py
[2025-01-26T11:03:00.919-0300] {processor.py:208} INFO - Processing /mnt/c/Users/ander/Desktop/airflow-spark/airflow-spark/curso2/ambientX/lib/python3.9/site-packages/airflow/example_dags/plugins/workday.py took 0.108 seconds
[2025-01-26T11:03:57.164-0300] {processor.py:186} INFO - Started process (PID=15214) to work on /mnt/c/Users/ander/Desktop/airflow-spark/airflow-spark/curso2/ambientX/lib/python3.9/site-packages/airflow/example_dags/plugins/workday.py
[2025-01-26T11:03:57.166-0300] {processor.py:914} INFO - Processing file /mnt/c/Users/ander/Desktop/airflow-spark/airflow-spark/curso2/ambientX/lib/python3.9/site-packages/airflow/example_dags/plugins/workday.py for tasks to queue
[2025-01-26T11:03:57.168-0300] {logging_mixin.py:190} INFO - [2025-01-26T11:03:57.167-0300] {dagbag.py:588} INFO - Filling up the DagBag from /mnt/c/Users/ander/Desktop/airflow-spark/airflow-spark/curso2/ambientX/lib/python3.9/site-packages/airflow/example_dags/plugins/workday.py
[2025-01-26T11:03:57.199-0300] {logging_mixin.py:190} INFO - [2025-01-26T11:03:57.199-0300] {workday.py:41} WARNING - Could not import pandas. Holidays will not be considered.
[2025-01-26T11:03:57.200-0300] {processor.py:927} WARNING - No viable dags retrieved from /mnt/c/Users/ander/Desktop/airflow-spark/airflow-spark/curso2/ambientX/lib/python3.9/site-packages/airflow/example_dags/plugins/workday.py
[2025-01-26T11:03:57.229-0300] {processor.py:208} INFO - Processing /mnt/c/Users/ander/Desktop/airflow-spark/airflow-spark/curso2/ambientX/lib/python3.9/site-packages/airflow/example_dags/plugins/workday.py took 0.083 seconds
[2025-01-26T11:04:49.094-0300] {processor.py:186} INFO - Started process (PID=15439) to work on /mnt/c/Users/ander/Desktop/airflow-spark/airflow-spark/curso2/ambientX/lib/python3.9/site-packages/airflow/example_dags/plugins/workday.py
[2025-01-26T11:04:49.096-0300] {processor.py:914} INFO - Processing file /mnt/c/Users/ander/Desktop/airflow-spark/airflow-spark/curso2/ambientX/lib/python3.9/site-packages/airflow/example_dags/plugins/workday.py for tasks to queue
[2025-01-26T11:04:49.098-0300] {logging_mixin.py:190} INFO - [2025-01-26T11:04:49.098-0300] {dagbag.py:588} INFO - Filling up the DagBag from /mnt/c/Users/ander/Desktop/airflow-spark/airflow-spark/curso2/ambientX/lib/python3.9/site-packages/airflow/example_dags/plugins/workday.py
[2025-01-26T11:04:49.130-0300] {logging_mixin.py:190} INFO - [2025-01-26T11:04:49.130-0300] {workday.py:41} WARNING - Could not import pandas. Holidays will not be considered.
[2025-01-26T11:04:49.130-0300] {processor.py:927} WARNING - No viable dags retrieved from /mnt/c/Users/ander/Desktop/airflow-spark/airflow-spark/curso2/ambientX/lib/python3.9/site-packages/airflow/example_dags/plugins/workday.py
[2025-01-26T11:04:49.157-0300] {processor.py:208} INFO - Processing /mnt/c/Users/ander/Desktop/airflow-spark/airflow-spark/curso2/ambientX/lib/python3.9/site-packages/airflow/example_dags/plugins/workday.py took 0.084 seconds
[2025-01-26T11:05:40.805-0300] {processor.py:186} INFO - Started process (PID=15596) to work on /mnt/c/Users/ander/Desktop/airflow-spark/airflow-spark/curso2/ambientX/lib/python3.9/site-packages/airflow/example_dags/plugins/workday.py
[2025-01-26T11:05:40.806-0300] {processor.py:914} INFO - Processing file /mnt/c/Users/ander/Desktop/airflow-spark/airflow-spark/curso2/ambientX/lib/python3.9/site-packages/airflow/example_dags/plugins/workday.py for tasks to queue
[2025-01-26T11:05:40.808-0300] {logging_mixin.py:190} INFO - [2025-01-26T11:05:40.808-0300] {dagbag.py:588} INFO - Filling up the DagBag from /mnt/c/Users/ander/Desktop/airflow-spark/airflow-spark/curso2/ambientX/lib/python3.9/site-packages/airflow/example_dags/plugins/workday.py
[2025-01-26T11:05:40.837-0300] {logging_mixin.py:190} INFO - [2025-01-26T11:05:40.836-0300] {workday.py:41} WARNING - Could not import pandas. Holidays will not be considered.
[2025-01-26T11:05:40.837-0300] {processor.py:927} WARNING - No viable dags retrieved from /mnt/c/Users/ander/Desktop/airflow-spark/airflow-spark/curso2/ambientX/lib/python3.9/site-packages/airflow/example_dags/plugins/workday.py
[2025-01-26T11:05:40.873-0300] {processor.py:208} INFO - Processing /mnt/c/Users/ander/Desktop/airflow-spark/airflow-spark/curso2/ambientX/lib/python3.9/site-packages/airflow/example_dags/plugins/workday.py took 0.087 seconds
[2025-01-26T11:06:28.160-0300] {processor.py:186} INFO - Started process (PID=15815) to work on /mnt/c/Users/ander/Desktop/airflow-spark/airflow-spark/curso2/ambientX/lib/python3.9/site-packages/airflow/example_dags/plugins/workday.py
[2025-01-26T11:06:28.162-0300] {processor.py:914} INFO - Processing file /mnt/c/Users/ander/Desktop/airflow-spark/airflow-spark/curso2/ambientX/lib/python3.9/site-packages/airflow/example_dags/plugins/workday.py for tasks to queue
[2025-01-26T11:06:28.164-0300] {logging_mixin.py:190} INFO - [2025-01-26T11:06:28.163-0300] {dagbag.py:588} INFO - Filling up the DagBag from /mnt/c/Users/ander/Desktop/airflow-spark/airflow-spark/curso2/ambientX/lib/python3.9/site-packages/airflow/example_dags/plugins/workday.py
[2025-01-26T11:06:28.191-0300] {logging_mixin.py:190} INFO - [2025-01-26T11:06:28.190-0300] {workday.py:41} WARNING - Could not import pandas. Holidays will not be considered.
[2025-01-26T11:06:28.191-0300] {processor.py:927} WARNING - No viable dags retrieved from /mnt/c/Users/ander/Desktop/airflow-spark/airflow-spark/curso2/ambientX/lib/python3.9/site-packages/airflow/example_dags/plugins/workday.py
[2025-01-26T11:06:28.220-0300] {processor.py:208} INFO - Processing /mnt/c/Users/ander/Desktop/airflow-spark/airflow-spark/curso2/ambientX/lib/python3.9/site-packages/airflow/example_dags/plugins/workday.py took 0.079 seconds
[2025-01-26T11:07:22.064-0300] {processor.py:186} INFO - Started process (PID=16037) to work on /mnt/c/Users/ander/Desktop/airflow-spark/airflow-spark/curso2/ambientX/lib/python3.9/site-packages/airflow/example_dags/plugins/workday.py
[2025-01-26T11:07:22.066-0300] {processor.py:914} INFO - Processing file /mnt/c/Users/ander/Desktop/airflow-spark/airflow-spark/curso2/ambientX/lib/python3.9/site-packages/airflow/example_dags/plugins/workday.py for tasks to queue
[2025-01-26T11:07:22.068-0300] {logging_mixin.py:190} INFO - [2025-01-26T11:07:22.068-0300] {dagbag.py:588} INFO - Filling up the DagBag from /mnt/c/Users/ander/Desktop/airflow-spark/airflow-spark/curso2/ambientX/lib/python3.9/site-packages/airflow/example_dags/plugins/workday.py
[2025-01-26T11:07:22.101-0300] {logging_mixin.py:190} INFO - [2025-01-26T11:07:22.101-0300] {workday.py:41} WARNING - Could not import pandas. Holidays will not be considered.
[2025-01-26T11:07:22.102-0300] {processor.py:927} WARNING - No viable dags retrieved from /mnt/c/Users/ander/Desktop/airflow-spark/airflow-spark/curso2/ambientX/lib/python3.9/site-packages/airflow/example_dags/plugins/workday.py
[2025-01-26T11:07:22.134-0300] {processor.py:208} INFO - Processing /mnt/c/Users/ander/Desktop/airflow-spark/airflow-spark/curso2/ambientX/lib/python3.9/site-packages/airflow/example_dags/plugins/workday.py took 0.089 seconds
[2025-01-26T11:08:10.209-0300] {processor.py:186} INFO - Started process (PID=16315) to work on /mnt/c/Users/ander/Desktop/airflow-spark/airflow-spark/curso2/ambientX/lib/python3.9/site-packages/airflow/example_dags/plugins/workday.py
[2025-01-26T11:08:10.210-0300] {processor.py:914} INFO - Processing file /mnt/c/Users/ander/Desktop/airflow-spark/airflow-spark/curso2/ambientX/lib/python3.9/site-packages/airflow/example_dags/plugins/workday.py for tasks to queue
[2025-01-26T11:08:10.212-0300] {logging_mixin.py:190} INFO - [2025-01-26T11:08:10.212-0300] {dagbag.py:588} INFO - Filling up the DagBag from /mnt/c/Users/ander/Desktop/airflow-spark/airflow-spark/curso2/ambientX/lib/python3.9/site-packages/airflow/example_dags/plugins/workday.py
[2025-01-26T11:08:10.236-0300] {logging_mixin.py:190} INFO - [2025-01-26T11:08:10.236-0300] {workday.py:41} WARNING - Could not import pandas. Holidays will not be considered.
[2025-01-26T11:08:10.237-0300] {processor.py:927} WARNING - No viable dags retrieved from /mnt/c/Users/ander/Desktop/airflow-spark/airflow-spark/curso2/ambientX/lib/python3.9/site-packages/airflow/example_dags/plugins/workday.py
[2025-01-26T11:08:10.265-0300] {processor.py:208} INFO - Processing /mnt/c/Users/ander/Desktop/airflow-spark/airflow-spark/curso2/ambientX/lib/python3.9/site-packages/airflow/example_dags/plugins/workday.py took 0.074 seconds
[2025-01-26T11:09:01.682-0300] {processor.py:186} INFO - Started process (PID=16540) to work on /mnt/c/Users/ander/Desktop/airflow-spark/airflow-spark/curso2/ambientX/lib/python3.9/site-packages/airflow/example_dags/plugins/workday.py
[2025-01-26T11:09:01.684-0300] {processor.py:914} INFO - Processing file /mnt/c/Users/ander/Desktop/airflow-spark/airflow-spark/curso2/ambientX/lib/python3.9/site-packages/airflow/example_dags/plugins/workday.py for tasks to queue
[2025-01-26T11:09:01.687-0300] {logging_mixin.py:190} INFO - [2025-01-26T11:09:01.687-0300] {dagbag.py:588} INFO - Filling up the DagBag from /mnt/c/Users/ander/Desktop/airflow-spark/airflow-spark/curso2/ambientX/lib/python3.9/site-packages/airflow/example_dags/plugins/workday.py
[2025-01-26T11:09:01.716-0300] {logging_mixin.py:190} INFO - [2025-01-26T11:09:01.716-0300] {workday.py:41} WARNING - Could not import pandas. Holidays will not be considered.
[2025-01-26T11:09:01.717-0300] {processor.py:927} WARNING - No viable dags retrieved from /mnt/c/Users/ander/Desktop/airflow-spark/airflow-spark/curso2/ambientX/lib/python3.9/site-packages/airflow/example_dags/plugins/workday.py
[2025-01-26T11:09:01.750-0300] {processor.py:208} INFO - Processing /mnt/c/Users/ander/Desktop/airflow-spark/airflow-spark/curso2/ambientX/lib/python3.9/site-packages/airflow/example_dags/plugins/workday.py took 0.089 seconds
[2025-01-26T11:09:54.758-0300] {processor.py:186} INFO - Started process (PID=16763) to work on /mnt/c/Users/ander/Desktop/airflow-spark/airflow-spark/curso2/ambientX/lib/python3.9/site-packages/airflow/example_dags/plugins/workday.py
[2025-01-26T11:09:54.759-0300] {processor.py:914} INFO - Processing file /mnt/c/Users/ander/Desktop/airflow-spark/airflow-spark/curso2/ambientX/lib/python3.9/site-packages/airflow/example_dags/plugins/workday.py for tasks to queue
[2025-01-26T11:09:54.761-0300] {logging_mixin.py:190} INFO - [2025-01-26T11:09:54.761-0300] {dagbag.py:588} INFO - Filling up the DagBag from /mnt/c/Users/ander/Desktop/airflow-spark/airflow-spark/curso2/ambientX/lib/python3.9/site-packages/airflow/example_dags/plugins/workday.py
[2025-01-26T11:09:54.787-0300] {logging_mixin.py:190} INFO - [2025-01-26T11:09:54.787-0300] {workday.py:41} WARNING - Could not import pandas. Holidays will not be considered.
[2025-01-26T11:09:54.788-0300] {processor.py:927} WARNING - No viable dags retrieved from /mnt/c/Users/ander/Desktop/airflow-spark/airflow-spark/curso2/ambientX/lib/python3.9/site-packages/airflow/example_dags/plugins/workday.py
[2025-01-26T11:09:54.815-0300] {processor.py:208} INFO - Processing /mnt/c/Users/ander/Desktop/airflow-spark/airflow-spark/curso2/ambientX/lib/python3.9/site-packages/airflow/example_dags/plugins/workday.py took 0.074 seconds
[2025-01-26T11:10:47.607-0300] {processor.py:186} INFO - Started process (PID=16933) to work on /mnt/c/Users/ander/Desktop/airflow-spark/airflow-spark/curso2/ambientX/lib/python3.9/site-packages/airflow/example_dags/plugins/workday.py
[2025-01-26T11:10:47.609-0300] {processor.py:914} INFO - Processing file /mnt/c/Users/ander/Desktop/airflow-spark/airflow-spark/curso2/ambientX/lib/python3.9/site-packages/airflow/example_dags/plugins/workday.py for tasks to queue
[2025-01-26T11:10:47.611-0300] {logging_mixin.py:190} INFO - [2025-01-26T11:10:47.611-0300] {dagbag.py:588} INFO - Filling up the DagBag from /mnt/c/Users/ander/Desktop/airflow-spark/airflow-spark/curso2/ambientX/lib/python3.9/site-packages/airflow/example_dags/plugins/workday.py
[2025-01-26T11:10:47.647-0300] {logging_mixin.py:190} INFO - [2025-01-26T11:10:47.647-0300] {workday.py:41} WARNING - Could not import pandas. Holidays will not be considered.
[2025-01-26T11:10:47.648-0300] {processor.py:927} WARNING - No viable dags retrieved from /mnt/c/Users/ander/Desktop/airflow-spark/airflow-spark/curso2/ambientX/lib/python3.9/site-packages/airflow/example_dags/plugins/workday.py
[2025-01-26T11:10:47.683-0300] {processor.py:208} INFO - Processing /mnt/c/Users/ander/Desktop/airflow-spark/airflow-spark/curso2/ambientX/lib/python3.9/site-packages/airflow/example_dags/plugins/workday.py took 0.096 seconds
[2025-01-26T11:12:12.971-0300] {processor.py:186} INFO - Started process (PID=17290) to work on /mnt/c/Users/ander/Desktop/airflow-spark/airflow-spark/curso2/ambientX/lib/python3.9/site-packages/airflow/example_dags/plugins/workday.py
[2025-01-26T11:12:12.972-0300] {processor.py:914} INFO - Processing file /mnt/c/Users/ander/Desktop/airflow-spark/airflow-spark/curso2/ambientX/lib/python3.9/site-packages/airflow/example_dags/plugins/workday.py for tasks to queue
[2025-01-26T11:12:12.974-0300] {logging_mixin.py:190} INFO - [2025-01-26T11:12:12.973-0300] {dagbag.py:588} INFO - Filling up the DagBag from /mnt/c/Users/ander/Desktop/airflow-spark/airflow-spark/curso2/ambientX/lib/python3.9/site-packages/airflow/example_dags/plugins/workday.py
[2025-01-26T11:12:13.007-0300] {logging_mixin.py:190} INFO - [2025-01-26T11:12:13.007-0300] {workday.py:41} WARNING - Could not import pandas. Holidays will not be considered.
[2025-01-26T11:12:13.033-0300] {processor.py:927} WARNING - No viable dags retrieved from /mnt/c/Users/ander/Desktop/airflow-spark/airflow-spark/curso2/ambientX/lib/python3.9/site-packages/airflow/example_dags/plugins/workday.py
[2025-01-26T11:12:13.068-0300] {processor.py:208} INFO - Processing /mnt/c/Users/ander/Desktop/airflow-spark/airflow-spark/curso2/ambientX/lib/python3.9/site-packages/airflow/example_dags/plugins/workday.py took 0.114 seconds
[2025-01-26T11:14:07.529-0300] {processor.py:186} INFO - Started process (PID=17862) to work on /mnt/c/Users/ander/Desktop/airflow-spark/airflow-spark/curso2/ambientX/lib/python3.9/site-packages/airflow/example_dags/plugins/workday.py
[2025-01-26T11:14:07.530-0300] {processor.py:914} INFO - Processing file /mnt/c/Users/ander/Desktop/airflow-spark/airflow-spark/curso2/ambientX/lib/python3.9/site-packages/airflow/example_dags/plugins/workday.py for tasks to queue
[2025-01-26T11:14:07.532-0300] {logging_mixin.py:190} INFO - [2025-01-26T11:14:07.532-0300] {dagbag.py:588} INFO - Filling up the DagBag from /mnt/c/Users/ander/Desktop/airflow-spark/airflow-spark/curso2/ambientX/lib/python3.9/site-packages/airflow/example_dags/plugins/workday.py
[2025-01-26T11:14:07.558-0300] {logging_mixin.py:190} INFO - [2025-01-26T11:14:07.557-0300] {workday.py:41} WARNING - Could not import pandas. Holidays will not be considered.
[2025-01-26T11:14:07.558-0300] {processor.py:927} WARNING - No viable dags retrieved from /mnt/c/Users/ander/Desktop/airflow-spark/airflow-spark/curso2/ambientX/lib/python3.9/site-packages/airflow/example_dags/plugins/workday.py
[2025-01-26T11:14:07.587-0300] {processor.py:208} INFO - Processing /mnt/c/Users/ander/Desktop/airflow-spark/airflow-spark/curso2/ambientX/lib/python3.9/site-packages/airflow/example_dags/plugins/workday.py took 0.076 seconds
[2025-01-26T11:16:01.200-0300] {processor.py:186} INFO - Started process (PID=18438) to work on /mnt/c/Users/ander/Desktop/airflow-spark/airflow-spark/curso2/ambientX/lib/python3.9/site-packages/airflow/example_dags/plugins/workday.py
[2025-01-26T11:16:01.202-0300] {processor.py:914} INFO - Processing file /mnt/c/Users/ander/Desktop/airflow-spark/airflow-spark/curso2/ambientX/lib/python3.9/site-packages/airflow/example_dags/plugins/workday.py for tasks to queue
[2025-01-26T11:16:01.205-0300] {logging_mixin.py:190} INFO - [2025-01-26T11:16:01.204-0300] {dagbag.py:588} INFO - Filling up the DagBag from /mnt/c/Users/ander/Desktop/airflow-spark/airflow-spark/curso2/ambientX/lib/python3.9/site-packages/airflow/example_dags/plugins/workday.py
[2025-01-26T11:16:01.229-0300] {logging_mixin.py:190} INFO - [2025-01-26T11:16:01.229-0300] {workday.py:41} WARNING - Could not import pandas. Holidays will not be considered.
[2025-01-26T11:16:01.230-0300] {processor.py:927} WARNING - No viable dags retrieved from /mnt/c/Users/ander/Desktop/airflow-spark/airflow-spark/curso2/ambientX/lib/python3.9/site-packages/airflow/example_dags/plugins/workday.py
[2025-01-26T11:16:01.256-0300] {processor.py:208} INFO - Processing /mnt/c/Users/ander/Desktop/airflow-spark/airflow-spark/curso2/ambientX/lib/python3.9/site-packages/airflow/example_dags/plugins/workday.py took 0.073 seconds
[2025-01-26T11:17:45.486-0300] {processor.py:186} INFO - Started process (PID=18812) to work on /mnt/c/Users/ander/Desktop/airflow-spark/airflow-spark/curso2/ambientX/lib/python3.9/site-packages/airflow/example_dags/plugins/workday.py
[2025-01-26T11:17:45.488-0300] {processor.py:914} INFO - Processing file /mnt/c/Users/ander/Desktop/airflow-spark/airflow-spark/curso2/ambientX/lib/python3.9/site-packages/airflow/example_dags/plugins/workday.py for tasks to queue
[2025-01-26T11:17:45.490-0300] {logging_mixin.py:190} INFO - [2025-01-26T11:17:45.489-0300] {dagbag.py:588} INFO - Filling up the DagBag from /mnt/c/Users/ander/Desktop/airflow-spark/airflow-spark/curso2/ambientX/lib/python3.9/site-packages/airflow/example_dags/plugins/workday.py
[2025-01-26T11:17:45.518-0300] {logging_mixin.py:190} INFO - [2025-01-26T11:17:45.518-0300] {workday.py:41} WARNING - Could not import pandas. Holidays will not be considered.
[2025-01-26T11:17:45.519-0300] {processor.py:927} WARNING - No viable dags retrieved from /mnt/c/Users/ander/Desktop/airflow-spark/airflow-spark/curso2/ambientX/lib/python3.9/site-packages/airflow/example_dags/plugins/workday.py
[2025-01-26T11:17:45.549-0300] {processor.py:208} INFO - Processing /mnt/c/Users/ander/Desktop/airflow-spark/airflow-spark/curso2/ambientX/lib/python3.9/site-packages/airflow/example_dags/plugins/workday.py took 0.081 seconds
[2025-01-26T11:19:14.513-0300] {processor.py:186} INFO - Started process (PID=19315) to work on /mnt/c/Users/ander/Desktop/airflow-spark/airflow-spark/curso2/ambientX/lib/python3.9/site-packages/airflow/example_dags/plugins/workday.py
[2025-01-26T11:19:14.515-0300] {processor.py:914} INFO - Processing file /mnt/c/Users/ander/Desktop/airflow-spark/airflow-spark/curso2/ambientX/lib/python3.9/site-packages/airflow/example_dags/plugins/workday.py for tasks to queue
[2025-01-26T11:19:14.517-0300] {logging_mixin.py:190} INFO - [2025-01-26T11:19:14.516-0300] {dagbag.py:588} INFO - Filling up the DagBag from /mnt/c/Users/ander/Desktop/airflow-spark/airflow-spark/curso2/ambientX/lib/python3.9/site-packages/airflow/example_dags/plugins/workday.py
[2025-01-26T11:19:14.543-0300] {logging_mixin.py:190} INFO - [2025-01-26T11:19:14.542-0300] {workday.py:41} WARNING - Could not import pandas. Holidays will not be considered.
[2025-01-26T11:19:14.543-0300] {processor.py:927} WARNING - No viable dags retrieved from /mnt/c/Users/ander/Desktop/airflow-spark/airflow-spark/curso2/ambientX/lib/python3.9/site-packages/airflow/example_dags/plugins/workday.py
[2025-01-26T11:19:14.572-0300] {processor.py:208} INFO - Processing /mnt/c/Users/ander/Desktop/airflow-spark/airflow-spark/curso2/ambientX/lib/python3.9/site-packages/airflow/example_dags/plugins/workday.py took 0.076 seconds
[2025-01-26T11:21:11.600-0300] {processor.py:186} INFO - Started process (PID=19781) to work on /mnt/c/Users/ander/Desktop/airflow-spark/airflow-spark/curso2/ambientX/lib/python3.9/site-packages/airflow/example_dags/plugins/workday.py
[2025-01-26T11:21:11.601-0300] {processor.py:914} INFO - Processing file /mnt/c/Users/ander/Desktop/airflow-spark/airflow-spark/curso2/ambientX/lib/python3.9/site-packages/airflow/example_dags/plugins/workday.py for tasks to queue
[2025-01-26T11:21:11.604-0300] {logging_mixin.py:190} INFO - [2025-01-26T11:21:11.603-0300] {dagbag.py:588} INFO - Filling up the DagBag from /mnt/c/Users/ander/Desktop/airflow-spark/airflow-spark/curso2/ambientX/lib/python3.9/site-packages/airflow/example_dags/plugins/workday.py
[2025-01-26T11:21:11.627-0300] {logging_mixin.py:190} INFO - [2025-01-26T11:21:11.627-0300] {workday.py:41} WARNING - Could not import pandas. Holidays will not be considered.
[2025-01-26T11:21:11.628-0300] {processor.py:927} WARNING - No viable dags retrieved from /mnt/c/Users/ander/Desktop/airflow-spark/airflow-spark/curso2/ambientX/lib/python3.9/site-packages/airflow/example_dags/plugins/workday.py
[2025-01-26T11:21:11.657-0300] {processor.py:208} INFO - Processing /mnt/c/Users/ander/Desktop/airflow-spark/airflow-spark/curso2/ambientX/lib/python3.9/site-packages/airflow/example_dags/plugins/workday.py took 0.074 seconds
[2025-01-26T11:23:04.807-0300] {processor.py:186} INFO - Started process (PID=20228) to work on /mnt/c/Users/ander/Desktop/airflow-spark/airflow-spark/curso2/ambientX/lib/python3.9/site-packages/airflow/example_dags/plugins/workday.py
[2025-01-26T11:23:04.809-0300] {processor.py:914} INFO - Processing file /mnt/c/Users/ander/Desktop/airflow-spark/airflow-spark/curso2/ambientX/lib/python3.9/site-packages/airflow/example_dags/plugins/workday.py for tasks to queue
[2025-01-26T11:23:04.811-0300] {logging_mixin.py:190} INFO - [2025-01-26T11:23:04.810-0300] {dagbag.py:588} INFO - Filling up the DagBag from /mnt/c/Users/ander/Desktop/airflow-spark/airflow-spark/curso2/ambientX/lib/python3.9/site-packages/airflow/example_dags/plugins/workday.py
[2025-01-26T11:23:04.835-0300] {logging_mixin.py:190} INFO - [2025-01-26T11:23:04.835-0300] {workday.py:41} WARNING - Could not import pandas. Holidays will not be considered.
[2025-01-26T11:23:04.836-0300] {processor.py:927} WARNING - No viable dags retrieved from /mnt/c/Users/ander/Desktop/airflow-spark/airflow-spark/curso2/ambientX/lib/python3.9/site-packages/airflow/example_dags/plugins/workday.py
[2025-01-26T11:23:04.865-0300] {processor.py:208} INFO - Processing /mnt/c/Users/ander/Desktop/airflow-spark/airflow-spark/curso2/ambientX/lib/python3.9/site-packages/airflow/example_dags/plugins/workday.py took 0.075 seconds
[2025-01-26T11:24:22.449-0300] {processor.py:186} INFO - Started process (PID=20595) to work on /mnt/c/Users/ander/Desktop/airflow-spark/airflow-spark/curso2/ambientX/lib/python3.9/site-packages/airflow/example_dags/plugins/workday.py
[2025-01-26T11:24:22.450-0300] {processor.py:914} INFO - Processing file /mnt/c/Users/ander/Desktop/airflow-spark/airflow-spark/curso2/ambientX/lib/python3.9/site-packages/airflow/example_dags/plugins/workday.py for tasks to queue
[2025-01-26T11:24:22.453-0300] {logging_mixin.py:190} INFO - [2025-01-26T11:24:22.452-0300] {dagbag.py:588} INFO - Filling up the DagBag from /mnt/c/Users/ander/Desktop/airflow-spark/airflow-spark/curso2/ambientX/lib/python3.9/site-packages/airflow/example_dags/plugins/workday.py
[2025-01-26T11:24:22.481-0300] {logging_mixin.py:190} INFO - [2025-01-26T11:24:22.481-0300] {workday.py:41} WARNING - Could not import pandas. Holidays will not be considered.
[2025-01-26T11:24:22.482-0300] {processor.py:927} WARNING - No viable dags retrieved from /mnt/c/Users/ander/Desktop/airflow-spark/airflow-spark/curso2/ambientX/lib/python3.9/site-packages/airflow/example_dags/plugins/workday.py
[2025-01-26T11:24:22.511-0300] {processor.py:208} INFO - Processing /mnt/c/Users/ander/Desktop/airflow-spark/airflow-spark/curso2/ambientX/lib/python3.9/site-packages/airflow/example_dags/plugins/workday.py took 0.081 seconds
[2025-01-26T11:25:34.875-0300] {processor.py:186} INFO - Started process (PID=20944) to work on /mnt/c/Users/ander/Desktop/airflow-spark/airflow-spark/curso2/ambientX/lib/python3.9/site-packages/airflow/example_dags/plugins/workday.py
[2025-01-26T11:25:34.876-0300] {processor.py:914} INFO - Processing file /mnt/c/Users/ander/Desktop/airflow-spark/airflow-spark/curso2/ambientX/lib/python3.9/site-packages/airflow/example_dags/plugins/workday.py for tasks to queue
[2025-01-26T11:25:34.878-0300] {logging_mixin.py:190} INFO - [2025-01-26T11:25:34.878-0300] {dagbag.py:588} INFO - Filling up the DagBag from /mnt/c/Users/ander/Desktop/airflow-spark/airflow-spark/curso2/ambientX/lib/python3.9/site-packages/airflow/example_dags/plugins/workday.py
[2025-01-26T11:25:34.902-0300] {logging_mixin.py:190} INFO - [2025-01-26T11:25:34.902-0300] {workday.py:41} WARNING - Could not import pandas. Holidays will not be considered.
[2025-01-26T11:25:34.903-0300] {processor.py:927} WARNING - No viable dags retrieved from /mnt/c/Users/ander/Desktop/airflow-spark/airflow-spark/curso2/ambientX/lib/python3.9/site-packages/airflow/example_dags/plugins/workday.py
[2025-01-26T11:25:34.931-0300] {processor.py:208} INFO - Processing /mnt/c/Users/ander/Desktop/airflow-spark/airflow-spark/curso2/ambientX/lib/python3.9/site-packages/airflow/example_dags/plugins/workday.py took 0.073 seconds
[2025-01-26T11:26:44.637-0300] {processor.py:186} INFO - Started process (PID=21289) to work on /mnt/c/Users/ander/Desktop/airflow-spark/airflow-spark/curso2/ambientX/lib/python3.9/site-packages/airflow/example_dags/plugins/workday.py
[2025-01-26T11:26:44.639-0300] {processor.py:914} INFO - Processing file /mnt/c/Users/ander/Desktop/airflow-spark/airflow-spark/curso2/ambientX/lib/python3.9/site-packages/airflow/example_dags/plugins/workday.py for tasks to queue
[2025-01-26T11:26:44.641-0300] {logging_mixin.py:190} INFO - [2025-01-26T11:26:44.640-0300] {dagbag.py:588} INFO - Filling up the DagBag from /mnt/c/Users/ander/Desktop/airflow-spark/airflow-spark/curso2/ambientX/lib/python3.9/site-packages/airflow/example_dags/plugins/workday.py
[2025-01-26T11:26:44.667-0300] {logging_mixin.py:190} INFO - [2025-01-26T11:26:44.667-0300] {workday.py:41} WARNING - Could not import pandas. Holidays will not be considered.
[2025-01-26T11:26:44.668-0300] {processor.py:927} WARNING - No viable dags retrieved from /mnt/c/Users/ander/Desktop/airflow-spark/airflow-spark/curso2/ambientX/lib/python3.9/site-packages/airflow/example_dags/plugins/workday.py
[2025-01-26T11:26:44.698-0300] {processor.py:208} INFO - Processing /mnt/c/Users/ander/Desktop/airflow-spark/airflow-spark/curso2/ambientX/lib/python3.9/site-packages/airflow/example_dags/plugins/workday.py took 0.079 seconds
[2025-01-26T11:27:57.262-0300] {processor.py:186} INFO - Started process (PID=21699) to work on /mnt/c/Users/ander/Desktop/airflow-spark/airflow-spark/curso2/ambientX/lib/python3.9/site-packages/airflow/example_dags/plugins/workday.py
[2025-01-26T11:27:57.263-0300] {processor.py:914} INFO - Processing file /mnt/c/Users/ander/Desktop/airflow-spark/airflow-spark/curso2/ambientX/lib/python3.9/site-packages/airflow/example_dags/plugins/workday.py for tasks to queue
[2025-01-26T11:27:57.265-0300] {logging_mixin.py:190} INFO - [2025-01-26T11:27:57.265-0300] {dagbag.py:588} INFO - Filling up the DagBag from /mnt/c/Users/ander/Desktop/airflow-spark/airflow-spark/curso2/ambientX/lib/python3.9/site-packages/airflow/example_dags/plugins/workday.py
[2025-01-26T11:27:57.287-0300] {logging_mixin.py:190} INFO - [2025-01-26T11:27:57.286-0300] {workday.py:41} WARNING - Could not import pandas. Holidays will not be considered.
[2025-01-26T11:27:57.287-0300] {processor.py:927} WARNING - No viable dags retrieved from /mnt/c/Users/ander/Desktop/airflow-spark/airflow-spark/curso2/ambientX/lib/python3.9/site-packages/airflow/example_dags/plugins/workday.py
[2025-01-26T11:27:57.314-0300] {processor.py:208} INFO - Processing /mnt/c/Users/ander/Desktop/airflow-spark/airflow-spark/curso2/ambientX/lib/python3.9/site-packages/airflow/example_dags/plugins/workday.py took 0.068 seconds
[2025-01-26T11:29:10.459-0300] {processor.py:186} INFO - Started process (PID=22049) to work on /mnt/c/Users/ander/Desktop/airflow-spark/airflow-spark/curso2/ambientX/lib/python3.9/site-packages/airflow/example_dags/plugins/workday.py
[2025-01-26T11:29:10.461-0300] {processor.py:914} INFO - Processing file /mnt/c/Users/ander/Desktop/airflow-spark/airflow-spark/curso2/ambientX/lib/python3.9/site-packages/airflow/example_dags/plugins/workday.py for tasks to queue
[2025-01-26T11:29:10.462-0300] {logging_mixin.py:190} INFO - [2025-01-26T11:29:10.462-0300] {dagbag.py:588} INFO - Filling up the DagBag from /mnt/c/Users/ander/Desktop/airflow-spark/airflow-spark/curso2/ambientX/lib/python3.9/site-packages/airflow/example_dags/plugins/workday.py
[2025-01-26T11:29:10.493-0300] {logging_mixin.py:190} INFO - [2025-01-26T11:29:10.493-0300] {workday.py:41} WARNING - Could not import pandas. Holidays will not be considered.
[2025-01-26T11:29:10.494-0300] {processor.py:927} WARNING - No viable dags retrieved from /mnt/c/Users/ander/Desktop/airflow-spark/airflow-spark/curso2/ambientX/lib/python3.9/site-packages/airflow/example_dags/plugins/workday.py
[2025-01-26T11:29:10.528-0300] {processor.py:208} INFO - Processing /mnt/c/Users/ander/Desktop/airflow-spark/airflow-spark/curso2/ambientX/lib/python3.9/site-packages/airflow/example_dags/plugins/workday.py took 0.087 seconds
[2025-01-26T11:30:33.928-0300] {processor.py:186} INFO - Started process (PID=22489) to work on /mnt/c/Users/ander/Desktop/airflow-spark/airflow-spark/curso2/ambientX/lib/python3.9/site-packages/airflow/example_dags/plugins/workday.py
[2025-01-26T11:30:33.929-0300] {processor.py:914} INFO - Processing file /mnt/c/Users/ander/Desktop/airflow-spark/airflow-spark/curso2/ambientX/lib/python3.9/site-packages/airflow/example_dags/plugins/workday.py for tasks to queue
[2025-01-26T11:30:33.931-0300] {logging_mixin.py:190} INFO - [2025-01-26T11:30:33.931-0300] {dagbag.py:588} INFO - Filling up the DagBag from /mnt/c/Users/ander/Desktop/airflow-spark/airflow-spark/curso2/ambientX/lib/python3.9/site-packages/airflow/example_dags/plugins/workday.py
[2025-01-26T11:30:33.958-0300] {logging_mixin.py:190} INFO - [2025-01-26T11:30:33.958-0300] {workday.py:41} WARNING - Could not import pandas. Holidays will not be considered.
[2025-01-26T11:30:33.959-0300] {processor.py:927} WARNING - No viable dags retrieved from /mnt/c/Users/ander/Desktop/airflow-spark/airflow-spark/curso2/ambientX/lib/python3.9/site-packages/airflow/example_dags/plugins/workday.py
[2025-01-26T11:30:33.985-0300] {processor.py:208} INFO - Processing /mnt/c/Users/ander/Desktop/airflow-spark/airflow-spark/curso2/ambientX/lib/python3.9/site-packages/airflow/example_dags/plugins/workday.py took 0.076 seconds
[2025-01-26T11:32:03.477-0300] {processor.py:186} INFO - Started process (PID=22877) to work on /mnt/c/Users/ander/Desktop/airflow-spark/airflow-spark/curso2/ambientX/lib/python3.9/site-packages/airflow/example_dags/plugins/workday.py
[2025-01-26T11:32:03.478-0300] {processor.py:914} INFO - Processing file /mnt/c/Users/ander/Desktop/airflow-spark/airflow-spark/curso2/ambientX/lib/python3.9/site-packages/airflow/example_dags/plugins/workday.py for tasks to queue
[2025-01-26T11:32:03.480-0300] {logging_mixin.py:190} INFO - [2025-01-26T11:32:03.480-0300] {dagbag.py:588} INFO - Filling up the DagBag from /mnt/c/Users/ander/Desktop/airflow-spark/airflow-spark/curso2/ambientX/lib/python3.9/site-packages/airflow/example_dags/plugins/workday.py
[2025-01-26T11:32:03.523-0300] {logging_mixin.py:190} INFO - [2025-01-26T11:32:03.523-0300] {workday.py:41} WARNING - Could not import pandas. Holidays will not be considered.
[2025-01-26T11:32:03.524-0300] {processor.py:927} WARNING - No viable dags retrieved from /mnt/c/Users/ander/Desktop/airflow-spark/airflow-spark/curso2/ambientX/lib/python3.9/site-packages/airflow/example_dags/plugins/workday.py
[2025-01-26T11:32:03.555-0300] {processor.py:208} INFO - Processing /mnt/c/Users/ander/Desktop/airflow-spark/airflow-spark/curso2/ambientX/lib/python3.9/site-packages/airflow/example_dags/plugins/workday.py took 0.096 seconds
[2025-01-26T11:33:28.791-0300] {processor.py:186} INFO - Started process (PID=23329) to work on /mnt/c/Users/ander/Desktop/airflow-spark/airflow-spark/curso2/ambientX/lib/python3.9/site-packages/airflow/example_dags/plugins/workday.py
[2025-01-26T11:33:28.793-0300] {processor.py:914} INFO - Processing file /mnt/c/Users/ander/Desktop/airflow-spark/airflow-spark/curso2/ambientX/lib/python3.9/site-packages/airflow/example_dags/plugins/workday.py for tasks to queue
[2025-01-26T11:33:28.794-0300] {logging_mixin.py:190} INFO - [2025-01-26T11:33:28.794-0300] {dagbag.py:588} INFO - Filling up the DagBag from /mnt/c/Users/ander/Desktop/airflow-spark/airflow-spark/curso2/ambientX/lib/python3.9/site-packages/airflow/example_dags/plugins/workday.py
[2025-01-26T11:33:28.826-0300] {logging_mixin.py:190} INFO - [2025-01-26T11:33:28.826-0300] {workday.py:41} WARNING - Could not import pandas. Holidays will not be considered.
[2025-01-26T11:33:28.827-0300] {processor.py:927} WARNING - No viable dags retrieved from /mnt/c/Users/ander/Desktop/airflow-spark/airflow-spark/curso2/ambientX/lib/python3.9/site-packages/airflow/example_dags/plugins/workday.py
[2025-01-26T11:33:28.858-0300] {processor.py:208} INFO - Processing /mnt/c/Users/ander/Desktop/airflow-spark/airflow-spark/curso2/ambientX/lib/python3.9/site-packages/airflow/example_dags/plugins/workday.py took 0.085 seconds
[2025-01-26T11:34:26.733-0300] {processor.py:186} INFO - Started process (PID=23575) to work on /mnt/c/Users/ander/Desktop/airflow-spark/airflow-spark/curso2/ambientX/lib/python3.9/site-packages/airflow/example_dags/plugins/workday.py
[2025-01-26T11:34:26.734-0300] {processor.py:914} INFO - Processing file /mnt/c/Users/ander/Desktop/airflow-spark/airflow-spark/curso2/ambientX/lib/python3.9/site-packages/airflow/example_dags/plugins/workday.py for tasks to queue
[2025-01-26T11:34:26.736-0300] {logging_mixin.py:190} INFO - [2025-01-26T11:34:26.736-0300] {dagbag.py:588} INFO - Filling up the DagBag from /mnt/c/Users/ander/Desktop/airflow-spark/airflow-spark/curso2/ambientX/lib/python3.9/site-packages/airflow/example_dags/plugins/workday.py
[2025-01-26T11:34:26.760-0300] {logging_mixin.py:190} INFO - [2025-01-26T11:34:26.760-0300] {workday.py:41} WARNING - Could not import pandas. Holidays will not be considered.
[2025-01-26T11:34:26.761-0300] {processor.py:927} WARNING - No viable dags retrieved from /mnt/c/Users/ander/Desktop/airflow-spark/airflow-spark/curso2/ambientX/lib/python3.9/site-packages/airflow/example_dags/plugins/workday.py
[2025-01-26T11:34:26.790-0300] {processor.py:208} INFO - Processing /mnt/c/Users/ander/Desktop/airflow-spark/airflow-spark/curso2/ambientX/lib/python3.9/site-packages/airflow/example_dags/plugins/workday.py took 0.073 seconds
[2025-01-26T11:35:15.325-0300] {processor.py:186} INFO - Started process (PID=23856) to work on /mnt/c/Users/ander/Desktop/airflow-spark/airflow-spark/curso2/ambientX/lib/python3.9/site-packages/airflow/example_dags/plugins/workday.py
[2025-01-26T11:35:15.327-0300] {processor.py:914} INFO - Processing file /mnt/c/Users/ander/Desktop/airflow-spark/airflow-spark/curso2/ambientX/lib/python3.9/site-packages/airflow/example_dags/plugins/workday.py for tasks to queue
[2025-01-26T11:35:15.329-0300] {logging_mixin.py:190} INFO - [2025-01-26T11:35:15.328-0300] {dagbag.py:588} INFO - Filling up the DagBag from /mnt/c/Users/ander/Desktop/airflow-spark/airflow-spark/curso2/ambientX/lib/python3.9/site-packages/airflow/example_dags/plugins/workday.py
[2025-01-26T11:35:15.356-0300] {logging_mixin.py:190} INFO - [2025-01-26T11:35:15.355-0300] {workday.py:41} WARNING - Could not import pandas. Holidays will not be considered.
[2025-01-26T11:35:15.356-0300] {processor.py:927} WARNING - No viable dags retrieved from /mnt/c/Users/ander/Desktop/airflow-spark/airflow-spark/curso2/ambientX/lib/python3.9/site-packages/airflow/example_dags/plugins/workday.py
[2025-01-26T11:35:15.383-0300] {processor.py:208} INFO - Processing /mnt/c/Users/ander/Desktop/airflow-spark/airflow-spark/curso2/ambientX/lib/python3.9/site-packages/airflow/example_dags/plugins/workday.py took 0.076 seconds
[2025-01-26T11:36:07.525-0300] {processor.py:186} INFO - Started process (PID=24081) to work on /mnt/c/Users/ander/Desktop/airflow-spark/airflow-spark/curso2/ambientX/lib/python3.9/site-packages/airflow/example_dags/plugins/workday.py
[2025-01-26T11:36:07.527-0300] {processor.py:914} INFO - Processing file /mnt/c/Users/ander/Desktop/airflow-spark/airflow-spark/curso2/ambientX/lib/python3.9/site-packages/airflow/example_dags/plugins/workday.py for tasks to queue
[2025-01-26T11:36:07.529-0300] {logging_mixin.py:190} INFO - [2025-01-26T11:36:07.528-0300] {dagbag.py:588} INFO - Filling up the DagBag from /mnt/c/Users/ander/Desktop/airflow-spark/airflow-spark/curso2/ambientX/lib/python3.9/site-packages/airflow/example_dags/plugins/workday.py
[2025-01-26T11:36:07.551-0300] {logging_mixin.py:190} INFO - [2025-01-26T11:36:07.551-0300] {workday.py:41} WARNING - Could not import pandas. Holidays will not be considered.
[2025-01-26T11:36:07.552-0300] {processor.py:927} WARNING - No viable dags retrieved from /mnt/c/Users/ander/Desktop/airflow-spark/airflow-spark/curso2/ambientX/lib/python3.9/site-packages/airflow/example_dags/plugins/workday.py
[2025-01-26T11:36:07.580-0300] {processor.py:208} INFO - Processing /mnt/c/Users/ander/Desktop/airflow-spark/airflow-spark/curso2/ambientX/lib/python3.9/site-packages/airflow/example_dags/plugins/workday.py took 0.071 seconds
[2025-01-26T11:36:57.536-0300] {processor.py:186} INFO - Started process (PID=24311) to work on /mnt/c/Users/ander/Desktop/airflow-spark/airflow-spark/curso2/ambientX/lib/python3.9/site-packages/airflow/example_dags/plugins/workday.py
[2025-01-26T11:36:57.537-0300] {processor.py:914} INFO - Processing file /mnt/c/Users/ander/Desktop/airflow-spark/airflow-spark/curso2/ambientX/lib/python3.9/site-packages/airflow/example_dags/plugins/workday.py for tasks to queue
[2025-01-26T11:36:57.539-0300] {logging_mixin.py:190} INFO - [2025-01-26T11:36:57.539-0300] {dagbag.py:588} INFO - Filling up the DagBag from /mnt/c/Users/ander/Desktop/airflow-spark/airflow-spark/curso2/ambientX/lib/python3.9/site-packages/airflow/example_dags/plugins/workday.py
[2025-01-26T11:36:57.565-0300] {logging_mixin.py:190} INFO - [2025-01-26T11:36:57.564-0300] {workday.py:41} WARNING - Could not import pandas. Holidays will not be considered.
[2025-01-26T11:36:57.565-0300] {processor.py:927} WARNING - No viable dags retrieved from /mnt/c/Users/ander/Desktop/airflow-spark/airflow-spark/curso2/ambientX/lib/python3.9/site-packages/airflow/example_dags/plugins/workday.py
[2025-01-26T11:36:57.593-0300] {processor.py:208} INFO - Processing /mnt/c/Users/ander/Desktop/airflow-spark/airflow-spark/curso2/ambientX/lib/python3.9/site-packages/airflow/example_dags/plugins/workday.py took 0.074 seconds
[2025-01-26T11:37:51.035-0300] {processor.py:186} INFO - Started process (PID=24566) to work on /mnt/c/Users/ander/Desktop/airflow-spark/airflow-spark/curso2/ambientX/lib/python3.9/site-packages/airflow/example_dags/plugins/workday.py
[2025-01-26T11:37:51.041-0300] {processor.py:914} INFO - Processing file /mnt/c/Users/ander/Desktop/airflow-spark/airflow-spark/curso2/ambientX/lib/python3.9/site-packages/airflow/example_dags/plugins/workday.py for tasks to queue
[2025-01-26T11:37:51.043-0300] {logging_mixin.py:190} INFO - [2025-01-26T11:37:51.043-0300] {dagbag.py:588} INFO - Filling up the DagBag from /mnt/c/Users/ander/Desktop/airflow-spark/airflow-spark/curso2/ambientX/lib/python3.9/site-packages/airflow/example_dags/plugins/workday.py
[2025-01-26T11:37:51.071-0300] {logging_mixin.py:190} INFO - [2025-01-26T11:37:51.071-0300] {workday.py:41} WARNING - Could not import pandas. Holidays will not be considered.
[2025-01-26T11:37:51.071-0300] {processor.py:927} WARNING - No viable dags retrieved from /mnt/c/Users/ander/Desktop/airflow-spark/airflow-spark/curso2/ambientX/lib/python3.9/site-packages/airflow/example_dags/plugins/workday.py
[2025-01-26T11:37:51.102-0300] {processor.py:208} INFO - Processing /mnt/c/Users/ander/Desktop/airflow-spark/airflow-spark/curso2/ambientX/lib/python3.9/site-packages/airflow/example_dags/plugins/workday.py took 0.084 seconds
[2025-01-26T11:38:41.101-0300] {processor.py:186} INFO - Started process (PID=24829) to work on /mnt/c/Users/ander/Desktop/airflow-spark/airflow-spark/curso2/ambientX/lib/python3.9/site-packages/airflow/example_dags/plugins/workday.py
[2025-01-26T11:38:41.103-0300] {processor.py:914} INFO - Processing file /mnt/c/Users/ander/Desktop/airflow-spark/airflow-spark/curso2/ambientX/lib/python3.9/site-packages/airflow/example_dags/plugins/workday.py for tasks to queue
[2025-01-26T11:38:41.105-0300] {logging_mixin.py:190} INFO - [2025-01-26T11:38:41.104-0300] {dagbag.py:588} INFO - Filling up the DagBag from /mnt/c/Users/ander/Desktop/airflow-spark/airflow-spark/curso2/ambientX/lib/python3.9/site-packages/airflow/example_dags/plugins/workday.py
[2025-01-26T11:38:41.130-0300] {logging_mixin.py:190} INFO - [2025-01-26T11:38:41.130-0300] {workday.py:41} WARNING - Could not import pandas. Holidays will not be considered.
[2025-01-26T11:38:41.131-0300] {processor.py:927} WARNING - No viable dags retrieved from /mnt/c/Users/ander/Desktop/airflow-spark/airflow-spark/curso2/ambientX/lib/python3.9/site-packages/airflow/example_dags/plugins/workday.py
[2025-01-26T11:38:41.160-0300] {processor.py:208} INFO - Processing /mnt/c/Users/ander/Desktop/airflow-spark/airflow-spark/curso2/ambientX/lib/python3.9/site-packages/airflow/example_dags/plugins/workday.py took 0.076 seconds
[2025-01-26T11:39:32.333-0300] {processor.py:186} INFO - Started process (PID=25053) to work on /mnt/c/Users/ander/Desktop/airflow-spark/airflow-spark/curso2/ambientX/lib/python3.9/site-packages/airflow/example_dags/plugins/workday.py
[2025-01-26T11:39:32.335-0300] {processor.py:914} INFO - Processing file /mnt/c/Users/ander/Desktop/airflow-spark/airflow-spark/curso2/ambientX/lib/python3.9/site-packages/airflow/example_dags/plugins/workday.py for tasks to queue
[2025-01-26T11:39:32.337-0300] {logging_mixin.py:190} INFO - [2025-01-26T11:39:32.336-0300] {dagbag.py:588} INFO - Filling up the DagBag from /mnt/c/Users/ander/Desktop/airflow-spark/airflow-spark/curso2/ambientX/lib/python3.9/site-packages/airflow/example_dags/plugins/workday.py
[2025-01-26T11:39:32.367-0300] {logging_mixin.py:190} INFO - [2025-01-26T11:39:32.367-0300] {workday.py:41} WARNING - Could not import pandas. Holidays will not be considered.
[2025-01-26T11:39:32.368-0300] {processor.py:927} WARNING - No viable dags retrieved from /mnt/c/Users/ander/Desktop/airflow-spark/airflow-spark/curso2/ambientX/lib/python3.9/site-packages/airflow/example_dags/plugins/workday.py
[2025-01-26T11:39:32.401-0300] {processor.py:208} INFO - Processing /mnt/c/Users/ander/Desktop/airflow-spark/airflow-spark/curso2/ambientX/lib/python3.9/site-packages/airflow/example_dags/plugins/workday.py took 0.086 seconds
[2025-01-26T11:40:19.815-0300] {processor.py:186} INFO - Started process (PID=25269) to work on /mnt/c/Users/ander/Desktop/airflow-spark/airflow-spark/curso2/ambientX/lib/python3.9/site-packages/airflow/example_dags/plugins/workday.py
[2025-01-26T11:40:19.816-0300] {processor.py:914} INFO - Processing file /mnt/c/Users/ander/Desktop/airflow-spark/airflow-spark/curso2/ambientX/lib/python3.9/site-packages/airflow/example_dags/plugins/workday.py for tasks to queue
[2025-01-26T11:40:19.819-0300] {logging_mixin.py:190} INFO - [2025-01-26T11:40:19.818-0300] {dagbag.py:588} INFO - Filling up the DagBag from /mnt/c/Users/ander/Desktop/airflow-spark/airflow-spark/curso2/ambientX/lib/python3.9/site-packages/airflow/example_dags/plugins/workday.py
[2025-01-26T11:40:19.842-0300] {logging_mixin.py:190} INFO - [2025-01-26T11:40:19.842-0300] {workday.py:41} WARNING - Could not import pandas. Holidays will not be considered.
[2025-01-26T11:40:19.843-0300] {processor.py:927} WARNING - No viable dags retrieved from /mnt/c/Users/ander/Desktop/airflow-spark/airflow-spark/curso2/ambientX/lib/python3.9/site-packages/airflow/example_dags/plugins/workday.py
[2025-01-26T11:40:19.873-0300] {processor.py:208} INFO - Processing /mnt/c/Users/ander/Desktop/airflow-spark/airflow-spark/curso2/ambientX/lib/python3.9/site-packages/airflow/example_dags/plugins/workday.py took 0.076 seconds
[2025-01-26T11:41:06.042-0300] {processor.py:186} INFO - Started process (PID=25492) to work on /mnt/c/Users/ander/Desktop/airflow-spark/airflow-spark/curso2/ambientX/lib/python3.9/site-packages/airflow/example_dags/plugins/workday.py
[2025-01-26T11:41:06.044-0300] {processor.py:914} INFO - Processing file /mnt/c/Users/ander/Desktop/airflow-spark/airflow-spark/curso2/ambientX/lib/python3.9/site-packages/airflow/example_dags/plugins/workday.py for tasks to queue
[2025-01-26T11:41:06.046-0300] {logging_mixin.py:190} INFO - [2025-01-26T11:41:06.045-0300] {dagbag.py:588} INFO - Filling up the DagBag from /mnt/c/Users/ander/Desktop/airflow-spark/airflow-spark/curso2/ambientX/lib/python3.9/site-packages/airflow/example_dags/plugins/workday.py
[2025-01-26T11:41:06.071-0300] {logging_mixin.py:190} INFO - [2025-01-26T11:41:06.071-0300] {workday.py:41} WARNING - Could not import pandas. Holidays will not be considered.
[2025-01-26T11:41:06.071-0300] {processor.py:927} WARNING - No viable dags retrieved from /mnt/c/Users/ander/Desktop/airflow-spark/airflow-spark/curso2/ambientX/lib/python3.9/site-packages/airflow/example_dags/plugins/workday.py
[2025-01-26T11:41:06.101-0300] {processor.py:208} INFO - Processing /mnt/c/Users/ander/Desktop/airflow-spark/airflow-spark/curso2/ambientX/lib/python3.9/site-packages/airflow/example_dags/plugins/workday.py took 0.081 seconds
[2025-01-26T11:41:56.725-0300] {processor.py:186} INFO - Started process (PID=25773) to work on /mnt/c/Users/ander/Desktop/airflow-spark/airflow-spark/curso2/ambientX/lib/python3.9/site-packages/airflow/example_dags/plugins/workday.py
[2025-01-26T11:41:56.726-0300] {processor.py:914} INFO - Processing file /mnt/c/Users/ander/Desktop/airflow-spark/airflow-spark/curso2/ambientX/lib/python3.9/site-packages/airflow/example_dags/plugins/workday.py for tasks to queue
[2025-01-26T11:41:56.728-0300] {logging_mixin.py:190} INFO - [2025-01-26T11:41:56.728-0300] {dagbag.py:588} INFO - Filling up the DagBag from /mnt/c/Users/ander/Desktop/airflow-spark/airflow-spark/curso2/ambientX/lib/python3.9/site-packages/airflow/example_dags/plugins/workday.py
[2025-01-26T11:41:56.757-0300] {logging_mixin.py:190} INFO - [2025-01-26T11:41:56.756-0300] {workday.py:41} WARNING - Could not import pandas. Holidays will not be considered.
[2025-01-26T11:41:56.757-0300] {processor.py:927} WARNING - No viable dags retrieved from /mnt/c/Users/ander/Desktop/airflow-spark/airflow-spark/curso2/ambientX/lib/python3.9/site-packages/airflow/example_dags/plugins/workday.py
[2025-01-26T11:41:56.783-0300] {processor.py:208} INFO - Processing /mnt/c/Users/ander/Desktop/airflow-spark/airflow-spark/curso2/ambientX/lib/python3.9/site-packages/airflow/example_dags/plugins/workday.py took 0.073 seconds
[2025-01-26T11:42:48.588-0300] {processor.py:186} INFO - Started process (PID=26067) to work on /mnt/c/Users/ander/Desktop/airflow-spark/airflow-spark/curso2/ambientX/lib/python3.9/site-packages/airflow/example_dags/plugins/workday.py
[2025-01-26T11:42:48.590-0300] {processor.py:914} INFO - Processing file /mnt/c/Users/ander/Desktop/airflow-spark/airflow-spark/curso2/ambientX/lib/python3.9/site-packages/airflow/example_dags/plugins/workday.py for tasks to queue
[2025-01-26T11:42:48.592-0300] {logging_mixin.py:190} INFO - [2025-01-26T11:42:48.592-0300] {dagbag.py:588} INFO - Filling up the DagBag from /mnt/c/Users/ander/Desktop/airflow-spark/airflow-spark/curso2/ambientX/lib/python3.9/site-packages/airflow/example_dags/plugins/workday.py
[2025-01-26T11:42:48.620-0300] {logging_mixin.py:190} INFO - [2025-01-26T11:42:48.620-0300] {workday.py:41} WARNING - Could not import pandas. Holidays will not be considered.
[2025-01-26T11:42:48.621-0300] {processor.py:927} WARNING - No viable dags retrieved from /mnt/c/Users/ander/Desktop/airflow-spark/airflow-spark/curso2/ambientX/lib/python3.9/site-packages/airflow/example_dags/plugins/workday.py
[2025-01-26T11:42:48.649-0300] {processor.py:208} INFO - Processing /mnt/c/Users/ander/Desktop/airflow-spark/airflow-spark/curso2/ambientX/lib/python3.9/site-packages/airflow/example_dags/plugins/workday.py took 0.075 seconds
[2025-01-26T11:43:44.751-0300] {processor.py:186} INFO - Started process (PID=26370) to work on /mnt/c/Users/ander/Desktop/airflow-spark/airflow-spark/curso2/ambientX/lib/python3.9/site-packages/airflow/example_dags/plugins/workday.py
[2025-01-26T11:43:44.753-0300] {processor.py:914} INFO - Processing file /mnt/c/Users/ander/Desktop/airflow-spark/airflow-spark/curso2/ambientX/lib/python3.9/site-packages/airflow/example_dags/plugins/workday.py for tasks to queue
[2025-01-26T11:43:44.755-0300] {logging_mixin.py:190} INFO - [2025-01-26T11:43:44.754-0300] {dagbag.py:588} INFO - Filling up the DagBag from /mnt/c/Users/ander/Desktop/airflow-spark/airflow-spark/curso2/ambientX/lib/python3.9/site-packages/airflow/example_dags/plugins/workday.py
[2025-01-26T11:43:44.782-0300] {logging_mixin.py:190} INFO - [2025-01-26T11:43:44.782-0300] {workday.py:41} WARNING - Could not import pandas. Holidays will not be considered.
[2025-01-26T11:43:44.783-0300] {processor.py:927} WARNING - No viable dags retrieved from /mnt/c/Users/ander/Desktop/airflow-spark/airflow-spark/curso2/ambientX/lib/python3.9/site-packages/airflow/example_dags/plugins/workday.py
[2025-01-26T11:43:44.811-0300] {processor.py:208} INFO - Processing /mnt/c/Users/ander/Desktop/airflow-spark/airflow-spark/curso2/ambientX/lib/python3.9/site-packages/airflow/example_dags/plugins/workday.py took 0.075 seconds
[2025-01-26T11:44:37.420-0300] {processor.py:186} INFO - Started process (PID=26614) to work on /mnt/c/Users/ander/Desktop/airflow-spark/airflow-spark/curso2/ambientX/lib/python3.9/site-packages/airflow/example_dags/plugins/workday.py
[2025-01-26T11:44:37.421-0300] {processor.py:914} INFO - Processing file /mnt/c/Users/ander/Desktop/airflow-spark/airflow-spark/curso2/ambientX/lib/python3.9/site-packages/airflow/example_dags/plugins/workday.py for tasks to queue
[2025-01-26T11:44:37.423-0300] {logging_mixin.py:190} INFO - [2025-01-26T11:44:37.423-0300] {dagbag.py:588} INFO - Filling up the DagBag from /mnt/c/Users/ander/Desktop/airflow-spark/airflow-spark/curso2/ambientX/lib/python3.9/site-packages/airflow/example_dags/plugins/workday.py
[2025-01-26T11:44:37.457-0300] {logging_mixin.py:190} INFO - [2025-01-26T11:44:37.457-0300] {workday.py:41} WARNING - Could not import pandas. Holidays will not be considered.
[2025-01-26T11:44:37.458-0300] {processor.py:927} WARNING - No viable dags retrieved from /mnt/c/Users/ander/Desktop/airflow-spark/airflow-spark/curso2/ambientX/lib/python3.9/site-packages/airflow/example_dags/plugins/workday.py
[2025-01-26T11:44:37.485-0300] {processor.py:208} INFO - Processing /mnt/c/Users/ander/Desktop/airflow-spark/airflow-spark/curso2/ambientX/lib/python3.9/site-packages/airflow/example_dags/plugins/workday.py took 0.084 seconds
[2025-01-26T11:45:30.979-0300] {processor.py:186} INFO - Started process (PID=26845) to work on /mnt/c/Users/ander/Desktop/airflow-spark/airflow-spark/curso2/ambientX/lib/python3.9/site-packages/airflow/example_dags/plugins/workday.py
[2025-01-26T11:45:30.981-0300] {processor.py:914} INFO - Processing file /mnt/c/Users/ander/Desktop/airflow-spark/airflow-spark/curso2/ambientX/lib/python3.9/site-packages/airflow/example_dags/plugins/workday.py for tasks to queue
[2025-01-26T11:45:30.983-0300] {logging_mixin.py:190} INFO - [2025-01-26T11:45:30.982-0300] {dagbag.py:588} INFO - Filling up the DagBag from /mnt/c/Users/ander/Desktop/airflow-spark/airflow-spark/curso2/ambientX/lib/python3.9/site-packages/airflow/example_dags/plugins/workday.py
[2025-01-26T11:45:31.011-0300] {logging_mixin.py:190} INFO - [2025-01-26T11:45:31.011-0300] {workday.py:41} WARNING - Could not import pandas. Holidays will not be considered.
[2025-01-26T11:45:31.012-0300] {processor.py:927} WARNING - No viable dags retrieved from /mnt/c/Users/ander/Desktop/airflow-spark/airflow-spark/curso2/ambientX/lib/python3.9/site-packages/airflow/example_dags/plugins/workday.py
[2025-01-26T11:45:31.040-0300] {processor.py:208} INFO - Processing /mnt/c/Users/ander/Desktop/airflow-spark/airflow-spark/curso2/ambientX/lib/python3.9/site-packages/airflow/example_dags/plugins/workday.py took 0.082 seconds
