[2025-01-15 23:12:45,268] {processor.py:153} INFO - Started process (PID=25499) to work on /mnt/c/Users/ander/Desktop/airflow-spark/airflow-spark/curso2/ambientepython/lib/python3.9/site-packages/airflow/example_dags/example_latest_only.py
[2025-01-15 23:12:45,269] {processor.py:641} INFO - Processing file /mnt/c/Users/ander/Desktop/airflow-spark/airflow-spark/curso2/ambientepython/lib/python3.9/site-packages/airflow/example_dags/example_latest_only.py for tasks to queue
[2025-01-15 23:12:45,270] {logging_mixin.py:115} INFO - [2025-01-15 23:12:45,270] {dagbag.py:507} INFO - Filling up the DagBag from /mnt/c/Users/ander/Desktop/airflow-spark/airflow-spark/curso2/ambientepython/lib/python3.9/site-packages/airflow/example_dags/example_latest_only.py
[2025-01-15 23:12:45,391] {processor.py:651} INFO - DAG(s) dict_keys(['latest_only']) retrieved from /mnt/c/Users/ander/Desktop/airflow-spark/airflow-spark/curso2/ambientepython/lib/python3.9/site-packages/airflow/example_dags/example_latest_only.py
[2025-01-15 23:12:45,570] {logging_mixin.py:115} INFO - [2025-01-15 23:12:45,570] {manager.py:508} INFO - Created Permission View: can edit on DAG:latest_only
[2025-01-15 23:12:45,615] {logging_mixin.py:115} INFO - [2025-01-15 23:12:45,615] {manager.py:508} INFO - Created Permission View: can delete on DAG:latest_only
[2025-01-15 23:12:45,657] {logging_mixin.py:115} INFO - [2025-01-15 23:12:45,657] {manager.py:508} INFO - Created Permission View: can read on DAG:latest_only
[2025-01-15 23:12:45,658] {logging_mixin.py:115} INFO - [2025-01-15 23:12:45,658] {dag.py:2379} INFO - Sync 1 DAGs
[2025-01-15 23:12:45,679] {logging_mixin.py:115} INFO - [2025-01-15 23:12:45,678] {dag.py:2398} INFO - Creating ORM DAG for latest_only
[2025-01-15 23:12:45,695] {logging_mixin.py:115} INFO - [2025-01-15 23:12:45,695] {dag.py:2927} INFO - Setting next_dagrun for latest_only to 2025-01-15T22:12:45.695484+00:00, run_after=2025-01-16T02:12:45.695484+00:00
[2025-01-15 23:12:45,751] {processor.py:161} INFO - Processing /mnt/c/Users/ander/Desktop/airflow-spark/airflow-spark/curso2/ambientepython/lib/python3.9/site-packages/airflow/example_dags/example_latest_only.py took 0.487 seconds
[2025-01-15 23:13:32,827] {processor.py:153} INFO - Started process (PID=25673) to work on /mnt/c/Users/ander/Desktop/airflow-spark/airflow-spark/curso2/ambientepython/lib/python3.9/site-packages/airflow/example_dags/example_latest_only.py
[2025-01-15 23:13:32,829] {processor.py:641} INFO - Processing file /mnt/c/Users/ander/Desktop/airflow-spark/airflow-spark/curso2/ambientepython/lib/python3.9/site-packages/airflow/example_dags/example_latest_only.py for tasks to queue
[2025-01-15 23:13:32,830] {logging_mixin.py:115} INFO - [2025-01-15 23:13:32,829] {dagbag.py:507} INFO - Filling up the DagBag from /mnt/c/Users/ander/Desktop/airflow-spark/airflow-spark/curso2/ambientepython/lib/python3.9/site-packages/airflow/example_dags/example_latest_only.py
[2025-01-15 23:13:32,876] {processor.py:651} INFO - DAG(s) dict_keys(['latest_only']) retrieved from /mnt/c/Users/ander/Desktop/airflow-spark/airflow-spark/curso2/ambientepython/lib/python3.9/site-packages/airflow/example_dags/example_latest_only.py
[2025-01-15 23:13:32,919] {logging_mixin.py:115} INFO - [2025-01-15 23:13:32,918] {dag.py:2379} INFO - Sync 1 DAGs
[2025-01-15 23:13:32,949] {logging_mixin.py:115} INFO - [2025-01-15 23:13:32,949] {dag.py:2927} INFO - Setting next_dagrun for latest_only to 2025-01-15T22:13:32.949225+00:00, run_after=2025-01-16T02:13:32.949225+00:00
[2025-01-15 23:13:33,002] {processor.py:161} INFO - Processing /mnt/c/Users/ander/Desktop/airflow-spark/airflow-spark/curso2/ambientepython/lib/python3.9/site-packages/airflow/example_dags/example_latest_only.py took 0.178 seconds
[2025-01-15 23:14:20,607] {processor.py:153} INFO - Started process (PID=25842) to work on /mnt/c/Users/ander/Desktop/airflow-spark/airflow-spark/curso2/ambientepython/lib/python3.9/site-packages/airflow/example_dags/example_latest_only.py
[2025-01-15 23:14:20,608] {processor.py:641} INFO - Processing file /mnt/c/Users/ander/Desktop/airflow-spark/airflow-spark/curso2/ambientepython/lib/python3.9/site-packages/airflow/example_dags/example_latest_only.py for tasks to queue
[2025-01-15 23:14:20,609] {logging_mixin.py:115} INFO - [2025-01-15 23:14:20,609] {dagbag.py:507} INFO - Filling up the DagBag from /mnt/c/Users/ander/Desktop/airflow-spark/airflow-spark/curso2/ambientepython/lib/python3.9/site-packages/airflow/example_dags/example_latest_only.py
[2025-01-15 23:14:20,647] {processor.py:651} INFO - DAG(s) dict_keys(['latest_only']) retrieved from /mnt/c/Users/ander/Desktop/airflow-spark/airflow-spark/curso2/ambientepython/lib/python3.9/site-packages/airflow/example_dags/example_latest_only.py
[2025-01-15 23:14:20,687] {logging_mixin.py:115} INFO - [2025-01-15 23:14:20,687] {dag.py:2379} INFO - Sync 1 DAGs
[2025-01-15 23:14:20,716] {logging_mixin.py:115} INFO - [2025-01-15 23:14:20,716] {dag.py:2927} INFO - Setting next_dagrun for latest_only to 2025-01-15T22:14:20.716287+00:00, run_after=2025-01-16T02:14:20.716287+00:00
[2025-01-15 23:14:20,761] {processor.py:161} INFO - Processing /mnt/c/Users/ander/Desktop/airflow-spark/airflow-spark/curso2/ambientepython/lib/python3.9/site-packages/airflow/example_dags/example_latest_only.py took 0.158 seconds
[2025-01-15 23:15:04,983] {processor.py:153} INFO - Started process (PID=26003) to work on /mnt/c/Users/ander/Desktop/airflow-spark/airflow-spark/curso2/ambientepython/lib/python3.9/site-packages/airflow/example_dags/example_latest_only.py
[2025-01-15 23:15:04,984] {processor.py:641} INFO - Processing file /mnt/c/Users/ander/Desktop/airflow-spark/airflow-spark/curso2/ambientepython/lib/python3.9/site-packages/airflow/example_dags/example_latest_only.py for tasks to queue
[2025-01-15 23:15:04,985] {logging_mixin.py:115} INFO - [2025-01-15 23:15:04,985] {dagbag.py:507} INFO - Filling up the DagBag from /mnt/c/Users/ander/Desktop/airflow-spark/airflow-spark/curso2/ambientepython/lib/python3.9/site-packages/airflow/example_dags/example_latest_only.py
[2025-01-15 23:15:05,028] {processor.py:651} INFO - DAG(s) dict_keys(['latest_only']) retrieved from /mnt/c/Users/ander/Desktop/airflow-spark/airflow-spark/curso2/ambientepython/lib/python3.9/site-packages/airflow/example_dags/example_latest_only.py
[2025-01-15 23:15:05,072] {logging_mixin.py:115} INFO - [2025-01-15 23:15:05,072] {dag.py:2379} INFO - Sync 1 DAGs
[2025-01-15 23:15:05,102] {logging_mixin.py:115} INFO - [2025-01-15 23:15:05,102] {dag.py:2927} INFO - Setting next_dagrun for latest_only to 2025-01-15T22:15:05.102013+00:00, run_after=2025-01-16T02:15:05.102013+00:00
[2025-01-15 23:15:05,144] {processor.py:161} INFO - Processing /mnt/c/Users/ander/Desktop/airflow-spark/airflow-spark/curso2/ambientepython/lib/python3.9/site-packages/airflow/example_dags/example_latest_only.py took 0.165 seconds
[2025-01-15 23:15:52,385] {processor.py:153} INFO - Started process (PID=26172) to work on /mnt/c/Users/ander/Desktop/airflow-spark/airflow-spark/curso2/ambientepython/lib/python3.9/site-packages/airflow/example_dags/example_latest_only.py
[2025-01-15 23:15:52,386] {processor.py:641} INFO - Processing file /mnt/c/Users/ander/Desktop/airflow-spark/airflow-spark/curso2/ambientepython/lib/python3.9/site-packages/airflow/example_dags/example_latest_only.py for tasks to queue
[2025-01-15 23:15:52,387] {logging_mixin.py:115} INFO - [2025-01-15 23:15:52,387] {dagbag.py:507} INFO - Filling up the DagBag from /mnt/c/Users/ander/Desktop/airflow-spark/airflow-spark/curso2/ambientepython/lib/python3.9/site-packages/airflow/example_dags/example_latest_only.py
[2025-01-15 23:15:52,438] {processor.py:651} INFO - DAG(s) dict_keys(['latest_only']) retrieved from /mnt/c/Users/ander/Desktop/airflow-spark/airflow-spark/curso2/ambientepython/lib/python3.9/site-packages/airflow/example_dags/example_latest_only.py
[2025-01-15 23:15:52,482] {logging_mixin.py:115} INFO - [2025-01-15 23:15:52,482] {dag.py:2379} INFO - Sync 1 DAGs
[2025-01-15 23:15:52,512] {logging_mixin.py:115} INFO - [2025-01-15 23:15:52,512] {dag.py:2927} INFO - Setting next_dagrun for latest_only to 2025-01-15T22:15:52.511984+00:00, run_after=2025-01-16T02:15:52.511984+00:00
[2025-01-15 23:15:52,559] {processor.py:161} INFO - Processing /mnt/c/Users/ander/Desktop/airflow-spark/airflow-spark/curso2/ambientepython/lib/python3.9/site-packages/airflow/example_dags/example_latest_only.py took 0.178 seconds
[2025-01-15 23:16:42,167] {processor.py:153} INFO - Started process (PID=26354) to work on /mnt/c/Users/ander/Desktop/airflow-spark/airflow-spark/curso2/ambientepython/lib/python3.9/site-packages/airflow/example_dags/example_latest_only.py
[2025-01-15 23:16:42,168] {processor.py:641} INFO - Processing file /mnt/c/Users/ander/Desktop/airflow-spark/airflow-spark/curso2/ambientepython/lib/python3.9/site-packages/airflow/example_dags/example_latest_only.py for tasks to queue
[2025-01-15 23:16:42,169] {logging_mixin.py:115} INFO - [2025-01-15 23:16:42,169] {dagbag.py:507} INFO - Filling up the DagBag from /mnt/c/Users/ander/Desktop/airflow-spark/airflow-spark/curso2/ambientepython/lib/python3.9/site-packages/airflow/example_dags/example_latest_only.py
[2025-01-15 23:16:42,215] {processor.py:651} INFO - DAG(s) dict_keys(['latest_only']) retrieved from /mnt/c/Users/ander/Desktop/airflow-spark/airflow-spark/curso2/ambientepython/lib/python3.9/site-packages/airflow/example_dags/example_latest_only.py
[2025-01-15 23:16:42,255] {logging_mixin.py:115} INFO - [2025-01-15 23:16:42,254] {dag.py:2379} INFO - Sync 1 DAGs
[2025-01-15 23:16:42,284] {logging_mixin.py:115} INFO - [2025-01-15 23:16:42,284] {dag.py:2927} INFO - Setting next_dagrun for latest_only to 2025-01-15T22:16:42.283683+00:00, run_after=2025-01-16T02:16:42.283683+00:00
[2025-01-15 23:16:42,331] {processor.py:161} INFO - Processing /mnt/c/Users/ander/Desktop/airflow-spark/airflow-spark/curso2/ambientepython/lib/python3.9/site-packages/airflow/example_dags/example_latest_only.py took 0.168 seconds
[2025-01-15 23:17:29,686] {processor.py:153} INFO - Started process (PID=26576) to work on /mnt/c/Users/ander/Desktop/airflow-spark/airflow-spark/curso2/ambientepython/lib/python3.9/site-packages/airflow/example_dags/example_latest_only.py
[2025-01-15 23:17:29,687] {processor.py:641} INFO - Processing file /mnt/c/Users/ander/Desktop/airflow-spark/airflow-spark/curso2/ambientepython/lib/python3.9/site-packages/airflow/example_dags/example_latest_only.py for tasks to queue
[2025-01-15 23:17:29,688] {logging_mixin.py:115} INFO - [2025-01-15 23:17:29,688] {dagbag.py:507} INFO - Filling up the DagBag from /mnt/c/Users/ander/Desktop/airflow-spark/airflow-spark/curso2/ambientepython/lib/python3.9/site-packages/airflow/example_dags/example_latest_only.py
[2025-01-15 23:17:29,723] {processor.py:651} INFO - DAG(s) dict_keys(['latest_only']) retrieved from /mnt/c/Users/ander/Desktop/airflow-spark/airflow-spark/curso2/ambientepython/lib/python3.9/site-packages/airflow/example_dags/example_latest_only.py
[2025-01-15 23:17:29,764] {logging_mixin.py:115} INFO - [2025-01-15 23:17:29,764] {dag.py:2379} INFO - Sync 1 DAGs
[2025-01-15 23:17:29,797] {logging_mixin.py:115} INFO - [2025-01-15 23:17:29,797] {dag.py:2927} INFO - Setting next_dagrun for latest_only to 2025-01-15T22:17:29.796878+00:00, run_after=2025-01-16T02:17:29.796878+00:00
[2025-01-15 23:17:29,838] {processor.py:161} INFO - Processing /mnt/c/Users/ander/Desktop/airflow-spark/airflow-spark/curso2/ambientepython/lib/python3.9/site-packages/airflow/example_dags/example_latest_only.py took 0.156 seconds
[2025-01-15 23:18:12,824] {processor.py:153} INFO - Started process (PID=26737) to work on /mnt/c/Users/ander/Desktop/airflow-spark/airflow-spark/curso2/ambientepython/lib/python3.9/site-packages/airflow/example_dags/example_latest_only.py
[2025-01-15 23:18:12,825] {processor.py:641} INFO - Processing file /mnt/c/Users/ander/Desktop/airflow-spark/airflow-spark/curso2/ambientepython/lib/python3.9/site-packages/airflow/example_dags/example_latest_only.py for tasks to queue
[2025-01-15 23:18:12,826] {logging_mixin.py:115} INFO - [2025-01-15 23:18:12,826] {dagbag.py:507} INFO - Filling up the DagBag from /mnt/c/Users/ander/Desktop/airflow-spark/airflow-spark/curso2/ambientepython/lib/python3.9/site-packages/airflow/example_dags/example_latest_only.py
[2025-01-15 23:18:12,864] {processor.py:651} INFO - DAG(s) dict_keys(['latest_only']) retrieved from /mnt/c/Users/ander/Desktop/airflow-spark/airflow-spark/curso2/ambientepython/lib/python3.9/site-packages/airflow/example_dags/example_latest_only.py
[2025-01-15 23:18:12,903] {logging_mixin.py:115} INFO - [2025-01-15 23:18:12,902] {dag.py:2379} INFO - Sync 1 DAGs
[2025-01-15 23:18:12,932] {logging_mixin.py:115} INFO - [2025-01-15 23:18:12,932] {dag.py:2927} INFO - Setting next_dagrun for latest_only to 2025-01-15T22:18:12.932128+00:00, run_after=2025-01-16T02:18:12.932128+00:00
[2025-01-15 23:18:12,975] {processor.py:161} INFO - Processing /mnt/c/Users/ander/Desktop/airflow-spark/airflow-spark/curso2/ambientepython/lib/python3.9/site-packages/airflow/example_dags/example_latest_only.py took 0.155 seconds
[2025-01-15 23:18:55,963] {processor.py:153} INFO - Started process (PID=26893) to work on /mnt/c/Users/ander/Desktop/airflow-spark/airflow-spark/curso2/ambientepython/lib/python3.9/site-packages/airflow/example_dags/example_latest_only.py
[2025-01-15 23:18:55,965] {processor.py:641} INFO - Processing file /mnt/c/Users/ander/Desktop/airflow-spark/airflow-spark/curso2/ambientepython/lib/python3.9/site-packages/airflow/example_dags/example_latest_only.py for tasks to queue
[2025-01-15 23:18:55,966] {logging_mixin.py:115} INFO - [2025-01-15 23:18:55,966] {dagbag.py:507} INFO - Filling up the DagBag from /mnt/c/Users/ander/Desktop/airflow-spark/airflow-spark/curso2/ambientepython/lib/python3.9/site-packages/airflow/example_dags/example_latest_only.py
[2025-01-15 23:18:56,011] {processor.py:651} INFO - DAG(s) dict_keys(['latest_only']) retrieved from /mnt/c/Users/ander/Desktop/airflow-spark/airflow-spark/curso2/ambientepython/lib/python3.9/site-packages/airflow/example_dags/example_latest_only.py
[2025-01-15 23:18:56,054] {logging_mixin.py:115} INFO - [2025-01-15 23:18:56,054] {dag.py:2379} INFO - Sync 1 DAGs
[2025-01-15 23:18:56,087] {logging_mixin.py:115} INFO - [2025-01-15 23:18:56,087] {dag.py:2927} INFO - Setting next_dagrun for latest_only to 2025-01-15T22:18:56.086761+00:00, run_after=2025-01-16T02:18:56.086761+00:00
[2025-01-15 23:18:56,137] {processor.py:161} INFO - Processing /mnt/c/Users/ander/Desktop/airflow-spark/airflow-spark/curso2/ambientepython/lib/python3.9/site-packages/airflow/example_dags/example_latest_only.py took 0.177 seconds
[2025-01-15 23:19:48,272] {processor.py:153} INFO - Started process (PID=27083) to work on /mnt/c/Users/ander/Desktop/airflow-spark/airflow-spark/curso2/ambientepython/lib/python3.9/site-packages/airflow/example_dags/example_latest_only.py
[2025-01-15 23:19:48,274] {processor.py:641} INFO - Processing file /mnt/c/Users/ander/Desktop/airflow-spark/airflow-spark/curso2/ambientepython/lib/python3.9/site-packages/airflow/example_dags/example_latest_only.py for tasks to queue
[2025-01-15 23:19:48,277] {logging_mixin.py:115} INFO - [2025-01-15 23:19:48,276] {dagbag.py:507} INFO - Filling up the DagBag from /mnt/c/Users/ander/Desktop/airflow-spark/airflow-spark/curso2/ambientepython/lib/python3.9/site-packages/airflow/example_dags/example_latest_only.py
[2025-01-15 23:19:48,501] {processor.py:651} INFO - DAG(s) dict_keys(['latest_only']) retrieved from /mnt/c/Users/ander/Desktop/airflow-spark/airflow-spark/curso2/ambientepython/lib/python3.9/site-packages/airflow/example_dags/example_latest_only.py
[2025-01-15 23:19:48,549] {logging_mixin.py:115} INFO - [2025-01-15 23:19:48,549] {dag.py:2379} INFO - Sync 1 DAGs
[2025-01-15 23:19:48,591] {logging_mixin.py:115} INFO - [2025-01-15 23:19:48,591] {dag.py:2927} INFO - Setting next_dagrun for latest_only to 2025-01-15T22:19:48.590929+00:00, run_after=2025-01-16T02:19:48.590929+00:00
[2025-01-15 23:19:48,640] {processor.py:161} INFO - Processing /mnt/c/Users/ander/Desktop/airflow-spark/airflow-spark/curso2/ambientepython/lib/python3.9/site-packages/airflow/example_dags/example_latest_only.py took 0.372 seconds
[2025-01-15 23:20:39,887] {processor.py:153} INFO - Started process (PID=27530) to work on /mnt/c/Users/ander/Desktop/airflow-spark/airflow-spark/curso2/ambientepython/lib/python3.9/site-packages/airflow/example_dags/example_latest_only.py
[2025-01-15 23:20:39,888] {processor.py:641} INFO - Processing file /mnt/c/Users/ander/Desktop/airflow-spark/airflow-spark/curso2/ambientepython/lib/python3.9/site-packages/airflow/example_dags/example_latest_only.py for tasks to queue
[2025-01-15 23:20:39,889] {logging_mixin.py:115} INFO - [2025-01-15 23:20:39,889] {dagbag.py:507} INFO - Filling up the DagBag from /mnt/c/Users/ander/Desktop/airflow-spark/airflow-spark/curso2/ambientepython/lib/python3.9/site-packages/airflow/example_dags/example_latest_only.py
[2025-01-15 23:20:40,038] {processor.py:651} INFO - DAG(s) dict_keys(['latest_only']) retrieved from /mnt/c/Users/ander/Desktop/airflow-spark/airflow-spark/curso2/ambientepython/lib/python3.9/site-packages/airflow/example_dags/example_latest_only.py
[2025-01-15 23:20:40,073] {logging_mixin.py:115} INFO - [2025-01-15 23:20:40,073] {dag.py:2379} INFO - Sync 1 DAGs
[2025-01-15 23:20:40,102] {logging_mixin.py:115} INFO - [2025-01-15 23:20:40,102] {dag.py:2927} INFO - Setting next_dagrun for latest_only to 2025-01-15T22:20:40.101939+00:00, run_after=2025-01-16T02:20:40.101939+00:00
[2025-01-15 23:20:40,150] {processor.py:161} INFO - Processing /mnt/c/Users/ander/Desktop/airflow-spark/airflow-spark/curso2/ambientepython/lib/python3.9/site-packages/airflow/example_dags/example_latest_only.py took 0.269 seconds
[2025-01-15 23:21:33,923] {processor.py:153} INFO - Started process (PID=27928) to work on /mnt/c/Users/ander/Desktop/airflow-spark/airflow-spark/curso2/ambientepython/lib/python3.9/site-packages/airflow/example_dags/example_latest_only.py
[2025-01-15 23:21:33,924] {processor.py:641} INFO - Processing file /mnt/c/Users/ander/Desktop/airflow-spark/airflow-spark/curso2/ambientepython/lib/python3.9/site-packages/airflow/example_dags/example_latest_only.py for tasks to queue
[2025-01-15 23:21:33,925] {logging_mixin.py:115} INFO - [2025-01-15 23:21:33,925] {dagbag.py:507} INFO - Filling up the DagBag from /mnt/c/Users/ander/Desktop/airflow-spark/airflow-spark/curso2/ambientepython/lib/python3.9/site-packages/airflow/example_dags/example_latest_only.py
[2025-01-15 23:21:33,987] {processor.py:651} INFO - DAG(s) dict_keys(['latest_only']) retrieved from /mnt/c/Users/ander/Desktop/airflow-spark/airflow-spark/curso2/ambientepython/lib/python3.9/site-packages/airflow/example_dags/example_latest_only.py
[2025-01-15 23:21:34,036] {logging_mixin.py:115} INFO - [2025-01-15 23:21:34,036] {dag.py:2379} INFO - Sync 1 DAGs
[2025-01-15 23:21:34,077] {logging_mixin.py:115} INFO - [2025-01-15 23:21:34,077] {dag.py:2927} INFO - Setting next_dagrun for latest_only to 2025-01-15T22:21:34.076662+00:00, run_after=2025-01-16T02:21:34.076662+00:00
[2025-01-15 23:21:34,158] {processor.py:161} INFO - Processing /mnt/c/Users/ander/Desktop/airflow-spark/airflow-spark/curso2/ambientepython/lib/python3.9/site-packages/airflow/example_dags/example_latest_only.py took 0.239 seconds
[2025-01-15 23:22:23,111] {processor.py:153} INFO - Started process (PID=28336) to work on /mnt/c/Users/ander/Desktop/airflow-spark/airflow-spark/curso2/ambientepython/lib/python3.9/site-packages/airflow/example_dags/example_latest_only.py
[2025-01-15 23:22:23,112] {processor.py:641} INFO - Processing file /mnt/c/Users/ander/Desktop/airflow-spark/airflow-spark/curso2/ambientepython/lib/python3.9/site-packages/airflow/example_dags/example_latest_only.py for tasks to queue
[2025-01-15 23:22:23,113] {logging_mixin.py:115} INFO - [2025-01-15 23:22:23,113] {dagbag.py:507} INFO - Filling up the DagBag from /mnt/c/Users/ander/Desktop/airflow-spark/airflow-spark/curso2/ambientepython/lib/python3.9/site-packages/airflow/example_dags/example_latest_only.py
[2025-01-15 23:22:23,162] {processor.py:651} INFO - DAG(s) dict_keys(['latest_only']) retrieved from /mnt/c/Users/ander/Desktop/airflow-spark/airflow-spark/curso2/ambientepython/lib/python3.9/site-packages/airflow/example_dags/example_latest_only.py
[2025-01-15 23:22:23,206] {logging_mixin.py:115} INFO - [2025-01-15 23:22:23,206] {dag.py:2379} INFO - Sync 1 DAGs
[2025-01-15 23:22:23,238] {logging_mixin.py:115} INFO - [2025-01-15 23:22:23,238] {dag.py:2927} INFO - Setting next_dagrun for latest_only to 2025-01-15T22:22:23.238079+00:00, run_after=2025-01-16T02:22:23.238079+00:00
[2025-01-15 23:22:23,288] {processor.py:161} INFO - Processing /mnt/c/Users/ander/Desktop/airflow-spark/airflow-spark/curso2/ambientepython/lib/python3.9/site-packages/airflow/example_dags/example_latest_only.py took 0.181 seconds
[2025-01-15 23:23:16,913] {processor.py:153} INFO - Started process (PID=28615) to work on /mnt/c/Users/ander/Desktop/airflow-spark/airflow-spark/curso2/ambientepython/lib/python3.9/site-packages/airflow/example_dags/example_latest_only.py
[2025-01-15 23:23:16,915] {processor.py:641} INFO - Processing file /mnt/c/Users/ander/Desktop/airflow-spark/airflow-spark/curso2/ambientepython/lib/python3.9/site-packages/airflow/example_dags/example_latest_only.py for tasks to queue
[2025-01-15 23:23:16,916] {logging_mixin.py:115} INFO - [2025-01-15 23:23:16,916] {dagbag.py:507} INFO - Filling up the DagBag from /mnt/c/Users/ander/Desktop/airflow-spark/airflow-spark/curso2/ambientepython/lib/python3.9/site-packages/airflow/example_dags/example_latest_only.py
[2025-01-15 23:23:16,979] {processor.py:651} INFO - DAG(s) dict_keys(['latest_only']) retrieved from /mnt/c/Users/ander/Desktop/airflow-spark/airflow-spark/curso2/ambientepython/lib/python3.9/site-packages/airflow/example_dags/example_latest_only.py
[2025-01-15 23:23:17,017] {logging_mixin.py:115} INFO - [2025-01-15 23:23:17,016] {dag.py:2379} INFO - Sync 1 DAGs
[2025-01-15 23:23:17,045] {logging_mixin.py:115} INFO - [2025-01-15 23:23:17,045] {dag.py:2927} INFO - Setting next_dagrun for latest_only to 2025-01-15T22:23:17.045220+00:00, run_after=2025-01-16T02:23:17.045220+00:00
[2025-01-15 23:23:17,094] {processor.py:161} INFO - Processing /mnt/c/Users/ander/Desktop/airflow-spark/airflow-spark/curso2/ambientepython/lib/python3.9/site-packages/airflow/example_dags/example_latest_only.py took 0.184 seconds
[2025-01-15 23:24:02,898] {processor.py:153} INFO - Started process (PID=28786) to work on /mnt/c/Users/ander/Desktop/airflow-spark/airflow-spark/curso2/ambientepython/lib/python3.9/site-packages/airflow/example_dags/example_latest_only.py
[2025-01-15 23:24:02,899] {processor.py:641} INFO - Processing file /mnt/c/Users/ander/Desktop/airflow-spark/airflow-spark/curso2/ambientepython/lib/python3.9/site-packages/airflow/example_dags/example_latest_only.py for tasks to queue
[2025-01-15 23:24:02,901] {logging_mixin.py:115} INFO - [2025-01-15 23:24:02,900] {dagbag.py:507} INFO - Filling up the DagBag from /mnt/c/Users/ander/Desktop/airflow-spark/airflow-spark/curso2/ambientepython/lib/python3.9/site-packages/airflow/example_dags/example_latest_only.py
[2025-01-15 23:24:02,953] {processor.py:651} INFO - DAG(s) dict_keys(['latest_only']) retrieved from /mnt/c/Users/ander/Desktop/airflow-spark/airflow-spark/curso2/ambientepython/lib/python3.9/site-packages/airflow/example_dags/example_latest_only.py
[2025-01-15 23:24:02,997] {logging_mixin.py:115} INFO - [2025-01-15 23:24:02,997] {dag.py:2379} INFO - Sync 1 DAGs
[2025-01-15 23:24:03,027] {logging_mixin.py:115} INFO - [2025-01-15 23:24:03,027] {dag.py:2927} INFO - Setting next_dagrun for latest_only to 2025-01-15T22:24:03.027365+00:00, run_after=2025-01-16T02:24:03.027365+00:00
[2025-01-15 23:24:03,079] {processor.py:161} INFO - Processing /mnt/c/Users/ander/Desktop/airflow-spark/airflow-spark/curso2/ambientepython/lib/python3.9/site-packages/airflow/example_dags/example_latest_only.py took 0.184 seconds
[2025-01-15 23:24:49,960] {processor.py:153} INFO - Started process (PID=28955) to work on /mnt/c/Users/ander/Desktop/airflow-spark/airflow-spark/curso2/ambientepython/lib/python3.9/site-packages/airflow/example_dags/example_latest_only.py
[2025-01-15 23:24:49,961] {processor.py:641} INFO - Processing file /mnt/c/Users/ander/Desktop/airflow-spark/airflow-spark/curso2/ambientepython/lib/python3.9/site-packages/airflow/example_dags/example_latest_only.py for tasks to queue
[2025-01-15 23:24:49,962] {logging_mixin.py:115} INFO - [2025-01-15 23:24:49,962] {dagbag.py:507} INFO - Filling up the DagBag from /mnt/c/Users/ander/Desktop/airflow-spark/airflow-spark/curso2/ambientepython/lib/python3.9/site-packages/airflow/example_dags/example_latest_only.py
[2025-01-15 23:24:49,997] {processor.py:651} INFO - DAG(s) dict_keys(['latest_only']) retrieved from /mnt/c/Users/ander/Desktop/airflow-spark/airflow-spark/curso2/ambientepython/lib/python3.9/site-packages/airflow/example_dags/example_latest_only.py
[2025-01-15 23:24:50,035] {logging_mixin.py:115} INFO - [2025-01-15 23:24:50,035] {dag.py:2379} INFO - Sync 1 DAGs
[2025-01-15 23:24:50,069] {logging_mixin.py:115} INFO - [2025-01-15 23:24:50,069] {dag.py:2927} INFO - Setting next_dagrun for latest_only to 2025-01-15T22:24:50.069292+00:00, run_after=2025-01-16T02:24:50.069292+00:00
[2025-01-15 23:24:50,113] {processor.py:161} INFO - Processing /mnt/c/Users/ander/Desktop/airflow-spark/airflow-spark/curso2/ambientepython/lib/python3.9/site-packages/airflow/example_dags/example_latest_only.py took 0.157 seconds
[2025-01-15 23:25:33,996] {processor.py:153} INFO - Started process (PID=29116) to work on /mnt/c/Users/ander/Desktop/airflow-spark/airflow-spark/curso2/ambientepython/lib/python3.9/site-packages/airflow/example_dags/example_latest_only.py
[2025-01-15 23:25:33,997] {processor.py:641} INFO - Processing file /mnt/c/Users/ander/Desktop/airflow-spark/airflow-spark/curso2/ambientepython/lib/python3.9/site-packages/airflow/example_dags/example_latest_only.py for tasks to queue
[2025-01-15 23:25:33,998] {logging_mixin.py:115} INFO - [2025-01-15 23:25:33,998] {dagbag.py:507} INFO - Filling up the DagBag from /mnt/c/Users/ander/Desktop/airflow-spark/airflow-spark/curso2/ambientepython/lib/python3.9/site-packages/airflow/example_dags/example_latest_only.py
[2025-01-15 23:25:34,042] {processor.py:651} INFO - DAG(s) dict_keys(['latest_only']) retrieved from /mnt/c/Users/ander/Desktop/airflow-spark/airflow-spark/curso2/ambientepython/lib/python3.9/site-packages/airflow/example_dags/example_latest_only.py
[2025-01-15 23:25:34,084] {logging_mixin.py:115} INFO - [2025-01-15 23:25:34,084] {dag.py:2379} INFO - Sync 1 DAGs
[2025-01-15 23:25:34,118] {logging_mixin.py:115} INFO - [2025-01-15 23:25:34,118] {dag.py:2927} INFO - Setting next_dagrun for latest_only to 2025-01-15T22:25:34.118306+00:00, run_after=2025-01-16T02:25:34.118306+00:00
[2025-01-15 23:25:34,170] {processor.py:161} INFO - Processing /mnt/c/Users/ander/Desktop/airflow-spark/airflow-spark/curso2/ambientepython/lib/python3.9/site-packages/airflow/example_dags/example_latest_only.py took 0.178 seconds
[2025-01-15 23:26:16,294] {processor.py:153} INFO - Started process (PID=29270) to work on /mnt/c/Users/ander/Desktop/airflow-spark/airflow-spark/curso2/ambientepython/lib/python3.9/site-packages/airflow/example_dags/example_latest_only.py
[2025-01-15 23:26:16,295] {processor.py:641} INFO - Processing file /mnt/c/Users/ander/Desktop/airflow-spark/airflow-spark/curso2/ambientepython/lib/python3.9/site-packages/airflow/example_dags/example_latest_only.py for tasks to queue
[2025-01-15 23:26:16,296] {logging_mixin.py:115} INFO - [2025-01-15 23:26:16,296] {dagbag.py:507} INFO - Filling up the DagBag from /mnt/c/Users/ander/Desktop/airflow-spark/airflow-spark/curso2/ambientepython/lib/python3.9/site-packages/airflow/example_dags/example_latest_only.py
[2025-01-15 23:26:16,346] {processor.py:651} INFO - DAG(s) dict_keys(['latest_only']) retrieved from /mnt/c/Users/ander/Desktop/airflow-spark/airflow-spark/curso2/ambientepython/lib/python3.9/site-packages/airflow/example_dags/example_latest_only.py
[2025-01-15 23:26:16,390] {logging_mixin.py:115} INFO - [2025-01-15 23:26:16,390] {dag.py:2379} INFO - Sync 1 DAGs
[2025-01-15 23:26:16,421] {logging_mixin.py:115} INFO - [2025-01-15 23:26:16,421] {dag.py:2927} INFO - Setting next_dagrun for latest_only to 2025-01-15T22:26:16.421054+00:00, run_after=2025-01-16T02:26:16.421054+00:00
[2025-01-15 23:26:16,475] {processor.py:161} INFO - Processing /mnt/c/Users/ander/Desktop/airflow-spark/airflow-spark/curso2/ambientepython/lib/python3.9/site-packages/airflow/example_dags/example_latest_only.py took 0.185 seconds
[2025-01-15 23:27:03,094] {processor.py:153} INFO - Started process (PID=29440) to work on /mnt/c/Users/ander/Desktop/airflow-spark/airflow-spark/curso2/ambientepython/lib/python3.9/site-packages/airflow/example_dags/example_latest_only.py
[2025-01-15 23:27:03,095] {processor.py:641} INFO - Processing file /mnt/c/Users/ander/Desktop/airflow-spark/airflow-spark/curso2/ambientepython/lib/python3.9/site-packages/airflow/example_dags/example_latest_only.py for tasks to queue
[2025-01-15 23:27:03,096] {logging_mixin.py:115} INFO - [2025-01-15 23:27:03,096] {dagbag.py:507} INFO - Filling up the DagBag from /mnt/c/Users/ander/Desktop/airflow-spark/airflow-spark/curso2/ambientepython/lib/python3.9/site-packages/airflow/example_dags/example_latest_only.py
[2025-01-15 23:27:03,146] {processor.py:651} INFO - DAG(s) dict_keys(['latest_only']) retrieved from /mnt/c/Users/ander/Desktop/airflow-spark/airflow-spark/curso2/ambientepython/lib/python3.9/site-packages/airflow/example_dags/example_latest_only.py
[2025-01-15 23:27:03,193] {logging_mixin.py:115} INFO - [2025-01-15 23:27:03,192] {dag.py:2379} INFO - Sync 1 DAGs
[2025-01-15 23:27:03,232] {logging_mixin.py:115} INFO - [2025-01-15 23:27:03,232] {dag.py:2927} INFO - Setting next_dagrun for latest_only to 2025-01-15T22:27:03.232070+00:00, run_after=2025-01-16T02:27:03.232070+00:00
[2025-01-15 23:27:03,272] {processor.py:161} INFO - Processing /mnt/c/Users/ander/Desktop/airflow-spark/airflow-spark/curso2/ambientepython/lib/python3.9/site-packages/airflow/example_dags/example_latest_only.py took 0.182 seconds
[2025-01-15 23:27:58,392] {processor.py:153} INFO - Started process (PID=29687) to work on /mnt/c/Users/ander/Desktop/airflow-spark/airflow-spark/curso2/ambientepython/lib/python3.9/site-packages/airflow/example_dags/example_latest_only.py
[2025-01-15 23:27:58,394] {processor.py:641} INFO - Processing file /mnt/c/Users/ander/Desktop/airflow-spark/airflow-spark/curso2/ambientepython/lib/python3.9/site-packages/airflow/example_dags/example_latest_only.py for tasks to queue
[2025-01-15 23:27:58,395] {logging_mixin.py:115} INFO - [2025-01-15 23:27:58,395] {dagbag.py:507} INFO - Filling up the DagBag from /mnt/c/Users/ander/Desktop/airflow-spark/airflow-spark/curso2/ambientepython/lib/python3.9/site-packages/airflow/example_dags/example_latest_only.py
[2025-01-15 23:27:58,455] {processor.py:651} INFO - DAG(s) dict_keys(['latest_only']) retrieved from /mnt/c/Users/ander/Desktop/airflow-spark/airflow-spark/curso2/ambientepython/lib/python3.9/site-packages/airflow/example_dags/example_latest_only.py
[2025-01-15 23:27:58,501] {logging_mixin.py:115} INFO - [2025-01-15 23:27:58,501] {dag.py:2379} INFO - Sync 1 DAGs
[2025-01-15 23:27:58,543] {logging_mixin.py:115} INFO - [2025-01-15 23:27:58,543] {dag.py:2927} INFO - Setting next_dagrun for latest_only to 2025-01-15T22:27:58.542644+00:00, run_after=2025-01-16T02:27:58.542644+00:00
[2025-01-15 23:27:58,615] {processor.py:161} INFO - Processing /mnt/c/Users/ander/Desktop/airflow-spark/airflow-spark/curso2/ambientepython/lib/python3.9/site-packages/airflow/example_dags/example_latest_only.py took 0.228 seconds
[2025-01-15 23:28:45,696] {processor.py:153} INFO - Started process (PID=29854) to work on /mnt/c/Users/ander/Desktop/airflow-spark/airflow-spark/curso2/ambientepython/lib/python3.9/site-packages/airflow/example_dags/example_latest_only.py
[2025-01-15 23:28:45,698] {processor.py:641} INFO - Processing file /mnt/c/Users/ander/Desktop/airflow-spark/airflow-spark/curso2/ambientepython/lib/python3.9/site-packages/airflow/example_dags/example_latest_only.py for tasks to queue
[2025-01-15 23:28:45,699] {logging_mixin.py:115} INFO - [2025-01-15 23:28:45,699] {dagbag.py:507} INFO - Filling up the DagBag from /mnt/c/Users/ander/Desktop/airflow-spark/airflow-spark/curso2/ambientepython/lib/python3.9/site-packages/airflow/example_dags/example_latest_only.py
[2025-01-15 23:28:45,757] {processor.py:651} INFO - DAG(s) dict_keys(['latest_only']) retrieved from /mnt/c/Users/ander/Desktop/airflow-spark/airflow-spark/curso2/ambientepython/lib/python3.9/site-packages/airflow/example_dags/example_latest_only.py
[2025-01-15 23:28:45,803] {logging_mixin.py:115} INFO - [2025-01-15 23:28:45,803] {dag.py:2379} INFO - Sync 1 DAGs
[2025-01-15 23:28:45,835] {logging_mixin.py:115} INFO - [2025-01-15 23:28:45,835] {dag.py:2927} INFO - Setting next_dagrun for latest_only to 2025-01-15T22:28:45.834999+00:00, run_after=2025-01-16T02:28:45.834999+00:00
[2025-01-15 23:28:45,878] {processor.py:161} INFO - Processing /mnt/c/Users/ander/Desktop/airflow-spark/airflow-spark/curso2/ambientepython/lib/python3.9/site-packages/airflow/example_dags/example_latest_only.py took 0.188 seconds
[2025-01-15 23:29:33,221] {processor.py:153} INFO - Started process (PID=30023) to work on /mnt/c/Users/ander/Desktop/airflow-spark/airflow-spark/curso2/ambientepython/lib/python3.9/site-packages/airflow/example_dags/example_latest_only.py
[2025-01-15 23:29:33,222] {processor.py:641} INFO - Processing file /mnt/c/Users/ander/Desktop/airflow-spark/airflow-spark/curso2/ambientepython/lib/python3.9/site-packages/airflow/example_dags/example_latest_only.py for tasks to queue
[2025-01-15 23:29:33,223] {logging_mixin.py:115} INFO - [2025-01-15 23:29:33,223] {dagbag.py:507} INFO - Filling up the DagBag from /mnt/c/Users/ander/Desktop/airflow-spark/airflow-spark/curso2/ambientepython/lib/python3.9/site-packages/airflow/example_dags/example_latest_only.py
[2025-01-15 23:29:33,286] {processor.py:651} INFO - DAG(s) dict_keys(['latest_only']) retrieved from /mnt/c/Users/ander/Desktop/airflow-spark/airflow-spark/curso2/ambientepython/lib/python3.9/site-packages/airflow/example_dags/example_latest_only.py
[2025-01-15 23:29:33,330] {logging_mixin.py:115} INFO - [2025-01-15 23:29:33,330] {dag.py:2379} INFO - Sync 1 DAGs
[2025-01-15 23:29:33,362] {logging_mixin.py:115} INFO - [2025-01-15 23:29:33,362] {dag.py:2927} INFO - Setting next_dagrun for latest_only to 2025-01-15T22:29:33.361767+00:00, run_after=2025-01-16T02:29:33.361767+00:00
[2025-01-15 23:29:33,407] {processor.py:161} INFO - Processing /mnt/c/Users/ander/Desktop/airflow-spark/airflow-spark/curso2/ambientepython/lib/python3.9/site-packages/airflow/example_dags/example_latest_only.py took 0.189 seconds
[2025-01-15 23:30:18,636] {processor.py:153} INFO - Started process (PID=30294) to work on /mnt/c/Users/ander/Desktop/airflow-spark/airflow-spark/curso2/ambientepython/lib/python3.9/site-packages/airflow/example_dags/example_latest_only.py
[2025-01-15 23:30:18,638] {processor.py:641} INFO - Processing file /mnt/c/Users/ander/Desktop/airflow-spark/airflow-spark/curso2/ambientepython/lib/python3.9/site-packages/airflow/example_dags/example_latest_only.py for tasks to queue
[2025-01-15 23:30:18,639] {logging_mixin.py:115} INFO - [2025-01-15 23:30:18,639] {dagbag.py:507} INFO - Filling up the DagBag from /mnt/c/Users/ander/Desktop/airflow-spark/airflow-spark/curso2/ambientepython/lib/python3.9/site-packages/airflow/example_dags/example_latest_only.py
[2025-01-15 23:30:18,683] {processor.py:651} INFO - DAG(s) dict_keys(['latest_only']) retrieved from /mnt/c/Users/ander/Desktop/airflow-spark/airflow-spark/curso2/ambientepython/lib/python3.9/site-packages/airflow/example_dags/example_latest_only.py
[2025-01-15 23:30:18,723] {logging_mixin.py:115} INFO - [2025-01-15 23:30:18,723] {dag.py:2379} INFO - Sync 1 DAGs
[2025-01-15 23:30:18,754] {logging_mixin.py:115} INFO - [2025-01-15 23:30:18,754] {dag.py:2927} INFO - Setting next_dagrun for latest_only to 2025-01-15T22:30:18.753353+00:00, run_after=2025-01-16T02:30:18.753353+00:00
[2025-01-15 23:30:18,804] {processor.py:161} INFO - Processing /mnt/c/Users/ander/Desktop/airflow-spark/airflow-spark/curso2/ambientepython/lib/python3.9/site-packages/airflow/example_dags/example_latest_only.py took 0.172 seconds
[2025-01-15 23:32:53,577] {processor.py:153} INFO - Started process (PID=31979) to work on /mnt/c/Users/ander/Desktop/airflow-spark/airflow-spark/curso2/ambientepython/lib/python3.9/site-packages/airflow/example_dags/example_latest_only.py
[2025-01-15 23:32:53,578] {processor.py:641} INFO - Processing file /mnt/c/Users/ander/Desktop/airflow-spark/airflow-spark/curso2/ambientepython/lib/python3.9/site-packages/airflow/example_dags/example_latest_only.py for tasks to queue
[2025-01-15 23:32:53,579] {logging_mixin.py:115} INFO - [2025-01-15 23:32:53,579] {dagbag.py:507} INFO - Filling up the DagBag from /mnt/c/Users/ander/Desktop/airflow-spark/airflow-spark/curso2/ambientepython/lib/python3.9/site-packages/airflow/example_dags/example_latest_only.py
[2025-01-15 23:32:53,615] {processor.py:651} INFO - DAG(s) dict_keys(['latest_only']) retrieved from /mnt/c/Users/ander/Desktop/airflow-spark/airflow-spark/curso2/ambientepython/lib/python3.9/site-packages/airflow/example_dags/example_latest_only.py
[2025-01-15 23:32:53,653] {logging_mixin.py:115} INFO - [2025-01-15 23:32:53,653] {dag.py:2379} INFO - Sync 1 DAGs
[2025-01-15 23:32:53,682] {logging_mixin.py:115} INFO - [2025-01-15 23:32:53,682] {dag.py:2927} INFO - Setting next_dagrun for latest_only to 2025-01-15T22:32:53.682125+00:00, run_after=2025-01-16T02:32:53.682125+00:00
[2025-01-15 23:32:53,728] {processor.py:161} INFO - Processing /mnt/c/Users/ander/Desktop/airflow-spark/airflow-spark/curso2/ambientepython/lib/python3.9/site-packages/airflow/example_dags/example_latest_only.py took 0.155 seconds
[2025-01-15 23:33:38,131] {processor.py:153} INFO - Started process (PID=32140) to work on /mnt/c/Users/ander/Desktop/airflow-spark/airflow-spark/curso2/ambientepython/lib/python3.9/site-packages/airflow/example_dags/example_latest_only.py
[2025-01-15 23:33:38,132] {processor.py:641} INFO - Processing file /mnt/c/Users/ander/Desktop/airflow-spark/airflow-spark/curso2/ambientepython/lib/python3.9/site-packages/airflow/example_dags/example_latest_only.py for tasks to queue
[2025-01-15 23:33:38,133] {logging_mixin.py:115} INFO - [2025-01-15 23:33:38,133] {dagbag.py:507} INFO - Filling up the DagBag from /mnt/c/Users/ander/Desktop/airflow-spark/airflow-spark/curso2/ambientepython/lib/python3.9/site-packages/airflow/example_dags/example_latest_only.py
[2025-01-15 23:33:38,179] {processor.py:651} INFO - DAG(s) dict_keys(['latest_only']) retrieved from /mnt/c/Users/ander/Desktop/airflow-spark/airflow-spark/curso2/ambientepython/lib/python3.9/site-packages/airflow/example_dags/example_latest_only.py
[2025-01-15 23:33:38,225] {logging_mixin.py:115} INFO - [2025-01-15 23:33:38,225] {dag.py:2379} INFO - Sync 1 DAGs
[2025-01-15 23:33:38,261] {logging_mixin.py:115} INFO - [2025-01-15 23:33:38,261] {dag.py:2927} INFO - Setting next_dagrun for latest_only to 2025-01-15T22:33:38.261143+00:00, run_after=2025-01-16T02:33:38.261143+00:00
[2025-01-15 23:33:38,308] {processor.py:161} INFO - Processing /mnt/c/Users/ander/Desktop/airflow-spark/airflow-spark/curso2/ambientepython/lib/python3.9/site-packages/airflow/example_dags/example_latest_only.py took 0.181 seconds
[2025-01-15 23:34:28,679] {processor.py:153} INFO - Started process (PID=32324) to work on /mnt/c/Users/ander/Desktop/airflow-spark/airflow-spark/curso2/ambientepython/lib/python3.9/site-packages/airflow/example_dags/example_latest_only.py
[2025-01-15 23:34:28,680] {processor.py:641} INFO - Processing file /mnt/c/Users/ander/Desktop/airflow-spark/airflow-spark/curso2/ambientepython/lib/python3.9/site-packages/airflow/example_dags/example_latest_only.py for tasks to queue
[2025-01-15 23:34:28,681] {logging_mixin.py:115} INFO - [2025-01-15 23:34:28,681] {dagbag.py:507} INFO - Filling up the DagBag from /mnt/c/Users/ander/Desktop/airflow-spark/airflow-spark/curso2/ambientepython/lib/python3.9/site-packages/airflow/example_dags/example_latest_only.py
[2025-01-15 23:34:28,735] {processor.py:651} INFO - DAG(s) dict_keys(['latest_only']) retrieved from /mnt/c/Users/ander/Desktop/airflow-spark/airflow-spark/curso2/ambientepython/lib/python3.9/site-packages/airflow/example_dags/example_latest_only.py
[2025-01-15 23:34:28,779] {logging_mixin.py:115} INFO - [2025-01-15 23:34:28,779] {dag.py:2379} INFO - Sync 1 DAGs
[2025-01-15 23:34:28,815] {logging_mixin.py:115} INFO - [2025-01-15 23:34:28,815] {dag.py:2927} INFO - Setting next_dagrun for latest_only to 2025-01-15T22:34:28.815300+00:00, run_after=2025-01-16T02:34:28.815300+00:00
[2025-01-15 23:34:28,872] {processor.py:161} INFO - Processing /mnt/c/Users/ander/Desktop/airflow-spark/airflow-spark/curso2/ambientepython/lib/python3.9/site-packages/airflow/example_dags/example_latest_only.py took 0.197 seconds
[2025-01-15 23:35:12,971] {processor.py:153} INFO - Started process (PID=32485) to work on /mnt/c/Users/ander/Desktop/airflow-spark/airflow-spark/curso2/ambientepython/lib/python3.9/site-packages/airflow/example_dags/example_latest_only.py
[2025-01-15 23:35:12,973] {processor.py:641} INFO - Processing file /mnt/c/Users/ander/Desktop/airflow-spark/airflow-spark/curso2/ambientepython/lib/python3.9/site-packages/airflow/example_dags/example_latest_only.py for tasks to queue
[2025-01-15 23:35:12,975] {logging_mixin.py:115} INFO - [2025-01-15 23:35:12,975] {dagbag.py:507} INFO - Filling up the DagBag from /mnt/c/Users/ander/Desktop/airflow-spark/airflow-spark/curso2/ambientepython/lib/python3.9/site-packages/airflow/example_dags/example_latest_only.py
[2025-01-15 23:35:13,020] {processor.py:651} INFO - DAG(s) dict_keys(['latest_only']) retrieved from /mnt/c/Users/ander/Desktop/airflow-spark/airflow-spark/curso2/ambientepython/lib/python3.9/site-packages/airflow/example_dags/example_latest_only.py
[2025-01-15 23:35:13,065] {logging_mixin.py:115} INFO - [2025-01-15 23:35:13,064] {dag.py:2379} INFO - Sync 1 DAGs
[2025-01-15 23:35:13,104] {logging_mixin.py:115} INFO - [2025-01-15 23:35:13,104] {dag.py:2927} INFO - Setting next_dagrun for latest_only to 2025-01-15T22:35:13.103912+00:00, run_after=2025-01-16T02:35:13.103912+00:00
[2025-01-15 23:35:13,154] {processor.py:161} INFO - Processing /mnt/c/Users/ander/Desktop/airflow-spark/airflow-spark/curso2/ambientepython/lib/python3.9/site-packages/airflow/example_dags/example_latest_only.py took 0.187 seconds
[2025-01-15 23:36:03,490] {processor.py:153} INFO - Started process (PID=32660) to work on /mnt/c/Users/ander/Desktop/airflow-spark/airflow-spark/curso2/ambientepython/lib/python3.9/site-packages/airflow/example_dags/example_latest_only.py
[2025-01-15 23:36:03,491] {processor.py:641} INFO - Processing file /mnt/c/Users/ander/Desktop/airflow-spark/airflow-spark/curso2/ambientepython/lib/python3.9/site-packages/airflow/example_dags/example_latest_only.py for tasks to queue
[2025-01-15 23:36:03,492] {logging_mixin.py:115} INFO - [2025-01-15 23:36:03,492] {dagbag.py:507} INFO - Filling up the DagBag from /mnt/c/Users/ander/Desktop/airflow-spark/airflow-spark/curso2/ambientepython/lib/python3.9/site-packages/airflow/example_dags/example_latest_only.py
[2025-01-15 23:36:03,535] {processor.py:651} INFO - DAG(s) dict_keys(['latest_only']) retrieved from /mnt/c/Users/ander/Desktop/airflow-spark/airflow-spark/curso2/ambientepython/lib/python3.9/site-packages/airflow/example_dags/example_latest_only.py
[2025-01-15 23:36:03,582] {logging_mixin.py:115} INFO - [2025-01-15 23:36:03,582] {dag.py:2379} INFO - Sync 1 DAGs
[2025-01-15 23:36:03,616] {logging_mixin.py:115} INFO - [2025-01-15 23:36:03,616] {dag.py:2927} INFO - Setting next_dagrun for latest_only to 2025-01-15T22:36:03.615617+00:00, run_after=2025-01-16T02:36:03.615617+00:00
[2025-01-15 23:36:03,666] {processor.py:161} INFO - Processing /mnt/c/Users/ander/Desktop/airflow-spark/airflow-spark/curso2/ambientepython/lib/python3.9/site-packages/airflow/example_dags/example_latest_only.py took 0.179 seconds
[2025-01-15 23:37:02,911] {processor.py:153} INFO - Started process (PID=32870) to work on /mnt/c/Users/ander/Desktop/airflow-spark/airflow-spark/curso2/ambientepython/lib/python3.9/site-packages/airflow/example_dags/example_latest_only.py
[2025-01-15 23:37:02,912] {processor.py:641} INFO - Processing file /mnt/c/Users/ander/Desktop/airflow-spark/airflow-spark/curso2/ambientepython/lib/python3.9/site-packages/airflow/example_dags/example_latest_only.py for tasks to queue
[2025-01-15 23:37:02,913] {logging_mixin.py:115} INFO - [2025-01-15 23:37:02,913] {dagbag.py:507} INFO - Filling up the DagBag from /mnt/c/Users/ander/Desktop/airflow-spark/airflow-spark/curso2/ambientepython/lib/python3.9/site-packages/airflow/example_dags/example_latest_only.py
[2025-01-15 23:37:02,963] {processor.py:651} INFO - DAG(s) dict_keys(['latest_only']) retrieved from /mnt/c/Users/ander/Desktop/airflow-spark/airflow-spark/curso2/ambientepython/lib/python3.9/site-packages/airflow/example_dags/example_latest_only.py
[2025-01-15 23:37:03,007] {logging_mixin.py:115} INFO - [2025-01-15 23:37:03,006] {dag.py:2379} INFO - Sync 1 DAGs
[2025-01-15 23:37:03,041] {logging_mixin.py:115} INFO - [2025-01-15 23:37:03,041] {dag.py:2927} INFO - Setting next_dagrun for latest_only to 2025-01-15T22:37:03.040995+00:00, run_after=2025-01-16T02:37:03.040995+00:00
[2025-01-15 23:37:03,099] {processor.py:161} INFO - Processing /mnt/c/Users/ander/Desktop/airflow-spark/airflow-spark/curso2/ambientepython/lib/python3.9/site-packages/airflow/example_dags/example_latest_only.py took 0.193 seconds
[2025-01-15 23:37:59,941] {processor.py:153} INFO - Started process (PID=33126) to work on /mnt/c/Users/ander/Desktop/airflow-spark/airflow-spark/curso2/ambientepython/lib/python3.9/site-packages/airflow/example_dags/example_latest_only.py
[2025-01-15 23:37:59,942] {processor.py:641} INFO - Processing file /mnt/c/Users/ander/Desktop/airflow-spark/airflow-spark/curso2/ambientepython/lib/python3.9/site-packages/airflow/example_dags/example_latest_only.py for tasks to queue
[2025-01-15 23:37:59,943] {logging_mixin.py:115} INFO - [2025-01-15 23:37:59,943] {dagbag.py:507} INFO - Filling up the DagBag from /mnt/c/Users/ander/Desktop/airflow-spark/airflow-spark/curso2/ambientepython/lib/python3.9/site-packages/airflow/example_dags/example_latest_only.py
[2025-01-15 23:37:59,994] {processor.py:651} INFO - DAG(s) dict_keys(['latest_only']) retrieved from /mnt/c/Users/ander/Desktop/airflow-spark/airflow-spark/curso2/ambientepython/lib/python3.9/site-packages/airflow/example_dags/example_latest_only.py
[2025-01-15 23:38:00,041] {logging_mixin.py:115} INFO - [2025-01-15 23:38:00,040] {dag.py:2379} INFO - Sync 1 DAGs
[2025-01-15 23:38:00,079] {logging_mixin.py:115} INFO - [2025-01-15 23:38:00,079] {dag.py:2927} INFO - Setting next_dagrun for latest_only to 2025-01-15T22:38:00.078285+00:00, run_after=2025-01-16T02:38:00.078285+00:00
[2025-01-15 23:38:00,159] {processor.py:161} INFO - Processing /mnt/c/Users/ander/Desktop/airflow-spark/airflow-spark/curso2/ambientepython/lib/python3.9/site-packages/airflow/example_dags/example_latest_only.py took 0.222 seconds
[2025-01-15 23:38:49,955] {processor.py:153} INFO - Started process (PID=33302) to work on /mnt/c/Users/ander/Desktop/airflow-spark/airflow-spark/curso2/ambientepython/lib/python3.9/site-packages/airflow/example_dags/example_latest_only.py
[2025-01-15 23:38:49,956] {processor.py:641} INFO - Processing file /mnt/c/Users/ander/Desktop/airflow-spark/airflow-spark/curso2/ambientepython/lib/python3.9/site-packages/airflow/example_dags/example_latest_only.py for tasks to queue
[2025-01-15 23:38:49,957] {logging_mixin.py:115} INFO - [2025-01-15 23:38:49,956] {dagbag.py:507} INFO - Filling up the DagBag from /mnt/c/Users/ander/Desktop/airflow-spark/airflow-spark/curso2/ambientepython/lib/python3.9/site-packages/airflow/example_dags/example_latest_only.py
[2025-01-15 23:38:50,000] {processor.py:651} INFO - DAG(s) dict_keys(['latest_only']) retrieved from /mnt/c/Users/ander/Desktop/airflow-spark/airflow-spark/curso2/ambientepython/lib/python3.9/site-packages/airflow/example_dags/example_latest_only.py
[2025-01-15 23:38:50,039] {logging_mixin.py:115} INFO - [2025-01-15 23:38:50,038] {dag.py:2379} INFO - Sync 1 DAGs
[2025-01-15 23:38:50,073] {logging_mixin.py:115} INFO - [2025-01-15 23:38:50,073] {dag.py:2927} INFO - Setting next_dagrun for latest_only to 2025-01-15T22:38:50.072778+00:00, run_after=2025-01-16T02:38:50.072778+00:00
[2025-01-15 23:38:50,130] {processor.py:161} INFO - Processing /mnt/c/Users/ander/Desktop/airflow-spark/airflow-spark/curso2/ambientepython/lib/python3.9/site-packages/airflow/example_dags/example_latest_only.py took 0.181 seconds
[2025-01-15 23:39:35,280] {processor.py:153} INFO - Started process (PID=33470) to work on /mnt/c/Users/ander/Desktop/airflow-spark/airflow-spark/curso2/ambientepython/lib/python3.9/site-packages/airflow/example_dags/example_latest_only.py
[2025-01-15 23:39:35,281] {processor.py:641} INFO - Processing file /mnt/c/Users/ander/Desktop/airflow-spark/airflow-spark/curso2/ambientepython/lib/python3.9/site-packages/airflow/example_dags/example_latest_only.py for tasks to queue
[2025-01-15 23:39:35,283] {logging_mixin.py:115} INFO - [2025-01-15 23:39:35,282] {dagbag.py:507} INFO - Filling up the DagBag from /mnt/c/Users/ander/Desktop/airflow-spark/airflow-spark/curso2/ambientepython/lib/python3.9/site-packages/airflow/example_dags/example_latest_only.py
[2025-01-15 23:39:35,330] {processor.py:651} INFO - DAG(s) dict_keys(['latest_only']) retrieved from /mnt/c/Users/ander/Desktop/airflow-spark/airflow-spark/curso2/ambientepython/lib/python3.9/site-packages/airflow/example_dags/example_latest_only.py
[2025-01-15 23:39:35,373] {logging_mixin.py:115} INFO - [2025-01-15 23:39:35,373] {dag.py:2379} INFO - Sync 1 DAGs
[2025-01-15 23:39:35,407] {logging_mixin.py:115} INFO - [2025-01-15 23:39:35,407] {dag.py:2927} INFO - Setting next_dagrun for latest_only to 2025-01-15T22:39:35.407263+00:00, run_after=2025-01-16T02:39:35.407263+00:00
[2025-01-15 23:39:35,462] {processor.py:161} INFO - Processing /mnt/c/Users/ander/Desktop/airflow-spark/airflow-spark/curso2/ambientepython/lib/python3.9/site-packages/airflow/example_dags/example_latest_only.py took 0.185 seconds
[2025-01-15 23:40:30,575] {processor.py:153} INFO - Started process (PID=33666) to work on /mnt/c/Users/ander/Desktop/airflow-spark/airflow-spark/curso2/ambientepython/lib/python3.9/site-packages/airflow/example_dags/example_latest_only.py
[2025-01-15 23:40:30,577] {processor.py:641} INFO - Processing file /mnt/c/Users/ander/Desktop/airflow-spark/airflow-spark/curso2/ambientepython/lib/python3.9/site-packages/airflow/example_dags/example_latest_only.py for tasks to queue
[2025-01-15 23:40:30,578] {logging_mixin.py:115} INFO - [2025-01-15 23:40:30,578] {dagbag.py:507} INFO - Filling up the DagBag from /mnt/c/Users/ander/Desktop/airflow-spark/airflow-spark/curso2/ambientepython/lib/python3.9/site-packages/airflow/example_dags/example_latest_only.py
[2025-01-15 23:40:30,616] {processor.py:651} INFO - DAG(s) dict_keys(['latest_only']) retrieved from /mnt/c/Users/ander/Desktop/airflow-spark/airflow-spark/curso2/ambientepython/lib/python3.9/site-packages/airflow/example_dags/example_latest_only.py
[2025-01-15 23:40:30,657] {logging_mixin.py:115} INFO - [2025-01-15 23:40:30,657] {dag.py:2379} INFO - Sync 1 DAGs
[2025-01-15 23:40:30,690] {logging_mixin.py:115} INFO - [2025-01-15 23:40:30,690] {dag.py:2927} INFO - Setting next_dagrun for latest_only to 2025-01-15T22:40:30.689597+00:00, run_after=2025-01-16T02:40:30.689597+00:00
[2025-01-15 23:40:30,737] {processor.py:161} INFO - Processing /mnt/c/Users/ander/Desktop/airflow-spark/airflow-spark/curso2/ambientepython/lib/python3.9/site-packages/airflow/example_dags/example_latest_only.py took 0.167 seconds
[2025-01-15 23:41:21,369] {processor.py:153} INFO - Started process (PID=33846) to work on /mnt/c/Users/ander/Desktop/airflow-spark/airflow-spark/curso2/ambientepython/lib/python3.9/site-packages/airflow/example_dags/example_latest_only.py
[2025-01-15 23:41:21,370] {processor.py:641} INFO - Processing file /mnt/c/Users/ander/Desktop/airflow-spark/airflow-spark/curso2/ambientepython/lib/python3.9/site-packages/airflow/example_dags/example_latest_only.py for tasks to queue
[2025-01-15 23:41:21,371] {logging_mixin.py:115} INFO - [2025-01-15 23:41:21,371] {dagbag.py:507} INFO - Filling up the DagBag from /mnt/c/Users/ander/Desktop/airflow-spark/airflow-spark/curso2/ambientepython/lib/python3.9/site-packages/airflow/example_dags/example_latest_only.py
[2025-01-15 23:41:21,419] {processor.py:651} INFO - DAG(s) dict_keys(['latest_only']) retrieved from /mnt/c/Users/ander/Desktop/airflow-spark/airflow-spark/curso2/ambientepython/lib/python3.9/site-packages/airflow/example_dags/example_latest_only.py
[2025-01-15 23:41:21,486] {logging_mixin.py:115} INFO - [2025-01-15 23:41:21,486] {dag.py:2379} INFO - Sync 1 DAGs
[2025-01-15 23:41:21,529] {logging_mixin.py:115} INFO - [2025-01-15 23:41:21,529] {dag.py:2927} INFO - Setting next_dagrun for latest_only to 2025-01-15T22:41:21.529265+00:00, run_after=2025-01-16T02:41:21.529265+00:00
[2025-01-15 23:41:21,571] {processor.py:161} INFO - Processing /mnt/c/Users/ander/Desktop/airflow-spark/airflow-spark/curso2/ambientepython/lib/python3.9/site-packages/airflow/example_dags/example_latest_only.py took 0.205 seconds
[2025-01-15 23:42:12,251] {processor.py:153} INFO - Started process (PID=34025) to work on /mnt/c/Users/ander/Desktop/airflow-spark/airflow-spark/curso2/ambientepython/lib/python3.9/site-packages/airflow/example_dags/example_latest_only.py
[2025-01-15 23:42:12,253] {processor.py:641} INFO - Processing file /mnt/c/Users/ander/Desktop/airflow-spark/airflow-spark/curso2/ambientepython/lib/python3.9/site-packages/airflow/example_dags/example_latest_only.py for tasks to queue
[2025-01-15 23:42:12,255] {logging_mixin.py:115} INFO - [2025-01-15 23:42:12,255] {dagbag.py:507} INFO - Filling up the DagBag from /mnt/c/Users/ander/Desktop/airflow-spark/airflow-spark/curso2/ambientepython/lib/python3.9/site-packages/airflow/example_dags/example_latest_only.py
[2025-01-15 23:42:12,310] {processor.py:651} INFO - DAG(s) dict_keys(['latest_only']) retrieved from /mnt/c/Users/ander/Desktop/airflow-spark/airflow-spark/curso2/ambientepython/lib/python3.9/site-packages/airflow/example_dags/example_latest_only.py
[2025-01-15 23:42:12,361] {logging_mixin.py:115} INFO - [2025-01-15 23:42:12,361] {dag.py:2379} INFO - Sync 1 DAGs
[2025-01-15 23:42:12,397] {logging_mixin.py:115} INFO - [2025-01-15 23:42:12,397] {dag.py:2927} INFO - Setting next_dagrun for latest_only to 2025-01-15T22:42:12.396727+00:00, run_after=2025-01-16T02:42:12.396727+00:00
[2025-01-15 23:42:12,463] {processor.py:161} INFO - Processing /mnt/c/Users/ander/Desktop/airflow-spark/airflow-spark/curso2/ambientepython/lib/python3.9/site-packages/airflow/example_dags/example_latest_only.py took 0.218 seconds
[2025-01-15 23:42:55,757] {processor.py:153} INFO - Started process (PID=34240) to work on /mnt/c/Users/ander/Desktop/airflow-spark/airflow-spark/curso2/ambientepython/lib/python3.9/site-packages/airflow/example_dags/example_latest_only.py
[2025-01-15 23:42:55,758] {processor.py:641} INFO - Processing file /mnt/c/Users/ander/Desktop/airflow-spark/airflow-spark/curso2/ambientepython/lib/python3.9/site-packages/airflow/example_dags/example_latest_only.py for tasks to queue
[2025-01-15 23:42:55,759] {logging_mixin.py:115} INFO - [2025-01-15 23:42:55,759] {dagbag.py:507} INFO - Filling up the DagBag from /mnt/c/Users/ander/Desktop/airflow-spark/airflow-spark/curso2/ambientepython/lib/python3.9/site-packages/airflow/example_dags/example_latest_only.py
[2025-01-15 23:42:55,803] {processor.py:651} INFO - DAG(s) dict_keys(['latest_only']) retrieved from /mnt/c/Users/ander/Desktop/airflow-spark/airflow-spark/curso2/ambientepython/lib/python3.9/site-packages/airflow/example_dags/example_latest_only.py
[2025-01-15 23:42:55,845] {logging_mixin.py:115} INFO - [2025-01-15 23:42:55,845] {dag.py:2379} INFO - Sync 1 DAGs
[2025-01-15 23:42:55,877] {logging_mixin.py:115} INFO - [2025-01-15 23:42:55,877] {dag.py:2927} INFO - Setting next_dagrun for latest_only to 2025-01-15T22:42:55.877409+00:00, run_after=2025-01-16T02:42:55.877409+00:00
[2025-01-15 23:42:55,931] {processor.py:161} INFO - Processing /mnt/c/Users/ander/Desktop/airflow-spark/airflow-spark/curso2/ambientepython/lib/python3.9/site-packages/airflow/example_dags/example_latest_only.py took 0.178 seconds
[2025-01-15 23:43:43,373] {processor.py:153} INFO - Started process (PID=34407) to work on /mnt/c/Users/ander/Desktop/airflow-spark/airflow-spark/curso2/ambientepython/lib/python3.9/site-packages/airflow/example_dags/example_latest_only.py
[2025-01-15 23:43:43,374] {processor.py:641} INFO - Processing file /mnt/c/Users/ander/Desktop/airflow-spark/airflow-spark/curso2/ambientepython/lib/python3.9/site-packages/airflow/example_dags/example_latest_only.py for tasks to queue
[2025-01-15 23:43:43,375] {logging_mixin.py:115} INFO - [2025-01-15 23:43:43,375] {dagbag.py:507} INFO - Filling up the DagBag from /mnt/c/Users/ander/Desktop/airflow-spark/airflow-spark/curso2/ambientepython/lib/python3.9/site-packages/airflow/example_dags/example_latest_only.py
[2025-01-15 23:43:43,419] {processor.py:651} INFO - DAG(s) dict_keys(['latest_only']) retrieved from /mnt/c/Users/ander/Desktop/airflow-spark/airflow-spark/curso2/ambientepython/lib/python3.9/site-packages/airflow/example_dags/example_latest_only.py
[2025-01-15 23:43:43,458] {logging_mixin.py:115} INFO - [2025-01-15 23:43:43,458] {dag.py:2379} INFO - Sync 1 DAGs
[2025-01-15 23:43:43,490] {logging_mixin.py:115} INFO - [2025-01-15 23:43:43,490] {dag.py:2927} INFO - Setting next_dagrun for latest_only to 2025-01-15T22:43:43.489710+00:00, run_after=2025-01-16T02:43:43.489710+00:00
[2025-01-15 23:43:43,544] {processor.py:161} INFO - Processing /mnt/c/Users/ander/Desktop/airflow-spark/airflow-spark/curso2/ambientepython/lib/python3.9/site-packages/airflow/example_dags/example_latest_only.py took 0.176 seconds
[2025-01-15 23:44:39,074] {processor.py:153} INFO - Started process (PID=34611) to work on /mnt/c/Users/ander/Desktop/airflow-spark/airflow-spark/curso2/ambientepython/lib/python3.9/site-packages/airflow/example_dags/example_latest_only.py
[2025-01-15 23:44:39,076] {processor.py:641} INFO - Processing file /mnt/c/Users/ander/Desktop/airflow-spark/airflow-spark/curso2/ambientepython/lib/python3.9/site-packages/airflow/example_dags/example_latest_only.py for tasks to queue
[2025-01-15 23:44:39,077] {logging_mixin.py:115} INFO - [2025-01-15 23:44:39,077] {dagbag.py:507} INFO - Filling up the DagBag from /mnt/c/Users/ander/Desktop/airflow-spark/airflow-spark/curso2/ambientepython/lib/python3.9/site-packages/airflow/example_dags/example_latest_only.py
[2025-01-15 23:44:39,141] {processor.py:651} INFO - DAG(s) dict_keys(['latest_only']) retrieved from /mnt/c/Users/ander/Desktop/airflow-spark/airflow-spark/curso2/ambientepython/lib/python3.9/site-packages/airflow/example_dags/example_latest_only.py
[2025-01-15 23:44:39,193] {logging_mixin.py:115} INFO - [2025-01-15 23:44:39,192] {dag.py:2379} INFO - Sync 1 DAGs
[2025-01-15 23:44:39,229] {logging_mixin.py:115} INFO - [2025-01-15 23:44:39,229] {dag.py:2927} INFO - Setting next_dagrun for latest_only to 2025-01-15T22:44:39.228822+00:00, run_after=2025-01-16T02:44:39.228822+00:00
[2025-01-15 23:44:39,291] {processor.py:161} INFO - Processing /mnt/c/Users/ander/Desktop/airflow-spark/airflow-spark/curso2/ambientepython/lib/python3.9/site-packages/airflow/example_dags/example_latest_only.py took 0.223 seconds
[2025-01-15 23:45:27,457] {processor.py:153} INFO - Started process (PID=34781) to work on /mnt/c/Users/ander/Desktop/airflow-spark/airflow-spark/curso2/ambientepython/lib/python3.9/site-packages/airflow/example_dags/example_latest_only.py
[2025-01-15 23:45:27,460] {processor.py:641} INFO - Processing file /mnt/c/Users/ander/Desktop/airflow-spark/airflow-spark/curso2/ambientepython/lib/python3.9/site-packages/airflow/example_dags/example_latest_only.py for tasks to queue
[2025-01-15 23:45:27,461] {logging_mixin.py:115} INFO - [2025-01-15 23:45:27,461] {dagbag.py:507} INFO - Filling up the DagBag from /mnt/c/Users/ander/Desktop/airflow-spark/airflow-spark/curso2/ambientepython/lib/python3.9/site-packages/airflow/example_dags/example_latest_only.py
[2025-01-15 23:45:27,517] {processor.py:651} INFO - DAG(s) dict_keys(['latest_only']) retrieved from /mnt/c/Users/ander/Desktop/airflow-spark/airflow-spark/curso2/ambientepython/lib/python3.9/site-packages/airflow/example_dags/example_latest_only.py
[2025-01-15 23:45:27,573] {logging_mixin.py:115} INFO - [2025-01-15 23:45:27,573] {dag.py:2379} INFO - Sync 1 DAGs
[2025-01-15 23:45:27,615] {logging_mixin.py:115} INFO - [2025-01-15 23:45:27,615] {dag.py:2927} INFO - Setting next_dagrun for latest_only to 2025-01-15T22:45:27.615120+00:00, run_after=2025-01-16T02:45:27.615120+00:00
[2025-01-15 23:45:27,674] {processor.py:161} INFO - Processing /mnt/c/Users/ander/Desktop/airflow-spark/airflow-spark/curso2/ambientepython/lib/python3.9/site-packages/airflow/example_dags/example_latest_only.py took 0.223 seconds
[2025-01-15 23:46:13,481] {processor.py:153} INFO - Started process (PID=34948) to work on /mnt/c/Users/ander/Desktop/airflow-spark/airflow-spark/curso2/ambientepython/lib/python3.9/site-packages/airflow/example_dags/example_latest_only.py
[2025-01-15 23:46:13,483] {processor.py:641} INFO - Processing file /mnt/c/Users/ander/Desktop/airflow-spark/airflow-spark/curso2/ambientepython/lib/python3.9/site-packages/airflow/example_dags/example_latest_only.py for tasks to queue
[2025-01-15 23:46:13,484] {logging_mixin.py:115} INFO - [2025-01-15 23:46:13,483] {dagbag.py:507} INFO - Filling up the DagBag from /mnt/c/Users/ander/Desktop/airflow-spark/airflow-spark/curso2/ambientepython/lib/python3.9/site-packages/airflow/example_dags/example_latest_only.py
[2025-01-15 23:46:13,521] {processor.py:651} INFO - DAG(s) dict_keys(['latest_only']) retrieved from /mnt/c/Users/ander/Desktop/airflow-spark/airflow-spark/curso2/ambientepython/lib/python3.9/site-packages/airflow/example_dags/example_latest_only.py
[2025-01-15 23:46:13,558] {logging_mixin.py:115} INFO - [2025-01-15 23:46:13,558] {dag.py:2379} INFO - Sync 1 DAGs
[2025-01-15 23:46:13,586] {logging_mixin.py:115} INFO - [2025-01-15 23:46:13,586] {dag.py:2927} INFO - Setting next_dagrun for latest_only to 2025-01-15T22:46:13.586397+00:00, run_after=2025-01-16T02:46:13.586397+00:00
[2025-01-15 23:46:13,630] {processor.py:161} INFO - Processing /mnt/c/Users/ander/Desktop/airflow-spark/airflow-spark/curso2/ambientepython/lib/python3.9/site-packages/airflow/example_dags/example_latest_only.py took 0.153 seconds
[2025-01-15 23:46:57,108] {processor.py:153} INFO - Started process (PID=35109) to work on /mnt/c/Users/ander/Desktop/airflow-spark/airflow-spark/curso2/ambientepython/lib/python3.9/site-packages/airflow/example_dags/example_latest_only.py
[2025-01-15 23:46:57,110] {processor.py:641} INFO - Processing file /mnt/c/Users/ander/Desktop/airflow-spark/airflow-spark/curso2/ambientepython/lib/python3.9/site-packages/airflow/example_dags/example_latest_only.py for tasks to queue
[2025-01-15 23:46:57,111] {logging_mixin.py:115} INFO - [2025-01-15 23:46:57,110] {dagbag.py:507} INFO - Filling up the DagBag from /mnt/c/Users/ander/Desktop/airflow-spark/airflow-spark/curso2/ambientepython/lib/python3.9/site-packages/airflow/example_dags/example_latest_only.py
[2025-01-15 23:46:57,155] {processor.py:651} INFO - DAG(s) dict_keys(['latest_only']) retrieved from /mnt/c/Users/ander/Desktop/airflow-spark/airflow-spark/curso2/ambientepython/lib/python3.9/site-packages/airflow/example_dags/example_latest_only.py
[2025-01-15 23:46:57,200] {logging_mixin.py:115} INFO - [2025-01-15 23:46:57,200] {dag.py:2379} INFO - Sync 1 DAGs
[2025-01-15 23:46:57,244] {logging_mixin.py:115} INFO - [2025-01-15 23:46:57,243] {dag.py:2927} INFO - Setting next_dagrun for latest_only to 2025-01-15T22:46:57.243271+00:00, run_after=2025-01-16T02:46:57.243271+00:00
[2025-01-15 23:46:57,293] {processor.py:161} INFO - Processing /mnt/c/Users/ander/Desktop/airflow-spark/airflow-spark/curso2/ambientepython/lib/python3.9/site-packages/airflow/example_dags/example_latest_only.py took 0.189 seconds
[2025-01-15 23:47:41,636] {processor.py:153} INFO - Started process (PID=35270) to work on /mnt/c/Users/ander/Desktop/airflow-spark/airflow-spark/curso2/ambientepython/lib/python3.9/site-packages/airflow/example_dags/example_latest_only.py
[2025-01-15 23:47:41,637] {processor.py:641} INFO - Processing file /mnt/c/Users/ander/Desktop/airflow-spark/airflow-spark/curso2/ambientepython/lib/python3.9/site-packages/airflow/example_dags/example_latest_only.py for tasks to queue
[2025-01-15 23:47:41,638] {logging_mixin.py:115} INFO - [2025-01-15 23:47:41,638] {dagbag.py:507} INFO - Filling up the DagBag from /mnt/c/Users/ander/Desktop/airflow-spark/airflow-spark/curso2/ambientepython/lib/python3.9/site-packages/airflow/example_dags/example_latest_only.py
[2025-01-15 23:47:41,681] {processor.py:651} INFO - DAG(s) dict_keys(['latest_only']) retrieved from /mnt/c/Users/ander/Desktop/airflow-spark/airflow-spark/curso2/ambientepython/lib/python3.9/site-packages/airflow/example_dags/example_latest_only.py
[2025-01-15 23:47:41,722] {logging_mixin.py:115} INFO - [2025-01-15 23:47:41,722] {dag.py:2379} INFO - Sync 1 DAGs
[2025-01-15 23:47:41,755] {logging_mixin.py:115} INFO - [2025-01-15 23:47:41,755] {dag.py:2927} INFO - Setting next_dagrun for latest_only to 2025-01-15T22:47:41.755092+00:00, run_after=2025-01-16T02:47:41.755092+00:00
[2025-01-15 23:47:41,803] {processor.py:161} INFO - Processing /mnt/c/Users/ander/Desktop/airflow-spark/airflow-spark/curso2/ambientepython/lib/python3.9/site-packages/airflow/example_dags/example_latest_only.py took 0.171 seconds
[2025-01-15 23:48:25,779] {processor.py:153} INFO - Started process (PID=35482) to work on /mnt/c/Users/ander/Desktop/airflow-spark/airflow-spark/curso2/ambientepython/lib/python3.9/site-packages/airflow/example_dags/example_latest_only.py
[2025-01-15 23:48:25,782] {processor.py:641} INFO - Processing file /mnt/c/Users/ander/Desktop/airflow-spark/airflow-spark/curso2/ambientepython/lib/python3.9/site-packages/airflow/example_dags/example_latest_only.py for tasks to queue
[2025-01-15 23:48:25,783] {logging_mixin.py:115} INFO - [2025-01-15 23:48:25,783] {dagbag.py:507} INFO - Filling up the DagBag from /mnt/c/Users/ander/Desktop/airflow-spark/airflow-spark/curso2/ambientepython/lib/python3.9/site-packages/airflow/example_dags/example_latest_only.py
[2025-01-15 23:48:25,826] {processor.py:651} INFO - DAG(s) dict_keys(['latest_only']) retrieved from /mnt/c/Users/ander/Desktop/airflow-spark/airflow-spark/curso2/ambientepython/lib/python3.9/site-packages/airflow/example_dags/example_latest_only.py
[2025-01-15 23:48:25,862] {logging_mixin.py:115} INFO - [2025-01-15 23:48:25,862] {dag.py:2379} INFO - Sync 1 DAGs
[2025-01-15 23:48:25,895] {logging_mixin.py:115} INFO - [2025-01-15 23:48:25,895] {dag.py:2927} INFO - Setting next_dagrun for latest_only to 2025-01-15T22:48:25.895089+00:00, run_after=2025-01-16T02:48:25.895089+00:00
[2025-01-15 23:48:25,945] {processor.py:161} INFO - Processing /mnt/c/Users/ander/Desktop/airflow-spark/airflow-spark/curso2/ambientepython/lib/python3.9/site-packages/airflow/example_dags/example_latest_only.py took 0.173 seconds
[2025-01-15 23:49:13,867] {processor.py:153} INFO - Started process (PID=35652) to work on /mnt/c/Users/ander/Desktop/airflow-spark/airflow-spark/curso2/ambientepython/lib/python3.9/site-packages/airflow/example_dags/example_latest_only.py
[2025-01-15 23:49:13,868] {processor.py:641} INFO - Processing file /mnt/c/Users/ander/Desktop/airflow-spark/airflow-spark/curso2/ambientepython/lib/python3.9/site-packages/airflow/example_dags/example_latest_only.py for tasks to queue
[2025-01-15 23:49:13,869] {logging_mixin.py:115} INFO - [2025-01-15 23:49:13,869] {dagbag.py:507} INFO - Filling up the DagBag from /mnt/c/Users/ander/Desktop/airflow-spark/airflow-spark/curso2/ambientepython/lib/python3.9/site-packages/airflow/example_dags/example_latest_only.py
[2025-01-15 23:49:13,912] {processor.py:651} INFO - DAG(s) dict_keys(['latest_only']) retrieved from /mnt/c/Users/ander/Desktop/airflow-spark/airflow-spark/curso2/ambientepython/lib/python3.9/site-packages/airflow/example_dags/example_latest_only.py
[2025-01-15 23:49:13,955] {logging_mixin.py:115} INFO - [2025-01-15 23:49:13,955] {dag.py:2379} INFO - Sync 1 DAGs
[2025-01-15 23:49:13,990] {logging_mixin.py:115} INFO - [2025-01-15 23:49:13,989] {dag.py:2927} INFO - Setting next_dagrun for latest_only to 2025-01-15T22:49:13.989544+00:00, run_after=2025-01-16T02:49:13.989544+00:00
[2025-01-15 23:49:14,071] {processor.py:161} INFO - Processing /mnt/c/Users/ander/Desktop/airflow-spark/airflow-spark/curso2/ambientepython/lib/python3.9/site-packages/airflow/example_dags/example_latest_only.py took 0.208 seconds
[2025-01-15 23:50:00,363] {processor.py:153} INFO - Started process (PID=35823) to work on /mnt/c/Users/ander/Desktop/airflow-spark/airflow-spark/curso2/ambientepython/lib/python3.9/site-packages/airflow/example_dags/example_latest_only.py
[2025-01-15 23:50:00,364] {processor.py:641} INFO - Processing file /mnt/c/Users/ander/Desktop/airflow-spark/airflow-spark/curso2/ambientepython/lib/python3.9/site-packages/airflow/example_dags/example_latest_only.py for tasks to queue
[2025-01-15 23:50:00,365] {logging_mixin.py:115} INFO - [2025-01-15 23:50:00,365] {dagbag.py:507} INFO - Filling up the DagBag from /mnt/c/Users/ander/Desktop/airflow-spark/airflow-spark/curso2/ambientepython/lib/python3.9/site-packages/airflow/example_dags/example_latest_only.py
[2025-01-15 23:50:00,408] {processor.py:651} INFO - DAG(s) dict_keys(['latest_only']) retrieved from /mnt/c/Users/ander/Desktop/airflow-spark/airflow-spark/curso2/ambientepython/lib/python3.9/site-packages/airflow/example_dags/example_latest_only.py
[2025-01-15 23:50:00,455] {logging_mixin.py:115} INFO - [2025-01-15 23:50:00,455] {dag.py:2379} INFO - Sync 1 DAGs
[2025-01-15 23:50:00,492] {logging_mixin.py:115} INFO - [2025-01-15 23:50:00,492] {dag.py:2927} INFO - Setting next_dagrun for latest_only to 2025-01-15T22:50:00.492101+00:00, run_after=2025-01-16T02:50:00.492101+00:00
[2025-01-15 23:50:00,541] {processor.py:161} INFO - Processing /mnt/c/Users/ander/Desktop/airflow-spark/airflow-spark/curso2/ambientepython/lib/python3.9/site-packages/airflow/example_dags/example_latest_only.py took 0.183 seconds
[2025-01-15 23:50:47,259] {processor.py:153} INFO - Started process (PID=35991) to work on /mnt/c/Users/ander/Desktop/airflow-spark/airflow-spark/curso2/ambientepython/lib/python3.9/site-packages/airflow/example_dags/example_latest_only.py
[2025-01-15 23:50:47,260] {processor.py:641} INFO - Processing file /mnt/c/Users/ander/Desktop/airflow-spark/airflow-spark/curso2/ambientepython/lib/python3.9/site-packages/airflow/example_dags/example_latest_only.py for tasks to queue
[2025-01-15 23:50:47,261] {logging_mixin.py:115} INFO - [2025-01-15 23:50:47,261] {dagbag.py:507} INFO - Filling up the DagBag from /mnt/c/Users/ander/Desktop/airflow-spark/airflow-spark/curso2/ambientepython/lib/python3.9/site-packages/airflow/example_dags/example_latest_only.py
[2025-01-15 23:50:47,310] {processor.py:651} INFO - DAG(s) dict_keys(['latest_only']) retrieved from /mnt/c/Users/ander/Desktop/airflow-spark/airflow-spark/curso2/ambientepython/lib/python3.9/site-packages/airflow/example_dags/example_latest_only.py
[2025-01-15 23:50:47,349] {logging_mixin.py:115} INFO - [2025-01-15 23:50:47,349] {dag.py:2379} INFO - Sync 1 DAGs
[2025-01-15 23:50:47,396] {logging_mixin.py:115} INFO - [2025-01-15 23:50:47,396] {dag.py:2927} INFO - Setting next_dagrun for latest_only to 2025-01-15T22:50:47.395143+00:00, run_after=2025-01-16T02:50:47.395143+00:00
[2025-01-15 23:50:47,449] {processor.py:161} INFO - Processing /mnt/c/Users/ander/Desktop/airflow-spark/airflow-spark/curso2/ambientepython/lib/python3.9/site-packages/airflow/example_dags/example_latest_only.py took 0.195 seconds
[2025-01-15 23:51:35,250] {processor.py:153} INFO - Started process (PID=36163) to work on /mnt/c/Users/ander/Desktop/airflow-spark/airflow-spark/curso2/ambientepython/lib/python3.9/site-packages/airflow/example_dags/example_latest_only.py
[2025-01-15 23:51:35,251] {processor.py:641} INFO - Processing file /mnt/c/Users/ander/Desktop/airflow-spark/airflow-spark/curso2/ambientepython/lib/python3.9/site-packages/airflow/example_dags/example_latest_only.py for tasks to queue
[2025-01-15 23:51:35,252] {logging_mixin.py:115} INFO - [2025-01-15 23:51:35,252] {dagbag.py:507} INFO - Filling up the DagBag from /mnt/c/Users/ander/Desktop/airflow-spark/airflow-spark/curso2/ambientepython/lib/python3.9/site-packages/airflow/example_dags/example_latest_only.py
[2025-01-15 23:51:35,318] {processor.py:651} INFO - DAG(s) dict_keys(['latest_only']) retrieved from /mnt/c/Users/ander/Desktop/airflow-spark/airflow-spark/curso2/ambientepython/lib/python3.9/site-packages/airflow/example_dags/example_latest_only.py
[2025-01-15 23:51:35,369] {logging_mixin.py:115} INFO - [2025-01-15 23:51:35,368] {dag.py:2379} INFO - Sync 1 DAGs
[2025-01-15 23:51:35,409] {logging_mixin.py:115} INFO - [2025-01-15 23:51:35,409] {dag.py:2927} INFO - Setting next_dagrun for latest_only to 2025-01-15T22:51:35.408682+00:00, run_after=2025-01-16T02:51:35.408682+00:00
[2025-01-15 23:51:35,466] {processor.py:161} INFO - Processing /mnt/c/Users/ander/Desktop/airflow-spark/airflow-spark/curso2/ambientepython/lib/python3.9/site-packages/airflow/example_dags/example_latest_only.py took 0.219 seconds
[2025-01-15 23:52:28,855] {processor.py:153} INFO - Started process (PID=36352) to work on /mnt/c/Users/ander/Desktop/airflow-spark/airflow-spark/curso2/ambientepython/lib/python3.9/site-packages/airflow/example_dags/example_latest_only.py
[2025-01-15 23:52:28,857] {processor.py:641} INFO - Processing file /mnt/c/Users/ander/Desktop/airflow-spark/airflow-spark/curso2/ambientepython/lib/python3.9/site-packages/airflow/example_dags/example_latest_only.py for tasks to queue
[2025-01-15 23:52:28,861] {logging_mixin.py:115} INFO - [2025-01-15 23:52:28,860] {dagbag.py:507} INFO - Filling up the DagBag from /mnt/c/Users/ander/Desktop/airflow-spark/airflow-spark/curso2/ambientepython/lib/python3.9/site-packages/airflow/example_dags/example_latest_only.py
[2025-01-15 23:52:28,917] {processor.py:651} INFO - DAG(s) dict_keys(['latest_only']) retrieved from /mnt/c/Users/ander/Desktop/airflow-spark/airflow-spark/curso2/ambientepython/lib/python3.9/site-packages/airflow/example_dags/example_latest_only.py
[2025-01-15 23:52:28,968] {logging_mixin.py:115} INFO - [2025-01-15 23:52:28,968] {dag.py:2379} INFO - Sync 1 DAGs
[2025-01-15 23:52:29,010] {logging_mixin.py:115} INFO - [2025-01-15 23:52:29,010] {dag.py:2927} INFO - Setting next_dagrun for latest_only to 2025-01-15T22:52:29.009995+00:00, run_after=2025-01-16T02:52:29.009995+00:00
[2025-01-15 23:52:29,076] {processor.py:161} INFO - Processing /mnt/c/Users/ander/Desktop/airflow-spark/airflow-spark/curso2/ambientepython/lib/python3.9/site-packages/airflow/example_dags/example_latest_only.py took 0.225 seconds
[2025-01-15 23:53:19,719] {processor.py:153} INFO - Started process (PID=36586) to work on /mnt/c/Users/ander/Desktop/airflow-spark/airflow-spark/curso2/ambientepython/lib/python3.9/site-packages/airflow/example_dags/example_latest_only.py
[2025-01-15 23:53:19,720] {processor.py:641} INFO - Processing file /mnt/c/Users/ander/Desktop/airflow-spark/airflow-spark/curso2/ambientepython/lib/python3.9/site-packages/airflow/example_dags/example_latest_only.py for tasks to queue
[2025-01-15 23:53:19,721] {logging_mixin.py:115} INFO - [2025-01-15 23:53:19,721] {dagbag.py:507} INFO - Filling up the DagBag from /mnt/c/Users/ander/Desktop/airflow-spark/airflow-spark/curso2/ambientepython/lib/python3.9/site-packages/airflow/example_dags/example_latest_only.py
[2025-01-15 23:53:19,764] {processor.py:651} INFO - DAG(s) dict_keys(['latest_only']) retrieved from /mnt/c/Users/ander/Desktop/airflow-spark/airflow-spark/curso2/ambientepython/lib/python3.9/site-packages/airflow/example_dags/example_latest_only.py
[2025-01-15 23:53:19,802] {logging_mixin.py:115} INFO - [2025-01-15 23:53:19,802] {dag.py:2379} INFO - Sync 1 DAGs
[2025-01-15 23:53:19,835] {logging_mixin.py:115} INFO - [2025-01-15 23:53:19,835] {dag.py:2927} INFO - Setting next_dagrun for latest_only to 2025-01-15T22:53:19.835218+00:00, run_after=2025-01-16T02:53:19.835218+00:00
[2025-01-15 23:53:19,884] {processor.py:161} INFO - Processing /mnt/c/Users/ander/Desktop/airflow-spark/airflow-spark/curso2/ambientepython/lib/python3.9/site-packages/airflow/example_dags/example_latest_only.py took 0.169 seconds
