[2025-01-15 23:12:22,168] {processor.py:153} INFO - Started process (PID=25166) to work on /mnt/c/Users/ander/Desktop/airflow-spark/airflow-spark/curso2/ambientepython/lib/python3.9/site-packages/airflow/example_dags/example_time_delta_sensor_async.py
[2025-01-15 23:12:22,169] {processor.py:641} INFO - Processing file /mnt/c/Users/ander/Desktop/airflow-spark/airflow-spark/curso2/ambientepython/lib/python3.9/site-packages/airflow/example_dags/example_time_delta_sensor_async.py for tasks to queue
[2025-01-15 23:12:22,171] {logging_mixin.py:115} INFO - [2025-01-15 23:12:22,170] {dagbag.py:507} INFO - Filling up the DagBag from /mnt/c/Users/ander/Desktop/airflow-spark/airflow-spark/curso2/ambientepython/lib/python3.9/site-packages/airflow/example_dags/example_time_delta_sensor_async.py
[2025-01-15 23:12:22,315] {processor.py:651} INFO - DAG(s) dict_keys(['example_time_delta_sensor_async']) retrieved from /mnt/c/Users/ander/Desktop/airflow-spark/airflow-spark/curso2/ambientepython/lib/python3.9/site-packages/airflow/example_dags/example_time_delta_sensor_async.py
[2025-01-15 23:12:22,960] {logging_mixin.py:115} INFO - [2025-01-15 23:12:22,959] {manager.py:508} INFO - Created Permission View: can edit on DAG:example_time_delta_sensor_async
[2025-01-15 23:12:23,032] {logging_mixin.py:115} INFO - [2025-01-15 23:12:23,031] {manager.py:508} INFO - Created Permission View: can delete on DAG:example_time_delta_sensor_async
[2025-01-15 23:12:23,072] {logging_mixin.py:115} INFO - [2025-01-15 23:12:23,072] {manager.py:508} INFO - Created Permission View: can read on DAG:example_time_delta_sensor_async
[2025-01-15 23:12:23,072] {logging_mixin.py:115} INFO - [2025-01-15 23:12:23,072] {dag.py:2379} INFO - Sync 1 DAGs
[2025-01-15 23:12:23,120] {logging_mixin.py:115} INFO - [2025-01-15 23:12:23,119] {dag.py:2398} INFO - Creating ORM DAG for example_time_delta_sensor_async
[2025-01-15 23:12:23,166] {logging_mixin.py:115} INFO - [2025-01-15 23:12:23,166] {dag.py:2927} INFO - Setting next_dagrun for example_time_delta_sensor_async to None, run_after=None
[2025-01-15 23:12:23,281] {processor.py:161} INFO - Processing /mnt/c/Users/ander/Desktop/airflow-spark/airflow-spark/curso2/ambientepython/lib/python3.9/site-packages/airflow/example_dags/example_time_delta_sensor_async.py took 1.120 seconds
[2025-01-15 23:13:16,871] {processor.py:153} INFO - Started process (PID=25612) to work on /mnt/c/Users/ander/Desktop/airflow-spark/airflow-spark/curso2/ambientepython/lib/python3.9/site-packages/airflow/example_dags/example_time_delta_sensor_async.py
[2025-01-15 23:13:16,872] {processor.py:641} INFO - Processing file /mnt/c/Users/ander/Desktop/airflow-spark/airflow-spark/curso2/ambientepython/lib/python3.9/site-packages/airflow/example_dags/example_time_delta_sensor_async.py for tasks to queue
[2025-01-15 23:13:16,873] {logging_mixin.py:115} INFO - [2025-01-15 23:13:16,873] {dagbag.py:507} INFO - Filling up the DagBag from /mnt/c/Users/ander/Desktop/airflow-spark/airflow-spark/curso2/ambientepython/lib/python3.9/site-packages/airflow/example_dags/example_time_delta_sensor_async.py
[2025-01-15 23:13:16,912] {processor.py:651} INFO - DAG(s) dict_keys(['example_time_delta_sensor_async']) retrieved from /mnt/c/Users/ander/Desktop/airflow-spark/airflow-spark/curso2/ambientepython/lib/python3.9/site-packages/airflow/example_dags/example_time_delta_sensor_async.py
[2025-01-15 23:13:17,096] {logging_mixin.py:115} INFO - [2025-01-15 23:13:17,096] {dag.py:2379} INFO - Sync 1 DAGs
[2025-01-15 23:13:17,126] {logging_mixin.py:115} INFO - [2025-01-15 23:13:17,126] {dag.py:2927} INFO - Setting next_dagrun for example_time_delta_sensor_async to None, run_after=None
[2025-01-15 23:13:17,166] {processor.py:161} INFO - Processing /mnt/c/Users/ander/Desktop/airflow-spark/airflow-spark/curso2/ambientepython/lib/python3.9/site-packages/airflow/example_dags/example_time_delta_sensor_async.py took 0.298 seconds
[2025-01-15 23:14:03,980] {processor.py:153} INFO - Started process (PID=25780) to work on /mnt/c/Users/ander/Desktop/airflow-spark/airflow-spark/curso2/ambientepython/lib/python3.9/site-packages/airflow/example_dags/example_time_delta_sensor_async.py
[2025-01-15 23:14:03,982] {processor.py:641} INFO - Processing file /mnt/c/Users/ander/Desktop/airflow-spark/airflow-spark/curso2/ambientepython/lib/python3.9/site-packages/airflow/example_dags/example_time_delta_sensor_async.py for tasks to queue
[2025-01-15 23:14:03,983] {logging_mixin.py:115} INFO - [2025-01-15 23:14:03,982] {dagbag.py:507} INFO - Filling up the DagBag from /mnt/c/Users/ander/Desktop/airflow-spark/airflow-spark/curso2/ambientepython/lib/python3.9/site-packages/airflow/example_dags/example_time_delta_sensor_async.py
[2025-01-15 23:14:04,017] {processor.py:651} INFO - DAG(s) dict_keys(['example_time_delta_sensor_async']) retrieved from /mnt/c/Users/ander/Desktop/airflow-spark/airflow-spark/curso2/ambientepython/lib/python3.9/site-packages/airflow/example_dags/example_time_delta_sensor_async.py
[2025-01-15 23:14:04,190] {logging_mixin.py:115} INFO - [2025-01-15 23:14:04,190] {dag.py:2379} INFO - Sync 1 DAGs
[2025-01-15 23:14:04,226] {logging_mixin.py:115} INFO - [2025-01-15 23:14:04,226] {dag.py:2927} INFO - Setting next_dagrun for example_time_delta_sensor_async to None, run_after=None
[2025-01-15 23:14:04,273] {processor.py:161} INFO - Processing /mnt/c/Users/ander/Desktop/airflow-spark/airflow-spark/curso2/ambientepython/lib/python3.9/site-packages/airflow/example_dags/example_time_delta_sensor_async.py took 0.297 seconds
[2025-01-15 23:14:47,512] {processor.py:153} INFO - Started process (PID=25941) to work on /mnt/c/Users/ander/Desktop/airflow-spark/airflow-spark/curso2/ambientepython/lib/python3.9/site-packages/airflow/example_dags/example_time_delta_sensor_async.py
[2025-01-15 23:14:47,514] {processor.py:641} INFO - Processing file /mnt/c/Users/ander/Desktop/airflow-spark/airflow-spark/curso2/ambientepython/lib/python3.9/site-packages/airflow/example_dags/example_time_delta_sensor_async.py for tasks to queue
[2025-01-15 23:14:47,515] {logging_mixin.py:115} INFO - [2025-01-15 23:14:47,515] {dagbag.py:507} INFO - Filling up the DagBag from /mnt/c/Users/ander/Desktop/airflow-spark/airflow-spark/curso2/ambientepython/lib/python3.9/site-packages/airflow/example_dags/example_time_delta_sensor_async.py
[2025-01-15 23:14:47,560] {processor.py:651} INFO - DAG(s) dict_keys(['example_time_delta_sensor_async']) retrieved from /mnt/c/Users/ander/Desktop/airflow-spark/airflow-spark/curso2/ambientepython/lib/python3.9/site-packages/airflow/example_dags/example_time_delta_sensor_async.py
[2025-01-15 23:14:47,778] {logging_mixin.py:115} INFO - [2025-01-15 23:14:47,778] {dag.py:2379} INFO - Sync 1 DAGs
[2025-01-15 23:14:47,808] {logging_mixin.py:115} INFO - [2025-01-15 23:14:47,808] {dag.py:2927} INFO - Setting next_dagrun for example_time_delta_sensor_async to None, run_after=None
[2025-01-15 23:14:47,858] {processor.py:161} INFO - Processing /mnt/c/Users/ander/Desktop/airflow-spark/airflow-spark/curso2/ambientepython/lib/python3.9/site-packages/airflow/example_dags/example_time_delta_sensor_async.py took 0.349 seconds
[2025-01-15 23:15:32,057] {processor.py:153} INFO - Started process (PID=26102) to work on /mnt/c/Users/ander/Desktop/airflow-spark/airflow-spark/curso2/ambientepython/lib/python3.9/site-packages/airflow/example_dags/example_time_delta_sensor_async.py
[2025-01-15 23:15:32,058] {processor.py:641} INFO - Processing file /mnt/c/Users/ander/Desktop/airflow-spark/airflow-spark/curso2/ambientepython/lib/python3.9/site-packages/airflow/example_dags/example_time_delta_sensor_async.py for tasks to queue
[2025-01-15 23:15:32,059] {logging_mixin.py:115} INFO - [2025-01-15 23:15:32,059] {dagbag.py:507} INFO - Filling up the DagBag from /mnt/c/Users/ander/Desktop/airflow-spark/airflow-spark/curso2/ambientepython/lib/python3.9/site-packages/airflow/example_dags/example_time_delta_sensor_async.py
[2025-01-15 23:15:32,104] {processor.py:651} INFO - DAG(s) dict_keys(['example_time_delta_sensor_async']) retrieved from /mnt/c/Users/ander/Desktop/airflow-spark/airflow-spark/curso2/ambientepython/lib/python3.9/site-packages/airflow/example_dags/example_time_delta_sensor_async.py
[2025-01-15 23:15:32,322] {logging_mixin.py:115} INFO - [2025-01-15 23:15:32,322] {dag.py:2379} INFO - Sync 1 DAGs
[2025-01-15 23:15:32,353] {logging_mixin.py:115} INFO - [2025-01-15 23:15:32,353] {dag.py:2927} INFO - Setting next_dagrun for example_time_delta_sensor_async to None, run_after=None
[2025-01-15 23:15:32,410] {processor.py:161} INFO - Processing /mnt/c/Users/ander/Desktop/airflow-spark/airflow-spark/curso2/ambientepython/lib/python3.9/site-packages/airflow/example_dags/example_time_delta_sensor_async.py took 0.357 seconds
[2025-01-15 23:16:23,373] {processor.py:153} INFO - Started process (PID=26284) to work on /mnt/c/Users/ander/Desktop/airflow-spark/airflow-spark/curso2/ambientepython/lib/python3.9/site-packages/airflow/example_dags/example_time_delta_sensor_async.py
[2025-01-15 23:16:23,375] {processor.py:641} INFO - Processing file /mnt/c/Users/ander/Desktop/airflow-spark/airflow-spark/curso2/ambientepython/lib/python3.9/site-packages/airflow/example_dags/example_time_delta_sensor_async.py for tasks to queue
[2025-01-15 23:16:23,376] {logging_mixin.py:115} INFO - [2025-01-15 23:16:23,375] {dagbag.py:507} INFO - Filling up the DagBag from /mnt/c/Users/ander/Desktop/airflow-spark/airflow-spark/curso2/ambientepython/lib/python3.9/site-packages/airflow/example_dags/example_time_delta_sensor_async.py
[2025-01-15 23:16:23,417] {processor.py:651} INFO - DAG(s) dict_keys(['example_time_delta_sensor_async']) retrieved from /mnt/c/Users/ander/Desktop/airflow-spark/airflow-spark/curso2/ambientepython/lib/python3.9/site-packages/airflow/example_dags/example_time_delta_sensor_async.py
[2025-01-15 23:16:23,619] {logging_mixin.py:115} INFO - [2025-01-15 23:16:23,619] {dag.py:2379} INFO - Sync 1 DAGs
[2025-01-15 23:16:23,650] {logging_mixin.py:115} INFO - [2025-01-15 23:16:23,650] {dag.py:2927} INFO - Setting next_dagrun for example_time_delta_sensor_async to None, run_after=None
[2025-01-15 23:16:23,697] {processor.py:161} INFO - Processing /mnt/c/Users/ander/Desktop/airflow-spark/airflow-spark/curso2/ambientepython/lib/python3.9/site-packages/airflow/example_dags/example_time_delta_sensor_async.py took 0.327 seconds
[2025-01-15 23:17:08,437] {processor.py:153} INFO - Started process (PID=26452) to work on /mnt/c/Users/ander/Desktop/airflow-spark/airflow-spark/curso2/ambientepython/lib/python3.9/site-packages/airflow/example_dags/example_time_delta_sensor_async.py
[2025-01-15 23:17:08,438] {processor.py:641} INFO - Processing file /mnt/c/Users/ander/Desktop/airflow-spark/airflow-spark/curso2/ambientepython/lib/python3.9/site-packages/airflow/example_dags/example_time_delta_sensor_async.py for tasks to queue
[2025-01-15 23:17:08,439] {logging_mixin.py:115} INFO - [2025-01-15 23:17:08,439] {dagbag.py:507} INFO - Filling up the DagBag from /mnt/c/Users/ander/Desktop/airflow-spark/airflow-spark/curso2/ambientepython/lib/python3.9/site-packages/airflow/example_dags/example_time_delta_sensor_async.py
[2025-01-15 23:17:08,480] {processor.py:651} INFO - DAG(s) dict_keys(['example_time_delta_sensor_async']) retrieved from /mnt/c/Users/ander/Desktop/airflow-spark/airflow-spark/curso2/ambientepython/lib/python3.9/site-packages/airflow/example_dags/example_time_delta_sensor_async.py
[2025-01-15 23:17:08,698] {logging_mixin.py:115} INFO - [2025-01-15 23:17:08,698] {dag.py:2379} INFO - Sync 1 DAGs
[2025-01-15 23:17:08,728] {logging_mixin.py:115} INFO - [2025-01-15 23:17:08,728] {dag.py:2927} INFO - Setting next_dagrun for example_time_delta_sensor_async to None, run_after=None
[2025-01-15 23:17:08,776] {processor.py:161} INFO - Processing /mnt/c/Users/ander/Desktop/airflow-spark/airflow-spark/curso2/ambientepython/lib/python3.9/site-packages/airflow/example_dags/example_time_delta_sensor_async.py took 0.342 seconds
[2025-01-15 23:17:54,237] {processor.py:153} INFO - Started process (PID=26668) to work on /mnt/c/Users/ander/Desktop/airflow-spark/airflow-spark/curso2/ambientepython/lib/python3.9/site-packages/airflow/example_dags/example_time_delta_sensor_async.py
[2025-01-15 23:17:54,239] {processor.py:641} INFO - Processing file /mnt/c/Users/ander/Desktop/airflow-spark/airflow-spark/curso2/ambientepython/lib/python3.9/site-packages/airflow/example_dags/example_time_delta_sensor_async.py for tasks to queue
[2025-01-15 23:17:54,240] {logging_mixin.py:115} INFO - [2025-01-15 23:17:54,240] {dagbag.py:507} INFO - Filling up the DagBag from /mnt/c/Users/ander/Desktop/airflow-spark/airflow-spark/curso2/ambientepython/lib/python3.9/site-packages/airflow/example_dags/example_time_delta_sensor_async.py
[2025-01-15 23:17:54,286] {processor.py:651} INFO - DAG(s) dict_keys(['example_time_delta_sensor_async']) retrieved from /mnt/c/Users/ander/Desktop/airflow-spark/airflow-spark/curso2/ambientepython/lib/python3.9/site-packages/airflow/example_dags/example_time_delta_sensor_async.py
[2025-01-15 23:17:54,501] {logging_mixin.py:115} INFO - [2025-01-15 23:17:54,501] {dag.py:2379} INFO - Sync 1 DAGs
[2025-01-15 23:17:54,534] {logging_mixin.py:115} INFO - [2025-01-15 23:17:54,534] {dag.py:2927} INFO - Setting next_dagrun for example_time_delta_sensor_async to None, run_after=None
[2025-01-15 23:17:54,579] {processor.py:161} INFO - Processing /mnt/c/Users/ander/Desktop/airflow-spark/airflow-spark/curso2/ambientepython/lib/python3.9/site-packages/airflow/example_dags/example_time_delta_sensor_async.py took 0.346 seconds
[2025-01-15 23:18:36,081] {processor.py:153} INFO - Started process (PID=26823) to work on /mnt/c/Users/ander/Desktop/airflow-spark/airflow-spark/curso2/ambientepython/lib/python3.9/site-packages/airflow/example_dags/example_time_delta_sensor_async.py
[2025-01-15 23:18:36,082] {processor.py:641} INFO - Processing file /mnt/c/Users/ander/Desktop/airflow-spark/airflow-spark/curso2/ambientepython/lib/python3.9/site-packages/airflow/example_dags/example_time_delta_sensor_async.py for tasks to queue
[2025-01-15 23:18:36,083] {logging_mixin.py:115} INFO - [2025-01-15 23:18:36,083] {dagbag.py:507} INFO - Filling up the DagBag from /mnt/c/Users/ander/Desktop/airflow-spark/airflow-spark/curso2/ambientepython/lib/python3.9/site-packages/airflow/example_dags/example_time_delta_sensor_async.py
[2025-01-15 23:18:36,114] {processor.py:651} INFO - DAG(s) dict_keys(['example_time_delta_sensor_async']) retrieved from /mnt/c/Users/ander/Desktop/airflow-spark/airflow-spark/curso2/ambientepython/lib/python3.9/site-packages/airflow/example_dags/example_time_delta_sensor_async.py
[2025-01-15 23:18:36,274] {logging_mixin.py:115} INFO - [2025-01-15 23:18:36,274] {dag.py:2379} INFO - Sync 1 DAGs
[2025-01-15 23:18:36,307] {logging_mixin.py:115} INFO - [2025-01-15 23:18:36,307] {dag.py:2927} INFO - Setting next_dagrun for example_time_delta_sensor_async to None, run_after=None
[2025-01-15 23:18:36,346] {processor.py:161} INFO - Processing /mnt/c/Users/ander/Desktop/airflow-spark/airflow-spark/curso2/ambientepython/lib/python3.9/site-packages/airflow/example_dags/example_time_delta_sensor_async.py took 0.269 seconds
[2025-01-15 23:19:14,857] {processor.py:153} INFO - Started process (PID=26963) to work on /mnt/c/Users/ander/Desktop/airflow-spark/airflow-spark/curso2/ambientepython/lib/python3.9/site-packages/airflow/example_dags/example_time_delta_sensor_async.py
[2025-01-15 23:19:14,858] {processor.py:641} INFO - Processing file /mnt/c/Users/ander/Desktop/airflow-spark/airflow-spark/curso2/ambientepython/lib/python3.9/site-packages/airflow/example_dags/example_time_delta_sensor_async.py for tasks to queue
[2025-01-15 23:19:14,859] {logging_mixin.py:115} INFO - [2025-01-15 23:19:14,859] {dagbag.py:507} INFO - Filling up the DagBag from /mnt/c/Users/ander/Desktop/airflow-spark/airflow-spark/curso2/ambientepython/lib/python3.9/site-packages/airflow/example_dags/example_time_delta_sensor_async.py
[2025-01-15 23:19:14,902] {processor.py:651} INFO - DAG(s) dict_keys(['example_time_delta_sensor_async']) retrieved from /mnt/c/Users/ander/Desktop/airflow-spark/airflow-spark/curso2/ambientepython/lib/python3.9/site-packages/airflow/example_dags/example_time_delta_sensor_async.py
[2025-01-15 23:19:15,098] {logging_mixin.py:115} INFO - [2025-01-15 23:19:15,098] {dag.py:2379} INFO - Sync 1 DAGs
[2025-01-15 23:19:15,127] {logging_mixin.py:115} INFO - [2025-01-15 23:19:15,127] {dag.py:2927} INFO - Setting next_dagrun for example_time_delta_sensor_async to None, run_after=None
[2025-01-15 23:19:15,169] {processor.py:161} INFO - Processing /mnt/c/Users/ander/Desktop/airflow-spark/airflow-spark/curso2/ambientepython/lib/python3.9/site-packages/airflow/example_dags/example_time_delta_sensor_async.py took 0.315 seconds
[2025-01-15 23:20:06,698] {processor.py:153} INFO - Started process (PID=27199) to work on /mnt/c/Users/ander/Desktop/airflow-spark/airflow-spark/curso2/ambientepython/lib/python3.9/site-packages/airflow/example_dags/example_time_delta_sensor_async.py
[2025-01-15 23:20:06,699] {processor.py:641} INFO - Processing file /mnt/c/Users/ander/Desktop/airflow-spark/airflow-spark/curso2/ambientepython/lib/python3.9/site-packages/airflow/example_dags/example_time_delta_sensor_async.py for tasks to queue
[2025-01-15 23:20:06,700] {logging_mixin.py:115} INFO - [2025-01-15 23:20:06,700] {dagbag.py:507} INFO - Filling up the DagBag from /mnt/c/Users/ander/Desktop/airflow-spark/airflow-spark/curso2/ambientepython/lib/python3.9/site-packages/airflow/example_dags/example_time_delta_sensor_async.py
[2025-01-15 23:20:06,736] {processor.py:651} INFO - DAG(s) dict_keys(['example_time_delta_sensor_async']) retrieved from /mnt/c/Users/ander/Desktop/airflow-spark/airflow-spark/curso2/ambientepython/lib/python3.9/site-packages/airflow/example_dags/example_time_delta_sensor_async.py
[2025-01-15 23:20:06,967] {logging_mixin.py:115} INFO - [2025-01-15 23:20:06,967] {dag.py:2379} INFO - Sync 1 DAGs
[2025-01-15 23:20:06,994] {logging_mixin.py:115} INFO - [2025-01-15 23:20:06,994] {dag.py:2927} INFO - Setting next_dagrun for example_time_delta_sensor_async to None, run_after=None
[2025-01-15 23:20:07,038] {processor.py:161} INFO - Processing /mnt/c/Users/ander/Desktop/airflow-spark/airflow-spark/curso2/ambientepython/lib/python3.9/site-packages/airflow/example_dags/example_time_delta_sensor_async.py took 0.344 seconds
[2025-01-15 23:20:55,814] {processor.py:153} INFO - Started process (PID=27640) to work on /mnt/c/Users/ander/Desktop/airflow-spark/airflow-spark/curso2/ambientepython/lib/python3.9/site-packages/airflow/example_dags/example_time_delta_sensor_async.py
[2025-01-15 23:20:55,816] {processor.py:641} INFO - Processing file /mnt/c/Users/ander/Desktop/airflow-spark/airflow-spark/curso2/ambientepython/lib/python3.9/site-packages/airflow/example_dags/example_time_delta_sensor_async.py for tasks to queue
[2025-01-15 23:20:55,816] {logging_mixin.py:115} INFO - [2025-01-15 23:20:55,816] {dagbag.py:507} INFO - Filling up the DagBag from /mnt/c/Users/ander/Desktop/airflow-spark/airflow-spark/curso2/ambientepython/lib/python3.9/site-packages/airflow/example_dags/example_time_delta_sensor_async.py
[2025-01-15 23:20:55,877] {processor.py:651} INFO - DAG(s) dict_keys(['example_time_delta_sensor_async']) retrieved from /mnt/c/Users/ander/Desktop/airflow-spark/airflow-spark/curso2/ambientepython/lib/python3.9/site-packages/airflow/example_dags/example_time_delta_sensor_async.py
[2025-01-15 23:20:56,178] {logging_mixin.py:115} INFO - [2025-01-15 23:20:56,178] {dag.py:2379} INFO - Sync 1 DAGs
[2025-01-15 23:20:56,216] {logging_mixin.py:115} INFO - [2025-01-15 23:20:56,215] {dag.py:2927} INFO - Setting next_dagrun for example_time_delta_sensor_async to None, run_after=None
[2025-01-15 23:20:56,280] {processor.py:161} INFO - Processing /mnt/c/Users/ander/Desktop/airflow-spark/airflow-spark/curso2/ambientepython/lib/python3.9/site-packages/airflow/example_dags/example_time_delta_sensor_async.py took 0.471 seconds
[2025-01-15 23:21:52,601] {processor.py:153} INFO - Started process (PID=28150) to work on /mnt/c/Users/ander/Desktop/airflow-spark/airflow-spark/curso2/ambientepython/lib/python3.9/site-packages/airflow/example_dags/example_time_delta_sensor_async.py
[2025-01-15 23:21:52,602] {processor.py:641} INFO - Processing file /mnt/c/Users/ander/Desktop/airflow-spark/airflow-spark/curso2/ambientepython/lib/python3.9/site-packages/airflow/example_dags/example_time_delta_sensor_async.py for tasks to queue
[2025-01-15 23:21:52,603] {logging_mixin.py:115} INFO - [2025-01-15 23:21:52,603] {dagbag.py:507} INFO - Filling up the DagBag from /mnt/c/Users/ander/Desktop/airflow-spark/airflow-spark/curso2/ambientepython/lib/python3.9/site-packages/airflow/example_dags/example_time_delta_sensor_async.py
[2025-01-15 23:21:52,668] {processor.py:651} INFO - DAG(s) dict_keys(['example_time_delta_sensor_async']) retrieved from /mnt/c/Users/ander/Desktop/airflow-spark/airflow-spark/curso2/ambientepython/lib/python3.9/site-packages/airflow/example_dags/example_time_delta_sensor_async.py
[2025-01-15 23:21:52,947] {logging_mixin.py:115} INFO - [2025-01-15 23:21:52,947] {dag.py:2379} INFO - Sync 1 DAGs
[2025-01-15 23:21:52,987] {logging_mixin.py:115} INFO - [2025-01-15 23:21:52,987] {dag.py:2927} INFO - Setting next_dagrun for example_time_delta_sensor_async to None, run_after=None
[2025-01-15 23:21:53,055] {processor.py:161} INFO - Processing /mnt/c/Users/ander/Desktop/airflow-spark/airflow-spark/curso2/ambientepython/lib/python3.9/site-packages/airflow/example_dags/example_time_delta_sensor_async.py took 0.459 seconds
[2025-01-15 23:22:31,850] {processor.py:153} INFO - Started process (PID=28451) to work on /mnt/c/Users/ander/Desktop/airflow-spark/airflow-spark/curso2/ambientepython/lib/python3.9/site-packages/airflow/example_dags/example_time_delta_sensor_async.py
[2025-01-15 23:22:31,852] {processor.py:641} INFO - Processing file /mnt/c/Users/ander/Desktop/airflow-spark/airflow-spark/curso2/ambientepython/lib/python3.9/site-packages/airflow/example_dags/example_time_delta_sensor_async.py for tasks to queue
[2025-01-15 23:22:31,852] {logging_mixin.py:115} INFO - [2025-01-15 23:22:31,852] {dagbag.py:507} INFO - Filling up the DagBag from /mnt/c/Users/ander/Desktop/airflow-spark/airflow-spark/curso2/ambientepython/lib/python3.9/site-packages/airflow/example_dags/example_time_delta_sensor_async.py
[2025-01-15 23:22:31,891] {processor.py:651} INFO - DAG(s) dict_keys(['example_time_delta_sensor_async']) retrieved from /mnt/c/Users/ander/Desktop/airflow-spark/airflow-spark/curso2/ambientepython/lib/python3.9/site-packages/airflow/example_dags/example_time_delta_sensor_async.py
[2025-01-15 23:22:32,256] {logging_mixin.py:115} INFO - [2025-01-15 23:22:32,256] {dag.py:2379} INFO - Sync 1 DAGs
[2025-01-15 23:22:32,288] {logging_mixin.py:115} INFO - [2025-01-15 23:22:32,287] {dag.py:2927} INFO - Setting next_dagrun for example_time_delta_sensor_async to None, run_after=None
[2025-01-15 23:22:32,344] {processor.py:161} INFO - Processing /mnt/c/Users/ander/Desktop/airflow-spark/airflow-spark/curso2/ambientepython/lib/python3.9/site-packages/airflow/example_dags/example_time_delta_sensor_async.py took 0.498 seconds
[2025-01-15 23:23:09,762] {processor.py:153} INFO - Started process (PID=28588) to work on /mnt/c/Users/ander/Desktop/airflow-spark/airflow-spark/curso2/ambientepython/lib/python3.9/site-packages/airflow/example_dags/example_time_delta_sensor_async.py
[2025-01-15 23:23:09,763] {processor.py:641} INFO - Processing file /mnt/c/Users/ander/Desktop/airflow-spark/airflow-spark/curso2/ambientepython/lib/python3.9/site-packages/airflow/example_dags/example_time_delta_sensor_async.py for tasks to queue
[2025-01-15 23:23:09,764] {logging_mixin.py:115} INFO - [2025-01-15 23:23:09,764] {dagbag.py:507} INFO - Filling up the DagBag from /mnt/c/Users/ander/Desktop/airflow-spark/airflow-spark/curso2/ambientepython/lib/python3.9/site-packages/airflow/example_dags/example_time_delta_sensor_async.py
[2025-01-15 23:23:09,810] {processor.py:651} INFO - DAG(s) dict_keys(['example_time_delta_sensor_async']) retrieved from /mnt/c/Users/ander/Desktop/airflow-spark/airflow-spark/curso2/ambientepython/lib/python3.9/site-packages/airflow/example_dags/example_time_delta_sensor_async.py
[2025-01-15 23:23:10,043] {logging_mixin.py:115} INFO - [2025-01-15 23:23:10,043] {dag.py:2379} INFO - Sync 1 DAGs
[2025-01-15 23:23:10,075] {logging_mixin.py:115} INFO - [2025-01-15 23:23:10,075] {dag.py:2927} INFO - Setting next_dagrun for example_time_delta_sensor_async to None, run_after=None
[2025-01-15 23:23:10,128] {processor.py:161} INFO - Processing /mnt/c/Users/ander/Desktop/airflow-spark/airflow-spark/curso2/ambientepython/lib/python3.9/site-packages/airflow/example_dags/example_time_delta_sensor_async.py took 0.370 seconds
[2025-01-15 23:23:55,358] {processor.py:153} INFO - Started process (PID=28756) to work on /mnt/c/Users/ander/Desktop/airflow-spark/airflow-spark/curso2/ambientepython/lib/python3.9/site-packages/airflow/example_dags/example_time_delta_sensor_async.py
[2025-01-15 23:23:55,359] {processor.py:641} INFO - Processing file /mnt/c/Users/ander/Desktop/airflow-spark/airflow-spark/curso2/ambientepython/lib/python3.9/site-packages/airflow/example_dags/example_time_delta_sensor_async.py for tasks to queue
[2025-01-15 23:23:55,360] {logging_mixin.py:115} INFO - [2025-01-15 23:23:55,360] {dagbag.py:507} INFO - Filling up the DagBag from /mnt/c/Users/ander/Desktop/airflow-spark/airflow-spark/curso2/ambientepython/lib/python3.9/site-packages/airflow/example_dags/example_time_delta_sensor_async.py
[2025-01-15 23:23:55,405] {processor.py:651} INFO - DAG(s) dict_keys(['example_time_delta_sensor_async']) retrieved from /mnt/c/Users/ander/Desktop/airflow-spark/airflow-spark/curso2/ambientepython/lib/python3.9/site-packages/airflow/example_dags/example_time_delta_sensor_async.py
[2025-01-15 23:23:55,626] {logging_mixin.py:115} INFO - [2025-01-15 23:23:55,625] {dag.py:2379} INFO - Sync 1 DAGs
[2025-01-15 23:23:55,656] {logging_mixin.py:115} INFO - [2025-01-15 23:23:55,656] {dag.py:2927} INFO - Setting next_dagrun for example_time_delta_sensor_async to None, run_after=None
[2025-01-15 23:23:55,709] {processor.py:161} INFO - Processing /mnt/c/Users/ander/Desktop/airflow-spark/airflow-spark/curso2/ambientepython/lib/python3.9/site-packages/airflow/example_dags/example_time_delta_sensor_async.py took 0.355 seconds
[2025-01-15 23:24:41,930] {processor.py:153} INFO - Started process (PID=28928) to work on /mnt/c/Users/ander/Desktop/airflow-spark/airflow-spark/curso2/ambientepython/lib/python3.9/site-packages/airflow/example_dags/example_time_delta_sensor_async.py
[2025-01-15 23:24:41,932] {processor.py:641} INFO - Processing file /mnt/c/Users/ander/Desktop/airflow-spark/airflow-spark/curso2/ambientepython/lib/python3.9/site-packages/airflow/example_dags/example_time_delta_sensor_async.py for tasks to queue
[2025-01-15 23:24:41,933] {logging_mixin.py:115} INFO - [2025-01-15 23:24:41,933] {dagbag.py:507} INFO - Filling up the DagBag from /mnt/c/Users/ander/Desktop/airflow-spark/airflow-spark/curso2/ambientepython/lib/python3.9/site-packages/airflow/example_dags/example_time_delta_sensor_async.py
[2025-01-15 23:24:41,979] {processor.py:651} INFO - DAG(s) dict_keys(['example_time_delta_sensor_async']) retrieved from /mnt/c/Users/ander/Desktop/airflow-spark/airflow-spark/curso2/ambientepython/lib/python3.9/site-packages/airflow/example_dags/example_time_delta_sensor_async.py
[2025-01-15 23:24:42,193] {logging_mixin.py:115} INFO - [2025-01-15 23:24:42,193] {dag.py:2379} INFO - Sync 1 DAGs
[2025-01-15 23:24:42,223] {logging_mixin.py:115} INFO - [2025-01-15 23:24:42,223] {dag.py:2927} INFO - Setting next_dagrun for example_time_delta_sensor_async to None, run_after=None
[2025-01-15 23:24:42,269] {processor.py:161} INFO - Processing /mnt/c/Users/ander/Desktop/airflow-spark/airflow-spark/curso2/ambientepython/lib/python3.9/site-packages/airflow/example_dags/example_time_delta_sensor_async.py took 0.343 seconds
[2025-01-15 23:25:25,452] {processor.py:153} INFO - Started process (PID=29086) to work on /mnt/c/Users/ander/Desktop/airflow-spark/airflow-spark/curso2/ambientepython/lib/python3.9/site-packages/airflow/example_dags/example_time_delta_sensor_async.py
[2025-01-15 23:25:25,453] {processor.py:641} INFO - Processing file /mnt/c/Users/ander/Desktop/airflow-spark/airflow-spark/curso2/ambientepython/lib/python3.9/site-packages/airflow/example_dags/example_time_delta_sensor_async.py for tasks to queue
[2025-01-15 23:25:25,454] {logging_mixin.py:115} INFO - [2025-01-15 23:25:25,454] {dagbag.py:507} INFO - Filling up the DagBag from /mnt/c/Users/ander/Desktop/airflow-spark/airflow-spark/curso2/ambientepython/lib/python3.9/site-packages/airflow/example_dags/example_time_delta_sensor_async.py
[2025-01-15 23:25:25,495] {processor.py:651} INFO - DAG(s) dict_keys(['example_time_delta_sensor_async']) retrieved from /mnt/c/Users/ander/Desktop/airflow-spark/airflow-spark/curso2/ambientepython/lib/python3.9/site-packages/airflow/example_dags/example_time_delta_sensor_async.py
[2025-01-15 23:25:25,794] {logging_mixin.py:115} INFO - [2025-01-15 23:25:25,794] {dag.py:2379} INFO - Sync 1 DAGs
[2025-01-15 23:25:25,821] {logging_mixin.py:115} INFO - [2025-01-15 23:25:25,821] {dag.py:2927} INFO - Setting next_dagrun for example_time_delta_sensor_async to None, run_after=None
[2025-01-15 23:25:25,863] {processor.py:161} INFO - Processing /mnt/c/Users/ander/Desktop/airflow-spark/airflow-spark/curso2/ambientepython/lib/python3.9/site-packages/airflow/example_dags/example_time_delta_sensor_async.py took 0.415 seconds
[2025-01-15 23:26:08,659] {processor.py:153} INFO - Started process (PID=29240) to work on /mnt/c/Users/ander/Desktop/airflow-spark/airflow-spark/curso2/ambientepython/lib/python3.9/site-packages/airflow/example_dags/example_time_delta_sensor_async.py
[2025-01-15 23:26:08,660] {processor.py:641} INFO - Processing file /mnt/c/Users/ander/Desktop/airflow-spark/airflow-spark/curso2/ambientepython/lib/python3.9/site-packages/airflow/example_dags/example_time_delta_sensor_async.py for tasks to queue
[2025-01-15 23:26:08,662] {logging_mixin.py:115} INFO - [2025-01-15 23:26:08,661] {dagbag.py:507} INFO - Filling up the DagBag from /mnt/c/Users/ander/Desktop/airflow-spark/airflow-spark/curso2/ambientepython/lib/python3.9/site-packages/airflow/example_dags/example_time_delta_sensor_async.py
[2025-01-15 23:26:08,698] {processor.py:651} INFO - DAG(s) dict_keys(['example_time_delta_sensor_async']) retrieved from /mnt/c/Users/ander/Desktop/airflow-spark/airflow-spark/curso2/ambientepython/lib/python3.9/site-packages/airflow/example_dags/example_time_delta_sensor_async.py
[2025-01-15 23:26:08,882] {logging_mixin.py:115} INFO - [2025-01-15 23:26:08,882] {dag.py:2379} INFO - Sync 1 DAGs
[2025-01-15 23:26:08,914] {logging_mixin.py:115} INFO - [2025-01-15 23:26:08,913] {dag.py:2927} INFO - Setting next_dagrun for example_time_delta_sensor_async to None, run_after=None
[2025-01-15 23:26:08,961] {processor.py:161} INFO - Processing /mnt/c/Users/ander/Desktop/airflow-spark/airflow-spark/curso2/ambientepython/lib/python3.9/site-packages/airflow/example_dags/example_time_delta_sensor_async.py took 0.306 seconds
[2025-01-15 23:26:50,998] {processor.py:153} INFO - Started process (PID=29394) to work on /mnt/c/Users/ander/Desktop/airflow-spark/airflow-spark/curso2/ambientepython/lib/python3.9/site-packages/airflow/example_dags/example_time_delta_sensor_async.py
[2025-01-15 23:26:50,999] {processor.py:641} INFO - Processing file /mnt/c/Users/ander/Desktop/airflow-spark/airflow-spark/curso2/ambientepython/lib/python3.9/site-packages/airflow/example_dags/example_time_delta_sensor_async.py for tasks to queue
[2025-01-15 23:26:51,000] {logging_mixin.py:115} INFO - [2025-01-15 23:26:51,000] {dagbag.py:507} INFO - Filling up the DagBag from /mnt/c/Users/ander/Desktop/airflow-spark/airflow-spark/curso2/ambientepython/lib/python3.9/site-packages/airflow/example_dags/example_time_delta_sensor_async.py
[2025-01-15 23:26:51,045] {processor.py:651} INFO - DAG(s) dict_keys(['example_time_delta_sensor_async']) retrieved from /mnt/c/Users/ander/Desktop/airflow-spark/airflow-spark/curso2/ambientepython/lib/python3.9/site-packages/airflow/example_dags/example_time_delta_sensor_async.py
[2025-01-15 23:26:51,308] {logging_mixin.py:115} INFO - [2025-01-15 23:26:51,308] {dag.py:2379} INFO - Sync 1 DAGs
[2025-01-15 23:26:51,364] {logging_mixin.py:115} INFO - [2025-01-15 23:26:51,364] {dag.py:2927} INFO - Setting next_dagrun for example_time_delta_sensor_async to None, run_after=None
[2025-01-15 23:26:51,422] {processor.py:161} INFO - Processing /mnt/c/Users/ander/Desktop/airflow-spark/airflow-spark/curso2/ambientepython/lib/python3.9/site-packages/airflow/example_dags/example_time_delta_sensor_async.py took 0.428 seconds
[2025-01-15 23:27:42,049] {processor.py:153} INFO - Started process (PID=29626) to work on /mnt/c/Users/ander/Desktop/airflow-spark/airflow-spark/curso2/ambientepython/lib/python3.9/site-packages/airflow/example_dags/example_time_delta_sensor_async.py
[2025-01-15 23:27:42,051] {processor.py:641} INFO - Processing file /mnt/c/Users/ander/Desktop/airflow-spark/airflow-spark/curso2/ambientepython/lib/python3.9/site-packages/airflow/example_dags/example_time_delta_sensor_async.py for tasks to queue
[2025-01-15 23:27:42,052] {logging_mixin.py:115} INFO - [2025-01-15 23:27:42,052] {dagbag.py:507} INFO - Filling up the DagBag from /mnt/c/Users/ander/Desktop/airflow-spark/airflow-spark/curso2/ambientepython/lib/python3.9/site-packages/airflow/example_dags/example_time_delta_sensor_async.py
[2025-01-15 23:27:42,119] {processor.py:651} INFO - DAG(s) dict_keys(['example_time_delta_sensor_async']) retrieved from /mnt/c/Users/ander/Desktop/airflow-spark/airflow-spark/curso2/ambientepython/lib/python3.9/site-packages/airflow/example_dags/example_time_delta_sensor_async.py
[2025-01-15 23:27:42,406] {logging_mixin.py:115} INFO - [2025-01-15 23:27:42,406] {dag.py:2379} INFO - Sync 1 DAGs
[2025-01-15 23:27:42,441] {logging_mixin.py:115} INFO - [2025-01-15 23:27:42,441] {dag.py:2927} INFO - Setting next_dagrun for example_time_delta_sensor_async to None, run_after=None
[2025-01-15 23:27:42,499] {processor.py:161} INFO - Processing /mnt/c/Users/ander/Desktop/airflow-spark/airflow-spark/curso2/ambientepython/lib/python3.9/site-packages/airflow/example_dags/example_time_delta_sensor_async.py took 0.455 seconds
[2025-01-15 23:28:36,126] {processor.py:153} INFO - Started process (PID=29822) to work on /mnt/c/Users/ander/Desktop/airflow-spark/airflow-spark/curso2/ambientepython/lib/python3.9/site-packages/airflow/example_dags/example_time_delta_sensor_async.py
[2025-01-15 23:28:36,127] {processor.py:641} INFO - Processing file /mnt/c/Users/ander/Desktop/airflow-spark/airflow-spark/curso2/ambientepython/lib/python3.9/site-packages/airflow/example_dags/example_time_delta_sensor_async.py for tasks to queue
[2025-01-15 23:28:36,128] {logging_mixin.py:115} INFO - [2025-01-15 23:28:36,128] {dagbag.py:507} INFO - Filling up the DagBag from /mnt/c/Users/ander/Desktop/airflow-spark/airflow-spark/curso2/ambientepython/lib/python3.9/site-packages/airflow/example_dags/example_time_delta_sensor_async.py
[2025-01-15 23:28:36,188] {processor.py:651} INFO - DAG(s) dict_keys(['example_time_delta_sensor_async']) retrieved from /mnt/c/Users/ander/Desktop/airflow-spark/airflow-spark/curso2/ambientepython/lib/python3.9/site-packages/airflow/example_dags/example_time_delta_sensor_async.py
[2025-01-15 23:28:36,456] {logging_mixin.py:115} INFO - [2025-01-15 23:28:36,456] {dag.py:2379} INFO - Sync 1 DAGs
[2025-01-15 23:28:36,490] {logging_mixin.py:115} INFO - [2025-01-15 23:28:36,490] {dag.py:2927} INFO - Setting next_dagrun for example_time_delta_sensor_async to None, run_after=None
[2025-01-15 23:28:36,546] {processor.py:161} INFO - Processing /mnt/c/Users/ander/Desktop/airflow-spark/airflow-spark/curso2/ambientepython/lib/python3.9/site-packages/airflow/example_dags/example_time_delta_sensor_async.py took 0.425 seconds
[2025-01-15 23:29:23,891] {processor.py:153} INFO - Started process (PID=29992) to work on /mnt/c/Users/ander/Desktop/airflow-spark/airflow-spark/curso2/ambientepython/lib/python3.9/site-packages/airflow/example_dags/example_time_delta_sensor_async.py
[2025-01-15 23:29:23,892] {processor.py:641} INFO - Processing file /mnt/c/Users/ander/Desktop/airflow-spark/airflow-spark/curso2/ambientepython/lib/python3.9/site-packages/airflow/example_dags/example_time_delta_sensor_async.py for tasks to queue
[2025-01-15 23:29:23,893] {logging_mixin.py:115} INFO - [2025-01-15 23:29:23,892] {dagbag.py:507} INFO - Filling up the DagBag from /mnt/c/Users/ander/Desktop/airflow-spark/airflow-spark/curso2/ambientepython/lib/python3.9/site-packages/airflow/example_dags/example_time_delta_sensor_async.py
[2025-01-15 23:29:23,958] {processor.py:651} INFO - DAG(s) dict_keys(['example_time_delta_sensor_async']) retrieved from /mnt/c/Users/ander/Desktop/airflow-spark/airflow-spark/curso2/ambientepython/lib/python3.9/site-packages/airflow/example_dags/example_time_delta_sensor_async.py
[2025-01-15 23:29:24,374] {logging_mixin.py:115} INFO - [2025-01-15 23:29:24,374] {dag.py:2379} INFO - Sync 1 DAGs
[2025-01-15 23:29:24,417] {logging_mixin.py:115} INFO - [2025-01-15 23:29:24,416] {dag.py:2927} INFO - Setting next_dagrun for example_time_delta_sensor_async to None, run_after=None
[2025-01-15 23:29:24,480] {processor.py:161} INFO - Processing /mnt/c/Users/ander/Desktop/airflow-spark/airflow-spark/curso2/ambientepython/lib/python3.9/site-packages/airflow/example_dags/example_time_delta_sensor_async.py took 0.593 seconds
[2025-01-15 23:30:08,785] {processor.py:153} INFO - Started process (PID=30155) to work on /mnt/c/Users/ander/Desktop/airflow-spark/airflow-spark/curso2/ambientepython/lib/python3.9/site-packages/airflow/example_dags/example_time_delta_sensor_async.py
[2025-01-15 23:30:08,786] {processor.py:641} INFO - Processing file /mnt/c/Users/ander/Desktop/airflow-spark/airflow-spark/curso2/ambientepython/lib/python3.9/site-packages/airflow/example_dags/example_time_delta_sensor_async.py for tasks to queue
[2025-01-15 23:30:08,787] {logging_mixin.py:115} INFO - [2025-01-15 23:30:08,787] {dagbag.py:507} INFO - Filling up the DagBag from /mnt/c/Users/ander/Desktop/airflow-spark/airflow-spark/curso2/ambientepython/lib/python3.9/site-packages/airflow/example_dags/example_time_delta_sensor_async.py
[2025-01-15 23:30:08,890] {processor.py:651} INFO - DAG(s) dict_keys(['example_time_delta_sensor_async']) retrieved from /mnt/c/Users/ander/Desktop/airflow-spark/airflow-spark/curso2/ambientepython/lib/python3.9/site-packages/airflow/example_dags/example_time_delta_sensor_async.py
[2025-01-15 23:30:09,105] {logging_mixin.py:115} INFO - [2025-01-15 23:30:09,105] {dag.py:2379} INFO - Sync 1 DAGs
[2025-01-15 23:30:09,142] {logging_mixin.py:115} INFO - [2025-01-15 23:30:09,142] {dag.py:2927} INFO - Setting next_dagrun for example_time_delta_sensor_async to None, run_after=None
[2025-01-15 23:30:09,197] {processor.py:161} INFO - Processing /mnt/c/Users/ander/Desktop/airflow-spark/airflow-spark/curso2/ambientepython/lib/python3.9/site-packages/airflow/example_dags/example_time_delta_sensor_async.py took 0.416 seconds
[2025-01-15 23:32:37,356] {processor.py:153} INFO - Started process (PID=31920) to work on /mnt/c/Users/ander/Desktop/airflow-spark/airflow-spark/curso2/ambientepython/lib/python3.9/site-packages/airflow/example_dags/example_time_delta_sensor_async.py
[2025-01-15 23:32:37,357] {processor.py:641} INFO - Processing file /mnt/c/Users/ander/Desktop/airflow-spark/airflow-spark/curso2/ambientepython/lib/python3.9/site-packages/airflow/example_dags/example_time_delta_sensor_async.py for tasks to queue
[2025-01-15 23:32:37,358] {logging_mixin.py:115} INFO - [2025-01-15 23:32:37,357] {dagbag.py:507} INFO - Filling up the DagBag from /mnt/c/Users/ander/Desktop/airflow-spark/airflow-spark/curso2/ambientepython/lib/python3.9/site-packages/airflow/example_dags/example_time_delta_sensor_async.py
[2025-01-15 23:32:37,399] {processor.py:651} INFO - DAG(s) dict_keys(['example_time_delta_sensor_async']) retrieved from /mnt/c/Users/ander/Desktop/airflow-spark/airflow-spark/curso2/ambientepython/lib/python3.9/site-packages/airflow/example_dags/example_time_delta_sensor_async.py
[2025-01-15 23:32:38,292] {logging_mixin.py:115} INFO - [2025-01-15 23:32:38,291] {dag.py:2379} INFO - Sync 1 DAGs
[2025-01-15 23:32:38,324] {logging_mixin.py:115} INFO - [2025-01-15 23:32:38,324] {dag.py:2927} INFO - Setting next_dagrun for example_time_delta_sensor_async to None, run_after=None
[2025-01-15 23:32:38,380] {processor.py:161} INFO - Processing /mnt/c/Users/ander/Desktop/airflow-spark/airflow-spark/curso2/ambientepython/lib/python3.9/site-packages/airflow/example_dags/example_time_delta_sensor_async.py took 0.378 seconds
[2025-01-15 23:33:22,216] {processor.py:153} INFO - Started process (PID=32080) to work on /mnt/c/Users/ander/Desktop/airflow-spark/airflow-spark/curso2/ambientepython/lib/python3.9/site-packages/airflow/example_dags/example_time_delta_sensor_async.py
[2025-01-15 23:33:22,217] {processor.py:641} INFO - Processing file /mnt/c/Users/ander/Desktop/airflow-spark/airflow-spark/curso2/ambientepython/lib/python3.9/site-packages/airflow/example_dags/example_time_delta_sensor_async.py for tasks to queue
[2025-01-15 23:33:22,218] {logging_mixin.py:115} INFO - [2025-01-15 23:33:22,218] {dagbag.py:507} INFO - Filling up the DagBag from /mnt/c/Users/ander/Desktop/airflow-spark/airflow-spark/curso2/ambientepython/lib/python3.9/site-packages/airflow/example_dags/example_time_delta_sensor_async.py
[2025-01-15 23:33:22,266] {processor.py:651} INFO - DAG(s) dict_keys(['example_time_delta_sensor_async']) retrieved from /mnt/c/Users/ander/Desktop/airflow-spark/airflow-spark/curso2/ambientepython/lib/python3.9/site-packages/airflow/example_dags/example_time_delta_sensor_async.py
[2025-01-15 23:33:22,474] {logging_mixin.py:115} INFO - [2025-01-15 23:33:22,474] {dag.py:2379} INFO - Sync 1 DAGs
[2025-01-15 23:33:22,505] {logging_mixin.py:115} INFO - [2025-01-15 23:33:22,505] {dag.py:2927} INFO - Setting next_dagrun for example_time_delta_sensor_async to None, run_after=None
[2025-01-15 23:33:22,548] {processor.py:161} INFO - Processing /mnt/c/Users/ander/Desktop/airflow-spark/airflow-spark/curso2/ambientepython/lib/python3.9/site-packages/airflow/example_dags/example_time_delta_sensor_async.py took 0.336 seconds
[2025-01-15 23:34:08,250] {processor.py:153} INFO - Started process (PID=32248) to work on /mnt/c/Users/ander/Desktop/airflow-spark/airflow-spark/curso2/ambientepython/lib/python3.9/site-packages/airflow/example_dags/example_time_delta_sensor_async.py
[2025-01-15 23:34:08,251] {processor.py:641} INFO - Processing file /mnt/c/Users/ander/Desktop/airflow-spark/airflow-spark/curso2/ambientepython/lib/python3.9/site-packages/airflow/example_dags/example_time_delta_sensor_async.py for tasks to queue
[2025-01-15 23:34:08,252] {logging_mixin.py:115} INFO - [2025-01-15 23:34:08,252] {dagbag.py:507} INFO - Filling up the DagBag from /mnt/c/Users/ander/Desktop/airflow-spark/airflow-spark/curso2/ambientepython/lib/python3.9/site-packages/airflow/example_dags/example_time_delta_sensor_async.py
[2025-01-15 23:34:08,306] {processor.py:651} INFO - DAG(s) dict_keys(['example_time_delta_sensor_async']) retrieved from /mnt/c/Users/ander/Desktop/airflow-spark/airflow-spark/curso2/ambientepython/lib/python3.9/site-packages/airflow/example_dags/example_time_delta_sensor_async.py
[2025-01-15 23:34:08,575] {logging_mixin.py:115} INFO - [2025-01-15 23:34:08,575] {dag.py:2379} INFO - Sync 1 DAGs
[2025-01-15 23:34:08,605] {logging_mixin.py:115} INFO - [2025-01-15 23:34:08,605] {dag.py:2927} INFO - Setting next_dagrun for example_time_delta_sensor_async to None, run_after=None
[2025-01-15 23:34:08,649] {processor.py:161} INFO - Processing /mnt/c/Users/ander/Desktop/airflow-spark/airflow-spark/curso2/ambientepython/lib/python3.9/site-packages/airflow/example_dags/example_time_delta_sensor_async.py took 0.406 seconds
[2025-01-15 23:34:52,874] {processor.py:153} INFO - Started process (PID=32409) to work on /mnt/c/Users/ander/Desktop/airflow-spark/airflow-spark/curso2/ambientepython/lib/python3.9/site-packages/airflow/example_dags/example_time_delta_sensor_async.py
[2025-01-15 23:34:52,875] {processor.py:641} INFO - Processing file /mnt/c/Users/ander/Desktop/airflow-spark/airflow-spark/curso2/ambientepython/lib/python3.9/site-packages/airflow/example_dags/example_time_delta_sensor_async.py for tasks to queue
[2025-01-15 23:34:52,876] {logging_mixin.py:115} INFO - [2025-01-15 23:34:52,876] {dagbag.py:507} INFO - Filling up the DagBag from /mnt/c/Users/ander/Desktop/airflow-spark/airflow-spark/curso2/ambientepython/lib/python3.9/site-packages/airflow/example_dags/example_time_delta_sensor_async.py
[2025-01-15 23:34:52,922] {processor.py:651} INFO - DAG(s) dict_keys(['example_time_delta_sensor_async']) retrieved from /mnt/c/Users/ander/Desktop/airflow-spark/airflow-spark/curso2/ambientepython/lib/python3.9/site-packages/airflow/example_dags/example_time_delta_sensor_async.py
[2025-01-15 23:34:53,152] {logging_mixin.py:115} INFO - [2025-01-15 23:34:53,152] {dag.py:2379} INFO - Sync 1 DAGs
[2025-01-15 23:34:53,182] {logging_mixin.py:115} INFO - [2025-01-15 23:34:53,182] {dag.py:2927} INFO - Setting next_dagrun for example_time_delta_sensor_async to None, run_after=None
[2025-01-15 23:34:53,232] {processor.py:161} INFO - Processing /mnt/c/Users/ander/Desktop/airflow-spark/airflow-spark/curso2/ambientepython/lib/python3.9/site-packages/airflow/example_dags/example_time_delta_sensor_async.py took 0.362 seconds
[2025-01-15 23:35:39,368] {processor.py:153} INFO - Started process (PID=32577) to work on /mnt/c/Users/ander/Desktop/airflow-spark/airflow-spark/curso2/ambientepython/lib/python3.9/site-packages/airflow/example_dags/example_time_delta_sensor_async.py
[2025-01-15 23:35:39,369] {processor.py:641} INFO - Processing file /mnt/c/Users/ander/Desktop/airflow-spark/airflow-spark/curso2/ambientepython/lib/python3.9/site-packages/airflow/example_dags/example_time_delta_sensor_async.py for tasks to queue
[2025-01-15 23:35:39,370] {logging_mixin.py:115} INFO - [2025-01-15 23:35:39,370] {dagbag.py:507} INFO - Filling up the DagBag from /mnt/c/Users/ander/Desktop/airflow-spark/airflow-spark/curso2/ambientepython/lib/python3.9/site-packages/airflow/example_dags/example_time_delta_sensor_async.py
[2025-01-15 23:35:39,408] {processor.py:651} INFO - DAG(s) dict_keys(['example_time_delta_sensor_async']) retrieved from /mnt/c/Users/ander/Desktop/airflow-spark/airflow-spark/curso2/ambientepython/lib/python3.9/site-packages/airflow/example_dags/example_time_delta_sensor_async.py
[2025-01-15 23:35:39,609] {logging_mixin.py:115} INFO - [2025-01-15 23:35:39,609] {dag.py:2379} INFO - Sync 1 DAGs
[2025-01-15 23:35:39,639] {logging_mixin.py:115} INFO - [2025-01-15 23:35:39,639] {dag.py:2927} INFO - Setting next_dagrun for example_time_delta_sensor_async to None, run_after=None
[2025-01-15 23:35:39,691] {processor.py:161} INFO - Processing /mnt/c/Users/ander/Desktop/airflow-spark/airflow-spark/curso2/ambientepython/lib/python3.9/site-packages/airflow/example_dags/example_time_delta_sensor_async.py took 0.328 seconds
[2025-01-15 23:36:19,894] {processor.py:153} INFO - Started process (PID=32720) to work on /mnt/c/Users/ander/Desktop/airflow-spark/airflow-spark/curso2/ambientepython/lib/python3.9/site-packages/airflow/example_dags/example_time_delta_sensor_async.py
[2025-01-15 23:36:19,895] {processor.py:641} INFO - Processing file /mnt/c/Users/ander/Desktop/airflow-spark/airflow-spark/curso2/ambientepython/lib/python3.9/site-packages/airflow/example_dags/example_time_delta_sensor_async.py for tasks to queue
[2025-01-15 23:36:19,896] {logging_mixin.py:115} INFO - [2025-01-15 23:36:19,896] {dagbag.py:507} INFO - Filling up the DagBag from /mnt/c/Users/ander/Desktop/airflow-spark/airflow-spark/curso2/ambientepython/lib/python3.9/site-packages/airflow/example_dags/example_time_delta_sensor_async.py
[2025-01-15 23:36:19,946] {processor.py:651} INFO - DAG(s) dict_keys(['example_time_delta_sensor_async']) retrieved from /mnt/c/Users/ander/Desktop/airflow-spark/airflow-spark/curso2/ambientepython/lib/python3.9/site-packages/airflow/example_dags/example_time_delta_sensor_async.py
[2025-01-15 23:36:20,208] {logging_mixin.py:115} INFO - [2025-01-15 23:36:20,208] {dag.py:2379} INFO - Sync 1 DAGs
[2025-01-15 23:36:20,244] {logging_mixin.py:115} INFO - [2025-01-15 23:36:20,244] {dag.py:2927} INFO - Setting next_dagrun for example_time_delta_sensor_async to None, run_after=None
[2025-01-15 23:36:20,288] {processor.py:161} INFO - Processing /mnt/c/Users/ander/Desktop/airflow-spark/airflow-spark/curso2/ambientepython/lib/python3.9/site-packages/airflow/example_dags/example_time_delta_sensor_async.py took 0.397 seconds
[2025-01-15 23:36:59,192] {processor.py:153} INFO - Started process (PID=32862) to work on /mnt/c/Users/ander/Desktop/airflow-spark/airflow-spark/curso2/ambientepython/lib/python3.9/site-packages/airflow/example_dags/example_time_delta_sensor_async.py
[2025-01-15 23:36:59,193] {processor.py:641} INFO - Processing file /mnt/c/Users/ander/Desktop/airflow-spark/airflow-spark/curso2/ambientepython/lib/python3.9/site-packages/airflow/example_dags/example_time_delta_sensor_async.py for tasks to queue
[2025-01-15 23:36:59,194] {logging_mixin.py:115} INFO - [2025-01-15 23:36:59,194] {dagbag.py:507} INFO - Filling up the DagBag from /mnt/c/Users/ander/Desktop/airflow-spark/airflow-spark/curso2/ambientepython/lib/python3.9/site-packages/airflow/example_dags/example_time_delta_sensor_async.py
[2025-01-15 23:36:59,244] {processor.py:651} INFO - DAG(s) dict_keys(['example_time_delta_sensor_async']) retrieved from /mnt/c/Users/ander/Desktop/airflow-spark/airflow-spark/curso2/ambientepython/lib/python3.9/site-packages/airflow/example_dags/example_time_delta_sensor_async.py
[2025-01-15 23:36:59,482] {logging_mixin.py:115} INFO - [2025-01-15 23:36:59,482] {dag.py:2379} INFO - Sync 1 DAGs
[2025-01-15 23:36:59,516] {logging_mixin.py:115} INFO - [2025-01-15 23:36:59,516] {dag.py:2927} INFO - Setting next_dagrun for example_time_delta_sensor_async to None, run_after=None
[2025-01-15 23:36:59,575] {processor.py:161} INFO - Processing /mnt/c/Users/ander/Desktop/airflow-spark/airflow-spark/curso2/ambientepython/lib/python3.9/site-packages/airflow/example_dags/example_time_delta_sensor_async.py took 0.387 seconds
[2025-01-15 23:37:39,820] {processor.py:153} INFO - Started process (PID=33052) to work on /mnt/c/Users/ander/Desktop/airflow-spark/airflow-spark/curso2/ambientepython/lib/python3.9/site-packages/airflow/example_dags/example_time_delta_sensor_async.py
[2025-01-15 23:37:39,821] {processor.py:641} INFO - Processing file /mnt/c/Users/ander/Desktop/airflow-spark/airflow-spark/curso2/ambientepython/lib/python3.9/site-packages/airflow/example_dags/example_time_delta_sensor_async.py for tasks to queue
[2025-01-15 23:37:39,822] {logging_mixin.py:115} INFO - [2025-01-15 23:37:39,822] {dagbag.py:507} INFO - Filling up the DagBag from /mnt/c/Users/ander/Desktop/airflow-spark/airflow-spark/curso2/ambientepython/lib/python3.9/site-packages/airflow/example_dags/example_time_delta_sensor_async.py
[2025-01-15 23:37:39,895] {processor.py:651} INFO - DAG(s) dict_keys(['example_time_delta_sensor_async']) retrieved from /mnt/c/Users/ander/Desktop/airflow-spark/airflow-spark/curso2/ambientepython/lib/python3.9/site-packages/airflow/example_dags/example_time_delta_sensor_async.py
[2025-01-15 23:37:40,148] {logging_mixin.py:115} INFO - [2025-01-15 23:37:40,148] {dag.py:2379} INFO - Sync 1 DAGs
[2025-01-15 23:37:40,189] {logging_mixin.py:115} INFO - [2025-01-15 23:37:40,189] {dag.py:2927} INFO - Setting next_dagrun for example_time_delta_sensor_async to None, run_after=None
[2025-01-15 23:37:40,236] {processor.py:161} INFO - Processing /mnt/c/Users/ander/Desktop/airflow-spark/airflow-spark/curso2/ambientepython/lib/python3.9/site-packages/airflow/example_dags/example_time_delta_sensor_async.py took 0.420 seconds
[2025-01-15 23:38:30,722] {processor.py:153} INFO - Started process (PID=33233) to work on /mnt/c/Users/ander/Desktop/airflow-spark/airflow-spark/curso2/ambientepython/lib/python3.9/site-packages/airflow/example_dags/example_time_delta_sensor_async.py
[2025-01-15 23:38:30,724] {processor.py:641} INFO - Processing file /mnt/c/Users/ander/Desktop/airflow-spark/airflow-spark/curso2/ambientepython/lib/python3.9/site-packages/airflow/example_dags/example_time_delta_sensor_async.py for tasks to queue
[2025-01-15 23:38:30,726] {logging_mixin.py:115} INFO - [2025-01-15 23:38:30,726] {dagbag.py:507} INFO - Filling up the DagBag from /mnt/c/Users/ander/Desktop/airflow-spark/airflow-spark/curso2/ambientepython/lib/python3.9/site-packages/airflow/example_dags/example_time_delta_sensor_async.py
[2025-01-15 23:38:30,771] {processor.py:651} INFO - DAG(s) dict_keys(['example_time_delta_sensor_async']) retrieved from /mnt/c/Users/ander/Desktop/airflow-spark/airflow-spark/curso2/ambientepython/lib/python3.9/site-packages/airflow/example_dags/example_time_delta_sensor_async.py
[2025-01-15 23:38:31,037] {logging_mixin.py:115} INFO - [2025-01-15 23:38:31,037] {dag.py:2379} INFO - Sync 1 DAGs
[2025-01-15 23:38:31,072] {logging_mixin.py:115} INFO - [2025-01-15 23:38:31,072] {dag.py:2927} INFO - Setting next_dagrun for example_time_delta_sensor_async to None, run_after=None
[2025-01-15 23:38:31,125] {processor.py:161} INFO - Processing /mnt/c/Users/ander/Desktop/airflow-spark/airflow-spark/curso2/ambientepython/lib/python3.9/site-packages/airflow/example_dags/example_time_delta_sensor_async.py took 0.407 seconds
[2025-01-15 23:39:15,981] {processor.py:153} INFO - Started process (PID=33395) to work on /mnt/c/Users/ander/Desktop/airflow-spark/airflow-spark/curso2/ambientepython/lib/python3.9/site-packages/airflow/example_dags/example_time_delta_sensor_async.py
[2025-01-15 23:39:15,982] {processor.py:641} INFO - Processing file /mnt/c/Users/ander/Desktop/airflow-spark/airflow-spark/curso2/ambientepython/lib/python3.9/site-packages/airflow/example_dags/example_time_delta_sensor_async.py for tasks to queue
[2025-01-15 23:39:15,983] {logging_mixin.py:115} INFO - [2025-01-15 23:39:15,982] {dagbag.py:507} INFO - Filling up the DagBag from /mnt/c/Users/ander/Desktop/airflow-spark/airflow-spark/curso2/ambientepython/lib/python3.9/site-packages/airflow/example_dags/example_time_delta_sensor_async.py
[2025-01-15 23:39:16,032] {processor.py:651} INFO - DAG(s) dict_keys(['example_time_delta_sensor_async']) retrieved from /mnt/c/Users/ander/Desktop/airflow-spark/airflow-spark/curso2/ambientepython/lib/python3.9/site-packages/airflow/example_dags/example_time_delta_sensor_async.py
[2025-01-15 23:39:16,314] {logging_mixin.py:115} INFO - [2025-01-15 23:39:16,314] {dag.py:2379} INFO - Sync 1 DAGs
[2025-01-15 23:39:16,349] {logging_mixin.py:115} INFO - [2025-01-15 23:39:16,348] {dag.py:2927} INFO - Setting next_dagrun for example_time_delta_sensor_async to None, run_after=None
[2025-01-15 23:39:16,410] {processor.py:161} INFO - Processing /mnt/c/Users/ander/Desktop/airflow-spark/airflow-spark/curso2/ambientepython/lib/python3.9/site-packages/airflow/example_dags/example_time_delta_sensor_async.py took 0.434 seconds
[2025-01-15 23:40:09,823] {processor.py:153} INFO - Started process (PID=33591) to work on /mnt/c/Users/ander/Desktop/airflow-spark/airflow-spark/curso2/ambientepython/lib/python3.9/site-packages/airflow/example_dags/example_time_delta_sensor_async.py
[2025-01-15 23:40:09,825] {processor.py:641} INFO - Processing file /mnt/c/Users/ander/Desktop/airflow-spark/airflow-spark/curso2/ambientepython/lib/python3.9/site-packages/airflow/example_dags/example_time_delta_sensor_async.py for tasks to queue
[2025-01-15 23:40:09,826] {logging_mixin.py:115} INFO - [2025-01-15 23:40:09,826] {dagbag.py:507} INFO - Filling up the DagBag from /mnt/c/Users/ander/Desktop/airflow-spark/airflow-spark/curso2/ambientepython/lib/python3.9/site-packages/airflow/example_dags/example_time_delta_sensor_async.py
[2025-01-15 23:40:09,879] {processor.py:651} INFO - DAG(s) dict_keys(['example_time_delta_sensor_async']) retrieved from /mnt/c/Users/ander/Desktop/airflow-spark/airflow-spark/curso2/ambientepython/lib/python3.9/site-packages/airflow/example_dags/example_time_delta_sensor_async.py
[2025-01-15 23:40:10,163] {logging_mixin.py:115} INFO - [2025-01-15 23:40:10,163] {dag.py:2379} INFO - Sync 1 DAGs
[2025-01-15 23:40:10,201] {logging_mixin.py:115} INFO - [2025-01-15 23:40:10,201] {dag.py:2927} INFO - Setting next_dagrun for example_time_delta_sensor_async to None, run_after=None
[2025-01-15 23:40:10,251] {processor.py:161} INFO - Processing /mnt/c/Users/ander/Desktop/airflow-spark/airflow-spark/curso2/ambientepython/lib/python3.9/site-packages/airflow/example_dags/example_time_delta_sensor_async.py took 0.434 seconds
[2025-01-15 23:41:01,906] {processor.py:153} INFO - Started process (PID=33774) to work on /mnt/c/Users/ander/Desktop/airflow-spark/airflow-spark/curso2/ambientepython/lib/python3.9/site-packages/airflow/example_dags/example_time_delta_sensor_async.py
[2025-01-15 23:41:01,907] {processor.py:641} INFO - Processing file /mnt/c/Users/ander/Desktop/airflow-spark/airflow-spark/curso2/ambientepython/lib/python3.9/site-packages/airflow/example_dags/example_time_delta_sensor_async.py for tasks to queue
[2025-01-15 23:41:01,908] {logging_mixin.py:115} INFO - [2025-01-15 23:41:01,907] {dagbag.py:507} INFO - Filling up the DagBag from /mnt/c/Users/ander/Desktop/airflow-spark/airflow-spark/curso2/ambientepython/lib/python3.9/site-packages/airflow/example_dags/example_time_delta_sensor_async.py
[2025-01-15 23:41:01,945] {processor.py:651} INFO - DAG(s) dict_keys(['example_time_delta_sensor_async']) retrieved from /mnt/c/Users/ander/Desktop/airflow-spark/airflow-spark/curso2/ambientepython/lib/python3.9/site-packages/airflow/example_dags/example_time_delta_sensor_async.py
[2025-01-15 23:41:02,150] {logging_mixin.py:115} INFO - [2025-01-15 23:41:02,149] {dag.py:2379} INFO - Sync 1 DAGs
[2025-01-15 23:41:02,182] {logging_mixin.py:115} INFO - [2025-01-15 23:41:02,182] {dag.py:2927} INFO - Setting next_dagrun for example_time_delta_sensor_async to None, run_after=None
[2025-01-15 23:41:02,227] {processor.py:161} INFO - Processing /mnt/c/Users/ander/Desktop/airflow-spark/airflow-spark/curso2/ambientepython/lib/python3.9/site-packages/airflow/example_dags/example_time_delta_sensor_async.py took 0.325 seconds
[2025-01-15 23:41:53,200] {processor.py:153} INFO - Started process (PID=33957) to work on /mnt/c/Users/ander/Desktop/airflow-spark/airflow-spark/curso2/ambientepython/lib/python3.9/site-packages/airflow/example_dags/example_time_delta_sensor_async.py
[2025-01-15 23:41:53,201] {processor.py:641} INFO - Processing file /mnt/c/Users/ander/Desktop/airflow-spark/airflow-spark/curso2/ambientepython/lib/python3.9/site-packages/airflow/example_dags/example_time_delta_sensor_async.py for tasks to queue
[2025-01-15 23:41:53,202] {logging_mixin.py:115} INFO - [2025-01-15 23:41:53,202] {dagbag.py:507} INFO - Filling up the DagBag from /mnt/c/Users/ander/Desktop/airflow-spark/airflow-spark/curso2/ambientepython/lib/python3.9/site-packages/airflow/example_dags/example_time_delta_sensor_async.py
[2025-01-15 23:41:53,261] {processor.py:651} INFO - DAG(s) dict_keys(['example_time_delta_sensor_async']) retrieved from /mnt/c/Users/ander/Desktop/airflow-spark/airflow-spark/curso2/ambientepython/lib/python3.9/site-packages/airflow/example_dags/example_time_delta_sensor_async.py
[2025-01-15 23:41:53,525] {logging_mixin.py:115} INFO - [2025-01-15 23:41:53,525] {dag.py:2379} INFO - Sync 1 DAGs
[2025-01-15 23:41:53,561] {logging_mixin.py:115} INFO - [2025-01-15 23:41:53,561] {dag.py:2927} INFO - Setting next_dagrun for example_time_delta_sensor_async to None, run_after=None
[2025-01-15 23:41:53,621] {processor.py:161} INFO - Processing /mnt/c/Users/ander/Desktop/airflow-spark/airflow-spark/curso2/ambientepython/lib/python3.9/site-packages/airflow/example_dags/example_time_delta_sensor_async.py took 0.425 seconds
[2025-01-15 23:42:42,554] {processor.py:153} INFO - Started process (PID=34139) to work on /mnt/c/Users/ander/Desktop/airflow-spark/airflow-spark/curso2/ambientepython/lib/python3.9/site-packages/airflow/example_dags/example_time_delta_sensor_async.py
[2025-01-15 23:42:42,555] {processor.py:641} INFO - Processing file /mnt/c/Users/ander/Desktop/airflow-spark/airflow-spark/curso2/ambientepython/lib/python3.9/site-packages/airflow/example_dags/example_time_delta_sensor_async.py for tasks to queue
[2025-01-15 23:42:42,556] {logging_mixin.py:115} INFO - [2025-01-15 23:42:42,556] {dagbag.py:507} INFO - Filling up the DagBag from /mnt/c/Users/ander/Desktop/airflow-spark/airflow-spark/curso2/ambientepython/lib/python3.9/site-packages/airflow/example_dags/example_time_delta_sensor_async.py
[2025-01-15 23:42:42,594] {processor.py:651} INFO - DAG(s) dict_keys(['example_time_delta_sensor_async']) retrieved from /mnt/c/Users/ander/Desktop/airflow-spark/airflow-spark/curso2/ambientepython/lib/python3.9/site-packages/airflow/example_dags/example_time_delta_sensor_async.py
[2025-01-15 23:42:42,788] {logging_mixin.py:115} INFO - [2025-01-15 23:42:42,788] {dag.py:2379} INFO - Sync 1 DAGs
[2025-01-15 23:42:42,819] {logging_mixin.py:115} INFO - [2025-01-15 23:42:42,819] {dag.py:2927} INFO - Setting next_dagrun for example_time_delta_sensor_async to None, run_after=None
[2025-01-15 23:42:42,870] {processor.py:161} INFO - Processing /mnt/c/Users/ander/Desktop/airflow-spark/airflow-spark/curso2/ambientepython/lib/python3.9/site-packages/airflow/example_dags/example_time_delta_sensor_async.py took 0.320 seconds
[2025-01-15 23:43:24,923] {processor.py:153} INFO - Started process (PID=34346) to work on /mnt/c/Users/ander/Desktop/airflow-spark/airflow-spark/curso2/ambientepython/lib/python3.9/site-packages/airflow/example_dags/example_time_delta_sensor_async.py
[2025-01-15 23:43:24,925] {processor.py:641} INFO - Processing file /mnt/c/Users/ander/Desktop/airflow-spark/airflow-spark/curso2/ambientepython/lib/python3.9/site-packages/airflow/example_dags/example_time_delta_sensor_async.py for tasks to queue
[2025-01-15 23:43:24,927] {logging_mixin.py:115} INFO - [2025-01-15 23:43:24,926] {dagbag.py:507} INFO - Filling up the DagBag from /mnt/c/Users/ander/Desktop/airflow-spark/airflow-spark/curso2/ambientepython/lib/python3.9/site-packages/airflow/example_dags/example_time_delta_sensor_async.py
[2025-01-15 23:43:24,986] {processor.py:651} INFO - DAG(s) dict_keys(['example_time_delta_sensor_async']) retrieved from /mnt/c/Users/ander/Desktop/airflow-spark/airflow-spark/curso2/ambientepython/lib/python3.9/site-packages/airflow/example_dags/example_time_delta_sensor_async.py
[2025-01-15 23:43:25,297] {logging_mixin.py:115} INFO - [2025-01-15 23:43:25,297] {dag.py:2379} INFO - Sync 1 DAGs
[2025-01-15 23:43:25,331] {logging_mixin.py:115} INFO - [2025-01-15 23:43:25,331] {dag.py:2927} INFO - Setting next_dagrun for example_time_delta_sensor_async to None, run_after=None
[2025-01-15 23:43:25,383] {processor.py:161} INFO - Processing /mnt/c/Users/ander/Desktop/airflow-spark/airflow-spark/curso2/ambientepython/lib/python3.9/site-packages/airflow/example_dags/example_time_delta_sensor_async.py took 0.468 seconds
[2025-01-15 23:44:15,288] {processor.py:153} INFO - Started process (PID=34522) to work on /mnt/c/Users/ander/Desktop/airflow-spark/airflow-spark/curso2/ambientepython/lib/python3.9/site-packages/airflow/example_dags/example_time_delta_sensor_async.py
[2025-01-15 23:44:15,290] {processor.py:641} INFO - Processing file /mnt/c/Users/ander/Desktop/airflow-spark/airflow-spark/curso2/ambientepython/lib/python3.9/site-packages/airflow/example_dags/example_time_delta_sensor_async.py for tasks to queue
[2025-01-15 23:44:15,291] {logging_mixin.py:115} INFO - [2025-01-15 23:44:15,290] {dagbag.py:507} INFO - Filling up the DagBag from /mnt/c/Users/ander/Desktop/airflow-spark/airflow-spark/curso2/ambientepython/lib/python3.9/site-packages/airflow/example_dags/example_time_delta_sensor_async.py
[2025-01-15 23:44:15,354] {processor.py:651} INFO - DAG(s) dict_keys(['example_time_delta_sensor_async']) retrieved from /mnt/c/Users/ander/Desktop/airflow-spark/airflow-spark/curso2/ambientepython/lib/python3.9/site-packages/airflow/example_dags/example_time_delta_sensor_async.py
[2025-01-15 23:44:15,599] {logging_mixin.py:115} INFO - [2025-01-15 23:44:15,599] {dag.py:2379} INFO - Sync 1 DAGs
[2025-01-15 23:44:15,635] {logging_mixin.py:115} INFO - [2025-01-15 23:44:15,635] {dag.py:2927} INFO - Setting next_dagrun for example_time_delta_sensor_async to None, run_after=None
[2025-01-15 23:44:15,701] {processor.py:161} INFO - Processing /mnt/c/Users/ander/Desktop/airflow-spark/airflow-spark/curso2/ambientepython/lib/python3.9/site-packages/airflow/example_dags/example_time_delta_sensor_async.py took 0.417 seconds
[2025-01-15 23:44:54,802] {processor.py:153} INFO - Started process (PID=34664) to work on /mnt/c/Users/ander/Desktop/airflow-spark/airflow-spark/curso2/ambientepython/lib/python3.9/site-packages/airflow/example_dags/example_time_delta_sensor_async.py
[2025-01-15 23:44:54,803] {processor.py:641} INFO - Processing file /mnt/c/Users/ander/Desktop/airflow-spark/airflow-spark/curso2/ambientepython/lib/python3.9/site-packages/airflow/example_dags/example_time_delta_sensor_async.py for tasks to queue
[2025-01-15 23:44:54,804] {logging_mixin.py:115} INFO - [2025-01-15 23:44:54,804] {dagbag.py:507} INFO - Filling up the DagBag from /mnt/c/Users/ander/Desktop/airflow-spark/airflow-spark/curso2/ambientepython/lib/python3.9/site-packages/airflow/example_dags/example_time_delta_sensor_async.py
[2025-01-15 23:44:54,853] {processor.py:651} INFO - DAG(s) dict_keys(['example_time_delta_sensor_async']) retrieved from /mnt/c/Users/ander/Desktop/airflow-spark/airflow-spark/curso2/ambientepython/lib/python3.9/site-packages/airflow/example_dags/example_time_delta_sensor_async.py
[2025-01-15 23:44:55,071] {logging_mixin.py:115} INFO - [2025-01-15 23:44:55,071] {dag.py:2379} INFO - Sync 1 DAGs
[2025-01-15 23:44:55,103] {logging_mixin.py:115} INFO - [2025-01-15 23:44:55,102] {dag.py:2927} INFO - Setting next_dagrun for example_time_delta_sensor_async to None, run_after=None
[2025-01-15 23:44:55,198] {processor.py:161} INFO - Processing /mnt/c/Users/ander/Desktop/airflow-spark/airflow-spark/curso2/ambientepython/lib/python3.9/site-packages/airflow/example_dags/example_time_delta_sensor_async.py took 0.400 seconds
[2025-01-15 23:45:37,866] {processor.py:153} INFO - Started process (PID=34819) to work on /mnt/c/Users/ander/Desktop/airflow-spark/airflow-spark/curso2/ambientepython/lib/python3.9/site-packages/airflow/example_dags/example_time_delta_sensor_async.py
[2025-01-15 23:45:37,868] {processor.py:641} INFO - Processing file /mnt/c/Users/ander/Desktop/airflow-spark/airflow-spark/curso2/ambientepython/lib/python3.9/site-packages/airflow/example_dags/example_time_delta_sensor_async.py for tasks to queue
[2025-01-15 23:45:37,869] {logging_mixin.py:115} INFO - [2025-01-15 23:45:37,869] {dagbag.py:507} INFO - Filling up the DagBag from /mnt/c/Users/ander/Desktop/airflow-spark/airflow-spark/curso2/ambientepython/lib/python3.9/site-packages/airflow/example_dags/example_time_delta_sensor_async.py
[2025-01-15 23:45:37,939] {processor.py:651} INFO - DAG(s) dict_keys(['example_time_delta_sensor_async']) retrieved from /mnt/c/Users/ander/Desktop/airflow-spark/airflow-spark/curso2/ambientepython/lib/python3.9/site-packages/airflow/example_dags/example_time_delta_sensor_async.py
[2025-01-15 23:45:38,167] {logging_mixin.py:115} INFO - [2025-01-15 23:45:38,167] {dag.py:2379} INFO - Sync 1 DAGs
[2025-01-15 23:45:38,203] {logging_mixin.py:115} INFO - [2025-01-15 23:45:38,203] {dag.py:2927} INFO - Setting next_dagrun for example_time_delta_sensor_async to None, run_after=None
[2025-01-15 23:45:38,264] {processor.py:161} INFO - Processing /mnt/c/Users/ander/Desktop/airflow-spark/airflow-spark/curso2/ambientepython/lib/python3.9/site-packages/airflow/example_dags/example_time_delta_sensor_async.py took 0.402 seconds
[2025-01-15 23:46:26,543] {processor.py:153} INFO - Started process (PID=34994) to work on /mnt/c/Users/ander/Desktop/airflow-spark/airflow-spark/curso2/ambientepython/lib/python3.9/site-packages/airflow/example_dags/example_time_delta_sensor_async.py
[2025-01-15 23:46:26,544] {processor.py:641} INFO - Processing file /mnt/c/Users/ander/Desktop/airflow-spark/airflow-spark/curso2/ambientepython/lib/python3.9/site-packages/airflow/example_dags/example_time_delta_sensor_async.py for tasks to queue
[2025-01-15 23:46:26,545] {logging_mixin.py:115} INFO - [2025-01-15 23:46:26,545] {dagbag.py:507} INFO - Filling up the DagBag from /mnt/c/Users/ander/Desktop/airflow-spark/airflow-spark/curso2/ambientepython/lib/python3.9/site-packages/airflow/example_dags/example_time_delta_sensor_async.py
[2025-01-15 23:46:26,592] {processor.py:651} INFO - DAG(s) dict_keys(['example_time_delta_sensor_async']) retrieved from /mnt/c/Users/ander/Desktop/airflow-spark/airflow-spark/curso2/ambientepython/lib/python3.9/site-packages/airflow/example_dags/example_time_delta_sensor_async.py
[2025-01-15 23:46:26,794] {logging_mixin.py:115} INFO - [2025-01-15 23:46:26,794] {dag.py:2379} INFO - Sync 1 DAGs
[2025-01-15 23:46:26,827] {logging_mixin.py:115} INFO - [2025-01-15 23:46:26,827] {dag.py:2927} INFO - Setting next_dagrun for example_time_delta_sensor_async to None, run_after=None
[2025-01-15 23:46:26,878] {processor.py:161} INFO - Processing /mnt/c/Users/ander/Desktop/airflow-spark/airflow-spark/curso2/ambientepython/lib/python3.9/site-packages/airflow/example_dags/example_time_delta_sensor_async.py took 0.338 seconds
[2025-01-15 23:47:08,658] {processor.py:153} INFO - Started process (PID=35148) to work on /mnt/c/Users/ander/Desktop/airflow-spark/airflow-spark/curso2/ambientepython/lib/python3.9/site-packages/airflow/example_dags/example_time_delta_sensor_async.py
[2025-01-15 23:47:08,659] {processor.py:641} INFO - Processing file /mnt/c/Users/ander/Desktop/airflow-spark/airflow-spark/curso2/ambientepython/lib/python3.9/site-packages/airflow/example_dags/example_time_delta_sensor_async.py for tasks to queue
[2025-01-15 23:47:08,660] {logging_mixin.py:115} INFO - [2025-01-15 23:47:08,660] {dagbag.py:507} INFO - Filling up the DagBag from /mnt/c/Users/ander/Desktop/airflow-spark/airflow-spark/curso2/ambientepython/lib/python3.9/site-packages/airflow/example_dags/example_time_delta_sensor_async.py
[2025-01-15 23:47:08,705] {processor.py:651} INFO - DAG(s) dict_keys(['example_time_delta_sensor_async']) retrieved from /mnt/c/Users/ander/Desktop/airflow-spark/airflow-spark/curso2/ambientepython/lib/python3.9/site-packages/airflow/example_dags/example_time_delta_sensor_async.py
[2025-01-15 23:47:08,930] {logging_mixin.py:115} INFO - [2025-01-15 23:47:08,930] {dag.py:2379} INFO - Sync 1 DAGs
[2025-01-15 23:47:08,961] {logging_mixin.py:115} INFO - [2025-01-15 23:47:08,961] {dag.py:2927} INFO - Setting next_dagrun for example_time_delta_sensor_async to None, run_after=None
[2025-01-15 23:47:09,011] {processor.py:161} INFO - Processing /mnt/c/Users/ander/Desktop/airflow-spark/airflow-spark/curso2/ambientepython/lib/python3.9/site-packages/airflow/example_dags/example_time_delta_sensor_async.py took 0.357 seconds
[2025-01-15 23:47:53,847] {processor.py:153} INFO - Started process (PID=35367) to work on /mnt/c/Users/ander/Desktop/airflow-spark/airflow-spark/curso2/ambientepython/lib/python3.9/site-packages/airflow/example_dags/example_time_delta_sensor_async.py
[2025-01-15 23:47:53,848] {processor.py:641} INFO - Processing file /mnt/c/Users/ander/Desktop/airflow-spark/airflow-spark/curso2/ambientepython/lib/python3.9/site-packages/airflow/example_dags/example_time_delta_sensor_async.py for tasks to queue
[2025-01-15 23:47:53,849] {logging_mixin.py:115} INFO - [2025-01-15 23:47:53,849] {dagbag.py:507} INFO - Filling up the DagBag from /mnt/c/Users/ander/Desktop/airflow-spark/airflow-spark/curso2/ambientepython/lib/python3.9/site-packages/airflow/example_dags/example_time_delta_sensor_async.py
[2025-01-15 23:47:53,909] {processor.py:651} INFO - DAG(s) dict_keys(['example_time_delta_sensor_async']) retrieved from /mnt/c/Users/ander/Desktop/airflow-spark/airflow-spark/curso2/ambientepython/lib/python3.9/site-packages/airflow/example_dags/example_time_delta_sensor_async.py
[2025-01-15 23:47:54,145] {logging_mixin.py:115} INFO - [2025-01-15 23:47:54,144] {dag.py:2379} INFO - Sync 1 DAGs
[2025-01-15 23:47:54,180] {logging_mixin.py:115} INFO - [2025-01-15 23:47:54,179] {dag.py:2927} INFO - Setting next_dagrun for example_time_delta_sensor_async to None, run_after=None
[2025-01-15 23:47:54,234] {processor.py:161} INFO - Processing /mnt/c/Users/ander/Desktop/airflow-spark/airflow-spark/curso2/ambientepython/lib/python3.9/site-packages/airflow/example_dags/example_time_delta_sensor_async.py took 0.392 seconds
[2025-01-15 23:48:37,701] {processor.py:153} INFO - Started process (PID=35521) to work on /mnt/c/Users/ander/Desktop/airflow-spark/airflow-spark/curso2/ambientepython/lib/python3.9/site-packages/airflow/example_dags/example_time_delta_sensor_async.py
[2025-01-15 23:48:37,702] {processor.py:641} INFO - Processing file /mnt/c/Users/ander/Desktop/airflow-spark/airflow-spark/curso2/ambientepython/lib/python3.9/site-packages/airflow/example_dags/example_time_delta_sensor_async.py for tasks to queue
[2025-01-15 23:48:37,703] {logging_mixin.py:115} INFO - [2025-01-15 23:48:37,703] {dagbag.py:507} INFO - Filling up the DagBag from /mnt/c/Users/ander/Desktop/airflow-spark/airflow-spark/curso2/ambientepython/lib/python3.9/site-packages/airflow/example_dags/example_time_delta_sensor_async.py
[2025-01-15 23:48:37,750] {processor.py:651} INFO - DAG(s) dict_keys(['example_time_delta_sensor_async']) retrieved from /mnt/c/Users/ander/Desktop/airflow-spark/airflow-spark/curso2/ambientepython/lib/python3.9/site-packages/airflow/example_dags/example_time_delta_sensor_async.py
[2025-01-15 23:48:37,969] {logging_mixin.py:115} INFO - [2025-01-15 23:48:37,969] {dag.py:2379} INFO - Sync 1 DAGs
[2025-01-15 23:48:37,999] {logging_mixin.py:115} INFO - [2025-01-15 23:48:37,999] {dag.py:2927} INFO - Setting next_dagrun for example_time_delta_sensor_async to None, run_after=None
[2025-01-15 23:48:38,056] {processor.py:161} INFO - Processing /mnt/c/Users/ander/Desktop/airflow-spark/airflow-spark/curso2/ambientepython/lib/python3.9/site-packages/airflow/example_dags/example_time_delta_sensor_async.py took 0.359 seconds
[2025-01-15 23:49:25,691] {processor.py:153} INFO - Started process (PID=35697) to work on /mnt/c/Users/ander/Desktop/airflow-spark/airflow-spark/curso2/ambientepython/lib/python3.9/site-packages/airflow/example_dags/example_time_delta_sensor_async.py
[2025-01-15 23:49:25,695] {processor.py:641} INFO - Processing file /mnt/c/Users/ander/Desktop/airflow-spark/airflow-spark/curso2/ambientepython/lib/python3.9/site-packages/airflow/example_dags/example_time_delta_sensor_async.py for tasks to queue
[2025-01-15 23:49:25,696] {logging_mixin.py:115} INFO - [2025-01-15 23:49:25,696] {dagbag.py:507} INFO - Filling up the DagBag from /mnt/c/Users/ander/Desktop/airflow-spark/airflow-spark/curso2/ambientepython/lib/python3.9/site-packages/airflow/example_dags/example_time_delta_sensor_async.py
[2025-01-15 23:49:25,757] {processor.py:651} INFO - DAG(s) dict_keys(['example_time_delta_sensor_async']) retrieved from /mnt/c/Users/ander/Desktop/airflow-spark/airflow-spark/curso2/ambientepython/lib/python3.9/site-packages/airflow/example_dags/example_time_delta_sensor_async.py
[2025-01-15 23:49:25,965] {logging_mixin.py:115} INFO - [2025-01-15 23:49:25,965] {dag.py:2379} INFO - Sync 1 DAGs
[2025-01-15 23:49:25,997] {logging_mixin.py:115} INFO - [2025-01-15 23:49:25,997] {dag.py:2927} INFO - Setting next_dagrun for example_time_delta_sensor_async to None, run_after=None
[2025-01-15 23:49:26,045] {processor.py:161} INFO - Processing /mnt/c/Users/ander/Desktop/airflow-spark/airflow-spark/curso2/ambientepython/lib/python3.9/site-packages/airflow/example_dags/example_time_delta_sensor_async.py took 0.358 seconds
[2025-01-15 23:50:11,856] {processor.py:153} INFO - Started process (PID=35865) to work on /mnt/c/Users/ander/Desktop/airflow-spark/airflow-spark/curso2/ambientepython/lib/python3.9/site-packages/airflow/example_dags/example_time_delta_sensor_async.py
[2025-01-15 23:50:11,857] {processor.py:641} INFO - Processing file /mnt/c/Users/ander/Desktop/airflow-spark/airflow-spark/curso2/ambientepython/lib/python3.9/site-packages/airflow/example_dags/example_time_delta_sensor_async.py for tasks to queue
[2025-01-15 23:50:11,858] {logging_mixin.py:115} INFO - [2025-01-15 23:50:11,858] {dagbag.py:507} INFO - Filling up the DagBag from /mnt/c/Users/ander/Desktop/airflow-spark/airflow-spark/curso2/ambientepython/lib/python3.9/site-packages/airflow/example_dags/example_time_delta_sensor_async.py
[2025-01-15 23:50:11,902] {processor.py:651} INFO - DAG(s) dict_keys(['example_time_delta_sensor_async']) retrieved from /mnt/c/Users/ander/Desktop/airflow-spark/airflow-spark/curso2/ambientepython/lib/python3.9/site-packages/airflow/example_dags/example_time_delta_sensor_async.py
[2025-01-15 23:50:12,132] {logging_mixin.py:115} INFO - [2025-01-15 23:50:12,131] {dag.py:2379} INFO - Sync 1 DAGs
[2025-01-15 23:50:12,162] {logging_mixin.py:115} INFO - [2025-01-15 23:50:12,162] {dag.py:2927} INFO - Setting next_dagrun for example_time_delta_sensor_async to None, run_after=None
[2025-01-15 23:50:12,211] {processor.py:161} INFO - Processing /mnt/c/Users/ander/Desktop/airflow-spark/airflow-spark/curso2/ambientepython/lib/python3.9/site-packages/airflow/example_dags/example_time_delta_sensor_async.py took 0.359 seconds
[2025-01-15 23:50:59,611] {processor.py:153} INFO - Started process (PID=36034) to work on /mnt/c/Users/ander/Desktop/airflow-spark/airflow-spark/curso2/ambientepython/lib/python3.9/site-packages/airflow/example_dags/example_time_delta_sensor_async.py
[2025-01-15 23:50:59,612] {processor.py:641} INFO - Processing file /mnt/c/Users/ander/Desktop/airflow-spark/airflow-spark/curso2/ambientepython/lib/python3.9/site-packages/airflow/example_dags/example_time_delta_sensor_async.py for tasks to queue
[2025-01-15 23:50:59,614] {logging_mixin.py:115} INFO - [2025-01-15 23:50:59,613] {dagbag.py:507} INFO - Filling up the DagBag from /mnt/c/Users/ander/Desktop/airflow-spark/airflow-spark/curso2/ambientepython/lib/python3.9/site-packages/airflow/example_dags/example_time_delta_sensor_async.py
[2025-01-15 23:50:59,659] {processor.py:651} INFO - DAG(s) dict_keys(['example_time_delta_sensor_async']) retrieved from /mnt/c/Users/ander/Desktop/airflow-spark/airflow-spark/curso2/ambientepython/lib/python3.9/site-packages/airflow/example_dags/example_time_delta_sensor_async.py
[2025-01-15 23:50:59,900] {logging_mixin.py:115} INFO - [2025-01-15 23:50:59,900] {dag.py:2379} INFO - Sync 1 DAGs
[2025-01-15 23:50:59,929] {logging_mixin.py:115} INFO - [2025-01-15 23:50:59,929] {dag.py:2927} INFO - Setting next_dagrun for example_time_delta_sensor_async to None, run_after=None
[2025-01-15 23:50:59,979] {processor.py:161} INFO - Processing /mnt/c/Users/ander/Desktop/airflow-spark/airflow-spark/curso2/ambientepython/lib/python3.9/site-packages/airflow/example_dags/example_time_delta_sensor_async.py took 0.371 seconds
[2025-01-15 23:51:47,101] {processor.py:153} INFO - Started process (PID=36208) to work on /mnt/c/Users/ander/Desktop/airflow-spark/airflow-spark/curso2/ambientepython/lib/python3.9/site-packages/airflow/example_dags/example_time_delta_sensor_async.py
[2025-01-15 23:51:47,102] {processor.py:641} INFO - Processing file /mnt/c/Users/ander/Desktop/airflow-spark/airflow-spark/curso2/ambientepython/lib/python3.9/site-packages/airflow/example_dags/example_time_delta_sensor_async.py for tasks to queue
[2025-01-15 23:51:47,103] {logging_mixin.py:115} INFO - [2025-01-15 23:51:47,103] {dagbag.py:507} INFO - Filling up the DagBag from /mnt/c/Users/ander/Desktop/airflow-spark/airflow-spark/curso2/ambientepython/lib/python3.9/site-packages/airflow/example_dags/example_time_delta_sensor_async.py
[2025-01-15 23:51:47,159] {processor.py:651} INFO - DAG(s) dict_keys(['example_time_delta_sensor_async']) retrieved from /mnt/c/Users/ander/Desktop/airflow-spark/airflow-spark/curso2/ambientepython/lib/python3.9/site-packages/airflow/example_dags/example_time_delta_sensor_async.py
[2025-01-15 23:51:47,437] {logging_mixin.py:115} INFO - [2025-01-15 23:51:47,437] {dag.py:2379} INFO - Sync 1 DAGs
[2025-01-15 23:51:47,473] {logging_mixin.py:115} INFO - [2025-01-15 23:51:47,473] {dag.py:2927} INFO - Setting next_dagrun for example_time_delta_sensor_async to None, run_after=None
[2025-01-15 23:51:47,530] {processor.py:161} INFO - Processing /mnt/c/Users/ander/Desktop/airflow-spark/airflow-spark/curso2/ambientepython/lib/python3.9/site-packages/airflow/example_dags/example_time_delta_sensor_async.py took 0.434 seconds
[2025-01-15 23:52:24,276] {processor.py:153} INFO - Started process (PID=36336) to work on /mnt/c/Users/ander/Desktop/airflow-spark/airflow-spark/curso2/ambientepython/lib/python3.9/site-packages/airflow/example_dags/example_time_delta_sensor_async.py
[2025-01-15 23:52:24,277] {processor.py:641} INFO - Processing file /mnt/c/Users/ander/Desktop/airflow-spark/airflow-spark/curso2/ambientepython/lib/python3.9/site-packages/airflow/example_dags/example_time_delta_sensor_async.py for tasks to queue
[2025-01-15 23:52:24,279] {logging_mixin.py:115} INFO - [2025-01-15 23:52:24,279] {dagbag.py:507} INFO - Filling up the DagBag from /mnt/c/Users/ander/Desktop/airflow-spark/airflow-spark/curso2/ambientepython/lib/python3.9/site-packages/airflow/example_dags/example_time_delta_sensor_async.py
[2025-01-15 23:52:24,326] {processor.py:651} INFO - DAG(s) dict_keys(['example_time_delta_sensor_async']) retrieved from /mnt/c/Users/ander/Desktop/airflow-spark/airflow-spark/curso2/ambientepython/lib/python3.9/site-packages/airflow/example_dags/example_time_delta_sensor_async.py
[2025-01-15 23:52:24,718] {logging_mixin.py:115} INFO - [2025-01-15 23:52:24,718] {dag.py:2379} INFO - Sync 1 DAGs
[2025-01-15 23:52:24,757] {logging_mixin.py:115} INFO - [2025-01-15 23:52:24,756] {dag.py:2927} INFO - Setting next_dagrun for example_time_delta_sensor_async to None, run_after=None
[2025-01-15 23:52:24,798] {processor.py:161} INFO - Processing /mnt/c/Users/ander/Desktop/airflow-spark/airflow-spark/curso2/ambientepython/lib/python3.9/site-packages/airflow/example_dags/example_time_delta_sensor_async.py took 0.527 seconds
[2025-01-15 23:53:00,465] {processor.py:153} INFO - Started process (PID=36517) to work on /mnt/c/Users/ander/Desktop/airflow-spark/airflow-spark/curso2/ambientepython/lib/python3.9/site-packages/airflow/example_dags/example_time_delta_sensor_async.py
[2025-01-15 23:53:00,467] {processor.py:641} INFO - Processing file /mnt/c/Users/ander/Desktop/airflow-spark/airflow-spark/curso2/ambientepython/lib/python3.9/site-packages/airflow/example_dags/example_time_delta_sensor_async.py for tasks to queue
[2025-01-15 23:53:00,468] {logging_mixin.py:115} INFO - [2025-01-15 23:53:00,468] {dagbag.py:507} INFO - Filling up the DagBag from /mnt/c/Users/ander/Desktop/airflow-spark/airflow-spark/curso2/ambientepython/lib/python3.9/site-packages/airflow/example_dags/example_time_delta_sensor_async.py
[2025-01-15 23:53:00,516] {processor.py:651} INFO - DAG(s) dict_keys(['example_time_delta_sensor_async']) retrieved from /mnt/c/Users/ander/Desktop/airflow-spark/airflow-spark/curso2/ambientepython/lib/python3.9/site-packages/airflow/example_dags/example_time_delta_sensor_async.py
[2025-01-15 23:53:00,749] {logging_mixin.py:115} INFO - [2025-01-15 23:53:00,749] {dag.py:2379} INFO - Sync 1 DAGs
[2025-01-15 23:53:00,781] {logging_mixin.py:115} INFO - [2025-01-15 23:53:00,781] {dag.py:2927} INFO - Setting next_dagrun for example_time_delta_sensor_async to None, run_after=None
[2025-01-15 23:53:00,830] {processor.py:161} INFO - Processing /mnt/c/Users/ander/Desktop/airflow-spark/airflow-spark/curso2/ambientepython/lib/python3.9/site-packages/airflow/example_dags/example_time_delta_sensor_async.py took 0.368 seconds
