[2025-01-15 23:12:48,346] {processor.py:153} INFO - Started process (PID=25513) to work on /mnt/c/Users/ander/Desktop/airflow-spark/airflow-spark/curso2/ambientepython/lib/python3.9/site-packages/airflow/example_dags/example_external_task_marker_dag.py
[2025-01-15 23:12:48,347] {processor.py:641} INFO - Processing file /mnt/c/Users/ander/Desktop/airflow-spark/airflow-spark/curso2/ambientepython/lib/python3.9/site-packages/airflow/example_dags/example_external_task_marker_dag.py for tasks to queue
[2025-01-15 23:12:48,348] {logging_mixin.py:115} INFO - [2025-01-15 23:12:48,348] {dagbag.py:507} INFO - Filling up the DagBag from /mnt/c/Users/ander/Desktop/airflow-spark/airflow-spark/curso2/ambientepython/lib/python3.9/site-packages/airflow/example_dags/example_external_task_marker_dag.py
[2025-01-15 23:12:48,382] {processor.py:651} INFO - DAG(s) dict_keys(['example_external_task_marker_parent', 'example_external_task_marker_child']) retrieved from /mnt/c/Users/ander/Desktop/airflow-spark/airflow-spark/curso2/ambientepython/lib/python3.9/site-packages/airflow/example_dags/example_external_task_marker_dag.py
[2025-01-15 23:12:48,554] {logging_mixin.py:115} INFO - [2025-01-15 23:12:48,554] {manager.py:508} INFO - Created Permission View: can edit on DAG:example_external_task_marker_parent
[2025-01-15 23:12:48,593] {logging_mixin.py:115} INFO - [2025-01-15 23:12:48,593] {manager.py:508} INFO - Created Permission View: can delete on DAG:example_external_task_marker_parent
[2025-01-15 23:12:48,627] {logging_mixin.py:115} INFO - [2025-01-15 23:12:48,627] {manager.py:508} INFO - Created Permission View: can read on DAG:example_external_task_marker_parent
[2025-01-15 23:12:48,849] {logging_mixin.py:115} INFO - [2025-01-15 23:12:48,848] {manager.py:508} INFO - Created Permission View: can edit on DAG:example_external_task_marker_child
[2025-01-15 23:12:48,883] {logging_mixin.py:115} INFO - [2025-01-15 23:12:48,883] {manager.py:508} INFO - Created Permission View: can delete on DAG:example_external_task_marker_child
[2025-01-15 23:12:48,916] {logging_mixin.py:115} INFO - [2025-01-15 23:12:48,915] {manager.py:508} INFO - Created Permission View: can read on DAG:example_external_task_marker_child
[2025-01-15 23:12:48,916] {logging_mixin.py:115} INFO - [2025-01-15 23:12:48,916] {dag.py:2379} INFO - Sync 2 DAGs
[2025-01-15 23:12:48,934] {logging_mixin.py:115} INFO - [2025-01-15 23:12:48,933] {dag.py:2398} INFO - Creating ORM DAG for example_external_task_marker_parent
[2025-01-15 23:12:48,934] {logging_mixin.py:115} INFO - [2025-01-15 23:12:48,934] {dag.py:2398} INFO - Creating ORM DAG for example_external_task_marker_child
[2025-01-15 23:12:48,948] {logging_mixin.py:115} INFO - [2025-01-15 23:12:48,948] {dag.py:2927} INFO - Setting next_dagrun for example_external_task_marker_child to None, run_after=None
[2025-01-15 23:12:48,949] {logging_mixin.py:115} INFO - [2025-01-15 23:12:48,949] {dag.py:2927} INFO - Setting next_dagrun for example_external_task_marker_parent to None, run_after=None
[2025-01-15 23:12:49,002] {processor.py:161} INFO - Processing /mnt/c/Users/ander/Desktop/airflow-spark/airflow-spark/curso2/ambientepython/lib/python3.9/site-packages/airflow/example_dags/example_external_task_marker_dag.py took 0.660 seconds
[2025-01-15 23:13:35,581] {processor.py:153} INFO - Started process (PID=25681) to work on /mnt/c/Users/ander/Desktop/airflow-spark/airflow-spark/curso2/ambientepython/lib/python3.9/site-packages/airflow/example_dags/example_external_task_marker_dag.py
[2025-01-15 23:13:35,582] {processor.py:641} INFO - Processing file /mnt/c/Users/ander/Desktop/airflow-spark/airflow-spark/curso2/ambientepython/lib/python3.9/site-packages/airflow/example_dags/example_external_task_marker_dag.py for tasks to queue
[2025-01-15 23:13:35,583] {logging_mixin.py:115} INFO - [2025-01-15 23:13:35,583] {dagbag.py:507} INFO - Filling up the DagBag from /mnt/c/Users/ander/Desktop/airflow-spark/airflow-spark/curso2/ambientepython/lib/python3.9/site-packages/airflow/example_dags/example_external_task_marker_dag.py
[2025-01-15 23:13:35,610] {processor.py:651} INFO - DAG(s) dict_keys(['example_external_task_marker_parent', 'example_external_task_marker_child']) retrieved from /mnt/c/Users/ander/Desktop/airflow-spark/airflow-spark/curso2/ambientepython/lib/python3.9/site-packages/airflow/example_dags/example_external_task_marker_dag.py
[2025-01-15 23:13:35,835] {logging_mixin.py:115} INFO - [2025-01-15 23:13:35,835] {dag.py:2379} INFO - Sync 2 DAGs
[2025-01-15 23:13:35,866] {logging_mixin.py:115} INFO - [2025-01-15 23:13:35,866] {dag.py:2927} INFO - Setting next_dagrun for example_external_task_marker_child to None, run_after=None
[2025-01-15 23:13:35,867] {logging_mixin.py:115} INFO - [2025-01-15 23:13:35,867] {dag.py:2927} INFO - Setting next_dagrun for example_external_task_marker_parent to None, run_after=None
[2025-01-15 23:13:35,912] {processor.py:161} INFO - Processing /mnt/c/Users/ander/Desktop/airflow-spark/airflow-spark/curso2/ambientepython/lib/python3.9/site-packages/airflow/example_dags/example_external_task_marker_dag.py took 0.335 seconds
[2025-01-15 23:14:22,643] {processor.py:153} INFO - Started process (PID=25850) to work on /mnt/c/Users/ander/Desktop/airflow-spark/airflow-spark/curso2/ambientepython/lib/python3.9/site-packages/airflow/example_dags/example_external_task_marker_dag.py
[2025-01-15 23:14:22,644] {processor.py:641} INFO - Processing file /mnt/c/Users/ander/Desktop/airflow-spark/airflow-spark/curso2/ambientepython/lib/python3.9/site-packages/airflow/example_dags/example_external_task_marker_dag.py for tasks to queue
[2025-01-15 23:14:22,645] {logging_mixin.py:115} INFO - [2025-01-15 23:14:22,645] {dagbag.py:507} INFO - Filling up the DagBag from /mnt/c/Users/ander/Desktop/airflow-spark/airflow-spark/curso2/ambientepython/lib/python3.9/site-packages/airflow/example_dags/example_external_task_marker_dag.py
[2025-01-15 23:14:22,667] {processor.py:651} INFO - DAG(s) dict_keys(['example_external_task_marker_parent', 'example_external_task_marker_child']) retrieved from /mnt/c/Users/ander/Desktop/airflow-spark/airflow-spark/curso2/ambientepython/lib/python3.9/site-packages/airflow/example_dags/example_external_task_marker_dag.py
[2025-01-15 23:14:22,990] {logging_mixin.py:115} INFO - [2025-01-15 23:14:22,990] {dag.py:2379} INFO - Sync 2 DAGs
[2025-01-15 23:14:23,019] {logging_mixin.py:115} INFO - [2025-01-15 23:14:23,019] {dag.py:2927} INFO - Setting next_dagrun for example_external_task_marker_child to None, run_after=None
[2025-01-15 23:14:23,020] {logging_mixin.py:115} INFO - [2025-01-15 23:14:23,020] {dag.py:2927} INFO - Setting next_dagrun for example_external_task_marker_parent to None, run_after=None
[2025-01-15 23:14:23,067] {processor.py:161} INFO - Processing /mnt/c/Users/ander/Desktop/airflow-spark/airflow-spark/curso2/ambientepython/lib/python3.9/site-packages/airflow/example_dags/example_external_task_marker_dag.py took 0.427 seconds
[2025-01-15 23:15:06,947] {processor.py:153} INFO - Started process (PID=26011) to work on /mnt/c/Users/ander/Desktop/airflow-spark/airflow-spark/curso2/ambientepython/lib/python3.9/site-packages/airflow/example_dags/example_external_task_marker_dag.py
[2025-01-15 23:15:06,949] {processor.py:641} INFO - Processing file /mnt/c/Users/ander/Desktop/airflow-spark/airflow-spark/curso2/ambientepython/lib/python3.9/site-packages/airflow/example_dags/example_external_task_marker_dag.py for tasks to queue
[2025-01-15 23:15:06,950] {logging_mixin.py:115} INFO - [2025-01-15 23:15:06,949] {dagbag.py:507} INFO - Filling up the DagBag from /mnt/c/Users/ander/Desktop/airflow-spark/airflow-spark/curso2/ambientepython/lib/python3.9/site-packages/airflow/example_dags/example_external_task_marker_dag.py
[2025-01-15 23:15:06,976] {processor.py:651} INFO - DAG(s) dict_keys(['example_external_task_marker_parent', 'example_external_task_marker_child']) retrieved from /mnt/c/Users/ander/Desktop/airflow-spark/airflow-spark/curso2/ambientepython/lib/python3.9/site-packages/airflow/example_dags/example_external_task_marker_dag.py
[2025-01-15 23:15:07,206] {logging_mixin.py:115} INFO - [2025-01-15 23:15:07,206] {dag.py:2379} INFO - Sync 2 DAGs
[2025-01-15 23:15:07,238] {logging_mixin.py:115} INFO - [2025-01-15 23:15:07,238] {dag.py:2927} INFO - Setting next_dagrun for example_external_task_marker_child to None, run_after=None
[2025-01-15 23:15:07,239] {logging_mixin.py:115} INFO - [2025-01-15 23:15:07,239] {dag.py:2927} INFO - Setting next_dagrun for example_external_task_marker_parent to None, run_after=None
[2025-01-15 23:15:07,287] {processor.py:161} INFO - Processing /mnt/c/Users/ander/Desktop/airflow-spark/airflow-spark/curso2/ambientepython/lib/python3.9/site-packages/airflow/example_dags/example_external_task_marker_dag.py took 0.344 seconds
[2025-01-15 23:15:55,029] {processor.py:153} INFO - Started process (PID=26185) to work on /mnt/c/Users/ander/Desktop/airflow-spark/airflow-spark/curso2/ambientepython/lib/python3.9/site-packages/airflow/example_dags/example_external_task_marker_dag.py
[2025-01-15 23:15:55,030] {processor.py:641} INFO - Processing file /mnt/c/Users/ander/Desktop/airflow-spark/airflow-spark/curso2/ambientepython/lib/python3.9/site-packages/airflow/example_dags/example_external_task_marker_dag.py for tasks to queue
[2025-01-15 23:15:55,031] {logging_mixin.py:115} INFO - [2025-01-15 23:15:55,031] {dagbag.py:507} INFO - Filling up the DagBag from /mnt/c/Users/ander/Desktop/airflow-spark/airflow-spark/curso2/ambientepython/lib/python3.9/site-packages/airflow/example_dags/example_external_task_marker_dag.py
[2025-01-15 23:15:55,056] {processor.py:651} INFO - DAG(s) dict_keys(['example_external_task_marker_parent', 'example_external_task_marker_child']) retrieved from /mnt/c/Users/ander/Desktop/airflow-spark/airflow-spark/curso2/ambientepython/lib/python3.9/site-packages/airflow/example_dags/example_external_task_marker_dag.py
[2025-01-15 23:15:55,270] {logging_mixin.py:115} INFO - [2025-01-15 23:15:55,270] {dag.py:2379} INFO - Sync 2 DAGs
[2025-01-15 23:15:55,302] {logging_mixin.py:115} INFO - [2025-01-15 23:15:55,301] {dag.py:2927} INFO - Setting next_dagrun for example_external_task_marker_child to None, run_after=None
[2025-01-15 23:15:55,302] {logging_mixin.py:115} INFO - [2025-01-15 23:15:55,302] {dag.py:2927} INFO - Setting next_dagrun for example_external_task_marker_parent to None, run_after=None
[2025-01-15 23:15:55,356] {processor.py:161} INFO - Processing /mnt/c/Users/ander/Desktop/airflow-spark/airflow-spark/curso2/ambientepython/lib/python3.9/site-packages/airflow/example_dags/example_external_task_marker_dag.py took 0.331 seconds
[2025-01-15 23:16:45,399] {processor.py:153} INFO - Started process (PID=26362) to work on /mnt/c/Users/ander/Desktop/airflow-spark/airflow-spark/curso2/ambientepython/lib/python3.9/site-packages/airflow/example_dags/example_external_task_marker_dag.py
[2025-01-15 23:16:45,401] {processor.py:641} INFO - Processing file /mnt/c/Users/ander/Desktop/airflow-spark/airflow-spark/curso2/ambientepython/lib/python3.9/site-packages/airflow/example_dags/example_external_task_marker_dag.py for tasks to queue
[2025-01-15 23:16:45,402] {logging_mixin.py:115} INFO - [2025-01-15 23:16:45,402] {dagbag.py:507} INFO - Filling up the DagBag from /mnt/c/Users/ander/Desktop/airflow-spark/airflow-spark/curso2/ambientepython/lib/python3.9/site-packages/airflow/example_dags/example_external_task_marker_dag.py
[2025-01-15 23:16:45,424] {processor.py:651} INFO - DAG(s) dict_keys(['example_external_task_marker_parent', 'example_external_task_marker_child']) retrieved from /mnt/c/Users/ander/Desktop/airflow-spark/airflow-spark/curso2/ambientepython/lib/python3.9/site-packages/airflow/example_dags/example_external_task_marker_dag.py
[2025-01-15 23:16:45,608] {logging_mixin.py:115} INFO - [2025-01-15 23:16:45,608] {dag.py:2379} INFO - Sync 2 DAGs
[2025-01-15 23:16:45,663] {logging_mixin.py:115} INFO - [2025-01-15 23:16:45,662] {dag.py:2927} INFO - Setting next_dagrun for example_external_task_marker_child to None, run_after=None
[2025-01-15 23:16:45,663] {logging_mixin.py:115} INFO - [2025-01-15 23:16:45,663] {dag.py:2927} INFO - Setting next_dagrun for example_external_task_marker_parent to None, run_after=None
[2025-01-15 23:16:45,711] {processor.py:161} INFO - Processing /mnt/c/Users/ander/Desktop/airflow-spark/airflow-spark/curso2/ambientepython/lib/python3.9/site-packages/airflow/example_dags/example_external_task_marker_dag.py took 0.315 seconds
[2025-01-15 23:17:31,662] {processor.py:153} INFO - Started process (PID=26584) to work on /mnt/c/Users/ander/Desktop/airflow-spark/airflow-spark/curso2/ambientepython/lib/python3.9/site-packages/airflow/example_dags/example_external_task_marker_dag.py
[2025-01-15 23:17:31,663] {processor.py:641} INFO - Processing file /mnt/c/Users/ander/Desktop/airflow-spark/airflow-spark/curso2/ambientepython/lib/python3.9/site-packages/airflow/example_dags/example_external_task_marker_dag.py for tasks to queue
[2025-01-15 23:17:31,664] {logging_mixin.py:115} INFO - [2025-01-15 23:17:31,664] {dagbag.py:507} INFO - Filling up the DagBag from /mnt/c/Users/ander/Desktop/airflow-spark/airflow-spark/curso2/ambientepython/lib/python3.9/site-packages/airflow/example_dags/example_external_task_marker_dag.py
[2025-01-15 23:17:31,691] {processor.py:651} INFO - DAG(s) dict_keys(['example_external_task_marker_parent', 'example_external_task_marker_child']) retrieved from /mnt/c/Users/ander/Desktop/airflow-spark/airflow-spark/curso2/ambientepython/lib/python3.9/site-packages/airflow/example_dags/example_external_task_marker_dag.py
[2025-01-15 23:17:31,906] {logging_mixin.py:115} INFO - [2025-01-15 23:17:31,906] {dag.py:2379} INFO - Sync 2 DAGs
[2025-01-15 23:17:31,939] {logging_mixin.py:115} INFO - [2025-01-15 23:17:31,939] {dag.py:2927} INFO - Setting next_dagrun for example_external_task_marker_child to None, run_after=None
[2025-01-15 23:17:31,939] {logging_mixin.py:115} INFO - [2025-01-15 23:17:31,939] {dag.py:2927} INFO - Setting next_dagrun for example_external_task_marker_parent to None, run_after=None
[2025-01-15 23:17:31,992] {processor.py:161} INFO - Processing /mnt/c/Users/ander/Desktop/airflow-spark/airflow-spark/curso2/ambientepython/lib/python3.9/site-packages/airflow/example_dags/example_external_task_marker_dag.py took 0.334 seconds
[2025-01-15 23:18:15,488] {processor.py:153} INFO - Started process (PID=26745) to work on /mnt/c/Users/ander/Desktop/airflow-spark/airflow-spark/curso2/ambientepython/lib/python3.9/site-packages/airflow/example_dags/example_external_task_marker_dag.py
[2025-01-15 23:18:15,489] {processor.py:641} INFO - Processing file /mnt/c/Users/ander/Desktop/airflow-spark/airflow-spark/curso2/ambientepython/lib/python3.9/site-packages/airflow/example_dags/example_external_task_marker_dag.py for tasks to queue
[2025-01-15 23:18:15,490] {logging_mixin.py:115} INFO - [2025-01-15 23:18:15,490] {dagbag.py:507} INFO - Filling up the DagBag from /mnt/c/Users/ander/Desktop/airflow-spark/airflow-spark/curso2/ambientepython/lib/python3.9/site-packages/airflow/example_dags/example_external_task_marker_dag.py
[2025-01-15 23:18:15,517] {processor.py:651} INFO - DAG(s) dict_keys(['example_external_task_marker_parent', 'example_external_task_marker_child']) retrieved from /mnt/c/Users/ander/Desktop/airflow-spark/airflow-spark/curso2/ambientepython/lib/python3.9/site-packages/airflow/example_dags/example_external_task_marker_dag.py
[2025-01-15 23:18:15,736] {logging_mixin.py:115} INFO - [2025-01-15 23:18:15,736] {dag.py:2379} INFO - Sync 2 DAGs
[2025-01-15 23:18:15,768] {logging_mixin.py:115} INFO - [2025-01-15 23:18:15,768] {dag.py:2927} INFO - Setting next_dagrun for example_external_task_marker_child to None, run_after=None
[2025-01-15 23:18:15,769] {logging_mixin.py:115} INFO - [2025-01-15 23:18:15,768] {dag.py:2927} INFO - Setting next_dagrun for example_external_task_marker_parent to None, run_after=None
[2025-01-15 23:18:15,827] {processor.py:161} INFO - Processing /mnt/c/Users/ander/Desktop/airflow-spark/airflow-spark/curso2/ambientepython/lib/python3.9/site-packages/airflow/example_dags/example_external_task_marker_dag.py took 0.343 seconds
[2025-01-15 23:19:02,683] {processor.py:153} INFO - Started process (PID=26916) to work on /mnt/c/Users/ander/Desktop/airflow-spark/airflow-spark/curso2/ambientepython/lib/python3.9/site-packages/airflow/example_dags/example_external_task_marker_dag.py
[2025-01-15 23:19:02,685] {processor.py:641} INFO - Processing file /mnt/c/Users/ander/Desktop/airflow-spark/airflow-spark/curso2/ambientepython/lib/python3.9/site-packages/airflow/example_dags/example_external_task_marker_dag.py for tasks to queue
[2025-01-15 23:19:02,686] {logging_mixin.py:115} INFO - [2025-01-15 23:19:02,686] {dagbag.py:507} INFO - Filling up the DagBag from /mnt/c/Users/ander/Desktop/airflow-spark/airflow-spark/curso2/ambientepython/lib/python3.9/site-packages/airflow/example_dags/example_external_task_marker_dag.py
[2025-01-15 23:19:02,708] {processor.py:651} INFO - DAG(s) dict_keys(['example_external_task_marker_parent', 'example_external_task_marker_child']) retrieved from /mnt/c/Users/ander/Desktop/airflow-spark/airflow-spark/curso2/ambientepython/lib/python3.9/site-packages/airflow/example_dags/example_external_task_marker_dag.py
[2025-01-15 23:19:02,894] {logging_mixin.py:115} INFO - [2025-01-15 23:19:02,894] {dag.py:2379} INFO - Sync 2 DAGs
[2025-01-15 23:19:02,923] {logging_mixin.py:115} INFO - [2025-01-15 23:19:02,923] {dag.py:2927} INFO - Setting next_dagrun for example_external_task_marker_child to None, run_after=None
[2025-01-15 23:19:02,924] {logging_mixin.py:115} INFO - [2025-01-15 23:19:02,924] {dag.py:2927} INFO - Setting next_dagrun for example_external_task_marker_parent to None, run_after=None
[2025-01-15 23:19:02,962] {processor.py:161} INFO - Processing /mnt/c/Users/ander/Desktop/airflow-spark/airflow-spark/curso2/ambientepython/lib/python3.9/site-packages/airflow/example_dags/example_external_task_marker_dag.py took 0.282 seconds
[2025-01-15 23:19:51,151] {processor.py:153} INFO - Started process (PID=27091) to work on /mnt/c/Users/ander/Desktop/airflow-spark/airflow-spark/curso2/ambientepython/lib/python3.9/site-packages/airflow/example_dags/example_external_task_marker_dag.py
[2025-01-15 23:19:51,153] {processor.py:641} INFO - Processing file /mnt/c/Users/ander/Desktop/airflow-spark/airflow-spark/curso2/ambientepython/lib/python3.9/site-packages/airflow/example_dags/example_external_task_marker_dag.py for tasks to queue
[2025-01-15 23:19:51,155] {logging_mixin.py:115} INFO - [2025-01-15 23:19:51,155] {dagbag.py:507} INFO - Filling up the DagBag from /mnt/c/Users/ander/Desktop/airflow-spark/airflow-spark/curso2/ambientepython/lib/python3.9/site-packages/airflow/example_dags/example_external_task_marker_dag.py
[2025-01-15 23:19:51,188] {processor.py:651} INFO - DAG(s) dict_keys(['example_external_task_marker_parent', 'example_external_task_marker_child']) retrieved from /mnt/c/Users/ander/Desktop/airflow-spark/airflow-spark/curso2/ambientepython/lib/python3.9/site-packages/airflow/example_dags/example_external_task_marker_dag.py
[2025-01-15 23:19:51,483] {logging_mixin.py:115} INFO - [2025-01-15 23:19:51,483] {dag.py:2379} INFO - Sync 2 DAGs
[2025-01-15 23:19:51,522] {logging_mixin.py:115} INFO - [2025-01-15 23:19:51,522] {dag.py:2927} INFO - Setting next_dagrun for example_external_task_marker_child to None, run_after=None
[2025-01-15 23:19:51,523] {logging_mixin.py:115} INFO - [2025-01-15 23:19:51,523] {dag.py:2927} INFO - Setting next_dagrun for example_external_task_marker_parent to None, run_after=None
[2025-01-15 23:19:51,581] {processor.py:161} INFO - Processing /mnt/c/Users/ander/Desktop/airflow-spark/airflow-spark/curso2/ambientepython/lib/python3.9/site-packages/airflow/example_dags/example_external_task_marker_dag.py took 0.437 seconds
[2025-01-15 23:20:41,808] {processor.py:153} INFO - Started process (PID=27570) to work on /mnt/c/Users/ander/Desktop/airflow-spark/airflow-spark/curso2/ambientepython/lib/python3.9/site-packages/airflow/example_dags/example_external_task_marker_dag.py
[2025-01-15 23:20:41,809] {processor.py:641} INFO - Processing file /mnt/c/Users/ander/Desktop/airflow-spark/airflow-spark/curso2/ambientepython/lib/python3.9/site-packages/airflow/example_dags/example_external_task_marker_dag.py for tasks to queue
[2025-01-15 23:20:41,810] {logging_mixin.py:115} INFO - [2025-01-15 23:20:41,810] {dagbag.py:507} INFO - Filling up the DagBag from /mnt/c/Users/ander/Desktop/airflow-spark/airflow-spark/curso2/ambientepython/lib/python3.9/site-packages/airflow/example_dags/example_external_task_marker_dag.py
[2025-01-15 23:20:41,838] {processor.py:651} INFO - DAG(s) dict_keys(['example_external_task_marker_parent', 'example_external_task_marker_child']) retrieved from /mnt/c/Users/ander/Desktop/airflow-spark/airflow-spark/curso2/ambientepython/lib/python3.9/site-packages/airflow/example_dags/example_external_task_marker_dag.py
[2025-01-15 23:20:42,089] {logging_mixin.py:115} INFO - [2025-01-15 23:20:42,089] {dag.py:2379} INFO - Sync 2 DAGs
[2025-01-15 23:20:42,135] {logging_mixin.py:115} INFO - [2025-01-15 23:20:42,135] {dag.py:2927} INFO - Setting next_dagrun for example_external_task_marker_child to None, run_after=None
[2025-01-15 23:20:42,137] {logging_mixin.py:115} INFO - [2025-01-15 23:20:42,137] {dag.py:2927} INFO - Setting next_dagrun for example_external_task_marker_parent to None, run_after=None
[2025-01-15 23:20:42,274] {processor.py:161} INFO - Processing /mnt/c/Users/ander/Desktop/airflow-spark/airflow-spark/curso2/ambientepython/lib/python3.9/site-packages/airflow/example_dags/example_external_task_marker_dag.py took 0.470 seconds
[2025-01-15 23:21:36,715] {processor.py:153} INFO - Started process (PID=27942) to work on /mnt/c/Users/ander/Desktop/airflow-spark/airflow-spark/curso2/ambientepython/lib/python3.9/site-packages/airflow/example_dags/example_external_task_marker_dag.py
[2025-01-15 23:21:36,716] {processor.py:641} INFO - Processing file /mnt/c/Users/ander/Desktop/airflow-spark/airflow-spark/curso2/ambientepython/lib/python3.9/site-packages/airflow/example_dags/example_external_task_marker_dag.py for tasks to queue
[2025-01-15 23:21:36,717] {logging_mixin.py:115} INFO - [2025-01-15 23:21:36,717] {dagbag.py:507} INFO - Filling up the DagBag from /mnt/c/Users/ander/Desktop/airflow-spark/airflow-spark/curso2/ambientepython/lib/python3.9/site-packages/airflow/example_dags/example_external_task_marker_dag.py
[2025-01-15 23:21:36,744] {processor.py:651} INFO - DAG(s) dict_keys(['example_external_task_marker_parent', 'example_external_task_marker_child']) retrieved from /mnt/c/Users/ander/Desktop/airflow-spark/airflow-spark/curso2/ambientepython/lib/python3.9/site-packages/airflow/example_dags/example_external_task_marker_dag.py
[2025-01-15 23:21:36,950] {logging_mixin.py:115} INFO - [2025-01-15 23:21:36,950] {dag.py:2379} INFO - Sync 2 DAGs
[2025-01-15 23:21:36,979] {logging_mixin.py:115} INFO - [2025-01-15 23:21:36,979] {dag.py:2927} INFO - Setting next_dagrun for example_external_task_marker_child to None, run_after=None
[2025-01-15 23:21:36,980] {logging_mixin.py:115} INFO - [2025-01-15 23:21:36,980] {dag.py:2927} INFO - Setting next_dagrun for example_external_task_marker_parent to None, run_after=None
[2025-01-15 23:21:37,025] {processor.py:161} INFO - Processing /mnt/c/Users/ander/Desktop/airflow-spark/airflow-spark/curso2/ambientepython/lib/python3.9/site-packages/airflow/example_dags/example_external_task_marker_dag.py took 0.315 seconds
[2025-01-15 23:22:36,641] {processor.py:153} INFO - Started process (PID=28467) to work on /mnt/c/Users/ander/Desktop/airflow-spark/airflow-spark/curso2/ambientepython/lib/python3.9/site-packages/airflow/example_dags/example_external_task_marker_dag.py
[2025-01-15 23:22:36,642] {processor.py:641} INFO - Processing file /mnt/c/Users/ander/Desktop/airflow-spark/airflow-spark/curso2/ambientepython/lib/python3.9/site-packages/airflow/example_dags/example_external_task_marker_dag.py for tasks to queue
[2025-01-15 23:22:36,643] {logging_mixin.py:115} INFO - [2025-01-15 23:22:36,643] {dagbag.py:507} INFO - Filling up the DagBag from /mnt/c/Users/ander/Desktop/airflow-spark/airflow-spark/curso2/ambientepython/lib/python3.9/site-packages/airflow/example_dags/example_external_task_marker_dag.py
[2025-01-15 23:22:36,694] {processor.py:651} INFO - DAG(s) dict_keys(['example_external_task_marker_parent', 'example_external_task_marker_child']) retrieved from /mnt/c/Users/ander/Desktop/airflow-spark/airflow-spark/curso2/ambientepython/lib/python3.9/site-packages/airflow/example_dags/example_external_task_marker_dag.py
[2025-01-15 23:22:37,101] {logging_mixin.py:115} INFO - [2025-01-15 23:22:37,101] {dag.py:2379} INFO - Sync 2 DAGs
[2025-01-15 23:22:37,135] {logging_mixin.py:115} INFO - [2025-01-15 23:22:37,134] {dag.py:2927} INFO - Setting next_dagrun for example_external_task_marker_child to None, run_after=None
[2025-01-15 23:22:37,135] {logging_mixin.py:115} INFO - [2025-01-15 23:22:37,135] {dag.py:2927} INFO - Setting next_dagrun for example_external_task_marker_parent to None, run_after=None
[2025-01-15 23:22:37,212] {processor.py:161} INFO - Processing /mnt/c/Users/ander/Desktop/airflow-spark/airflow-spark/curso2/ambientepython/lib/python3.9/site-packages/airflow/example_dags/example_external_task_marker_dag.py took 0.576 seconds
[2025-01-15 23:23:26,314] {processor.py:153} INFO - Started process (PID=28652) to work on /mnt/c/Users/ander/Desktop/airflow-spark/airflow-spark/curso2/ambientepython/lib/python3.9/site-packages/airflow/example_dags/example_external_task_marker_dag.py
[2025-01-15 23:23:26,315] {processor.py:641} INFO - Processing file /mnt/c/Users/ander/Desktop/airflow-spark/airflow-spark/curso2/ambientepython/lib/python3.9/site-packages/airflow/example_dags/example_external_task_marker_dag.py for tasks to queue
[2025-01-15 23:23:26,316] {logging_mixin.py:115} INFO - [2025-01-15 23:23:26,316] {dagbag.py:507} INFO - Filling up the DagBag from /mnt/c/Users/ander/Desktop/airflow-spark/airflow-spark/curso2/ambientepython/lib/python3.9/site-packages/airflow/example_dags/example_external_task_marker_dag.py
[2025-01-15 23:23:26,341] {processor.py:651} INFO - DAG(s) dict_keys(['example_external_task_marker_parent', 'example_external_task_marker_child']) retrieved from /mnt/c/Users/ander/Desktop/airflow-spark/airflow-spark/curso2/ambientepython/lib/python3.9/site-packages/airflow/example_dags/example_external_task_marker_dag.py
[2025-01-15 23:23:26,556] {logging_mixin.py:115} INFO - [2025-01-15 23:23:26,556] {dag.py:2379} INFO - Sync 2 DAGs
[2025-01-15 23:23:26,584] {logging_mixin.py:115} INFO - [2025-01-15 23:23:26,584] {dag.py:2927} INFO - Setting next_dagrun for example_external_task_marker_child to None, run_after=None
[2025-01-15 23:23:26,585] {logging_mixin.py:115} INFO - [2025-01-15 23:23:26,584] {dag.py:2927} INFO - Setting next_dagrun for example_external_task_marker_parent to None, run_after=None
[2025-01-15 23:23:26,635] {processor.py:161} INFO - Processing /mnt/c/Users/ander/Desktop/airflow-spark/airflow-spark/curso2/ambientepython/lib/python3.9/site-packages/airflow/example_dags/example_external_task_marker_dag.py took 0.325 seconds
[2025-01-15 23:24:11,469] {processor.py:153} INFO - Started process (PID=28817) to work on /mnt/c/Users/ander/Desktop/airflow-spark/airflow-spark/curso2/ambientepython/lib/python3.9/site-packages/airflow/example_dags/example_external_task_marker_dag.py
[2025-01-15 23:24:11,470] {processor.py:641} INFO - Processing file /mnt/c/Users/ander/Desktop/airflow-spark/airflow-spark/curso2/ambientepython/lib/python3.9/site-packages/airflow/example_dags/example_external_task_marker_dag.py for tasks to queue
[2025-01-15 23:24:11,471] {logging_mixin.py:115} INFO - [2025-01-15 23:24:11,471] {dagbag.py:507} INFO - Filling up the DagBag from /mnt/c/Users/ander/Desktop/airflow-spark/airflow-spark/curso2/ambientepython/lib/python3.9/site-packages/airflow/example_dags/example_external_task_marker_dag.py
[2025-01-15 23:24:11,499] {processor.py:651} INFO - DAG(s) dict_keys(['example_external_task_marker_parent', 'example_external_task_marker_child']) retrieved from /mnt/c/Users/ander/Desktop/airflow-spark/airflow-spark/curso2/ambientepython/lib/python3.9/site-packages/airflow/example_dags/example_external_task_marker_dag.py
[2025-01-15 23:24:11,726] {logging_mixin.py:115} INFO - [2025-01-15 23:24:11,726] {dag.py:2379} INFO - Sync 2 DAGs
[2025-01-15 23:24:11,757] {logging_mixin.py:115} INFO - [2025-01-15 23:24:11,757] {dag.py:2927} INFO - Setting next_dagrun for example_external_task_marker_child to None, run_after=None
[2025-01-15 23:24:11,758] {logging_mixin.py:115} INFO - [2025-01-15 23:24:11,758] {dag.py:2927} INFO - Setting next_dagrun for example_external_task_marker_parent to None, run_after=None
[2025-01-15 23:24:11,808] {processor.py:161} INFO - Processing /mnt/c/Users/ander/Desktop/airflow-spark/airflow-spark/curso2/ambientepython/lib/python3.9/site-packages/airflow/example_dags/example_external_task_marker_dag.py took 0.343 seconds
[2025-01-15 23:24:57,211] {processor.py:153} INFO - Started process (PID=28984) to work on /mnt/c/Users/ander/Desktop/airflow-spark/airflow-spark/curso2/ambientepython/lib/python3.9/site-packages/airflow/example_dags/example_external_task_marker_dag.py
[2025-01-15 23:24:57,212] {processor.py:641} INFO - Processing file /mnt/c/Users/ander/Desktop/airflow-spark/airflow-spark/curso2/ambientepython/lib/python3.9/site-packages/airflow/example_dags/example_external_task_marker_dag.py for tasks to queue
[2025-01-15 23:24:57,214] {logging_mixin.py:115} INFO - [2025-01-15 23:24:57,213] {dagbag.py:507} INFO - Filling up the DagBag from /mnt/c/Users/ander/Desktop/airflow-spark/airflow-spark/curso2/ambientepython/lib/python3.9/site-packages/airflow/example_dags/example_external_task_marker_dag.py
[2025-01-15 23:24:57,245] {processor.py:651} INFO - DAG(s) dict_keys(['example_external_task_marker_parent', 'example_external_task_marker_child']) retrieved from /mnt/c/Users/ander/Desktop/airflow-spark/airflow-spark/curso2/ambientepython/lib/python3.9/site-packages/airflow/example_dags/example_external_task_marker_dag.py
[2025-01-15 23:24:57,433] {logging_mixin.py:115} INFO - [2025-01-15 23:24:57,433] {dag.py:2379} INFO - Sync 2 DAGs
[2025-01-15 23:24:57,462] {logging_mixin.py:115} INFO - [2025-01-15 23:24:57,462] {dag.py:2927} INFO - Setting next_dagrun for example_external_task_marker_child to None, run_after=None
[2025-01-15 23:24:57,463] {logging_mixin.py:115} INFO - [2025-01-15 23:24:57,463] {dag.py:2927} INFO - Setting next_dagrun for example_external_task_marker_parent to None, run_after=None
[2025-01-15 23:24:57,505] {processor.py:161} INFO - Processing /mnt/c/Users/ander/Desktop/airflow-spark/airflow-spark/curso2/ambientepython/lib/python3.9/site-packages/airflow/example_dags/example_external_task_marker_dag.py took 0.298 seconds
[2025-01-15 23:25:40,783] {processor.py:153} INFO - Started process (PID=29139) to work on /mnt/c/Users/ander/Desktop/airflow-spark/airflow-spark/curso2/ambientepython/lib/python3.9/site-packages/airflow/example_dags/example_external_task_marker_dag.py
[2025-01-15 23:25:40,785] {processor.py:641} INFO - Processing file /mnt/c/Users/ander/Desktop/airflow-spark/airflow-spark/curso2/ambientepython/lib/python3.9/site-packages/airflow/example_dags/example_external_task_marker_dag.py for tasks to queue
[2025-01-15 23:25:40,786] {logging_mixin.py:115} INFO - [2025-01-15 23:25:40,786] {dagbag.py:507} INFO - Filling up the DagBag from /mnt/c/Users/ander/Desktop/airflow-spark/airflow-spark/curso2/ambientepython/lib/python3.9/site-packages/airflow/example_dags/example_external_task_marker_dag.py
[2025-01-15 23:25:40,818] {processor.py:651} INFO - DAG(s) dict_keys(['example_external_task_marker_parent', 'example_external_task_marker_child']) retrieved from /mnt/c/Users/ander/Desktop/airflow-spark/airflow-spark/curso2/ambientepython/lib/python3.9/site-packages/airflow/example_dags/example_external_task_marker_dag.py
[2025-01-15 23:25:41,061] {logging_mixin.py:115} INFO - [2025-01-15 23:25:41,061] {dag.py:2379} INFO - Sync 2 DAGs
[2025-01-15 23:25:41,102] {logging_mixin.py:115} INFO - [2025-01-15 23:25:41,102] {dag.py:2927} INFO - Setting next_dagrun for example_external_task_marker_child to None, run_after=None
[2025-01-15 23:25:41,102] {logging_mixin.py:115} INFO - [2025-01-15 23:25:41,102] {dag.py:2927} INFO - Setting next_dagrun for example_external_task_marker_parent to None, run_after=None
[2025-01-15 23:25:41,137] {processor.py:161} INFO - Processing /mnt/c/Users/ander/Desktop/airflow-spark/airflow-spark/curso2/ambientepython/lib/python3.9/site-packages/airflow/example_dags/example_external_task_marker_dag.py took 0.357 seconds
[2025-01-15 23:26:24,277] {processor.py:153} INFO - Started process (PID=29300) to work on /mnt/c/Users/ander/Desktop/airflow-spark/airflow-spark/curso2/ambientepython/lib/python3.9/site-packages/airflow/example_dags/example_external_task_marker_dag.py
[2025-01-15 23:26:24,278] {processor.py:641} INFO - Processing file /mnt/c/Users/ander/Desktop/airflow-spark/airflow-spark/curso2/ambientepython/lib/python3.9/site-packages/airflow/example_dags/example_external_task_marker_dag.py for tasks to queue
[2025-01-15 23:26:24,279] {logging_mixin.py:115} INFO - [2025-01-15 23:26:24,279] {dagbag.py:507} INFO - Filling up the DagBag from /mnt/c/Users/ander/Desktop/airflow-spark/airflow-spark/curso2/ambientepython/lib/python3.9/site-packages/airflow/example_dags/example_external_task_marker_dag.py
[2025-01-15 23:26:24,306] {processor.py:651} INFO - DAG(s) dict_keys(['example_external_task_marker_parent', 'example_external_task_marker_child']) retrieved from /mnt/c/Users/ander/Desktop/airflow-spark/airflow-spark/curso2/ambientepython/lib/python3.9/site-packages/airflow/example_dags/example_external_task_marker_dag.py
[2025-01-15 23:26:24,538] {logging_mixin.py:115} INFO - [2025-01-15 23:26:24,538] {dag.py:2379} INFO - Sync 2 DAGs
[2025-01-15 23:26:24,570] {logging_mixin.py:115} INFO - [2025-01-15 23:26:24,570] {dag.py:2927} INFO - Setting next_dagrun for example_external_task_marker_child to None, run_after=None
[2025-01-15 23:26:24,570] {logging_mixin.py:115} INFO - [2025-01-15 23:26:24,570] {dag.py:2927} INFO - Setting next_dagrun for example_external_task_marker_parent to None, run_after=None
[2025-01-15 23:26:24,620] {processor.py:161} INFO - Processing /mnt/c/Users/ander/Desktop/airflow-spark/airflow-spark/curso2/ambientepython/lib/python3.9/site-packages/airflow/example_dags/example_external_task_marker_dag.py took 0.347 seconds
[2025-01-15 23:27:06,640] {processor.py:153} INFO - Started process (PID=29454) to work on /mnt/c/Users/ander/Desktop/airflow-spark/airflow-spark/curso2/ambientepython/lib/python3.9/site-packages/airflow/example_dags/example_external_task_marker_dag.py
[2025-01-15 23:27:06,641] {processor.py:641} INFO - Processing file /mnt/c/Users/ander/Desktop/airflow-spark/airflow-spark/curso2/ambientepython/lib/python3.9/site-packages/airflow/example_dags/example_external_task_marker_dag.py for tasks to queue
[2025-01-15 23:27:06,643] {logging_mixin.py:115} INFO - [2025-01-15 23:27:06,642] {dagbag.py:507} INFO - Filling up the DagBag from /mnt/c/Users/ander/Desktop/airflow-spark/airflow-spark/curso2/ambientepython/lib/python3.9/site-packages/airflow/example_dags/example_external_task_marker_dag.py
[2025-01-15 23:27:06,667] {processor.py:651} INFO - DAG(s) dict_keys(['example_external_task_marker_parent', 'example_external_task_marker_child']) retrieved from /mnt/c/Users/ander/Desktop/airflow-spark/airflow-spark/curso2/ambientepython/lib/python3.9/site-packages/airflow/example_dags/example_external_task_marker_dag.py
[2025-01-15 23:27:06,874] {logging_mixin.py:115} INFO - [2025-01-15 23:27:06,874] {dag.py:2379} INFO - Sync 2 DAGs
[2025-01-15 23:27:06,904] {logging_mixin.py:115} INFO - [2025-01-15 23:27:06,904] {dag.py:2927} INFO - Setting next_dagrun for example_external_task_marker_child to None, run_after=None
[2025-01-15 23:27:06,905] {logging_mixin.py:115} INFO - [2025-01-15 23:27:06,905] {dag.py:2927} INFO - Setting next_dagrun for example_external_task_marker_parent to None, run_after=None
[2025-01-15 23:27:06,954] {processor.py:161} INFO - Processing /mnt/c/Users/ander/Desktop/airflow-spark/airflow-spark/curso2/ambientepython/lib/python3.9/site-packages/airflow/example_dags/example_external_task_marker_dag.py took 0.318 seconds
[2025-01-15 23:28:01,244] {processor.py:153} INFO - Started process (PID=29695) to work on /mnt/c/Users/ander/Desktop/airflow-spark/airflow-spark/curso2/ambientepython/lib/python3.9/site-packages/airflow/example_dags/example_external_task_marker_dag.py
[2025-01-15 23:28:01,246] {processor.py:641} INFO - Processing file /mnt/c/Users/ander/Desktop/airflow-spark/airflow-spark/curso2/ambientepython/lib/python3.9/site-packages/airflow/example_dags/example_external_task_marker_dag.py for tasks to queue
[2025-01-15 23:28:01,248] {logging_mixin.py:115} INFO - [2025-01-15 23:28:01,247] {dagbag.py:507} INFO - Filling up the DagBag from /mnt/c/Users/ander/Desktop/airflow-spark/airflow-spark/curso2/ambientepython/lib/python3.9/site-packages/airflow/example_dags/example_external_task_marker_dag.py
[2025-01-15 23:28:01,274] {processor.py:651} INFO - DAG(s) dict_keys(['example_external_task_marker_parent', 'example_external_task_marker_child']) retrieved from /mnt/c/Users/ander/Desktop/airflow-spark/airflow-spark/curso2/ambientepython/lib/python3.9/site-packages/airflow/example_dags/example_external_task_marker_dag.py
[2025-01-15 23:28:01,519] {logging_mixin.py:115} INFO - [2025-01-15 23:28:01,519] {dag.py:2379} INFO - Sync 2 DAGs
[2025-01-15 23:28:01,553] {logging_mixin.py:115} INFO - [2025-01-15 23:28:01,553] {dag.py:2927} INFO - Setting next_dagrun for example_external_task_marker_child to None, run_after=None
[2025-01-15 23:28:01,554] {logging_mixin.py:115} INFO - [2025-01-15 23:28:01,553] {dag.py:2927} INFO - Setting next_dagrun for example_external_task_marker_parent to None, run_after=None
[2025-01-15 23:28:01,600] {processor.py:161} INFO - Processing /mnt/c/Users/ander/Desktop/airflow-spark/airflow-spark/curso2/ambientepython/lib/python3.9/site-packages/airflow/example_dags/example_external_task_marker_dag.py took 0.361 seconds
[2025-01-15 23:28:55,619] {processor.py:153} INFO - Started process (PID=29892) to work on /mnt/c/Users/ander/Desktop/airflow-spark/airflow-spark/curso2/ambientepython/lib/python3.9/site-packages/airflow/example_dags/example_external_task_marker_dag.py
[2025-01-15 23:28:55,622] {processor.py:641} INFO - Processing file /mnt/c/Users/ander/Desktop/airflow-spark/airflow-spark/curso2/ambientepython/lib/python3.9/site-packages/airflow/example_dags/example_external_task_marker_dag.py for tasks to queue
[2025-01-15 23:28:55,624] {logging_mixin.py:115} INFO - [2025-01-15 23:28:55,624] {dagbag.py:507} INFO - Filling up the DagBag from /mnt/c/Users/ander/Desktop/airflow-spark/airflow-spark/curso2/ambientepython/lib/python3.9/site-packages/airflow/example_dags/example_external_task_marker_dag.py
[2025-01-15 23:28:55,663] {processor.py:651} INFO - DAG(s) dict_keys(['example_external_task_marker_parent', 'example_external_task_marker_child']) retrieved from /mnt/c/Users/ander/Desktop/airflow-spark/airflow-spark/curso2/ambientepython/lib/python3.9/site-packages/airflow/example_dags/example_external_task_marker_dag.py
[2025-01-15 23:28:55,967] {logging_mixin.py:115} INFO - [2025-01-15 23:28:55,967] {dag.py:2379} INFO - Sync 2 DAGs
[2025-01-15 23:28:56,004] {logging_mixin.py:115} INFO - [2025-01-15 23:28:56,004] {dag.py:2927} INFO - Setting next_dagrun for example_external_task_marker_child to None, run_after=None
[2025-01-15 23:28:56,005] {logging_mixin.py:115} INFO - [2025-01-15 23:28:56,005] {dag.py:2927} INFO - Setting next_dagrun for example_external_task_marker_parent to None, run_after=None
[2025-01-15 23:28:56,066] {processor.py:161} INFO - Processing /mnt/c/Users/ander/Desktop/airflow-spark/airflow-spark/curso2/ambientepython/lib/python3.9/site-packages/airflow/example_dags/example_external_task_marker_dag.py took 0.452 seconds
[2025-01-15 23:29:41,188] {processor.py:153} INFO - Started process (PID=30054) to work on /mnt/c/Users/ander/Desktop/airflow-spark/airflow-spark/curso2/ambientepython/lib/python3.9/site-packages/airflow/example_dags/example_external_task_marker_dag.py
[2025-01-15 23:29:41,190] {processor.py:641} INFO - Processing file /mnt/c/Users/ander/Desktop/airflow-spark/airflow-spark/curso2/ambientepython/lib/python3.9/site-packages/airflow/example_dags/example_external_task_marker_dag.py for tasks to queue
[2025-01-15 23:29:41,192] {logging_mixin.py:115} INFO - [2025-01-15 23:29:41,192] {dagbag.py:507} INFO - Filling up the DagBag from /mnt/c/Users/ander/Desktop/airflow-spark/airflow-spark/curso2/ambientepython/lib/python3.9/site-packages/airflow/example_dags/example_external_task_marker_dag.py
[2025-01-15 23:29:41,226] {processor.py:651} INFO - DAG(s) dict_keys(['example_external_task_marker_parent', 'example_external_task_marker_child']) retrieved from /mnt/c/Users/ander/Desktop/airflow-spark/airflow-spark/curso2/ambientepython/lib/python3.9/site-packages/airflow/example_dags/example_external_task_marker_dag.py
[2025-01-15 23:29:41,550] {logging_mixin.py:115} INFO - [2025-01-15 23:29:41,550] {dag.py:2379} INFO - Sync 2 DAGs
[2025-01-15 23:29:41,586] {logging_mixin.py:115} INFO - [2025-01-15 23:29:41,586] {dag.py:2927} INFO - Setting next_dagrun for example_external_task_marker_child to None, run_after=None
[2025-01-15 23:29:41,587] {logging_mixin.py:115} INFO - [2025-01-15 23:29:41,587] {dag.py:2927} INFO - Setting next_dagrun for example_external_task_marker_parent to None, run_after=None
[2025-01-15 23:29:41,647] {processor.py:161} INFO - Processing /mnt/c/Users/ander/Desktop/airflow-spark/airflow-spark/curso2/ambientepython/lib/python3.9/site-packages/airflow/example_dags/example_external_task_marker_dag.py took 0.463 seconds
[2025-01-15 23:30:28,357] {processor.py:153} INFO - Started process (PID=30376) to work on /mnt/c/Users/ander/Desktop/airflow-spark/airflow-spark/curso2/ambientepython/lib/python3.9/site-packages/airflow/example_dags/example_external_task_marker_dag.py
[2025-01-15 23:30:28,358] {processor.py:641} INFO - Processing file /mnt/c/Users/ander/Desktop/airflow-spark/airflow-spark/curso2/ambientepython/lib/python3.9/site-packages/airflow/example_dags/example_external_task_marker_dag.py for tasks to queue
[2025-01-15 23:30:28,359] {logging_mixin.py:115} INFO - [2025-01-15 23:30:28,359] {dagbag.py:507} INFO - Filling up the DagBag from /mnt/c/Users/ander/Desktop/airflow-spark/airflow-spark/curso2/ambientepython/lib/python3.9/site-packages/airflow/example_dags/example_external_task_marker_dag.py
[2025-01-15 23:30:28,397] {processor.py:651} INFO - DAG(s) dict_keys(['example_external_task_marker_parent', 'example_external_task_marker_child']) retrieved from /mnt/c/Users/ander/Desktop/airflow-spark/airflow-spark/curso2/ambientepython/lib/python3.9/site-packages/airflow/example_dags/example_external_task_marker_dag.py
[2025-01-15 23:30:28,782] {logging_mixin.py:115} INFO - [2025-01-15 23:30:28,782] {dag.py:2379} INFO - Sync 2 DAGs
[2025-01-15 23:30:28,817] {logging_mixin.py:115} INFO - [2025-01-15 23:30:28,817] {dag.py:2927} INFO - Setting next_dagrun for example_external_task_marker_child to None, run_after=None
[2025-01-15 23:30:28,818] {logging_mixin.py:115} INFO - [2025-01-15 23:30:28,817] {dag.py:2927} INFO - Setting next_dagrun for example_external_task_marker_parent to None, run_after=None
[2025-01-15 23:30:28,872] {processor.py:161} INFO - Processing /mnt/c/Users/ander/Desktop/airflow-spark/airflow-spark/curso2/ambientepython/lib/python3.9/site-packages/airflow/example_dags/example_external_task_marker_dag.py took 0.520 seconds
[2025-01-15 23:32:56,110] {processor.py:153} INFO - Started process (PID=31987) to work on /mnt/c/Users/ander/Desktop/airflow-spark/airflow-spark/curso2/ambientepython/lib/python3.9/site-packages/airflow/example_dags/example_external_task_marker_dag.py
[2025-01-15 23:32:56,111] {processor.py:641} INFO - Processing file /mnt/c/Users/ander/Desktop/airflow-spark/airflow-spark/curso2/ambientepython/lib/python3.9/site-packages/airflow/example_dags/example_external_task_marker_dag.py for tasks to queue
[2025-01-15 23:32:56,112] {logging_mixin.py:115} INFO - [2025-01-15 23:32:56,112] {dagbag.py:507} INFO - Filling up the DagBag from /mnt/c/Users/ander/Desktop/airflow-spark/airflow-spark/curso2/ambientepython/lib/python3.9/site-packages/airflow/example_dags/example_external_task_marker_dag.py
[2025-01-15 23:32:56,139] {processor.py:651} INFO - DAG(s) dict_keys(['example_external_task_marker_parent', 'example_external_task_marker_child']) retrieved from /mnt/c/Users/ander/Desktop/airflow-spark/airflow-spark/curso2/ambientepython/lib/python3.9/site-packages/airflow/example_dags/example_external_task_marker_dag.py
[2025-01-15 23:32:56,363] {logging_mixin.py:115} INFO - [2025-01-15 23:32:56,363] {dag.py:2379} INFO - Sync 2 DAGs
[2025-01-15 23:32:56,394] {logging_mixin.py:115} INFO - [2025-01-15 23:32:56,394] {dag.py:2927} INFO - Setting next_dagrun for example_external_task_marker_child to None, run_after=None
[2025-01-15 23:32:56,395] {logging_mixin.py:115} INFO - [2025-01-15 23:32:56,395] {dag.py:2927} INFO - Setting next_dagrun for example_external_task_marker_parent to None, run_after=None
[2025-01-15 23:32:56,442] {processor.py:161} INFO - Processing /mnt/c/Users/ander/Desktop/airflow-spark/airflow-spark/curso2/ambientepython/lib/python3.9/site-packages/airflow/example_dags/example_external_task_marker_dag.py took 0.336 seconds
[2025-01-15 23:33:40,251] {processor.py:153} INFO - Started process (PID=32148) to work on /mnt/c/Users/ander/Desktop/airflow-spark/airflow-spark/curso2/ambientepython/lib/python3.9/site-packages/airflow/example_dags/example_external_task_marker_dag.py
[2025-01-15 23:33:40,253] {processor.py:641} INFO - Processing file /mnt/c/Users/ander/Desktop/airflow-spark/airflow-spark/curso2/ambientepython/lib/python3.9/site-packages/airflow/example_dags/example_external_task_marker_dag.py for tasks to queue
[2025-01-15 23:33:40,254] {logging_mixin.py:115} INFO - [2025-01-15 23:33:40,254] {dagbag.py:507} INFO - Filling up the DagBag from /mnt/c/Users/ander/Desktop/airflow-spark/airflow-spark/curso2/ambientepython/lib/python3.9/site-packages/airflow/example_dags/example_external_task_marker_dag.py
[2025-01-15 23:33:40,282] {processor.py:651} INFO - DAG(s) dict_keys(['example_external_task_marker_parent', 'example_external_task_marker_child']) retrieved from /mnt/c/Users/ander/Desktop/airflow-spark/airflow-spark/curso2/ambientepython/lib/python3.9/site-packages/airflow/example_dags/example_external_task_marker_dag.py
[2025-01-15 23:33:40,517] {logging_mixin.py:115} INFO - [2025-01-15 23:33:40,517] {dag.py:2379} INFO - Sync 2 DAGs
[2025-01-15 23:33:40,548] {logging_mixin.py:115} INFO - [2025-01-15 23:33:40,548] {dag.py:2927} INFO - Setting next_dagrun for example_external_task_marker_child to None, run_after=None
[2025-01-15 23:33:40,549] {logging_mixin.py:115} INFO - [2025-01-15 23:33:40,549] {dag.py:2927} INFO - Setting next_dagrun for example_external_task_marker_parent to None, run_after=None
[2025-01-15 23:33:40,599] {processor.py:161} INFO - Processing /mnt/c/Users/ander/Desktop/airflow-spark/airflow-spark/curso2/ambientepython/lib/python3.9/site-packages/airflow/example_dags/example_external_task_marker_dag.py took 0.352 seconds
[2025-01-15 23:34:30,560] {processor.py:153} INFO - Started process (PID=32332) to work on /mnt/c/Users/ander/Desktop/airflow-spark/airflow-spark/curso2/ambientepython/lib/python3.9/site-packages/airflow/example_dags/example_external_task_marker_dag.py
[2025-01-15 23:34:30,561] {processor.py:641} INFO - Processing file /mnt/c/Users/ander/Desktop/airflow-spark/airflow-spark/curso2/ambientepython/lib/python3.9/site-packages/airflow/example_dags/example_external_task_marker_dag.py for tasks to queue
[2025-01-15 23:34:30,562] {logging_mixin.py:115} INFO - [2025-01-15 23:34:30,562] {dagbag.py:507} INFO - Filling up the DagBag from /mnt/c/Users/ander/Desktop/airflow-spark/airflow-spark/curso2/ambientepython/lib/python3.9/site-packages/airflow/example_dags/example_external_task_marker_dag.py
[2025-01-15 23:34:30,590] {processor.py:651} INFO - DAG(s) dict_keys(['example_external_task_marker_parent', 'example_external_task_marker_child']) retrieved from /mnt/c/Users/ander/Desktop/airflow-spark/airflow-spark/curso2/ambientepython/lib/python3.9/site-packages/airflow/example_dags/example_external_task_marker_dag.py
[2025-01-15 23:34:30,834] {logging_mixin.py:115} INFO - [2025-01-15 23:34:30,834] {dag.py:2379} INFO - Sync 2 DAGs
[2025-01-15 23:34:30,868] {logging_mixin.py:115} INFO - [2025-01-15 23:34:30,868] {dag.py:2927} INFO - Setting next_dagrun for example_external_task_marker_child to None, run_after=None
[2025-01-15 23:34:30,870] {logging_mixin.py:115} INFO - [2025-01-15 23:34:30,869] {dag.py:2927} INFO - Setting next_dagrun for example_external_task_marker_parent to None, run_after=None
[2025-01-15 23:34:30,913] {processor.py:161} INFO - Processing /mnt/c/Users/ander/Desktop/airflow-spark/airflow-spark/curso2/ambientepython/lib/python3.9/site-packages/airflow/example_dags/example_external_task_marker_dag.py took 0.357 seconds
[2025-01-15 23:35:14,913] {processor.py:153} INFO - Started process (PID=32493) to work on /mnt/c/Users/ander/Desktop/airflow-spark/airflow-spark/curso2/ambientepython/lib/python3.9/site-packages/airflow/example_dags/example_external_task_marker_dag.py
[2025-01-15 23:35:14,914] {processor.py:641} INFO - Processing file /mnt/c/Users/ander/Desktop/airflow-spark/airflow-spark/curso2/ambientepython/lib/python3.9/site-packages/airflow/example_dags/example_external_task_marker_dag.py for tasks to queue
[2025-01-15 23:35:14,915] {logging_mixin.py:115} INFO - [2025-01-15 23:35:14,915] {dagbag.py:507} INFO - Filling up the DagBag from /mnt/c/Users/ander/Desktop/airflow-spark/airflow-spark/curso2/ambientepython/lib/python3.9/site-packages/airflow/example_dags/example_external_task_marker_dag.py
[2025-01-15 23:35:14,938] {processor.py:651} INFO - DAG(s) dict_keys(['example_external_task_marker_parent', 'example_external_task_marker_child']) retrieved from /mnt/c/Users/ander/Desktop/airflow-spark/airflow-spark/curso2/ambientepython/lib/python3.9/site-packages/airflow/example_dags/example_external_task_marker_dag.py
[2025-01-15 23:35:15,271] {logging_mixin.py:115} INFO - [2025-01-15 23:35:15,271] {dag.py:2379} INFO - Sync 2 DAGs
[2025-01-15 23:35:15,300] {logging_mixin.py:115} INFO - [2025-01-15 23:35:15,300] {dag.py:2927} INFO - Setting next_dagrun for example_external_task_marker_child to None, run_after=None
[2025-01-15 23:35:15,301] {logging_mixin.py:115} INFO - [2025-01-15 23:35:15,301] {dag.py:2927} INFO - Setting next_dagrun for example_external_task_marker_parent to None, run_after=None
[2025-01-15 23:35:15,346] {processor.py:161} INFO - Processing /mnt/c/Users/ander/Desktop/airflow-spark/airflow-spark/curso2/ambientepython/lib/python3.9/site-packages/airflow/example_dags/example_external_task_marker_dag.py took 0.437 seconds
[2025-01-15 23:36:05,504] {processor.py:153} INFO - Started process (PID=32668) to work on /mnt/c/Users/ander/Desktop/airflow-spark/airflow-spark/curso2/ambientepython/lib/python3.9/site-packages/airflow/example_dags/example_external_task_marker_dag.py
[2025-01-15 23:36:05,505] {processor.py:641} INFO - Processing file /mnt/c/Users/ander/Desktop/airflow-spark/airflow-spark/curso2/ambientepython/lib/python3.9/site-packages/airflow/example_dags/example_external_task_marker_dag.py for tasks to queue
[2025-01-15 23:36:05,506] {logging_mixin.py:115} INFO - [2025-01-15 23:36:05,506] {dagbag.py:507} INFO - Filling up the DagBag from /mnt/c/Users/ander/Desktop/airflow-spark/airflow-spark/curso2/ambientepython/lib/python3.9/site-packages/airflow/example_dags/example_external_task_marker_dag.py
[2025-01-15 23:36:05,534] {processor.py:651} INFO - DAG(s) dict_keys(['example_external_task_marker_parent', 'example_external_task_marker_child']) retrieved from /mnt/c/Users/ander/Desktop/airflow-spark/airflow-spark/curso2/ambientepython/lib/python3.9/site-packages/airflow/example_dags/example_external_task_marker_dag.py
[2025-01-15 23:36:05,869] {logging_mixin.py:115} INFO - [2025-01-15 23:36:05,869] {dag.py:2379} INFO - Sync 2 DAGs
[2025-01-15 23:36:05,906] {logging_mixin.py:115} INFO - [2025-01-15 23:36:05,906] {dag.py:2927} INFO - Setting next_dagrun for example_external_task_marker_child to None, run_after=None
[2025-01-15 23:36:05,906] {logging_mixin.py:115} INFO - [2025-01-15 23:36:05,906] {dag.py:2927} INFO - Setting next_dagrun for example_external_task_marker_parent to None, run_after=None
[2025-01-15 23:36:06,000] {processor.py:161} INFO - Processing /mnt/c/Users/ander/Desktop/airflow-spark/airflow-spark/curso2/ambientepython/lib/python3.9/site-packages/airflow/example_dags/example_external_task_marker_dag.py took 0.501 seconds
[2025-01-15 23:37:05,527] {processor.py:153} INFO - Started process (PID=32878) to work on /mnt/c/Users/ander/Desktop/airflow-spark/airflow-spark/curso2/ambientepython/lib/python3.9/site-packages/airflow/example_dags/example_external_task_marker_dag.py
[2025-01-15 23:37:05,531] {processor.py:641} INFO - Processing file /mnt/c/Users/ander/Desktop/airflow-spark/airflow-spark/curso2/ambientepython/lib/python3.9/site-packages/airflow/example_dags/example_external_task_marker_dag.py for tasks to queue
[2025-01-15 23:37:05,532] {logging_mixin.py:115} INFO - [2025-01-15 23:37:05,532] {dagbag.py:507} INFO - Filling up the DagBag from /mnt/c/Users/ander/Desktop/airflow-spark/airflow-spark/curso2/ambientepython/lib/python3.9/site-packages/airflow/example_dags/example_external_task_marker_dag.py
[2025-01-15 23:37:05,565] {processor.py:651} INFO - DAG(s) dict_keys(['example_external_task_marker_parent', 'example_external_task_marker_child']) retrieved from /mnt/c/Users/ander/Desktop/airflow-spark/airflow-spark/curso2/ambientepython/lib/python3.9/site-packages/airflow/example_dags/example_external_task_marker_dag.py
[2025-01-15 23:37:05,847] {logging_mixin.py:115} INFO - [2025-01-15 23:37:05,847] {dag.py:2379} INFO - Sync 2 DAGs
[2025-01-15 23:37:05,882] {logging_mixin.py:115} INFO - [2025-01-15 23:37:05,882] {dag.py:2927} INFO - Setting next_dagrun for example_external_task_marker_child to None, run_after=None
[2025-01-15 23:37:05,883] {logging_mixin.py:115} INFO - [2025-01-15 23:37:05,883] {dag.py:2927} INFO - Setting next_dagrun for example_external_task_marker_parent to None, run_after=None
[2025-01-15 23:37:05,951] {processor.py:161} INFO - Processing /mnt/c/Users/ander/Desktop/airflow-spark/airflow-spark/curso2/ambientepython/lib/python3.9/site-packages/airflow/example_dags/example_external_task_marker_dag.py took 0.428 seconds
[2025-01-15 23:38:01,018] {processor.py:153} INFO - Started process (PID=33131) to work on /mnt/c/Users/ander/Desktop/airflow-spark/airflow-spark/curso2/ambientepython/lib/python3.9/site-packages/airflow/example_dags/example_external_task_marker_dag.py
[2025-01-15 23:38:01,020] {processor.py:641} INFO - Processing file /mnt/c/Users/ander/Desktop/airflow-spark/airflow-spark/curso2/ambientepython/lib/python3.9/site-packages/airflow/example_dags/example_external_task_marker_dag.py for tasks to queue
[2025-01-15 23:38:01,021] {logging_mixin.py:115} INFO - [2025-01-15 23:38:01,020] {dagbag.py:507} INFO - Filling up the DagBag from /mnt/c/Users/ander/Desktop/airflow-spark/airflow-spark/curso2/ambientepython/lib/python3.9/site-packages/airflow/example_dags/example_external_task_marker_dag.py
[2025-01-15 23:38:01,050] {processor.py:651} INFO - DAG(s) dict_keys(['example_external_task_marker_parent', 'example_external_task_marker_child']) retrieved from /mnt/c/Users/ander/Desktop/airflow-spark/airflow-spark/curso2/ambientepython/lib/python3.9/site-packages/airflow/example_dags/example_external_task_marker_dag.py
[2025-01-15 23:38:01,322] {logging_mixin.py:115} INFO - [2025-01-15 23:38:01,322] {dag.py:2379} INFO - Sync 2 DAGs
[2025-01-15 23:38:01,358] {logging_mixin.py:115} INFO - [2025-01-15 23:38:01,357] {dag.py:2927} INFO - Setting next_dagrun for example_external_task_marker_child to None, run_after=None
[2025-01-15 23:38:01,359] {logging_mixin.py:115} INFO - [2025-01-15 23:38:01,359] {dag.py:2927} INFO - Setting next_dagrun for example_external_task_marker_parent to None, run_after=None
[2025-01-15 23:38:01,414] {processor.py:161} INFO - Processing /mnt/c/Users/ander/Desktop/airflow-spark/airflow-spark/curso2/ambientepython/lib/python3.9/site-packages/airflow/example_dags/example_external_task_marker_dag.py took 0.401 seconds
[2025-01-15 23:38:52,550] {processor.py:153} INFO - Started process (PID=33314) to work on /mnt/c/Users/ander/Desktop/airflow-spark/airflow-spark/curso2/ambientepython/lib/python3.9/site-packages/airflow/example_dags/example_external_task_marker_dag.py
[2025-01-15 23:38:52,552] {processor.py:641} INFO - Processing file /mnt/c/Users/ander/Desktop/airflow-spark/airflow-spark/curso2/ambientepython/lib/python3.9/site-packages/airflow/example_dags/example_external_task_marker_dag.py for tasks to queue
[2025-01-15 23:38:52,556] {logging_mixin.py:115} INFO - [2025-01-15 23:38:52,555] {dagbag.py:507} INFO - Filling up the DagBag from /mnt/c/Users/ander/Desktop/airflow-spark/airflow-spark/curso2/ambientepython/lib/python3.9/site-packages/airflow/example_dags/example_external_task_marker_dag.py
[2025-01-15 23:38:52,590] {processor.py:651} INFO - DAG(s) dict_keys(['example_external_task_marker_parent', 'example_external_task_marker_child']) retrieved from /mnt/c/Users/ander/Desktop/airflow-spark/airflow-spark/curso2/ambientepython/lib/python3.9/site-packages/airflow/example_dags/example_external_task_marker_dag.py
[2025-01-15 23:38:52,955] {logging_mixin.py:115} INFO - [2025-01-15 23:38:52,955] {dag.py:2379} INFO - Sync 2 DAGs
[2025-01-15 23:38:52,997] {logging_mixin.py:115} INFO - [2025-01-15 23:38:52,997] {dag.py:2927} INFO - Setting next_dagrun for example_external_task_marker_child to None, run_after=None
[2025-01-15 23:38:52,998] {logging_mixin.py:115} INFO - [2025-01-15 23:38:52,998] {dag.py:2927} INFO - Setting next_dagrun for example_external_task_marker_parent to None, run_after=None
[2025-01-15 23:38:53,055] {processor.py:161} INFO - Processing /mnt/c/Users/ander/Desktop/airflow-spark/airflow-spark/curso2/ambientepython/lib/python3.9/site-packages/airflow/example_dags/example_external_task_marker_dag.py took 0.512 seconds
[2025-01-15 23:39:38,151] {processor.py:153} INFO - Started process (PID=33478) to work on /mnt/c/Users/ander/Desktop/airflow-spark/airflow-spark/curso2/ambientepython/lib/python3.9/site-packages/airflow/example_dags/example_external_task_marker_dag.py
[2025-01-15 23:39:38,154] {processor.py:641} INFO - Processing file /mnt/c/Users/ander/Desktop/airflow-spark/airflow-spark/curso2/ambientepython/lib/python3.9/site-packages/airflow/example_dags/example_external_task_marker_dag.py for tasks to queue
[2025-01-15 23:39:38,157] {logging_mixin.py:115} INFO - [2025-01-15 23:39:38,157] {dagbag.py:507} INFO - Filling up the DagBag from /mnt/c/Users/ander/Desktop/airflow-spark/airflow-spark/curso2/ambientepython/lib/python3.9/site-packages/airflow/example_dags/example_external_task_marker_dag.py
[2025-01-15 23:39:38,182] {processor.py:651} INFO - DAG(s) dict_keys(['example_external_task_marker_parent', 'example_external_task_marker_child']) retrieved from /mnt/c/Users/ander/Desktop/airflow-spark/airflow-spark/curso2/ambientepython/lib/python3.9/site-packages/airflow/example_dags/example_external_task_marker_dag.py
[2025-01-15 23:39:38,412] {logging_mixin.py:115} INFO - [2025-01-15 23:39:38,412] {dag.py:2379} INFO - Sync 2 DAGs
[2025-01-15 23:39:38,445] {logging_mixin.py:115} INFO - [2025-01-15 23:39:38,445] {dag.py:2927} INFO - Setting next_dagrun for example_external_task_marker_child to None, run_after=None
[2025-01-15 23:39:38,446] {logging_mixin.py:115} INFO - [2025-01-15 23:39:38,446] {dag.py:2927} INFO - Setting next_dagrun for example_external_task_marker_parent to None, run_after=None
[2025-01-15 23:39:38,501] {processor.py:161} INFO - Processing /mnt/c/Users/ander/Desktop/airflow-spark/airflow-spark/curso2/ambientepython/lib/python3.9/site-packages/airflow/example_dags/example_external_task_marker_dag.py took 0.353 seconds
[2025-01-15 23:40:33,319] {processor.py:153} INFO - Started process (PID=33674) to work on /mnt/c/Users/ander/Desktop/airflow-spark/airflow-spark/curso2/ambientepython/lib/python3.9/site-packages/airflow/example_dags/example_external_task_marker_dag.py
[2025-01-15 23:40:33,320] {processor.py:641} INFO - Processing file /mnt/c/Users/ander/Desktop/airflow-spark/airflow-spark/curso2/ambientepython/lib/python3.9/site-packages/airflow/example_dags/example_external_task_marker_dag.py for tasks to queue
[2025-01-15 23:40:33,324] {logging_mixin.py:115} INFO - [2025-01-15 23:40:33,324] {dagbag.py:507} INFO - Filling up the DagBag from /mnt/c/Users/ander/Desktop/airflow-spark/airflow-spark/curso2/ambientepython/lib/python3.9/site-packages/airflow/example_dags/example_external_task_marker_dag.py
[2025-01-15 23:40:33,347] {processor.py:651} INFO - DAG(s) dict_keys(['example_external_task_marker_parent', 'example_external_task_marker_child']) retrieved from /mnt/c/Users/ander/Desktop/airflow-spark/airflow-spark/curso2/ambientepython/lib/python3.9/site-packages/airflow/example_dags/example_external_task_marker_dag.py
[2025-01-15 23:40:33,603] {logging_mixin.py:115} INFO - [2025-01-15 23:40:33,602] {dag.py:2379} INFO - Sync 2 DAGs
[2025-01-15 23:40:33,638] {logging_mixin.py:115} INFO - [2025-01-15 23:40:33,638] {dag.py:2927} INFO - Setting next_dagrun for example_external_task_marker_child to None, run_after=None
[2025-01-15 23:40:33,638] {logging_mixin.py:115} INFO - [2025-01-15 23:40:33,638] {dag.py:2927} INFO - Setting next_dagrun for example_external_task_marker_parent to None, run_after=None
[2025-01-15 23:40:33,692] {processor.py:161} INFO - Processing /mnt/c/Users/ander/Desktop/airflow-spark/airflow-spark/curso2/ambientepython/lib/python3.9/site-packages/airflow/example_dags/example_external_task_marker_dag.py took 0.377 seconds
[2025-01-15 23:41:24,180] {processor.py:153} INFO - Started process (PID=33857) to work on /mnt/c/Users/ander/Desktop/airflow-spark/airflow-spark/curso2/ambientepython/lib/python3.9/site-packages/airflow/example_dags/example_external_task_marker_dag.py
[2025-01-15 23:41:24,181] {processor.py:641} INFO - Processing file /mnt/c/Users/ander/Desktop/airflow-spark/airflow-spark/curso2/ambientepython/lib/python3.9/site-packages/airflow/example_dags/example_external_task_marker_dag.py for tasks to queue
[2025-01-15 23:41:24,182] {logging_mixin.py:115} INFO - [2025-01-15 23:41:24,182] {dagbag.py:507} INFO - Filling up the DagBag from /mnt/c/Users/ander/Desktop/airflow-spark/airflow-spark/curso2/ambientepython/lib/python3.9/site-packages/airflow/example_dags/example_external_task_marker_dag.py
[2025-01-15 23:41:24,213] {processor.py:651} INFO - DAG(s) dict_keys(['example_external_task_marker_parent', 'example_external_task_marker_child']) retrieved from /mnt/c/Users/ander/Desktop/airflow-spark/airflow-spark/curso2/ambientepython/lib/python3.9/site-packages/airflow/example_dags/example_external_task_marker_dag.py
[2025-01-15 23:41:25,145] {logging_mixin.py:115} INFO - [2025-01-15 23:41:25,145] {dag.py:2379} INFO - Sync 2 DAGs
[2025-01-15 23:41:25,181] {logging_mixin.py:115} INFO - [2025-01-15 23:41:25,180] {dag.py:2927} INFO - Setting next_dagrun for example_external_task_marker_child to None, run_after=None
[2025-01-15 23:41:25,181] {logging_mixin.py:115} INFO - [2025-01-15 23:41:25,181] {dag.py:2927} INFO - Setting next_dagrun for example_external_task_marker_parent to None, run_after=None
[2025-01-15 23:41:25,236] {processor.py:161} INFO - Processing /mnt/c/Users/ander/Desktop/airflow-spark/airflow-spark/curso2/ambientepython/lib/python3.9/site-packages/airflow/example_dags/example_external_task_marker_dag.py took 0.384 seconds
[2025-01-15 23:42:15,068] {processor.py:153} INFO - Started process (PID=34039) to work on /mnt/c/Users/ander/Desktop/airflow-spark/airflow-spark/curso2/ambientepython/lib/python3.9/site-packages/airflow/example_dags/example_external_task_marker_dag.py
[2025-01-15 23:42:15,070] {processor.py:641} INFO - Processing file /mnt/c/Users/ander/Desktop/airflow-spark/airflow-spark/curso2/ambientepython/lib/python3.9/site-packages/airflow/example_dags/example_external_task_marker_dag.py for tasks to queue
[2025-01-15 23:42:15,072] {logging_mixin.py:115} INFO - [2025-01-15 23:42:15,071] {dagbag.py:507} INFO - Filling up the DagBag from /mnt/c/Users/ander/Desktop/airflow-spark/airflow-spark/curso2/ambientepython/lib/python3.9/site-packages/airflow/example_dags/example_external_task_marker_dag.py
[2025-01-15 23:42:15,112] {processor.py:651} INFO - DAG(s) dict_keys(['example_external_task_marker_parent', 'example_external_task_marker_child']) retrieved from /mnt/c/Users/ander/Desktop/airflow-spark/airflow-spark/curso2/ambientepython/lib/python3.9/site-packages/airflow/example_dags/example_external_task_marker_dag.py
[2025-01-15 23:42:15,352] {logging_mixin.py:115} INFO - [2025-01-15 23:42:15,352] {dag.py:2379} INFO - Sync 2 DAGs
[2025-01-15 23:42:15,388] {logging_mixin.py:115} INFO - [2025-01-15 23:42:15,388] {dag.py:2927} INFO - Setting next_dagrun for example_external_task_marker_child to None, run_after=None
[2025-01-15 23:42:15,388] {logging_mixin.py:115} INFO - [2025-01-15 23:42:15,388] {dag.py:2927} INFO - Setting next_dagrun for example_external_task_marker_parent to None, run_after=None
[2025-01-15 23:42:15,458] {processor.py:161} INFO - Processing /mnt/c/Users/ander/Desktop/airflow-spark/airflow-spark/curso2/ambientepython/lib/python3.9/site-packages/airflow/example_dags/example_external_task_marker_dag.py took 0.395 seconds
[2025-01-15 23:42:58,434] {processor.py:153} INFO - Started process (PID=34248) to work on /mnt/c/Users/ander/Desktop/airflow-spark/airflow-spark/curso2/ambientepython/lib/python3.9/site-packages/airflow/example_dags/example_external_task_marker_dag.py
[2025-01-15 23:42:58,435] {processor.py:641} INFO - Processing file /mnt/c/Users/ander/Desktop/airflow-spark/airflow-spark/curso2/ambientepython/lib/python3.9/site-packages/airflow/example_dags/example_external_task_marker_dag.py for tasks to queue
[2025-01-15 23:42:58,436] {logging_mixin.py:115} INFO - [2025-01-15 23:42:58,436] {dagbag.py:507} INFO - Filling up the DagBag from /mnt/c/Users/ander/Desktop/airflow-spark/airflow-spark/curso2/ambientepython/lib/python3.9/site-packages/airflow/example_dags/example_external_task_marker_dag.py
[2025-01-15 23:42:58,463] {processor.py:651} INFO - DAG(s) dict_keys(['example_external_task_marker_parent', 'example_external_task_marker_child']) retrieved from /mnt/c/Users/ander/Desktop/airflow-spark/airflow-spark/curso2/ambientepython/lib/python3.9/site-packages/airflow/example_dags/example_external_task_marker_dag.py
[2025-01-15 23:42:58,693] {logging_mixin.py:115} INFO - [2025-01-15 23:42:58,692] {dag.py:2379} INFO - Sync 2 DAGs
[2025-01-15 23:42:58,724] {logging_mixin.py:115} INFO - [2025-01-15 23:42:58,724] {dag.py:2927} INFO - Setting next_dagrun for example_external_task_marker_child to None, run_after=None
[2025-01-15 23:42:58,724] {logging_mixin.py:115} INFO - [2025-01-15 23:42:58,724] {dag.py:2927} INFO - Setting next_dagrun for example_external_task_marker_parent to None, run_after=None
[2025-01-15 23:42:58,775] {processor.py:161} INFO - Processing /mnt/c/Users/ander/Desktop/airflow-spark/airflow-spark/curso2/ambientepython/lib/python3.9/site-packages/airflow/example_dags/example_external_task_marker_dag.py took 0.345 seconds
[2025-01-15 23:43:45,482] {processor.py:153} INFO - Started process (PID=34415) to work on /mnt/c/Users/ander/Desktop/airflow-spark/airflow-spark/curso2/ambientepython/lib/python3.9/site-packages/airflow/example_dags/example_external_task_marker_dag.py
[2025-01-15 23:43:45,483] {processor.py:641} INFO - Processing file /mnt/c/Users/ander/Desktop/airflow-spark/airflow-spark/curso2/ambientepython/lib/python3.9/site-packages/airflow/example_dags/example_external_task_marker_dag.py for tasks to queue
[2025-01-15 23:43:45,484] {logging_mixin.py:115} INFO - [2025-01-15 23:43:45,484] {dagbag.py:507} INFO - Filling up the DagBag from /mnt/c/Users/ander/Desktop/airflow-spark/airflow-spark/curso2/ambientepython/lib/python3.9/site-packages/airflow/example_dags/example_external_task_marker_dag.py
[2025-01-15 23:43:45,513] {processor.py:651} INFO - DAG(s) dict_keys(['example_external_task_marker_parent', 'example_external_task_marker_child']) retrieved from /mnt/c/Users/ander/Desktop/airflow-spark/airflow-spark/curso2/ambientepython/lib/python3.9/site-packages/airflow/example_dags/example_external_task_marker_dag.py
[2025-01-15 23:43:45,736] {logging_mixin.py:115} INFO - [2025-01-15 23:43:45,736] {dag.py:2379} INFO - Sync 2 DAGs
[2025-01-15 23:43:45,768] {logging_mixin.py:115} INFO - [2025-01-15 23:43:45,767] {dag.py:2927} INFO - Setting next_dagrun for example_external_task_marker_child to None, run_after=None
[2025-01-15 23:43:45,768] {logging_mixin.py:115} INFO - [2025-01-15 23:43:45,768] {dag.py:2927} INFO - Setting next_dagrun for example_external_task_marker_parent to None, run_after=None
[2025-01-15 23:43:45,820] {processor.py:161} INFO - Processing /mnt/c/Users/ander/Desktop/airflow-spark/airflow-spark/curso2/ambientepython/lib/python3.9/site-packages/airflow/example_dags/example_external_task_marker_dag.py took 0.342 seconds
[2025-01-15 23:44:42,680] {processor.py:153} INFO - Started process (PID=34619) to work on /mnt/c/Users/ander/Desktop/airflow-spark/airflow-spark/curso2/ambientepython/lib/python3.9/site-packages/airflow/example_dags/example_external_task_marker_dag.py
[2025-01-15 23:44:42,681] {processor.py:641} INFO - Processing file /mnt/c/Users/ander/Desktop/airflow-spark/airflow-spark/curso2/ambientepython/lib/python3.9/site-packages/airflow/example_dags/example_external_task_marker_dag.py for tasks to queue
[2025-01-15 23:44:42,683] {logging_mixin.py:115} INFO - [2025-01-15 23:44:42,683] {dagbag.py:507} INFO - Filling up the DagBag from /mnt/c/Users/ander/Desktop/airflow-spark/airflow-spark/curso2/ambientepython/lib/python3.9/site-packages/airflow/example_dags/example_external_task_marker_dag.py
[2025-01-15 23:44:42,715] {processor.py:651} INFO - DAG(s) dict_keys(['example_external_task_marker_parent', 'example_external_task_marker_child']) retrieved from /mnt/c/Users/ander/Desktop/airflow-spark/airflow-spark/curso2/ambientepython/lib/python3.9/site-packages/airflow/example_dags/example_external_task_marker_dag.py
[2025-01-15 23:44:43,013] {logging_mixin.py:115} INFO - [2025-01-15 23:44:43,012] {dag.py:2379} INFO - Sync 2 DAGs
[2025-01-15 23:44:43,048] {logging_mixin.py:115} INFO - [2025-01-15 23:44:43,048] {dag.py:2927} INFO - Setting next_dagrun for example_external_task_marker_child to None, run_after=None
[2025-01-15 23:44:43,048] {logging_mixin.py:115} INFO - [2025-01-15 23:44:43,048] {dag.py:2927} INFO - Setting next_dagrun for example_external_task_marker_parent to None, run_after=None
[2025-01-15 23:44:43,107] {processor.py:161} INFO - Processing /mnt/c/Users/ander/Desktop/airflow-spark/airflow-spark/curso2/ambientepython/lib/python3.9/site-packages/airflow/example_dags/example_external_task_marker_dag.py took 0.434 seconds
[2025-01-15 23:45:29,995] {processor.py:153} INFO - Started process (PID=34795) to work on /mnt/c/Users/ander/Desktop/airflow-spark/airflow-spark/curso2/ambientepython/lib/python3.9/site-packages/airflow/example_dags/example_external_task_marker_dag.py
[2025-01-15 23:45:30,010] {processor.py:641} INFO - Processing file /mnt/c/Users/ander/Desktop/airflow-spark/airflow-spark/curso2/ambientepython/lib/python3.9/site-packages/airflow/example_dags/example_external_task_marker_dag.py for tasks to queue
[2025-01-15 23:45:30,011] {logging_mixin.py:115} INFO - [2025-01-15 23:45:30,011] {dagbag.py:507} INFO - Filling up the DagBag from /mnt/c/Users/ander/Desktop/airflow-spark/airflow-spark/curso2/ambientepython/lib/python3.9/site-packages/airflow/example_dags/example_external_task_marker_dag.py
[2025-01-15 23:45:30,083] {processor.py:651} INFO - DAG(s) dict_keys(['example_external_task_marker_parent', 'example_external_task_marker_child']) retrieved from /mnt/c/Users/ander/Desktop/airflow-spark/airflow-spark/curso2/ambientepython/lib/python3.9/site-packages/airflow/example_dags/example_external_task_marker_dag.py
[2025-01-15 23:45:30,448] {logging_mixin.py:115} INFO - [2025-01-15 23:45:30,448] {dag.py:2379} INFO - Sync 2 DAGs
[2025-01-15 23:45:30,487] {logging_mixin.py:115} INFO - [2025-01-15 23:45:30,487] {dag.py:2927} INFO - Setting next_dagrun for example_external_task_marker_child to None, run_after=None
[2025-01-15 23:45:30,488] {logging_mixin.py:115} INFO - [2025-01-15 23:45:30,488] {dag.py:2927} INFO - Setting next_dagrun for example_external_task_marker_parent to None, run_after=None
[2025-01-15 23:45:30,541] {processor.py:161} INFO - Processing /mnt/c/Users/ander/Desktop/airflow-spark/airflow-spark/curso2/ambientepython/lib/python3.9/site-packages/airflow/example_dags/example_external_task_marker_dag.py took 0.551 seconds
[2025-01-15 23:46:16,055] {processor.py:153} INFO - Started process (PID=34956) to work on /mnt/c/Users/ander/Desktop/airflow-spark/airflow-spark/curso2/ambientepython/lib/python3.9/site-packages/airflow/example_dags/example_external_task_marker_dag.py
[2025-01-15 23:46:16,056] {processor.py:641} INFO - Processing file /mnt/c/Users/ander/Desktop/airflow-spark/airflow-spark/curso2/ambientepython/lib/python3.9/site-packages/airflow/example_dags/example_external_task_marker_dag.py for tasks to queue
[2025-01-15 23:46:16,057] {logging_mixin.py:115} INFO - [2025-01-15 23:46:16,057] {dagbag.py:507} INFO - Filling up the DagBag from /mnt/c/Users/ander/Desktop/airflow-spark/airflow-spark/curso2/ambientepython/lib/python3.9/site-packages/airflow/example_dags/example_external_task_marker_dag.py
[2025-01-15 23:46:16,084] {processor.py:651} INFO - DAG(s) dict_keys(['example_external_task_marker_parent', 'example_external_task_marker_child']) retrieved from /mnt/c/Users/ander/Desktop/airflow-spark/airflow-spark/curso2/ambientepython/lib/python3.9/site-packages/airflow/example_dags/example_external_task_marker_dag.py
[2025-01-15 23:46:16,291] {logging_mixin.py:115} INFO - [2025-01-15 23:46:16,291] {dag.py:2379} INFO - Sync 2 DAGs
[2025-01-15 23:46:16,320] {logging_mixin.py:115} INFO - [2025-01-15 23:46:16,320] {dag.py:2927} INFO - Setting next_dagrun for example_external_task_marker_child to None, run_after=None
[2025-01-15 23:46:16,321] {logging_mixin.py:115} INFO - [2025-01-15 23:46:16,320] {dag.py:2927} INFO - Setting next_dagrun for example_external_task_marker_parent to None, run_after=None
[2025-01-15 23:46:16,364] {processor.py:161} INFO - Processing /mnt/c/Users/ander/Desktop/airflow-spark/airflow-spark/curso2/ambientepython/lib/python3.9/site-packages/airflow/example_dags/example_external_task_marker_dag.py took 0.314 seconds
[2025-01-15 23:46:59,952] {processor.py:153} INFO - Started process (PID=35117) to work on /mnt/c/Users/ander/Desktop/airflow-spark/airflow-spark/curso2/ambientepython/lib/python3.9/site-packages/airflow/example_dags/example_external_task_marker_dag.py
[2025-01-15 23:46:59,953] {processor.py:641} INFO - Processing file /mnt/c/Users/ander/Desktop/airflow-spark/airflow-spark/curso2/ambientepython/lib/python3.9/site-packages/airflow/example_dags/example_external_task_marker_dag.py for tasks to queue
[2025-01-15 23:46:59,954] {logging_mixin.py:115} INFO - [2025-01-15 23:46:59,954] {dagbag.py:507} INFO - Filling up the DagBag from /mnt/c/Users/ander/Desktop/airflow-spark/airflow-spark/curso2/ambientepython/lib/python3.9/site-packages/airflow/example_dags/example_external_task_marker_dag.py
[2025-01-15 23:46:59,988] {processor.py:651} INFO - DAG(s) dict_keys(['example_external_task_marker_parent', 'example_external_task_marker_child']) retrieved from /mnt/c/Users/ander/Desktop/airflow-spark/airflow-spark/curso2/ambientepython/lib/python3.9/site-packages/airflow/example_dags/example_external_task_marker_dag.py
[2025-01-15 23:47:00,307] {logging_mixin.py:115} INFO - [2025-01-15 23:47:00,306] {dag.py:2379} INFO - Sync 2 DAGs
[2025-01-15 23:47:00,351] {logging_mixin.py:115} INFO - [2025-01-15 23:47:00,350] {dag.py:2927} INFO - Setting next_dagrun for example_external_task_marker_child to None, run_after=None
[2025-01-15 23:47:00,351] {logging_mixin.py:115} INFO - [2025-01-15 23:47:00,351] {dag.py:2927} INFO - Setting next_dagrun for example_external_task_marker_parent to None, run_after=None
[2025-01-15 23:47:00,406] {processor.py:161} INFO - Processing /mnt/c/Users/ander/Desktop/airflow-spark/airflow-spark/curso2/ambientepython/lib/python3.9/site-packages/airflow/example_dags/example_external_task_marker_dag.py took 0.459 seconds
[2025-01-15 23:47:44,376] {processor.py:153} INFO - Started process (PID=35278) to work on /mnt/c/Users/ander/Desktop/airflow-spark/airflow-spark/curso2/ambientepython/lib/python3.9/site-packages/airflow/example_dags/example_external_task_marker_dag.py
[2025-01-15 23:47:44,378] {processor.py:641} INFO - Processing file /mnt/c/Users/ander/Desktop/airflow-spark/airflow-spark/curso2/ambientepython/lib/python3.9/site-packages/airflow/example_dags/example_external_task_marker_dag.py for tasks to queue
[2025-01-15 23:47:44,378] {logging_mixin.py:115} INFO - [2025-01-15 23:47:44,378] {dagbag.py:507} INFO - Filling up the DagBag from /mnt/c/Users/ander/Desktop/airflow-spark/airflow-spark/curso2/ambientepython/lib/python3.9/site-packages/airflow/example_dags/example_external_task_marker_dag.py
[2025-01-15 23:47:44,404] {processor.py:651} INFO - DAG(s) dict_keys(['example_external_task_marker_parent', 'example_external_task_marker_child']) retrieved from /mnt/c/Users/ander/Desktop/airflow-spark/airflow-spark/curso2/ambientepython/lib/python3.9/site-packages/airflow/example_dags/example_external_task_marker_dag.py
[2025-01-15 23:47:44,634] {logging_mixin.py:115} INFO - [2025-01-15 23:47:44,633] {dag.py:2379} INFO - Sync 2 DAGs
[2025-01-15 23:47:44,664] {logging_mixin.py:115} INFO - [2025-01-15 23:47:44,664] {dag.py:2927} INFO - Setting next_dagrun for example_external_task_marker_child to None, run_after=None
[2025-01-15 23:47:44,664] {logging_mixin.py:115} INFO - [2025-01-15 23:47:44,664] {dag.py:2927} INFO - Setting next_dagrun for example_external_task_marker_parent to None, run_after=None
[2025-01-15 23:47:44,764] {processor.py:161} INFO - Processing /mnt/c/Users/ander/Desktop/airflow-spark/airflow-spark/curso2/ambientepython/lib/python3.9/site-packages/airflow/example_dags/example_external_task_marker_dag.py took 0.392 seconds
[2025-01-15 23:48:28,121] {processor.py:153} INFO - Started process (PID=35490) to work on /mnt/c/Users/ander/Desktop/airflow-spark/airflow-spark/curso2/ambientepython/lib/python3.9/site-packages/airflow/example_dags/example_external_task_marker_dag.py
[2025-01-15 23:48:28,127] {processor.py:641} INFO - Processing file /mnt/c/Users/ander/Desktop/airflow-spark/airflow-spark/curso2/ambientepython/lib/python3.9/site-packages/airflow/example_dags/example_external_task_marker_dag.py for tasks to queue
[2025-01-15 23:48:28,130] {logging_mixin.py:115} INFO - [2025-01-15 23:48:28,130] {dagbag.py:507} INFO - Filling up the DagBag from /mnt/c/Users/ander/Desktop/airflow-spark/airflow-spark/curso2/ambientepython/lib/python3.9/site-packages/airflow/example_dags/example_external_task_marker_dag.py
[2025-01-15 23:48:28,151] {processor.py:651} INFO - DAG(s) dict_keys(['example_external_task_marker_parent', 'example_external_task_marker_child']) retrieved from /mnt/c/Users/ander/Desktop/airflow-spark/airflow-spark/curso2/ambientepython/lib/python3.9/site-packages/airflow/example_dags/example_external_task_marker_dag.py
[2025-01-15 23:48:28,320] {logging_mixin.py:115} INFO - [2025-01-15 23:48:28,319] {dag.py:2379} INFO - Sync 2 DAGs
[2025-01-15 23:48:28,352] {logging_mixin.py:115} INFO - [2025-01-15 23:48:28,352] {dag.py:2927} INFO - Setting next_dagrun for example_external_task_marker_child to None, run_after=None
[2025-01-15 23:48:28,352] {logging_mixin.py:115} INFO - [2025-01-15 23:48:28,352] {dag.py:2927} INFO - Setting next_dagrun for example_external_task_marker_parent to None, run_after=None
[2025-01-15 23:48:28,393] {processor.py:161} INFO - Processing /mnt/c/Users/ander/Desktop/airflow-spark/airflow-spark/curso2/ambientepython/lib/python3.9/site-packages/airflow/example_dags/example_external_task_marker_dag.py took 0.277 seconds
[2025-01-15 23:49:16,520] {processor.py:153} INFO - Started process (PID=35666) to work on /mnt/c/Users/ander/Desktop/airflow-spark/airflow-spark/curso2/ambientepython/lib/python3.9/site-packages/airflow/example_dags/example_external_task_marker_dag.py
[2025-01-15 23:49:16,521] {processor.py:641} INFO - Processing file /mnt/c/Users/ander/Desktop/airflow-spark/airflow-spark/curso2/ambientepython/lib/python3.9/site-packages/airflow/example_dags/example_external_task_marker_dag.py for tasks to queue
[2025-01-15 23:49:16,522] {logging_mixin.py:115} INFO - [2025-01-15 23:49:16,522] {dagbag.py:507} INFO - Filling up the DagBag from /mnt/c/Users/ander/Desktop/airflow-spark/airflow-spark/curso2/ambientepython/lib/python3.9/site-packages/airflow/example_dags/example_external_task_marker_dag.py
[2025-01-15 23:49:16,548] {processor.py:651} INFO - DAG(s) dict_keys(['example_external_task_marker_parent', 'example_external_task_marker_child']) retrieved from /mnt/c/Users/ander/Desktop/airflow-spark/airflow-spark/curso2/ambientepython/lib/python3.9/site-packages/airflow/example_dags/example_external_task_marker_dag.py
[2025-01-15 23:49:16,781] {logging_mixin.py:115} INFO - [2025-01-15 23:49:16,781] {dag.py:2379} INFO - Sync 2 DAGs
[2025-01-15 23:49:16,812] {logging_mixin.py:115} INFO - [2025-01-15 23:49:16,812] {dag.py:2927} INFO - Setting next_dagrun for example_external_task_marker_child to None, run_after=None
[2025-01-15 23:49:16,812] {logging_mixin.py:115} INFO - [2025-01-15 23:49:16,812] {dag.py:2927} INFO - Setting next_dagrun for example_external_task_marker_parent to None, run_after=None
[2025-01-15 23:49:16,862] {processor.py:161} INFO - Processing /mnt/c/Users/ander/Desktop/airflow-spark/airflow-spark/curso2/ambientepython/lib/python3.9/site-packages/airflow/example_dags/example_external_task_marker_dag.py took 0.346 seconds
[2025-01-15 23:50:03,188] {processor.py:153} INFO - Started process (PID=35834) to work on /mnt/c/Users/ander/Desktop/airflow-spark/airflow-spark/curso2/ambientepython/lib/python3.9/site-packages/airflow/example_dags/example_external_task_marker_dag.py
[2025-01-15 23:50:03,192] {processor.py:641} INFO - Processing file /mnt/c/Users/ander/Desktop/airflow-spark/airflow-spark/curso2/ambientepython/lib/python3.9/site-packages/airflow/example_dags/example_external_task_marker_dag.py for tasks to queue
[2025-01-15 23:50:03,194] {logging_mixin.py:115} INFO - [2025-01-15 23:50:03,194] {dagbag.py:507} INFO - Filling up the DagBag from /mnt/c/Users/ander/Desktop/airflow-spark/airflow-spark/curso2/ambientepython/lib/python3.9/site-packages/airflow/example_dags/example_external_task_marker_dag.py
[2025-01-15 23:50:03,221] {processor.py:651} INFO - DAG(s) dict_keys(['example_external_task_marker_parent', 'example_external_task_marker_child']) retrieved from /mnt/c/Users/ander/Desktop/airflow-spark/airflow-spark/curso2/ambientepython/lib/python3.9/site-packages/airflow/example_dags/example_external_task_marker_dag.py
[2025-01-15 23:50:03,531] {logging_mixin.py:115} INFO - [2025-01-15 23:50:03,531] {dag.py:2379} INFO - Sync 2 DAGs
[2025-01-15 23:50:03,569] {logging_mixin.py:115} INFO - [2025-01-15 23:50:03,569] {dag.py:2927} INFO - Setting next_dagrun for example_external_task_marker_child to None, run_after=None
[2025-01-15 23:50:03,570] {logging_mixin.py:115} INFO - [2025-01-15 23:50:03,569] {dag.py:2927} INFO - Setting next_dagrun for example_external_task_marker_parent to None, run_after=None
[2025-01-15 23:50:03,627] {processor.py:161} INFO - Processing /mnt/c/Users/ander/Desktop/airflow-spark/airflow-spark/curso2/ambientepython/lib/python3.9/site-packages/airflow/example_dags/example_external_task_marker_dag.py took 0.443 seconds
[2025-01-15 23:50:50,160] {processor.py:153} INFO - Started process (PID=36002) to work on /mnt/c/Users/ander/Desktop/airflow-spark/airflow-spark/curso2/ambientepython/lib/python3.9/site-packages/airflow/example_dags/example_external_task_marker_dag.py
[2025-01-15 23:50:50,161] {processor.py:641} INFO - Processing file /mnt/c/Users/ander/Desktop/airflow-spark/airflow-spark/curso2/ambientepython/lib/python3.9/site-packages/airflow/example_dags/example_external_task_marker_dag.py for tasks to queue
[2025-01-15 23:50:50,162] {logging_mixin.py:115} INFO - [2025-01-15 23:50:50,162] {dagbag.py:507} INFO - Filling up the DagBag from /mnt/c/Users/ander/Desktop/airflow-spark/airflow-spark/curso2/ambientepython/lib/python3.9/site-packages/airflow/example_dags/example_external_task_marker_dag.py
[2025-01-15 23:50:50,197] {processor.py:651} INFO - DAG(s) dict_keys(['example_external_task_marker_parent', 'example_external_task_marker_child']) retrieved from /mnt/c/Users/ander/Desktop/airflow-spark/airflow-spark/curso2/ambientepython/lib/python3.9/site-packages/airflow/example_dags/example_external_task_marker_dag.py
[2025-01-15 23:50:50,495] {logging_mixin.py:115} INFO - [2025-01-15 23:50:50,495] {dag.py:2379} INFO - Sync 2 DAGs
[2025-01-15 23:50:50,537] {logging_mixin.py:115} INFO - [2025-01-15 23:50:50,536] {dag.py:2927} INFO - Setting next_dagrun for example_external_task_marker_child to None, run_after=None
[2025-01-15 23:50:50,539] {logging_mixin.py:115} INFO - [2025-01-15 23:50:50,539] {dag.py:2927} INFO - Setting next_dagrun for example_external_task_marker_parent to None, run_after=None
[2025-01-15 23:50:50,599] {processor.py:161} INFO - Processing /mnt/c/Users/ander/Desktop/airflow-spark/airflow-spark/curso2/ambientepython/lib/python3.9/site-packages/airflow/example_dags/example_external_task_marker_dag.py took 0.443 seconds
[2025-01-15 23:51:37,834] {processor.py:153} INFO - Started process (PID=36177) to work on /mnt/c/Users/ander/Desktop/airflow-spark/airflow-spark/curso2/ambientepython/lib/python3.9/site-packages/airflow/example_dags/example_external_task_marker_dag.py
[2025-01-15 23:51:37,836] {processor.py:641} INFO - Processing file /mnt/c/Users/ander/Desktop/airflow-spark/airflow-spark/curso2/ambientepython/lib/python3.9/site-packages/airflow/example_dags/example_external_task_marker_dag.py for tasks to queue
[2025-01-15 23:51:37,838] {logging_mixin.py:115} INFO - [2025-01-15 23:51:37,838] {dagbag.py:507} INFO - Filling up the DagBag from /mnt/c/Users/ander/Desktop/airflow-spark/airflow-spark/curso2/ambientepython/lib/python3.9/site-packages/airflow/example_dags/example_external_task_marker_dag.py
[2025-01-15 23:51:37,867] {processor.py:651} INFO - DAG(s) dict_keys(['example_external_task_marker_parent', 'example_external_task_marker_child']) retrieved from /mnt/c/Users/ander/Desktop/airflow-spark/airflow-spark/curso2/ambientepython/lib/python3.9/site-packages/airflow/example_dags/example_external_task_marker_dag.py
[2025-01-15 23:51:38,192] {logging_mixin.py:115} INFO - [2025-01-15 23:51:38,192] {dag.py:2379} INFO - Sync 2 DAGs
[2025-01-15 23:51:38,242] {logging_mixin.py:115} INFO - [2025-01-15 23:51:38,242] {dag.py:2927} INFO - Setting next_dagrun for example_external_task_marker_child to None, run_after=None
[2025-01-15 23:51:38,243] {logging_mixin.py:115} INFO - [2025-01-15 23:51:38,243] {dag.py:2927} INFO - Setting next_dagrun for example_external_task_marker_parent to None, run_after=None
[2025-01-15 23:51:38,302] {processor.py:161} INFO - Processing /mnt/c/Users/ander/Desktop/airflow-spark/airflow-spark/curso2/ambientepython/lib/python3.9/site-packages/airflow/example_dags/example_external_task_marker_dag.py took 0.474 seconds
[2025-01-15 23:52:30,796] {processor.py:153} INFO - Started process (PID=36360) to work on /mnt/c/Users/ander/Desktop/airflow-spark/airflow-spark/curso2/ambientepython/lib/python3.9/site-packages/airflow/example_dags/example_external_task_marker_dag.py
[2025-01-15 23:52:30,798] {processor.py:641} INFO - Processing file /mnt/c/Users/ander/Desktop/airflow-spark/airflow-spark/curso2/ambientepython/lib/python3.9/site-packages/airflow/example_dags/example_external_task_marker_dag.py for tasks to queue
[2025-01-15 23:52:30,800] {logging_mixin.py:115} INFO - [2025-01-15 23:52:30,799] {dagbag.py:507} INFO - Filling up the DagBag from /mnt/c/Users/ander/Desktop/airflow-spark/airflow-spark/curso2/ambientepython/lib/python3.9/site-packages/airflow/example_dags/example_external_task_marker_dag.py
[2025-01-15 23:52:30,832] {processor.py:651} INFO - DAG(s) dict_keys(['example_external_task_marker_parent', 'example_external_task_marker_child']) retrieved from /mnt/c/Users/ander/Desktop/airflow-spark/airflow-spark/curso2/ambientepython/lib/python3.9/site-packages/airflow/example_dags/example_external_task_marker_dag.py
[2025-01-15 23:52:31,348] {logging_mixin.py:115} INFO - [2025-01-15 23:52:31,348] {dag.py:2379} INFO - Sync 2 DAGs
[2025-01-15 23:52:31,427] {logging_mixin.py:115} INFO - [2025-01-15 23:52:31,427] {dag.py:2927} INFO - Setting next_dagrun for example_external_task_marker_child to None, run_after=None
[2025-01-15 23:52:31,428] {logging_mixin.py:115} INFO - [2025-01-15 23:52:31,428] {dag.py:2927} INFO - Setting next_dagrun for example_external_task_marker_parent to None, run_after=None
[2025-01-15 23:52:31,475] {processor.py:161} INFO - Processing /mnt/c/Users/ander/Desktop/airflow-spark/airflow-spark/curso2/ambientepython/lib/python3.9/site-packages/airflow/example_dags/example_external_task_marker_dag.py took 0.684 seconds
[2025-01-15 23:53:22,425] {processor.py:153} INFO - Started process (PID=36600) to work on /mnt/c/Users/ander/Desktop/airflow-spark/airflow-spark/curso2/ambientepython/lib/python3.9/site-packages/airflow/example_dags/example_external_task_marker_dag.py
[2025-01-15 23:53:22,426] {processor.py:641} INFO - Processing file /mnt/c/Users/ander/Desktop/airflow-spark/airflow-spark/curso2/ambientepython/lib/python3.9/site-packages/airflow/example_dags/example_external_task_marker_dag.py for tasks to queue
[2025-01-15 23:53:22,427] {logging_mixin.py:115} INFO - [2025-01-15 23:53:22,427] {dagbag.py:507} INFO - Filling up the DagBag from /mnt/c/Users/ander/Desktop/airflow-spark/airflow-spark/curso2/ambientepython/lib/python3.9/site-packages/airflow/example_dags/example_external_task_marker_dag.py
[2025-01-15 23:53:22,453] {processor.py:651} INFO - DAG(s) dict_keys(['example_external_task_marker_parent', 'example_external_task_marker_child']) retrieved from /mnt/c/Users/ander/Desktop/airflow-spark/airflow-spark/curso2/ambientepython/lib/python3.9/site-packages/airflow/example_dags/example_external_task_marker_dag.py
[2025-01-15 23:53:22,648] {logging_mixin.py:115} INFO - [2025-01-15 23:53:22,648] {dag.py:2379} INFO - Sync 2 DAGs
[2025-01-15 23:53:22,682] {logging_mixin.py:115} INFO - [2025-01-15 23:53:22,682] {dag.py:2927} INFO - Setting next_dagrun for example_external_task_marker_child to None, run_after=None
[2025-01-15 23:53:22,683] {logging_mixin.py:115} INFO - [2025-01-15 23:53:22,683] {dag.py:2927} INFO - Setting next_dagrun for example_external_task_marker_parent to None, run_after=None
[2025-01-15 23:53:22,729] {processor.py:161} INFO - Processing /mnt/c/Users/ander/Desktop/airflow-spark/airflow-spark/curso2/ambientepython/lib/python3.9/site-packages/airflow/example_dags/example_external_task_marker_dag.py took 0.309 seconds
