[2025-01-15 23:13:00,606] {processor.py:153} INFO - Started process (PID=25552) to work on /mnt/c/Users/ander/Desktop/airflow-spark/airflow-spark/curso2/ambientepython/lib/python3.9/site-packages/airflow/example_dags/example_bash_operator.py
[2025-01-15 23:13:00,608] {processor.py:641} INFO - Processing file /mnt/c/Users/ander/Desktop/airflow-spark/airflow-spark/curso2/ambientepython/lib/python3.9/site-packages/airflow/example_dags/example_bash_operator.py for tasks to queue
[2025-01-15 23:13:00,609] {logging_mixin.py:115} INFO - [2025-01-15 23:13:00,608] {dagbag.py:507} INFO - Filling up the DagBag from /mnt/c/Users/ander/Desktop/airflow-spark/airflow-spark/curso2/ambientepython/lib/python3.9/site-packages/airflow/example_dags/example_bash_operator.py
[2025-01-15 23:13:00,690] {processor.py:651} INFO - DAG(s) dict_keys(['example_bash_operator']) retrieved from /mnt/c/Users/ander/Desktop/airflow-spark/airflow-spark/curso2/ambientepython/lib/python3.9/site-packages/airflow/example_dags/example_bash_operator.py
[2025-01-15 23:13:00,867] {logging_mixin.py:115} INFO - [2025-01-15 23:13:00,867] {manager.py:508} INFO - Created Permission View: can edit on DAG:example_bash_operator
[2025-01-15 23:13:00,915] {logging_mixin.py:115} INFO - [2025-01-15 23:13:00,915] {manager.py:508} INFO - Created Permission View: can delete on DAG:example_bash_operator
[2025-01-15 23:13:00,951] {logging_mixin.py:115} INFO - [2025-01-15 23:13:00,951] {manager.py:508} INFO - Created Permission View: can read on DAG:example_bash_operator
[2025-01-15 23:13:00,952] {logging_mixin.py:115} INFO - [2025-01-15 23:13:00,951] {dag.py:2379} INFO - Sync 1 DAGs
[2025-01-15 23:13:00,969] {logging_mixin.py:115} INFO - [2025-01-15 23:13:00,969] {dag.py:2398} INFO - Creating ORM DAG for example_bash_operator
[2025-01-15 23:13:00,985] {logging_mixin.py:115} INFO - [2025-01-15 23:13:00,985] {dag.py:2927} INFO - Setting next_dagrun for example_bash_operator to 2025-01-15T00:00:00+00:00, run_after=2025-01-16T00:00:00+00:00
[2025-01-15 23:13:01,045] {processor.py:161} INFO - Processing /mnt/c/Users/ander/Desktop/airflow-spark/airflow-spark/curso2/ambientepython/lib/python3.9/site-packages/airflow/example_dags/example_bash_operator.py took 0.443 seconds
[2025-01-15 23:13:53,837] {processor.py:153} INFO - Started process (PID=25749) to work on /mnt/c/Users/ander/Desktop/airflow-spark/airflow-spark/curso2/ambientepython/lib/python3.9/site-packages/airflow/example_dags/example_bash_operator.py
[2025-01-15 23:13:53,838] {processor.py:641} INFO - Processing file /mnt/c/Users/ander/Desktop/airflow-spark/airflow-spark/curso2/ambientepython/lib/python3.9/site-packages/airflow/example_dags/example_bash_operator.py for tasks to queue
[2025-01-15 23:13:53,839] {logging_mixin.py:115} INFO - [2025-01-15 23:13:53,839] {dagbag.py:507} INFO - Filling up the DagBag from /mnt/c/Users/ander/Desktop/airflow-spark/airflow-spark/curso2/ambientepython/lib/python3.9/site-packages/airflow/example_dags/example_bash_operator.py
[2025-01-15 23:13:53,891] {processor.py:651} INFO - DAG(s) dict_keys(['example_bash_operator']) retrieved from /mnt/c/Users/ander/Desktop/airflow-spark/airflow-spark/curso2/ambientepython/lib/python3.9/site-packages/airflow/example_dags/example_bash_operator.py
[2025-01-15 23:13:53,931] {logging_mixin.py:115} INFO - [2025-01-15 23:13:53,931] {dag.py:2379} INFO - Sync 1 DAGs
[2025-01-15 23:13:53,963] {logging_mixin.py:115} INFO - [2025-01-15 23:13:53,963] {dag.py:2927} INFO - Setting next_dagrun for example_bash_operator to 2025-01-15T00:00:00+00:00, run_after=2025-01-16T00:00:00+00:00
[2025-01-15 23:13:54,009] {processor.py:161} INFO - Processing /mnt/c/Users/ander/Desktop/airflow-spark/airflow-spark/curso2/ambientepython/lib/python3.9/site-packages/airflow/example_dags/example_bash_operator.py took 0.176 seconds
[2025-01-15 23:14:38,291] {processor.py:153} INFO - Started process (PID=25910) to work on /mnt/c/Users/ander/Desktop/airflow-spark/airflow-spark/curso2/ambientepython/lib/python3.9/site-packages/airflow/example_dags/example_bash_operator.py
[2025-01-15 23:14:38,293] {processor.py:641} INFO - Processing file /mnt/c/Users/ander/Desktop/airflow-spark/airflow-spark/curso2/ambientepython/lib/python3.9/site-packages/airflow/example_dags/example_bash_operator.py for tasks to queue
[2025-01-15 23:14:38,294] {logging_mixin.py:115} INFO - [2025-01-15 23:14:38,293] {dagbag.py:507} INFO - Filling up the DagBag from /mnt/c/Users/ander/Desktop/airflow-spark/airflow-spark/curso2/ambientepython/lib/python3.9/site-packages/airflow/example_dags/example_bash_operator.py
[2025-01-15 23:14:38,340] {processor.py:651} INFO - DAG(s) dict_keys(['example_bash_operator']) retrieved from /mnt/c/Users/ander/Desktop/airflow-spark/airflow-spark/curso2/ambientepython/lib/python3.9/site-packages/airflow/example_dags/example_bash_operator.py
[2025-01-15 23:14:38,378] {logging_mixin.py:115} INFO - [2025-01-15 23:14:38,378] {dag.py:2379} INFO - Sync 1 DAGs
[2025-01-15 23:14:38,410] {logging_mixin.py:115} INFO - [2025-01-15 23:14:38,409] {dag.py:2927} INFO - Setting next_dagrun for example_bash_operator to 2025-01-15T00:00:00+00:00, run_after=2025-01-16T00:00:00+00:00
[2025-01-15 23:14:38,463] {processor.py:161} INFO - Processing /mnt/c/Users/ander/Desktop/airflow-spark/airflow-spark/curso2/ambientepython/lib/python3.9/site-packages/airflow/example_dags/example_bash_operator.py took 0.175 seconds
[2025-01-15 23:15:22,998] {processor.py:153} INFO - Started process (PID=26071) to work on /mnt/c/Users/ander/Desktop/airflow-spark/airflow-spark/curso2/ambientepython/lib/python3.9/site-packages/airflow/example_dags/example_bash_operator.py
[2025-01-15 23:15:22,999] {processor.py:641} INFO - Processing file /mnt/c/Users/ander/Desktop/airflow-spark/airflow-spark/curso2/ambientepython/lib/python3.9/site-packages/airflow/example_dags/example_bash_operator.py for tasks to queue
[2025-01-15 23:15:23,000] {logging_mixin.py:115} INFO - [2025-01-15 23:15:23,000] {dagbag.py:507} INFO - Filling up the DagBag from /mnt/c/Users/ander/Desktop/airflow-spark/airflow-spark/curso2/ambientepython/lib/python3.9/site-packages/airflow/example_dags/example_bash_operator.py
[2025-01-15 23:15:23,053] {processor.py:651} INFO - DAG(s) dict_keys(['example_bash_operator']) retrieved from /mnt/c/Users/ander/Desktop/airflow-spark/airflow-spark/curso2/ambientepython/lib/python3.9/site-packages/airflow/example_dags/example_bash_operator.py
[2025-01-15 23:15:23,096] {logging_mixin.py:115} INFO - [2025-01-15 23:15:23,095] {dag.py:2379} INFO - Sync 1 DAGs
[2025-01-15 23:15:23,127] {logging_mixin.py:115} INFO - [2025-01-15 23:15:23,126] {dag.py:2927} INFO - Setting next_dagrun for example_bash_operator to 2025-01-15T00:00:00+00:00, run_after=2025-01-16T00:00:00+00:00
[2025-01-15 23:15:23,175] {processor.py:161} INFO - Processing /mnt/c/Users/ander/Desktop/airflow-spark/airflow-spark/curso2/ambientepython/lib/python3.9/site-packages/airflow/example_dags/example_bash_operator.py took 0.181 seconds
[2025-01-15 23:16:13,084] {processor.py:153} INFO - Started process (PID=26246) to work on /mnt/c/Users/ander/Desktop/airflow-spark/airflow-spark/curso2/ambientepython/lib/python3.9/site-packages/airflow/example_dags/example_bash_operator.py
[2025-01-15 23:16:13,086] {processor.py:641} INFO - Processing file /mnt/c/Users/ander/Desktop/airflow-spark/airflow-spark/curso2/ambientepython/lib/python3.9/site-packages/airflow/example_dags/example_bash_operator.py for tasks to queue
[2025-01-15 23:16:13,087] {logging_mixin.py:115} INFO - [2025-01-15 23:16:13,086] {dagbag.py:507} INFO - Filling up the DagBag from /mnt/c/Users/ander/Desktop/airflow-spark/airflow-spark/curso2/ambientepython/lib/python3.9/site-packages/airflow/example_dags/example_bash_operator.py
[2025-01-15 23:16:13,237] {processor.py:651} INFO - DAG(s) dict_keys(['example_bash_operator']) retrieved from /mnt/c/Users/ander/Desktop/airflow-spark/airflow-spark/curso2/ambientepython/lib/python3.9/site-packages/airflow/example_dags/example_bash_operator.py
[2025-01-15 23:16:13,271] {logging_mixin.py:115} INFO - [2025-01-15 23:16:13,271] {dag.py:2379} INFO - Sync 1 DAGs
[2025-01-15 23:16:13,300] {logging_mixin.py:115} INFO - [2025-01-15 23:16:13,299] {dag.py:2927} INFO - Setting next_dagrun for example_bash_operator to 2025-01-15T00:00:00+00:00, run_after=2025-01-16T00:00:00+00:00
[2025-01-15 23:16:13,341] {processor.py:161} INFO - Processing /mnt/c/Users/ander/Desktop/airflow-spark/airflow-spark/curso2/ambientepython/lib/python3.9/site-packages/airflow/example_dags/example_bash_operator.py took 0.262 seconds
[2025-01-15 23:17:00,888] {processor.py:153} INFO - Started process (PID=26422) to work on /mnt/c/Users/ander/Desktop/airflow-spark/airflow-spark/curso2/ambientepython/lib/python3.9/site-packages/airflow/example_dags/example_bash_operator.py
[2025-01-15 23:17:00,889] {processor.py:641} INFO - Processing file /mnt/c/Users/ander/Desktop/airflow-spark/airflow-spark/curso2/ambientepython/lib/python3.9/site-packages/airflow/example_dags/example_bash_operator.py for tasks to queue
[2025-01-15 23:17:00,890] {logging_mixin.py:115} INFO - [2025-01-15 23:17:00,890] {dagbag.py:507} INFO - Filling up the DagBag from /mnt/c/Users/ander/Desktop/airflow-spark/airflow-spark/curso2/ambientepython/lib/python3.9/site-packages/airflow/example_dags/example_bash_operator.py
[2025-01-15 23:17:00,943] {processor.py:651} INFO - DAG(s) dict_keys(['example_bash_operator']) retrieved from /mnt/c/Users/ander/Desktop/airflow-spark/airflow-spark/curso2/ambientepython/lib/python3.9/site-packages/airflow/example_dags/example_bash_operator.py
[2025-01-15 23:17:00,983] {logging_mixin.py:115} INFO - [2025-01-15 23:17:00,983] {dag.py:2379} INFO - Sync 1 DAGs
[2025-01-15 23:17:01,014] {logging_mixin.py:115} INFO - [2025-01-15 23:17:01,013] {dag.py:2927} INFO - Setting next_dagrun for example_bash_operator to 2025-01-15T00:00:00+00:00, run_after=2025-01-16T00:00:00+00:00
[2025-01-15 23:17:01,058] {processor.py:161} INFO - Processing /mnt/c/Users/ander/Desktop/airflow-spark/airflow-spark/curso2/ambientepython/lib/python3.9/site-packages/airflow/example_dags/example_bash_operator.py took 0.174 seconds
[2025-01-15 23:17:47,234] {processor.py:153} INFO - Started process (PID=26644) to work on /mnt/c/Users/ander/Desktop/airflow-spark/airflow-spark/curso2/ambientepython/lib/python3.9/site-packages/airflow/example_dags/example_bash_operator.py
[2025-01-15 23:17:47,235] {processor.py:641} INFO - Processing file /mnt/c/Users/ander/Desktop/airflow-spark/airflow-spark/curso2/ambientepython/lib/python3.9/site-packages/airflow/example_dags/example_bash_operator.py for tasks to queue
[2025-01-15 23:17:47,236] {logging_mixin.py:115} INFO - [2025-01-15 23:17:47,236] {dagbag.py:507} INFO - Filling up the DagBag from /mnt/c/Users/ander/Desktop/airflow-spark/airflow-spark/curso2/ambientepython/lib/python3.9/site-packages/airflow/example_dags/example_bash_operator.py
[2025-01-15 23:17:47,289] {processor.py:651} INFO - DAG(s) dict_keys(['example_bash_operator']) retrieved from /mnt/c/Users/ander/Desktop/airflow-spark/airflow-spark/curso2/ambientepython/lib/python3.9/site-packages/airflow/example_dags/example_bash_operator.py
[2025-01-15 23:17:47,331] {logging_mixin.py:115} INFO - [2025-01-15 23:17:47,331] {dag.py:2379} INFO - Sync 1 DAGs
[2025-01-15 23:17:47,363] {logging_mixin.py:115} INFO - [2025-01-15 23:17:47,363] {dag.py:2927} INFO - Setting next_dagrun for example_bash_operator to 2025-01-15T00:00:00+00:00, run_after=2025-01-16T00:00:00+00:00
[2025-01-15 23:17:47,410] {processor.py:161} INFO - Processing /mnt/c/Users/ander/Desktop/airflow-spark/airflow-spark/curso2/ambientepython/lib/python3.9/site-packages/airflow/example_dags/example_bash_operator.py took 0.180 seconds
[2025-01-15 23:18:30,018] {processor.py:153} INFO - Started process (PID=26800) to work on /mnt/c/Users/ander/Desktop/airflow-spark/airflow-spark/curso2/ambientepython/lib/python3.9/site-packages/airflow/example_dags/example_bash_operator.py
[2025-01-15 23:18:30,019] {processor.py:641} INFO - Processing file /mnt/c/Users/ander/Desktop/airflow-spark/airflow-spark/curso2/ambientepython/lib/python3.9/site-packages/airflow/example_dags/example_bash_operator.py for tasks to queue
[2025-01-15 23:18:30,020] {logging_mixin.py:115} INFO - [2025-01-15 23:18:30,020] {dagbag.py:507} INFO - Filling up the DagBag from /mnt/c/Users/ander/Desktop/airflow-spark/airflow-spark/curso2/ambientepython/lib/python3.9/site-packages/airflow/example_dags/example_bash_operator.py
[2025-01-15 23:18:30,075] {processor.py:651} INFO - DAG(s) dict_keys(['example_bash_operator']) retrieved from /mnt/c/Users/ander/Desktop/airflow-spark/airflow-spark/curso2/ambientepython/lib/python3.9/site-packages/airflow/example_dags/example_bash_operator.py
[2025-01-15 23:18:30,117] {logging_mixin.py:115} INFO - [2025-01-15 23:18:30,116] {dag.py:2379} INFO - Sync 1 DAGs
[2025-01-15 23:18:30,151] {logging_mixin.py:115} INFO - [2025-01-15 23:18:30,151] {dag.py:2927} INFO - Setting next_dagrun for example_bash_operator to 2025-01-15T00:00:00+00:00, run_after=2025-01-16T00:00:00+00:00
[2025-01-15 23:18:30,199] {processor.py:161} INFO - Processing /mnt/c/Users/ander/Desktop/airflow-spark/airflow-spark/curso2/ambientepython/lib/python3.9/site-packages/airflow/example_dags/example_bash_operator.py took 0.185 seconds
[2025-01-15 23:19:23,045] {processor.py:153} INFO - Started process (PID=26993) to work on /mnt/c/Users/ander/Desktop/airflow-spark/airflow-spark/curso2/ambientepython/lib/python3.9/site-packages/airflow/example_dags/example_bash_operator.py
[2025-01-15 23:19:23,046] {processor.py:641} INFO - Processing file /mnt/c/Users/ander/Desktop/airflow-spark/airflow-spark/curso2/ambientepython/lib/python3.9/site-packages/airflow/example_dags/example_bash_operator.py for tasks to queue
[2025-01-15 23:19:23,048] {logging_mixin.py:115} INFO - [2025-01-15 23:19:23,047] {dagbag.py:507} INFO - Filling up the DagBag from /mnt/c/Users/ander/Desktop/airflow-spark/airflow-spark/curso2/ambientepython/lib/python3.9/site-packages/airflow/example_dags/example_bash_operator.py
[2025-01-15 23:19:23,121] {processor.py:651} INFO - DAG(s) dict_keys(['example_bash_operator']) retrieved from /mnt/c/Users/ander/Desktop/airflow-spark/airflow-spark/curso2/ambientepython/lib/python3.9/site-packages/airflow/example_dags/example_bash_operator.py
[2025-01-15 23:19:23,173] {logging_mixin.py:115} INFO - [2025-01-15 23:19:23,173] {dag.py:2379} INFO - Sync 1 DAGs
[2025-01-15 23:19:23,210] {logging_mixin.py:115} INFO - [2025-01-15 23:19:23,210] {dag.py:2927} INFO - Setting next_dagrun for example_bash_operator to 2025-01-15T00:00:00+00:00, run_after=2025-01-16T00:00:00+00:00
[2025-01-15 23:19:23,260] {processor.py:161} INFO - Processing /mnt/c/Users/ander/Desktop/airflow-spark/airflow-spark/curso2/ambientepython/lib/python3.9/site-packages/airflow/example_dags/example_bash_operator.py took 0.221 seconds
[2025-01-15 23:20:16,215] {processor.py:153} INFO - Started process (PID=27289) to work on /mnt/c/Users/ander/Desktop/airflow-spark/airflow-spark/curso2/ambientepython/lib/python3.9/site-packages/airflow/example_dags/example_bash_operator.py
[2025-01-15 23:20:16,216] {processor.py:641} INFO - Processing file /mnt/c/Users/ander/Desktop/airflow-spark/airflow-spark/curso2/ambientepython/lib/python3.9/site-packages/airflow/example_dags/example_bash_operator.py for tasks to queue
[2025-01-15 23:20:16,217] {logging_mixin.py:115} INFO - [2025-01-15 23:20:16,217] {dagbag.py:507} INFO - Filling up the DagBag from /mnt/c/Users/ander/Desktop/airflow-spark/airflow-spark/curso2/ambientepython/lib/python3.9/site-packages/airflow/example_dags/example_bash_operator.py
[2025-01-15 23:20:16,273] {processor.py:651} INFO - DAG(s) dict_keys(['example_bash_operator']) retrieved from /mnt/c/Users/ander/Desktop/airflow-spark/airflow-spark/curso2/ambientepython/lib/python3.9/site-packages/airflow/example_dags/example_bash_operator.py
[2025-01-15 23:20:16,313] {logging_mixin.py:115} INFO - [2025-01-15 23:20:16,312] {dag.py:2379} INFO - Sync 1 DAGs
[2025-01-15 23:20:16,343] {logging_mixin.py:115} INFO - [2025-01-15 23:20:16,343] {dag.py:2927} INFO - Setting next_dagrun for example_bash_operator to 2025-01-15T00:00:00+00:00, run_after=2025-01-16T00:00:00+00:00
[2025-01-15 23:20:16,391] {processor.py:161} INFO - Processing /mnt/c/Users/ander/Desktop/airflow-spark/airflow-spark/curso2/ambientepython/lib/python3.9/site-packages/airflow/example_dags/example_bash_operator.py took 0.180 seconds
[2025-01-15 23:21:05,874] {processor.py:153} INFO - Started process (PID=27727) to work on /mnt/c/Users/ander/Desktop/airflow-spark/airflow-spark/curso2/ambientepython/lib/python3.9/site-packages/airflow/example_dags/example_bash_operator.py
[2025-01-15 23:21:05,878] {processor.py:641} INFO - Processing file /mnt/c/Users/ander/Desktop/airflow-spark/airflow-spark/curso2/ambientepython/lib/python3.9/site-packages/airflow/example_dags/example_bash_operator.py for tasks to queue
[2025-01-15 23:21:05,879] {logging_mixin.py:115} INFO - [2025-01-15 23:21:05,879] {dagbag.py:507} INFO - Filling up the DagBag from /mnt/c/Users/ander/Desktop/airflow-spark/airflow-spark/curso2/ambientepython/lib/python3.9/site-packages/airflow/example_dags/example_bash_operator.py
[2025-01-15 23:21:05,930] {processor.py:651} INFO - DAG(s) dict_keys(['example_bash_operator']) retrieved from /mnt/c/Users/ander/Desktop/airflow-spark/airflow-spark/curso2/ambientepython/lib/python3.9/site-packages/airflow/example_dags/example_bash_operator.py
[2025-01-15 23:21:05,968] {logging_mixin.py:115} INFO - [2025-01-15 23:21:05,968] {dag.py:2379} INFO - Sync 1 DAGs
[2025-01-15 23:21:06,699] {logging_mixin.py:115} INFO - [2025-01-15 23:21:06,699] {dag.py:2927} INFO - Setting next_dagrun for example_bash_operator to 2025-01-15T00:00:00+00:00, run_after=2025-01-16T00:00:00+00:00
[2025-01-15 23:21:06,768] {processor.py:161} INFO - Processing /mnt/c/Users/ander/Desktop/airflow-spark/airflow-spark/curso2/ambientepython/lib/python3.9/site-packages/airflow/example_dags/example_bash_operator.py took 0.207 seconds
[2025-01-15 23:22:04,465] {processor.py:153} INFO - Started process (PID=28196) to work on /mnt/c/Users/ander/Desktop/airflow-spark/airflow-spark/curso2/ambientepython/lib/python3.9/site-packages/airflow/example_dags/example_bash_operator.py
[2025-01-15 23:22:04,469] {processor.py:641} INFO - Processing file /mnt/c/Users/ander/Desktop/airflow-spark/airflow-spark/curso2/ambientepython/lib/python3.9/site-packages/airflow/example_dags/example_bash_operator.py for tasks to queue
[2025-01-15 23:22:04,470] {logging_mixin.py:115} INFO - [2025-01-15 23:22:04,470] {dagbag.py:507} INFO - Filling up the DagBag from /mnt/c/Users/ander/Desktop/airflow-spark/airflow-spark/curso2/ambientepython/lib/python3.9/site-packages/airflow/example_dags/example_bash_operator.py
[2025-01-15 23:22:04,522] {processor.py:651} INFO - DAG(s) dict_keys(['example_bash_operator']) retrieved from /mnt/c/Users/ander/Desktop/airflow-spark/airflow-spark/curso2/ambientepython/lib/python3.9/site-packages/airflow/example_dags/example_bash_operator.py
[2025-01-15 23:22:04,558] {logging_mixin.py:115} INFO - [2025-01-15 23:22:04,558] {dag.py:2379} INFO - Sync 1 DAGs
[2025-01-15 23:22:04,592] {logging_mixin.py:115} INFO - [2025-01-15 23:22:04,592] {dag.py:2927} INFO - Setting next_dagrun for example_bash_operator to 2025-01-15T00:00:00+00:00, run_after=2025-01-16T00:00:00+00:00
[2025-01-15 23:22:04,641] {processor.py:161} INFO - Processing /mnt/c/Users/ander/Desktop/airflow-spark/airflow-spark/curso2/ambientepython/lib/python3.9/site-packages/airflow/example_dags/example_bash_operator.py took 0.180 seconds
[2025-01-15 23:23:02,913] {processor.py:153} INFO - Started process (PID=28565) to work on /mnt/c/Users/ander/Desktop/airflow-spark/airflow-spark/curso2/ambientepython/lib/python3.9/site-packages/airflow/example_dags/example_bash_operator.py
[2025-01-15 23:23:02,914] {processor.py:641} INFO - Processing file /mnt/c/Users/ander/Desktop/airflow-spark/airflow-spark/curso2/ambientepython/lib/python3.9/site-packages/airflow/example_dags/example_bash_operator.py for tasks to queue
[2025-01-15 23:23:02,915] {logging_mixin.py:115} INFO - [2025-01-15 23:23:02,915] {dagbag.py:507} INFO - Filling up the DagBag from /mnt/c/Users/ander/Desktop/airflow-spark/airflow-spark/curso2/ambientepython/lib/python3.9/site-packages/airflow/example_dags/example_bash_operator.py
[2025-01-15 23:23:02,971] {processor.py:651} INFO - DAG(s) dict_keys(['example_bash_operator']) retrieved from /mnt/c/Users/ander/Desktop/airflow-spark/airflow-spark/curso2/ambientepython/lib/python3.9/site-packages/airflow/example_dags/example_bash_operator.py
[2025-01-15 23:23:03,012] {logging_mixin.py:115} INFO - [2025-01-15 23:23:03,012] {dag.py:2379} INFO - Sync 1 DAGs
[2025-01-15 23:23:03,043] {logging_mixin.py:115} INFO - [2025-01-15 23:23:03,043] {dag.py:2927} INFO - Setting next_dagrun for example_bash_operator to 2025-01-15T00:00:00+00:00, run_after=2025-01-16T00:00:00+00:00
[2025-01-15 23:23:03,085] {processor.py:161} INFO - Processing /mnt/c/Users/ander/Desktop/airflow-spark/airflow-spark/curso2/ambientepython/lib/python3.9/site-packages/airflow/example_dags/example_bash_operator.py took 0.177 seconds
[2025-01-15 23:23:48,291] {processor.py:153} INFO - Started process (PID=28733) to work on /mnt/c/Users/ander/Desktop/airflow-spark/airflow-spark/curso2/ambientepython/lib/python3.9/site-packages/airflow/example_dags/example_bash_operator.py
[2025-01-15 23:23:48,292] {processor.py:641} INFO - Processing file /mnt/c/Users/ander/Desktop/airflow-spark/airflow-spark/curso2/ambientepython/lib/python3.9/site-packages/airflow/example_dags/example_bash_operator.py for tasks to queue
[2025-01-15 23:23:48,293] {logging_mixin.py:115} INFO - [2025-01-15 23:23:48,293] {dagbag.py:507} INFO - Filling up the DagBag from /mnt/c/Users/ander/Desktop/airflow-spark/airflow-spark/curso2/ambientepython/lib/python3.9/site-packages/airflow/example_dags/example_bash_operator.py
[2025-01-15 23:23:48,349] {processor.py:651} INFO - DAG(s) dict_keys(['example_bash_operator']) retrieved from /mnt/c/Users/ander/Desktop/airflow-spark/airflow-spark/curso2/ambientepython/lib/python3.9/site-packages/airflow/example_dags/example_bash_operator.py
[2025-01-15 23:23:48,389] {logging_mixin.py:115} INFO - [2025-01-15 23:23:48,389] {dag.py:2379} INFO - Sync 1 DAGs
[2025-01-15 23:23:48,420] {logging_mixin.py:115} INFO - [2025-01-15 23:23:48,420] {dag.py:2927} INFO - Setting next_dagrun for example_bash_operator to 2025-01-15T00:00:00+00:00, run_after=2025-01-16T00:00:00+00:00
[2025-01-15 23:23:48,467] {processor.py:161} INFO - Processing /mnt/c/Users/ander/Desktop/airflow-spark/airflow-spark/curso2/ambientepython/lib/python3.9/site-packages/airflow/example_dags/example_bash_operator.py took 0.180 seconds
[2025-01-15 23:24:35,668] {processor.py:153} INFO - Started process (PID=28903) to work on /mnt/c/Users/ander/Desktop/airflow-spark/airflow-spark/curso2/ambientepython/lib/python3.9/site-packages/airflow/example_dags/example_bash_operator.py
[2025-01-15 23:24:35,669] {processor.py:641} INFO - Processing file /mnt/c/Users/ander/Desktop/airflow-spark/airflow-spark/curso2/ambientepython/lib/python3.9/site-packages/airflow/example_dags/example_bash_operator.py for tasks to queue
[2025-01-15 23:24:35,670] {logging_mixin.py:115} INFO - [2025-01-15 23:24:35,670] {dagbag.py:507} INFO - Filling up the DagBag from /mnt/c/Users/ander/Desktop/airflow-spark/airflow-spark/curso2/ambientepython/lib/python3.9/site-packages/airflow/example_dags/example_bash_operator.py
[2025-01-15 23:24:35,719] {processor.py:651} INFO - DAG(s) dict_keys(['example_bash_operator']) retrieved from /mnt/c/Users/ander/Desktop/airflow-spark/airflow-spark/curso2/ambientepython/lib/python3.9/site-packages/airflow/example_dags/example_bash_operator.py
[2025-01-15 23:24:35,757] {logging_mixin.py:115} INFO - [2025-01-15 23:24:35,757] {dag.py:2379} INFO - Sync 1 DAGs
[2025-01-15 23:24:35,787] {logging_mixin.py:115} INFO - [2025-01-15 23:24:35,787] {dag.py:2927} INFO - Setting next_dagrun for example_bash_operator to 2025-01-15T00:00:00+00:00, run_after=2025-01-16T00:00:00+00:00
[2025-01-15 23:24:35,830] {processor.py:161} INFO - Processing /mnt/c/Users/ander/Desktop/airflow-spark/airflow-spark/curso2/ambientepython/lib/python3.9/site-packages/airflow/example_dags/example_bash_operator.py took 0.166 seconds
[2025-01-15 23:25:19,850] {processor.py:153} INFO - Started process (PID=29069) to work on /mnt/c/Users/ander/Desktop/airflow-spark/airflow-spark/curso2/ambientepython/lib/python3.9/site-packages/airflow/example_dags/example_bash_operator.py
[2025-01-15 23:25:19,851] {processor.py:641} INFO - Processing file /mnt/c/Users/ander/Desktop/airflow-spark/airflow-spark/curso2/ambientepython/lib/python3.9/site-packages/airflow/example_dags/example_bash_operator.py for tasks to queue
[2025-01-15 23:25:19,852] {logging_mixin.py:115} INFO - [2025-01-15 23:25:19,852] {dagbag.py:507} INFO - Filling up the DagBag from /mnt/c/Users/ander/Desktop/airflow-spark/airflow-spark/curso2/ambientepython/lib/python3.9/site-packages/airflow/example_dags/example_bash_operator.py
[2025-01-15 23:25:19,907] {processor.py:651} INFO - DAG(s) dict_keys(['example_bash_operator']) retrieved from /mnt/c/Users/ander/Desktop/airflow-spark/airflow-spark/curso2/ambientepython/lib/python3.9/site-packages/airflow/example_dags/example_bash_operator.py
[2025-01-15 23:25:19,948] {logging_mixin.py:115} INFO - [2025-01-15 23:25:19,948] {dag.py:2379} INFO - Sync 1 DAGs
[2025-01-15 23:25:19,979] {logging_mixin.py:115} INFO - [2025-01-15 23:25:19,979] {dag.py:2927} INFO - Setting next_dagrun for example_bash_operator to 2025-01-15T00:00:00+00:00, run_after=2025-01-16T00:00:00+00:00
[2025-01-15 23:25:20,031] {processor.py:161} INFO - Processing /mnt/c/Users/ander/Desktop/airflow-spark/airflow-spark/curso2/ambientepython/lib/python3.9/site-packages/airflow/example_dags/example_bash_operator.py took 0.184 seconds
[2025-01-15 23:26:17,481] {processor.py:153} INFO - Started process (PID=29277) to work on /mnt/c/Users/ander/Desktop/airflow-spark/airflow-spark/curso2/ambientepython/lib/python3.9/site-packages/airflow/example_dags/example_bash_operator.py
[2025-01-15 23:26:17,482] {processor.py:641} INFO - Processing file /mnt/c/Users/ander/Desktop/airflow-spark/airflow-spark/curso2/ambientepython/lib/python3.9/site-packages/airflow/example_dags/example_bash_operator.py for tasks to queue
[2025-01-15 23:26:17,483] {logging_mixin.py:115} INFO - [2025-01-15 23:26:17,483] {dagbag.py:507} INFO - Filling up the DagBag from /mnt/c/Users/ander/Desktop/airflow-spark/airflow-spark/curso2/ambientepython/lib/python3.9/site-packages/airflow/example_dags/example_bash_operator.py
[2025-01-15 23:26:17,540] {processor.py:651} INFO - DAG(s) dict_keys(['example_bash_operator']) retrieved from /mnt/c/Users/ander/Desktop/airflow-spark/airflow-spark/curso2/ambientepython/lib/python3.9/site-packages/airflow/example_dags/example_bash_operator.py
[2025-01-15 23:26:17,583] {logging_mixin.py:115} INFO - [2025-01-15 23:26:17,583] {dag.py:2379} INFO - Sync 1 DAGs
[2025-01-15 23:26:17,615] {logging_mixin.py:115} INFO - [2025-01-15 23:26:17,615] {dag.py:2927} INFO - Setting next_dagrun for example_bash_operator to 2025-01-15T00:00:00+00:00, run_after=2025-01-16T00:00:00+00:00
[2025-01-15 23:26:17,665] {processor.py:161} INFO - Processing /mnt/c/Users/ander/Desktop/airflow-spark/airflow-spark/curso2/ambientepython/lib/python3.9/site-packages/airflow/example_dags/example_bash_operator.py took 0.188 seconds
[2025-01-15 23:27:15,414] {processor.py:153} INFO - Started process (PID=29484) to work on /mnt/c/Users/ander/Desktop/airflow-spark/airflow-spark/curso2/ambientepython/lib/python3.9/site-packages/airflow/example_dags/example_bash_operator.py
[2025-01-15 23:27:15,415] {processor.py:641} INFO - Processing file /mnt/c/Users/ander/Desktop/airflow-spark/airflow-spark/curso2/ambientepython/lib/python3.9/site-packages/airflow/example_dags/example_bash_operator.py for tasks to queue
[2025-01-15 23:27:15,416] {logging_mixin.py:115} INFO - [2025-01-15 23:27:15,416] {dagbag.py:507} INFO - Filling up the DagBag from /mnt/c/Users/ander/Desktop/airflow-spark/airflow-spark/curso2/ambientepython/lib/python3.9/site-packages/airflow/example_dags/example_bash_operator.py
[2025-01-15 23:27:15,465] {processor.py:651} INFO - DAG(s) dict_keys(['example_bash_operator']) retrieved from /mnt/c/Users/ander/Desktop/airflow-spark/airflow-spark/curso2/ambientepython/lib/python3.9/site-packages/airflow/example_dags/example_bash_operator.py
[2025-01-15 23:27:15,506] {logging_mixin.py:115} INFO - [2025-01-15 23:27:15,506] {dag.py:2379} INFO - Sync 1 DAGs
[2025-01-15 23:27:15,539] {logging_mixin.py:115} INFO - [2025-01-15 23:27:15,538] {dag.py:2927} INFO - Setting next_dagrun for example_bash_operator to 2025-01-15T00:00:00+00:00, run_after=2025-01-16T00:00:00+00:00
[2025-01-15 23:27:15,598] {processor.py:161} INFO - Processing /mnt/c/Users/ander/Desktop/airflow-spark/airflow-spark/curso2/ambientepython/lib/python3.9/site-packages/airflow/example_dags/example_bash_operator.py took 0.188 seconds
[2025-01-15 23:28:09,455] {processor.py:153} INFO - Started process (PID=29725) to work on /mnt/c/Users/ander/Desktop/airflow-spark/airflow-spark/curso2/ambientepython/lib/python3.9/site-packages/airflow/example_dags/example_bash_operator.py
[2025-01-15 23:28:09,456] {processor.py:641} INFO - Processing file /mnt/c/Users/ander/Desktop/airflow-spark/airflow-spark/curso2/ambientepython/lib/python3.9/site-packages/airflow/example_dags/example_bash_operator.py for tasks to queue
[2025-01-15 23:28:09,457] {logging_mixin.py:115} INFO - [2025-01-15 23:28:09,457] {dagbag.py:507} INFO - Filling up the DagBag from /mnt/c/Users/ander/Desktop/airflow-spark/airflow-spark/curso2/ambientepython/lib/python3.9/site-packages/airflow/example_dags/example_bash_operator.py
[2025-01-15 23:28:09,529] {processor.py:651} INFO - DAG(s) dict_keys(['example_bash_operator']) retrieved from /mnt/c/Users/ander/Desktop/airflow-spark/airflow-spark/curso2/ambientepython/lib/python3.9/site-packages/airflow/example_dags/example_bash_operator.py
[2025-01-15 23:28:09,581] {logging_mixin.py:115} INFO - [2025-01-15 23:28:09,581] {dag.py:2379} INFO - Sync 1 DAGs
[2025-01-15 23:28:09,618] {logging_mixin.py:115} INFO - [2025-01-15 23:28:09,618] {dag.py:2927} INFO - Setting next_dagrun for example_bash_operator to 2025-01-15T00:00:00+00:00, run_after=2025-01-16T00:00:00+00:00
[2025-01-15 23:28:09,678] {processor.py:161} INFO - Processing /mnt/c/Users/ander/Desktop/airflow-spark/airflow-spark/curso2/ambientepython/lib/python3.9/site-packages/airflow/example_dags/example_bash_operator.py took 0.226 seconds
[2025-01-15 23:29:02,390] {processor.py:153} INFO - Started process (PID=29916) to work on /mnt/c/Users/ander/Desktop/airflow-spark/airflow-spark/curso2/ambientepython/lib/python3.9/site-packages/airflow/example_dags/example_bash_operator.py
[2025-01-15 23:29:02,392] {processor.py:641} INFO - Processing file /mnt/c/Users/ander/Desktop/airflow-spark/airflow-spark/curso2/ambientepython/lib/python3.9/site-packages/airflow/example_dags/example_bash_operator.py for tasks to queue
[2025-01-15 23:29:02,394] {logging_mixin.py:115} INFO - [2025-01-15 23:29:02,394] {dagbag.py:507} INFO - Filling up the DagBag from /mnt/c/Users/ander/Desktop/airflow-spark/airflow-spark/curso2/ambientepython/lib/python3.9/site-packages/airflow/example_dags/example_bash_operator.py
[2025-01-15 23:29:02,463] {processor.py:651} INFO - DAG(s) dict_keys(['example_bash_operator']) retrieved from /mnt/c/Users/ander/Desktop/airflow-spark/airflow-spark/curso2/ambientepython/lib/python3.9/site-packages/airflow/example_dags/example_bash_operator.py
[2025-01-15 23:29:02,508] {logging_mixin.py:115} INFO - [2025-01-15 23:29:02,508] {dag.py:2379} INFO - Sync 1 DAGs
[2025-01-15 23:29:02,542] {logging_mixin.py:115} INFO - [2025-01-15 23:29:02,542] {dag.py:2927} INFO - Setting next_dagrun for example_bash_operator to 2025-01-15T00:00:00+00:00, run_after=2025-01-16T00:00:00+00:00
[2025-01-15 23:29:02,593] {processor.py:161} INFO - Processing /mnt/c/Users/ander/Desktop/airflow-spark/airflow-spark/curso2/ambientepython/lib/python3.9/site-packages/airflow/example_dags/example_bash_operator.py took 0.209 seconds
[2025-01-15 23:29:49,279] {processor.py:153} INFO - Started process (PID=30084) to work on /mnt/c/Users/ander/Desktop/airflow-spark/airflow-spark/curso2/ambientepython/lib/python3.9/site-packages/airflow/example_dags/example_bash_operator.py
[2025-01-15 23:29:49,280] {processor.py:641} INFO - Processing file /mnt/c/Users/ander/Desktop/airflow-spark/airflow-spark/curso2/ambientepython/lib/python3.9/site-packages/airflow/example_dags/example_bash_operator.py for tasks to queue
[2025-01-15 23:29:49,281] {logging_mixin.py:115} INFO - [2025-01-15 23:29:49,281] {dagbag.py:507} INFO - Filling up the DagBag from /mnt/c/Users/ander/Desktop/airflow-spark/airflow-spark/curso2/ambientepython/lib/python3.9/site-packages/airflow/example_dags/example_bash_operator.py
[2025-01-15 23:29:49,340] {processor.py:651} INFO - DAG(s) dict_keys(['example_bash_operator']) retrieved from /mnt/c/Users/ander/Desktop/airflow-spark/airflow-spark/curso2/ambientepython/lib/python3.9/site-packages/airflow/example_dags/example_bash_operator.py
[2025-01-15 23:29:49,385] {logging_mixin.py:115} INFO - [2025-01-15 23:29:49,385] {dag.py:2379} INFO - Sync 1 DAGs
[2025-01-15 23:29:49,421] {logging_mixin.py:115} INFO - [2025-01-15 23:29:49,421] {dag.py:2927} INFO - Setting next_dagrun for example_bash_operator to 2025-01-15T00:00:00+00:00, run_after=2025-01-16T00:00:00+00:00
[2025-01-15 23:29:49,475] {processor.py:161} INFO - Processing /mnt/c/Users/ander/Desktop/airflow-spark/airflow-spark/curso2/ambientepython/lib/python3.9/site-packages/airflow/example_dags/example_bash_operator.py took 0.200 seconds
[2025-01-15 23:30:36,487] {processor.py:153} INFO - Started process (PID=30406) to work on /mnt/c/Users/ander/Desktop/airflow-spark/airflow-spark/curso2/ambientepython/lib/python3.9/site-packages/airflow/example_dags/example_bash_operator.py
[2025-01-15 23:30:36,488] {processor.py:641} INFO - Processing file /mnt/c/Users/ander/Desktop/airflow-spark/airflow-spark/curso2/ambientepython/lib/python3.9/site-packages/airflow/example_dags/example_bash_operator.py for tasks to queue
[2025-01-15 23:30:36,489] {logging_mixin.py:115} INFO - [2025-01-15 23:30:36,489] {dagbag.py:507} INFO - Filling up the DagBag from /mnt/c/Users/ander/Desktop/airflow-spark/airflow-spark/curso2/ambientepython/lib/python3.9/site-packages/airflow/example_dags/example_bash_operator.py
[2025-01-15 23:30:36,549] {processor.py:651} INFO - DAG(s) dict_keys(['example_bash_operator']) retrieved from /mnt/c/Users/ander/Desktop/airflow-spark/airflow-spark/curso2/ambientepython/lib/python3.9/site-packages/airflow/example_dags/example_bash_operator.py
[2025-01-15 23:30:36,595] {logging_mixin.py:115} INFO - [2025-01-15 23:30:36,594] {dag.py:2379} INFO - Sync 1 DAGs
[2025-01-15 23:30:36,633] {logging_mixin.py:115} INFO - [2025-01-15 23:30:36,633] {dag.py:2927} INFO - Setting next_dagrun for example_bash_operator to 2025-01-15T00:00:00+00:00, run_after=2025-01-16T00:00:00+00:00
[2025-01-15 23:30:36,695] {processor.py:161} INFO - Processing /mnt/c/Users/ander/Desktop/airflow-spark/airflow-spark/curso2/ambientepython/lib/python3.9/site-packages/airflow/example_dags/example_bash_operator.py took 0.213 seconds
[2025-01-15 23:33:03,520] {processor.py:153} INFO - Started process (PID=32017) to work on /mnt/c/Users/ander/Desktop/airflow-spark/airflow-spark/curso2/ambientepython/lib/python3.9/site-packages/airflow/example_dags/example_bash_operator.py
[2025-01-15 23:33:03,522] {processor.py:641} INFO - Processing file /mnt/c/Users/ander/Desktop/airflow-spark/airflow-spark/curso2/ambientepython/lib/python3.9/site-packages/airflow/example_dags/example_bash_operator.py for tasks to queue
[2025-01-15 23:33:03,523] {logging_mixin.py:115} INFO - [2025-01-15 23:33:03,523] {dagbag.py:507} INFO - Filling up the DagBag from /mnt/c/Users/ander/Desktop/airflow-spark/airflow-spark/curso2/ambientepython/lib/python3.9/site-packages/airflow/example_dags/example_bash_operator.py
[2025-01-15 23:33:03,581] {processor.py:651} INFO - DAG(s) dict_keys(['example_bash_operator']) retrieved from /mnt/c/Users/ander/Desktop/airflow-spark/airflow-spark/curso2/ambientepython/lib/python3.9/site-packages/airflow/example_dags/example_bash_operator.py
[2025-01-15 23:33:03,627] {logging_mixin.py:115} INFO - [2025-01-15 23:33:03,627] {dag.py:2379} INFO - Sync 1 DAGs
[2025-01-15 23:33:03,660] {logging_mixin.py:115} INFO - [2025-01-15 23:33:03,660] {dag.py:2927} INFO - Setting next_dagrun for example_bash_operator to 2025-01-15T00:00:00+00:00, run_after=2025-01-16T00:00:00+00:00
[2025-01-15 23:33:03,718] {processor.py:161} INFO - Processing /mnt/c/Users/ander/Desktop/airflow-spark/airflow-spark/curso2/ambientepython/lib/python3.9/site-packages/airflow/example_dags/example_bash_operator.py took 0.201 seconds
[2025-01-15 23:34:03,522] {processor.py:153} INFO - Started process (PID=32232) to work on /mnt/c/Users/ander/Desktop/airflow-spark/airflow-spark/curso2/ambientepython/lib/python3.9/site-packages/airflow/example_dags/example_bash_operator.py
[2025-01-15 23:34:03,523] {processor.py:641} INFO - Processing file /mnt/c/Users/ander/Desktop/airflow-spark/airflow-spark/curso2/ambientepython/lib/python3.9/site-packages/airflow/example_dags/example_bash_operator.py for tasks to queue
[2025-01-15 23:34:03,524] {logging_mixin.py:115} INFO - [2025-01-15 23:34:03,524] {dagbag.py:507} INFO - Filling up the DagBag from /mnt/c/Users/ander/Desktop/airflow-spark/airflow-spark/curso2/ambientepython/lib/python3.9/site-packages/airflow/example_dags/example_bash_operator.py
[2025-01-15 23:34:03,578] {processor.py:651} INFO - DAG(s) dict_keys(['example_bash_operator']) retrieved from /mnt/c/Users/ander/Desktop/airflow-spark/airflow-spark/curso2/ambientepython/lib/python3.9/site-packages/airflow/example_dags/example_bash_operator.py
[2025-01-15 23:34:03,620] {logging_mixin.py:115} INFO - [2025-01-15 23:34:03,620] {dag.py:2379} INFO - Sync 1 DAGs
[2025-01-15 23:34:03,653] {logging_mixin.py:115} INFO - [2025-01-15 23:34:03,653] {dag.py:2927} INFO - Setting next_dagrun for example_bash_operator to 2025-01-15T00:00:00+00:00, run_after=2025-01-16T00:00:00+00:00
[2025-01-15 23:34:03,715] {processor.py:161} INFO - Processing /mnt/c/Users/ander/Desktop/airflow-spark/airflow-spark/curso2/ambientepython/lib/python3.9/site-packages/airflow/example_dags/example_bash_operator.py took 0.197 seconds
[2025-01-15 23:34:49,165] {processor.py:153} INFO - Started process (PID=32401) to work on /mnt/c/Users/ander/Desktop/airflow-spark/airflow-spark/curso2/ambientepython/lib/python3.9/site-packages/airflow/example_dags/example_bash_operator.py
[2025-01-15 23:34:49,166] {processor.py:641} INFO - Processing file /mnt/c/Users/ander/Desktop/airflow-spark/airflow-spark/curso2/ambientepython/lib/python3.9/site-packages/airflow/example_dags/example_bash_operator.py for tasks to queue
[2025-01-15 23:34:49,167] {logging_mixin.py:115} INFO - [2025-01-15 23:34:49,167] {dagbag.py:507} INFO - Filling up the DagBag from /mnt/c/Users/ander/Desktop/airflow-spark/airflow-spark/curso2/ambientepython/lib/python3.9/site-packages/airflow/example_dags/example_bash_operator.py
[2025-01-15 23:34:49,223] {processor.py:651} INFO - DAG(s) dict_keys(['example_bash_operator']) retrieved from /mnt/c/Users/ander/Desktop/airflow-spark/airflow-spark/curso2/ambientepython/lib/python3.9/site-packages/airflow/example_dags/example_bash_operator.py
[2025-01-15 23:34:49,956] {logging_mixin.py:115} INFO - [2025-01-15 23:34:49,956] {dag.py:2379} INFO - Sync 1 DAGs
[2025-01-15 23:34:49,991] {logging_mixin.py:115} INFO - [2025-01-15 23:34:49,991] {dag.py:2927} INFO - Setting next_dagrun for example_bash_operator to 2025-01-15T00:00:00+00:00, run_after=2025-01-16T00:00:00+00:00
[2025-01-15 23:34:50,049] {processor.py:161} INFO - Processing /mnt/c/Users/ander/Desktop/airflow-spark/airflow-spark/curso2/ambientepython/lib/python3.9/site-packages/airflow/example_dags/example_bash_operator.py took 0.203 seconds
[2025-01-15 23:35:35,361] {processor.py:153} INFO - Started process (PID=32562) to work on /mnt/c/Users/ander/Desktop/airflow-spark/airflow-spark/curso2/ambientepython/lib/python3.9/site-packages/airflow/example_dags/example_bash_operator.py
[2025-01-15 23:35:35,365] {processor.py:641} INFO - Processing file /mnt/c/Users/ander/Desktop/airflow-spark/airflow-spark/curso2/ambientepython/lib/python3.9/site-packages/airflow/example_dags/example_bash_operator.py for tasks to queue
[2025-01-15 23:35:35,366] {logging_mixin.py:115} INFO - [2025-01-15 23:35:35,366] {dagbag.py:507} INFO - Filling up the DagBag from /mnt/c/Users/ander/Desktop/airflow-spark/airflow-spark/curso2/ambientepython/lib/python3.9/site-packages/airflow/example_dags/example_bash_operator.py
[2025-01-15 23:35:35,422] {processor.py:651} INFO - DAG(s) dict_keys(['example_bash_operator']) retrieved from /mnt/c/Users/ander/Desktop/airflow-spark/airflow-spark/curso2/ambientepython/lib/python3.9/site-packages/airflow/example_dags/example_bash_operator.py
[2025-01-15 23:35:35,478] {logging_mixin.py:115} INFO - [2025-01-15 23:35:35,478] {dag.py:2379} INFO - Sync 1 DAGs
[2025-01-15 23:35:35,515] {logging_mixin.py:115} INFO - [2025-01-15 23:35:35,514] {dag.py:2927} INFO - Setting next_dagrun for example_bash_operator to 2025-01-15T00:00:00+00:00, run_after=2025-01-16T00:00:00+00:00
[2025-01-15 23:35:35,571] {processor.py:161} INFO - Processing /mnt/c/Users/ander/Desktop/airflow-spark/airflow-spark/curso2/ambientepython/lib/python3.9/site-packages/airflow/example_dags/example_bash_operator.py took 0.216 seconds
[2025-01-15 23:36:30,412] {processor.py:153} INFO - Started process (PID=32757) to work on /mnt/c/Users/ander/Desktop/airflow-spark/airflow-spark/curso2/ambientepython/lib/python3.9/site-packages/airflow/example_dags/example_bash_operator.py
[2025-01-15 23:36:30,414] {processor.py:641} INFO - Processing file /mnt/c/Users/ander/Desktop/airflow-spark/airflow-spark/curso2/ambientepython/lib/python3.9/site-packages/airflow/example_dags/example_bash_operator.py for tasks to queue
[2025-01-15 23:36:30,417] {logging_mixin.py:115} INFO - [2025-01-15 23:36:30,416] {dagbag.py:507} INFO - Filling up the DagBag from /mnt/c/Users/ander/Desktop/airflow-spark/airflow-spark/curso2/ambientepython/lib/python3.9/site-packages/airflow/example_dags/example_bash_operator.py
[2025-01-15 23:36:30,486] {processor.py:651} INFO - DAG(s) dict_keys(['example_bash_operator']) retrieved from /mnt/c/Users/ander/Desktop/airflow-spark/airflow-spark/curso2/ambientepython/lib/python3.9/site-packages/airflow/example_dags/example_bash_operator.py
[2025-01-15 23:36:30,534] {logging_mixin.py:115} INFO - [2025-01-15 23:36:30,534] {dag.py:2379} INFO - Sync 1 DAGs
[2025-01-15 23:36:30,572] {logging_mixin.py:115} INFO - [2025-01-15 23:36:30,572] {dag.py:2927} INFO - Setting next_dagrun for example_bash_operator to 2025-01-15T00:00:00+00:00, run_after=2025-01-16T00:00:00+00:00
[2025-01-15 23:36:30,640] {processor.py:161} INFO - Processing /mnt/c/Users/ander/Desktop/airflow-spark/airflow-spark/curso2/ambientepython/lib/python3.9/site-packages/airflow/example_dags/example_bash_operator.py took 0.232 seconds
[2025-01-15 23:37:31,561] {processor.py:153} INFO - Started process (PID=32974) to work on /mnt/c/Users/ander/Desktop/airflow-spark/airflow-spark/curso2/ambientepython/lib/python3.9/site-packages/airflow/example_dags/example_bash_operator.py
[2025-01-15 23:37:31,563] {processor.py:641} INFO - Processing file /mnt/c/Users/ander/Desktop/airflow-spark/airflow-spark/curso2/ambientepython/lib/python3.9/site-packages/airflow/example_dags/example_bash_operator.py for tasks to queue
[2025-01-15 23:37:31,564] {logging_mixin.py:115} INFO - [2025-01-15 23:37:31,564] {dagbag.py:507} INFO - Filling up the DagBag from /mnt/c/Users/ander/Desktop/airflow-spark/airflow-spark/curso2/ambientepython/lib/python3.9/site-packages/airflow/example_dags/example_bash_operator.py
[2025-01-15 23:37:31,634] {processor.py:651} INFO - DAG(s) dict_keys(['example_bash_operator']) retrieved from /mnt/c/Users/ander/Desktop/airflow-spark/airflow-spark/curso2/ambientepython/lib/python3.9/site-packages/airflow/example_dags/example_bash_operator.py
[2025-01-15 23:37:31,687] {logging_mixin.py:115} INFO - [2025-01-15 23:37:31,687] {dag.py:2379} INFO - Sync 1 DAGs
[2025-01-15 23:37:31,729] {logging_mixin.py:115} INFO - [2025-01-15 23:37:31,729] {dag.py:2927} INFO - Setting next_dagrun for example_bash_operator to 2025-01-15T00:00:00+00:00, run_after=2025-01-16T00:00:00+00:00
[2025-01-15 23:37:31,795] {processor.py:161} INFO - Processing /mnt/c/Users/ander/Desktop/airflow-spark/airflow-spark/curso2/ambientepython/lib/python3.9/site-packages/airflow/example_dags/example_bash_operator.py took 0.240 seconds
[2025-01-15 23:38:22,370] {processor.py:153} INFO - Started process (PID=33203) to work on /mnt/c/Users/ander/Desktop/airflow-spark/airflow-spark/curso2/ambientepython/lib/python3.9/site-packages/airflow/example_dags/example_bash_operator.py
[2025-01-15 23:38:22,371] {processor.py:641} INFO - Processing file /mnt/c/Users/ander/Desktop/airflow-spark/airflow-spark/curso2/ambientepython/lib/python3.9/site-packages/airflow/example_dags/example_bash_operator.py for tasks to queue
[2025-01-15 23:38:22,372] {logging_mixin.py:115} INFO - [2025-01-15 23:38:22,372] {dagbag.py:507} INFO - Filling up the DagBag from /mnt/c/Users/ander/Desktop/airflow-spark/airflow-spark/curso2/ambientepython/lib/python3.9/site-packages/airflow/example_dags/example_bash_operator.py
[2025-01-15 23:38:22,436] {processor.py:651} INFO - DAG(s) dict_keys(['example_bash_operator']) retrieved from /mnt/c/Users/ander/Desktop/airflow-spark/airflow-spark/curso2/ambientepython/lib/python3.9/site-packages/airflow/example_dags/example_bash_operator.py
[2025-01-15 23:38:22,478] {logging_mixin.py:115} INFO - [2025-01-15 23:38:22,478] {dag.py:2379} INFO - Sync 1 DAGs
[2025-01-15 23:38:22,515] {logging_mixin.py:115} INFO - [2025-01-15 23:38:22,515] {dag.py:2927} INFO - Setting next_dagrun for example_bash_operator to 2025-01-15T00:00:00+00:00, run_after=2025-01-16T00:00:00+00:00
[2025-01-15 23:38:22,634] {processor.py:161} INFO - Processing /mnt/c/Users/ander/Desktop/airflow-spark/airflow-spark/curso2/ambientepython/lib/python3.9/site-packages/airflow/example_dags/example_bash_operator.py took 0.274 seconds
[2025-01-15 23:39:09,457] {processor.py:153} INFO - Started process (PID=33379) to work on /mnt/c/Users/ander/Desktop/airflow-spark/airflow-spark/curso2/ambientepython/lib/python3.9/site-packages/airflow/example_dags/example_bash_operator.py
[2025-01-15 23:39:09,458] {processor.py:641} INFO - Processing file /mnt/c/Users/ander/Desktop/airflow-spark/airflow-spark/curso2/ambientepython/lib/python3.9/site-packages/airflow/example_dags/example_bash_operator.py for tasks to queue
[2025-01-15 23:39:09,459] {logging_mixin.py:115} INFO - [2025-01-15 23:39:09,459] {dagbag.py:507} INFO - Filling up the DagBag from /mnt/c/Users/ander/Desktop/airflow-spark/airflow-spark/curso2/ambientepython/lib/python3.9/site-packages/airflow/example_dags/example_bash_operator.py
[2025-01-15 23:39:09,522] {processor.py:651} INFO - DAG(s) dict_keys(['example_bash_operator']) retrieved from /mnt/c/Users/ander/Desktop/airflow-spark/airflow-spark/curso2/ambientepython/lib/python3.9/site-packages/airflow/example_dags/example_bash_operator.py
[2025-01-15 23:39:09,582] {logging_mixin.py:115} INFO - [2025-01-15 23:39:09,582] {dag.py:2379} INFO - Sync 1 DAGs
[2025-01-15 23:39:09,617] {logging_mixin.py:115} INFO - [2025-01-15 23:39:09,617] {dag.py:2927} INFO - Setting next_dagrun for example_bash_operator to 2025-01-15T00:00:00+00:00, run_after=2025-01-16T00:00:00+00:00
[2025-01-15 23:39:09,663] {processor.py:161} INFO - Processing /mnt/c/Users/ander/Desktop/airflow-spark/airflow-spark/curso2/ambientepython/lib/python3.9/site-packages/airflow/example_dags/example_bash_operator.py took 0.210 seconds
[2025-01-15 23:40:00,779] {processor.py:153} INFO - Started process (PID=33560) to work on /mnt/c/Users/ander/Desktop/airflow-spark/airflow-spark/curso2/ambientepython/lib/python3.9/site-packages/airflow/example_dags/example_bash_operator.py
[2025-01-15 23:40:00,780] {processor.py:641} INFO - Processing file /mnt/c/Users/ander/Desktop/airflow-spark/airflow-spark/curso2/ambientepython/lib/python3.9/site-packages/airflow/example_dags/example_bash_operator.py for tasks to queue
[2025-01-15 23:40:00,781] {logging_mixin.py:115} INFO - [2025-01-15 23:40:00,781] {dagbag.py:507} INFO - Filling up the DagBag from /mnt/c/Users/ander/Desktop/airflow-spark/airflow-spark/curso2/ambientepython/lib/python3.9/site-packages/airflow/example_dags/example_bash_operator.py
[2025-01-15 23:40:00,841] {processor.py:651} INFO - DAG(s) dict_keys(['example_bash_operator']) retrieved from /mnt/c/Users/ander/Desktop/airflow-spark/airflow-spark/curso2/ambientepython/lib/python3.9/site-packages/airflow/example_dags/example_bash_operator.py
[2025-01-15 23:40:00,887] {logging_mixin.py:115} INFO - [2025-01-15 23:40:00,887] {dag.py:2379} INFO - Sync 1 DAGs
[2025-01-15 23:40:00,923] {logging_mixin.py:115} INFO - [2025-01-15 23:40:00,923] {dag.py:2927} INFO - Setting next_dagrun for example_bash_operator to 2025-01-15T00:00:00+00:00, run_after=2025-01-16T00:00:00+00:00
[2025-01-15 23:40:00,975] {processor.py:161} INFO - Processing /mnt/c/Users/ander/Desktop/airflow-spark/airflow-spark/curso2/ambientepython/lib/python3.9/site-packages/airflow/example_dags/example_bash_operator.py took 0.200 seconds
[2025-01-15 23:40:55,457] {processor.py:153} INFO - Started process (PID=33751) to work on /mnt/c/Users/ander/Desktop/airflow-spark/airflow-spark/curso2/ambientepython/lib/python3.9/site-packages/airflow/example_dags/example_bash_operator.py
[2025-01-15 23:40:55,458] {processor.py:641} INFO - Processing file /mnt/c/Users/ander/Desktop/airflow-spark/airflow-spark/curso2/ambientepython/lib/python3.9/site-packages/airflow/example_dags/example_bash_operator.py for tasks to queue
[2025-01-15 23:40:55,459] {logging_mixin.py:115} INFO - [2025-01-15 23:40:55,459] {dagbag.py:507} INFO - Filling up the DagBag from /mnt/c/Users/ander/Desktop/airflow-spark/airflow-spark/curso2/ambientepython/lib/python3.9/site-packages/airflow/example_dags/example_bash_operator.py
[2025-01-15 23:40:55,516] {processor.py:651} INFO - DAG(s) dict_keys(['example_bash_operator']) retrieved from /mnt/c/Users/ander/Desktop/airflow-spark/airflow-spark/curso2/ambientepython/lib/python3.9/site-packages/airflow/example_dags/example_bash_operator.py
[2025-01-15 23:40:55,560] {logging_mixin.py:115} INFO - [2025-01-15 23:40:55,560] {dag.py:2379} INFO - Sync 1 DAGs
[2025-01-15 23:40:55,596] {logging_mixin.py:115} INFO - [2025-01-15 23:40:55,596] {dag.py:2927} INFO - Setting next_dagrun for example_bash_operator to 2025-01-15T00:00:00+00:00, run_after=2025-01-16T00:00:00+00:00
[2025-01-15 23:40:55,651] {processor.py:161} INFO - Processing /mnt/c/Users/ander/Desktop/airflow-spark/airflow-spark/curso2/ambientepython/lib/python3.9/site-packages/airflow/example_dags/example_bash_operator.py took 0.198 seconds
[2025-01-15 23:41:45,872] {processor.py:153} INFO - Started process (PID=33933) to work on /mnt/c/Users/ander/Desktop/airflow-spark/airflow-spark/curso2/ambientepython/lib/python3.9/site-packages/airflow/example_dags/example_bash_operator.py
[2025-01-15 23:41:45,874] {processor.py:641} INFO - Processing file /mnt/c/Users/ander/Desktop/airflow-spark/airflow-spark/curso2/ambientepython/lib/python3.9/site-packages/airflow/example_dags/example_bash_operator.py for tasks to queue
[2025-01-15 23:41:45,878] {logging_mixin.py:115} INFO - [2025-01-15 23:41:45,878] {dagbag.py:507} INFO - Filling up the DagBag from /mnt/c/Users/ander/Desktop/airflow-spark/airflow-spark/curso2/ambientepython/lib/python3.9/site-packages/airflow/example_dags/example_bash_operator.py
[2025-01-15 23:41:45,934] {processor.py:651} INFO - DAG(s) dict_keys(['example_bash_operator']) retrieved from /mnt/c/Users/ander/Desktop/airflow-spark/airflow-spark/curso2/ambientepython/lib/python3.9/site-packages/airflow/example_dags/example_bash_operator.py
[2025-01-15 23:41:45,981] {logging_mixin.py:115} INFO - [2025-01-15 23:41:45,981] {dag.py:2379} INFO - Sync 1 DAGs
[2025-01-15 23:41:46,018] {logging_mixin.py:115} INFO - [2025-01-15 23:41:46,018] {dag.py:2927} INFO - Setting next_dagrun for example_bash_operator to 2025-01-15T00:00:00+00:00, run_after=2025-01-16T00:00:00+00:00
[2025-01-15 23:41:46,066] {processor.py:161} INFO - Processing /mnt/c/Users/ander/Desktop/airflow-spark/airflow-spark/curso2/ambientepython/lib/python3.9/site-packages/airflow/example_dags/example_bash_operator.py took 0.197 seconds
[2025-01-15 23:42:35,583] {processor.py:153} INFO - Started process (PID=34109) to work on /mnt/c/Users/ander/Desktop/airflow-spark/airflow-spark/curso2/ambientepython/lib/python3.9/site-packages/airflow/example_dags/example_bash_operator.py
[2025-01-15 23:42:35,584] {processor.py:641} INFO - Processing file /mnt/c/Users/ander/Desktop/airflow-spark/airflow-spark/curso2/ambientepython/lib/python3.9/site-packages/airflow/example_dags/example_bash_operator.py for tasks to queue
[2025-01-15 23:42:35,585] {logging_mixin.py:115} INFO - [2025-01-15 23:42:35,585] {dagbag.py:507} INFO - Filling up the DagBag from /mnt/c/Users/ander/Desktop/airflow-spark/airflow-spark/curso2/ambientepython/lib/python3.9/site-packages/airflow/example_dags/example_bash_operator.py
[2025-01-15 23:42:35,638] {processor.py:651} INFO - DAG(s) dict_keys(['example_bash_operator']) retrieved from /mnt/c/Users/ander/Desktop/airflow-spark/airflow-spark/curso2/ambientepython/lib/python3.9/site-packages/airflow/example_dags/example_bash_operator.py
[2025-01-15 23:42:35,678] {logging_mixin.py:115} INFO - [2025-01-15 23:42:35,678] {dag.py:2379} INFO - Sync 1 DAGs
[2025-01-15 23:42:35,709] {logging_mixin.py:115} INFO - [2025-01-15 23:42:35,709] {dag.py:2927} INFO - Setting next_dagrun for example_bash_operator to 2025-01-15T00:00:00+00:00, run_after=2025-01-16T00:00:00+00:00
[2025-01-15 23:42:35,758] {processor.py:161} INFO - Processing /mnt/c/Users/ander/Desktop/airflow-spark/airflow-spark/curso2/ambientepython/lib/python3.9/site-packages/airflow/example_dags/example_bash_operator.py took 0.178 seconds
[2025-01-15 23:43:34,346] {processor.py:153} INFO - Started process (PID=34377) to work on /mnt/c/Users/ander/Desktop/airflow-spark/airflow-spark/curso2/ambientepython/lib/python3.9/site-packages/airflow/example_dags/example_bash_operator.py
[2025-01-15 23:43:34,347] {processor.py:641} INFO - Processing file /mnt/c/Users/ander/Desktop/airflow-spark/airflow-spark/curso2/ambientepython/lib/python3.9/site-packages/airflow/example_dags/example_bash_operator.py for tasks to queue
[2025-01-15 23:43:34,348] {logging_mixin.py:115} INFO - [2025-01-15 23:43:34,348] {dagbag.py:507} INFO - Filling up the DagBag from /mnt/c/Users/ander/Desktop/airflow-spark/airflow-spark/curso2/ambientepython/lib/python3.9/site-packages/airflow/example_dags/example_bash_operator.py
[2025-01-15 23:43:34,411] {processor.py:651} INFO - DAG(s) dict_keys(['example_bash_operator']) retrieved from /mnt/c/Users/ander/Desktop/airflow-spark/airflow-spark/curso2/ambientepython/lib/python3.9/site-packages/airflow/example_dags/example_bash_operator.py
[2025-01-15 23:43:34,460] {logging_mixin.py:115} INFO - [2025-01-15 23:43:34,460] {dag.py:2379} INFO - Sync 1 DAGs
[2025-01-15 23:43:34,503] {logging_mixin.py:115} INFO - [2025-01-15 23:43:34,503] {dag.py:2927} INFO - Setting next_dagrun for example_bash_operator to 2025-01-15T00:00:00+00:00, run_after=2025-01-16T00:00:00+00:00
[2025-01-15 23:43:34,562] {processor.py:161} INFO - Processing /mnt/c/Users/ander/Desktop/airflow-spark/airflow-spark/curso2/ambientepython/lib/python3.9/site-packages/airflow/example_dags/example_bash_operator.py took 0.220 seconds
[2025-01-15 23:44:28,118] {processor.py:153} INFO - Started process (PID=34567) to work on /mnt/c/Users/ander/Desktop/airflow-spark/airflow-spark/curso2/ambientepython/lib/python3.9/site-packages/airflow/example_dags/example_bash_operator.py
[2025-01-15 23:44:28,120] {processor.py:641} INFO - Processing file /mnt/c/Users/ander/Desktop/airflow-spark/airflow-spark/curso2/ambientepython/lib/python3.9/site-packages/airflow/example_dags/example_bash_operator.py for tasks to queue
[2025-01-15 23:44:28,121] {logging_mixin.py:115} INFO - [2025-01-15 23:44:28,121] {dagbag.py:507} INFO - Filling up the DagBag from /mnt/c/Users/ander/Desktop/airflow-spark/airflow-spark/curso2/ambientepython/lib/python3.9/site-packages/airflow/example_dags/example_bash_operator.py
[2025-01-15 23:44:28,178] {processor.py:651} INFO - DAG(s) dict_keys(['example_bash_operator']) retrieved from /mnt/c/Users/ander/Desktop/airflow-spark/airflow-spark/curso2/ambientepython/lib/python3.9/site-packages/airflow/example_dags/example_bash_operator.py
[2025-01-15 23:44:28,223] {logging_mixin.py:115} INFO - [2025-01-15 23:44:28,223] {dag.py:2379} INFO - Sync 1 DAGs
[2025-01-15 23:44:28,260] {logging_mixin.py:115} INFO - [2025-01-15 23:44:28,260] {dag.py:2927} INFO - Setting next_dagrun for example_bash_operator to 2025-01-15T00:00:00+00:00, run_after=2025-01-16T00:00:00+00:00
[2025-01-15 23:44:28,317] {processor.py:161} INFO - Processing /mnt/c/Users/ander/Desktop/airflow-spark/airflow-spark/curso2/ambientepython/lib/python3.9/site-packages/airflow/example_dags/example_bash_operator.py took 0.203 seconds
[2025-01-15 23:45:21,857] {processor.py:153} INFO - Started process (PID=34764) to work on /mnt/c/Users/ander/Desktop/airflow-spark/airflow-spark/curso2/ambientepython/lib/python3.9/site-packages/airflow/example_dags/example_bash_operator.py
[2025-01-15 23:45:21,858] {processor.py:641} INFO - Processing file /mnt/c/Users/ander/Desktop/airflow-spark/airflow-spark/curso2/ambientepython/lib/python3.9/site-packages/airflow/example_dags/example_bash_operator.py for tasks to queue
[2025-01-15 23:45:21,859] {logging_mixin.py:115} INFO - [2025-01-15 23:45:21,859] {dagbag.py:507} INFO - Filling up the DagBag from /mnt/c/Users/ander/Desktop/airflow-spark/airflow-spark/curso2/ambientepython/lib/python3.9/site-packages/airflow/example_dags/example_bash_operator.py
[2025-01-15 23:45:21,911] {processor.py:651} INFO - DAG(s) dict_keys(['example_bash_operator']) retrieved from /mnt/c/Users/ander/Desktop/airflow-spark/airflow-spark/curso2/ambientepython/lib/python3.9/site-packages/airflow/example_dags/example_bash_operator.py
[2025-01-15 23:45:21,953] {logging_mixin.py:115} INFO - [2025-01-15 23:45:21,953] {dag.py:2379} INFO - Sync 1 DAGs
[2025-01-15 23:45:21,986] {logging_mixin.py:115} INFO - [2025-01-15 23:45:21,986] {dag.py:2927} INFO - Setting next_dagrun for example_bash_operator to 2025-01-15T00:00:00+00:00, run_after=2025-01-16T00:00:00+00:00
[2025-01-15 23:45:22,033] {processor.py:161} INFO - Processing /mnt/c/Users/ander/Desktop/airflow-spark/airflow-spark/curso2/ambientepython/lib/python3.9/site-packages/airflow/example_dags/example_bash_operator.py took 0.180 seconds
[2025-01-15 23:46:20,871] {processor.py:153} INFO - Started process (PID=34975) to work on /mnt/c/Users/ander/Desktop/airflow-spark/airflow-spark/curso2/ambientepython/lib/python3.9/site-packages/airflow/example_dags/example_bash_operator.py
[2025-01-15 23:46:20,872] {processor.py:641} INFO - Processing file /mnt/c/Users/ander/Desktop/airflow-spark/airflow-spark/curso2/ambientepython/lib/python3.9/site-packages/airflow/example_dags/example_bash_operator.py for tasks to queue
[2025-01-15 23:46:20,873] {logging_mixin.py:115} INFO - [2025-01-15 23:46:20,873] {dagbag.py:507} INFO - Filling up the DagBag from /mnt/c/Users/ander/Desktop/airflow-spark/airflow-spark/curso2/ambientepython/lib/python3.9/site-packages/airflow/example_dags/example_bash_operator.py
[2025-01-15 23:46:20,926] {processor.py:651} INFO - DAG(s) dict_keys(['example_bash_operator']) retrieved from /mnt/c/Users/ander/Desktop/airflow-spark/airflow-spark/curso2/ambientepython/lib/python3.9/site-packages/airflow/example_dags/example_bash_operator.py
[2025-01-15 23:46:20,970] {logging_mixin.py:115} INFO - [2025-01-15 23:46:20,969] {dag.py:2379} INFO - Sync 1 DAGs
[2025-01-15 23:46:21,002] {logging_mixin.py:115} INFO - [2025-01-15 23:46:21,002] {dag.py:2927} INFO - Setting next_dagrun for example_bash_operator to 2025-01-15T00:00:00+00:00, run_after=2025-01-16T00:00:00+00:00
[2025-01-15 23:46:21,050] {processor.py:161} INFO - Processing /mnt/c/Users/ander/Desktop/airflow-spark/airflow-spark/curso2/ambientepython/lib/python3.9/site-packages/airflow/example_dags/example_bash_operator.py took 0.183 seconds
[2025-01-15 23:47:03,989] {processor.py:153} INFO - Started process (PID=35133) to work on /mnt/c/Users/ander/Desktop/airflow-spark/airflow-spark/curso2/ambientepython/lib/python3.9/site-packages/airflow/example_dags/example_bash_operator.py
[2025-01-15 23:47:03,990] {processor.py:641} INFO - Processing file /mnt/c/Users/ander/Desktop/airflow-spark/airflow-spark/curso2/ambientepython/lib/python3.9/site-packages/airflow/example_dags/example_bash_operator.py for tasks to queue
[2025-01-15 23:47:03,991] {logging_mixin.py:115} INFO - [2025-01-15 23:47:03,991] {dagbag.py:507} INFO - Filling up the DagBag from /mnt/c/Users/ander/Desktop/airflow-spark/airflow-spark/curso2/ambientepython/lib/python3.9/site-packages/airflow/example_dags/example_bash_operator.py
[2025-01-15 23:47:04,044] {processor.py:651} INFO - DAG(s) dict_keys(['example_bash_operator']) retrieved from /mnt/c/Users/ander/Desktop/airflow-spark/airflow-spark/curso2/ambientepython/lib/python3.9/site-packages/airflow/example_dags/example_bash_operator.py
[2025-01-15 23:47:04,086] {logging_mixin.py:115} INFO - [2025-01-15 23:47:04,086] {dag.py:2379} INFO - Sync 1 DAGs
[2025-01-15 23:47:04,118] {logging_mixin.py:115} INFO - [2025-01-15 23:47:04,118] {dag.py:2927} INFO - Setting next_dagrun for example_bash_operator to 2025-01-15T00:00:00+00:00, run_after=2025-01-16T00:00:00+00:00
[2025-01-15 23:47:04,158] {processor.py:161} INFO - Processing /mnt/c/Users/ander/Desktop/airflow-spark/airflow-spark/curso2/ambientepython/lib/python3.9/site-packages/airflow/example_dags/example_bash_operator.py took 0.174 seconds
[2025-01-15 23:47:48,877] {processor.py:153} INFO - Started process (PID=35294) to work on /mnt/c/Users/ander/Desktop/airflow-spark/airflow-spark/curso2/ambientepython/lib/python3.9/site-packages/airflow/example_dags/example_bash_operator.py
[2025-01-15 23:47:48,878] {processor.py:641} INFO - Processing file /mnt/c/Users/ander/Desktop/airflow-spark/airflow-spark/curso2/ambientepython/lib/python3.9/site-packages/airflow/example_dags/example_bash_operator.py for tasks to queue
[2025-01-15 23:47:48,879] {logging_mixin.py:115} INFO - [2025-01-15 23:47:48,879] {dagbag.py:507} INFO - Filling up the DagBag from /mnt/c/Users/ander/Desktop/airflow-spark/airflow-spark/curso2/ambientepython/lib/python3.9/site-packages/airflow/example_dags/example_bash_operator.py
[2025-01-15 23:47:48,932] {processor.py:651} INFO - DAG(s) dict_keys(['example_bash_operator']) retrieved from /mnt/c/Users/ander/Desktop/airflow-spark/airflow-spark/curso2/ambientepython/lib/python3.9/site-packages/airflow/example_dags/example_bash_operator.py
[2025-01-15 23:47:48,974] {logging_mixin.py:115} INFO - [2025-01-15 23:47:48,974] {dag.py:2379} INFO - Sync 1 DAGs
[2025-01-15 23:47:49,007] {logging_mixin.py:115} INFO - [2025-01-15 23:47:49,007] {dag.py:2927} INFO - Setting next_dagrun for example_bash_operator to 2025-01-15T00:00:00+00:00, run_after=2025-01-16T00:00:00+00:00
[2025-01-15 23:47:49,055] {processor.py:161} INFO - Processing /mnt/c/Users/ander/Desktop/airflow-spark/airflow-spark/curso2/ambientepython/lib/python3.9/site-packages/airflow/example_dags/example_bash_operator.py took 0.182 seconds
[2025-01-15 23:48:48,217] {processor.py:153} INFO - Started process (PID=35559) to work on /mnt/c/Users/ander/Desktop/airflow-spark/airflow-spark/curso2/ambientepython/lib/python3.9/site-packages/airflow/example_dags/example_bash_operator.py
[2025-01-15 23:48:48,218] {processor.py:641} INFO - Processing file /mnt/c/Users/ander/Desktop/airflow-spark/airflow-spark/curso2/ambientepython/lib/python3.9/site-packages/airflow/example_dags/example_bash_operator.py for tasks to queue
[2025-01-15 23:48:48,219] {logging_mixin.py:115} INFO - [2025-01-15 23:48:48,219] {dagbag.py:507} INFO - Filling up the DagBag from /mnt/c/Users/ander/Desktop/airflow-spark/airflow-spark/curso2/ambientepython/lib/python3.9/site-packages/airflow/example_dags/example_bash_operator.py
[2025-01-15 23:48:48,299] {processor.py:651} INFO - DAG(s) dict_keys(['example_bash_operator']) retrieved from /mnt/c/Users/ander/Desktop/airflow-spark/airflow-spark/curso2/ambientepython/lib/python3.9/site-packages/airflow/example_dags/example_bash_operator.py
[2025-01-15 23:48:48,345] {logging_mixin.py:115} INFO - [2025-01-15 23:48:48,345] {dag.py:2379} INFO - Sync 1 DAGs
[2025-01-15 23:48:48,384] {logging_mixin.py:115} INFO - [2025-01-15 23:48:48,384] {dag.py:2927} INFO - Setting next_dagrun for example_bash_operator to 2025-01-15T00:00:00+00:00, run_after=2025-01-16T00:00:00+00:00
[2025-01-15 23:48:48,441] {processor.py:161} INFO - Processing /mnt/c/Users/ander/Desktop/airflow-spark/airflow-spark/curso2/ambientepython/lib/python3.9/site-packages/airflow/example_dags/example_bash_operator.py took 0.230 seconds
[2025-01-15 23:49:35,338] {processor.py:153} INFO - Started process (PID=35735) to work on /mnt/c/Users/ander/Desktop/airflow-spark/airflow-spark/curso2/ambientepython/lib/python3.9/site-packages/airflow/example_dags/example_bash_operator.py
[2025-01-15 23:49:35,339] {processor.py:641} INFO - Processing file /mnt/c/Users/ander/Desktop/airflow-spark/airflow-spark/curso2/ambientepython/lib/python3.9/site-packages/airflow/example_dags/example_bash_operator.py for tasks to queue
[2025-01-15 23:49:35,340] {logging_mixin.py:115} INFO - [2025-01-15 23:49:35,340] {dagbag.py:507} INFO - Filling up the DagBag from /mnt/c/Users/ander/Desktop/airflow-spark/airflow-spark/curso2/ambientepython/lib/python3.9/site-packages/airflow/example_dags/example_bash_operator.py
[2025-01-15 23:49:35,394] {processor.py:651} INFO - DAG(s) dict_keys(['example_bash_operator']) retrieved from /mnt/c/Users/ander/Desktop/airflow-spark/airflow-spark/curso2/ambientepython/lib/python3.9/site-packages/airflow/example_dags/example_bash_operator.py
[2025-01-15 23:49:35,433] {logging_mixin.py:115} INFO - [2025-01-15 23:49:35,433] {dag.py:2379} INFO - Sync 1 DAGs
[2025-01-15 23:49:35,465] {logging_mixin.py:115} INFO - [2025-01-15 23:49:35,465] {dag.py:2927} INFO - Setting next_dagrun for example_bash_operator to 2025-01-15T00:00:00+00:00, run_after=2025-01-16T00:00:00+00:00
[2025-01-15 23:49:35,512] {processor.py:161} INFO - Processing /mnt/c/Users/ander/Desktop/airflow-spark/airflow-spark/curso2/ambientepython/lib/python3.9/site-packages/airflow/example_dags/example_bash_operator.py took 0.178 seconds
[2025-01-15 23:50:22,380] {processor.py:153} INFO - Started process (PID=35903) to work on /mnt/c/Users/ander/Desktop/airflow-spark/airflow-spark/curso2/ambientepython/lib/python3.9/site-packages/airflow/example_dags/example_bash_operator.py
[2025-01-15 23:50:22,382] {processor.py:641} INFO - Processing file /mnt/c/Users/ander/Desktop/airflow-spark/airflow-spark/curso2/ambientepython/lib/python3.9/site-packages/airflow/example_dags/example_bash_operator.py for tasks to queue
[2025-01-15 23:50:22,383] {logging_mixin.py:115} INFO - [2025-01-15 23:50:22,382] {dagbag.py:507} INFO - Filling up the DagBag from /mnt/c/Users/ander/Desktop/airflow-spark/airflow-spark/curso2/ambientepython/lib/python3.9/site-packages/airflow/example_dags/example_bash_operator.py
[2025-01-15 23:50:22,438] {processor.py:651} INFO - DAG(s) dict_keys(['example_bash_operator']) retrieved from /mnt/c/Users/ander/Desktop/airflow-spark/airflow-spark/curso2/ambientepython/lib/python3.9/site-packages/airflow/example_dags/example_bash_operator.py
[2025-01-15 23:50:22,481] {logging_mixin.py:115} INFO - [2025-01-15 23:50:22,481] {dag.py:2379} INFO - Sync 1 DAGs
[2025-01-15 23:50:22,514] {logging_mixin.py:115} INFO - [2025-01-15 23:50:22,514] {dag.py:2927} INFO - Setting next_dagrun for example_bash_operator to 2025-01-15T00:00:00+00:00, run_after=2025-01-16T00:00:00+00:00
[2025-01-15 23:50:22,561] {processor.py:161} INFO - Processing /mnt/c/Users/ander/Desktop/airflow-spark/airflow-spark/curso2/ambientepython/lib/python3.9/site-packages/airflow/example_dags/example_bash_operator.py took 0.184 seconds
[2025-01-15 23:51:10,263] {processor.py:153} INFO - Started process (PID=36078) to work on /mnt/c/Users/ander/Desktop/airflow-spark/airflow-spark/curso2/ambientepython/lib/python3.9/site-packages/airflow/example_dags/example_bash_operator.py
[2025-01-15 23:51:10,264] {processor.py:641} INFO - Processing file /mnt/c/Users/ander/Desktop/airflow-spark/airflow-spark/curso2/ambientepython/lib/python3.9/site-packages/airflow/example_dags/example_bash_operator.py for tasks to queue
[2025-01-15 23:51:10,265] {logging_mixin.py:115} INFO - [2025-01-15 23:51:10,265] {dagbag.py:507} INFO - Filling up the DagBag from /mnt/c/Users/ander/Desktop/airflow-spark/airflow-spark/curso2/ambientepython/lib/python3.9/site-packages/airflow/example_dags/example_bash_operator.py
[2025-01-15 23:51:10,321] {processor.py:651} INFO - DAG(s) dict_keys(['example_bash_operator']) retrieved from /mnt/c/Users/ander/Desktop/airflow-spark/airflow-spark/curso2/ambientepython/lib/python3.9/site-packages/airflow/example_dags/example_bash_operator.py
[2025-01-15 23:51:10,363] {logging_mixin.py:115} INFO - [2025-01-15 23:51:10,363] {dag.py:2379} INFO - Sync 1 DAGs
[2025-01-15 23:51:10,397] {logging_mixin.py:115} INFO - [2025-01-15 23:51:10,397] {dag.py:2927} INFO - Setting next_dagrun for example_bash_operator to 2025-01-15T00:00:00+00:00, run_after=2025-01-16T00:00:00+00:00
[2025-01-15 23:51:10,445] {processor.py:161} INFO - Processing /mnt/c/Users/ander/Desktop/airflow-spark/airflow-spark/curso2/ambientepython/lib/python3.9/site-packages/airflow/example_dags/example_bash_operator.py took 0.187 seconds
[2025-01-15 23:51:58,347] {processor.py:153} INFO - Started process (PID=36246) to work on /mnt/c/Users/ander/Desktop/airflow-spark/airflow-spark/curso2/ambientepython/lib/python3.9/site-packages/airflow/example_dags/example_bash_operator.py
[2025-01-15 23:51:58,348] {processor.py:641} INFO - Processing file /mnt/c/Users/ander/Desktop/airflow-spark/airflow-spark/curso2/ambientepython/lib/python3.9/site-packages/airflow/example_dags/example_bash_operator.py for tasks to queue
[2025-01-15 23:51:58,349] {logging_mixin.py:115} INFO - [2025-01-15 23:51:58,349] {dagbag.py:507} INFO - Filling up the DagBag from /mnt/c/Users/ander/Desktop/airflow-spark/airflow-spark/curso2/ambientepython/lib/python3.9/site-packages/airflow/example_dags/example_bash_operator.py
[2025-01-15 23:51:58,420] {processor.py:651} INFO - DAG(s) dict_keys(['example_bash_operator']) retrieved from /mnt/c/Users/ander/Desktop/airflow-spark/airflow-spark/curso2/ambientepython/lib/python3.9/site-packages/airflow/example_dags/example_bash_operator.py
[2025-01-15 23:51:58,471] {logging_mixin.py:115} INFO - [2025-01-15 23:51:58,470] {dag.py:2379} INFO - Sync 1 DAGs
[2025-01-15 23:51:58,512] {logging_mixin.py:115} INFO - [2025-01-15 23:51:58,512] {dag.py:2927} INFO - Setting next_dagrun for example_bash_operator to 2025-01-15T00:00:00+00:00, run_after=2025-01-16T00:00:00+00:00
[2025-01-15 23:51:58,568] {processor.py:161} INFO - Processing /mnt/c/Users/ander/Desktop/airflow-spark/airflow-spark/curso2/ambientepython/lib/python3.9/site-packages/airflow/example_dags/example_bash_operator.py took 0.225 seconds
[2025-01-15 23:52:53,473] {processor.py:153} INFO - Started process (PID=36443) to work on /mnt/c/Users/ander/Desktop/airflow-spark/airflow-spark/curso2/ambientepython/lib/python3.9/site-packages/airflow/example_dags/example_bash_operator.py
[2025-01-15 23:52:53,474] {processor.py:641} INFO - Processing file /mnt/c/Users/ander/Desktop/airflow-spark/airflow-spark/curso2/ambientepython/lib/python3.9/site-packages/airflow/example_dags/example_bash_operator.py for tasks to queue
[2025-01-15 23:52:53,474] {logging_mixin.py:115} INFO - [2025-01-15 23:52:53,474] {dagbag.py:507} INFO - Filling up the DagBag from /mnt/c/Users/ander/Desktop/airflow-spark/airflow-spark/curso2/ambientepython/lib/python3.9/site-packages/airflow/example_dags/example_bash_operator.py
[2025-01-15 23:52:53,527] {processor.py:651} INFO - DAG(s) dict_keys(['example_bash_operator']) retrieved from /mnt/c/Users/ander/Desktop/airflow-spark/airflow-spark/curso2/ambientepython/lib/python3.9/site-packages/airflow/example_dags/example_bash_operator.py
[2025-01-15 23:52:53,568] {logging_mixin.py:115} INFO - [2025-01-15 23:52:53,568] {dag.py:2379} INFO - Sync 1 DAGs
[2025-01-15 23:52:53,625] {logging_mixin.py:115} INFO - [2025-01-15 23:52:53,624] {dag.py:2927} INFO - Setting next_dagrun for example_bash_operator to 2025-01-15T00:00:00+00:00, run_after=2025-01-16T00:00:00+00:00
[2025-01-15 23:52:53,759] {processor.py:161} INFO - Processing /mnt/c/Users/ander/Desktop/airflow-spark/airflow-spark/curso2/ambientepython/lib/python3.9/site-packages/airflow/example_dags/example_bash_operator.py took 0.291 seconds
