[2025-01-15 23:12:37,211] {processor.py:153} INFO - Started process (PID=25369) to work on /mnt/c/Users/ander/Desktop/airflow-spark/airflow-spark/curso2/ambientepython/lib/python3.9/site-packages/airflow/example_dags/example_python_operator.py
[2025-01-15 23:12:37,215] {processor.py:641} INFO - Processing file /mnt/c/Users/ander/Desktop/airflow-spark/airflow-spark/curso2/ambientepython/lib/python3.9/site-packages/airflow/example_dags/example_python_operator.py for tasks to queue
[2025-01-15 23:12:37,216] {logging_mixin.py:115} INFO - [2025-01-15 23:12:37,216] {dagbag.py:507} INFO - Filling up the DagBag from /mnt/c/Users/ander/Desktop/airflow-spark/airflow-spark/curso2/ambientepython/lib/python3.9/site-packages/airflow/example_dags/example_python_operator.py
[2025-01-15 23:12:37,504] {logging_mixin.py:115} INFO - [2025-01-15 23:12:37,504] {example_python_operator.py:68} WARNING - The virtalenv_python example task requires virtualenv, please install it.
[2025-01-15 23:12:37,505] {processor.py:651} INFO - DAG(s) dict_keys(['example_python_operator']) retrieved from /mnt/c/Users/ander/Desktop/airflow-spark/airflow-spark/curso2/ambientepython/lib/python3.9/site-packages/airflow/example_dags/example_python_operator.py
[2025-01-15 23:12:37,925] {logging_mixin.py:115} INFO - [2025-01-15 23:12:37,925] {manager.py:508} INFO - Created Permission View: can edit on DAG:example_python_operator
[2025-01-15 23:12:38,010] {logging_mixin.py:115} INFO - [2025-01-15 23:12:38,009] {manager.py:508} INFO - Created Permission View: can delete on DAG:example_python_operator
[2025-01-15 23:12:38,068] {logging_mixin.py:115} INFO - [2025-01-15 23:12:38,068] {manager.py:508} INFO - Created Permission View: can read on DAG:example_python_operator
[2025-01-15 23:12:38,069] {logging_mixin.py:115} INFO - [2025-01-15 23:12:38,069] {dag.py:2379} INFO - Sync 1 DAGs
[2025-01-15 23:12:38,120] {logging_mixin.py:115} INFO - [2025-01-15 23:12:38,120] {dag.py:2398} INFO - Creating ORM DAG for example_python_operator
[2025-01-15 23:12:38,175] {logging_mixin.py:115} INFO - [2025-01-15 23:12:38,174] {dag.py:2927} INFO - Setting next_dagrun for example_python_operator to None, run_after=None
[2025-01-15 23:12:38,283] {processor.py:161} INFO - Processing /mnt/c/Users/ander/Desktop/airflow-spark/airflow-spark/curso2/ambientepython/lib/python3.9/site-packages/airflow/example_dags/example_python_operator.py took 1.080 seconds
[2025-01-15 23:13:26,535] {processor.py:153} INFO - Started process (PID=25650) to work on /mnt/c/Users/ander/Desktop/airflow-spark/airflow-spark/curso2/ambientepython/lib/python3.9/site-packages/airflow/example_dags/example_python_operator.py
[2025-01-15 23:13:26,536] {processor.py:641} INFO - Processing file /mnt/c/Users/ander/Desktop/airflow-spark/airflow-spark/curso2/ambientepython/lib/python3.9/site-packages/airflow/example_dags/example_python_operator.py for tasks to queue
[2025-01-15 23:13:26,537] {logging_mixin.py:115} INFO - [2025-01-15 23:13:26,537] {dagbag.py:507} INFO - Filling up the DagBag from /mnt/c/Users/ander/Desktop/airflow-spark/airflow-spark/curso2/ambientepython/lib/python3.9/site-packages/airflow/example_dags/example_python_operator.py
[2025-01-15 23:13:26,716] {logging_mixin.py:115} INFO - [2025-01-15 23:13:26,716] {example_python_operator.py:68} WARNING - The virtalenv_python example task requires virtualenv, please install it.
[2025-01-15 23:13:26,717] {processor.py:651} INFO - DAG(s) dict_keys(['example_python_operator']) retrieved from /mnt/c/Users/ander/Desktop/airflow-spark/airflow-spark/curso2/ambientepython/lib/python3.9/site-packages/airflow/example_dags/example_python_operator.py
[2025-01-15 23:13:26,757] {logging_mixin.py:115} INFO - [2025-01-15 23:13:26,757] {dag.py:2379} INFO - Sync 1 DAGs
[2025-01-15 23:13:26,788] {logging_mixin.py:115} INFO - [2025-01-15 23:13:26,788] {dag.py:2927} INFO - Setting next_dagrun for example_python_operator to None, run_after=None
[2025-01-15 23:13:26,840] {processor.py:161} INFO - Processing /mnt/c/Users/ander/Desktop/airflow-spark/airflow-spark/curso2/ambientepython/lib/python3.9/site-packages/airflow/example_dags/example_python_operator.py took 0.308 seconds
[2025-01-15 23:14:14,530] {processor.py:153} INFO - Started process (PID=25819) to work on /mnt/c/Users/ander/Desktop/airflow-spark/airflow-spark/curso2/ambientepython/lib/python3.9/site-packages/airflow/example_dags/example_python_operator.py
[2025-01-15 23:14:14,531] {processor.py:641} INFO - Processing file /mnt/c/Users/ander/Desktop/airflow-spark/airflow-spark/curso2/ambientepython/lib/python3.9/site-packages/airflow/example_dags/example_python_operator.py for tasks to queue
[2025-01-15 23:14:14,533] {logging_mixin.py:115} INFO - [2025-01-15 23:14:14,532] {dagbag.py:507} INFO - Filling up the DagBag from /mnt/c/Users/ander/Desktop/airflow-spark/airflow-spark/curso2/ambientepython/lib/python3.9/site-packages/airflow/example_dags/example_python_operator.py
[2025-01-15 23:14:14,697] {logging_mixin.py:115} INFO - [2025-01-15 23:14:14,697] {example_python_operator.py:68} WARNING - The virtalenv_python example task requires virtualenv, please install it.
[2025-01-15 23:14:14,698] {processor.py:651} INFO - DAG(s) dict_keys(['example_python_operator']) retrieved from /mnt/c/Users/ander/Desktop/airflow-spark/airflow-spark/curso2/ambientepython/lib/python3.9/site-packages/airflow/example_dags/example_python_operator.py
[2025-01-15 23:14:14,732] {logging_mixin.py:115} INFO - [2025-01-15 23:14:14,732] {dag.py:2379} INFO - Sync 1 DAGs
[2025-01-15 23:14:14,757] {logging_mixin.py:115} INFO - [2025-01-15 23:14:14,757] {dag.py:2927} INFO - Setting next_dagrun for example_python_operator to None, run_after=None
[2025-01-15 23:14:14,800] {processor.py:161} INFO - Processing /mnt/c/Users/ander/Desktop/airflow-spark/airflow-spark/curso2/ambientepython/lib/python3.9/site-packages/airflow/example_dags/example_python_operator.py took 0.274 seconds
[2025-01-15 23:14:58,094] {processor.py:153} INFO - Started process (PID=25980) to work on /mnt/c/Users/ander/Desktop/airflow-spark/airflow-spark/curso2/ambientepython/lib/python3.9/site-packages/airflow/example_dags/example_python_operator.py
[2025-01-15 23:14:58,096] {processor.py:641} INFO - Processing file /mnt/c/Users/ander/Desktop/airflow-spark/airflow-spark/curso2/ambientepython/lib/python3.9/site-packages/airflow/example_dags/example_python_operator.py for tasks to queue
[2025-01-15 23:14:58,097] {logging_mixin.py:115} INFO - [2025-01-15 23:14:58,096] {dagbag.py:507} INFO - Filling up the DagBag from /mnt/c/Users/ander/Desktop/airflow-spark/airflow-spark/curso2/ambientepython/lib/python3.9/site-packages/airflow/example_dags/example_python_operator.py
[2025-01-15 23:14:58,233] {logging_mixin.py:115} INFO - [2025-01-15 23:14:58,233] {example_python_operator.py:68} WARNING - The virtalenv_python example task requires virtualenv, please install it.
[2025-01-15 23:14:58,233] {processor.py:651} INFO - DAG(s) dict_keys(['example_python_operator']) retrieved from /mnt/c/Users/ander/Desktop/airflow-spark/airflow-spark/curso2/ambientepython/lib/python3.9/site-packages/airflow/example_dags/example_python_operator.py
[2025-01-15 23:14:58,270] {logging_mixin.py:115} INFO - [2025-01-15 23:14:58,270] {dag.py:2379} INFO - Sync 1 DAGs
[2025-01-15 23:14:58,298] {logging_mixin.py:115} INFO - [2025-01-15 23:14:58,298] {dag.py:2927} INFO - Setting next_dagrun for example_python_operator to None, run_after=None
[2025-01-15 23:14:58,336] {processor.py:161} INFO - Processing /mnt/c/Users/ander/Desktop/airflow-spark/airflow-spark/curso2/ambientepython/lib/python3.9/site-packages/airflow/example_dags/example_python_operator.py took 0.246 seconds
[2025-01-15 23:15:44,484] {processor.py:153} INFO - Started process (PID=26148) to work on /mnt/c/Users/ander/Desktop/airflow-spark/airflow-spark/curso2/ambientepython/lib/python3.9/site-packages/airflow/example_dags/example_python_operator.py
[2025-01-15 23:15:44,485] {processor.py:641} INFO - Processing file /mnt/c/Users/ander/Desktop/airflow-spark/airflow-spark/curso2/ambientepython/lib/python3.9/site-packages/airflow/example_dags/example_python_operator.py for tasks to queue
[2025-01-15 23:15:44,486] {logging_mixin.py:115} INFO - [2025-01-15 23:15:44,486] {dagbag.py:507} INFO - Filling up the DagBag from /mnt/c/Users/ander/Desktop/airflow-spark/airflow-spark/curso2/ambientepython/lib/python3.9/site-packages/airflow/example_dags/example_python_operator.py
[2025-01-15 23:15:44,655] {logging_mixin.py:115} INFO - [2025-01-15 23:15:44,655] {example_python_operator.py:68} WARNING - The virtalenv_python example task requires virtualenv, please install it.
[2025-01-15 23:15:44,656] {processor.py:651} INFO - DAG(s) dict_keys(['example_python_operator']) retrieved from /mnt/c/Users/ander/Desktop/airflow-spark/airflow-spark/curso2/ambientepython/lib/python3.9/site-packages/airflow/example_dags/example_python_operator.py
[2025-01-15 23:15:44,698] {logging_mixin.py:115} INFO - [2025-01-15 23:15:44,698] {dag.py:2379} INFO - Sync 1 DAGs
[2025-01-15 23:15:44,749] {logging_mixin.py:115} INFO - [2025-01-15 23:15:44,748] {dag.py:2927} INFO - Setting next_dagrun for example_python_operator to None, run_after=None
[2025-01-15 23:15:44,800] {processor.py:161} INFO - Processing /mnt/c/Users/ander/Desktop/airflow-spark/airflow-spark/curso2/ambientepython/lib/python3.9/site-packages/airflow/example_dags/example_python_operator.py took 0.321 seconds
[2025-01-15 23:16:31,460] {processor.py:153} INFO - Started process (PID=26315) to work on /mnt/c/Users/ander/Desktop/airflow-spark/airflow-spark/curso2/ambientepython/lib/python3.9/site-packages/airflow/example_dags/example_python_operator.py
[2025-01-15 23:16:31,461] {processor.py:641} INFO - Processing file /mnt/c/Users/ander/Desktop/airflow-spark/airflow-spark/curso2/ambientepython/lib/python3.9/site-packages/airflow/example_dags/example_python_operator.py for tasks to queue
[2025-01-15 23:16:31,462] {logging_mixin.py:115} INFO - [2025-01-15 23:16:31,462] {dagbag.py:507} INFO - Filling up the DagBag from /mnt/c/Users/ander/Desktop/airflow-spark/airflow-spark/curso2/ambientepython/lib/python3.9/site-packages/airflow/example_dags/example_python_operator.py
[2025-01-15 23:16:31,579] {logging_mixin.py:115} INFO - [2025-01-15 23:16:31,579] {example_python_operator.py:68} WARNING - The virtalenv_python example task requires virtualenv, please install it.
[2025-01-15 23:16:31,580] {processor.py:651} INFO - DAG(s) dict_keys(['example_python_operator']) retrieved from /mnt/c/Users/ander/Desktop/airflow-spark/airflow-spark/curso2/ambientepython/lib/python3.9/site-packages/airflow/example_dags/example_python_operator.py
[2025-01-15 23:16:31,621] {logging_mixin.py:115} INFO - [2025-01-15 23:16:31,621] {dag.py:2379} INFO - Sync 1 DAGs
[2025-01-15 23:16:31,650] {logging_mixin.py:115} INFO - [2025-01-15 23:16:31,650] {dag.py:2927} INFO - Setting next_dagrun for example_python_operator to None, run_after=None
[2025-01-15 23:16:31,697] {processor.py:161} INFO - Processing /mnt/c/Users/ander/Desktop/airflow-spark/airflow-spark/curso2/ambientepython/lib/python3.9/site-packages/airflow/example_dags/example_python_operator.py took 0.240 seconds
[2025-01-15 23:17:18,037] {processor.py:153} INFO - Started process (PID=26537) to work on /mnt/c/Users/ander/Desktop/airflow-spark/airflow-spark/curso2/ambientepython/lib/python3.9/site-packages/airflow/example_dags/example_python_operator.py
[2025-01-15 23:17:18,038] {processor.py:641} INFO - Processing file /mnt/c/Users/ander/Desktop/airflow-spark/airflow-spark/curso2/ambientepython/lib/python3.9/site-packages/airflow/example_dags/example_python_operator.py for tasks to queue
[2025-01-15 23:17:18,039] {logging_mixin.py:115} INFO - [2025-01-15 23:17:18,039] {dagbag.py:507} INFO - Filling up the DagBag from /mnt/c/Users/ander/Desktop/airflow-spark/airflow-spark/curso2/ambientepython/lib/python3.9/site-packages/airflow/example_dags/example_python_operator.py
[2025-01-15 23:17:18,168] {logging_mixin.py:115} INFO - [2025-01-15 23:17:18,168] {example_python_operator.py:68} WARNING - The virtalenv_python example task requires virtualenv, please install it.
[2025-01-15 23:17:18,169] {processor.py:651} INFO - DAG(s) dict_keys(['example_python_operator']) retrieved from /mnt/c/Users/ander/Desktop/airflow-spark/airflow-spark/curso2/ambientepython/lib/python3.9/site-packages/airflow/example_dags/example_python_operator.py
[2025-01-15 23:17:18,208] {logging_mixin.py:115} INFO - [2025-01-15 23:17:18,208] {dag.py:2379} INFO - Sync 1 DAGs
[2025-01-15 23:17:18,236] {logging_mixin.py:115} INFO - [2025-01-15 23:17:18,236] {dag.py:2927} INFO - Setting next_dagrun for example_python_operator to None, run_after=None
[2025-01-15 23:17:18,274] {processor.py:161} INFO - Processing /mnt/c/Users/ander/Desktop/airflow-spark/airflow-spark/curso2/ambientepython/lib/python3.9/site-packages/airflow/example_dags/example_python_operator.py took 0.241 seconds
[2025-01-15 23:18:03,233] {processor.py:153} INFO - Started process (PID=26699) to work on /mnt/c/Users/ander/Desktop/airflow-spark/airflow-spark/curso2/ambientepython/lib/python3.9/site-packages/airflow/example_dags/example_python_operator.py
[2025-01-15 23:18:03,234] {processor.py:641} INFO - Processing file /mnt/c/Users/ander/Desktop/airflow-spark/airflow-spark/curso2/ambientepython/lib/python3.9/site-packages/airflow/example_dags/example_python_operator.py for tasks to queue
[2025-01-15 23:18:03,235] {logging_mixin.py:115} INFO - [2025-01-15 23:18:03,235] {dagbag.py:507} INFO - Filling up the DagBag from /mnt/c/Users/ander/Desktop/airflow-spark/airflow-spark/curso2/ambientepython/lib/python3.9/site-packages/airflow/example_dags/example_python_operator.py
[2025-01-15 23:18:03,389] {logging_mixin.py:115} INFO - [2025-01-15 23:18:03,389] {example_python_operator.py:68} WARNING - The virtalenv_python example task requires virtualenv, please install it.
[2025-01-15 23:18:03,390] {processor.py:651} INFO - DAG(s) dict_keys(['example_python_operator']) retrieved from /mnt/c/Users/ander/Desktop/airflow-spark/airflow-spark/curso2/ambientepython/lib/python3.9/site-packages/airflow/example_dags/example_python_operator.py
[2025-01-15 23:18:03,432] {logging_mixin.py:115} INFO - [2025-01-15 23:18:03,432] {dag.py:2379} INFO - Sync 1 DAGs
[2025-01-15 23:18:03,462] {logging_mixin.py:115} INFO - [2025-01-15 23:18:03,462] {dag.py:2927} INFO - Setting next_dagrun for example_python_operator to None, run_after=None
[2025-01-15 23:18:03,512] {processor.py:161} INFO - Processing /mnt/c/Users/ander/Desktop/airflow-spark/airflow-spark/curso2/ambientepython/lib/python3.9/site-packages/airflow/example_dags/example_python_operator.py took 0.283 seconds
[2025-01-15 23:18:49,910] {processor.py:153} INFO - Started process (PID=26870) to work on /mnt/c/Users/ander/Desktop/airflow-spark/airflow-spark/curso2/ambientepython/lib/python3.9/site-packages/airflow/example_dags/example_python_operator.py
[2025-01-15 23:18:49,911] {processor.py:641} INFO - Processing file /mnt/c/Users/ander/Desktop/airflow-spark/airflow-spark/curso2/ambientepython/lib/python3.9/site-packages/airflow/example_dags/example_python_operator.py for tasks to queue
[2025-01-15 23:18:49,912] {logging_mixin.py:115} INFO - [2025-01-15 23:18:49,912] {dagbag.py:507} INFO - Filling up the DagBag from /mnt/c/Users/ander/Desktop/airflow-spark/airflow-spark/curso2/ambientepython/lib/python3.9/site-packages/airflow/example_dags/example_python_operator.py
[2025-01-15 23:18:50,084] {logging_mixin.py:115} INFO - [2025-01-15 23:18:50,083] {example_python_operator.py:68} WARNING - The virtalenv_python example task requires virtualenv, please install it.
[2025-01-15 23:18:50,084] {processor.py:651} INFO - DAG(s) dict_keys(['example_python_operator']) retrieved from /mnt/c/Users/ander/Desktop/airflow-spark/airflow-spark/curso2/ambientepython/lib/python3.9/site-packages/airflow/example_dags/example_python_operator.py
[2025-01-15 23:18:50,122] {logging_mixin.py:115} INFO - [2025-01-15 23:18:50,122] {dag.py:2379} INFO - Sync 1 DAGs
[2025-01-15 23:18:50,150] {logging_mixin.py:115} INFO - [2025-01-15 23:18:50,150] {dag.py:2927} INFO - Setting next_dagrun for example_python_operator to None, run_after=None
[2025-01-15 23:18:50,197] {processor.py:161} INFO - Processing /mnt/c/Users/ander/Desktop/airflow-spark/airflow-spark/curso2/ambientepython/lib/python3.9/site-packages/airflow/example_dags/example_python_operator.py took 0.291 seconds
[2025-01-15 23:19:33,159] {processor.py:153} INFO - Started process (PID=27030) to work on /mnt/c/Users/ander/Desktop/airflow-spark/airflow-spark/curso2/ambientepython/lib/python3.9/site-packages/airflow/example_dags/example_python_operator.py
[2025-01-15 23:19:33,160] {processor.py:641} INFO - Processing file /mnt/c/Users/ander/Desktop/airflow-spark/airflow-spark/curso2/ambientepython/lib/python3.9/site-packages/airflow/example_dags/example_python_operator.py for tasks to queue
[2025-01-15 23:19:33,162] {logging_mixin.py:115} INFO - [2025-01-15 23:19:33,162] {dagbag.py:507} INFO - Filling up the DagBag from /mnt/c/Users/ander/Desktop/airflow-spark/airflow-spark/curso2/ambientepython/lib/python3.9/site-packages/airflow/example_dags/example_python_operator.py
[2025-01-15 23:19:33,329] {logging_mixin.py:115} INFO - [2025-01-15 23:19:33,329] {example_python_operator.py:68} WARNING - The virtalenv_python example task requires virtualenv, please install it.
[2025-01-15 23:19:33,330] {processor.py:651} INFO - DAG(s) dict_keys(['example_python_operator']) retrieved from /mnt/c/Users/ander/Desktop/airflow-spark/airflow-spark/curso2/ambientepython/lib/python3.9/site-packages/airflow/example_dags/example_python_operator.py
[2025-01-15 23:19:33,369] {logging_mixin.py:115} INFO - [2025-01-15 23:19:33,369] {dag.py:2379} INFO - Sync 1 DAGs
[2025-01-15 23:19:33,403] {logging_mixin.py:115} INFO - [2025-01-15 23:19:33,403] {dag.py:2927} INFO - Setting next_dagrun for example_python_operator to None, run_after=None
[2025-01-15 23:19:33,452] {processor.py:161} INFO - Processing /mnt/c/Users/ander/Desktop/airflow-spark/airflow-spark/curso2/ambientepython/lib/python3.9/site-packages/airflow/example_dags/example_python_operator.py took 0.297 seconds
[2025-01-15 23:20:27,173] {processor.py:153} INFO - Started process (PID=27381) to work on /mnt/c/Users/ander/Desktop/airflow-spark/airflow-spark/curso2/ambientepython/lib/python3.9/site-packages/airflow/example_dags/example_python_operator.py
[2025-01-15 23:20:27,174] {processor.py:641} INFO - Processing file /mnt/c/Users/ander/Desktop/airflow-spark/airflow-spark/curso2/ambientepython/lib/python3.9/site-packages/airflow/example_dags/example_python_operator.py for tasks to queue
[2025-01-15 23:20:27,175] {logging_mixin.py:115} INFO - [2025-01-15 23:20:27,175] {dagbag.py:507} INFO - Filling up the DagBag from /mnt/c/Users/ander/Desktop/airflow-spark/airflow-spark/curso2/ambientepython/lib/python3.9/site-packages/airflow/example_dags/example_python_operator.py
[2025-01-15 23:20:27,335] {logging_mixin.py:115} INFO - [2025-01-15 23:20:27,335] {example_python_operator.py:68} WARNING - The virtalenv_python example task requires virtualenv, please install it.
[2025-01-15 23:20:27,335] {processor.py:651} INFO - DAG(s) dict_keys(['example_python_operator']) retrieved from /mnt/c/Users/ander/Desktop/airflow-spark/airflow-spark/curso2/ambientepython/lib/python3.9/site-packages/airflow/example_dags/example_python_operator.py
[2025-01-15 23:20:27,375] {logging_mixin.py:115} INFO - [2025-01-15 23:20:27,375] {dag.py:2379} INFO - Sync 1 DAGs
[2025-01-15 23:20:27,405] {logging_mixin.py:115} INFO - [2025-01-15 23:20:27,405] {dag.py:2927} INFO - Setting next_dagrun for example_python_operator to None, run_after=None
[2025-01-15 23:20:27,455] {processor.py:161} INFO - Processing /mnt/c/Users/ander/Desktop/airflow-spark/airflow-spark/curso2/ambientepython/lib/python3.9/site-packages/airflow/example_dags/example_python_operator.py took 0.286 seconds
[2025-01-15 23:21:17,912] {processor.py:153} INFO - Started process (PID=27874) to work on /mnt/c/Users/ander/Desktop/airflow-spark/airflow-spark/curso2/ambientepython/lib/python3.9/site-packages/airflow/example_dags/example_python_operator.py
[2025-01-15 23:21:17,913] {processor.py:641} INFO - Processing file /mnt/c/Users/ander/Desktop/airflow-spark/airflow-spark/curso2/ambientepython/lib/python3.9/site-packages/airflow/example_dags/example_python_operator.py for tasks to queue
[2025-01-15 23:21:17,914] {logging_mixin.py:115} INFO - [2025-01-15 23:21:17,914] {dagbag.py:507} INFO - Filling up the DagBag from /mnt/c/Users/ander/Desktop/airflow-spark/airflow-spark/curso2/ambientepython/lib/python3.9/site-packages/airflow/example_dags/example_python_operator.py
[2025-01-15 23:21:18,125] {logging_mixin.py:115} INFO - [2025-01-15 23:21:18,124] {example_python_operator.py:68} WARNING - The virtalenv_python example task requires virtualenv, please install it.
[2025-01-15 23:21:18,126] {processor.py:651} INFO - DAG(s) dict_keys(['example_python_operator']) retrieved from /mnt/c/Users/ander/Desktop/airflow-spark/airflow-spark/curso2/ambientepython/lib/python3.9/site-packages/airflow/example_dags/example_python_operator.py
[2025-01-15 23:21:18,174] {logging_mixin.py:115} INFO - [2025-01-15 23:21:18,174] {dag.py:2379} INFO - Sync 1 DAGs
[2025-01-15 23:21:18,211] {logging_mixin.py:115} INFO - [2025-01-15 23:21:18,211] {dag.py:2927} INFO - Setting next_dagrun for example_python_operator to None, run_after=None
[2025-01-15 23:21:18,284] {processor.py:161} INFO - Processing /mnt/c/Users/ander/Desktop/airflow-spark/airflow-spark/curso2/ambientepython/lib/python3.9/site-packages/airflow/example_dags/example_python_operator.py took 0.377 seconds
[2025-01-15 23:22:15,659] {processor.py:153} INFO - Started process (PID=28234) to work on /mnt/c/Users/ander/Desktop/airflow-spark/airflow-spark/curso2/ambientepython/lib/python3.9/site-packages/airflow/example_dags/example_python_operator.py
[2025-01-15 23:22:15,660] {processor.py:641} INFO - Processing file /mnt/c/Users/ander/Desktop/airflow-spark/airflow-spark/curso2/ambientepython/lib/python3.9/site-packages/airflow/example_dags/example_python_operator.py for tasks to queue
[2025-01-15 23:22:15,661] {logging_mixin.py:115} INFO - [2025-01-15 23:22:15,661] {dagbag.py:507} INFO - Filling up the DagBag from /mnt/c/Users/ander/Desktop/airflow-spark/airflow-spark/curso2/ambientepython/lib/python3.9/site-packages/airflow/example_dags/example_python_operator.py
[2025-01-15 23:22:16,011] {logging_mixin.py:115} INFO - [2025-01-15 23:22:16,011] {example_python_operator.py:68} WARNING - The virtalenv_python example task requires virtualenv, please install it.
[2025-01-15 23:22:16,012] {processor.py:651} INFO - DAG(s) dict_keys(['example_python_operator']) retrieved from /mnt/c/Users/ander/Desktop/airflow-spark/airflow-spark/curso2/ambientepython/lib/python3.9/site-packages/airflow/example_dags/example_python_operator.py
[2025-01-15 23:22:16,065] {logging_mixin.py:115} INFO - [2025-01-15 23:22:16,065] {dag.py:2379} INFO - Sync 1 DAGs
[2025-01-15 23:22:16,159] {logging_mixin.py:115} INFO - [2025-01-15 23:22:16,159] {dag.py:2927} INFO - Setting next_dagrun for example_python_operator to None, run_after=None
[2025-01-15 23:22:16,259] {processor.py:161} INFO - Processing /mnt/c/Users/ander/Desktop/airflow-spark/airflow-spark/curso2/ambientepython/lib/python3.9/site-packages/airflow/example_dags/example_python_operator.py took 0.610 seconds
[2025-01-15 23:22:59,360] {processor.py:153} INFO - Started process (PID=28550) to work on /mnt/c/Users/ander/Desktop/airflow-spark/airflow-spark/curso2/ambientepython/lib/python3.9/site-packages/airflow/example_dags/example_python_operator.py
[2025-01-15 23:22:59,361] {processor.py:641} INFO - Processing file /mnt/c/Users/ander/Desktop/airflow-spark/airflow-spark/curso2/ambientepython/lib/python3.9/site-packages/airflow/example_dags/example_python_operator.py for tasks to queue
[2025-01-15 23:22:59,362] {logging_mixin.py:115} INFO - [2025-01-15 23:22:59,362] {dagbag.py:507} INFO - Filling up the DagBag from /mnt/c/Users/ander/Desktop/airflow-spark/airflow-spark/curso2/ambientepython/lib/python3.9/site-packages/airflow/example_dags/example_python_operator.py
[2025-01-15 23:22:59,530] {logging_mixin.py:115} INFO - [2025-01-15 23:22:59,530] {example_python_operator.py:68} WARNING - The virtalenv_python example task requires virtualenv, please install it.
[2025-01-15 23:22:59,531] {processor.py:651} INFO - DAG(s) dict_keys(['example_python_operator']) retrieved from /mnt/c/Users/ander/Desktop/airflow-spark/airflow-spark/curso2/ambientepython/lib/python3.9/site-packages/airflow/example_dags/example_python_operator.py
[2025-01-15 23:22:59,570] {logging_mixin.py:115} INFO - [2025-01-15 23:22:59,570] {dag.py:2379} INFO - Sync 1 DAGs
[2025-01-15 23:22:59,598] {logging_mixin.py:115} INFO - [2025-01-15 23:22:59,598] {dag.py:2927} INFO - Setting next_dagrun for example_python_operator to None, run_after=None
[2025-01-15 23:22:59,665] {processor.py:161} INFO - Processing /mnt/c/Users/ander/Desktop/airflow-spark/airflow-spark/curso2/ambientepython/lib/python3.9/site-packages/airflow/example_dags/example_python_operator.py took 0.309 seconds
[2025-01-15 23:23:44,171] {processor.py:153} INFO - Started process (PID=28718) to work on /mnt/c/Users/ander/Desktop/airflow-spark/airflow-spark/curso2/ambientepython/lib/python3.9/site-packages/airflow/example_dags/example_python_operator.py
[2025-01-15 23:23:44,172] {processor.py:641} INFO - Processing file /mnt/c/Users/ander/Desktop/airflow-spark/airflow-spark/curso2/ambientepython/lib/python3.9/site-packages/airflow/example_dags/example_python_operator.py for tasks to queue
[2025-01-15 23:23:44,173] {logging_mixin.py:115} INFO - [2025-01-15 23:23:44,173] {dagbag.py:507} INFO - Filling up the DagBag from /mnt/c/Users/ander/Desktop/airflow-spark/airflow-spark/curso2/ambientepython/lib/python3.9/site-packages/airflow/example_dags/example_python_operator.py
[2025-01-15 23:23:44,309] {logging_mixin.py:115} INFO - [2025-01-15 23:23:44,309] {example_python_operator.py:68} WARNING - The virtalenv_python example task requires virtualenv, please install it.
[2025-01-15 23:23:44,309] {processor.py:651} INFO - DAG(s) dict_keys(['example_python_operator']) retrieved from /mnt/c/Users/ander/Desktop/airflow-spark/airflow-spark/curso2/ambientepython/lib/python3.9/site-packages/airflow/example_dags/example_python_operator.py
[2025-01-15 23:23:44,347] {logging_mixin.py:115} INFO - [2025-01-15 23:23:44,346] {dag.py:2379} INFO - Sync 1 DAGs
[2025-01-15 23:23:44,374] {logging_mixin.py:115} INFO - [2025-01-15 23:23:44,374] {dag.py:2927} INFO - Setting next_dagrun for example_python_operator to None, run_after=None
[2025-01-15 23:23:44,417] {processor.py:161} INFO - Processing /mnt/c/Users/ander/Desktop/airflow-spark/airflow-spark/curso2/ambientepython/lib/python3.9/site-packages/airflow/example_dags/example_python_operator.py took 0.249 seconds
[2025-01-15 23:24:33,217] {processor.py:153} INFO - Started process (PID=28893) to work on /mnt/c/Users/ander/Desktop/airflow-spark/airflow-spark/curso2/ambientepython/lib/python3.9/site-packages/airflow/example_dags/example_python_operator.py
[2025-01-15 23:24:33,219] {processor.py:641} INFO - Processing file /mnt/c/Users/ander/Desktop/airflow-spark/airflow-spark/curso2/ambientepython/lib/python3.9/site-packages/airflow/example_dags/example_python_operator.py for tasks to queue
[2025-01-15 23:24:33,220] {logging_mixin.py:115} INFO - [2025-01-15 23:24:33,219] {dagbag.py:507} INFO - Filling up the DagBag from /mnt/c/Users/ander/Desktop/airflow-spark/airflow-spark/curso2/ambientepython/lib/python3.9/site-packages/airflow/example_dags/example_python_operator.py
[2025-01-15 23:24:33,371] {logging_mixin.py:115} INFO - [2025-01-15 23:24:33,371] {example_python_operator.py:68} WARNING - The virtalenv_python example task requires virtualenv, please install it.
[2025-01-15 23:24:33,372] {processor.py:651} INFO - DAG(s) dict_keys(['example_python_operator']) retrieved from /mnt/c/Users/ander/Desktop/airflow-spark/airflow-spark/curso2/ambientepython/lib/python3.9/site-packages/airflow/example_dags/example_python_operator.py
[2025-01-15 23:24:33,410] {logging_mixin.py:115} INFO - [2025-01-15 23:24:33,410] {dag.py:2379} INFO - Sync 1 DAGs
[2025-01-15 23:24:33,438] {logging_mixin.py:115} INFO - [2025-01-15 23:24:33,438] {dag.py:2927} INFO - Setting next_dagrun for example_python_operator to None, run_after=None
[2025-01-15 23:24:33,490] {processor.py:161} INFO - Processing /mnt/c/Users/ander/Desktop/airflow-spark/airflow-spark/curso2/ambientepython/lib/python3.9/site-packages/airflow/example_dags/example_python_operator.py took 0.276 seconds
[2025-01-15 23:25:16,456] {processor.py:153} INFO - Started process (PID=29054) to work on /mnt/c/Users/ander/Desktop/airflow-spark/airflow-spark/curso2/ambientepython/lib/python3.9/site-packages/airflow/example_dags/example_python_operator.py
[2025-01-15 23:25:16,457] {processor.py:641} INFO - Processing file /mnt/c/Users/ander/Desktop/airflow-spark/airflow-spark/curso2/ambientepython/lib/python3.9/site-packages/airflow/example_dags/example_python_operator.py for tasks to queue
[2025-01-15 23:25:16,458] {logging_mixin.py:115} INFO - [2025-01-15 23:25:16,458] {dagbag.py:507} INFO - Filling up the DagBag from /mnt/c/Users/ander/Desktop/airflow-spark/airflow-spark/curso2/ambientepython/lib/python3.9/site-packages/airflow/example_dags/example_python_operator.py
[2025-01-15 23:25:16,620] {logging_mixin.py:115} INFO - [2025-01-15 23:25:16,620] {example_python_operator.py:68} WARNING - The virtalenv_python example task requires virtualenv, please install it.
[2025-01-15 23:25:16,620] {processor.py:651} INFO - DAG(s) dict_keys(['example_python_operator']) retrieved from /mnt/c/Users/ander/Desktop/airflow-spark/airflow-spark/curso2/ambientepython/lib/python3.9/site-packages/airflow/example_dags/example_python_operator.py
[2025-01-15 23:25:16,659] {logging_mixin.py:115} INFO - [2025-01-15 23:25:16,659] {dag.py:2379} INFO - Sync 1 DAGs
[2025-01-15 23:25:16,691] {logging_mixin.py:115} INFO - [2025-01-15 23:25:16,691] {dag.py:2927} INFO - Setting next_dagrun for example_python_operator to None, run_after=None
[2025-01-15 23:25:16,744] {processor.py:161} INFO - Processing /mnt/c/Users/ander/Desktop/airflow-spark/airflow-spark/curso2/ambientepython/lib/python3.9/site-packages/airflow/example_dags/example_python_operator.py took 0.292 seconds
[2025-01-15 23:25:58,975] {processor.py:153} INFO - Started process (PID=29208) to work on /mnt/c/Users/ander/Desktop/airflow-spark/airflow-spark/curso2/ambientepython/lib/python3.9/site-packages/airflow/example_dags/example_python_operator.py
[2025-01-15 23:25:58,976] {processor.py:641} INFO - Processing file /mnt/c/Users/ander/Desktop/airflow-spark/airflow-spark/curso2/ambientepython/lib/python3.9/site-packages/airflow/example_dags/example_python_operator.py for tasks to queue
[2025-01-15 23:25:58,977] {logging_mixin.py:115} INFO - [2025-01-15 23:25:58,977] {dagbag.py:507} INFO - Filling up the DagBag from /mnt/c/Users/ander/Desktop/airflow-spark/airflow-spark/curso2/ambientepython/lib/python3.9/site-packages/airflow/example_dags/example_python_operator.py
[2025-01-15 23:25:59,111] {logging_mixin.py:115} INFO - [2025-01-15 23:25:59,111] {example_python_operator.py:68} WARNING - The virtalenv_python example task requires virtualenv, please install it.
[2025-01-15 23:25:59,112] {processor.py:651} INFO - DAG(s) dict_keys(['example_python_operator']) retrieved from /mnt/c/Users/ander/Desktop/airflow-spark/airflow-spark/curso2/ambientepython/lib/python3.9/site-packages/airflow/example_dags/example_python_operator.py
[2025-01-15 23:25:59,203] {logging_mixin.py:115} INFO - [2025-01-15 23:25:59,203] {dag.py:2379} INFO - Sync 1 DAGs
[2025-01-15 23:25:59,252] {logging_mixin.py:115} INFO - [2025-01-15 23:25:59,252] {dag.py:2927} INFO - Setting next_dagrun for example_python_operator to None, run_after=None
[2025-01-15 23:25:59,289] {processor.py:161} INFO - Processing /mnt/c/Users/ander/Desktop/airflow-spark/airflow-spark/curso2/ambientepython/lib/python3.9/site-packages/airflow/example_dags/example_python_operator.py took 0.319 seconds
[2025-01-15 23:26:42,508] {processor.py:153} INFO - Started process (PID=29363) to work on /mnt/c/Users/ander/Desktop/airflow-spark/airflow-spark/curso2/ambientepython/lib/python3.9/site-packages/airflow/example_dags/example_python_operator.py
[2025-01-15 23:26:42,509] {processor.py:641} INFO - Processing file /mnt/c/Users/ander/Desktop/airflow-spark/airflow-spark/curso2/ambientepython/lib/python3.9/site-packages/airflow/example_dags/example_python_operator.py for tasks to queue
[2025-01-15 23:26:42,510] {logging_mixin.py:115} INFO - [2025-01-15 23:26:42,510] {dagbag.py:507} INFO - Filling up the DagBag from /mnt/c/Users/ander/Desktop/airflow-spark/airflow-spark/curso2/ambientepython/lib/python3.9/site-packages/airflow/example_dags/example_python_operator.py
[2025-01-15 23:26:42,677] {logging_mixin.py:115} INFO - [2025-01-15 23:26:42,677] {example_python_operator.py:68} WARNING - The virtalenv_python example task requires virtualenv, please install it.
[2025-01-15 23:26:42,678] {processor.py:651} INFO - DAG(s) dict_keys(['example_python_operator']) retrieved from /mnt/c/Users/ander/Desktop/airflow-spark/airflow-spark/curso2/ambientepython/lib/python3.9/site-packages/airflow/example_dags/example_python_operator.py
[2025-01-15 23:26:42,722] {logging_mixin.py:115} INFO - [2025-01-15 23:26:42,721] {dag.py:2379} INFO - Sync 1 DAGs
[2025-01-15 23:26:42,771] {logging_mixin.py:115} INFO - [2025-01-15 23:26:42,771] {dag.py:2927} INFO - Setting next_dagrun for example_python_operator to None, run_after=None
[2025-01-15 23:26:42,815] {processor.py:161} INFO - Processing /mnt/c/Users/ander/Desktop/airflow-spark/airflow-spark/curso2/ambientepython/lib/python3.9/site-packages/airflow/example_dags/example_python_operator.py took 0.311 seconds
[2025-01-15 23:27:27,961] {processor.py:153} INFO - Started process (PID=29581) to work on /mnt/c/Users/ander/Desktop/airflow-spark/airflow-spark/curso2/ambientepython/lib/python3.9/site-packages/airflow/example_dags/example_python_operator.py
[2025-01-15 23:27:27,963] {processor.py:641} INFO - Processing file /mnt/c/Users/ander/Desktop/airflow-spark/airflow-spark/curso2/ambientepython/lib/python3.9/site-packages/airflow/example_dags/example_python_operator.py for tasks to queue
[2025-01-15 23:27:27,965] {logging_mixin.py:115} INFO - [2025-01-15 23:27:27,965] {dagbag.py:507} INFO - Filling up the DagBag from /mnt/c/Users/ander/Desktop/airflow-spark/airflow-spark/curso2/ambientepython/lib/python3.9/site-packages/airflow/example_dags/example_python_operator.py
[2025-01-15 23:27:28,208] {logging_mixin.py:115} INFO - [2025-01-15 23:27:28,207] {example_python_operator.py:68} WARNING - The virtalenv_python example task requires virtualenv, please install it.
[2025-01-15 23:27:28,209] {processor.py:651} INFO - DAG(s) dict_keys(['example_python_operator']) retrieved from /mnt/c/Users/ander/Desktop/airflow-spark/airflow-spark/curso2/ambientepython/lib/python3.9/site-packages/airflow/example_dags/example_python_operator.py
[2025-01-15 23:27:28,292] {logging_mixin.py:115} INFO - [2025-01-15 23:27:28,292] {dag.py:2379} INFO - Sync 1 DAGs
[2025-01-15 23:27:28,329] {logging_mixin.py:115} INFO - [2025-01-15 23:27:28,329] {dag.py:2927} INFO - Setting next_dagrun for example_python_operator to None, run_after=None
[2025-01-15 23:27:28,379] {processor.py:161} INFO - Processing /mnt/c/Users/ander/Desktop/airflow-spark/airflow-spark/curso2/ambientepython/lib/python3.9/site-packages/airflow/example_dags/example_python_operator.py took 0.423 seconds
[2025-01-15 23:28:23,838] {processor.py:153} INFO - Started process (PID=29777) to work on /mnt/c/Users/ander/Desktop/airflow-spark/airflow-spark/curso2/ambientepython/lib/python3.9/site-packages/airflow/example_dags/example_python_operator.py
[2025-01-15 23:28:23,841] {processor.py:641} INFO - Processing file /mnt/c/Users/ander/Desktop/airflow-spark/airflow-spark/curso2/ambientepython/lib/python3.9/site-packages/airflow/example_dags/example_python_operator.py for tasks to queue
[2025-01-15 23:28:23,843] {logging_mixin.py:115} INFO - [2025-01-15 23:28:23,843] {dagbag.py:507} INFO - Filling up the DagBag from /mnt/c/Users/ander/Desktop/airflow-spark/airflow-spark/curso2/ambientepython/lib/python3.9/site-packages/airflow/example_dags/example_python_operator.py
[2025-01-15 23:28:24,043] {logging_mixin.py:115} INFO - [2025-01-15 23:28:24,043] {example_python_operator.py:68} WARNING - The virtalenv_python example task requires virtualenv, please install it.
[2025-01-15 23:28:24,044] {processor.py:651} INFO - DAG(s) dict_keys(['example_python_operator']) retrieved from /mnt/c/Users/ander/Desktop/airflow-spark/airflow-spark/curso2/ambientepython/lib/python3.9/site-packages/airflow/example_dags/example_python_operator.py
[2025-01-15 23:28:24,086] {logging_mixin.py:115} INFO - [2025-01-15 23:28:24,086] {dag.py:2379} INFO - Sync 1 DAGs
[2025-01-15 23:28:24,122] {logging_mixin.py:115} INFO - [2025-01-15 23:28:24,122] {dag.py:2927} INFO - Setting next_dagrun for example_python_operator to None, run_after=None
[2025-01-15 23:28:24,183] {processor.py:161} INFO - Processing /mnt/c/Users/ander/Desktop/airflow-spark/airflow-spark/curso2/ambientepython/lib/python3.9/site-packages/airflow/example_dags/example_python_operator.py took 0.349 seconds
[2025-01-15 23:29:13,597] {processor.py:153} INFO - Started process (PID=29954) to work on /mnt/c/Users/ander/Desktop/airflow-spark/airflow-spark/curso2/ambientepython/lib/python3.9/site-packages/airflow/example_dags/example_python_operator.py
[2025-01-15 23:29:13,599] {processor.py:641} INFO - Processing file /mnt/c/Users/ander/Desktop/airflow-spark/airflow-spark/curso2/ambientepython/lib/python3.9/site-packages/airflow/example_dags/example_python_operator.py for tasks to queue
[2025-01-15 23:29:13,600] {logging_mixin.py:115} INFO - [2025-01-15 23:29:13,600] {dagbag.py:507} INFO - Filling up the DagBag from /mnt/c/Users/ander/Desktop/airflow-spark/airflow-spark/curso2/ambientepython/lib/python3.9/site-packages/airflow/example_dags/example_python_operator.py
[2025-01-15 23:29:13,807] {logging_mixin.py:115} INFO - [2025-01-15 23:29:13,807] {example_python_operator.py:68} WARNING - The virtalenv_python example task requires virtualenv, please install it.
[2025-01-15 23:29:13,808] {processor.py:651} INFO - DAG(s) dict_keys(['example_python_operator']) retrieved from /mnt/c/Users/ander/Desktop/airflow-spark/airflow-spark/curso2/ambientepython/lib/python3.9/site-packages/airflow/example_dags/example_python_operator.py
[2025-01-15 23:29:13,857] {logging_mixin.py:115} INFO - [2025-01-15 23:29:13,857] {dag.py:2379} INFO - Sync 1 DAGs
[2025-01-15 23:29:13,893] {logging_mixin.py:115} INFO - [2025-01-15 23:29:13,893] {dag.py:2927} INFO - Setting next_dagrun for example_python_operator to None, run_after=None
[2025-01-15 23:29:13,957] {processor.py:161} INFO - Processing /mnt/c/Users/ander/Desktop/airflow-spark/airflow-spark/curso2/ambientepython/lib/python3.9/site-packages/airflow/example_dags/example_python_operator.py took 0.364 seconds
[2025-01-15 23:30:00,319] {processor.py:153} INFO - Started process (PID=30122) to work on /mnt/c/Users/ander/Desktop/airflow-spark/airflow-spark/curso2/ambientepython/lib/python3.9/site-packages/airflow/example_dags/example_python_operator.py
[2025-01-15 23:30:00,320] {processor.py:641} INFO - Processing file /mnt/c/Users/ander/Desktop/airflow-spark/airflow-spark/curso2/ambientepython/lib/python3.9/site-packages/airflow/example_dags/example_python_operator.py for tasks to queue
[2025-01-15 23:30:00,321] {logging_mixin.py:115} INFO - [2025-01-15 23:30:00,320] {dagbag.py:507} INFO - Filling up the DagBag from /mnt/c/Users/ander/Desktop/airflow-spark/airflow-spark/curso2/ambientepython/lib/python3.9/site-packages/airflow/example_dags/example_python_operator.py
[2025-01-15 23:30:00,614] {logging_mixin.py:115} INFO - [2025-01-15 23:30:00,613] {example_python_operator.py:68} WARNING - The virtalenv_python example task requires virtualenv, please install it.
[2025-01-15 23:30:00,614] {processor.py:651} INFO - DAG(s) dict_keys(['example_python_operator']) retrieved from /mnt/c/Users/ander/Desktop/airflow-spark/airflow-spark/curso2/ambientepython/lib/python3.9/site-packages/airflow/example_dags/example_python_operator.py
[2025-01-15 23:30:00,689] {logging_mixin.py:115} INFO - [2025-01-15 23:30:00,689] {dag.py:2379} INFO - Sync 1 DAGs
[2025-01-15 23:30:00,730] {logging_mixin.py:115} INFO - [2025-01-15 23:30:00,730] {dag.py:2927} INFO - Setting next_dagrun for example_python_operator to None, run_after=None
[2025-01-15 23:30:00,783] {processor.py:161} INFO - Processing /mnt/c/Users/ander/Desktop/airflow-spark/airflow-spark/curso2/ambientepython/lib/python3.9/site-packages/airflow/example_dags/example_python_operator.py took 0.469 seconds
[2025-01-15 23:31:50,259] {processor.py:153} INFO - Started process (PID=31334) to work on /mnt/c/Users/ander/Desktop/airflow-spark/airflow-spark/curso2/ambientepython/lib/python3.9/site-packages/airflow/example_dags/example_python_operator.py
[2025-01-15 23:31:50,261] {processor.py:641} INFO - Processing file /mnt/c/Users/ander/Desktop/airflow-spark/airflow-spark/curso2/ambientepython/lib/python3.9/site-packages/airflow/example_dags/example_python_operator.py for tasks to queue
[2025-01-15 23:31:50,263] {logging_mixin.py:115} INFO - [2025-01-15 23:31:50,263] {dagbag.py:507} INFO - Filling up the DagBag from /mnt/c/Users/ander/Desktop/airflow-spark/airflow-spark/curso2/ambientepython/lib/python3.9/site-packages/airflow/example_dags/example_python_operator.py
[2025-01-15 23:31:50,468] {logging_mixin.py:115} INFO - [2025-01-15 23:31:50,468] {example_python_operator.py:68} WARNING - The virtalenv_python example task requires virtualenv, please install it.
[2025-01-15 23:31:50,469] {processor.py:651} INFO - DAG(s) dict_keys(['example_python_operator']) retrieved from /mnt/c/Users/ander/Desktop/airflow-spark/airflow-spark/curso2/ambientepython/lib/python3.9/site-packages/airflow/example_dags/example_python_operator.py
[2025-01-15 23:31:50,519] {logging_mixin.py:115} INFO - [2025-01-15 23:31:50,518] {dag.py:2379} INFO - Sync 1 DAGs
[2025-01-15 23:31:50,551] {logging_mixin.py:115} INFO - [2025-01-15 23:31:50,551] {dag.py:2927} INFO - Setting next_dagrun for example_python_operator to None, run_after=None
[2025-01-15 23:31:50,606] {processor.py:161} INFO - Processing /mnt/c/Users/ander/Desktop/airflow-spark/airflow-spark/curso2/ambientepython/lib/python3.9/site-packages/airflow/example_dags/example_python_operator.py took 0.351 seconds
[2025-01-15 23:32:47,899] {processor.py:153} INFO - Started process (PID=31956) to work on /mnt/c/Users/ander/Desktop/airflow-spark/airflow-spark/curso2/ambientepython/lib/python3.9/site-packages/airflow/example_dags/example_python_operator.py
[2025-01-15 23:32:47,900] {processor.py:641} INFO - Processing file /mnt/c/Users/ander/Desktop/airflow-spark/airflow-spark/curso2/ambientepython/lib/python3.9/site-packages/airflow/example_dags/example_python_operator.py for tasks to queue
[2025-01-15 23:32:47,901] {logging_mixin.py:115} INFO - [2025-01-15 23:32:47,901] {dagbag.py:507} INFO - Filling up the DagBag from /mnt/c/Users/ander/Desktop/airflow-spark/airflow-spark/curso2/ambientepython/lib/python3.9/site-packages/airflow/example_dags/example_python_operator.py
[2025-01-15 23:32:48,084] {logging_mixin.py:115} INFO - [2025-01-15 23:32:48,084] {example_python_operator.py:68} WARNING - The virtalenv_python example task requires virtualenv, please install it.
[2025-01-15 23:32:48,085] {processor.py:651} INFO - DAG(s) dict_keys(['example_python_operator']) retrieved from /mnt/c/Users/ander/Desktop/airflow-spark/airflow-spark/curso2/ambientepython/lib/python3.9/site-packages/airflow/example_dags/example_python_operator.py
[2025-01-15 23:32:48,131] {logging_mixin.py:115} INFO - [2025-01-15 23:32:48,131] {dag.py:2379} INFO - Sync 1 DAGs
[2025-01-15 23:32:48,163] {logging_mixin.py:115} INFO - [2025-01-15 23:32:48,163] {dag.py:2927} INFO - Setting next_dagrun for example_python_operator to None, run_after=None
[2025-01-15 23:32:48,210] {processor.py:161} INFO - Processing /mnt/c/Users/ander/Desktop/airflow-spark/airflow-spark/curso2/ambientepython/lib/python3.9/site-packages/airflow/example_dags/example_python_operator.py took 0.314 seconds
[2025-01-15 23:33:31,780] {processor.py:153} INFO - Started process (PID=32117) to work on /mnt/c/Users/ander/Desktop/airflow-spark/airflow-spark/curso2/ambientepython/lib/python3.9/site-packages/airflow/example_dags/example_python_operator.py
[2025-01-15 23:33:31,781] {processor.py:641} INFO - Processing file /mnt/c/Users/ander/Desktop/airflow-spark/airflow-spark/curso2/ambientepython/lib/python3.9/site-packages/airflow/example_dags/example_python_operator.py for tasks to queue
[2025-01-15 23:33:31,782] {logging_mixin.py:115} INFO - [2025-01-15 23:33:31,782] {dagbag.py:507} INFO - Filling up the DagBag from /mnt/c/Users/ander/Desktop/airflow-spark/airflow-spark/curso2/ambientepython/lib/python3.9/site-packages/airflow/example_dags/example_python_operator.py
[2025-01-15 23:33:31,946] {logging_mixin.py:115} INFO - [2025-01-15 23:33:31,946] {example_python_operator.py:68} WARNING - The virtalenv_python example task requires virtualenv, please install it.
[2025-01-15 23:33:31,947] {processor.py:651} INFO - DAG(s) dict_keys(['example_python_operator']) retrieved from /mnt/c/Users/ander/Desktop/airflow-spark/airflow-spark/curso2/ambientepython/lib/python3.9/site-packages/airflow/example_dags/example_python_operator.py
[2025-01-15 23:33:31,985] {logging_mixin.py:115} INFO - [2025-01-15 23:33:31,985] {dag.py:2379} INFO - Sync 1 DAGs
[2025-01-15 23:33:32,015] {logging_mixin.py:115} INFO - [2025-01-15 23:33:32,015] {dag.py:2927} INFO - Setting next_dagrun for example_python_operator to None, run_after=None
[2025-01-15 23:33:32,066] {processor.py:161} INFO - Processing /mnt/c/Users/ander/Desktop/airflow-spark/airflow-spark/curso2/ambientepython/lib/python3.9/site-packages/airflow/example_dags/example_python_operator.py took 0.291 seconds
[2025-01-15 23:34:17,895] {processor.py:153} INFO - Started process (PID=32285) to work on /mnt/c/Users/ander/Desktop/airflow-spark/airflow-spark/curso2/ambientepython/lib/python3.9/site-packages/airflow/example_dags/example_python_operator.py
[2025-01-15 23:34:17,897] {processor.py:641} INFO - Processing file /mnt/c/Users/ander/Desktop/airflow-spark/airflow-spark/curso2/ambientepython/lib/python3.9/site-packages/airflow/example_dags/example_python_operator.py for tasks to queue
[2025-01-15 23:34:17,898] {logging_mixin.py:115} INFO - [2025-01-15 23:34:17,898] {dagbag.py:507} INFO - Filling up the DagBag from /mnt/c/Users/ander/Desktop/airflow-spark/airflow-spark/curso2/ambientepython/lib/python3.9/site-packages/airflow/example_dags/example_python_operator.py
[2025-01-15 23:34:18,091] {logging_mixin.py:115} INFO - [2025-01-15 23:34:18,090] {example_python_operator.py:68} WARNING - The virtalenv_python example task requires virtualenv, please install it.
[2025-01-15 23:34:18,092] {processor.py:651} INFO - DAG(s) dict_keys(['example_python_operator']) retrieved from /mnt/c/Users/ander/Desktop/airflow-spark/airflow-spark/curso2/ambientepython/lib/python3.9/site-packages/airflow/example_dags/example_python_operator.py
[2025-01-15 23:34:18,154] {logging_mixin.py:115} INFO - [2025-01-15 23:34:18,154] {dag.py:2379} INFO - Sync 1 DAGs
[2025-01-15 23:34:18,221] {logging_mixin.py:115} INFO - [2025-01-15 23:34:18,221] {dag.py:2927} INFO - Setting next_dagrun for example_python_operator to None, run_after=None
[2025-01-15 23:34:18,341] {processor.py:161} INFO - Processing /mnt/c/Users/ander/Desktop/airflow-spark/airflow-spark/curso2/ambientepython/lib/python3.9/site-packages/airflow/example_dags/example_python_operator.py took 0.450 seconds
[2025-01-15 23:35:01,545] {processor.py:153} INFO - Started process (PID=32440) to work on /mnt/c/Users/ander/Desktop/airflow-spark/airflow-spark/curso2/ambientepython/lib/python3.9/site-packages/airflow/example_dags/example_python_operator.py
[2025-01-15 23:35:01,546] {processor.py:641} INFO - Processing file /mnt/c/Users/ander/Desktop/airflow-spark/airflow-spark/curso2/ambientepython/lib/python3.9/site-packages/airflow/example_dags/example_python_operator.py for tasks to queue
[2025-01-15 23:35:01,547] {logging_mixin.py:115} INFO - [2025-01-15 23:35:01,546] {dagbag.py:507} INFO - Filling up the DagBag from /mnt/c/Users/ander/Desktop/airflow-spark/airflow-spark/curso2/ambientepython/lib/python3.9/site-packages/airflow/example_dags/example_python_operator.py
[2025-01-15 23:35:01,686] {logging_mixin.py:115} INFO - [2025-01-15 23:35:01,686] {example_python_operator.py:68} WARNING - The virtalenv_python example task requires virtualenv, please install it.
[2025-01-15 23:35:01,687] {processor.py:651} INFO - DAG(s) dict_keys(['example_python_operator']) retrieved from /mnt/c/Users/ander/Desktop/airflow-spark/airflow-spark/curso2/ambientepython/lib/python3.9/site-packages/airflow/example_dags/example_python_operator.py
[2025-01-15 23:35:01,725] {logging_mixin.py:115} INFO - [2025-01-15 23:35:01,725] {dag.py:2379} INFO - Sync 1 DAGs
[2025-01-15 23:35:01,762] {logging_mixin.py:115} INFO - [2025-01-15 23:35:01,762] {dag.py:2927} INFO - Setting next_dagrun for example_python_operator to None, run_after=None
[2025-01-15 23:35:01,805] {processor.py:161} INFO - Processing /mnt/c/Users/ander/Desktop/airflow-spark/airflow-spark/curso2/ambientepython/lib/python3.9/site-packages/airflow/example_dags/example_python_operator.py took 0.264 seconds
[2025-01-15 23:35:49,291] {processor.py:153} INFO - Started process (PID=32614) to work on /mnt/c/Users/ander/Desktop/airflow-spark/airflow-spark/curso2/ambientepython/lib/python3.9/site-packages/airflow/example_dags/example_python_operator.py
[2025-01-15 23:35:49,293] {processor.py:641} INFO - Processing file /mnt/c/Users/ander/Desktop/airflow-spark/airflow-spark/curso2/ambientepython/lib/python3.9/site-packages/airflow/example_dags/example_python_operator.py for tasks to queue
[2025-01-15 23:35:49,294] {logging_mixin.py:115} INFO - [2025-01-15 23:35:49,294] {dagbag.py:507} INFO - Filling up the DagBag from /mnt/c/Users/ander/Desktop/airflow-spark/airflow-spark/curso2/ambientepython/lib/python3.9/site-packages/airflow/example_dags/example_python_operator.py
[2025-01-15 23:35:49,495] {logging_mixin.py:115} INFO - [2025-01-15 23:35:49,495] {example_python_operator.py:68} WARNING - The virtalenv_python example task requires virtualenv, please install it.
[2025-01-15 23:35:49,496] {processor.py:651} INFO - DAG(s) dict_keys(['example_python_operator']) retrieved from /mnt/c/Users/ander/Desktop/airflow-spark/airflow-spark/curso2/ambientepython/lib/python3.9/site-packages/airflow/example_dags/example_python_operator.py
[2025-01-15 23:35:49,541] {logging_mixin.py:115} INFO - [2025-01-15 23:35:49,540] {dag.py:2379} INFO - Sync 1 DAGs
[2025-01-15 23:35:49,578] {logging_mixin.py:115} INFO - [2025-01-15 23:35:49,578] {dag.py:2927} INFO - Setting next_dagrun for example_python_operator to None, run_after=None
[2025-01-15 23:35:49,641] {processor.py:161} INFO - Processing /mnt/c/Users/ander/Desktop/airflow-spark/airflow-spark/curso2/ambientepython/lib/python3.9/site-packages/airflow/example_dags/example_python_operator.py took 0.356 seconds
[2025-01-15 23:36:44,265] {processor.py:153} INFO - Started process (PID=32803) to work on /mnt/c/Users/ander/Desktop/airflow-spark/airflow-spark/curso2/ambientepython/lib/python3.9/site-packages/airflow/example_dags/example_python_operator.py
[2025-01-15 23:36:44,267] {processor.py:641} INFO - Processing file /mnt/c/Users/ander/Desktop/airflow-spark/airflow-spark/curso2/ambientepython/lib/python3.9/site-packages/airflow/example_dags/example_python_operator.py for tasks to queue
[2025-01-15 23:36:44,268] {logging_mixin.py:115} INFO - [2025-01-15 23:36:44,268] {dagbag.py:507} INFO - Filling up the DagBag from /mnt/c/Users/ander/Desktop/airflow-spark/airflow-spark/curso2/ambientepython/lib/python3.9/site-packages/airflow/example_dags/example_python_operator.py
[2025-01-15 23:36:44,456] {logging_mixin.py:115} INFO - [2025-01-15 23:36:44,456] {example_python_operator.py:68} WARNING - The virtalenv_python example task requires virtualenv, please install it.
[2025-01-15 23:36:44,457] {processor.py:651} INFO - DAG(s) dict_keys(['example_python_operator']) retrieved from /mnt/c/Users/ander/Desktop/airflow-spark/airflow-spark/curso2/ambientepython/lib/python3.9/site-packages/airflow/example_dags/example_python_operator.py
[2025-01-15 23:36:44,496] {logging_mixin.py:115} INFO - [2025-01-15 23:36:44,496] {dag.py:2379} INFO - Sync 1 DAGs
[2025-01-15 23:36:44,531] {logging_mixin.py:115} INFO - [2025-01-15 23:36:44,531] {dag.py:2927} INFO - Setting next_dagrun for example_python_operator to None, run_after=None
[2025-01-15 23:36:44,595] {processor.py:161} INFO - Processing /mnt/c/Users/ander/Desktop/airflow-spark/airflow-spark/curso2/ambientepython/lib/python3.9/site-packages/airflow/example_dags/example_python_operator.py took 0.339 seconds
[2025-01-15 23:37:42,848] {processor.py:153} INFO - Started process (PID=33066) to work on /mnt/c/Users/ander/Desktop/airflow-spark/airflow-spark/curso2/ambientepython/lib/python3.9/site-packages/airflow/example_dags/example_python_operator.py
[2025-01-15 23:37:42,850] {processor.py:641} INFO - Processing file /mnt/c/Users/ander/Desktop/airflow-spark/airflow-spark/curso2/ambientepython/lib/python3.9/site-packages/airflow/example_dags/example_python_operator.py for tasks to queue
[2025-01-15 23:37:42,851] {logging_mixin.py:115} INFO - [2025-01-15 23:37:42,851] {dagbag.py:507} INFO - Filling up the DagBag from /mnt/c/Users/ander/Desktop/airflow-spark/airflow-spark/curso2/ambientepython/lib/python3.9/site-packages/airflow/example_dags/example_python_operator.py
[2025-01-15 23:37:43,030] {logging_mixin.py:115} INFO - [2025-01-15 23:37:43,030] {example_python_operator.py:68} WARNING - The virtalenv_python example task requires virtualenv, please install it.
[2025-01-15 23:37:43,031] {processor.py:651} INFO - DAG(s) dict_keys(['example_python_operator']) retrieved from /mnt/c/Users/ander/Desktop/airflow-spark/airflow-spark/curso2/ambientepython/lib/python3.9/site-packages/airflow/example_dags/example_python_operator.py
[2025-01-15 23:37:43,074] {logging_mixin.py:115} INFO - [2025-01-15 23:37:43,072] {dag.py:2379} INFO - Sync 1 DAGs
[2025-01-15 23:37:43,116] {logging_mixin.py:115} INFO - [2025-01-15 23:37:43,115] {dag.py:2927} INFO - Setting next_dagrun for example_python_operator to None, run_after=None
[2025-01-15 23:37:43,167] {processor.py:161} INFO - Processing /mnt/c/Users/ander/Desktop/airflow-spark/airflow-spark/curso2/ambientepython/lib/python3.9/site-packages/airflow/example_dags/example_python_operator.py took 0.324 seconds
[2025-01-15 23:38:32,863] {processor.py:153} INFO - Started process (PID=33241) to work on /mnt/c/Users/ander/Desktop/airflow-spark/airflow-spark/curso2/ambientepython/lib/python3.9/site-packages/airflow/example_dags/example_python_operator.py
[2025-01-15 23:38:32,864] {processor.py:641} INFO - Processing file /mnt/c/Users/ander/Desktop/airflow-spark/airflow-spark/curso2/ambientepython/lib/python3.9/site-packages/airflow/example_dags/example_python_operator.py for tasks to queue
[2025-01-15 23:38:32,865] {logging_mixin.py:115} INFO - [2025-01-15 23:38:32,865] {dagbag.py:507} INFO - Filling up the DagBag from /mnt/c/Users/ander/Desktop/airflow-spark/airflow-spark/curso2/ambientepython/lib/python3.9/site-packages/airflow/example_dags/example_python_operator.py
[2025-01-15 23:38:33,052] {logging_mixin.py:115} INFO - [2025-01-15 23:38:33,051] {example_python_operator.py:68} WARNING - The virtalenv_python example task requires virtualenv, please install it.
[2025-01-15 23:38:33,052] {processor.py:651} INFO - DAG(s) dict_keys(['example_python_operator']) retrieved from /mnt/c/Users/ander/Desktop/airflow-spark/airflow-spark/curso2/ambientepython/lib/python3.9/site-packages/airflow/example_dags/example_python_operator.py
[2025-01-15 23:38:33,096] {logging_mixin.py:115} INFO - [2025-01-15 23:38:33,096] {dag.py:2379} INFO - Sync 1 DAGs
[2025-01-15 23:38:33,136] {logging_mixin.py:115} INFO - [2025-01-15 23:38:33,136] {dag.py:2927} INFO - Setting next_dagrun for example_python_operator to None, run_after=None
[2025-01-15 23:38:33,191] {processor.py:161} INFO - Processing /mnt/c/Users/ander/Desktop/airflow-spark/airflow-spark/curso2/ambientepython/lib/python3.9/site-packages/airflow/example_dags/example_python_operator.py took 0.332 seconds
[2025-01-15 23:39:18,788] {processor.py:153} INFO - Started process (PID=33409) to work on /mnt/c/Users/ander/Desktop/airflow-spark/airflow-spark/curso2/ambientepython/lib/python3.9/site-packages/airflow/example_dags/example_python_operator.py
[2025-01-15 23:39:18,789] {processor.py:641} INFO - Processing file /mnt/c/Users/ander/Desktop/airflow-spark/airflow-spark/curso2/ambientepython/lib/python3.9/site-packages/airflow/example_dags/example_python_operator.py for tasks to queue
[2025-01-15 23:39:18,790] {logging_mixin.py:115} INFO - [2025-01-15 23:39:18,790] {dagbag.py:507} INFO - Filling up the DagBag from /mnt/c/Users/ander/Desktop/airflow-spark/airflow-spark/curso2/ambientepython/lib/python3.9/site-packages/airflow/example_dags/example_python_operator.py
[2025-01-15 23:39:18,990] {logging_mixin.py:115} INFO - [2025-01-15 23:39:18,990] {example_python_operator.py:68} WARNING - The virtalenv_python example task requires virtualenv, please install it.
[2025-01-15 23:39:18,991] {processor.py:651} INFO - DAG(s) dict_keys(['example_python_operator']) retrieved from /mnt/c/Users/ander/Desktop/airflow-spark/airflow-spark/curso2/ambientepython/lib/python3.9/site-packages/airflow/example_dags/example_python_operator.py
[2025-01-15 23:39:19,037] {logging_mixin.py:115} INFO - [2025-01-15 23:39:19,037] {dag.py:2379} INFO - Sync 1 DAGs
[2025-01-15 23:39:19,083] {logging_mixin.py:115} INFO - [2025-01-15 23:39:19,083] {dag.py:2927} INFO - Setting next_dagrun for example_python_operator to None, run_after=None
[2025-01-15 23:39:19,151] {processor.py:161} INFO - Processing /mnt/c/Users/ander/Desktop/airflow-spark/airflow-spark/curso2/ambientepython/lib/python3.9/site-packages/airflow/example_dags/example_python_operator.py took 0.368 seconds
[2025-01-15 23:40:12,184] {processor.py:153} INFO - Started process (PID=33599) to work on /mnt/c/Users/ander/Desktop/airflow-spark/airflow-spark/curso2/ambientepython/lib/python3.9/site-packages/airflow/example_dags/example_python_operator.py
[2025-01-15 23:40:12,185] {processor.py:641} INFO - Processing file /mnt/c/Users/ander/Desktop/airflow-spark/airflow-spark/curso2/ambientepython/lib/python3.9/site-packages/airflow/example_dags/example_python_operator.py for tasks to queue
[2025-01-15 23:40:12,186] {logging_mixin.py:115} INFO - [2025-01-15 23:40:12,186] {dagbag.py:507} INFO - Filling up the DagBag from /mnt/c/Users/ander/Desktop/airflow-spark/airflow-spark/curso2/ambientepython/lib/python3.9/site-packages/airflow/example_dags/example_python_operator.py
[2025-01-15 23:40:12,403] {logging_mixin.py:115} INFO - [2025-01-15 23:40:12,403] {example_python_operator.py:68} WARNING - The virtalenv_python example task requires virtualenv, please install it.
[2025-01-15 23:40:12,404] {processor.py:651} INFO - DAG(s) dict_keys(['example_python_operator']) retrieved from /mnt/c/Users/ander/Desktop/airflow-spark/airflow-spark/curso2/ambientepython/lib/python3.9/site-packages/airflow/example_dags/example_python_operator.py
[2025-01-15 23:40:12,445] {logging_mixin.py:115} INFO - [2025-01-15 23:40:12,445] {dag.py:2379} INFO - Sync 1 DAGs
[2025-01-15 23:40:12,482] {logging_mixin.py:115} INFO - [2025-01-15 23:40:12,482] {dag.py:2927} INFO - Setting next_dagrun for example_python_operator to None, run_after=None
[2025-01-15 23:40:12,541] {processor.py:161} INFO - Processing /mnt/c/Users/ander/Desktop/airflow-spark/airflow-spark/curso2/ambientepython/lib/python3.9/site-packages/airflow/example_dags/example_python_operator.py took 0.361 seconds
[2025-01-15 23:41:04,876] {processor.py:153} INFO - Started process (PID=33788) to work on /mnt/c/Users/ander/Desktop/airflow-spark/airflow-spark/curso2/ambientepython/lib/python3.9/site-packages/airflow/example_dags/example_python_operator.py
[2025-01-15 23:41:04,879] {processor.py:641} INFO - Processing file /mnt/c/Users/ander/Desktop/airflow-spark/airflow-spark/curso2/ambientepython/lib/python3.9/site-packages/airflow/example_dags/example_python_operator.py for tasks to queue
[2025-01-15 23:41:04,881] {logging_mixin.py:115} INFO - [2025-01-15 23:41:04,881] {dagbag.py:507} INFO - Filling up the DagBag from /mnt/c/Users/ander/Desktop/airflow-spark/airflow-spark/curso2/ambientepython/lib/python3.9/site-packages/airflow/example_dags/example_python_operator.py
[2025-01-15 23:41:05,092] {logging_mixin.py:115} INFO - [2025-01-15 23:41:05,092] {example_python_operator.py:68} WARNING - The virtalenv_python example task requires virtualenv, please install it.
[2025-01-15 23:41:05,093] {processor.py:651} INFO - DAG(s) dict_keys(['example_python_operator']) retrieved from /mnt/c/Users/ander/Desktop/airflow-spark/airflow-spark/curso2/ambientepython/lib/python3.9/site-packages/airflow/example_dags/example_python_operator.py
[2025-01-15 23:41:05,146] {logging_mixin.py:115} INFO - [2025-01-15 23:41:05,146] {dag.py:2379} INFO - Sync 1 DAGs
[2025-01-15 23:41:05,188] {logging_mixin.py:115} INFO - [2025-01-15 23:41:05,188] {dag.py:2927} INFO - Setting next_dagrun for example_python_operator to None, run_after=None
[2025-01-15 23:41:05,243] {processor.py:161} INFO - Processing /mnt/c/Users/ander/Desktop/airflow-spark/airflow-spark/curso2/ambientepython/lib/python3.9/site-packages/airflow/example_dags/example_python_operator.py took 0.370 seconds
[2025-01-15 23:41:56,289] {processor.py:153} INFO - Started process (PID=33971) to work on /mnt/c/Users/ander/Desktop/airflow-spark/airflow-spark/curso2/ambientepython/lib/python3.9/site-packages/airflow/example_dags/example_python_operator.py
[2025-01-15 23:41:56,291] {processor.py:641} INFO - Processing file /mnt/c/Users/ander/Desktop/airflow-spark/airflow-spark/curso2/ambientepython/lib/python3.9/site-packages/airflow/example_dags/example_python_operator.py for tasks to queue
[2025-01-15 23:41:56,292] {logging_mixin.py:115} INFO - [2025-01-15 23:41:56,292] {dagbag.py:507} INFO - Filling up the DagBag from /mnt/c/Users/ander/Desktop/airflow-spark/airflow-spark/curso2/ambientepython/lib/python3.9/site-packages/airflow/example_dags/example_python_operator.py
[2025-01-15 23:41:56,591] {logging_mixin.py:115} INFO - [2025-01-15 23:41:56,591] {example_python_operator.py:68} WARNING - The virtalenv_python example task requires virtualenv, please install it.
[2025-01-15 23:41:56,591] {processor.py:651} INFO - DAG(s) dict_keys(['example_python_operator']) retrieved from /mnt/c/Users/ander/Desktop/airflow-spark/airflow-spark/curso2/ambientepython/lib/python3.9/site-packages/airflow/example_dags/example_python_operator.py
[2025-01-15 23:41:56,632] {logging_mixin.py:115} INFO - [2025-01-15 23:41:56,632] {dag.py:2379} INFO - Sync 1 DAGs
[2025-01-15 23:41:56,678] {logging_mixin.py:115} INFO - [2025-01-15 23:41:56,677] {dag.py:2927} INFO - Setting next_dagrun for example_python_operator to None, run_after=None
[2025-01-15 23:41:56,735] {processor.py:161} INFO - Processing /mnt/c/Users/ander/Desktop/airflow-spark/airflow-spark/curso2/ambientepython/lib/python3.9/site-packages/airflow/example_dags/example_python_operator.py took 0.450 seconds
[2025-01-15 23:42:44,780] {processor.py:153} INFO - Started process (PID=34147) to work on /mnt/c/Users/ander/Desktop/airflow-spark/airflow-spark/curso2/ambientepython/lib/python3.9/site-packages/airflow/example_dags/example_python_operator.py
[2025-01-15 23:42:44,781] {processor.py:641} INFO - Processing file /mnt/c/Users/ander/Desktop/airflow-spark/airflow-spark/curso2/ambientepython/lib/python3.9/site-packages/airflow/example_dags/example_python_operator.py for tasks to queue
[2025-01-15 23:42:44,783] {logging_mixin.py:115} INFO - [2025-01-15 23:42:44,783] {dagbag.py:507} INFO - Filling up the DagBag from /mnt/c/Users/ander/Desktop/airflow-spark/airflow-spark/curso2/ambientepython/lib/python3.9/site-packages/airflow/example_dags/example_python_operator.py
[2025-01-15 23:42:44,961] {logging_mixin.py:115} INFO - [2025-01-15 23:42:44,961] {example_python_operator.py:68} WARNING - The virtalenv_python example task requires virtualenv, please install it.
[2025-01-15 23:42:44,962] {processor.py:651} INFO - DAG(s) dict_keys(['example_python_operator']) retrieved from /mnt/c/Users/ander/Desktop/airflow-spark/airflow-spark/curso2/ambientepython/lib/python3.9/site-packages/airflow/example_dags/example_python_operator.py
[2025-01-15 23:42:45,005] {logging_mixin.py:115} INFO - [2025-01-15 23:42:45,005] {dag.py:2379} INFO - Sync 1 DAGs
[2025-01-15 23:42:45,038] {logging_mixin.py:115} INFO - [2025-01-15 23:42:45,038] {dag.py:2927} INFO - Setting next_dagrun for example_python_operator to None, run_after=None
[2025-01-15 23:42:45,090] {processor.py:161} INFO - Processing /mnt/c/Users/ander/Desktop/airflow-spark/airflow-spark/curso2/ambientepython/lib/python3.9/site-packages/airflow/example_dags/example_python_operator.py took 0.314 seconds
[2025-01-15 23:43:27,319] {processor.py:153} INFO - Started process (PID=34354) to work on /mnt/c/Users/ander/Desktop/airflow-spark/airflow-spark/curso2/ambientepython/lib/python3.9/site-packages/airflow/example_dags/example_python_operator.py
[2025-01-15 23:43:27,320] {processor.py:641} INFO - Processing file /mnt/c/Users/ander/Desktop/airflow-spark/airflow-spark/curso2/ambientepython/lib/python3.9/site-packages/airflow/example_dags/example_python_operator.py for tasks to queue
[2025-01-15 23:43:27,321] {logging_mixin.py:115} INFO - [2025-01-15 23:43:27,321] {dagbag.py:507} INFO - Filling up the DagBag from /mnt/c/Users/ander/Desktop/airflow-spark/airflow-spark/curso2/ambientepython/lib/python3.9/site-packages/airflow/example_dags/example_python_operator.py
[2025-01-15 23:43:27,530] {logging_mixin.py:115} INFO - [2025-01-15 23:43:27,529] {example_python_operator.py:68} WARNING - The virtalenv_python example task requires virtualenv, please install it.
[2025-01-15 23:43:27,531] {processor.py:651} INFO - DAG(s) dict_keys(['example_python_operator']) retrieved from /mnt/c/Users/ander/Desktop/airflow-spark/airflow-spark/curso2/ambientepython/lib/python3.9/site-packages/airflow/example_dags/example_python_operator.py
[2025-01-15 23:43:27,577] {logging_mixin.py:115} INFO - [2025-01-15 23:43:27,577] {dag.py:2379} INFO - Sync 1 DAGs
[2025-01-15 23:43:27,615] {logging_mixin.py:115} INFO - [2025-01-15 23:43:27,615] {dag.py:2927} INFO - Setting next_dagrun for example_python_operator to None, run_after=None
[2025-01-15 23:43:27,673] {processor.py:161} INFO - Processing /mnt/c/Users/ander/Desktop/airflow-spark/airflow-spark/curso2/ambientepython/lib/python3.9/site-packages/airflow/example_dags/example_python_operator.py took 0.358 seconds
[2025-01-15 23:44:21,273] {processor.py:153} INFO - Started process (PID=34544) to work on /mnt/c/Users/ander/Desktop/airflow-spark/airflow-spark/curso2/ambientepython/lib/python3.9/site-packages/airflow/example_dags/example_python_operator.py
[2025-01-15 23:44:21,274] {processor.py:641} INFO - Processing file /mnt/c/Users/ander/Desktop/airflow-spark/airflow-spark/curso2/ambientepython/lib/python3.9/site-packages/airflow/example_dags/example_python_operator.py for tasks to queue
[2025-01-15 23:44:21,275] {logging_mixin.py:115} INFO - [2025-01-15 23:44:21,275] {dagbag.py:507} INFO - Filling up the DagBag from /mnt/c/Users/ander/Desktop/airflow-spark/airflow-spark/curso2/ambientepython/lib/python3.9/site-packages/airflow/example_dags/example_python_operator.py
[2025-01-15 23:44:21,449] {logging_mixin.py:115} INFO - [2025-01-15 23:44:21,448] {example_python_operator.py:68} WARNING - The virtalenv_python example task requires virtualenv, please install it.
[2025-01-15 23:44:21,450] {processor.py:651} INFO - DAG(s) dict_keys(['example_python_operator']) retrieved from /mnt/c/Users/ander/Desktop/airflow-spark/airflow-spark/curso2/ambientepython/lib/python3.9/site-packages/airflow/example_dags/example_python_operator.py
[2025-01-15 23:44:21,492] {logging_mixin.py:115} INFO - [2025-01-15 23:44:21,492] {dag.py:2379} INFO - Sync 1 DAGs
[2025-01-15 23:44:21,527] {logging_mixin.py:115} INFO - [2025-01-15 23:44:21,526] {dag.py:2927} INFO - Setting next_dagrun for example_python_operator to None, run_after=None
[2025-01-15 23:44:21,575] {processor.py:161} INFO - Processing /mnt/c/Users/ander/Desktop/airflow-spark/airflow-spark/curso2/ambientepython/lib/python3.9/site-packages/airflow/example_dags/example_python_operator.py took 0.307 seconds
[2025-01-15 23:45:16,554] {processor.py:153} INFO - Started process (PID=34741) to work on /mnt/c/Users/ander/Desktop/airflow-spark/airflow-spark/curso2/ambientepython/lib/python3.9/site-packages/airflow/example_dags/example_python_operator.py
[2025-01-15 23:45:16,555] {processor.py:641} INFO - Processing file /mnt/c/Users/ander/Desktop/airflow-spark/airflow-spark/curso2/ambientepython/lib/python3.9/site-packages/airflow/example_dags/example_python_operator.py for tasks to queue
[2025-01-15 23:45:16,556] {logging_mixin.py:115} INFO - [2025-01-15 23:45:16,556] {dagbag.py:507} INFO - Filling up the DagBag from /mnt/c/Users/ander/Desktop/airflow-spark/airflow-spark/curso2/ambientepython/lib/python3.9/site-packages/airflow/example_dags/example_python_operator.py
[2025-01-15 23:45:16,694] {logging_mixin.py:115} INFO - [2025-01-15 23:45:16,694] {example_python_operator.py:68} WARNING - The virtalenv_python example task requires virtualenv, please install it.
[2025-01-15 23:45:16,695] {processor.py:651} INFO - DAG(s) dict_keys(['example_python_operator']) retrieved from /mnt/c/Users/ander/Desktop/airflow-spark/airflow-spark/curso2/ambientepython/lib/python3.9/site-packages/airflow/example_dags/example_python_operator.py
[2025-01-15 23:45:16,735] {logging_mixin.py:115} INFO - [2025-01-15 23:45:16,735] {dag.py:2379} INFO - Sync 1 DAGs
[2025-01-15 23:45:16,767] {logging_mixin.py:115} INFO - [2025-01-15 23:45:16,766] {dag.py:2927} INFO - Setting next_dagrun for example_python_operator to None, run_after=None
[2025-01-15 23:45:16,801] {processor.py:161} INFO - Processing /mnt/c/Users/ander/Desktop/airflow-spark/airflow-spark/curso2/ambientepython/lib/python3.9/site-packages/airflow/example_dags/example_python_operator.py took 0.251 seconds
[2025-01-15 23:46:00,920] {processor.py:153} INFO - Started process (PID=34902) to work on /mnt/c/Users/ander/Desktop/airflow-spark/airflow-spark/curso2/ambientepython/lib/python3.9/site-packages/airflow/example_dags/example_python_operator.py
[2025-01-15 23:46:00,922] {processor.py:641} INFO - Processing file /mnt/c/Users/ander/Desktop/airflow-spark/airflow-spark/curso2/ambientepython/lib/python3.9/site-packages/airflow/example_dags/example_python_operator.py for tasks to queue
[2025-01-15 23:46:00,924] {logging_mixin.py:115} INFO - [2025-01-15 23:46:00,923] {dagbag.py:507} INFO - Filling up the DagBag from /mnt/c/Users/ander/Desktop/airflow-spark/airflow-spark/curso2/ambientepython/lib/python3.9/site-packages/airflow/example_dags/example_python_operator.py
[2025-01-15 23:46:01,104] {logging_mixin.py:115} INFO - [2025-01-15 23:46:01,104] {example_python_operator.py:68} WARNING - The virtalenv_python example task requires virtualenv, please install it.
[2025-01-15 23:46:01,105] {processor.py:651} INFO - DAG(s) dict_keys(['example_python_operator']) retrieved from /mnt/c/Users/ander/Desktop/airflow-spark/airflow-spark/curso2/ambientepython/lib/python3.9/site-packages/airflow/example_dags/example_python_operator.py
[2025-01-15 23:46:01,144] {logging_mixin.py:115} INFO - [2025-01-15 23:46:01,143] {dag.py:2379} INFO - Sync 1 DAGs
[2025-01-15 23:46:01,189] {logging_mixin.py:115} INFO - [2025-01-15 23:46:01,189] {dag.py:2927} INFO - Setting next_dagrun for example_python_operator to None, run_after=None
[2025-01-15 23:46:01,248] {processor.py:161} INFO - Processing /mnt/c/Users/ander/Desktop/airflow-spark/airflow-spark/curso2/ambientepython/lib/python3.9/site-packages/airflow/example_dags/example_python_operator.py took 0.332 seconds
[2025-01-15 23:46:45,374] {processor.py:153} INFO - Started process (PID=35064) to work on /mnt/c/Users/ander/Desktop/airflow-spark/airflow-spark/curso2/ambientepython/lib/python3.9/site-packages/airflow/example_dags/example_python_operator.py
[2025-01-15 23:46:45,375] {processor.py:641} INFO - Processing file /mnt/c/Users/ander/Desktop/airflow-spark/airflow-spark/curso2/ambientepython/lib/python3.9/site-packages/airflow/example_dags/example_python_operator.py for tasks to queue
[2025-01-15 23:46:45,377] {logging_mixin.py:115} INFO - [2025-01-15 23:46:45,376] {dagbag.py:507} INFO - Filling up the DagBag from /mnt/c/Users/ander/Desktop/airflow-spark/airflow-spark/curso2/ambientepython/lib/python3.9/site-packages/airflow/example_dags/example_python_operator.py
[2025-01-15 23:46:45,652] {logging_mixin.py:115} INFO - [2025-01-15 23:46:45,652] {example_python_operator.py:68} WARNING - The virtalenv_python example task requires virtualenv, please install it.
[2025-01-15 23:46:45,653] {processor.py:651} INFO - DAG(s) dict_keys(['example_python_operator']) retrieved from /mnt/c/Users/ander/Desktop/airflow-spark/airflow-spark/curso2/ambientepython/lib/python3.9/site-packages/airflow/example_dags/example_python_operator.py
[2025-01-15 23:46:45,694] {logging_mixin.py:115} INFO - [2025-01-15 23:46:45,694] {dag.py:2379} INFO - Sync 1 DAGs
[2025-01-15 23:46:45,722] {logging_mixin.py:115} INFO - [2025-01-15 23:46:45,722] {dag.py:2927} INFO - Setting next_dagrun for example_python_operator to None, run_after=None
[2025-01-15 23:46:45,769] {processor.py:161} INFO - Processing /mnt/c/Users/ander/Desktop/airflow-spark/airflow-spark/curso2/ambientepython/lib/python3.9/site-packages/airflow/example_dags/example_python_operator.py took 0.399 seconds
[2025-01-15 23:47:28,111] {processor.py:153} INFO - Started process (PID=35217) to work on /mnt/c/Users/ander/Desktop/airflow-spark/airflow-spark/curso2/ambientepython/lib/python3.9/site-packages/airflow/example_dags/example_python_operator.py
[2025-01-15 23:47:28,112] {processor.py:641} INFO - Processing file /mnt/c/Users/ander/Desktop/airflow-spark/airflow-spark/curso2/ambientepython/lib/python3.9/site-packages/airflow/example_dags/example_python_operator.py for tasks to queue
[2025-01-15 23:47:28,113] {logging_mixin.py:115} INFO - [2025-01-15 23:47:28,113] {dagbag.py:507} INFO - Filling up the DagBag from /mnt/c/Users/ander/Desktop/airflow-spark/airflow-spark/curso2/ambientepython/lib/python3.9/site-packages/airflow/example_dags/example_python_operator.py
[2025-01-15 23:47:28,246] {logging_mixin.py:115} INFO - [2025-01-15 23:47:28,246] {example_python_operator.py:68} WARNING - The virtalenv_python example task requires virtualenv, please install it.
[2025-01-15 23:47:28,247] {processor.py:651} INFO - DAG(s) dict_keys(['example_python_operator']) retrieved from /mnt/c/Users/ander/Desktop/airflow-spark/airflow-spark/curso2/ambientepython/lib/python3.9/site-packages/airflow/example_dags/example_python_operator.py
[2025-01-15 23:47:28,285] {logging_mixin.py:115} INFO - [2025-01-15 23:47:28,285] {dag.py:2379} INFO - Sync 1 DAGs
[2025-01-15 23:47:28,314] {logging_mixin.py:115} INFO - [2025-01-15 23:47:28,314] {dag.py:2927} INFO - Setting next_dagrun for example_python_operator to None, run_after=None
[2025-01-15 23:47:28,353] {processor.py:161} INFO - Processing /mnt/c/Users/ander/Desktop/airflow-spark/airflow-spark/curso2/ambientepython/lib/python3.9/site-packages/airflow/example_dags/example_python_operator.py took 0.246 seconds
[2025-01-15 23:48:12,479] {processor.py:153} INFO - Started process (PID=35430) to work on /mnt/c/Users/ander/Desktop/airflow-spark/airflow-spark/curso2/ambientepython/lib/python3.9/site-packages/airflow/example_dags/example_python_operator.py
[2025-01-15 23:48:12,480] {processor.py:641} INFO - Processing file /mnt/c/Users/ander/Desktop/airflow-spark/airflow-spark/curso2/ambientepython/lib/python3.9/site-packages/airflow/example_dags/example_python_operator.py for tasks to queue
[2025-01-15 23:48:12,481] {logging_mixin.py:115} INFO - [2025-01-15 23:48:12,481] {dagbag.py:507} INFO - Filling up the DagBag from /mnt/c/Users/ander/Desktop/airflow-spark/airflow-spark/curso2/ambientepython/lib/python3.9/site-packages/airflow/example_dags/example_python_operator.py
[2025-01-15 23:48:12,749] {logging_mixin.py:115} INFO - [2025-01-15 23:48:12,749] {example_python_operator.py:68} WARNING - The virtalenv_python example task requires virtualenv, please install it.
[2025-01-15 23:48:12,750] {processor.py:651} INFO - DAG(s) dict_keys(['example_python_operator']) retrieved from /mnt/c/Users/ander/Desktop/airflow-spark/airflow-spark/curso2/ambientepython/lib/python3.9/site-packages/airflow/example_dags/example_python_operator.py
[2025-01-15 23:48:12,783] {logging_mixin.py:115} INFO - [2025-01-15 23:48:12,783] {dag.py:2379} INFO - Sync 1 DAGs
[2025-01-15 23:48:12,818] {logging_mixin.py:115} INFO - [2025-01-15 23:48:12,818] {dag.py:2927} INFO - Setting next_dagrun for example_python_operator to None, run_after=None
[2025-01-15 23:48:12,872] {processor.py:161} INFO - Processing /mnt/c/Users/ander/Desktop/airflow-spark/airflow-spark/curso2/ambientepython/lib/python3.9/site-packages/airflow/example_dags/example_python_operator.py took 0.397 seconds
[2025-01-15 23:48:58,413] {processor.py:153} INFO - Started process (PID=35597) to work on /mnt/c/Users/ander/Desktop/airflow-spark/airflow-spark/curso2/ambientepython/lib/python3.9/site-packages/airflow/example_dags/example_python_operator.py
[2025-01-15 23:48:58,415] {processor.py:641} INFO - Processing file /mnt/c/Users/ander/Desktop/airflow-spark/airflow-spark/curso2/ambientepython/lib/python3.9/site-packages/airflow/example_dags/example_python_operator.py for tasks to queue
[2025-01-15 23:48:58,415] {logging_mixin.py:115} INFO - [2025-01-15 23:48:58,415] {dagbag.py:507} INFO - Filling up the DagBag from /mnt/c/Users/ander/Desktop/airflow-spark/airflow-spark/curso2/ambientepython/lib/python3.9/site-packages/airflow/example_dags/example_python_operator.py
[2025-01-15 23:48:58,599] {logging_mixin.py:115} INFO - [2025-01-15 23:48:58,599] {example_python_operator.py:68} WARNING - The virtalenv_python example task requires virtualenv, please install it.
[2025-01-15 23:48:58,600] {processor.py:651} INFO - DAG(s) dict_keys(['example_python_operator']) retrieved from /mnt/c/Users/ander/Desktop/airflow-spark/airflow-spark/curso2/ambientepython/lib/python3.9/site-packages/airflow/example_dags/example_python_operator.py
[2025-01-15 23:48:58,640] {logging_mixin.py:115} INFO - [2025-01-15 23:48:58,640] {dag.py:2379} INFO - Sync 1 DAGs
[2025-01-15 23:48:58,671] {logging_mixin.py:115} INFO - [2025-01-15 23:48:58,671] {dag.py:2927} INFO - Setting next_dagrun for example_python_operator to None, run_after=None
[2025-01-15 23:48:58,719] {processor.py:161} INFO - Processing /mnt/c/Users/ander/Desktop/airflow-spark/airflow-spark/curso2/ambientepython/lib/python3.9/site-packages/airflow/example_dags/example_python_operator.py took 0.309 seconds
[2025-01-15 23:49:43,980] {processor.py:153} INFO - Started process (PID=35765) to work on /mnt/c/Users/ander/Desktop/airflow-spark/airflow-spark/curso2/ambientepython/lib/python3.9/site-packages/airflow/example_dags/example_python_operator.py
[2025-01-15 23:49:43,981] {processor.py:641} INFO - Processing file /mnt/c/Users/ander/Desktop/airflow-spark/airflow-spark/curso2/ambientepython/lib/python3.9/site-packages/airflow/example_dags/example_python_operator.py for tasks to queue
[2025-01-15 23:49:43,982] {logging_mixin.py:115} INFO - [2025-01-15 23:49:43,982] {dagbag.py:507} INFO - Filling up the DagBag from /mnt/c/Users/ander/Desktop/airflow-spark/airflow-spark/curso2/ambientepython/lib/python3.9/site-packages/airflow/example_dags/example_python_operator.py
[2025-01-15 23:49:44,138] {logging_mixin.py:115} INFO - [2025-01-15 23:49:44,137] {example_python_operator.py:68} WARNING - The virtalenv_python example task requires virtualenv, please install it.
[2025-01-15 23:49:44,138] {processor.py:651} INFO - DAG(s) dict_keys(['example_python_operator']) retrieved from /mnt/c/Users/ander/Desktop/airflow-spark/airflow-spark/curso2/ambientepython/lib/python3.9/site-packages/airflow/example_dags/example_python_operator.py
[2025-01-15 23:49:44,178] {logging_mixin.py:115} INFO - [2025-01-15 23:49:44,178] {dag.py:2379} INFO - Sync 1 DAGs
[2025-01-15 23:49:44,209] {logging_mixin.py:115} INFO - [2025-01-15 23:49:44,209] {dag.py:2927} INFO - Setting next_dagrun for example_python_operator to None, run_after=None
[2025-01-15 23:49:44,256] {processor.py:161} INFO - Processing /mnt/c/Users/ander/Desktop/airflow-spark/airflow-spark/curso2/ambientepython/lib/python3.9/site-packages/airflow/example_dags/example_python_operator.py took 0.281 seconds
[2025-01-15 23:50:30,578] {processor.py:153} INFO - Started process (PID=35934) to work on /mnt/c/Users/ander/Desktop/airflow-spark/airflow-spark/curso2/ambientepython/lib/python3.9/site-packages/airflow/example_dags/example_python_operator.py
[2025-01-15 23:50:30,579] {processor.py:641} INFO - Processing file /mnt/c/Users/ander/Desktop/airflow-spark/airflow-spark/curso2/ambientepython/lib/python3.9/site-packages/airflow/example_dags/example_python_operator.py for tasks to queue
[2025-01-15 23:50:30,580] {logging_mixin.py:115} INFO - [2025-01-15 23:50:30,580] {dagbag.py:507} INFO - Filling up the DagBag from /mnt/c/Users/ander/Desktop/airflow-spark/airflow-spark/curso2/ambientepython/lib/python3.9/site-packages/airflow/example_dags/example_python_operator.py
[2025-01-15 23:50:30,722] {logging_mixin.py:115} INFO - [2025-01-15 23:50:30,722] {example_python_operator.py:68} WARNING - The virtalenv_python example task requires virtualenv, please install it.
[2025-01-15 23:50:30,723] {processor.py:651} INFO - DAG(s) dict_keys(['example_python_operator']) retrieved from /mnt/c/Users/ander/Desktop/airflow-spark/airflow-spark/curso2/ambientepython/lib/python3.9/site-packages/airflow/example_dags/example_python_operator.py
[2025-01-15 23:50:30,767] {logging_mixin.py:115} INFO - [2025-01-15 23:50:30,767] {dag.py:2379} INFO - Sync 1 DAGs
[2025-01-15 23:50:30,810] {logging_mixin.py:115} INFO - [2025-01-15 23:50:30,810] {dag.py:2927} INFO - Setting next_dagrun for example_python_operator to None, run_after=None
[2025-01-15 23:50:30,866] {processor.py:161} INFO - Processing /mnt/c/Users/ander/Desktop/airflow-spark/airflow-spark/curso2/ambientepython/lib/python3.9/site-packages/airflow/example_dags/example_python_operator.py took 0.292 seconds
[2025-01-15 23:51:20,233] {processor.py:153} INFO - Started process (PID=36109) to work on /mnt/c/Users/ander/Desktop/airflow-spark/airflow-spark/curso2/ambientepython/lib/python3.9/site-packages/airflow/example_dags/example_python_operator.py
[2025-01-15 23:51:20,234] {processor.py:641} INFO - Processing file /mnt/c/Users/ander/Desktop/airflow-spark/airflow-spark/curso2/ambientepython/lib/python3.9/site-packages/airflow/example_dags/example_python_operator.py for tasks to queue
[2025-01-15 23:51:20,235] {logging_mixin.py:115} INFO - [2025-01-15 23:51:20,235] {dagbag.py:507} INFO - Filling up the DagBag from /mnt/c/Users/ander/Desktop/airflow-spark/airflow-spark/curso2/ambientepython/lib/python3.9/site-packages/airflow/example_dags/example_python_operator.py
[2025-01-15 23:51:20,368] {logging_mixin.py:115} INFO - [2025-01-15 23:51:20,368] {example_python_operator.py:68} WARNING - The virtalenv_python example task requires virtualenv, please install it.
[2025-01-15 23:51:20,369] {processor.py:651} INFO - DAG(s) dict_keys(['example_python_operator']) retrieved from /mnt/c/Users/ander/Desktop/airflow-spark/airflow-spark/curso2/ambientepython/lib/python3.9/site-packages/airflow/example_dags/example_python_operator.py
[2025-01-15 23:51:20,408] {logging_mixin.py:115} INFO - [2025-01-15 23:51:20,408] {dag.py:2379} INFO - Sync 1 DAGs
[2025-01-15 23:51:20,437] {logging_mixin.py:115} INFO - [2025-01-15 23:51:20,437] {dag.py:2927} INFO - Setting next_dagrun for example_python_operator to None, run_after=None
[2025-01-15 23:51:20,476] {processor.py:161} INFO - Processing /mnt/c/Users/ander/Desktop/airflow-spark/airflow-spark/curso2/ambientepython/lib/python3.9/site-packages/airflow/example_dags/example_python_operator.py took 0.247 seconds
[2025-01-15 23:52:09,593] {processor.py:153} INFO - Started process (PID=36285) to work on /mnt/c/Users/ander/Desktop/airflow-spark/airflow-spark/curso2/ambientepython/lib/python3.9/site-packages/airflow/example_dags/example_python_operator.py
[2025-01-15 23:52:09,594] {processor.py:641} INFO - Processing file /mnt/c/Users/ander/Desktop/airflow-spark/airflow-spark/curso2/ambientepython/lib/python3.9/site-packages/airflow/example_dags/example_python_operator.py for tasks to queue
[2025-01-15 23:52:09,596] {logging_mixin.py:115} INFO - [2025-01-15 23:52:09,596] {dagbag.py:507} INFO - Filling up the DagBag from /mnt/c/Users/ander/Desktop/airflow-spark/airflow-spark/curso2/ambientepython/lib/python3.9/site-packages/airflow/example_dags/example_python_operator.py
[2025-01-15 23:52:09,771] {logging_mixin.py:115} INFO - [2025-01-15 23:52:09,771] {example_python_operator.py:68} WARNING - The virtalenv_python example task requires virtualenv, please install it.
[2025-01-15 23:52:09,772] {processor.py:651} INFO - DAG(s) dict_keys(['example_python_operator']) retrieved from /mnt/c/Users/ander/Desktop/airflow-spark/airflow-spark/curso2/ambientepython/lib/python3.9/site-packages/airflow/example_dags/example_python_operator.py
[2025-01-15 23:52:09,815] {logging_mixin.py:115} INFO - [2025-01-15 23:52:09,815] {dag.py:2379} INFO - Sync 1 DAGs
[2025-01-15 23:52:09,854] {logging_mixin.py:115} INFO - [2025-01-15 23:52:09,854] {dag.py:2927} INFO - Setting next_dagrun for example_python_operator to None, run_after=None
[2025-01-15 23:52:09,914] {processor.py:161} INFO - Processing /mnt/c/Users/ander/Desktop/airflow-spark/airflow-spark/curso2/ambientepython/lib/python3.9/site-packages/airflow/example_dags/example_python_operator.py took 0.325 seconds
[2025-01-15 23:53:03,094] {processor.py:153} INFO - Started process (PID=36525) to work on /mnt/c/Users/ander/Desktop/airflow-spark/airflow-spark/curso2/ambientepython/lib/python3.9/site-packages/airflow/example_dags/example_python_operator.py
[2025-01-15 23:53:03,098] {processor.py:641} INFO - Processing file /mnt/c/Users/ander/Desktop/airflow-spark/airflow-spark/curso2/ambientepython/lib/python3.9/site-packages/airflow/example_dags/example_python_operator.py for tasks to queue
[2025-01-15 23:53:03,106] {logging_mixin.py:115} INFO - [2025-01-15 23:53:03,105] {dagbag.py:507} INFO - Filling up the DagBag from /mnt/c/Users/ander/Desktop/airflow-spark/airflow-spark/curso2/ambientepython/lib/python3.9/site-packages/airflow/example_dags/example_python_operator.py
[2025-01-15 23:53:03,568] {logging_mixin.py:115} INFO - [2025-01-15 23:53:03,567] {example_python_operator.py:68} WARNING - The virtalenv_python example task requires virtualenv, please install it.
[2025-01-15 23:53:03,568] {processor.py:651} INFO - DAG(s) dict_keys(['example_python_operator']) retrieved from /mnt/c/Users/ander/Desktop/airflow-spark/airflow-spark/curso2/ambientepython/lib/python3.9/site-packages/airflow/example_dags/example_python_operator.py
[2025-01-15 23:53:03,615] {logging_mixin.py:115} INFO - [2025-01-15 23:53:03,615] {dag.py:2379} INFO - Sync 1 DAGs
[2025-01-15 23:53:03,654] {logging_mixin.py:115} INFO - [2025-01-15 23:53:03,654] {dag.py:2927} INFO - Setting next_dagrun for example_python_operator to None, run_after=None
[2025-01-15 23:53:03,713] {processor.py:161} INFO - Processing /mnt/c/Users/ander/Desktop/airflow-spark/airflow-spark/curso2/ambientepython/lib/python3.9/site-packages/airflow/example_dags/example_python_operator.py took 0.625 seconds
