[2025-01-15 23:12:33,107] {processor.py:153} INFO - Started process (PID=25328) to work on /mnt/c/Users/ander/Desktop/airflow-spark/airflow-spark/curso2/ambientepython/lib/python3.9/site-packages/airflow/example_dags/example_sla_dag.py
[2025-01-15 23:12:33,108] {processor.py:641} INFO - Processing file /mnt/c/Users/ander/Desktop/airflow-spark/airflow-spark/curso2/ambientepython/lib/python3.9/site-packages/airflow/example_dags/example_sla_dag.py for tasks to queue
[2025-01-15 23:12:33,110] {logging_mixin.py:115} INFO - [2025-01-15 23:12:33,110] {dagbag.py:507} INFO - Filling up the DagBag from /mnt/c/Users/ander/Desktop/airflow-spark/airflow-spark/curso2/ambientepython/lib/python3.9/site-packages/airflow/example_dags/example_sla_dag.py
[2025-01-15 23:12:33,287] {processor.py:651} INFO - DAG(s) dict_keys(['example_sla_dag']) retrieved from /mnt/c/Users/ander/Desktop/airflow-spark/airflow-spark/curso2/ambientepython/lib/python3.9/site-packages/airflow/example_dags/example_sla_dag.py
[2025-01-15 23:12:33,637] {logging_mixin.py:115} INFO - [2025-01-15 23:12:33,637] {manager.py:508} INFO - Created Permission View: can edit on DAG:example_sla_dag
[2025-01-15 23:12:33,731] {logging_mixin.py:115} INFO - [2025-01-15 23:12:33,731] {manager.py:508} INFO - Created Permission View: can delete on DAG:example_sla_dag
[2025-01-15 23:12:33,825] {logging_mixin.py:115} INFO - [2025-01-15 23:12:33,825] {manager.py:508} INFO - Created Permission View: can read on DAG:example_sla_dag
[2025-01-15 23:12:33,826] {logging_mixin.py:115} INFO - [2025-01-15 23:12:33,826] {dag.py:2379} INFO - Sync 1 DAGs
[2025-01-15 23:12:33,856] {logging_mixin.py:115} INFO - [2025-01-15 23:12:33,856] {dag.py:2398} INFO - Creating ORM DAG for example_sla_dag
[2025-01-15 23:12:33,887] {logging_mixin.py:115} INFO - [2025-01-15 23:12:33,887] {dag.py:2927} INFO - Setting next_dagrun for example_sla_dag to 2025-01-16T02:10:00+00:00, run_after=2025-01-16T02:12:00+00:00
[2025-01-15 23:12:33,972] {processor.py:161} INFO - Processing /mnt/c/Users/ander/Desktop/airflow-spark/airflow-spark/curso2/ambientepython/lib/python3.9/site-packages/airflow/example_dags/example_sla_dag.py took 0.871 seconds
[2025-01-15 23:13:22,489] {processor.py:153} INFO - Started process (PID=25635) to work on /mnt/c/Users/ander/Desktop/airflow-spark/airflow-spark/curso2/ambientepython/lib/python3.9/site-packages/airflow/example_dags/example_sla_dag.py
[2025-01-15 23:13:22,490] {processor.py:641} INFO - Processing file /mnt/c/Users/ander/Desktop/airflow-spark/airflow-spark/curso2/ambientepython/lib/python3.9/site-packages/airflow/example_dags/example_sla_dag.py for tasks to queue
[2025-01-15 23:13:22,491] {logging_mixin.py:115} INFO - [2025-01-15 23:13:22,491] {dagbag.py:507} INFO - Filling up the DagBag from /mnt/c/Users/ander/Desktop/airflow-spark/airflow-spark/curso2/ambientepython/lib/python3.9/site-packages/airflow/example_dags/example_sla_dag.py
[2025-01-15 23:13:22,617] {processor.py:651} INFO - DAG(s) dict_keys(['example_sla_dag']) retrieved from /mnt/c/Users/ander/Desktop/airflow-spark/airflow-spark/curso2/ambientepython/lib/python3.9/site-packages/airflow/example_dags/example_sla_dag.py
[2025-01-15 23:13:22,657] {logging_mixin.py:115} INFO - [2025-01-15 23:13:22,657] {dag.py:2379} INFO - Sync 1 DAGs
[2025-01-15 23:13:22,744] {logging_mixin.py:115} INFO - [2025-01-15 23:13:22,744] {dag.py:2927} INFO - Setting next_dagrun for example_sla_dag to 2025-01-16T02:10:00+00:00, run_after=2025-01-16T02:12:00+00:00
[2025-01-15 23:13:22,809] {processor.py:161} INFO - Processing /mnt/c/Users/ander/Desktop/airflow-spark/airflow-spark/curso2/ambientepython/lib/python3.9/site-packages/airflow/example_dags/example_sla_dag.py took 0.324 seconds
[2025-01-15 23:14:08,920] {processor.py:153} INFO - Started process (PID=25802) to work on /mnt/c/Users/ander/Desktop/airflow-spark/airflow-spark/curso2/ambientepython/lib/python3.9/site-packages/airflow/example_dags/example_sla_dag.py
[2025-01-15 23:14:08,921] {processor.py:641} INFO - Processing file /mnt/c/Users/ander/Desktop/airflow-spark/airflow-spark/curso2/ambientepython/lib/python3.9/site-packages/airflow/example_dags/example_sla_dag.py for tasks to queue
[2025-01-15 23:14:08,922] {logging_mixin.py:115} INFO - [2025-01-15 23:14:08,922] {dagbag.py:507} INFO - Filling up the DagBag from /mnt/c/Users/ander/Desktop/airflow-spark/airflow-spark/curso2/ambientepython/lib/python3.9/site-packages/airflow/example_dags/example_sla_dag.py
[2025-01-15 23:14:09,032] {processor.py:651} INFO - DAG(s) dict_keys(['example_sla_dag']) retrieved from /mnt/c/Users/ander/Desktop/airflow-spark/airflow-spark/curso2/ambientepython/lib/python3.9/site-packages/airflow/example_dags/example_sla_dag.py
[2025-01-15 23:14:09,067] {logging_mixin.py:115} INFO - [2025-01-15 23:14:09,067] {dag.py:2379} INFO - Sync 1 DAGs
[2025-01-15 23:14:09,099] {logging_mixin.py:115} INFO - [2025-01-15 23:14:09,099] {dag.py:2927} INFO - Setting next_dagrun for example_sla_dag to 2025-01-16T02:12:00+00:00, run_after=2025-01-16T02:14:00+00:00
[2025-01-15 23:14:09,141] {processor.py:161} INFO - Processing /mnt/c/Users/ander/Desktop/airflow-spark/airflow-spark/curso2/ambientepython/lib/python3.9/site-packages/airflow/example_dags/example_sla_dag.py took 0.225 seconds
[2025-01-15 23:14:52,512] {processor.py:153} INFO - Started process (PID=25957) to work on /mnt/c/Users/ander/Desktop/airflow-spark/airflow-spark/curso2/ambientepython/lib/python3.9/site-packages/airflow/example_dags/example_sla_dag.py
[2025-01-15 23:14:52,513] {processor.py:641} INFO - Processing file /mnt/c/Users/ander/Desktop/airflow-spark/airflow-spark/curso2/ambientepython/lib/python3.9/site-packages/airflow/example_dags/example_sla_dag.py for tasks to queue
[2025-01-15 23:14:52,513] {logging_mixin.py:115} INFO - [2025-01-15 23:14:52,513] {dagbag.py:507} INFO - Filling up the DagBag from /mnt/c/Users/ander/Desktop/airflow-spark/airflow-spark/curso2/ambientepython/lib/python3.9/site-packages/airflow/example_dags/example_sla_dag.py
[2025-01-15 23:14:52,675] {processor.py:651} INFO - DAG(s) dict_keys(['example_sla_dag']) retrieved from /mnt/c/Users/ander/Desktop/airflow-spark/airflow-spark/curso2/ambientepython/lib/python3.9/site-packages/airflow/example_dags/example_sla_dag.py
[2025-01-15 23:14:52,706] {logging_mixin.py:115} INFO - [2025-01-15 23:14:52,706] {dag.py:2379} INFO - Sync 1 DAGs
[2025-01-15 23:14:52,738] {logging_mixin.py:115} INFO - [2025-01-15 23:14:52,738] {dag.py:2927} INFO - Setting next_dagrun for example_sla_dag to 2025-01-16T02:12:00+00:00, run_after=2025-01-16T02:14:00+00:00
[2025-01-15 23:14:52,782] {processor.py:161} INFO - Processing /mnt/c/Users/ander/Desktop/airflow-spark/airflow-spark/curso2/ambientepython/lib/python3.9/site-packages/airflow/example_dags/example_sla_dag.py took 0.274 seconds
[2025-01-15 23:15:38,274] {processor.py:153} INFO - Started process (PID=26124) to work on /mnt/c/Users/ander/Desktop/airflow-spark/airflow-spark/curso2/ambientepython/lib/python3.9/site-packages/airflow/example_dags/example_sla_dag.py
[2025-01-15 23:15:38,276] {processor.py:641} INFO - Processing file /mnt/c/Users/ander/Desktop/airflow-spark/airflow-spark/curso2/ambientepython/lib/python3.9/site-packages/airflow/example_dags/example_sla_dag.py for tasks to queue
[2025-01-15 23:15:38,277] {logging_mixin.py:115} INFO - [2025-01-15 23:15:38,277] {dagbag.py:507} INFO - Filling up the DagBag from /mnt/c/Users/ander/Desktop/airflow-spark/airflow-spark/curso2/ambientepython/lib/python3.9/site-packages/airflow/example_dags/example_sla_dag.py
[2025-01-15 23:15:38,419] {processor.py:651} INFO - DAG(s) dict_keys(['example_sla_dag']) retrieved from /mnt/c/Users/ander/Desktop/airflow-spark/airflow-spark/curso2/ambientepython/lib/python3.9/site-packages/airflow/example_dags/example_sla_dag.py
[2025-01-15 23:15:38,459] {logging_mixin.py:115} INFO - [2025-01-15 23:15:38,459] {dag.py:2379} INFO - Sync 1 DAGs
[2025-01-15 23:15:38,494] {logging_mixin.py:115} INFO - [2025-01-15 23:15:38,493] {dag.py:2927} INFO - Setting next_dagrun for example_sla_dag to 2025-01-16T02:12:00+00:00, run_after=2025-01-16T02:14:00+00:00
[2025-01-15 23:15:38,539] {processor.py:161} INFO - Processing /mnt/c/Users/ander/Desktop/airflow-spark/airflow-spark/curso2/ambientepython/lib/python3.9/site-packages/airflow/example_dags/example_sla_dag.py took 0.269 seconds
[2025-01-15 23:16:28,428] {processor.py:153} INFO - Started process (PID=26303) to work on /mnt/c/Users/ander/Desktop/airflow-spark/airflow-spark/curso2/ambientepython/lib/python3.9/site-packages/airflow/example_dags/example_sla_dag.py
[2025-01-15 23:16:28,429] {processor.py:641} INFO - Processing file /mnt/c/Users/ander/Desktop/airflow-spark/airflow-spark/curso2/ambientepython/lib/python3.9/site-packages/airflow/example_dags/example_sla_dag.py for tasks to queue
[2025-01-15 23:16:28,430] {logging_mixin.py:115} INFO - [2025-01-15 23:16:28,430] {dagbag.py:507} INFO - Filling up the DagBag from /mnt/c/Users/ander/Desktop/airflow-spark/airflow-spark/curso2/ambientepython/lib/python3.9/site-packages/airflow/example_dags/example_sla_dag.py
[2025-01-15 23:16:28,529] {processor.py:651} INFO - DAG(s) dict_keys(['example_sla_dag']) retrieved from /mnt/c/Users/ander/Desktop/airflow-spark/airflow-spark/curso2/ambientepython/lib/python3.9/site-packages/airflow/example_dags/example_sla_dag.py
[2025-01-15 23:16:28,566] {logging_mixin.py:115} INFO - [2025-01-15 23:16:28,566] {dag.py:2379} INFO - Sync 1 DAGs
[2025-01-15 23:16:28,602] {logging_mixin.py:115} INFO - [2025-01-15 23:16:28,602] {dag.py:2927} INFO - Setting next_dagrun for example_sla_dag to 2025-01-16T02:14:00+00:00, run_after=2025-01-16T02:16:00+00:00
[2025-01-15 23:16:28,645] {processor.py:161} INFO - Processing /mnt/c/Users/ander/Desktop/airflow-spark/airflow-spark/curso2/ambientepython/lib/python3.9/site-packages/airflow/example_dags/example_sla_dag.py took 0.221 seconds
[2025-01-15 23:17:13,431] {processor.py:153} INFO - Started process (PID=26522) to work on /mnt/c/Users/ander/Desktop/airflow-spark/airflow-spark/curso2/ambientepython/lib/python3.9/site-packages/airflow/example_dags/example_sla_dag.py
[2025-01-15 23:17:13,432] {processor.py:641} INFO - Processing file /mnt/c/Users/ander/Desktop/airflow-spark/airflow-spark/curso2/ambientepython/lib/python3.9/site-packages/airflow/example_dags/example_sla_dag.py for tasks to queue
[2025-01-15 23:17:13,433] {logging_mixin.py:115} INFO - [2025-01-15 23:17:13,433] {dagbag.py:507} INFO - Filling up the DagBag from /mnt/c/Users/ander/Desktop/airflow-spark/airflow-spark/curso2/ambientepython/lib/python3.9/site-packages/airflow/example_dags/example_sla_dag.py
[2025-01-15 23:17:13,561] {processor.py:651} INFO - DAG(s) dict_keys(['example_sla_dag']) retrieved from /mnt/c/Users/ander/Desktop/airflow-spark/airflow-spark/curso2/ambientepython/lib/python3.9/site-packages/airflow/example_dags/example_sla_dag.py
[2025-01-15 23:17:13,600] {logging_mixin.py:115} INFO - [2025-01-15 23:17:13,600] {dag.py:2379} INFO - Sync 1 DAGs
[2025-01-15 23:17:13,639] {logging_mixin.py:115} INFO - [2025-01-15 23:17:13,639] {dag.py:2927} INFO - Setting next_dagrun for example_sla_dag to 2025-01-16T02:14:00+00:00, run_after=2025-01-16T02:16:00+00:00
[2025-01-15 23:17:13,687] {processor.py:161} INFO - Processing /mnt/c/Users/ander/Desktop/airflow-spark/airflow-spark/curso2/ambientepython/lib/python3.9/site-packages/airflow/example_dags/example_sla_dag.py took 0.259 seconds
[2025-01-15 23:17:59,779] {processor.py:153} INFO - Started process (PID=26690) to work on /mnt/c/Users/ander/Desktop/airflow-spark/airflow-spark/curso2/ambientepython/lib/python3.9/site-packages/airflow/example_dags/example_sla_dag.py
[2025-01-15 23:17:59,780] {processor.py:641} INFO - Processing file /mnt/c/Users/ander/Desktop/airflow-spark/airflow-spark/curso2/ambientepython/lib/python3.9/site-packages/airflow/example_dags/example_sla_dag.py for tasks to queue
[2025-01-15 23:17:59,781] {logging_mixin.py:115} INFO - [2025-01-15 23:17:59,781] {dagbag.py:507} INFO - Filling up the DagBag from /mnt/c/Users/ander/Desktop/airflow-spark/airflow-spark/curso2/ambientepython/lib/python3.9/site-packages/airflow/example_dags/example_sla_dag.py
[2025-01-15 23:17:59,928] {processor.py:651} INFO - DAG(s) dict_keys(['example_sla_dag']) retrieved from /mnt/c/Users/ander/Desktop/airflow-spark/airflow-spark/curso2/ambientepython/lib/python3.9/site-packages/airflow/example_dags/example_sla_dag.py
[2025-01-15 23:17:59,962] {logging_mixin.py:115} INFO - [2025-01-15 23:17:59,962] {dag.py:2379} INFO - Sync 1 DAGs
[2025-01-15 23:17:59,995] {logging_mixin.py:115} INFO - [2025-01-15 23:17:59,995] {dag.py:2927} INFO - Setting next_dagrun for example_sla_dag to 2025-01-16T02:14:00+00:00, run_after=2025-01-16T02:16:00+00:00
[2025-01-15 23:18:00,042] {processor.py:161} INFO - Processing /mnt/c/Users/ander/Desktop/airflow-spark/airflow-spark/curso2/ambientepython/lib/python3.9/site-packages/airflow/example_dags/example_sla_dag.py took 0.267 seconds
[2025-01-15 23:18:41,048] {processor.py:153} INFO - Started process (PID=26839) to work on /mnt/c/Users/ander/Desktop/airflow-spark/airflow-spark/curso2/ambientepython/lib/python3.9/site-packages/airflow/example_dags/example_sla_dag.py
[2025-01-15 23:18:41,049] {processor.py:641} INFO - Processing file /mnt/c/Users/ander/Desktop/airflow-spark/airflow-spark/curso2/ambientepython/lib/python3.9/site-packages/airflow/example_dags/example_sla_dag.py for tasks to queue
[2025-01-15 23:18:41,050] {logging_mixin.py:115} INFO - [2025-01-15 23:18:41,050] {dagbag.py:507} INFO - Filling up the DagBag from /mnt/c/Users/ander/Desktop/airflow-spark/airflow-spark/curso2/ambientepython/lib/python3.9/site-packages/airflow/example_dags/example_sla_dag.py
[2025-01-15 23:18:41,158] {processor.py:651} INFO - DAG(s) dict_keys(['example_sla_dag']) retrieved from /mnt/c/Users/ander/Desktop/airflow-spark/airflow-spark/curso2/ambientepython/lib/python3.9/site-packages/airflow/example_dags/example_sla_dag.py
[2025-01-15 23:18:41,194] {logging_mixin.py:115} INFO - [2025-01-15 23:18:41,194] {dag.py:2379} INFO - Sync 1 DAGs
[2025-01-15 23:18:41,226] {logging_mixin.py:115} INFO - [2025-01-15 23:18:41,226] {dag.py:2927} INFO - Setting next_dagrun for example_sla_dag to 2025-01-16T02:16:00+00:00, run_after=2025-01-16T02:18:00+00:00
[2025-01-15 23:18:41,265] {processor.py:161} INFO - Processing /mnt/c/Users/ander/Desktop/airflow-spark/airflow-spark/curso2/ambientepython/lib/python3.9/site-packages/airflow/example_dags/example_sla_dag.py took 0.221 seconds
[2025-01-15 23:19:29,166] {processor.py:153} INFO - Started process (PID=27015) to work on /mnt/c/Users/ander/Desktop/airflow-spark/airflow-spark/curso2/ambientepython/lib/python3.9/site-packages/airflow/example_dags/example_sla_dag.py
[2025-01-15 23:19:29,168] {processor.py:641} INFO - Processing file /mnt/c/Users/ander/Desktop/airflow-spark/airflow-spark/curso2/ambientepython/lib/python3.9/site-packages/airflow/example_dags/example_sla_dag.py for tasks to queue
[2025-01-15 23:19:29,169] {logging_mixin.py:115} INFO - [2025-01-15 23:19:29,169] {dagbag.py:507} INFO - Filling up the DagBag from /mnt/c/Users/ander/Desktop/airflow-spark/airflow-spark/curso2/ambientepython/lib/python3.9/site-packages/airflow/example_dags/example_sla_dag.py
[2025-01-15 23:19:29,343] {processor.py:651} INFO - DAG(s) dict_keys(['example_sla_dag']) retrieved from /mnt/c/Users/ander/Desktop/airflow-spark/airflow-spark/curso2/ambientepython/lib/python3.9/site-packages/airflow/example_dags/example_sla_dag.py
[2025-01-15 23:19:29,390] {logging_mixin.py:115} INFO - [2025-01-15 23:19:29,389] {dag.py:2379} INFO - Sync 1 DAGs
[2025-01-15 23:19:29,489] {logging_mixin.py:115} INFO - [2025-01-15 23:19:29,489] {dag.py:2927} INFO - Setting next_dagrun for example_sla_dag to 2025-01-16T02:16:00+00:00, run_after=2025-01-16T02:18:00+00:00
[2025-01-15 23:19:29,595] {processor.py:161} INFO - Processing /mnt/c/Users/ander/Desktop/airflow-spark/airflow-spark/curso2/ambientepython/lib/python3.9/site-packages/airflow/example_dags/example_sla_dag.py took 0.433 seconds
[2025-01-15 23:20:12,059] {processor.py:153} INFO - Started process (PID=27274) to work on /mnt/c/Users/ander/Desktop/airflow-spark/airflow-spark/curso2/ambientepython/lib/python3.9/site-packages/airflow/example_dags/example_sla_dag.py
[2025-01-15 23:20:12,060] {processor.py:641} INFO - Processing file /mnt/c/Users/ander/Desktop/airflow-spark/airflow-spark/curso2/ambientepython/lib/python3.9/site-packages/airflow/example_dags/example_sla_dag.py for tasks to queue
[2025-01-15 23:20:12,061] {logging_mixin.py:115} INFO - [2025-01-15 23:20:12,061] {dagbag.py:507} INFO - Filling up the DagBag from /mnt/c/Users/ander/Desktop/airflow-spark/airflow-spark/curso2/ambientepython/lib/python3.9/site-packages/airflow/example_dags/example_sla_dag.py
[2025-01-15 23:20:12,189] {processor.py:651} INFO - DAG(s) dict_keys(['example_sla_dag']) retrieved from /mnt/c/Users/ander/Desktop/airflow-spark/airflow-spark/curso2/ambientepython/lib/python3.9/site-packages/airflow/example_dags/example_sla_dag.py
[2025-01-15 23:20:12,230] {logging_mixin.py:115} INFO - [2025-01-15 23:20:12,230] {dag.py:2379} INFO - Sync 1 DAGs
[2025-01-15 23:20:12,269] {logging_mixin.py:115} INFO - [2025-01-15 23:20:12,269] {dag.py:2927} INFO - Setting next_dagrun for example_sla_dag to 2025-01-16T02:18:00+00:00, run_after=2025-01-16T02:20:00+00:00
[2025-01-15 23:20:12,323] {processor.py:161} INFO - Processing /mnt/c/Users/ander/Desktop/airflow-spark/airflow-spark/curso2/ambientepython/lib/python3.9/site-packages/airflow/example_dags/example_sla_dag.py took 0.268 seconds
[2025-01-15 23:21:01,537] {processor.py:153} INFO - Started process (PID=27659) to work on /mnt/c/Users/ander/Desktop/airflow-spark/airflow-spark/curso2/ambientepython/lib/python3.9/site-packages/airflow/example_dags/example_sla_dag.py
[2025-01-15 23:21:01,539] {processor.py:641} INFO - Processing file /mnt/c/Users/ander/Desktop/airflow-spark/airflow-spark/curso2/ambientepython/lib/python3.9/site-packages/airflow/example_dags/example_sla_dag.py for tasks to queue
[2025-01-15 23:21:01,540] {logging_mixin.py:115} INFO - [2025-01-15 23:21:01,540] {dagbag.py:507} INFO - Filling up the DagBag from /mnt/c/Users/ander/Desktop/airflow-spark/airflow-spark/curso2/ambientepython/lib/python3.9/site-packages/airflow/example_dags/example_sla_dag.py
[2025-01-15 23:21:01,675] {processor.py:651} INFO - DAG(s) dict_keys(['example_sla_dag']) retrieved from /mnt/c/Users/ander/Desktop/airflow-spark/airflow-spark/curso2/ambientepython/lib/python3.9/site-packages/airflow/example_dags/example_sla_dag.py
[2025-01-15 23:21:01,730] {logging_mixin.py:115} INFO - [2025-01-15 23:21:01,730] {dag.py:2379} INFO - Sync 1 DAGs
[2025-01-15 23:21:01,774] {logging_mixin.py:115} INFO - [2025-01-15 23:21:01,774] {dag.py:2927} INFO - Setting next_dagrun for example_sla_dag to 2025-01-16T02:18:00+00:00, run_after=2025-01-16T02:20:00+00:00
[2025-01-15 23:21:01,865] {processor.py:161} INFO - Processing /mnt/c/Users/ander/Desktop/airflow-spark/airflow-spark/curso2/ambientepython/lib/python3.9/site-packages/airflow/example_dags/example_sla_dag.py took 0.332 seconds
[2025-01-15 23:21:58,421] {processor.py:153} INFO - Started process (PID=28174) to work on /mnt/c/Users/ander/Desktop/airflow-spark/airflow-spark/curso2/ambientepython/lib/python3.9/site-packages/airflow/example_dags/example_sla_dag.py
[2025-01-15 23:21:58,423] {processor.py:641} INFO - Processing file /mnt/c/Users/ander/Desktop/airflow-spark/airflow-spark/curso2/ambientepython/lib/python3.9/site-packages/airflow/example_dags/example_sla_dag.py for tasks to queue
[2025-01-15 23:21:58,425] {logging_mixin.py:115} INFO - [2025-01-15 23:21:58,424] {dagbag.py:507} INFO - Filling up the DagBag from /mnt/c/Users/ander/Desktop/airflow-spark/airflow-spark/curso2/ambientepython/lib/python3.9/site-packages/airflow/example_dags/example_sla_dag.py
[2025-01-15 23:21:58,584] {processor.py:651} INFO - DAG(s) dict_keys(['example_sla_dag']) retrieved from /mnt/c/Users/ander/Desktop/airflow-spark/airflow-spark/curso2/ambientepython/lib/python3.9/site-packages/airflow/example_dags/example_sla_dag.py
[2025-01-15 23:21:58,633] {logging_mixin.py:115} INFO - [2025-01-15 23:21:58,633] {dag.py:2379} INFO - Sync 1 DAGs
[2025-01-15 23:21:58,674] {logging_mixin.py:115} INFO - [2025-01-15 23:21:58,674] {dag.py:2927} INFO - Setting next_dagrun for example_sla_dag to 2025-01-16T02:18:00+00:00, run_after=2025-01-16T02:20:00+00:00
[2025-01-15 23:21:58,737] {processor.py:161} INFO - Processing /mnt/c/Users/ander/Desktop/airflow-spark/airflow-spark/curso2/ambientepython/lib/python3.9/site-packages/airflow/example_dags/example_sla_dag.py took 0.319 seconds
[2025-01-15 23:22:56,146] {processor.py:153} INFO - Started process (PID=28535) to work on /mnt/c/Users/ander/Desktop/airflow-spark/airflow-spark/curso2/ambientepython/lib/python3.9/site-packages/airflow/example_dags/example_sla_dag.py
[2025-01-15 23:22:56,148] {processor.py:641} INFO - Processing file /mnt/c/Users/ander/Desktop/airflow-spark/airflow-spark/curso2/ambientepython/lib/python3.9/site-packages/airflow/example_dags/example_sla_dag.py for tasks to queue
[2025-01-15 23:22:56,149] {logging_mixin.py:115} INFO - [2025-01-15 23:22:56,149] {dagbag.py:507} INFO - Filling up the DagBag from /mnt/c/Users/ander/Desktop/airflow-spark/airflow-spark/curso2/ambientepython/lib/python3.9/site-packages/airflow/example_dags/example_sla_dag.py
[2025-01-15 23:22:56,296] {processor.py:651} INFO - DAG(s) dict_keys(['example_sla_dag']) retrieved from /mnt/c/Users/ander/Desktop/airflow-spark/airflow-spark/curso2/ambientepython/lib/python3.9/site-packages/airflow/example_dags/example_sla_dag.py
[2025-01-15 23:22:56,332] {logging_mixin.py:115} INFO - [2025-01-15 23:22:56,332] {dag.py:2379} INFO - Sync 1 DAGs
[2025-01-15 23:22:56,365] {logging_mixin.py:115} INFO - [2025-01-15 23:22:56,365] {dag.py:2927} INFO - Setting next_dagrun for example_sla_dag to 2025-01-16T02:20:00+00:00, run_after=2025-01-16T02:22:00+00:00
[2025-01-15 23:22:56,414] {processor.py:161} INFO - Processing /mnt/c/Users/ander/Desktop/airflow-spark/airflow-spark/curso2/ambientepython/lib/python3.9/site-packages/airflow/example_dags/example_sla_dag.py took 0.271 seconds
[2025-01-15 23:23:40,201] {processor.py:153} INFO - Started process (PID=28703) to work on /mnt/c/Users/ander/Desktop/airflow-spark/airflow-spark/curso2/ambientepython/lib/python3.9/site-packages/airflow/example_dags/example_sla_dag.py
[2025-01-15 23:23:40,202] {processor.py:641} INFO - Processing file /mnt/c/Users/ander/Desktop/airflow-spark/airflow-spark/curso2/ambientepython/lib/python3.9/site-packages/airflow/example_dags/example_sla_dag.py for tasks to queue
[2025-01-15 23:23:40,203] {logging_mixin.py:115} INFO - [2025-01-15 23:23:40,203] {dagbag.py:507} INFO - Filling up the DagBag from /mnt/c/Users/ander/Desktop/airflow-spark/airflow-spark/curso2/ambientepython/lib/python3.9/site-packages/airflow/example_dags/example_sla_dag.py
[2025-01-15 23:23:40,330] {processor.py:651} INFO - DAG(s) dict_keys(['example_sla_dag']) retrieved from /mnt/c/Users/ander/Desktop/airflow-spark/airflow-spark/curso2/ambientepython/lib/python3.9/site-packages/airflow/example_dags/example_sla_dag.py
[2025-01-15 23:23:40,371] {logging_mixin.py:115} INFO - [2025-01-15 23:23:40,371] {dag.py:2379} INFO - Sync 1 DAGs
[2025-01-15 23:23:40,407] {logging_mixin.py:115} INFO - [2025-01-15 23:23:40,407] {dag.py:2927} INFO - Setting next_dagrun for example_sla_dag to 2025-01-16T02:20:00+00:00, run_after=2025-01-16T02:22:00+00:00
[2025-01-15 23:23:40,458] {processor.py:161} INFO - Processing /mnt/c/Users/ander/Desktop/airflow-spark/airflow-spark/curso2/ambientepython/lib/python3.9/site-packages/airflow/example_dags/example_sla_dag.py took 0.261 seconds
[2025-01-15 23:24:29,889] {processor.py:153} INFO - Started process (PID=28884) to work on /mnt/c/Users/ander/Desktop/airflow-spark/airflow-spark/curso2/ambientepython/lib/python3.9/site-packages/airflow/example_dags/example_sla_dag.py
[2025-01-15 23:24:29,890] {processor.py:641} INFO - Processing file /mnt/c/Users/ander/Desktop/airflow-spark/airflow-spark/curso2/ambientepython/lib/python3.9/site-packages/airflow/example_dags/example_sla_dag.py for tasks to queue
[2025-01-15 23:24:29,891] {logging_mixin.py:115} INFO - [2025-01-15 23:24:29,891] {dagbag.py:507} INFO - Filling up the DagBag from /mnt/c/Users/ander/Desktop/airflow-spark/airflow-spark/curso2/ambientepython/lib/python3.9/site-packages/airflow/example_dags/example_sla_dag.py
[2025-01-15 23:24:30,011] {processor.py:651} INFO - DAG(s) dict_keys(['example_sla_dag']) retrieved from /mnt/c/Users/ander/Desktop/airflow-spark/airflow-spark/curso2/ambientepython/lib/python3.9/site-packages/airflow/example_dags/example_sla_dag.py
[2025-01-15 23:24:30,046] {logging_mixin.py:115} INFO - [2025-01-15 23:24:30,046] {dag.py:2379} INFO - Sync 1 DAGs
[2025-01-15 23:24:30,078] {logging_mixin.py:115} INFO - [2025-01-15 23:24:30,077] {dag.py:2927} INFO - Setting next_dagrun for example_sla_dag to 2025-01-16T02:22:00+00:00, run_after=2025-01-16T02:24:00+00:00
[2025-01-15 23:24:30,124] {processor.py:161} INFO - Processing /mnt/c/Users/ander/Desktop/airflow-spark/airflow-spark/curso2/ambientepython/lib/python3.9/site-packages/airflow/example_dags/example_sla_dag.py took 0.239 seconds
[2025-01-15 23:25:13,273] {processor.py:153} INFO - Started process (PID=29039) to work on /mnt/c/Users/ander/Desktop/airflow-spark/airflow-spark/curso2/ambientepython/lib/python3.9/site-packages/airflow/example_dags/example_sla_dag.py
[2025-01-15 23:25:13,274] {processor.py:641} INFO - Processing file /mnt/c/Users/ander/Desktop/airflow-spark/airflow-spark/curso2/ambientepython/lib/python3.9/site-packages/airflow/example_dags/example_sla_dag.py for tasks to queue
[2025-01-15 23:25:13,275] {logging_mixin.py:115} INFO - [2025-01-15 23:25:13,275] {dagbag.py:507} INFO - Filling up the DagBag from /mnt/c/Users/ander/Desktop/airflow-spark/airflow-spark/curso2/ambientepython/lib/python3.9/site-packages/airflow/example_dags/example_sla_dag.py
[2025-01-15 23:25:13,409] {processor.py:651} INFO - DAG(s) dict_keys(['example_sla_dag']) retrieved from /mnt/c/Users/ander/Desktop/airflow-spark/airflow-spark/curso2/ambientepython/lib/python3.9/site-packages/airflow/example_dags/example_sla_dag.py
[2025-01-15 23:25:13,448] {logging_mixin.py:115} INFO - [2025-01-15 23:25:13,448] {dag.py:2379} INFO - Sync 1 DAGs
[2025-01-15 23:25:13,483] {logging_mixin.py:115} INFO - [2025-01-15 23:25:13,483] {dag.py:2927} INFO - Setting next_dagrun for example_sla_dag to 2025-01-16T02:22:00+00:00, run_after=2025-01-16T02:24:00+00:00
[2025-01-15 23:25:13,539] {processor.py:161} INFO - Processing /mnt/c/Users/ander/Desktop/airflow-spark/airflow-spark/curso2/ambientepython/lib/python3.9/site-packages/airflow/example_dags/example_sla_dag.py took 0.270 seconds
[2025-01-15 23:25:55,437] {processor.py:153} INFO - Started process (PID=29193) to work on /mnt/c/Users/ander/Desktop/airflow-spark/airflow-spark/curso2/ambientepython/lib/python3.9/site-packages/airflow/example_dags/example_sla_dag.py
[2025-01-15 23:25:55,439] {processor.py:641} INFO - Processing file /mnt/c/Users/ander/Desktop/airflow-spark/airflow-spark/curso2/ambientepython/lib/python3.9/site-packages/airflow/example_dags/example_sla_dag.py for tasks to queue
[2025-01-15 23:25:55,440] {logging_mixin.py:115} INFO - [2025-01-15 23:25:55,439] {dagbag.py:507} INFO - Filling up the DagBag from /mnt/c/Users/ander/Desktop/airflow-spark/airflow-spark/curso2/ambientepython/lib/python3.9/site-packages/airflow/example_dags/example_sla_dag.py
[2025-01-15 23:25:55,547] {processor.py:651} INFO - DAG(s) dict_keys(['example_sla_dag']) retrieved from /mnt/c/Users/ander/Desktop/airflow-spark/airflow-spark/curso2/ambientepython/lib/python3.9/site-packages/airflow/example_dags/example_sla_dag.py
[2025-01-15 23:25:55,586] {logging_mixin.py:115} INFO - [2025-01-15 23:25:55,586] {dag.py:2379} INFO - Sync 1 DAGs
[2025-01-15 23:25:55,620] {logging_mixin.py:115} INFO - [2025-01-15 23:25:55,620] {dag.py:2927} INFO - Setting next_dagrun for example_sla_dag to 2025-01-16T02:22:00+00:00, run_after=2025-01-16T02:24:00+00:00
[2025-01-15 23:25:55,672] {processor.py:161} INFO - Processing /mnt/c/Users/ander/Desktop/airflow-spark/airflow-spark/curso2/ambientepython/lib/python3.9/site-packages/airflow/example_dags/example_sla_dag.py took 0.238 seconds
[2025-01-15 23:26:39,740] {processor.py:153} INFO - Started process (PID=29354) to work on /mnt/c/Users/ander/Desktop/airflow-spark/airflow-spark/curso2/ambientepython/lib/python3.9/site-packages/airflow/example_dags/example_sla_dag.py
[2025-01-15 23:26:39,741] {processor.py:641} INFO - Processing file /mnt/c/Users/ander/Desktop/airflow-spark/airflow-spark/curso2/ambientepython/lib/python3.9/site-packages/airflow/example_dags/example_sla_dag.py for tasks to queue
[2025-01-15 23:26:39,743] {logging_mixin.py:115} INFO - [2025-01-15 23:26:39,742] {dagbag.py:507} INFO - Filling up the DagBag from /mnt/c/Users/ander/Desktop/airflow-spark/airflow-spark/curso2/ambientepython/lib/python3.9/site-packages/airflow/example_dags/example_sla_dag.py
[2025-01-15 23:26:39,854] {processor.py:651} INFO - DAG(s) dict_keys(['example_sla_dag']) retrieved from /mnt/c/Users/ander/Desktop/airflow-spark/airflow-spark/curso2/ambientepython/lib/python3.9/site-packages/airflow/example_dags/example_sla_dag.py
[2025-01-15 23:26:39,896] {logging_mixin.py:115} INFO - [2025-01-15 23:26:39,896] {dag.py:2379} INFO - Sync 1 DAGs
[2025-01-15 23:26:39,932] {logging_mixin.py:115} INFO - [2025-01-15 23:26:39,932] {dag.py:2927} INFO - Setting next_dagrun for example_sla_dag to 2025-01-16T02:24:00+00:00, run_after=2025-01-16T02:26:00+00:00
[2025-01-15 23:26:39,980] {processor.py:161} INFO - Processing /mnt/c/Users/ander/Desktop/airflow-spark/airflow-spark/curso2/ambientepython/lib/python3.9/site-packages/airflow/example_dags/example_sla_dag.py took 0.244 seconds
[2025-01-15 23:27:23,563] {processor.py:153} INFO - Started process (PID=29515) to work on /mnt/c/Users/ander/Desktop/airflow-spark/airflow-spark/curso2/ambientepython/lib/python3.9/site-packages/airflow/example_dags/example_sla_dag.py
[2025-01-15 23:27:23,565] {processor.py:641} INFO - Processing file /mnt/c/Users/ander/Desktop/airflow-spark/airflow-spark/curso2/ambientepython/lib/python3.9/site-packages/airflow/example_dags/example_sla_dag.py for tasks to queue
[2025-01-15 23:27:23,566] {logging_mixin.py:115} INFO - [2025-01-15 23:27:23,566] {dagbag.py:507} INFO - Filling up the DagBag from /mnt/c/Users/ander/Desktop/airflow-spark/airflow-spark/curso2/ambientepython/lib/python3.9/site-packages/airflow/example_dags/example_sla_dag.py
[2025-01-15 23:27:23,705] {processor.py:651} INFO - DAG(s) dict_keys(['example_sla_dag']) retrieved from /mnt/c/Users/ander/Desktop/airflow-spark/airflow-spark/curso2/ambientepython/lib/python3.9/site-packages/airflow/example_dags/example_sla_dag.py
[2025-01-15 23:27:23,745] {logging_mixin.py:115} INFO - [2025-01-15 23:27:23,745] {dag.py:2379} INFO - Sync 1 DAGs
[2025-01-15 23:27:23,779] {logging_mixin.py:115} INFO - [2025-01-15 23:27:23,778] {dag.py:2927} INFO - Setting next_dagrun for example_sla_dag to 2025-01-16T02:24:00+00:00, run_after=2025-01-16T02:26:00+00:00
[2025-01-15 23:27:23,831] {processor.py:161} INFO - Processing /mnt/c/Users/ander/Desktop/airflow-spark/airflow-spark/curso2/ambientepython/lib/python3.9/site-packages/airflow/example_dags/example_sla_dag.py took 0.273 seconds
[2025-01-15 23:28:19,464] {processor.py:153} INFO - Started process (PID=29762) to work on /mnt/c/Users/ander/Desktop/airflow-spark/airflow-spark/curso2/ambientepython/lib/python3.9/site-packages/airflow/example_dags/example_sla_dag.py
[2025-01-15 23:28:19,466] {processor.py:641} INFO - Processing file /mnt/c/Users/ander/Desktop/airflow-spark/airflow-spark/curso2/ambientepython/lib/python3.9/site-packages/airflow/example_dags/example_sla_dag.py for tasks to queue
[2025-01-15 23:28:19,467] {logging_mixin.py:115} INFO - [2025-01-15 23:28:19,466] {dagbag.py:507} INFO - Filling up the DagBag from /mnt/c/Users/ander/Desktop/airflow-spark/airflow-spark/curso2/ambientepython/lib/python3.9/site-packages/airflow/example_dags/example_sla_dag.py
[2025-01-15 23:28:19,649] {processor.py:651} INFO - DAG(s) dict_keys(['example_sla_dag']) retrieved from /mnt/c/Users/ander/Desktop/airflow-spark/airflow-spark/curso2/ambientepython/lib/python3.9/site-packages/airflow/example_dags/example_sla_dag.py
[2025-01-15 23:28:19,693] {logging_mixin.py:115} INFO - [2025-01-15 23:28:19,692] {dag.py:2379} INFO - Sync 1 DAGs
[2025-01-15 23:28:19,732] {logging_mixin.py:115} INFO - [2025-01-15 23:28:19,732] {dag.py:2927} INFO - Setting next_dagrun for example_sla_dag to 2025-01-16T02:26:00+00:00, run_after=2025-01-16T02:28:00+00:00
[2025-01-15 23:28:19,790] {processor.py:161} INFO - Processing /mnt/c/Users/ander/Desktop/airflow-spark/airflow-spark/curso2/ambientepython/lib/python3.9/site-packages/airflow/example_dags/example_sla_dag.py took 0.331 seconds
[2025-01-15 23:29:09,174] {processor.py:153} INFO - Started process (PID=29939) to work on /mnt/c/Users/ander/Desktop/airflow-spark/airflow-spark/curso2/ambientepython/lib/python3.9/site-packages/airflow/example_dags/example_sla_dag.py
[2025-01-15 23:29:09,175] {processor.py:641} INFO - Processing file /mnt/c/Users/ander/Desktop/airflow-spark/airflow-spark/curso2/ambientepython/lib/python3.9/site-packages/airflow/example_dags/example_sla_dag.py for tasks to queue
[2025-01-15 23:29:09,177] {logging_mixin.py:115} INFO - [2025-01-15 23:29:09,177] {dagbag.py:507} INFO - Filling up the DagBag from /mnt/c/Users/ander/Desktop/airflow-spark/airflow-spark/curso2/ambientepython/lib/python3.9/site-packages/airflow/example_dags/example_sla_dag.py
[2025-01-15 23:29:09,313] {processor.py:651} INFO - DAG(s) dict_keys(['example_sla_dag']) retrieved from /mnt/c/Users/ander/Desktop/airflow-spark/airflow-spark/curso2/ambientepython/lib/python3.9/site-packages/airflow/example_dags/example_sla_dag.py
[2025-01-15 23:29:09,358] {logging_mixin.py:115} INFO - [2025-01-15 23:29:09,358] {dag.py:2379} INFO - Sync 1 DAGs
[2025-01-15 23:29:09,399] {logging_mixin.py:115} INFO - [2025-01-15 23:29:09,399] {dag.py:2927} INFO - Setting next_dagrun for example_sla_dag to 2025-01-16T02:26:00+00:00, run_after=2025-01-16T02:28:00+00:00
[2025-01-15 23:29:09,457] {processor.py:161} INFO - Processing /mnt/c/Users/ander/Desktop/airflow-spark/airflow-spark/curso2/ambientepython/lib/python3.9/site-packages/airflow/example_dags/example_sla_dag.py took 0.288 seconds
[2025-01-15 23:29:56,315] {processor.py:153} INFO - Started process (PID=30107) to work on /mnt/c/Users/ander/Desktop/airflow-spark/airflow-spark/curso2/ambientepython/lib/python3.9/site-packages/airflow/example_dags/example_sla_dag.py
[2025-01-15 23:29:56,316] {processor.py:641} INFO - Processing file /mnt/c/Users/ander/Desktop/airflow-spark/airflow-spark/curso2/ambientepython/lib/python3.9/site-packages/airflow/example_dags/example_sla_dag.py for tasks to queue
[2025-01-15 23:29:56,318] {logging_mixin.py:115} INFO - [2025-01-15 23:29:56,317] {dagbag.py:507} INFO - Filling up the DagBag from /mnt/c/Users/ander/Desktop/airflow-spark/airflow-spark/curso2/ambientepython/lib/python3.9/site-packages/airflow/example_dags/example_sla_dag.py
[2025-01-15 23:29:56,477] {processor.py:651} INFO - DAG(s) dict_keys(['example_sla_dag']) retrieved from /mnt/c/Users/ander/Desktop/airflow-spark/airflow-spark/curso2/ambientepython/lib/python3.9/site-packages/airflow/example_dags/example_sla_dag.py
[2025-01-15 23:29:56,521] {logging_mixin.py:115} INFO - [2025-01-15 23:29:56,520] {dag.py:2379} INFO - Sync 1 DAGs
[2025-01-15 23:29:56,565] {logging_mixin.py:115} INFO - [2025-01-15 23:29:56,565] {dag.py:2927} INFO - Setting next_dagrun for example_sla_dag to 2025-01-16T02:26:00+00:00, run_after=2025-01-16T02:28:00+00:00
[2025-01-15 23:29:56,629] {processor.py:161} INFO - Processing /mnt/c/Users/ander/Desktop/airflow-spark/airflow-spark/curso2/ambientepython/lib/python3.9/site-packages/airflow/example_dags/example_sla_dag.py took 0.319 seconds
[2025-01-15 23:31:16,416] {processor.py:153} INFO - Started process (PID=30882) to work on /mnt/c/Users/ander/Desktop/airflow-spark/airflow-spark/curso2/ambientepython/lib/python3.9/site-packages/airflow/example_dags/example_sla_dag.py
[2025-01-15 23:31:16,417] {processor.py:641} INFO - Processing file /mnt/c/Users/ander/Desktop/airflow-spark/airflow-spark/curso2/ambientepython/lib/python3.9/site-packages/airflow/example_dags/example_sla_dag.py for tasks to queue
[2025-01-15 23:31:16,418] {logging_mixin.py:115} INFO - [2025-01-15 23:31:16,418] {dagbag.py:507} INFO - Filling up the DagBag from /mnt/c/Users/ander/Desktop/airflow-spark/airflow-spark/curso2/ambientepython/lib/python3.9/site-packages/airflow/example_dags/example_sla_dag.py
[2025-01-15 23:31:16,527] {processor.py:651} INFO - DAG(s) dict_keys(['example_sla_dag']) retrieved from /mnt/c/Users/ander/Desktop/airflow-spark/airflow-spark/curso2/ambientepython/lib/python3.9/site-packages/airflow/example_dags/example_sla_dag.py
[2025-01-15 23:31:16,558] {logging_mixin.py:115} INFO - [2025-01-15 23:31:16,558] {dag.py:2379} INFO - Sync 1 DAGs
[2025-01-15 23:31:16,589] {logging_mixin.py:115} INFO - [2025-01-15 23:31:16,589] {dag.py:2927} INFO - Setting next_dagrun for example_sla_dag to 2025-01-16T02:28:00+00:00, run_after=2025-01-16T02:30:00+00:00
[2025-01-15 23:31:16,641] {processor.py:161} INFO - Processing /mnt/c/Users/ander/Desktop/airflow-spark/airflow-spark/curso2/ambientepython/lib/python3.9/site-packages/airflow/example_dags/example_sla_dag.py took 0.229 seconds
[2025-01-15 23:32:43,609] {processor.py:153} INFO - Started process (PID=31941) to work on /mnt/c/Users/ander/Desktop/airflow-spark/airflow-spark/curso2/ambientepython/lib/python3.9/site-packages/airflow/example_dags/example_sla_dag.py
[2025-01-15 23:32:43,610] {processor.py:641} INFO - Processing file /mnt/c/Users/ander/Desktop/airflow-spark/airflow-spark/curso2/ambientepython/lib/python3.9/site-packages/airflow/example_dags/example_sla_dag.py for tasks to queue
[2025-01-15 23:32:43,611] {logging_mixin.py:115} INFO - [2025-01-15 23:32:43,611] {dagbag.py:507} INFO - Filling up the DagBag from /mnt/c/Users/ander/Desktop/airflow-spark/airflow-spark/curso2/ambientepython/lib/python3.9/site-packages/airflow/example_dags/example_sla_dag.py
[2025-01-15 23:32:43,752] {processor.py:651} INFO - DAG(s) dict_keys(['example_sla_dag']) retrieved from /mnt/c/Users/ander/Desktop/airflow-spark/airflow-spark/curso2/ambientepython/lib/python3.9/site-packages/airflow/example_dags/example_sla_dag.py
[2025-01-15 23:32:43,793] {logging_mixin.py:115} INFO - [2025-01-15 23:32:43,793] {dag.py:2379} INFO - Sync 1 DAGs
[2025-01-15 23:32:43,836] {logging_mixin.py:115} INFO - [2025-01-15 23:32:43,836] {dag.py:2927} INFO - Setting next_dagrun for example_sla_dag to 2025-01-16T02:30:00+00:00, run_after=2025-01-16T02:32:00+00:00
[2025-01-15 23:32:43,895] {processor.py:161} INFO - Processing /mnt/c/Users/ander/Desktop/airflow-spark/airflow-spark/curso2/ambientepython/lib/python3.9/site-packages/airflow/example_dags/example_sla_dag.py took 0.290 seconds
[2025-01-15 23:33:27,748] {processor.py:153} INFO - Started process (PID=32102) to work on /mnt/c/Users/ander/Desktop/airflow-spark/airflow-spark/curso2/ambientepython/lib/python3.9/site-packages/airflow/example_dags/example_sla_dag.py
[2025-01-15 23:33:27,750] {processor.py:641} INFO - Processing file /mnt/c/Users/ander/Desktop/airflow-spark/airflow-spark/curso2/ambientepython/lib/python3.9/site-packages/airflow/example_dags/example_sla_dag.py for tasks to queue
[2025-01-15 23:33:27,751] {logging_mixin.py:115} INFO - [2025-01-15 23:33:27,750] {dagbag.py:507} INFO - Filling up the DagBag from /mnt/c/Users/ander/Desktop/airflow-spark/airflow-spark/curso2/ambientepython/lib/python3.9/site-packages/airflow/example_dags/example_sla_dag.py
[2025-01-15 23:33:27,878] {processor.py:651} INFO - DAG(s) dict_keys(['example_sla_dag']) retrieved from /mnt/c/Users/ander/Desktop/airflow-spark/airflow-spark/curso2/ambientepython/lib/python3.9/site-packages/airflow/example_dags/example_sla_dag.py
[2025-01-15 23:33:27,918] {logging_mixin.py:115} INFO - [2025-01-15 23:33:27,918] {dag.py:2379} INFO - Sync 1 DAGs
[2025-01-15 23:33:27,957] {logging_mixin.py:115} INFO - [2025-01-15 23:33:27,957] {dag.py:2927} INFO - Setting next_dagrun for example_sla_dag to 2025-01-16T02:30:00+00:00, run_after=2025-01-16T02:32:00+00:00
[2025-01-15 23:33:28,005] {processor.py:161} INFO - Processing /mnt/c/Users/ander/Desktop/airflow-spark/airflow-spark/curso2/ambientepython/lib/python3.9/site-packages/airflow/example_dags/example_sla_dag.py took 0.261 seconds
[2025-01-15 23:34:13,523] {processor.py:153} INFO - Started process (PID=32270) to work on /mnt/c/Users/ander/Desktop/airflow-spark/airflow-spark/curso2/ambientepython/lib/python3.9/site-packages/airflow/example_dags/example_sla_dag.py
[2025-01-15 23:34:13,525] {processor.py:641} INFO - Processing file /mnt/c/Users/ander/Desktop/airflow-spark/airflow-spark/curso2/ambientepython/lib/python3.9/site-packages/airflow/example_dags/example_sla_dag.py for tasks to queue
[2025-01-15 23:34:13,526] {logging_mixin.py:115} INFO - [2025-01-15 23:34:13,526] {dagbag.py:507} INFO - Filling up the DagBag from /mnt/c/Users/ander/Desktop/airflow-spark/airflow-spark/curso2/ambientepython/lib/python3.9/site-packages/airflow/example_dags/example_sla_dag.py
[2025-01-15 23:34:13,655] {processor.py:651} INFO - DAG(s) dict_keys(['example_sla_dag']) retrieved from /mnt/c/Users/ander/Desktop/airflow-spark/airflow-spark/curso2/ambientepython/lib/python3.9/site-packages/airflow/example_dags/example_sla_dag.py
[2025-01-15 23:34:13,696] {logging_mixin.py:115} INFO - [2025-01-15 23:34:13,696] {dag.py:2379} INFO - Sync 1 DAGs
[2025-01-15 23:34:13,733] {logging_mixin.py:115} INFO - [2025-01-15 23:34:13,733] {dag.py:2927} INFO - Setting next_dagrun for example_sla_dag to 2025-01-16T02:32:00+00:00, run_after=2025-01-16T02:34:00+00:00
[2025-01-15 23:34:13,785] {processor.py:161} INFO - Processing /mnt/c/Users/ander/Desktop/airflow-spark/airflow-spark/curso2/ambientepython/lib/python3.9/site-packages/airflow/example_dags/example_sla_dag.py took 0.266 seconds
[2025-01-15 23:34:58,472] {processor.py:153} INFO - Started process (PID=32431) to work on /mnt/c/Users/ander/Desktop/airflow-spark/airflow-spark/curso2/ambientepython/lib/python3.9/site-packages/airflow/example_dags/example_sla_dag.py
[2025-01-15 23:34:58,474] {processor.py:641} INFO - Processing file /mnt/c/Users/ander/Desktop/airflow-spark/airflow-spark/curso2/ambientepython/lib/python3.9/site-packages/airflow/example_dags/example_sla_dag.py for tasks to queue
[2025-01-15 23:34:58,475] {logging_mixin.py:115} INFO - [2025-01-15 23:34:58,474] {dagbag.py:507} INFO - Filling up the DagBag from /mnt/c/Users/ander/Desktop/airflow-spark/airflow-spark/curso2/ambientepython/lib/python3.9/site-packages/airflow/example_dags/example_sla_dag.py
[2025-01-15 23:34:58,631] {processor.py:651} INFO - DAG(s) dict_keys(['example_sla_dag']) retrieved from /mnt/c/Users/ander/Desktop/airflow-spark/airflow-spark/curso2/ambientepython/lib/python3.9/site-packages/airflow/example_dags/example_sla_dag.py
[2025-01-15 23:34:58,706] {logging_mixin.py:115} INFO - [2025-01-15 23:34:58,706] {dag.py:2379} INFO - Sync 1 DAGs
[2025-01-15 23:34:58,740] {logging_mixin.py:115} INFO - [2025-01-15 23:34:58,740] {dag.py:2927} INFO - Setting next_dagrun for example_sla_dag to 2025-01-16T02:32:00+00:00, run_after=2025-01-16T02:34:00+00:00
[2025-01-15 23:34:58,776] {processor.py:161} INFO - Processing /mnt/c/Users/ander/Desktop/airflow-spark/airflow-spark/curso2/ambientepython/lib/python3.9/site-packages/airflow/example_dags/example_sla_dag.py took 0.308 seconds
[2025-01-15 23:35:45,717] {processor.py:153} INFO - Started process (PID=32599) to work on /mnt/c/Users/ander/Desktop/airflow-spark/airflow-spark/curso2/ambientepython/lib/python3.9/site-packages/airflow/example_dags/example_sla_dag.py
[2025-01-15 23:35:45,720] {processor.py:641} INFO - Processing file /mnt/c/Users/ander/Desktop/airflow-spark/airflow-spark/curso2/ambientepython/lib/python3.9/site-packages/airflow/example_dags/example_sla_dag.py for tasks to queue
[2025-01-15 23:35:45,722] {logging_mixin.py:115} INFO - [2025-01-15 23:35:45,722] {dagbag.py:507} INFO - Filling up the DagBag from /mnt/c/Users/ander/Desktop/airflow-spark/airflow-spark/curso2/ambientepython/lib/python3.9/site-packages/airflow/example_dags/example_sla_dag.py
[2025-01-15 23:35:45,864] {processor.py:651} INFO - DAG(s) dict_keys(['example_sla_dag']) retrieved from /mnt/c/Users/ander/Desktop/airflow-spark/airflow-spark/curso2/ambientepython/lib/python3.9/site-packages/airflow/example_dags/example_sla_dag.py
[2025-01-15 23:35:45,914] {logging_mixin.py:115} INFO - [2025-01-15 23:35:45,913] {dag.py:2379} INFO - Sync 1 DAGs
[2025-01-15 23:35:45,965] {logging_mixin.py:115} INFO - [2025-01-15 23:35:45,965] {dag.py:2927} INFO - Setting next_dagrun for example_sla_dag to 2025-01-16T02:32:00+00:00, run_after=2025-01-16T02:34:00+00:00
[2025-01-15 23:35:46,030] {processor.py:161} INFO - Processing /mnt/c/Users/ander/Desktop/airflow-spark/airflow-spark/curso2/ambientepython/lib/python3.9/site-packages/airflow/example_dags/example_sla_dag.py took 0.320 seconds
[2025-01-15 23:36:40,266] {processor.py:153} INFO - Started process (PID=32794) to work on /mnt/c/Users/ander/Desktop/airflow-spark/airflow-spark/curso2/ambientepython/lib/python3.9/site-packages/airflow/example_dags/example_sla_dag.py
[2025-01-15 23:36:40,268] {processor.py:641} INFO - Processing file /mnt/c/Users/ander/Desktop/airflow-spark/airflow-spark/curso2/ambientepython/lib/python3.9/site-packages/airflow/example_dags/example_sla_dag.py for tasks to queue
[2025-01-15 23:36:40,269] {logging_mixin.py:115} INFO - [2025-01-15 23:36:40,269] {dagbag.py:507} INFO - Filling up the DagBag from /mnt/c/Users/ander/Desktop/airflow-spark/airflow-spark/curso2/ambientepython/lib/python3.9/site-packages/airflow/example_dags/example_sla_dag.py
[2025-01-15 23:36:40,418] {processor.py:651} INFO - DAG(s) dict_keys(['example_sla_dag']) retrieved from /mnt/c/Users/ander/Desktop/airflow-spark/airflow-spark/curso2/ambientepython/lib/python3.9/site-packages/airflow/example_dags/example_sla_dag.py
[2025-01-15 23:36:40,468] {logging_mixin.py:115} INFO - [2025-01-15 23:36:40,467] {dag.py:2379} INFO - Sync 1 DAGs
[2025-01-15 23:36:40,520] {logging_mixin.py:115} INFO - [2025-01-15 23:36:40,520] {dag.py:2927} INFO - Setting next_dagrun for example_sla_dag to 2025-01-16T02:34:00+00:00, run_after=2025-01-16T02:36:00+00:00
[2025-01-15 23:36:40,569] {processor.py:161} INFO - Processing /mnt/c/Users/ander/Desktop/airflow-spark/airflow-spark/curso2/ambientepython/lib/python3.9/site-packages/airflow/example_dags/example_sla_dag.py took 0.307 seconds
[2025-01-15 23:37:21,987] {processor.py:153} INFO - Started process (PID=32937) to work on /mnt/c/Users/ander/Desktop/airflow-spark/airflow-spark/curso2/ambientepython/lib/python3.9/site-packages/airflow/example_dags/example_sla_dag.py
[2025-01-15 23:37:21,988] {processor.py:641} INFO - Processing file /mnt/c/Users/ander/Desktop/airflow-spark/airflow-spark/curso2/ambientepython/lib/python3.9/site-packages/airflow/example_dags/example_sla_dag.py for tasks to queue
[2025-01-15 23:37:21,989] {logging_mixin.py:115} INFO - [2025-01-15 23:37:21,989] {dagbag.py:507} INFO - Filling up the DagBag from /mnt/c/Users/ander/Desktop/airflow-spark/airflow-spark/curso2/ambientepython/lib/python3.9/site-packages/airflow/example_dags/example_sla_dag.py
[2025-01-15 23:37:22,157] {processor.py:651} INFO - DAG(s) dict_keys(['example_sla_dag']) retrieved from /mnt/c/Users/ander/Desktop/airflow-spark/airflow-spark/curso2/ambientepython/lib/python3.9/site-packages/airflow/example_dags/example_sla_dag.py
[2025-01-15 23:37:22,202] {logging_mixin.py:115} INFO - [2025-01-15 23:37:22,202] {dag.py:2379} INFO - Sync 1 DAGs
[2025-01-15 23:37:22,242] {logging_mixin.py:115} INFO - [2025-01-15 23:37:22,241] {dag.py:2927} INFO - Setting next_dagrun for example_sla_dag to 2025-01-16T02:34:00+00:00, run_after=2025-01-16T02:36:00+00:00
[2025-01-15 23:37:22,298] {processor.py:161} INFO - Processing /mnt/c/Users/ander/Desktop/airflow-spark/airflow-spark/curso2/ambientepython/lib/python3.9/site-packages/airflow/example_dags/example_sla_dag.py took 0.317 seconds
[2025-01-15 23:38:12,763] {processor.py:153} INFO - Started process (PID=33172) to work on /mnt/c/Users/ander/Desktop/airflow-spark/airflow-spark/curso2/ambientepython/lib/python3.9/site-packages/airflow/example_dags/example_sla_dag.py
[2025-01-15 23:38:12,764] {processor.py:641} INFO - Processing file /mnt/c/Users/ander/Desktop/airflow-spark/airflow-spark/curso2/ambientepython/lib/python3.9/site-packages/airflow/example_dags/example_sla_dag.py for tasks to queue
[2025-01-15 23:38:12,766] {logging_mixin.py:115} INFO - [2025-01-15 23:38:12,766] {dagbag.py:507} INFO - Filling up the DagBag from /mnt/c/Users/ander/Desktop/airflow-spark/airflow-spark/curso2/ambientepython/lib/python3.9/site-packages/airflow/example_dags/example_sla_dag.py
[2025-01-15 23:38:12,949] {processor.py:651} INFO - DAG(s) dict_keys(['example_sla_dag']) retrieved from /mnt/c/Users/ander/Desktop/airflow-spark/airflow-spark/curso2/ambientepython/lib/python3.9/site-packages/airflow/example_dags/example_sla_dag.py
[2025-01-15 23:38:12,989] {logging_mixin.py:115} INFO - [2025-01-15 23:38:12,989] {dag.py:2379} INFO - Sync 1 DAGs
[2025-01-15 23:38:13,033] {logging_mixin.py:115} INFO - [2025-01-15 23:38:13,033] {dag.py:2927} INFO - Setting next_dagrun for example_sla_dag to 2025-01-16T02:36:00+00:00, run_after=2025-01-16T02:38:00+00:00
[2025-01-15 23:38:13,092] {processor.py:161} INFO - Processing /mnt/c/Users/ander/Desktop/airflow-spark/airflow-spark/curso2/ambientepython/lib/python3.9/site-packages/airflow/example_dags/example_sla_dag.py took 0.333 seconds
[2025-01-15 23:39:01,298] {processor.py:153} INFO - Started process (PID=33348) to work on /mnt/c/Users/ander/Desktop/airflow-spark/airflow-spark/curso2/ambientepython/lib/python3.9/site-packages/airflow/example_dags/example_sla_dag.py
[2025-01-15 23:39:01,300] {processor.py:641} INFO - Processing file /mnt/c/Users/ander/Desktop/airflow-spark/airflow-spark/curso2/ambientepython/lib/python3.9/site-packages/airflow/example_dags/example_sla_dag.py for tasks to queue
[2025-01-15 23:39:01,301] {logging_mixin.py:115} INFO - [2025-01-15 23:39:01,300] {dagbag.py:507} INFO - Filling up the DagBag from /mnt/c/Users/ander/Desktop/airflow-spark/airflow-spark/curso2/ambientepython/lib/python3.9/site-packages/airflow/example_dags/example_sla_dag.py
[2025-01-15 23:39:01,442] {processor.py:651} INFO - DAG(s) dict_keys(['example_sla_dag']) retrieved from /mnt/c/Users/ander/Desktop/airflow-spark/airflow-spark/curso2/ambientepython/lib/python3.9/site-packages/airflow/example_dags/example_sla_dag.py
[2025-01-15 23:39:01,485] {logging_mixin.py:115} INFO - [2025-01-15 23:39:01,485] {dag.py:2379} INFO - Sync 1 DAGs
[2025-01-15 23:39:01,528] {logging_mixin.py:115} INFO - [2025-01-15 23:39:01,528] {dag.py:2927} INFO - Setting next_dagrun for example_sla_dag to 2025-01-16T02:36:00+00:00, run_after=2025-01-16T02:38:00+00:00
[2025-01-15 23:39:01,581] {processor.py:161} INFO - Processing /mnt/c/Users/ander/Desktop/airflow-spark/airflow-spark/curso2/ambientepython/lib/python3.9/site-packages/airflow/example_dags/example_sla_dag.py took 0.286 seconds
[2025-01-15 23:39:51,169] {processor.py:153} INFO - Started process (PID=33523) to work on /mnt/c/Users/ander/Desktop/airflow-spark/airflow-spark/curso2/ambientepython/lib/python3.9/site-packages/airflow/example_dags/example_sla_dag.py
[2025-01-15 23:39:51,171] {processor.py:641} INFO - Processing file /mnt/c/Users/ander/Desktop/airflow-spark/airflow-spark/curso2/ambientepython/lib/python3.9/site-packages/airflow/example_dags/example_sla_dag.py for tasks to queue
[2025-01-15 23:39:51,173] {logging_mixin.py:115} INFO - [2025-01-15 23:39:51,173] {dagbag.py:507} INFO - Filling up the DagBag from /mnt/c/Users/ander/Desktop/airflow-spark/airflow-spark/curso2/ambientepython/lib/python3.9/site-packages/airflow/example_dags/example_sla_dag.py
[2025-01-15 23:39:51,340] {processor.py:651} INFO - DAG(s) dict_keys(['example_sla_dag']) retrieved from /mnt/c/Users/ander/Desktop/airflow-spark/airflow-spark/curso2/ambientepython/lib/python3.9/site-packages/airflow/example_dags/example_sla_dag.py
[2025-01-15 23:39:51,385] {logging_mixin.py:115} INFO - [2025-01-15 23:39:51,385] {dag.py:2379} INFO - Sync 1 DAGs
[2025-01-15 23:39:51,427] {logging_mixin.py:115} INFO - [2025-01-15 23:39:51,427] {dag.py:2927} INFO - Setting next_dagrun for example_sla_dag to 2025-01-16T02:36:00+00:00, run_after=2025-01-16T02:38:00+00:00
[2025-01-15 23:39:51,493] {processor.py:161} INFO - Processing /mnt/c/Users/ander/Desktop/airflow-spark/airflow-spark/curso2/ambientepython/lib/python3.9/site-packages/airflow/example_dags/example_sla_dag.py took 0.329 seconds
[2025-01-15 23:40:44,960] {processor.py:153} INFO - Started process (PID=33714) to work on /mnt/c/Users/ander/Desktop/airflow-spark/airflow-spark/curso2/ambientepython/lib/python3.9/site-packages/airflow/example_dags/example_sla_dag.py
[2025-01-15 23:40:44,962] {processor.py:641} INFO - Processing file /mnt/c/Users/ander/Desktop/airflow-spark/airflow-spark/curso2/ambientepython/lib/python3.9/site-packages/airflow/example_dags/example_sla_dag.py for tasks to queue
[2025-01-15 23:40:44,964] {logging_mixin.py:115} INFO - [2025-01-15 23:40:44,964] {dagbag.py:507} INFO - Filling up the DagBag from /mnt/c/Users/ander/Desktop/airflow-spark/airflow-spark/curso2/ambientepython/lib/python3.9/site-packages/airflow/example_dags/example_sla_dag.py
[2025-01-15 23:40:45,126] {processor.py:651} INFO - DAG(s) dict_keys(['example_sla_dag']) retrieved from /mnt/c/Users/ander/Desktop/airflow-spark/airflow-spark/curso2/ambientepython/lib/python3.9/site-packages/airflow/example_dags/example_sla_dag.py
[2025-01-15 23:40:45,168] {logging_mixin.py:115} INFO - [2025-01-15 23:40:45,168] {dag.py:2379} INFO - Sync 1 DAGs
[2025-01-15 23:40:45,210] {logging_mixin.py:115} INFO - [2025-01-15 23:40:45,210] {dag.py:2927} INFO - Setting next_dagrun for example_sla_dag to 2025-01-16T02:38:00+00:00, run_after=2025-01-16T02:40:00+00:00
[2025-01-15 23:40:45,268] {processor.py:161} INFO - Processing /mnt/c/Users/ander/Desktop/airflow-spark/airflow-spark/curso2/ambientepython/lib/python3.9/site-packages/airflow/example_dags/example_sla_dag.py took 0.315 seconds
[2025-01-15 23:41:36,771] {processor.py:153} INFO - Started process (PID=33902) to work on /mnt/c/Users/ander/Desktop/airflow-spark/airflow-spark/curso2/ambientepython/lib/python3.9/site-packages/airflow/example_dags/example_sla_dag.py
[2025-01-15 23:41:36,772] {processor.py:641} INFO - Processing file /mnt/c/Users/ander/Desktop/airflow-spark/airflow-spark/curso2/ambientepython/lib/python3.9/site-packages/airflow/example_dags/example_sla_dag.py for tasks to queue
[2025-01-15 23:41:36,773] {logging_mixin.py:115} INFO - [2025-01-15 23:41:36,773] {dagbag.py:507} INFO - Filling up the DagBag from /mnt/c/Users/ander/Desktop/airflow-spark/airflow-spark/curso2/ambientepython/lib/python3.9/site-packages/airflow/example_dags/example_sla_dag.py
[2025-01-15 23:41:36,935] {processor.py:651} INFO - DAG(s) dict_keys(['example_sla_dag']) retrieved from /mnt/c/Users/ander/Desktop/airflow-spark/airflow-spark/curso2/ambientepython/lib/python3.9/site-packages/airflow/example_dags/example_sla_dag.py
[2025-01-15 23:41:36,984] {logging_mixin.py:115} INFO - [2025-01-15 23:41:36,984] {dag.py:2379} INFO - Sync 1 DAGs
[2025-01-15 23:41:37,026] {logging_mixin.py:115} INFO - [2025-01-15 23:41:37,026] {dag.py:2927} INFO - Setting next_dagrun for example_sla_dag to 2025-01-16T02:38:00+00:00, run_after=2025-01-16T02:40:00+00:00
[2025-01-15 23:41:37,084] {processor.py:161} INFO - Processing /mnt/c/Users/ander/Desktop/airflow-spark/airflow-spark/curso2/ambientepython/lib/python3.9/site-packages/airflow/example_dags/example_sla_dag.py took 0.318 seconds
[2025-01-15 23:42:25,846] {processor.py:153} INFO - Started process (PID=34078) to work on /mnt/c/Users/ander/Desktop/airflow-spark/airflow-spark/curso2/ambientepython/lib/python3.9/site-packages/airflow/example_dags/example_sla_dag.py
[2025-01-15 23:42:25,847] {processor.py:641} INFO - Processing file /mnt/c/Users/ander/Desktop/airflow-spark/airflow-spark/curso2/ambientepython/lib/python3.9/site-packages/airflow/example_dags/example_sla_dag.py for tasks to queue
[2025-01-15 23:42:25,848] {logging_mixin.py:115} INFO - [2025-01-15 23:42:25,848] {dagbag.py:507} INFO - Filling up the DagBag from /mnt/c/Users/ander/Desktop/airflow-spark/airflow-spark/curso2/ambientepython/lib/python3.9/site-packages/airflow/example_dags/example_sla_dag.py
[2025-01-15 23:42:25,973] {processor.py:651} INFO - DAG(s) dict_keys(['example_sla_dag']) retrieved from /mnt/c/Users/ander/Desktop/airflow-spark/airflow-spark/curso2/ambientepython/lib/python3.9/site-packages/airflow/example_dags/example_sla_dag.py
[2025-01-15 23:42:26,013] {logging_mixin.py:115} INFO - [2025-01-15 23:42:26,013] {dag.py:2379} INFO - Sync 1 DAGs
[2025-01-15 23:42:26,050] {logging_mixin.py:115} INFO - [2025-01-15 23:42:26,050] {dag.py:2927} INFO - Setting next_dagrun for example_sla_dag to 2025-01-16T02:40:00+00:00, run_after=2025-01-16T02:42:00+00:00
[2025-01-15 23:42:26,099] {processor.py:161} INFO - Processing /mnt/c/Users/ander/Desktop/airflow-spark/airflow-spark/curso2/ambientepython/lib/python3.9/site-packages/airflow/example_dags/example_sla_dag.py took 0.258 seconds
[2025-01-15 23:43:09,584] {processor.py:153} INFO - Started process (PID=34286) to work on /mnt/c/Users/ander/Desktop/airflow-spark/airflow-spark/curso2/ambientepython/lib/python3.9/site-packages/airflow/example_dags/example_sla_dag.py
[2025-01-15 23:43:09,585] {processor.py:641} INFO - Processing file /mnt/c/Users/ander/Desktop/airflow-spark/airflow-spark/curso2/ambientepython/lib/python3.9/site-packages/airflow/example_dags/example_sla_dag.py for tasks to queue
[2025-01-15 23:43:09,586] {logging_mixin.py:115} INFO - [2025-01-15 23:43:09,586] {dagbag.py:507} INFO - Filling up the DagBag from /mnt/c/Users/ander/Desktop/airflow-spark/airflow-spark/curso2/ambientepython/lib/python3.9/site-packages/airflow/example_dags/example_sla_dag.py
[2025-01-15 23:43:09,708] {processor.py:651} INFO - DAG(s) dict_keys(['example_sla_dag']) retrieved from /mnt/c/Users/ander/Desktop/airflow-spark/airflow-spark/curso2/ambientepython/lib/python3.9/site-packages/airflow/example_dags/example_sla_dag.py
[2025-01-15 23:43:09,747] {logging_mixin.py:115} INFO - [2025-01-15 23:43:09,747] {dag.py:2379} INFO - Sync 1 DAGs
[2025-01-15 23:43:09,783] {logging_mixin.py:115} INFO - [2025-01-15 23:43:09,783] {dag.py:2927} INFO - Setting next_dagrun for example_sla_dag to 2025-01-16T02:40:00+00:00, run_after=2025-01-16T02:42:00+00:00
[2025-01-15 23:43:09,842] {processor.py:161} INFO - Processing /mnt/c/Users/ander/Desktop/airflow-spark/airflow-spark/curso2/ambientepython/lib/python3.9/site-packages/airflow/example_dags/example_sla_dag.py took 0.261 seconds
[2025-01-15 23:44:01,643] {processor.py:153} INFO - Started process (PID=34476) to work on /mnt/c/Users/ander/Desktop/airflow-spark/airflow-spark/curso2/ambientepython/lib/python3.9/site-packages/airflow/example_dags/example_sla_dag.py
[2025-01-15 23:44:01,644] {processor.py:641} INFO - Processing file /mnt/c/Users/ander/Desktop/airflow-spark/airflow-spark/curso2/ambientepython/lib/python3.9/site-packages/airflow/example_dags/example_sla_dag.py for tasks to queue
[2025-01-15 23:44:01,645] {logging_mixin.py:115} INFO - [2025-01-15 23:44:01,645] {dagbag.py:507} INFO - Filling up the DagBag from /mnt/c/Users/ander/Desktop/airflow-spark/airflow-spark/curso2/ambientepython/lib/python3.9/site-packages/airflow/example_dags/example_sla_dag.py
[2025-01-15 23:44:01,777] {processor.py:651} INFO - DAG(s) dict_keys(['example_sla_dag']) retrieved from /mnt/c/Users/ander/Desktop/airflow-spark/airflow-spark/curso2/ambientepython/lib/python3.9/site-packages/airflow/example_dags/example_sla_dag.py
[2025-01-15 23:44:01,819] {logging_mixin.py:115} INFO - [2025-01-15 23:44:01,818] {dag.py:2379} INFO - Sync 1 DAGs
[2025-01-15 23:44:01,857] {logging_mixin.py:115} INFO - [2025-01-15 23:44:01,857] {dag.py:2927} INFO - Setting next_dagrun for example_sla_dag to 2025-01-16T02:42:00+00:00, run_after=2025-01-16T02:44:00+00:00
[2025-01-15 23:44:01,906] {processor.py:161} INFO - Processing /mnt/c/Users/ander/Desktop/airflow-spark/airflow-spark/curso2/ambientepython/lib/python3.9/site-packages/airflow/example_dags/example_sla_dag.py took 0.267 seconds
[2025-01-15 23:44:58,427] {processor.py:153} INFO - Started process (PID=34679) to work on /mnt/c/Users/ander/Desktop/airflow-spark/airflow-spark/curso2/ambientepython/lib/python3.9/site-packages/airflow/example_dags/example_sla_dag.py
[2025-01-15 23:44:58,428] {processor.py:641} INFO - Processing file /mnt/c/Users/ander/Desktop/airflow-spark/airflow-spark/curso2/ambientepython/lib/python3.9/site-packages/airflow/example_dags/example_sla_dag.py for tasks to queue
[2025-01-15 23:44:58,429] {logging_mixin.py:115} INFO - [2025-01-15 23:44:58,429] {dagbag.py:507} INFO - Filling up the DagBag from /mnt/c/Users/ander/Desktop/airflow-spark/airflow-spark/curso2/ambientepython/lib/python3.9/site-packages/airflow/example_dags/example_sla_dag.py
[2025-01-15 23:44:58,568] {processor.py:651} INFO - DAG(s) dict_keys(['example_sla_dag']) retrieved from /mnt/c/Users/ander/Desktop/airflow-spark/airflow-spark/curso2/ambientepython/lib/python3.9/site-packages/airflow/example_dags/example_sla_dag.py
[2025-01-15 23:44:58,609] {logging_mixin.py:115} INFO - [2025-01-15 23:44:58,609] {dag.py:2379} INFO - Sync 1 DAGs
[2025-01-15 23:44:58,754] {logging_mixin.py:115} INFO - [2025-01-15 23:44:58,754] {dag.py:2927} INFO - Setting next_dagrun for example_sla_dag to 2025-01-16T02:42:00+00:00, run_after=2025-01-16T02:44:00+00:00
[2025-01-15 23:44:58,813] {processor.py:161} INFO - Processing /mnt/c/Users/ander/Desktop/airflow-spark/airflow-spark/curso2/ambientepython/lib/python3.9/site-packages/airflow/example_dags/example_sla_dag.py took 0.390 seconds
[2025-01-15 23:45:42,172] {processor.py:153} INFO - Started process (PID=34834) to work on /mnt/c/Users/ander/Desktop/airflow-spark/airflow-spark/curso2/ambientepython/lib/python3.9/site-packages/airflow/example_dags/example_sla_dag.py
[2025-01-15 23:45:42,174] {processor.py:641} INFO - Processing file /mnt/c/Users/ander/Desktop/airflow-spark/airflow-spark/curso2/ambientepython/lib/python3.9/site-packages/airflow/example_dags/example_sla_dag.py for tasks to queue
[2025-01-15 23:45:42,176] {logging_mixin.py:115} INFO - [2025-01-15 23:45:42,176] {dagbag.py:507} INFO - Filling up the DagBag from /mnt/c/Users/ander/Desktop/airflow-spark/airflow-spark/curso2/ambientepython/lib/python3.9/site-packages/airflow/example_dags/example_sla_dag.py
[2025-01-15 23:45:42,352] {processor.py:651} INFO - DAG(s) dict_keys(['example_sla_dag']) retrieved from /mnt/c/Users/ander/Desktop/airflow-spark/airflow-spark/curso2/ambientepython/lib/python3.9/site-packages/airflow/example_dags/example_sla_dag.py
[2025-01-15 23:45:42,393] {logging_mixin.py:115} INFO - [2025-01-15 23:45:42,393] {dag.py:2379} INFO - Sync 1 DAGs
[2025-01-15 23:45:42,431] {logging_mixin.py:115} INFO - [2025-01-15 23:45:42,431] {dag.py:2927} INFO - Setting next_dagrun for example_sla_dag to 2025-01-16T02:42:00+00:00, run_after=2025-01-16T02:44:00+00:00
[2025-01-15 23:45:42,483] {processor.py:161} INFO - Processing /mnt/c/Users/ander/Desktop/airflow-spark/airflow-spark/curso2/ambientepython/lib/python3.9/site-packages/airflow/example_dags/example_sla_dag.py took 0.317 seconds
[2025-01-15 23:46:30,620] {processor.py:153} INFO - Started process (PID=35009) to work on /mnt/c/Users/ander/Desktop/airflow-spark/airflow-spark/curso2/ambientepython/lib/python3.9/site-packages/airflow/example_dags/example_sla_dag.py
[2025-01-15 23:46:30,621] {processor.py:641} INFO - Processing file /mnt/c/Users/ander/Desktop/airflow-spark/airflow-spark/curso2/ambientepython/lib/python3.9/site-packages/airflow/example_dags/example_sla_dag.py for tasks to queue
[2025-01-15 23:46:30,622] {logging_mixin.py:115} INFO - [2025-01-15 23:46:30,622] {dagbag.py:507} INFO - Filling up the DagBag from /mnt/c/Users/ander/Desktop/airflow-spark/airflow-spark/curso2/ambientepython/lib/python3.9/site-packages/airflow/example_dags/example_sla_dag.py
[2025-01-15 23:46:30,744] {processor.py:651} INFO - DAG(s) dict_keys(['example_sla_dag']) retrieved from /mnt/c/Users/ander/Desktop/airflow-spark/airflow-spark/curso2/ambientepython/lib/python3.9/site-packages/airflow/example_dags/example_sla_dag.py
[2025-01-15 23:46:30,782] {logging_mixin.py:115} INFO - [2025-01-15 23:46:30,782] {dag.py:2379} INFO - Sync 1 DAGs
[2025-01-15 23:46:30,818] {logging_mixin.py:115} INFO - [2025-01-15 23:46:30,818] {dag.py:2927} INFO - Setting next_dagrun for example_sla_dag to 2025-01-16T02:44:00+00:00, run_after=2025-01-16T02:46:00+00:00
[2025-01-15 23:46:30,870] {processor.py:161} INFO - Processing /mnt/c/Users/ander/Desktop/airflow-spark/airflow-spark/curso2/ambientepython/lib/python3.9/site-packages/airflow/example_dags/example_sla_dag.py took 0.253 seconds
[2025-01-15 23:47:12,988] {processor.py:153} INFO - Started process (PID=35163) to work on /mnt/c/Users/ander/Desktop/airflow-spark/airflow-spark/curso2/ambientepython/lib/python3.9/site-packages/airflow/example_dags/example_sla_dag.py
[2025-01-15 23:47:12,990] {processor.py:641} INFO - Processing file /mnt/c/Users/ander/Desktop/airflow-spark/airflow-spark/curso2/ambientepython/lib/python3.9/site-packages/airflow/example_dags/example_sla_dag.py for tasks to queue
[2025-01-15 23:47:12,991] {logging_mixin.py:115} INFO - [2025-01-15 23:47:12,990] {dagbag.py:507} INFO - Filling up the DagBag from /mnt/c/Users/ander/Desktop/airflow-spark/airflow-spark/curso2/ambientepython/lib/python3.9/site-packages/airflow/example_dags/example_sla_dag.py
[2025-01-15 23:47:13,120] {processor.py:651} INFO - DAG(s) dict_keys(['example_sla_dag']) retrieved from /mnt/c/Users/ander/Desktop/airflow-spark/airflow-spark/curso2/ambientepython/lib/python3.9/site-packages/airflow/example_dags/example_sla_dag.py
[2025-01-15 23:47:13,158] {logging_mixin.py:115} INFO - [2025-01-15 23:47:13,158] {dag.py:2379} INFO - Sync 1 DAGs
[2025-01-15 23:47:13,193] {logging_mixin.py:115} INFO - [2025-01-15 23:47:13,193] {dag.py:2927} INFO - Setting next_dagrun for example_sla_dag to 2025-01-16T02:44:00+00:00, run_after=2025-01-16T02:46:00+00:00
[2025-01-15 23:47:13,238] {processor.py:161} INFO - Processing /mnt/c/Users/ander/Desktop/airflow-spark/airflow-spark/curso2/ambientepython/lib/python3.9/site-packages/airflow/example_dags/example_sla_dag.py took 0.254 seconds
[2025-01-15 23:47:57,841] {processor.py:153} INFO - Started process (PID=35382) to work on /mnt/c/Users/ander/Desktop/airflow-spark/airflow-spark/curso2/ambientepython/lib/python3.9/site-packages/airflow/example_dags/example_sla_dag.py
[2025-01-15 23:47:57,842] {processor.py:641} INFO - Processing file /mnt/c/Users/ander/Desktop/airflow-spark/airflow-spark/curso2/ambientepython/lib/python3.9/site-packages/airflow/example_dags/example_sla_dag.py for tasks to queue
[2025-01-15 23:47:57,843] {logging_mixin.py:115} INFO - [2025-01-15 23:47:57,843] {dagbag.py:507} INFO - Filling up the DagBag from /mnt/c/Users/ander/Desktop/airflow-spark/airflow-spark/curso2/ambientepython/lib/python3.9/site-packages/airflow/example_dags/example_sla_dag.py
[2025-01-15 23:47:57,985] {processor.py:651} INFO - DAG(s) dict_keys(['example_sla_dag']) retrieved from /mnt/c/Users/ander/Desktop/airflow-spark/airflow-spark/curso2/ambientepython/lib/python3.9/site-packages/airflow/example_dags/example_sla_dag.py
[2025-01-15 23:47:58,029] {logging_mixin.py:115} INFO - [2025-01-15 23:47:58,029] {dag.py:2379} INFO - Sync 1 DAGs
[2025-01-15 23:47:58,071] {logging_mixin.py:115} INFO - [2025-01-15 23:47:58,071] {dag.py:2927} INFO - Setting next_dagrun for example_sla_dag to 2025-01-16T02:44:00+00:00, run_after=2025-01-16T02:46:00+00:00
[2025-01-15 23:47:58,126] {processor.py:161} INFO - Processing /mnt/c/Users/ander/Desktop/airflow-spark/airflow-spark/curso2/ambientepython/lib/python3.9/site-packages/airflow/example_dags/example_sla_dag.py took 0.288 seconds
[2025-01-15 23:48:41,955] {processor.py:153} INFO - Started process (PID=35536) to work on /mnt/c/Users/ander/Desktop/airflow-spark/airflow-spark/curso2/ambientepython/lib/python3.9/site-packages/airflow/example_dags/example_sla_dag.py
[2025-01-15 23:48:41,956] {processor.py:641} INFO - Processing file /mnt/c/Users/ander/Desktop/airflow-spark/airflow-spark/curso2/ambientepython/lib/python3.9/site-packages/airflow/example_dags/example_sla_dag.py for tasks to queue
[2025-01-15 23:48:41,957] {logging_mixin.py:115} INFO - [2025-01-15 23:48:41,956] {dagbag.py:507} INFO - Filling up the DagBag from /mnt/c/Users/ander/Desktop/airflow-spark/airflow-spark/curso2/ambientepython/lib/python3.9/site-packages/airflow/example_dags/example_sla_dag.py
[2025-01-15 23:48:42,085] {processor.py:651} INFO - DAG(s) dict_keys(['example_sla_dag']) retrieved from /mnt/c/Users/ander/Desktop/airflow-spark/airflow-spark/curso2/ambientepython/lib/python3.9/site-packages/airflow/example_dags/example_sla_dag.py
[2025-01-15 23:48:42,126] {logging_mixin.py:115} INFO - [2025-01-15 23:48:42,126] {dag.py:2379} INFO - Sync 1 DAGs
[2025-01-15 23:48:42,162] {logging_mixin.py:115} INFO - [2025-01-15 23:48:42,162] {dag.py:2927} INFO - Setting next_dagrun for example_sla_dag to 2025-01-16T02:46:00+00:00, run_after=2025-01-16T02:48:00+00:00
[2025-01-15 23:48:42,213] {processor.py:161} INFO - Processing /mnt/c/Users/ander/Desktop/airflow-spark/airflow-spark/curso2/ambientepython/lib/python3.9/site-packages/airflow/example_dags/example_sla_dag.py took 0.262 seconds
[2025-01-15 23:49:30,084] {processor.py:153} INFO - Started process (PID=35712) to work on /mnt/c/Users/ander/Desktop/airflow-spark/airflow-spark/curso2/ambientepython/lib/python3.9/site-packages/airflow/example_dags/example_sla_dag.py
[2025-01-15 23:49:30,085] {processor.py:641} INFO - Processing file /mnt/c/Users/ander/Desktop/airflow-spark/airflow-spark/curso2/ambientepython/lib/python3.9/site-packages/airflow/example_dags/example_sla_dag.py for tasks to queue
[2025-01-15 23:49:30,086] {logging_mixin.py:115} INFO - [2025-01-15 23:49:30,086] {dagbag.py:507} INFO - Filling up the DagBag from /mnt/c/Users/ander/Desktop/airflow-spark/airflow-spark/curso2/ambientepython/lib/python3.9/site-packages/airflow/example_dags/example_sla_dag.py
[2025-01-15 23:49:30,218] {processor.py:651} INFO - DAG(s) dict_keys(['example_sla_dag']) retrieved from /mnt/c/Users/ander/Desktop/airflow-spark/airflow-spark/curso2/ambientepython/lib/python3.9/site-packages/airflow/example_dags/example_sla_dag.py
[2025-01-15 23:49:30,259] {logging_mixin.py:115} INFO - [2025-01-15 23:49:30,259] {dag.py:2379} INFO - Sync 1 DAGs
[2025-01-15 23:49:30,296] {logging_mixin.py:115} INFO - [2025-01-15 23:49:30,296] {dag.py:2927} INFO - Setting next_dagrun for example_sla_dag to 2025-01-16T02:46:00+00:00, run_after=2025-01-16T02:48:00+00:00
[2025-01-15 23:49:30,345] {processor.py:161} INFO - Processing /mnt/c/Users/ander/Desktop/airflow-spark/airflow-spark/curso2/ambientepython/lib/python3.9/site-packages/airflow/example_dags/example_sla_dag.py took 0.265 seconds
[2025-01-15 23:50:15,578] {processor.py:153} INFO - Started process (PID=35880) to work on /mnt/c/Users/ander/Desktop/airflow-spark/airflow-spark/curso2/ambientepython/lib/python3.9/site-packages/airflow/example_dags/example_sla_dag.py
[2025-01-15 23:50:15,579] {processor.py:641} INFO - Processing file /mnt/c/Users/ander/Desktop/airflow-spark/airflow-spark/curso2/ambientepython/lib/python3.9/site-packages/airflow/example_dags/example_sla_dag.py for tasks to queue
[2025-01-15 23:50:15,581] {logging_mixin.py:115} INFO - [2025-01-15 23:50:15,580] {dagbag.py:507} INFO - Filling up the DagBag from /mnt/c/Users/ander/Desktop/airflow-spark/airflow-spark/curso2/ambientepython/lib/python3.9/site-packages/airflow/example_dags/example_sla_dag.py
[2025-01-15 23:50:15,704] {processor.py:651} INFO - DAG(s) dict_keys(['example_sla_dag']) retrieved from /mnt/c/Users/ander/Desktop/airflow-spark/airflow-spark/curso2/ambientepython/lib/python3.9/site-packages/airflow/example_dags/example_sla_dag.py
[2025-01-15 23:50:15,745] {logging_mixin.py:115} INFO - [2025-01-15 23:50:15,745] {dag.py:2379} INFO - Sync 1 DAGs
[2025-01-15 23:50:15,778] {logging_mixin.py:115} INFO - [2025-01-15 23:50:15,778] {dag.py:2927} INFO - Setting next_dagrun for example_sla_dag to 2025-01-16T02:48:00+00:00, run_after=2025-01-16T02:50:00+00:00
[2025-01-15 23:50:15,814] {processor.py:161} INFO - Processing /mnt/c/Users/ander/Desktop/airflow-spark/airflow-spark/curso2/ambientepython/lib/python3.9/site-packages/airflow/example_dags/example_sla_dag.py took 0.240 seconds
[2025-01-15 23:51:04,036] {processor.py:153} INFO - Started process (PID=36055) to work on /mnt/c/Users/ander/Desktop/airflow-spark/airflow-spark/curso2/ambientepython/lib/python3.9/site-packages/airflow/example_dags/example_sla_dag.py
[2025-01-15 23:51:04,037] {processor.py:641} INFO - Processing file /mnt/c/Users/ander/Desktop/airflow-spark/airflow-spark/curso2/ambientepython/lib/python3.9/site-packages/airflow/example_dags/example_sla_dag.py for tasks to queue
[2025-01-15 23:51:04,038] {logging_mixin.py:115} INFO - [2025-01-15 23:51:04,038] {dagbag.py:507} INFO - Filling up the DagBag from /mnt/c/Users/ander/Desktop/airflow-spark/airflow-spark/curso2/ambientepython/lib/python3.9/site-packages/airflow/example_dags/example_sla_dag.py
[2025-01-15 23:51:04,175] {processor.py:651} INFO - DAG(s) dict_keys(['example_sla_dag']) retrieved from /mnt/c/Users/ander/Desktop/airflow-spark/airflow-spark/curso2/ambientepython/lib/python3.9/site-packages/airflow/example_dags/example_sla_dag.py
[2025-01-15 23:51:04,208] {logging_mixin.py:115} INFO - [2025-01-15 23:51:04,208] {dag.py:2379} INFO - Sync 1 DAGs
[2025-01-15 23:51:04,246] {logging_mixin.py:115} INFO - [2025-01-15 23:51:04,246] {dag.py:2927} INFO - Setting next_dagrun for example_sla_dag to 2025-01-16T02:48:00+00:00, run_after=2025-01-16T02:50:00+00:00
[2025-01-15 23:51:04,292] {processor.py:161} INFO - Processing /mnt/c/Users/ander/Desktop/airflow-spark/airflow-spark/curso2/ambientepython/lib/python3.9/site-packages/airflow/example_dags/example_sla_dag.py took 0.261 seconds
[2025-01-15 23:51:52,289] {processor.py:153} INFO - Started process (PID=36223) to work on /mnt/c/Users/ander/Desktop/airflow-spark/airflow-spark/curso2/ambientepython/lib/python3.9/site-packages/airflow/example_dags/example_sla_dag.py
[2025-01-15 23:51:52,290] {processor.py:641} INFO - Processing file /mnt/c/Users/ander/Desktop/airflow-spark/airflow-spark/curso2/ambientepython/lib/python3.9/site-packages/airflow/example_dags/example_sla_dag.py for tasks to queue
[2025-01-15 23:51:52,291] {logging_mixin.py:115} INFO - [2025-01-15 23:51:52,291] {dagbag.py:507} INFO - Filling up the DagBag from /mnt/c/Users/ander/Desktop/airflow-spark/airflow-spark/curso2/ambientepython/lib/python3.9/site-packages/airflow/example_dags/example_sla_dag.py
[2025-01-15 23:51:52,430] {processor.py:651} INFO - DAG(s) dict_keys(['example_sla_dag']) retrieved from /mnt/c/Users/ander/Desktop/airflow-spark/airflow-spark/curso2/ambientepython/lib/python3.9/site-packages/airflow/example_dags/example_sla_dag.py
[2025-01-15 23:51:52,473] {logging_mixin.py:115} INFO - [2025-01-15 23:51:52,473] {dag.py:2379} INFO - Sync 1 DAGs
[2025-01-15 23:51:52,514] {logging_mixin.py:115} INFO - [2025-01-15 23:51:52,514] {dag.py:2927} INFO - Setting next_dagrun for example_sla_dag to 2025-01-16T02:48:00+00:00, run_after=2025-01-16T02:50:00+00:00
[2025-01-15 23:51:52,567] {processor.py:161} INFO - Processing /mnt/c/Users/ander/Desktop/airflow-spark/airflow-spark/curso2/ambientepython/lib/python3.9/site-packages/airflow/example_dags/example_sla_dag.py took 0.282 seconds
[2025-01-15 23:52:46,566] {processor.py:153} INFO - Started process (PID=36420) to work on /mnt/c/Users/ander/Desktop/airflow-spark/airflow-spark/curso2/ambientepython/lib/python3.9/site-packages/airflow/example_dags/example_sla_dag.py
[2025-01-15 23:52:46,568] {processor.py:641} INFO - Processing file /mnt/c/Users/ander/Desktop/airflow-spark/airflow-spark/curso2/ambientepython/lib/python3.9/site-packages/airflow/example_dags/example_sla_dag.py for tasks to queue
[2025-01-15 23:52:46,569] {logging_mixin.py:115} INFO - [2025-01-15 23:52:46,569] {dagbag.py:507} INFO - Filling up the DagBag from /mnt/c/Users/ander/Desktop/airflow-spark/airflow-spark/curso2/ambientepython/lib/python3.9/site-packages/airflow/example_dags/example_sla_dag.py
[2025-01-15 23:52:46,755] {processor.py:651} INFO - DAG(s) dict_keys(['example_sla_dag']) retrieved from /mnt/c/Users/ander/Desktop/airflow-spark/airflow-spark/curso2/ambientepython/lib/python3.9/site-packages/airflow/example_dags/example_sla_dag.py
[2025-01-15 23:52:46,888] {logging_mixin.py:115} INFO - [2025-01-15 23:52:46,887] {dag.py:2379} INFO - Sync 1 DAGs
[2025-01-15 23:52:46,999] {logging_mixin.py:115} INFO - [2025-01-15 23:52:46,999] {dag.py:2927} INFO - Setting next_dagrun for example_sla_dag to 2025-01-16T02:50:00+00:00, run_after=2025-01-16T02:52:00+00:00
[2025-01-15 23:52:47,068] {processor.py:161} INFO - Processing /mnt/c/Users/ander/Desktop/airflow-spark/airflow-spark/curso2/ambientepython/lib/python3.9/site-packages/airflow/example_dags/example_sla_dag.py took 0.508 seconds
