[2025-01-15 23:12:36,135] {processor.py:153} INFO - Started process (PID=25365) to work on /mnt/c/Users/ander/Desktop/airflow-spark/airflow-spark/curso2/ambientepython/lib/python3.9/site-packages/airflow/example_dags/example_short_circuit_operator.py
[2025-01-15 23:12:36,140] {processor.py:641} INFO - Processing file /mnt/c/Users/ander/Desktop/airflow-spark/airflow-spark/curso2/ambientepython/lib/python3.9/site-packages/airflow/example_dags/example_short_circuit_operator.py for tasks to queue
[2025-01-15 23:12:36,141] {logging_mixin.py:115} INFO - [2025-01-15 23:12:36,141] {dagbag.py:507} INFO - Filling up the DagBag from /mnt/c/Users/ander/Desktop/airflow-spark/airflow-spark/curso2/ambientepython/lib/python3.9/site-packages/airflow/example_dags/example_short_circuit_operator.py
[2025-01-15 23:12:36,181] {processor.py:651} INFO - DAG(s) dict_keys(['example_short_circuit_operator']) retrieved from /mnt/c/Users/ander/Desktop/airflow-spark/airflow-spark/curso2/ambientepython/lib/python3.9/site-packages/airflow/example_dags/example_short_circuit_operator.py
[2025-01-15 23:12:36,544] {logging_mixin.py:115} INFO - [2025-01-15 23:12:36,544] {manager.py:508} INFO - Created Permission View: can edit on DAG:example_short_circuit_operator
[2025-01-15 23:12:36,584] {logging_mixin.py:115} INFO - [2025-01-15 23:12:36,583] {manager.py:508} INFO - Created Permission View: can delete on DAG:example_short_circuit_operator
[2025-01-15 23:12:36,619] {logging_mixin.py:115} INFO - [2025-01-15 23:12:36,619] {manager.py:508} INFO - Created Permission View: can read on DAG:example_short_circuit_operator
[2025-01-15 23:12:36,620] {logging_mixin.py:115} INFO - [2025-01-15 23:12:36,620] {dag.py:2379} INFO - Sync 1 DAGs
[2025-01-15 23:12:36,658] {logging_mixin.py:115} INFO - [2025-01-15 23:12:36,658] {dag.py:2398} INFO - Creating ORM DAG for example_short_circuit_operator
[2025-01-15 23:12:36,700] {logging_mixin.py:115} INFO - [2025-01-15 23:12:36,700] {dag.py:2927} INFO - Setting next_dagrun for example_short_circuit_operator to 2025-01-15T02:12:36.699298+00:00, run_after=2025-01-16T02:12:36.699298+00:00
[2025-01-15 23:12:36,782] {processor.py:161} INFO - Processing /mnt/c/Users/ander/Desktop/airflow-spark/airflow-spark/curso2/ambientepython/lib/python3.9/site-packages/airflow/example_dags/example_short_circuit_operator.py took 0.652 seconds
[2025-01-15 23:13:26,003] {processor.py:153} INFO - Started process (PID=25643) to work on /mnt/c/Users/ander/Desktop/airflow-spark/airflow-spark/curso2/ambientepython/lib/python3.9/site-packages/airflow/example_dags/example_short_circuit_operator.py
[2025-01-15 23:13:26,004] {processor.py:641} INFO - Processing file /mnt/c/Users/ander/Desktop/airflow-spark/airflow-spark/curso2/ambientepython/lib/python3.9/site-packages/airflow/example_dags/example_short_circuit_operator.py for tasks to queue
[2025-01-15 23:13:26,005] {logging_mixin.py:115} INFO - [2025-01-15 23:13:26,005] {dagbag.py:507} INFO - Filling up the DagBag from /mnt/c/Users/ander/Desktop/airflow-spark/airflow-spark/curso2/ambientepython/lib/python3.9/site-packages/airflow/example_dags/example_short_circuit_operator.py
[2025-01-15 23:13:26,068] {processor.py:651} INFO - DAG(s) dict_keys(['example_short_circuit_operator']) retrieved from /mnt/c/Users/ander/Desktop/airflow-spark/airflow-spark/curso2/ambientepython/lib/python3.9/site-packages/airflow/example_dags/example_short_circuit_operator.py
[2025-01-15 23:13:26,107] {logging_mixin.py:115} INFO - [2025-01-15 23:13:26,107] {dag.py:2379} INFO - Sync 1 DAGs
[2025-01-15 23:13:26,136] {logging_mixin.py:115} INFO - [2025-01-15 23:13:26,136] {dag.py:2927} INFO - Setting next_dagrun for example_short_circuit_operator to 2025-01-15T02:13:26.136184+00:00, run_after=2025-01-16T02:13:26.136184+00:00
[2025-01-15 23:13:26,187] {processor.py:161} INFO - Processing /mnt/c/Users/ander/Desktop/airflow-spark/airflow-spark/curso2/ambientepython/lib/python3.9/site-packages/airflow/example_dags/example_short_circuit_operator.py took 0.188 seconds
[2025-01-15 23:14:11,624] {processor.py:153} INFO - Started process (PID=25810) to work on /mnt/c/Users/ander/Desktop/airflow-spark/airflow-spark/curso2/ambientepython/lib/python3.9/site-packages/airflow/example_dags/example_short_circuit_operator.py
[2025-01-15 23:14:11,625] {processor.py:641} INFO - Processing file /mnt/c/Users/ander/Desktop/airflow-spark/airflow-spark/curso2/ambientepython/lib/python3.9/site-packages/airflow/example_dags/example_short_circuit_operator.py for tasks to queue
[2025-01-15 23:14:11,627] {logging_mixin.py:115} INFO - [2025-01-15 23:14:11,626] {dagbag.py:507} INFO - Filling up the DagBag from /mnt/c/Users/ander/Desktop/airflow-spark/airflow-spark/curso2/ambientepython/lib/python3.9/site-packages/airflow/example_dags/example_short_circuit_operator.py
[2025-01-15 23:14:11,678] {processor.py:651} INFO - DAG(s) dict_keys(['example_short_circuit_operator']) retrieved from /mnt/c/Users/ander/Desktop/airflow-spark/airflow-spark/curso2/ambientepython/lib/python3.9/site-packages/airflow/example_dags/example_short_circuit_operator.py
[2025-01-15 23:14:11,721] {logging_mixin.py:115} INFO - [2025-01-15 23:14:11,721] {dag.py:2379} INFO - Sync 1 DAGs
[2025-01-15 23:14:11,752] {logging_mixin.py:115} INFO - [2025-01-15 23:14:11,752] {dag.py:2927} INFO - Setting next_dagrun for example_short_circuit_operator to 2025-01-15T02:14:11.752145+00:00, run_after=2025-01-16T02:14:11.752145+00:00
[2025-01-15 23:14:11,804] {processor.py:161} INFO - Processing /mnt/c/Users/ander/Desktop/airflow-spark/airflow-spark/curso2/ambientepython/lib/python3.9/site-packages/airflow/example_dags/example_short_circuit_operator.py took 0.184 seconds
[2025-01-15 23:14:56,814] {processor.py:153} INFO - Started process (PID=25979) to work on /mnt/c/Users/ander/Desktop/airflow-spark/airflow-spark/curso2/ambientepython/lib/python3.9/site-packages/airflow/example_dags/example_short_circuit_operator.py
[2025-01-15 23:14:56,816] {processor.py:641} INFO - Processing file /mnt/c/Users/ander/Desktop/airflow-spark/airflow-spark/curso2/ambientepython/lib/python3.9/site-packages/airflow/example_dags/example_short_circuit_operator.py for tasks to queue
[2025-01-15 23:14:56,817] {logging_mixin.py:115} INFO - [2025-01-15 23:14:56,816] {dagbag.py:507} INFO - Filling up the DagBag from /mnt/c/Users/ander/Desktop/airflow-spark/airflow-spark/curso2/ambientepython/lib/python3.9/site-packages/airflow/example_dags/example_short_circuit_operator.py
[2025-01-15 23:14:56,857] {processor.py:651} INFO - DAG(s) dict_keys(['example_short_circuit_operator']) retrieved from /mnt/c/Users/ander/Desktop/airflow-spark/airflow-spark/curso2/ambientepython/lib/python3.9/site-packages/airflow/example_dags/example_short_circuit_operator.py
[2025-01-15 23:14:56,896] {logging_mixin.py:115} INFO - [2025-01-15 23:14:56,896] {dag.py:2379} INFO - Sync 1 DAGs
[2025-01-15 23:14:56,925] {logging_mixin.py:115} INFO - [2025-01-15 23:14:56,925] {dag.py:2927} INFO - Setting next_dagrun for example_short_circuit_operator to 2025-01-15T02:14:56.924727+00:00, run_after=2025-01-16T02:14:56.924727+00:00
[2025-01-15 23:14:56,970] {processor.py:161} INFO - Processing /mnt/c/Users/ander/Desktop/airflow-spark/airflow-spark/curso2/ambientepython/lib/python3.9/site-packages/airflow/example_dags/example_short_circuit_operator.py took 0.159 seconds
[2025-01-15 23:15:43,957] {processor.py:153} INFO - Started process (PID=26144) to work on /mnt/c/Users/ander/Desktop/airflow-spark/airflow-spark/curso2/ambientepython/lib/python3.9/site-packages/airflow/example_dags/example_short_circuit_operator.py
[2025-01-15 23:15:43,966] {processor.py:641} INFO - Processing file /mnt/c/Users/ander/Desktop/airflow-spark/airflow-spark/curso2/ambientepython/lib/python3.9/site-packages/airflow/example_dags/example_short_circuit_operator.py for tasks to queue
[2025-01-15 23:15:43,967] {logging_mixin.py:115} INFO - [2025-01-15 23:15:43,967] {dagbag.py:507} INFO - Filling up the DagBag from /mnt/c/Users/ander/Desktop/airflow-spark/airflow-spark/curso2/ambientepython/lib/python3.9/site-packages/airflow/example_dags/example_short_circuit_operator.py
[2025-01-15 23:15:44,023] {processor.py:651} INFO - DAG(s) dict_keys(['example_short_circuit_operator']) retrieved from /mnt/c/Users/ander/Desktop/airflow-spark/airflow-spark/curso2/ambientepython/lib/python3.9/site-packages/airflow/example_dags/example_short_circuit_operator.py
[2025-01-15 23:15:44,076] {logging_mixin.py:115} INFO - [2025-01-15 23:15:44,076] {dag.py:2379} INFO - Sync 1 DAGs
[2025-01-15 23:15:44,125] {logging_mixin.py:115} INFO - [2025-01-15 23:15:44,124] {dag.py:2927} INFO - Setting next_dagrun for example_short_circuit_operator to 2025-01-15T02:15:44.124254+00:00, run_after=2025-01-16T02:15:44.124254+00:00
[2025-01-15 23:15:44,195] {processor.py:161} INFO - Processing /mnt/c/Users/ander/Desktop/airflow-spark/airflow-spark/curso2/ambientepython/lib/python3.9/site-packages/airflow/example_dags/example_short_circuit_operator.py took 0.244 seconds
[2025-01-15 23:16:30,139] {processor.py:153} INFO - Started process (PID=26308) to work on /mnt/c/Users/ander/Desktop/airflow-spark/airflow-spark/curso2/ambientepython/lib/python3.9/site-packages/airflow/example_dags/example_short_circuit_operator.py
[2025-01-15 23:16:30,140] {processor.py:641} INFO - Processing file /mnt/c/Users/ander/Desktop/airflow-spark/airflow-spark/curso2/ambientepython/lib/python3.9/site-packages/airflow/example_dags/example_short_circuit_operator.py for tasks to queue
[2025-01-15 23:16:30,141] {logging_mixin.py:115} INFO - [2025-01-15 23:16:30,141] {dagbag.py:507} INFO - Filling up the DagBag from /mnt/c/Users/ander/Desktop/airflow-spark/airflow-spark/curso2/ambientepython/lib/python3.9/site-packages/airflow/example_dags/example_short_circuit_operator.py
[2025-01-15 23:16:30,179] {processor.py:651} INFO - DAG(s) dict_keys(['example_short_circuit_operator']) retrieved from /mnt/c/Users/ander/Desktop/airflow-spark/airflow-spark/curso2/ambientepython/lib/python3.9/site-packages/airflow/example_dags/example_short_circuit_operator.py
[2025-01-15 23:16:30,217] {logging_mixin.py:115} INFO - [2025-01-15 23:16:30,217] {dag.py:2379} INFO - Sync 1 DAGs
[2025-01-15 23:16:30,244] {logging_mixin.py:115} INFO - [2025-01-15 23:16:30,244] {dag.py:2927} INFO - Setting next_dagrun for example_short_circuit_operator to 2025-01-15T02:16:30.244290+00:00, run_after=2025-01-16T02:16:30.244290+00:00
[2025-01-15 23:16:30,286] {processor.py:161} INFO - Processing /mnt/c/Users/ander/Desktop/airflow-spark/airflow-spark/curso2/ambientepython/lib/python3.9/site-packages/airflow/example_dags/example_short_circuit_operator.py took 0.151 seconds
[2025-01-15 23:17:16,689] {processor.py:153} INFO - Started process (PID=26530) to work on /mnt/c/Users/ander/Desktop/airflow-spark/airflow-spark/curso2/ambientepython/lib/python3.9/site-packages/airflow/example_dags/example_short_circuit_operator.py
[2025-01-15 23:17:16,690] {processor.py:641} INFO - Processing file /mnt/c/Users/ander/Desktop/airflow-spark/airflow-spark/curso2/ambientepython/lib/python3.9/site-packages/airflow/example_dags/example_short_circuit_operator.py for tasks to queue
[2025-01-15 23:17:16,691] {logging_mixin.py:115} INFO - [2025-01-15 23:17:16,691] {dagbag.py:507} INFO - Filling up the DagBag from /mnt/c/Users/ander/Desktop/airflow-spark/airflow-spark/curso2/ambientepython/lib/python3.9/site-packages/airflow/example_dags/example_short_circuit_operator.py
[2025-01-15 23:17:16,732] {processor.py:651} INFO - DAG(s) dict_keys(['example_short_circuit_operator']) retrieved from /mnt/c/Users/ander/Desktop/airflow-spark/airflow-spark/curso2/ambientepython/lib/python3.9/site-packages/airflow/example_dags/example_short_circuit_operator.py
[2025-01-15 23:17:16,772] {logging_mixin.py:115} INFO - [2025-01-15 23:17:16,772] {dag.py:2379} INFO - Sync 1 DAGs
[2025-01-15 23:17:16,801] {logging_mixin.py:115} INFO - [2025-01-15 23:17:16,801] {dag.py:2927} INFO - Setting next_dagrun for example_short_circuit_operator to 2025-01-15T02:17:16.800815+00:00, run_after=2025-01-16T02:17:16.800815+00:00
[2025-01-15 23:17:16,842] {processor.py:161} INFO - Processing /mnt/c/Users/ander/Desktop/airflow-spark/airflow-spark/curso2/ambientepython/lib/python3.9/site-packages/airflow/example_dags/example_short_circuit_operator.py took 0.157 seconds
[2025-01-15 23:18:02,532] {processor.py:153} INFO - Started process (PID=26698) to work on /mnt/c/Users/ander/Desktop/airflow-spark/airflow-spark/curso2/ambientepython/lib/python3.9/site-packages/airflow/example_dags/example_short_circuit_operator.py
[2025-01-15 23:18:02,534] {processor.py:641} INFO - Processing file /mnt/c/Users/ander/Desktop/airflow-spark/airflow-spark/curso2/ambientepython/lib/python3.9/site-packages/airflow/example_dags/example_short_circuit_operator.py for tasks to queue
[2025-01-15 23:18:02,535] {logging_mixin.py:115} INFO - [2025-01-15 23:18:02,534] {dagbag.py:507} INFO - Filling up the DagBag from /mnt/c/Users/ander/Desktop/airflow-spark/airflow-spark/curso2/ambientepython/lib/python3.9/site-packages/airflow/example_dags/example_short_circuit_operator.py
[2025-01-15 23:18:02,582] {processor.py:651} INFO - DAG(s) dict_keys(['example_short_circuit_operator']) retrieved from /mnt/c/Users/ander/Desktop/airflow-spark/airflow-spark/curso2/ambientepython/lib/python3.9/site-packages/airflow/example_dags/example_short_circuit_operator.py
[2025-01-15 23:18:02,630] {logging_mixin.py:115} INFO - [2025-01-15 23:18:02,630] {dag.py:2379} INFO - Sync 1 DAGs
[2025-01-15 23:18:02,660] {logging_mixin.py:115} INFO - [2025-01-15 23:18:02,660] {dag.py:2927} INFO - Setting next_dagrun for example_short_circuit_operator to 2025-01-15T02:18:02.660314+00:00, run_after=2025-01-16T02:18:02.660314+00:00
[2025-01-15 23:18:02,706] {processor.py:161} INFO - Processing /mnt/c/Users/ander/Desktop/airflow-spark/airflow-spark/curso2/ambientepython/lib/python3.9/site-packages/airflow/example_dags/example_short_circuit_operator.py took 0.177 seconds
[2025-01-15 23:18:48,464] {processor.py:153} INFO - Started process (PID=26869) to work on /mnt/c/Users/ander/Desktop/airflow-spark/airflow-spark/curso2/ambientepython/lib/python3.9/site-packages/airflow/example_dags/example_short_circuit_operator.py
[2025-01-15 23:18:48,465] {processor.py:641} INFO - Processing file /mnt/c/Users/ander/Desktop/airflow-spark/airflow-spark/curso2/ambientepython/lib/python3.9/site-packages/airflow/example_dags/example_short_circuit_operator.py for tasks to queue
[2025-01-15 23:18:48,466] {logging_mixin.py:115} INFO - [2025-01-15 23:18:48,466] {dagbag.py:507} INFO - Filling up the DagBag from /mnt/c/Users/ander/Desktop/airflow-spark/airflow-spark/curso2/ambientepython/lib/python3.9/site-packages/airflow/example_dags/example_short_circuit_operator.py
[2025-01-15 23:18:48,517] {processor.py:651} INFO - DAG(s) dict_keys(['example_short_circuit_operator']) retrieved from /mnt/c/Users/ander/Desktop/airflow-spark/airflow-spark/curso2/ambientepython/lib/python3.9/site-packages/airflow/example_dags/example_short_circuit_operator.py
[2025-01-15 23:18:48,560] {logging_mixin.py:115} INFO - [2025-01-15 23:18:48,560] {dag.py:2379} INFO - Sync 1 DAGs
[2025-01-15 23:18:48,592] {logging_mixin.py:115} INFO - [2025-01-15 23:18:48,592] {dag.py:2927} INFO - Setting next_dagrun for example_short_circuit_operator to 2025-01-15T02:18:48.592256+00:00, run_after=2025-01-16T02:18:48.592256+00:00
[2025-01-15 23:18:48,646] {processor.py:161} INFO - Processing /mnt/c/Users/ander/Desktop/airflow-spark/airflow-spark/curso2/ambientepython/lib/python3.9/site-packages/airflow/example_dags/example_short_circuit_operator.py took 0.186 seconds
[2025-01-15 23:19:32,156] {processor.py:153} INFO - Started process (PID=27023) to work on /mnt/c/Users/ander/Desktop/airflow-spark/airflow-spark/curso2/ambientepython/lib/python3.9/site-packages/airflow/example_dags/example_short_circuit_operator.py
[2025-01-15 23:19:32,157] {processor.py:641} INFO - Processing file /mnt/c/Users/ander/Desktop/airflow-spark/airflow-spark/curso2/ambientepython/lib/python3.9/site-packages/airflow/example_dags/example_short_circuit_operator.py for tasks to queue
[2025-01-15 23:19:32,158] {logging_mixin.py:115} INFO - [2025-01-15 23:19:32,158] {dagbag.py:507} INFO - Filling up the DagBag from /mnt/c/Users/ander/Desktop/airflow-spark/airflow-spark/curso2/ambientepython/lib/python3.9/site-packages/airflow/example_dags/example_short_circuit_operator.py
[2025-01-15 23:19:32,212] {processor.py:651} INFO - DAG(s) dict_keys(['example_short_circuit_operator']) retrieved from /mnt/c/Users/ander/Desktop/airflow-spark/airflow-spark/curso2/ambientepython/lib/python3.9/site-packages/airflow/example_dags/example_short_circuit_operator.py
[2025-01-15 23:19:32,258] {logging_mixin.py:115} INFO - [2025-01-15 23:19:32,258] {dag.py:2379} INFO - Sync 1 DAGs
[2025-01-15 23:19:32,295] {logging_mixin.py:115} INFO - [2025-01-15 23:19:32,295] {dag.py:2927} INFO - Setting next_dagrun for example_short_circuit_operator to 2025-01-15T02:19:32.294736+00:00, run_after=2025-01-16T02:19:32.294736+00:00
[2025-01-15 23:19:32,352] {processor.py:161} INFO - Processing /mnt/c/Users/ander/Desktop/airflow-spark/airflow-spark/curso2/ambientepython/lib/python3.9/site-packages/airflow/example_dags/example_short_circuit_operator.py took 0.200 seconds
[2025-01-15 23:20:25,650] {processor.py:153} INFO - Started process (PID=27374) to work on /mnt/c/Users/ander/Desktop/airflow-spark/airflow-spark/curso2/ambientepython/lib/python3.9/site-packages/airflow/example_dags/example_short_circuit_operator.py
[2025-01-15 23:20:25,652] {processor.py:641} INFO - Processing file /mnt/c/Users/ander/Desktop/airflow-spark/airflow-spark/curso2/ambientepython/lib/python3.9/site-packages/airflow/example_dags/example_short_circuit_operator.py for tasks to queue
[2025-01-15 23:20:25,653] {logging_mixin.py:115} INFO - [2025-01-15 23:20:25,652] {dagbag.py:507} INFO - Filling up the DagBag from /mnt/c/Users/ander/Desktop/airflow-spark/airflow-spark/curso2/ambientepython/lib/python3.9/site-packages/airflow/example_dags/example_short_circuit_operator.py
[2025-01-15 23:20:25,825] {processor.py:651} INFO - DAG(s) dict_keys(['example_short_circuit_operator']) retrieved from /mnt/c/Users/ander/Desktop/airflow-spark/airflow-spark/curso2/ambientepython/lib/python3.9/site-packages/airflow/example_dags/example_short_circuit_operator.py
[2025-01-15 23:20:25,902] {logging_mixin.py:115} INFO - [2025-01-15 23:20:25,902] {dag.py:2379} INFO - Sync 1 DAGs
[2025-01-15 23:20:25,951] {logging_mixin.py:115} INFO - [2025-01-15 23:20:25,951] {dag.py:2927} INFO - Setting next_dagrun for example_short_circuit_operator to 2025-01-15T02:20:25.951177+00:00, run_after=2025-01-16T02:20:25.951177+00:00
[2025-01-15 23:20:26,028] {processor.py:161} INFO - Processing /mnt/c/Users/ander/Desktop/airflow-spark/airflow-spark/curso2/ambientepython/lib/python3.9/site-packages/airflow/example_dags/example_short_circuit_operator.py took 0.382 seconds
[2025-01-15 23:21:16,487] {processor.py:153} INFO - Started process (PID=27867) to work on /mnt/c/Users/ander/Desktop/airflow-spark/airflow-spark/curso2/ambientepython/lib/python3.9/site-packages/airflow/example_dags/example_short_circuit_operator.py
[2025-01-15 23:21:16,489] {processor.py:641} INFO - Processing file /mnt/c/Users/ander/Desktop/airflow-spark/airflow-spark/curso2/ambientepython/lib/python3.9/site-packages/airflow/example_dags/example_short_circuit_operator.py for tasks to queue
[2025-01-15 23:21:16,490] {logging_mixin.py:115} INFO - [2025-01-15 23:21:16,489] {dagbag.py:507} INFO - Filling up the DagBag from /mnt/c/Users/ander/Desktop/airflow-spark/airflow-spark/curso2/ambientepython/lib/python3.9/site-packages/airflow/example_dags/example_short_circuit_operator.py
[2025-01-15 23:21:16,565] {processor.py:651} INFO - DAG(s) dict_keys(['example_short_circuit_operator']) retrieved from /mnt/c/Users/ander/Desktop/airflow-spark/airflow-spark/curso2/ambientepython/lib/python3.9/site-packages/airflow/example_dags/example_short_circuit_operator.py
[2025-01-15 23:21:16,623] {logging_mixin.py:115} INFO - [2025-01-15 23:21:16,623] {dag.py:2379} INFO - Sync 1 DAGs
[2025-01-15 23:21:16,671] {logging_mixin.py:115} INFO - [2025-01-15 23:21:16,671] {dag.py:2927} INFO - Setting next_dagrun for example_short_circuit_operator to 2025-01-15T02:21:16.670869+00:00, run_after=2025-01-16T02:21:16.670869+00:00
[2025-01-15 23:21:16,730] {processor.py:161} INFO - Processing /mnt/c/Users/ander/Desktop/airflow-spark/airflow-spark/curso2/ambientepython/lib/python3.9/site-packages/airflow/example_dags/example_short_circuit_operator.py took 0.249 seconds
[2025-01-15 23:22:14,772] {processor.py:153} INFO - Started process (PID=28227) to work on /mnt/c/Users/ander/Desktop/airflow-spark/airflow-spark/curso2/ambientepython/lib/python3.9/site-packages/airflow/example_dags/example_short_circuit_operator.py
[2025-01-15 23:22:14,773] {processor.py:641} INFO - Processing file /mnt/c/Users/ander/Desktop/airflow-spark/airflow-spark/curso2/ambientepython/lib/python3.9/site-packages/airflow/example_dags/example_short_circuit_operator.py for tasks to queue
[2025-01-15 23:22:14,774] {logging_mixin.py:115} INFO - [2025-01-15 23:22:14,774] {dagbag.py:507} INFO - Filling up the DagBag from /mnt/c/Users/ander/Desktop/airflow-spark/airflow-spark/curso2/ambientepython/lib/python3.9/site-packages/airflow/example_dags/example_short_circuit_operator.py
[2025-01-15 23:22:14,812] {processor.py:651} INFO - DAG(s) dict_keys(['example_short_circuit_operator']) retrieved from /mnt/c/Users/ander/Desktop/airflow-spark/airflow-spark/curso2/ambientepython/lib/python3.9/site-packages/airflow/example_dags/example_short_circuit_operator.py
[2025-01-15 23:22:14,849] {logging_mixin.py:115} INFO - [2025-01-15 23:22:14,849] {dag.py:2379} INFO - Sync 1 DAGs
[2025-01-15 23:22:14,877] {logging_mixin.py:115} INFO - [2025-01-15 23:22:14,877] {dag.py:2927} INFO - Setting next_dagrun for example_short_circuit_operator to 2025-01-15T02:22:14.876919+00:00, run_after=2025-01-16T02:22:14.876919+00:00
[2025-01-15 23:22:14,919] {processor.py:161} INFO - Processing /mnt/c/Users/ander/Desktop/airflow-spark/airflow-spark/curso2/ambientepython/lib/python3.9/site-packages/airflow/example_dags/example_short_circuit_operator.py took 0.151 seconds
[2025-01-15 23:22:58,042] {processor.py:153} INFO - Started process (PID=28543) to work on /mnt/c/Users/ander/Desktop/airflow-spark/airflow-spark/curso2/ambientepython/lib/python3.9/site-packages/airflow/example_dags/example_short_circuit_operator.py
[2025-01-15 23:22:58,044] {processor.py:641} INFO - Processing file /mnt/c/Users/ander/Desktop/airflow-spark/airflow-spark/curso2/ambientepython/lib/python3.9/site-packages/airflow/example_dags/example_short_circuit_operator.py for tasks to queue
[2025-01-15 23:22:58,046] {logging_mixin.py:115} INFO - [2025-01-15 23:22:58,045] {dagbag.py:507} INFO - Filling up the DagBag from /mnt/c/Users/ander/Desktop/airflow-spark/airflow-spark/curso2/ambientepython/lib/python3.9/site-packages/airflow/example_dags/example_short_circuit_operator.py
[2025-01-15 23:22:58,098] {processor.py:651} INFO - DAG(s) dict_keys(['example_short_circuit_operator']) retrieved from /mnt/c/Users/ander/Desktop/airflow-spark/airflow-spark/curso2/ambientepython/lib/python3.9/site-packages/airflow/example_dags/example_short_circuit_operator.py
[2025-01-15 23:22:58,138] {logging_mixin.py:115} INFO - [2025-01-15 23:22:58,138] {dag.py:2379} INFO - Sync 1 DAGs
[2025-01-15 23:22:58,167] {logging_mixin.py:115} INFO - [2025-01-15 23:22:58,167] {dag.py:2927} INFO - Setting next_dagrun for example_short_circuit_operator to 2025-01-15T02:22:58.167407+00:00, run_after=2025-01-16T02:22:58.167407+00:00
[2025-01-15 23:22:58,208] {processor.py:161} INFO - Processing /mnt/c/Users/ander/Desktop/airflow-spark/airflow-spark/curso2/ambientepython/lib/python3.9/site-packages/airflow/example_dags/example_short_circuit_operator.py took 0.170 seconds
[2025-01-15 23:23:42,900] {processor.py:153} INFO - Started process (PID=28717) to work on /mnt/c/Users/ander/Desktop/airflow-spark/airflow-spark/curso2/ambientepython/lib/python3.9/site-packages/airflow/example_dags/example_short_circuit_operator.py
[2025-01-15 23:23:42,901] {processor.py:641} INFO - Processing file /mnt/c/Users/ander/Desktop/airflow-spark/airflow-spark/curso2/ambientepython/lib/python3.9/site-packages/airflow/example_dags/example_short_circuit_operator.py for tasks to queue
[2025-01-15 23:23:42,902] {logging_mixin.py:115} INFO - [2025-01-15 23:23:42,902] {dagbag.py:507} INFO - Filling up the DagBag from /mnt/c/Users/ander/Desktop/airflow-spark/airflow-spark/curso2/ambientepython/lib/python3.9/site-packages/airflow/example_dags/example_short_circuit_operator.py
[2025-01-15 23:23:42,944] {processor.py:651} INFO - DAG(s) dict_keys(['example_short_circuit_operator']) retrieved from /mnt/c/Users/ander/Desktop/airflow-spark/airflow-spark/curso2/ambientepython/lib/python3.9/site-packages/airflow/example_dags/example_short_circuit_operator.py
[2025-01-15 23:23:42,984] {logging_mixin.py:115} INFO - [2025-01-15 23:23:42,984] {dag.py:2379} INFO - Sync 1 DAGs
[2025-01-15 23:23:43,017] {logging_mixin.py:115} INFO - [2025-01-15 23:23:43,017] {dag.py:2927} INFO - Setting next_dagrun for example_short_circuit_operator to 2025-01-15T02:23:43.016658+00:00, run_after=2025-01-16T02:23:43.016658+00:00
[2025-01-15 23:23:43,061] {processor.py:161} INFO - Processing /mnt/c/Users/ander/Desktop/airflow-spark/airflow-spark/curso2/ambientepython/lib/python3.9/site-packages/airflow/example_dags/example_short_circuit_operator.py took 0.165 seconds
[2025-01-15 23:24:32,537] {processor.py:153} INFO - Started process (PID=28892) to work on /mnt/c/Users/ander/Desktop/airflow-spark/airflow-spark/curso2/ambientepython/lib/python3.9/site-packages/airflow/example_dags/example_short_circuit_operator.py
[2025-01-15 23:24:32,538] {processor.py:641} INFO - Processing file /mnt/c/Users/ander/Desktop/airflow-spark/airflow-spark/curso2/ambientepython/lib/python3.9/site-packages/airflow/example_dags/example_short_circuit_operator.py for tasks to queue
[2025-01-15 23:24:32,539] {logging_mixin.py:115} INFO - [2025-01-15 23:24:32,539] {dagbag.py:507} INFO - Filling up the DagBag from /mnt/c/Users/ander/Desktop/airflow-spark/airflow-spark/curso2/ambientepython/lib/python3.9/site-packages/airflow/example_dags/example_short_circuit_operator.py
[2025-01-15 23:24:32,581] {processor.py:651} INFO - DAG(s) dict_keys(['example_short_circuit_operator']) retrieved from /mnt/c/Users/ander/Desktop/airflow-spark/airflow-spark/curso2/ambientepython/lib/python3.9/site-packages/airflow/example_dags/example_short_circuit_operator.py
[2025-01-15 23:24:32,621] {logging_mixin.py:115} INFO - [2025-01-15 23:24:32,621] {dag.py:2379} INFO - Sync 1 DAGs
[2025-01-15 23:24:32,652] {logging_mixin.py:115} INFO - [2025-01-15 23:24:32,652] {dag.py:2927} INFO - Setting next_dagrun for example_short_circuit_operator to 2025-01-15T02:24:32.651797+00:00, run_after=2025-01-16T02:24:32.651797+00:00
[2025-01-15 23:24:32,696] {processor.py:161} INFO - Processing /mnt/c/Users/ander/Desktop/airflow-spark/airflow-spark/curso2/ambientepython/lib/python3.9/site-packages/airflow/example_dags/example_short_circuit_operator.py took 0.163 seconds
[2025-01-15 23:25:15,166] {processor.py:153} INFO - Started process (PID=29047) to work on /mnt/c/Users/ander/Desktop/airflow-spark/airflow-spark/curso2/ambientepython/lib/python3.9/site-packages/airflow/example_dags/example_short_circuit_operator.py
[2025-01-15 23:25:15,168] {processor.py:641} INFO - Processing file /mnt/c/Users/ander/Desktop/airflow-spark/airflow-spark/curso2/ambientepython/lib/python3.9/site-packages/airflow/example_dags/example_short_circuit_operator.py for tasks to queue
[2025-01-15 23:25:15,169] {logging_mixin.py:115} INFO - [2025-01-15 23:25:15,168] {dagbag.py:507} INFO - Filling up the DagBag from /mnt/c/Users/ander/Desktop/airflow-spark/airflow-spark/curso2/ambientepython/lib/python3.9/site-packages/airflow/example_dags/example_short_circuit_operator.py
[2025-01-15 23:25:15,209] {processor.py:651} INFO - DAG(s) dict_keys(['example_short_circuit_operator']) retrieved from /mnt/c/Users/ander/Desktop/airflow-spark/airflow-spark/curso2/ambientepython/lib/python3.9/site-packages/airflow/example_dags/example_short_circuit_operator.py
[2025-01-15 23:25:15,249] {logging_mixin.py:115} INFO - [2025-01-15 23:25:15,249] {dag.py:2379} INFO - Sync 1 DAGs
[2025-01-15 23:25:15,277] {logging_mixin.py:115} INFO - [2025-01-15 23:25:15,277] {dag.py:2927} INFO - Setting next_dagrun for example_short_circuit_operator to 2025-01-15T02:25:15.277435+00:00, run_after=2025-01-16T02:25:15.277435+00:00
[2025-01-15 23:25:15,319] {processor.py:161} INFO - Processing /mnt/c/Users/ander/Desktop/airflow-spark/airflow-spark/curso2/ambientepython/lib/python3.9/site-packages/airflow/example_dags/example_short_circuit_operator.py took 0.157 seconds
[2025-01-15 23:25:57,652] {processor.py:153} INFO - Started process (PID=29201) to work on /mnt/c/Users/ander/Desktop/airflow-spark/airflow-spark/curso2/ambientepython/lib/python3.9/site-packages/airflow/example_dags/example_short_circuit_operator.py
[2025-01-15 23:25:57,653] {processor.py:641} INFO - Processing file /mnt/c/Users/ander/Desktop/airflow-spark/airflow-spark/curso2/ambientepython/lib/python3.9/site-packages/airflow/example_dags/example_short_circuit_operator.py for tasks to queue
[2025-01-15 23:25:57,655] {logging_mixin.py:115} INFO - [2025-01-15 23:25:57,654] {dagbag.py:507} INFO - Filling up the DagBag from /mnt/c/Users/ander/Desktop/airflow-spark/airflow-spark/curso2/ambientepython/lib/python3.9/site-packages/airflow/example_dags/example_short_circuit_operator.py
[2025-01-15 23:25:57,705] {processor.py:651} INFO - DAG(s) dict_keys(['example_short_circuit_operator']) retrieved from /mnt/c/Users/ander/Desktop/airflow-spark/airflow-spark/curso2/ambientepython/lib/python3.9/site-packages/airflow/example_dags/example_short_circuit_operator.py
[2025-01-15 23:25:57,749] {logging_mixin.py:115} INFO - [2025-01-15 23:25:57,749] {dag.py:2379} INFO - Sync 1 DAGs
[2025-01-15 23:25:57,779] {logging_mixin.py:115} INFO - [2025-01-15 23:25:57,779] {dag.py:2927} INFO - Setting next_dagrun for example_short_circuit_operator to 2025-01-15T02:25:57.778683+00:00, run_after=2025-01-16T02:25:57.778683+00:00
[2025-01-15 23:25:57,828] {processor.py:161} INFO - Processing /mnt/c/Users/ander/Desktop/airflow-spark/airflow-spark/curso2/ambientepython/lib/python3.9/site-packages/airflow/example_dags/example_short_circuit_operator.py took 0.179 seconds
[2025-01-15 23:26:41,100] {processor.py:153} INFO - Started process (PID=29362) to work on /mnt/c/Users/ander/Desktop/airflow-spark/airflow-spark/curso2/ambientepython/lib/python3.9/site-packages/airflow/example_dags/example_short_circuit_operator.py
[2025-01-15 23:26:41,101] {processor.py:641} INFO - Processing file /mnt/c/Users/ander/Desktop/airflow-spark/airflow-spark/curso2/ambientepython/lib/python3.9/site-packages/airflow/example_dags/example_short_circuit_operator.py for tasks to queue
[2025-01-15 23:26:41,102] {logging_mixin.py:115} INFO - [2025-01-15 23:26:41,102] {dagbag.py:507} INFO - Filling up the DagBag from /mnt/c/Users/ander/Desktop/airflow-spark/airflow-spark/curso2/ambientepython/lib/python3.9/site-packages/airflow/example_dags/example_short_circuit_operator.py
[2025-01-15 23:26:41,150] {processor.py:651} INFO - DAG(s) dict_keys(['example_short_circuit_operator']) retrieved from /mnt/c/Users/ander/Desktop/airflow-spark/airflow-spark/curso2/ambientepython/lib/python3.9/site-packages/airflow/example_dags/example_short_circuit_operator.py
[2025-01-15 23:26:41,217] {logging_mixin.py:115} INFO - [2025-01-15 23:26:41,217] {dag.py:2379} INFO - Sync 1 DAGs
[2025-01-15 23:26:41,254] {logging_mixin.py:115} INFO - [2025-01-15 23:26:41,254] {dag.py:2927} INFO - Setting next_dagrun for example_short_circuit_operator to 2025-01-15T02:26:41.253965+00:00, run_after=2025-01-16T02:26:41.253965+00:00
[2025-01-15 23:26:41,292] {processor.py:161} INFO - Processing /mnt/c/Users/ander/Desktop/airflow-spark/airflow-spark/curso2/ambientepython/lib/python3.9/site-packages/airflow/example_dags/example_short_circuit_operator.py took 0.196 seconds
[2025-01-15 23:27:26,466] {processor.py:153} INFO - Started process (PID=29574) to work on /mnt/c/Users/ander/Desktop/airflow-spark/airflow-spark/curso2/ambientepython/lib/python3.9/site-packages/airflow/example_dags/example_short_circuit_operator.py
[2025-01-15 23:27:26,468] {processor.py:641} INFO - Processing file /mnt/c/Users/ander/Desktop/airflow-spark/airflow-spark/curso2/ambientepython/lib/python3.9/site-packages/airflow/example_dags/example_short_circuit_operator.py for tasks to queue
[2025-01-15 23:27:26,469] {logging_mixin.py:115} INFO - [2025-01-15 23:27:26,468] {dagbag.py:507} INFO - Filling up the DagBag from /mnt/c/Users/ander/Desktop/airflow-spark/airflow-spark/curso2/ambientepython/lib/python3.9/site-packages/airflow/example_dags/example_short_circuit_operator.py
[2025-01-15 23:27:26,519] {processor.py:651} INFO - DAG(s) dict_keys(['example_short_circuit_operator']) retrieved from /mnt/c/Users/ander/Desktop/airflow-spark/airflow-spark/curso2/ambientepython/lib/python3.9/site-packages/airflow/example_dags/example_short_circuit_operator.py
[2025-01-15 23:27:26,559] {logging_mixin.py:115} INFO - [2025-01-15 23:27:26,559] {dag.py:2379} INFO - Sync 1 DAGs
[2025-01-15 23:27:26,589] {logging_mixin.py:115} INFO - [2025-01-15 23:27:26,589] {dag.py:2927} INFO - Setting next_dagrun for example_short_circuit_operator to 2025-01-15T02:27:26.589308+00:00, run_after=2025-01-16T02:27:26.589308+00:00
[2025-01-15 23:27:26,720] {processor.py:161} INFO - Processing /mnt/c/Users/ander/Desktop/airflow-spark/airflow-spark/curso2/ambientepython/lib/python3.9/site-packages/airflow/example_dags/example_short_circuit_operator.py took 0.260 seconds
[2025-01-15 23:28:22,429] {processor.py:153} INFO - Started process (PID=29770) to work on /mnt/c/Users/ander/Desktop/airflow-spark/airflow-spark/curso2/ambientepython/lib/python3.9/site-packages/airflow/example_dags/example_short_circuit_operator.py
[2025-01-15 23:28:22,431] {processor.py:641} INFO - Processing file /mnt/c/Users/ander/Desktop/airflow-spark/airflow-spark/curso2/ambientepython/lib/python3.9/site-packages/airflow/example_dags/example_short_circuit_operator.py for tasks to queue
[2025-01-15 23:28:22,433] {logging_mixin.py:115} INFO - [2025-01-15 23:28:22,433] {dagbag.py:507} INFO - Filling up the DagBag from /mnt/c/Users/ander/Desktop/airflow-spark/airflow-spark/curso2/ambientepython/lib/python3.9/site-packages/airflow/example_dags/example_short_circuit_operator.py
[2025-01-15 23:28:22,488] {processor.py:651} INFO - DAG(s) dict_keys(['example_short_circuit_operator']) retrieved from /mnt/c/Users/ander/Desktop/airflow-spark/airflow-spark/curso2/ambientepython/lib/python3.9/site-packages/airflow/example_dags/example_short_circuit_operator.py
[2025-01-15 23:28:22,537] {logging_mixin.py:115} INFO - [2025-01-15 23:28:22,537] {dag.py:2379} INFO - Sync 1 DAGs
[2025-01-15 23:28:22,579] {logging_mixin.py:115} INFO - [2025-01-15 23:28:22,579] {dag.py:2927} INFO - Setting next_dagrun for example_short_circuit_operator to 2025-01-15T02:28:22.579284+00:00, run_after=2025-01-16T02:28:22.579284+00:00
[2025-01-15 23:28:22,629] {processor.py:161} INFO - Processing /mnt/c/Users/ander/Desktop/airflow-spark/airflow-spark/curso2/ambientepython/lib/python3.9/site-packages/airflow/example_dags/example_short_circuit_operator.py took 0.207 seconds
[2025-01-15 23:29:12,047] {processor.py:153} INFO - Started process (PID=29953) to work on /mnt/c/Users/ander/Desktop/airflow-spark/airflow-spark/curso2/ambientepython/lib/python3.9/site-packages/airflow/example_dags/example_short_circuit_operator.py
[2025-01-15 23:29:12,048] {processor.py:641} INFO - Processing file /mnt/c/Users/ander/Desktop/airflow-spark/airflow-spark/curso2/ambientepython/lib/python3.9/site-packages/airflow/example_dags/example_short_circuit_operator.py for tasks to queue
[2025-01-15 23:29:12,049] {logging_mixin.py:115} INFO - [2025-01-15 23:29:12,049] {dagbag.py:507} INFO - Filling up the DagBag from /mnt/c/Users/ander/Desktop/airflow-spark/airflow-spark/curso2/ambientepython/lib/python3.9/site-packages/airflow/example_dags/example_short_circuit_operator.py
[2025-01-15 23:29:12,096] {processor.py:651} INFO - DAG(s) dict_keys(['example_short_circuit_operator']) retrieved from /mnt/c/Users/ander/Desktop/airflow-spark/airflow-spark/curso2/ambientepython/lib/python3.9/site-packages/airflow/example_dags/example_short_circuit_operator.py
[2025-01-15 23:29:12,144] {logging_mixin.py:115} INFO - [2025-01-15 23:29:12,143] {dag.py:2379} INFO - Sync 1 DAGs
[2025-01-15 23:29:12,177] {logging_mixin.py:115} INFO - [2025-01-15 23:29:12,176] {dag.py:2927} INFO - Setting next_dagrun for example_short_circuit_operator to 2025-01-15T02:29:12.176443+00:00, run_after=2025-01-16T02:29:12.176443+00:00
[2025-01-15 23:29:12,225] {processor.py:161} INFO - Processing /mnt/c/Users/ander/Desktop/airflow-spark/airflow-spark/curso2/ambientepython/lib/python3.9/site-packages/airflow/example_dags/example_short_circuit_operator.py took 0.181 seconds
[2025-01-15 23:29:59,270] {processor.py:153} INFO - Started process (PID=30115) to work on /mnt/c/Users/ander/Desktop/airflow-spark/airflow-spark/curso2/ambientepython/lib/python3.9/site-packages/airflow/example_dags/example_short_circuit_operator.py
[2025-01-15 23:29:59,271] {processor.py:641} INFO - Processing file /mnt/c/Users/ander/Desktop/airflow-spark/airflow-spark/curso2/ambientepython/lib/python3.9/site-packages/airflow/example_dags/example_short_circuit_operator.py for tasks to queue
[2025-01-15 23:29:59,272] {logging_mixin.py:115} INFO - [2025-01-15 23:29:59,272] {dagbag.py:507} INFO - Filling up the DagBag from /mnt/c/Users/ander/Desktop/airflow-spark/airflow-spark/curso2/ambientepython/lib/python3.9/site-packages/airflow/example_dags/example_short_circuit_operator.py
[2025-01-15 23:29:59,343] {processor.py:651} INFO - DAG(s) dict_keys(['example_short_circuit_operator']) retrieved from /mnt/c/Users/ander/Desktop/airflow-spark/airflow-spark/curso2/ambientepython/lib/python3.9/site-packages/airflow/example_dags/example_short_circuit_operator.py
[2025-01-15 23:29:59,396] {logging_mixin.py:115} INFO - [2025-01-15 23:29:59,396] {dag.py:2379} INFO - Sync 1 DAGs
[2025-01-15 23:29:59,443] {logging_mixin.py:115} INFO - [2025-01-15 23:29:59,443] {dag.py:2927} INFO - Setting next_dagrun for example_short_circuit_operator to 2025-01-15T02:29:59.442773+00:00, run_after=2025-01-16T02:29:59.442773+00:00
[2025-01-15 23:29:59,503] {processor.py:161} INFO - Processing /mnt/c/Users/ander/Desktop/airflow-spark/airflow-spark/curso2/ambientepython/lib/python3.9/site-packages/airflow/example_dags/example_short_circuit_operator.py took 0.239 seconds
[2025-01-15 23:31:48,762] {processor.py:153} INFO - Started process (PID=31302) to work on /mnt/c/Users/ander/Desktop/airflow-spark/airflow-spark/curso2/ambientepython/lib/python3.9/site-packages/airflow/example_dags/example_short_circuit_operator.py
[2025-01-15 23:31:48,763] {processor.py:641} INFO - Processing file /mnt/c/Users/ander/Desktop/airflow-spark/airflow-spark/curso2/ambientepython/lib/python3.9/site-packages/airflow/example_dags/example_short_circuit_operator.py for tasks to queue
[2025-01-15 23:31:48,764] {logging_mixin.py:115} INFO - [2025-01-15 23:31:48,764] {dagbag.py:507} INFO - Filling up the DagBag from /mnt/c/Users/ander/Desktop/airflow-spark/airflow-spark/curso2/ambientepython/lib/python3.9/site-packages/airflow/example_dags/example_short_circuit_operator.py
[2025-01-15 23:31:48,815] {processor.py:651} INFO - DAG(s) dict_keys(['example_short_circuit_operator']) retrieved from /mnt/c/Users/ander/Desktop/airflow-spark/airflow-spark/curso2/ambientepython/lib/python3.9/site-packages/airflow/example_dags/example_short_circuit_operator.py
[2025-01-15 23:31:48,864] {logging_mixin.py:115} INFO - [2025-01-15 23:31:48,864] {dag.py:2379} INFO - Sync 1 DAGs
[2025-01-15 23:31:48,900] {logging_mixin.py:115} INFO - [2025-01-15 23:31:48,900] {dag.py:2927} INFO - Setting next_dagrun for example_short_circuit_operator to 2025-01-15T02:31:48.900402+00:00, run_after=2025-01-16T02:31:48.900402+00:00
[2025-01-15 23:31:48,970] {processor.py:161} INFO - Processing /mnt/c/Users/ander/Desktop/airflow-spark/airflow-spark/curso2/ambientepython/lib/python3.9/site-packages/airflow/example_dags/example_short_circuit_operator.py took 0.213 seconds
[2025-01-15 23:32:46,505] {processor.py:153} INFO - Started process (PID=31955) to work on /mnt/c/Users/ander/Desktop/airflow-spark/airflow-spark/curso2/ambientepython/lib/python3.9/site-packages/airflow/example_dags/example_short_circuit_operator.py
[2025-01-15 23:32:46,506] {processor.py:641} INFO - Processing file /mnt/c/Users/ander/Desktop/airflow-spark/airflow-spark/curso2/ambientepython/lib/python3.9/site-packages/airflow/example_dags/example_short_circuit_operator.py for tasks to queue
[2025-01-15 23:32:46,507] {logging_mixin.py:115} INFO - [2025-01-15 23:32:46,507] {dagbag.py:507} INFO - Filling up the DagBag from /mnt/c/Users/ander/Desktop/airflow-spark/airflow-spark/curso2/ambientepython/lib/python3.9/site-packages/airflow/example_dags/example_short_circuit_operator.py
[2025-01-15 23:32:46,558] {processor.py:651} INFO - DAG(s) dict_keys(['example_short_circuit_operator']) retrieved from /mnt/c/Users/ander/Desktop/airflow-spark/airflow-spark/curso2/ambientepython/lib/python3.9/site-packages/airflow/example_dags/example_short_circuit_operator.py
[2025-01-15 23:32:46,603] {logging_mixin.py:115} INFO - [2025-01-15 23:32:46,602] {dag.py:2379} INFO - Sync 1 DAGs
[2025-01-15 23:32:46,636] {logging_mixin.py:115} INFO - [2025-01-15 23:32:46,635] {dag.py:2927} INFO - Setting next_dagrun for example_short_circuit_operator to 2025-01-15T02:32:46.635510+00:00, run_after=2025-01-16T02:32:46.635510+00:00
[2025-01-15 23:32:46,698] {processor.py:161} INFO - Processing /mnt/c/Users/ander/Desktop/airflow-spark/airflow-spark/curso2/ambientepython/lib/python3.9/site-packages/airflow/example_dags/example_short_circuit_operator.py took 0.197 seconds
[2025-01-15 23:33:30,480] {processor.py:153} INFO - Started process (PID=32110) to work on /mnt/c/Users/ander/Desktop/airflow-spark/airflow-spark/curso2/ambientepython/lib/python3.9/site-packages/airflow/example_dags/example_short_circuit_operator.py
[2025-01-15 23:33:30,481] {processor.py:641} INFO - Processing file /mnt/c/Users/ander/Desktop/airflow-spark/airflow-spark/curso2/ambientepython/lib/python3.9/site-packages/airflow/example_dags/example_short_circuit_operator.py for tasks to queue
[2025-01-15 23:33:30,483] {logging_mixin.py:115} INFO - [2025-01-15 23:33:30,483] {dagbag.py:507} INFO - Filling up the DagBag from /mnt/c/Users/ander/Desktop/airflow-spark/airflow-spark/curso2/ambientepython/lib/python3.9/site-packages/airflow/example_dags/example_short_circuit_operator.py
[2025-01-15 23:33:30,535] {processor.py:651} INFO - DAG(s) dict_keys(['example_short_circuit_operator']) retrieved from /mnt/c/Users/ander/Desktop/airflow-spark/airflow-spark/curso2/ambientepython/lib/python3.9/site-packages/airflow/example_dags/example_short_circuit_operator.py
[2025-01-15 23:33:30,569] {logging_mixin.py:115} INFO - [2025-01-15 23:33:30,569] {dag.py:2379} INFO - Sync 1 DAGs
[2025-01-15 23:33:30,596] {logging_mixin.py:115} INFO - [2025-01-15 23:33:30,595] {dag.py:2927} INFO - Setting next_dagrun for example_short_circuit_operator to 2025-01-15T02:33:30.595595+00:00, run_after=2025-01-16T02:33:30.595595+00:00
[2025-01-15 23:33:30,640] {processor.py:161} INFO - Processing /mnt/c/Users/ander/Desktop/airflow-spark/airflow-spark/curso2/ambientepython/lib/python3.9/site-packages/airflow/example_dags/example_short_circuit_operator.py took 0.164 seconds
[2025-01-15 23:34:16,193] {processor.py:153} INFO - Started process (PID=32278) to work on /mnt/c/Users/ander/Desktop/airflow-spark/airflow-spark/curso2/ambientepython/lib/python3.9/site-packages/airflow/example_dags/example_short_circuit_operator.py
[2025-01-15 23:34:16,194] {processor.py:641} INFO - Processing file /mnt/c/Users/ander/Desktop/airflow-spark/airflow-spark/curso2/ambientepython/lib/python3.9/site-packages/airflow/example_dags/example_short_circuit_operator.py for tasks to queue
[2025-01-15 23:34:16,196] {logging_mixin.py:115} INFO - [2025-01-15 23:34:16,195] {dagbag.py:507} INFO - Filling up the DagBag from /mnt/c/Users/ander/Desktop/airflow-spark/airflow-spark/curso2/ambientepython/lib/python3.9/site-packages/airflow/example_dags/example_short_circuit_operator.py
[2025-01-15 23:34:16,246] {processor.py:651} INFO - DAG(s) dict_keys(['example_short_circuit_operator']) retrieved from /mnt/c/Users/ander/Desktop/airflow-spark/airflow-spark/curso2/ambientepython/lib/python3.9/site-packages/airflow/example_dags/example_short_circuit_operator.py
[2025-01-15 23:34:16,298] {logging_mixin.py:115} INFO - [2025-01-15 23:34:16,297] {dag.py:2379} INFO - Sync 1 DAGs
[2025-01-15 23:34:16,328] {logging_mixin.py:115} INFO - [2025-01-15 23:34:16,328] {dag.py:2927} INFO - Setting next_dagrun for example_short_circuit_operator to 2025-01-15T02:34:16.328061+00:00, run_after=2025-01-16T02:34:16.328061+00:00
[2025-01-15 23:34:17,044] {processor.py:161} INFO - Processing /mnt/c/Users/ander/Desktop/airflow-spark/airflow-spark/curso2/ambientepython/lib/python3.9/site-packages/airflow/example_dags/example_short_circuit_operator.py took 0.183 seconds
[2025-01-15 23:35:00,257] {processor.py:153} INFO - Started process (PID=32439) to work on /mnt/c/Users/ander/Desktop/airflow-spark/airflow-spark/curso2/ambientepython/lib/python3.9/site-packages/airflow/example_dags/example_short_circuit_operator.py
[2025-01-15 23:35:00,258] {processor.py:641} INFO - Processing file /mnt/c/Users/ander/Desktop/airflow-spark/airflow-spark/curso2/ambientepython/lib/python3.9/site-packages/airflow/example_dags/example_short_circuit_operator.py for tasks to queue
[2025-01-15 23:35:00,259] {logging_mixin.py:115} INFO - [2025-01-15 23:35:00,259] {dagbag.py:507} INFO - Filling up the DagBag from /mnt/c/Users/ander/Desktop/airflow-spark/airflow-spark/curso2/ambientepython/lib/python3.9/site-packages/airflow/example_dags/example_short_circuit_operator.py
[2025-01-15 23:35:00,300] {processor.py:651} INFO - DAG(s) dict_keys(['example_short_circuit_operator']) retrieved from /mnt/c/Users/ander/Desktop/airflow-spark/airflow-spark/curso2/ambientepython/lib/python3.9/site-packages/airflow/example_dags/example_short_circuit_operator.py
[2025-01-15 23:35:00,339] {logging_mixin.py:115} INFO - [2025-01-15 23:35:00,339] {dag.py:2379} INFO - Sync 1 DAGs
[2025-01-15 23:35:00,368] {logging_mixin.py:115} INFO - [2025-01-15 23:35:00,368] {dag.py:2927} INFO - Setting next_dagrun for example_short_circuit_operator to 2025-01-15T02:35:00.367915+00:00, run_after=2025-01-16T02:35:00.367915+00:00
[2025-01-15 23:35:00,413] {processor.py:161} INFO - Processing /mnt/c/Users/ander/Desktop/airflow-spark/airflow-spark/curso2/ambientepython/lib/python3.9/site-packages/airflow/example_dags/example_short_circuit_operator.py took 0.160 seconds
[2025-01-15 23:35:47,890] {processor.py:153} INFO - Started process (PID=32607) to work on /mnt/c/Users/ander/Desktop/airflow-spark/airflow-spark/curso2/ambientepython/lib/python3.9/site-packages/airflow/example_dags/example_short_circuit_operator.py
[2025-01-15 23:35:47,891] {processor.py:641} INFO - Processing file /mnt/c/Users/ander/Desktop/airflow-spark/airflow-spark/curso2/ambientepython/lib/python3.9/site-packages/airflow/example_dags/example_short_circuit_operator.py for tasks to queue
[2025-01-15 23:35:47,892] {logging_mixin.py:115} INFO - [2025-01-15 23:35:47,892] {dagbag.py:507} INFO - Filling up the DagBag from /mnt/c/Users/ander/Desktop/airflow-spark/airflow-spark/curso2/ambientepython/lib/python3.9/site-packages/airflow/example_dags/example_short_circuit_operator.py
[2025-01-15 23:35:47,951] {processor.py:651} INFO - DAG(s) dict_keys(['example_short_circuit_operator']) retrieved from /mnt/c/Users/ander/Desktop/airflow-spark/airflow-spark/curso2/ambientepython/lib/python3.9/site-packages/airflow/example_dags/example_short_circuit_operator.py
[2025-01-15 23:35:48,001] {logging_mixin.py:115} INFO - [2025-01-15 23:35:48,001] {dag.py:2379} INFO - Sync 1 DAGs
[2025-01-15 23:35:48,034] {logging_mixin.py:115} INFO - [2025-01-15 23:35:48,034] {dag.py:2927} INFO - Setting next_dagrun for example_short_circuit_operator to 2025-01-15T02:35:48.034421+00:00, run_after=2025-01-16T02:35:48.034421+00:00
[2025-01-15 23:35:48,095] {processor.py:161} INFO - Processing /mnt/c/Users/ander/Desktop/airflow-spark/airflow-spark/curso2/ambientepython/lib/python3.9/site-packages/airflow/example_dags/example_short_circuit_operator.py took 0.208 seconds
[2025-01-15 23:36:42,683] {processor.py:153} INFO - Started process (PID=32802) to work on /mnt/c/Users/ander/Desktop/airflow-spark/airflow-spark/curso2/ambientepython/lib/python3.9/site-packages/airflow/example_dags/example_short_circuit_operator.py
[2025-01-15 23:36:42,685] {processor.py:641} INFO - Processing file /mnt/c/Users/ander/Desktop/airflow-spark/airflow-spark/curso2/ambientepython/lib/python3.9/site-packages/airflow/example_dags/example_short_circuit_operator.py for tasks to queue
[2025-01-15 23:36:42,686] {logging_mixin.py:115} INFO - [2025-01-15 23:36:42,686] {dagbag.py:507} INFO - Filling up the DagBag from /mnt/c/Users/ander/Desktop/airflow-spark/airflow-spark/curso2/ambientepython/lib/python3.9/site-packages/airflow/example_dags/example_short_circuit_operator.py
[2025-01-15 23:36:42,748] {processor.py:651} INFO - DAG(s) dict_keys(['example_short_circuit_operator']) retrieved from /mnt/c/Users/ander/Desktop/airflow-spark/airflow-spark/curso2/ambientepython/lib/python3.9/site-packages/airflow/example_dags/example_short_circuit_operator.py
[2025-01-15 23:36:42,805] {logging_mixin.py:115} INFO - [2025-01-15 23:36:42,805] {dag.py:2379} INFO - Sync 1 DAGs
[2025-01-15 23:36:42,838] {logging_mixin.py:115} INFO - [2025-01-15 23:36:42,838] {dag.py:2927} INFO - Setting next_dagrun for example_short_circuit_operator to 2025-01-15T02:36:42.837981+00:00, run_after=2025-01-16T02:36:42.837981+00:00
[2025-01-15 23:36:42,896] {processor.py:161} INFO - Processing /mnt/c/Users/ander/Desktop/airflow-spark/airflow-spark/curso2/ambientepython/lib/python3.9/site-packages/airflow/example_dags/example_short_circuit_operator.py took 0.217 seconds
[2025-01-15 23:37:41,448] {processor.py:153} INFO - Started process (PID=33059) to work on /mnt/c/Users/ander/Desktop/airflow-spark/airflow-spark/curso2/ambientepython/lib/python3.9/site-packages/airflow/example_dags/example_short_circuit_operator.py
[2025-01-15 23:37:41,451] {processor.py:641} INFO - Processing file /mnt/c/Users/ander/Desktop/airflow-spark/airflow-spark/curso2/ambientepython/lib/python3.9/site-packages/airflow/example_dags/example_short_circuit_operator.py for tasks to queue
[2025-01-15 23:37:41,453] {logging_mixin.py:115} INFO - [2025-01-15 23:37:41,452] {dagbag.py:507} INFO - Filling up the DagBag from /mnt/c/Users/ander/Desktop/airflow-spark/airflow-spark/curso2/ambientepython/lib/python3.9/site-packages/airflow/example_dags/example_short_circuit_operator.py
[2025-01-15 23:37:41,515] {processor.py:651} INFO - DAG(s) dict_keys(['example_short_circuit_operator']) retrieved from /mnt/c/Users/ander/Desktop/airflow-spark/airflow-spark/curso2/ambientepython/lib/python3.9/site-packages/airflow/example_dags/example_short_circuit_operator.py
[2025-01-15 23:37:41,565] {logging_mixin.py:115} INFO - [2025-01-15 23:37:41,565] {dag.py:2379} INFO - Sync 1 DAGs
[2025-01-15 23:37:41,600] {logging_mixin.py:115} INFO - [2025-01-15 23:37:41,600] {dag.py:2927} INFO - Setting next_dagrun for example_short_circuit_operator to 2025-01-15T02:37:41.600405+00:00, run_after=2025-01-16T02:37:41.600405+00:00
[2025-01-15 23:37:41,665] {processor.py:161} INFO - Processing /mnt/c/Users/ander/Desktop/airflow-spark/airflow-spark/curso2/ambientepython/lib/python3.9/site-packages/airflow/example_dags/example_short_circuit_operator.py took 0.223 seconds
[2025-01-15 23:38:32,335] {processor.py:153} INFO - Started process (PID=33240) to work on /mnt/c/Users/ander/Desktop/airflow-spark/airflow-spark/curso2/ambientepython/lib/python3.9/site-packages/airflow/example_dags/example_short_circuit_operator.py
[2025-01-15 23:38:32,336] {processor.py:641} INFO - Processing file /mnt/c/Users/ander/Desktop/airflow-spark/airflow-spark/curso2/ambientepython/lib/python3.9/site-packages/airflow/example_dags/example_short_circuit_operator.py for tasks to queue
[2025-01-15 23:38:32,337] {logging_mixin.py:115} INFO - [2025-01-15 23:38:32,337] {dagbag.py:507} INFO - Filling up the DagBag from /mnt/c/Users/ander/Desktop/airflow-spark/airflow-spark/curso2/ambientepython/lib/python3.9/site-packages/airflow/example_dags/example_short_circuit_operator.py
[2025-01-15 23:38:32,392] {processor.py:651} INFO - DAG(s) dict_keys(['example_short_circuit_operator']) retrieved from /mnt/c/Users/ander/Desktop/airflow-spark/airflow-spark/curso2/ambientepython/lib/python3.9/site-packages/airflow/example_dags/example_short_circuit_operator.py
[2025-01-15 23:38:32,436] {logging_mixin.py:115} INFO - [2025-01-15 23:38:32,436] {dag.py:2379} INFO - Sync 1 DAGs
[2025-01-15 23:38:32,471] {logging_mixin.py:115} INFO - [2025-01-15 23:38:32,471] {dag.py:2927} INFO - Setting next_dagrun for example_short_circuit_operator to 2025-01-15T02:38:32.471154+00:00, run_after=2025-01-16T02:38:32.471154+00:00
[2025-01-15 23:38:32,536] {processor.py:161} INFO - Processing /mnt/c/Users/ander/Desktop/airflow-spark/airflow-spark/curso2/ambientepython/lib/python3.9/site-packages/airflow/example_dags/example_short_circuit_operator.py took 0.207 seconds
[2025-01-15 23:39:17,627] {processor.py:153} INFO - Started process (PID=33402) to work on /mnt/c/Users/ander/Desktop/airflow-spark/airflow-spark/curso2/ambientepython/lib/python3.9/site-packages/airflow/example_dags/example_short_circuit_operator.py
[2025-01-15 23:39:17,628] {processor.py:641} INFO - Processing file /mnt/c/Users/ander/Desktop/airflow-spark/airflow-spark/curso2/ambientepython/lib/python3.9/site-packages/airflow/example_dags/example_short_circuit_operator.py for tasks to queue
[2025-01-15 23:39:17,629] {logging_mixin.py:115} INFO - [2025-01-15 23:39:17,629] {dagbag.py:507} INFO - Filling up the DagBag from /mnt/c/Users/ander/Desktop/airflow-spark/airflow-spark/curso2/ambientepython/lib/python3.9/site-packages/airflow/example_dags/example_short_circuit_operator.py
[2025-01-15 23:39:17,691] {processor.py:651} INFO - DAG(s) dict_keys(['example_short_circuit_operator']) retrieved from /mnt/c/Users/ander/Desktop/airflow-spark/airflow-spark/curso2/ambientepython/lib/python3.9/site-packages/airflow/example_dags/example_short_circuit_operator.py
[2025-01-15 23:39:17,743] {logging_mixin.py:115} INFO - [2025-01-15 23:39:17,742] {dag.py:2379} INFO - Sync 1 DAGs
[2025-01-15 23:39:17,783] {logging_mixin.py:115} INFO - [2025-01-15 23:39:17,783] {dag.py:2927} INFO - Setting next_dagrun for example_short_circuit_operator to 2025-01-15T02:39:17.782476+00:00, run_after=2025-01-16T02:39:17.782476+00:00
[2025-01-15 23:39:17,843] {processor.py:161} INFO - Processing /mnt/c/Users/ander/Desktop/airflow-spark/airflow-spark/curso2/ambientepython/lib/python3.9/site-packages/airflow/example_dags/example_short_circuit_operator.py took 0.220 seconds
[2025-01-15 23:40:11,432] {processor.py:153} INFO - Started process (PID=33598) to work on /mnt/c/Users/ander/Desktop/airflow-spark/airflow-spark/curso2/ambientepython/lib/python3.9/site-packages/airflow/example_dags/example_short_circuit_operator.py
[2025-01-15 23:40:11,433] {processor.py:641} INFO - Processing file /mnt/c/Users/ander/Desktop/airflow-spark/airflow-spark/curso2/ambientepython/lib/python3.9/site-packages/airflow/example_dags/example_short_circuit_operator.py for tasks to queue
[2025-01-15 23:40:11,434] {logging_mixin.py:115} INFO - [2025-01-15 23:40:11,434] {dagbag.py:507} INFO - Filling up the DagBag from /mnt/c/Users/ander/Desktop/airflow-spark/airflow-spark/curso2/ambientepython/lib/python3.9/site-packages/airflow/example_dags/example_short_circuit_operator.py
[2025-01-15 23:40:11,497] {processor.py:651} INFO - DAG(s) dict_keys(['example_short_circuit_operator']) retrieved from /mnt/c/Users/ander/Desktop/airflow-spark/airflow-spark/curso2/ambientepython/lib/python3.9/site-packages/airflow/example_dags/example_short_circuit_operator.py
[2025-01-15 23:40:11,549] {logging_mixin.py:115} INFO - [2025-01-15 23:40:11,549] {dag.py:2379} INFO - Sync 1 DAGs
[2025-01-15 23:40:11,585] {logging_mixin.py:115} INFO - [2025-01-15 23:40:11,585] {dag.py:2927} INFO - Setting next_dagrun for example_short_circuit_operator to 2025-01-15T02:40:11.585086+00:00, run_after=2025-01-16T02:40:11.585086+00:00
[2025-01-15 23:40:11,650] {processor.py:161} INFO - Processing /mnt/c/Users/ander/Desktop/airflow-spark/airflow-spark/curso2/ambientepython/lib/python3.9/site-packages/airflow/example_dags/example_short_circuit_operator.py took 0.222 seconds
[2025-01-15 23:41:03,415] {processor.py:153} INFO - Started process (PID=33781) to work on /mnt/c/Users/ander/Desktop/airflow-spark/airflow-spark/curso2/ambientepython/lib/python3.9/site-packages/airflow/example_dags/example_short_circuit_operator.py
[2025-01-15 23:41:03,416] {processor.py:641} INFO - Processing file /mnt/c/Users/ander/Desktop/airflow-spark/airflow-spark/curso2/ambientepython/lib/python3.9/site-packages/airflow/example_dags/example_short_circuit_operator.py for tasks to queue
[2025-01-15 23:41:03,417] {logging_mixin.py:115} INFO - [2025-01-15 23:41:03,417] {dagbag.py:507} INFO - Filling up the DagBag from /mnt/c/Users/ander/Desktop/airflow-spark/airflow-spark/curso2/ambientepython/lib/python3.9/site-packages/airflow/example_dags/example_short_circuit_operator.py
[2025-01-15 23:41:03,467] {processor.py:651} INFO - DAG(s) dict_keys(['example_short_circuit_operator']) retrieved from /mnt/c/Users/ander/Desktop/airflow-spark/airflow-spark/curso2/ambientepython/lib/python3.9/site-packages/airflow/example_dags/example_short_circuit_operator.py
[2025-01-15 23:41:03,516] {logging_mixin.py:115} INFO - [2025-01-15 23:41:03,516] {dag.py:2379} INFO - Sync 1 DAGs
[2025-01-15 23:41:03,552] {logging_mixin.py:115} INFO - [2025-01-15 23:41:03,552] {dag.py:2927} INFO - Setting next_dagrun for example_short_circuit_operator to 2025-01-15T02:41:03.551943+00:00, run_after=2025-01-16T02:41:03.551943+00:00
[2025-01-15 23:41:03,608] {processor.py:161} INFO - Processing /mnt/c/Users/ander/Desktop/airflow-spark/airflow-spark/curso2/ambientepython/lib/python3.9/site-packages/airflow/example_dags/example_short_circuit_operator.py took 0.197 seconds
[2025-01-15 23:41:54,875] {processor.py:153} INFO - Started process (PID=33964) to work on /mnt/c/Users/ander/Desktop/airflow-spark/airflow-spark/curso2/ambientepython/lib/python3.9/site-packages/airflow/example_dags/example_short_circuit_operator.py
[2025-01-15 23:41:54,876] {processor.py:641} INFO - Processing file /mnt/c/Users/ander/Desktop/airflow-spark/airflow-spark/curso2/ambientepython/lib/python3.9/site-packages/airflow/example_dags/example_short_circuit_operator.py for tasks to queue
[2025-01-15 23:41:54,877] {logging_mixin.py:115} INFO - [2025-01-15 23:41:54,877] {dagbag.py:507} INFO - Filling up the DagBag from /mnt/c/Users/ander/Desktop/airflow-spark/airflow-spark/curso2/ambientepython/lib/python3.9/site-packages/airflow/example_dags/example_short_circuit_operator.py
[2025-01-15 23:41:54,931] {processor.py:651} INFO - DAG(s) dict_keys(['example_short_circuit_operator']) retrieved from /mnt/c/Users/ander/Desktop/airflow-spark/airflow-spark/curso2/ambientepython/lib/python3.9/site-packages/airflow/example_dags/example_short_circuit_operator.py
[2025-01-15 23:41:54,987] {logging_mixin.py:115} INFO - [2025-01-15 23:41:54,987] {dag.py:2379} INFO - Sync 1 DAGs
[2025-01-15 23:41:55,032] {logging_mixin.py:115} INFO - [2025-01-15 23:41:55,032] {dag.py:2927} INFO - Setting next_dagrun for example_short_circuit_operator to 2025-01-15T02:41:55.032231+00:00, run_after=2025-01-16T02:41:55.032231+00:00
[2025-01-15 23:41:55,084] {processor.py:161} INFO - Processing /mnt/c/Users/ander/Desktop/airflow-spark/airflow-spark/curso2/ambientepython/lib/python3.9/site-packages/airflow/example_dags/example_short_circuit_operator.py took 0.213 seconds
[2025-01-15 23:42:43,371] {processor.py:153} INFO - Started process (PID=34140) to work on /mnt/c/Users/ander/Desktop/airflow-spark/airflow-spark/curso2/ambientepython/lib/python3.9/site-packages/airflow/example_dags/example_short_circuit_operator.py
[2025-01-15 23:42:43,372] {processor.py:641} INFO - Processing file /mnt/c/Users/ander/Desktop/airflow-spark/airflow-spark/curso2/ambientepython/lib/python3.9/site-packages/airflow/example_dags/example_short_circuit_operator.py for tasks to queue
[2025-01-15 23:42:43,373] {logging_mixin.py:115} INFO - [2025-01-15 23:42:43,373] {dagbag.py:507} INFO - Filling up the DagBag from /mnt/c/Users/ander/Desktop/airflow-spark/airflow-spark/curso2/ambientepython/lib/python3.9/site-packages/airflow/example_dags/example_short_circuit_operator.py
[2025-01-15 23:42:43,422] {processor.py:651} INFO - DAG(s) dict_keys(['example_short_circuit_operator']) retrieved from /mnt/c/Users/ander/Desktop/airflow-spark/airflow-spark/curso2/ambientepython/lib/python3.9/site-packages/airflow/example_dags/example_short_circuit_operator.py
[2025-01-15 23:42:43,466] {logging_mixin.py:115} INFO - [2025-01-15 23:42:43,466] {dag.py:2379} INFO - Sync 1 DAGs
[2025-01-15 23:42:43,501] {logging_mixin.py:115} INFO - [2025-01-15 23:42:43,501] {dag.py:2927} INFO - Setting next_dagrun for example_short_circuit_operator to 2025-01-15T02:42:43.500691+00:00, run_after=2025-01-16T02:42:43.500691+00:00
[2025-01-15 23:42:43,555] {processor.py:161} INFO - Processing /mnt/c/Users/ander/Desktop/airflow-spark/airflow-spark/curso2/ambientepython/lib/python3.9/site-packages/airflow/example_dags/example_short_circuit_operator.py took 0.188 seconds
[2025-01-15 23:43:26,524] {processor.py:153} INFO - Started process (PID=34347) to work on /mnt/c/Users/ander/Desktop/airflow-spark/airflow-spark/curso2/ambientepython/lib/python3.9/site-packages/airflow/example_dags/example_short_circuit_operator.py
[2025-01-15 23:43:26,525] {processor.py:641} INFO - Processing file /mnt/c/Users/ander/Desktop/airflow-spark/airflow-spark/curso2/ambientepython/lib/python3.9/site-packages/airflow/example_dags/example_short_circuit_operator.py for tasks to queue
[2025-01-15 23:43:26,526] {logging_mixin.py:115} INFO - [2025-01-15 23:43:26,526] {dagbag.py:507} INFO - Filling up the DagBag from /mnt/c/Users/ander/Desktop/airflow-spark/airflow-spark/curso2/ambientepython/lib/python3.9/site-packages/airflow/example_dags/example_short_circuit_operator.py
[2025-01-15 23:43:26,592] {processor.py:651} INFO - DAG(s) dict_keys(['example_short_circuit_operator']) retrieved from /mnt/c/Users/ander/Desktop/airflow-spark/airflow-spark/curso2/ambientepython/lib/python3.9/site-packages/airflow/example_dags/example_short_circuit_operator.py
[2025-01-15 23:43:26,645] {logging_mixin.py:115} INFO - [2025-01-15 23:43:26,645] {dag.py:2379} INFO - Sync 1 DAGs
[2025-01-15 23:43:26,682] {logging_mixin.py:115} INFO - [2025-01-15 23:43:26,682] {dag.py:2927} INFO - Setting next_dagrun for example_short_circuit_operator to 2025-01-15T02:43:26.682040+00:00, run_after=2025-01-16T02:43:26.682040+00:00
[2025-01-15 23:43:26,744] {processor.py:161} INFO - Processing /mnt/c/Users/ander/Desktop/airflow-spark/airflow-spark/curso2/ambientepython/lib/python3.9/site-packages/airflow/example_dags/example_short_circuit_operator.py took 0.225 seconds
[2025-01-15 23:44:19,860] {processor.py:153} INFO - Started process (PID=34537) to work on /mnt/c/Users/ander/Desktop/airflow-spark/airflow-spark/curso2/ambientepython/lib/python3.9/site-packages/airflow/example_dags/example_short_circuit_operator.py
[2025-01-15 23:44:19,861] {processor.py:641} INFO - Processing file /mnt/c/Users/ander/Desktop/airflow-spark/airflow-spark/curso2/ambientepython/lib/python3.9/site-packages/airflow/example_dags/example_short_circuit_operator.py for tasks to queue
[2025-01-15 23:44:19,862] {logging_mixin.py:115} INFO - [2025-01-15 23:44:19,862] {dagbag.py:507} INFO - Filling up the DagBag from /mnt/c/Users/ander/Desktop/airflow-spark/airflow-spark/curso2/ambientepython/lib/python3.9/site-packages/airflow/example_dags/example_short_circuit_operator.py
[2025-01-15 23:44:19,916] {processor.py:651} INFO - DAG(s) dict_keys(['example_short_circuit_operator']) retrieved from /mnt/c/Users/ander/Desktop/airflow-spark/airflow-spark/curso2/ambientepython/lib/python3.9/site-packages/airflow/example_dags/example_short_circuit_operator.py
[2025-01-15 23:44:19,962] {logging_mixin.py:115} INFO - [2025-01-15 23:44:19,962] {dag.py:2379} INFO - Sync 1 DAGs
[2025-01-15 23:44:20,002] {logging_mixin.py:115} INFO - [2025-01-15 23:44:20,001] {dag.py:2927} INFO - Setting next_dagrun for example_short_circuit_operator to 2025-01-15T02:44:20.001585+00:00, run_after=2025-01-16T02:44:20.001585+00:00
[2025-01-15 23:44:20,058] {processor.py:161} INFO - Processing /mnt/c/Users/ander/Desktop/airflow-spark/airflow-spark/curso2/ambientepython/lib/python3.9/site-packages/airflow/example_dags/example_short_circuit_operator.py took 0.203 seconds
[2025-01-15 23:45:15,279] {processor.py:153} INFO - Started process (PID=34737) to work on /mnt/c/Users/ander/Desktop/airflow-spark/airflow-spark/curso2/ambientepython/lib/python3.9/site-packages/airflow/example_dags/example_short_circuit_operator.py
[2025-01-15 23:45:15,280] {processor.py:641} INFO - Processing file /mnt/c/Users/ander/Desktop/airflow-spark/airflow-spark/curso2/ambientepython/lib/python3.9/site-packages/airflow/example_dags/example_short_circuit_operator.py for tasks to queue
[2025-01-15 23:45:15,281] {logging_mixin.py:115} INFO - [2025-01-15 23:45:15,281] {dagbag.py:507} INFO - Filling up the DagBag from /mnt/c/Users/ander/Desktop/airflow-spark/airflow-spark/curso2/ambientepython/lib/python3.9/site-packages/airflow/example_dags/example_short_circuit_operator.py
[2025-01-15 23:45:15,337] {processor.py:651} INFO - DAG(s) dict_keys(['example_short_circuit_operator']) retrieved from /mnt/c/Users/ander/Desktop/airflow-spark/airflow-spark/curso2/ambientepython/lib/python3.9/site-packages/airflow/example_dags/example_short_circuit_operator.py
[2025-01-15 23:45:15,381] {logging_mixin.py:115} INFO - [2025-01-15 23:45:15,381] {dag.py:2379} INFO - Sync 1 DAGs
[2025-01-15 23:45:15,412] {logging_mixin.py:115} INFO - [2025-01-15 23:45:15,412] {dag.py:2927} INFO - Setting next_dagrun for example_short_circuit_operator to 2025-01-15T02:45:15.411798+00:00, run_after=2025-01-16T02:45:15.411798+00:00
[2025-01-15 23:45:15,453] {processor.py:161} INFO - Processing /mnt/c/Users/ander/Desktop/airflow-spark/airflow-spark/curso2/ambientepython/lib/python3.9/site-packages/airflow/example_dags/example_short_circuit_operator.py took 0.179 seconds
[2025-01-15 23:45:59,486] {processor.py:153} INFO - Started process (PID=34895) to work on /mnt/c/Users/ander/Desktop/airflow-spark/airflow-spark/curso2/ambientepython/lib/python3.9/site-packages/airflow/example_dags/example_short_circuit_operator.py
[2025-01-15 23:45:59,487] {processor.py:641} INFO - Processing file /mnt/c/Users/ander/Desktop/airflow-spark/airflow-spark/curso2/ambientepython/lib/python3.9/site-packages/airflow/example_dags/example_short_circuit_operator.py for tasks to queue
[2025-01-15 23:45:59,488] {logging_mixin.py:115} INFO - [2025-01-15 23:45:59,488] {dagbag.py:507} INFO - Filling up the DagBag from /mnt/c/Users/ander/Desktop/airflow-spark/airflow-spark/curso2/ambientepython/lib/python3.9/site-packages/airflow/example_dags/example_short_circuit_operator.py
[2025-01-15 23:45:59,543] {processor.py:651} INFO - DAG(s) dict_keys(['example_short_circuit_operator']) retrieved from /mnt/c/Users/ander/Desktop/airflow-spark/airflow-spark/curso2/ambientepython/lib/python3.9/site-packages/airflow/example_dags/example_short_circuit_operator.py
[2025-01-15 23:45:59,591] {logging_mixin.py:115} INFO - [2025-01-15 23:45:59,591] {dag.py:2379} INFO - Sync 1 DAGs
[2025-01-15 23:45:59,623] {logging_mixin.py:115} INFO - [2025-01-15 23:45:59,623] {dag.py:2927} INFO - Setting next_dagrun for example_short_circuit_operator to 2025-01-15T02:45:59.622744+00:00, run_after=2025-01-16T02:45:59.622744+00:00
[2025-01-15 23:45:59,672] {processor.py:161} INFO - Processing /mnt/c/Users/ander/Desktop/airflow-spark/airflow-spark/curso2/ambientepython/lib/python3.9/site-packages/airflow/example_dags/example_short_circuit_operator.py took 0.190 seconds
[2025-01-15 23:46:44,620] {processor.py:153} INFO - Started process (PID=35063) to work on /mnt/c/Users/ander/Desktop/airflow-spark/airflow-spark/curso2/ambientepython/lib/python3.9/site-packages/airflow/example_dags/example_short_circuit_operator.py
[2025-01-15 23:46:44,622] {processor.py:641} INFO - Processing file /mnt/c/Users/ander/Desktop/airflow-spark/airflow-spark/curso2/ambientepython/lib/python3.9/site-packages/airflow/example_dags/example_short_circuit_operator.py for tasks to queue
[2025-01-15 23:46:44,622] {logging_mixin.py:115} INFO - [2025-01-15 23:46:44,622] {dagbag.py:507} INFO - Filling up the DagBag from /mnt/c/Users/ander/Desktop/airflow-spark/airflow-spark/curso2/ambientepython/lib/python3.9/site-packages/airflow/example_dags/example_short_circuit_operator.py
[2025-01-15 23:46:44,675] {processor.py:651} INFO - DAG(s) dict_keys(['example_short_circuit_operator']) retrieved from /mnt/c/Users/ander/Desktop/airflow-spark/airflow-spark/curso2/ambientepython/lib/python3.9/site-packages/airflow/example_dags/example_short_circuit_operator.py
[2025-01-15 23:46:44,718] {logging_mixin.py:115} INFO - [2025-01-15 23:46:44,718] {dag.py:2379} INFO - Sync 1 DAGs
[2025-01-15 23:46:44,751] {logging_mixin.py:115} INFO - [2025-01-15 23:46:44,751] {dag.py:2927} INFO - Setting next_dagrun for example_short_circuit_operator to 2025-01-15T02:46:44.750687+00:00, run_after=2025-01-16T02:46:44.750687+00:00
[2025-01-15 23:46:44,801] {processor.py:161} INFO - Processing /mnt/c/Users/ander/Desktop/airflow-spark/airflow-spark/curso2/ambientepython/lib/python3.9/site-packages/airflow/example_dags/example_short_circuit_operator.py took 0.185 seconds
[2025-01-15 23:47:26,837] {processor.py:153} INFO - Started process (PID=35216) to work on /mnt/c/Users/ander/Desktop/airflow-spark/airflow-spark/curso2/ambientepython/lib/python3.9/site-packages/airflow/example_dags/example_short_circuit_operator.py
[2025-01-15 23:47:26,838] {processor.py:641} INFO - Processing file /mnt/c/Users/ander/Desktop/airflow-spark/airflow-spark/curso2/ambientepython/lib/python3.9/site-packages/airflow/example_dags/example_short_circuit_operator.py for tasks to queue
[2025-01-15 23:47:26,839] {logging_mixin.py:115} INFO - [2025-01-15 23:47:26,839] {dagbag.py:507} INFO - Filling up the DagBag from /mnt/c/Users/ander/Desktop/airflow-spark/airflow-spark/curso2/ambientepython/lib/python3.9/site-packages/airflow/example_dags/example_short_circuit_operator.py
[2025-01-15 23:47:26,881] {processor.py:651} INFO - DAG(s) dict_keys(['example_short_circuit_operator']) retrieved from /mnt/c/Users/ander/Desktop/airflow-spark/airflow-spark/curso2/ambientepython/lib/python3.9/site-packages/airflow/example_dags/example_short_circuit_operator.py
[2025-01-15 23:47:26,920] {logging_mixin.py:115} INFO - [2025-01-15 23:47:26,920] {dag.py:2379} INFO - Sync 1 DAGs
[2025-01-15 23:47:26,950] {logging_mixin.py:115} INFO - [2025-01-15 23:47:26,950] {dag.py:2927} INFO - Setting next_dagrun for example_short_circuit_operator to 2025-01-15T02:47:26.950170+00:00, run_after=2025-01-16T02:47:26.950170+00:00
[2025-01-15 23:47:26,991] {processor.py:161} INFO - Processing /mnt/c/Users/ander/Desktop/airflow-spark/airflow-spark/curso2/ambientepython/lib/python3.9/site-packages/airflow/example_dags/example_short_circuit_operator.py took 0.158 seconds
[2025-01-15 23:48:11,092] {processor.py:153} INFO - Started process (PID=35429) to work on /mnt/c/Users/ander/Desktop/airflow-spark/airflow-spark/curso2/ambientepython/lib/python3.9/site-packages/airflow/example_dags/example_short_circuit_operator.py
[2025-01-15 23:48:11,093] {processor.py:641} INFO - Processing file /mnt/c/Users/ander/Desktop/airflow-spark/airflow-spark/curso2/ambientepython/lib/python3.9/site-packages/airflow/example_dags/example_short_circuit_operator.py for tasks to queue
[2025-01-15 23:48:11,094] {logging_mixin.py:115} INFO - [2025-01-15 23:48:11,094] {dagbag.py:507} INFO - Filling up the DagBag from /mnt/c/Users/ander/Desktop/airflow-spark/airflow-spark/curso2/ambientepython/lib/python3.9/site-packages/airflow/example_dags/example_short_circuit_operator.py
[2025-01-15 23:48:11,142] {processor.py:651} INFO - DAG(s) dict_keys(['example_short_circuit_operator']) retrieved from /mnt/c/Users/ander/Desktop/airflow-spark/airflow-spark/curso2/ambientepython/lib/python3.9/site-packages/airflow/example_dags/example_short_circuit_operator.py
[2025-01-15 23:48:11,190] {logging_mixin.py:115} INFO - [2025-01-15 23:48:11,190] {dag.py:2379} INFO - Sync 1 DAGs
[2025-01-15 23:48:11,222] {logging_mixin.py:115} INFO - [2025-01-15 23:48:11,221] {dag.py:2927} INFO - Setting next_dagrun for example_short_circuit_operator to 2025-01-15T02:48:11.221557+00:00, run_after=2025-01-16T02:48:11.221557+00:00
[2025-01-15 23:48:11,270] {processor.py:161} INFO - Processing /mnt/c/Users/ander/Desktop/airflow-spark/airflow-spark/curso2/ambientepython/lib/python3.9/site-packages/airflow/example_dags/example_short_circuit_operator.py took 0.182 seconds
[2025-01-15 23:48:57,321] {processor.py:153} INFO - Started process (PID=35596) to work on /mnt/c/Users/ander/Desktop/airflow-spark/airflow-spark/curso2/ambientepython/lib/python3.9/site-packages/airflow/example_dags/example_short_circuit_operator.py
[2025-01-15 23:48:57,322] {processor.py:641} INFO - Processing file /mnt/c/Users/ander/Desktop/airflow-spark/airflow-spark/curso2/ambientepython/lib/python3.9/site-packages/airflow/example_dags/example_short_circuit_operator.py for tasks to queue
[2025-01-15 23:48:57,323] {logging_mixin.py:115} INFO - [2025-01-15 23:48:57,323] {dagbag.py:507} INFO - Filling up the DagBag from /mnt/c/Users/ander/Desktop/airflow-spark/airflow-spark/curso2/ambientepython/lib/python3.9/site-packages/airflow/example_dags/example_short_circuit_operator.py
[2025-01-15 23:48:57,373] {processor.py:651} INFO - DAG(s) dict_keys(['example_short_circuit_operator']) retrieved from /mnt/c/Users/ander/Desktop/airflow-spark/airflow-spark/curso2/ambientepython/lib/python3.9/site-packages/airflow/example_dags/example_short_circuit_operator.py
[2025-01-15 23:48:57,416] {logging_mixin.py:115} INFO - [2025-01-15 23:48:57,416] {dag.py:2379} INFO - Sync 1 DAGs
[2025-01-15 23:48:57,449] {logging_mixin.py:115} INFO - [2025-01-15 23:48:57,449] {dag.py:2927} INFO - Setting next_dagrun for example_short_circuit_operator to 2025-01-15T02:48:57.448665+00:00, run_after=2025-01-16T02:48:57.448665+00:00
[2025-01-15 23:48:57,498] {processor.py:161} INFO - Processing /mnt/c/Users/ander/Desktop/airflow-spark/airflow-spark/curso2/ambientepython/lib/python3.9/site-packages/airflow/example_dags/example_short_circuit_operator.py took 0.181 seconds
[2025-01-15 23:49:42,629] {processor.py:153} INFO - Started process (PID=35758) to work on /mnt/c/Users/ander/Desktop/airflow-spark/airflow-spark/curso2/ambientepython/lib/python3.9/site-packages/airflow/example_dags/example_short_circuit_operator.py
[2025-01-15 23:49:42,630] {processor.py:641} INFO - Processing file /mnt/c/Users/ander/Desktop/airflow-spark/airflow-spark/curso2/ambientepython/lib/python3.9/site-packages/airflow/example_dags/example_short_circuit_operator.py for tasks to queue
[2025-01-15 23:49:42,631] {logging_mixin.py:115} INFO - [2025-01-15 23:49:42,631] {dagbag.py:507} INFO - Filling up the DagBag from /mnt/c/Users/ander/Desktop/airflow-spark/airflow-spark/curso2/ambientepython/lib/python3.9/site-packages/airflow/example_dags/example_short_circuit_operator.py
[2025-01-15 23:49:42,679] {processor.py:651} INFO - DAG(s) dict_keys(['example_short_circuit_operator']) retrieved from /mnt/c/Users/ander/Desktop/airflow-spark/airflow-spark/curso2/ambientepython/lib/python3.9/site-packages/airflow/example_dags/example_short_circuit_operator.py
[2025-01-15 23:49:42,724] {logging_mixin.py:115} INFO - [2025-01-15 23:49:42,724] {dag.py:2379} INFO - Sync 1 DAGs
[2025-01-15 23:49:42,755] {logging_mixin.py:115} INFO - [2025-01-15 23:49:42,755] {dag.py:2927} INFO - Setting next_dagrun for example_short_circuit_operator to 2025-01-15T02:49:42.755488+00:00, run_after=2025-01-16T02:49:42.755488+00:00
[2025-01-15 23:49:42,804] {processor.py:161} INFO - Processing /mnt/c/Users/ander/Desktop/airflow-spark/airflow-spark/curso2/ambientepython/lib/python3.9/site-packages/airflow/example_dags/example_short_circuit_operator.py took 0.178 seconds
[2025-01-15 23:50:29,197] {processor.py:153} INFO - Started process (PID=35927) to work on /mnt/c/Users/ander/Desktop/airflow-spark/airflow-spark/curso2/ambientepython/lib/python3.9/site-packages/airflow/example_dags/example_short_circuit_operator.py
[2025-01-15 23:50:29,198] {processor.py:641} INFO - Processing file /mnt/c/Users/ander/Desktop/airflow-spark/airflow-spark/curso2/ambientepython/lib/python3.9/site-packages/airflow/example_dags/example_short_circuit_operator.py for tasks to queue
[2025-01-15 23:50:29,199] {logging_mixin.py:115} INFO - [2025-01-15 23:50:29,199] {dagbag.py:507} INFO - Filling up the DagBag from /mnt/c/Users/ander/Desktop/airflow-spark/airflow-spark/curso2/ambientepython/lib/python3.9/site-packages/airflow/example_dags/example_short_circuit_operator.py
[2025-01-15 23:50:29,246] {processor.py:651} INFO - DAG(s) dict_keys(['example_short_circuit_operator']) retrieved from /mnt/c/Users/ander/Desktop/airflow-spark/airflow-spark/curso2/ambientepython/lib/python3.9/site-packages/airflow/example_dags/example_short_circuit_operator.py
[2025-01-15 23:50:29,349] {logging_mixin.py:115} INFO - [2025-01-15 23:50:29,349] {dag.py:2379} INFO - Sync 1 DAGs
[2025-01-15 23:50:29,397] {logging_mixin.py:115} INFO - [2025-01-15 23:50:29,396] {dag.py:2927} INFO - Setting next_dagrun for example_short_circuit_operator to 2025-01-15T02:50:29.396592+00:00, run_after=2025-01-16T02:50:29.396592+00:00
[2025-01-15 23:50:29,444] {processor.py:161} INFO - Processing /mnt/c/Users/ander/Desktop/airflow-spark/airflow-spark/curso2/ambientepython/lib/python3.9/site-packages/airflow/example_dags/example_short_circuit_operator.py took 0.252 seconds
[2025-01-15 23:51:18,955] {processor.py:153} INFO - Started process (PID=36102) to work on /mnt/c/Users/ander/Desktop/airflow-spark/airflow-spark/curso2/ambientepython/lib/python3.9/site-packages/airflow/example_dags/example_short_circuit_operator.py
[2025-01-15 23:51:18,956] {processor.py:641} INFO - Processing file /mnt/c/Users/ander/Desktop/airflow-spark/airflow-spark/curso2/ambientepython/lib/python3.9/site-packages/airflow/example_dags/example_short_circuit_operator.py for tasks to queue
[2025-01-15 23:51:18,957] {logging_mixin.py:115} INFO - [2025-01-15 23:51:18,957] {dagbag.py:507} INFO - Filling up the DagBag from /mnt/c/Users/ander/Desktop/airflow-spark/airflow-spark/curso2/ambientepython/lib/python3.9/site-packages/airflow/example_dags/example_short_circuit_operator.py
[2025-01-15 23:51:19,000] {processor.py:651} INFO - DAG(s) dict_keys(['example_short_circuit_operator']) retrieved from /mnt/c/Users/ander/Desktop/airflow-spark/airflow-spark/curso2/ambientepython/lib/python3.9/site-packages/airflow/example_dags/example_short_circuit_operator.py
[2025-01-15 23:51:19,046] {logging_mixin.py:115} INFO - [2025-01-15 23:51:19,046] {dag.py:2379} INFO - Sync 1 DAGs
[2025-01-15 23:51:19,080] {logging_mixin.py:115} INFO - [2025-01-15 23:51:19,080] {dag.py:2927} INFO - Setting next_dagrun for example_short_circuit_operator to 2025-01-15T02:51:19.079674+00:00, run_after=2025-01-16T02:51:19.079674+00:00
[2025-01-15 23:51:19,126] {processor.py:161} INFO - Processing /mnt/c/Users/ander/Desktop/airflow-spark/airflow-spark/curso2/ambientepython/lib/python3.9/site-packages/airflow/example_dags/example_short_circuit_operator.py took 0.174 seconds
[2025-01-15 23:52:07,488] {processor.py:153} INFO - Started process (PID=36278) to work on /mnt/c/Users/ander/Desktop/airflow-spark/airflow-spark/curso2/ambientepython/lib/python3.9/site-packages/airflow/example_dags/example_short_circuit_operator.py
[2025-01-15 23:52:07,489] {processor.py:641} INFO - Processing file /mnt/c/Users/ander/Desktop/airflow-spark/airflow-spark/curso2/ambientepython/lib/python3.9/site-packages/airflow/example_dags/example_short_circuit_operator.py for tasks to queue
[2025-01-15 23:52:07,490] {logging_mixin.py:115} INFO - [2025-01-15 23:52:07,490] {dagbag.py:507} INFO - Filling up the DagBag from /mnt/c/Users/ander/Desktop/airflow-spark/airflow-spark/curso2/ambientepython/lib/python3.9/site-packages/airflow/example_dags/example_short_circuit_operator.py
[2025-01-15 23:52:07,554] {processor.py:651} INFO - DAG(s) dict_keys(['example_short_circuit_operator']) retrieved from /mnt/c/Users/ander/Desktop/airflow-spark/airflow-spark/curso2/ambientepython/lib/python3.9/site-packages/airflow/example_dags/example_short_circuit_operator.py
[2025-01-15 23:52:07,607] {logging_mixin.py:115} INFO - [2025-01-15 23:52:07,607] {dag.py:2379} INFO - Sync 1 DAGs
[2025-01-15 23:52:07,646] {logging_mixin.py:115} INFO - [2025-01-15 23:52:07,646] {dag.py:2927} INFO - Setting next_dagrun for example_short_circuit_operator to 2025-01-15T02:52:07.646011+00:00, run_after=2025-01-16T02:52:07.646011+00:00
[2025-01-15 23:52:07,708] {processor.py:161} INFO - Processing /mnt/c/Users/ander/Desktop/airflow-spark/airflow-spark/curso2/ambientepython/lib/python3.9/site-packages/airflow/example_dags/example_short_circuit_operator.py took 0.225 seconds
[2025-01-15 23:53:01,995] {processor.py:153} INFO - Started process (PID=36524) to work on /mnt/c/Users/ander/Desktop/airflow-spark/airflow-spark/curso2/ambientepython/lib/python3.9/site-packages/airflow/example_dags/example_short_circuit_operator.py
[2025-01-15 23:53:01,996] {processor.py:641} INFO - Processing file /mnt/c/Users/ander/Desktop/airflow-spark/airflow-spark/curso2/ambientepython/lib/python3.9/site-packages/airflow/example_dags/example_short_circuit_operator.py for tasks to queue
[2025-01-15 23:53:01,998] {logging_mixin.py:115} INFO - [2025-01-15 23:53:01,998] {dagbag.py:507} INFO - Filling up the DagBag from /mnt/c/Users/ander/Desktop/airflow-spark/airflow-spark/curso2/ambientepython/lib/python3.9/site-packages/airflow/example_dags/example_short_circuit_operator.py
[2025-01-15 23:53:02,081] {processor.py:651} INFO - DAG(s) dict_keys(['example_short_circuit_operator']) retrieved from /mnt/c/Users/ander/Desktop/airflow-spark/airflow-spark/curso2/ambientepython/lib/python3.9/site-packages/airflow/example_dags/example_short_circuit_operator.py
[2025-01-15 23:53:02,131] {logging_mixin.py:115} INFO - [2025-01-15 23:53:02,131] {dag.py:2379} INFO - Sync 1 DAGs
[2025-01-15 23:53:02,170] {logging_mixin.py:115} INFO - [2025-01-15 23:53:02,170] {dag.py:2927} INFO - Setting next_dagrun for example_short_circuit_operator to 2025-01-15T02:53:02.169788+00:00, run_after=2025-01-16T02:53:02.169788+00:00
[2025-01-15 23:53:02,229] {processor.py:161} INFO - Processing /mnt/c/Users/ander/Desktop/airflow-spark/airflow-spark/curso2/ambientepython/lib/python3.9/site-packages/airflow/example_dags/example_short_circuit_operator.py took 0.242 seconds
