[2025-01-15 23:12:56,543] {processor.py:153} INFO - Started process (PID=25537) to work on /mnt/c/Users/ander/Desktop/airflow-spark/airflow-spark/curso2/ambientepython/lib/python3.9/site-packages/airflow/example_dags/example_branch_labels.py
[2025-01-15 23:12:56,544] {processor.py:641} INFO - Processing file /mnt/c/Users/ander/Desktop/airflow-spark/airflow-spark/curso2/ambientepython/lib/python3.9/site-packages/airflow/example_dags/example_branch_labels.py for tasks to queue
[2025-01-15 23:12:56,546] {logging_mixin.py:115} INFO - [2025-01-15 23:12:56,545] {dagbag.py:507} INFO - Filling up the DagBag from /mnt/c/Users/ander/Desktop/airflow-spark/airflow-spark/curso2/ambientepython/lib/python3.9/site-packages/airflow/example_dags/example_branch_labels.py
[2025-01-15 23:12:56,580] {processor.py:651} INFO - DAG(s) dict_keys(['example_branch_labels']) retrieved from /mnt/c/Users/ander/Desktop/airflow-spark/airflow-spark/curso2/ambientepython/lib/python3.9/site-packages/airflow/example_dags/example_branch_labels.py
[2025-01-15 23:12:56,763] {logging_mixin.py:115} INFO - [2025-01-15 23:12:56,762] {manager.py:508} INFO - Created Permission View: can edit on DAG:example_branch_labels
[2025-01-15 23:12:56,805] {logging_mixin.py:115} INFO - [2025-01-15 23:12:56,805] {manager.py:508} INFO - Created Permission View: can delete on DAG:example_branch_labels
[2025-01-15 23:12:56,843] {logging_mixin.py:115} INFO - [2025-01-15 23:12:56,843] {manager.py:508} INFO - Created Permission View: can read on DAG:example_branch_labels
[2025-01-15 23:12:56,844] {logging_mixin.py:115} INFO - [2025-01-15 23:12:56,844] {dag.py:2379} INFO - Sync 1 DAGs
[2025-01-15 23:12:56,866] {logging_mixin.py:115} INFO - [2025-01-15 23:12:56,866] {dag.py:2398} INFO - Creating ORM DAG for example_branch_labels
[2025-01-15 23:12:56,885] {logging_mixin.py:115} INFO - [2025-01-15 23:12:56,885] {dag.py:2927} INFO - Setting next_dagrun for example_branch_labels to 2025-01-15T00:00:00+00:00, run_after=2025-01-16T00:00:00+00:00
[2025-01-15 23:12:56,941] {processor.py:161} INFO - Processing /mnt/c/Users/ander/Desktop/airflow-spark/airflow-spark/curso2/ambientepython/lib/python3.9/site-packages/airflow/example_dags/example_branch_labels.py took 0.402 seconds
[2025-01-15 23:13:50,108] {processor.py:153} INFO - Started process (PID=25734) to work on /mnt/c/Users/ander/Desktop/airflow-spark/airflow-spark/curso2/ambientepython/lib/python3.9/site-packages/airflow/example_dags/example_branch_labels.py
[2025-01-15 23:13:50,109] {processor.py:641} INFO - Processing file /mnt/c/Users/ander/Desktop/airflow-spark/airflow-spark/curso2/ambientepython/lib/python3.9/site-packages/airflow/example_dags/example_branch_labels.py for tasks to queue
[2025-01-15 23:13:50,111] {logging_mixin.py:115} INFO - [2025-01-15 23:13:50,110] {dagbag.py:507} INFO - Filling up the DagBag from /mnt/c/Users/ander/Desktop/airflow-spark/airflow-spark/curso2/ambientepython/lib/python3.9/site-packages/airflow/example_dags/example_branch_labels.py
[2025-01-15 23:13:50,145] {processor.py:651} INFO - DAG(s) dict_keys(['example_branch_labels']) retrieved from /mnt/c/Users/ander/Desktop/airflow-spark/airflow-spark/curso2/ambientepython/lib/python3.9/site-packages/airflow/example_dags/example_branch_labels.py
[2025-01-15 23:13:50,185] {logging_mixin.py:115} INFO - [2025-01-15 23:13:50,184] {dag.py:2379} INFO - Sync 1 DAGs
[2025-01-15 23:13:50,214] {logging_mixin.py:115} INFO - [2025-01-15 23:13:50,214] {dag.py:2927} INFO - Setting next_dagrun for example_branch_labels to 2025-01-15T00:00:00+00:00, run_after=2025-01-16T00:00:00+00:00
[2025-01-15 23:13:50,255] {processor.py:161} INFO - Processing /mnt/c/Users/ander/Desktop/airflow-spark/airflow-spark/curso2/ambientepython/lib/python3.9/site-packages/airflow/example_dags/example_branch_labels.py took 0.151 seconds
[2025-01-15 23:14:34,278] {processor.py:153} INFO - Started process (PID=25895) to work on /mnt/c/Users/ander/Desktop/airflow-spark/airflow-spark/curso2/ambientepython/lib/python3.9/site-packages/airflow/example_dags/example_branch_labels.py
[2025-01-15 23:14:34,279] {processor.py:641} INFO - Processing file /mnt/c/Users/ander/Desktop/airflow-spark/airflow-spark/curso2/ambientepython/lib/python3.9/site-packages/airflow/example_dags/example_branch_labels.py for tasks to queue
[2025-01-15 23:14:34,280] {logging_mixin.py:115} INFO - [2025-01-15 23:14:34,280] {dagbag.py:507} INFO - Filling up the DagBag from /mnt/c/Users/ander/Desktop/airflow-spark/airflow-spark/curso2/ambientepython/lib/python3.9/site-packages/airflow/example_dags/example_branch_labels.py
[2025-01-15 23:14:34,311] {processor.py:651} INFO - DAG(s) dict_keys(['example_branch_labels']) retrieved from /mnt/c/Users/ander/Desktop/airflow-spark/airflow-spark/curso2/ambientepython/lib/python3.9/site-packages/airflow/example_dags/example_branch_labels.py
[2025-01-15 23:14:34,352] {logging_mixin.py:115} INFO - [2025-01-15 23:14:34,352] {dag.py:2379} INFO - Sync 1 DAGs
[2025-01-15 23:14:34,435] {logging_mixin.py:115} INFO - [2025-01-15 23:14:34,435] {dag.py:2927} INFO - Setting next_dagrun for example_branch_labels to 2025-01-15T00:00:00+00:00, run_after=2025-01-16T00:00:00+00:00
[2025-01-15 23:14:34,518] {processor.py:161} INFO - Processing /mnt/c/Users/ander/Desktop/airflow-spark/airflow-spark/curso2/ambientepython/lib/python3.9/site-packages/airflow/example_dags/example_branch_labels.py took 0.244 seconds
[2025-01-15 23:15:19,687] {processor.py:153} INFO - Started process (PID=26056) to work on /mnt/c/Users/ander/Desktop/airflow-spark/airflow-spark/curso2/ambientepython/lib/python3.9/site-packages/airflow/example_dags/example_branch_labels.py
[2025-01-15 23:15:19,688] {processor.py:641} INFO - Processing file /mnt/c/Users/ander/Desktop/airflow-spark/airflow-spark/curso2/ambientepython/lib/python3.9/site-packages/airflow/example_dags/example_branch_labels.py for tasks to queue
[2025-01-15 23:15:19,689] {logging_mixin.py:115} INFO - [2025-01-15 23:15:19,689] {dagbag.py:507} INFO - Filling up the DagBag from /mnt/c/Users/ander/Desktop/airflow-spark/airflow-spark/curso2/ambientepython/lib/python3.9/site-packages/airflow/example_dags/example_branch_labels.py
[2025-01-15 23:15:19,716] {processor.py:651} INFO - DAG(s) dict_keys(['example_branch_labels']) retrieved from /mnt/c/Users/ander/Desktop/airflow-spark/airflow-spark/curso2/ambientepython/lib/python3.9/site-packages/airflow/example_dags/example_branch_labels.py
[2025-01-15 23:15:19,757] {logging_mixin.py:115} INFO - [2025-01-15 23:15:19,757] {dag.py:2379} INFO - Sync 1 DAGs
[2025-01-15 23:15:19,788] {logging_mixin.py:115} INFO - [2025-01-15 23:15:19,788] {dag.py:2927} INFO - Setting next_dagrun for example_branch_labels to 2025-01-15T00:00:00+00:00, run_after=2025-01-16T00:00:00+00:00
[2025-01-15 23:15:19,828] {processor.py:161} INFO - Processing /mnt/c/Users/ander/Desktop/airflow-spark/airflow-spark/curso2/ambientepython/lib/python3.9/site-packages/airflow/example_dags/example_branch_labels.py took 0.144 seconds
[2025-01-15 23:16:08,288] {processor.py:153} INFO - Started process (PID=26231) to work on /mnt/c/Users/ander/Desktop/airflow-spark/airflow-spark/curso2/ambientepython/lib/python3.9/site-packages/airflow/example_dags/example_branch_labels.py
[2025-01-15 23:16:08,290] {processor.py:641} INFO - Processing file /mnt/c/Users/ander/Desktop/airflow-spark/airflow-spark/curso2/ambientepython/lib/python3.9/site-packages/airflow/example_dags/example_branch_labels.py for tasks to queue
[2025-01-15 23:16:08,291] {logging_mixin.py:115} INFO - [2025-01-15 23:16:08,291] {dagbag.py:507} INFO - Filling up the DagBag from /mnt/c/Users/ander/Desktop/airflow-spark/airflow-spark/curso2/ambientepython/lib/python3.9/site-packages/airflow/example_dags/example_branch_labels.py
[2025-01-15 23:16:08,324] {processor.py:651} INFO - DAG(s) dict_keys(['example_branch_labels']) retrieved from /mnt/c/Users/ander/Desktop/airflow-spark/airflow-spark/curso2/ambientepython/lib/python3.9/site-packages/airflow/example_dags/example_branch_labels.py
[2025-01-15 23:16:08,363] {logging_mixin.py:115} INFO - [2025-01-15 23:16:08,363] {dag.py:2379} INFO - Sync 1 DAGs
[2025-01-15 23:16:08,391] {logging_mixin.py:115} INFO - [2025-01-15 23:16:08,391] {dag.py:2927} INFO - Setting next_dagrun for example_branch_labels to 2025-01-15T00:00:00+00:00, run_after=2025-01-16T00:00:00+00:00
[2025-01-15 23:16:08,435] {processor.py:161} INFO - Processing /mnt/c/Users/ander/Desktop/airflow-spark/airflow-spark/curso2/ambientepython/lib/python3.9/site-packages/airflow/example_dags/example_branch_labels.py took 0.151 seconds
[2025-01-15 23:16:57,588] {processor.py:153} INFO - Started process (PID=26407) to work on /mnt/c/Users/ander/Desktop/airflow-spark/airflow-spark/curso2/ambientepython/lib/python3.9/site-packages/airflow/example_dags/example_branch_labels.py
[2025-01-15 23:16:57,589] {processor.py:641} INFO - Processing file /mnt/c/Users/ander/Desktop/airflow-spark/airflow-spark/curso2/ambientepython/lib/python3.9/site-packages/airflow/example_dags/example_branch_labels.py for tasks to queue
[2025-01-15 23:16:57,590] {logging_mixin.py:115} INFO - [2025-01-15 23:16:57,590] {dagbag.py:507} INFO - Filling up the DagBag from /mnt/c/Users/ander/Desktop/airflow-spark/airflow-spark/curso2/ambientepython/lib/python3.9/site-packages/airflow/example_dags/example_branch_labels.py
[2025-01-15 23:16:57,619] {processor.py:651} INFO - DAG(s) dict_keys(['example_branch_labels']) retrieved from /mnt/c/Users/ander/Desktop/airflow-spark/airflow-spark/curso2/ambientepython/lib/python3.9/site-packages/airflow/example_dags/example_branch_labels.py
[2025-01-15 23:16:57,661] {logging_mixin.py:115} INFO - [2025-01-15 23:16:57,661] {dag.py:2379} INFO - Sync 1 DAGs
[2025-01-15 23:16:57,690] {logging_mixin.py:115} INFO - [2025-01-15 23:16:57,690] {dag.py:2927} INFO - Setting next_dagrun for example_branch_labels to 2025-01-15T00:00:00+00:00, run_after=2025-01-16T00:00:00+00:00
[2025-01-15 23:16:57,736] {processor.py:161} INFO - Processing /mnt/c/Users/ander/Desktop/airflow-spark/airflow-spark/curso2/ambientepython/lib/python3.9/site-packages/airflow/example_dags/example_branch_labels.py took 0.151 seconds
[2025-01-15 23:17:44,090] {processor.py:153} INFO - Started process (PID=26629) to work on /mnt/c/Users/ander/Desktop/airflow-spark/airflow-spark/curso2/ambientepython/lib/python3.9/site-packages/airflow/example_dags/example_branch_labels.py
[2025-01-15 23:17:44,092] {processor.py:641} INFO - Processing file /mnt/c/Users/ander/Desktop/airflow-spark/airflow-spark/curso2/ambientepython/lib/python3.9/site-packages/airflow/example_dags/example_branch_labels.py for tasks to queue
[2025-01-15 23:17:44,093] {logging_mixin.py:115} INFO - [2025-01-15 23:17:44,093] {dagbag.py:507} INFO - Filling up the DagBag from /mnt/c/Users/ander/Desktop/airflow-spark/airflow-spark/curso2/ambientepython/lib/python3.9/site-packages/airflow/example_dags/example_branch_labels.py
[2025-01-15 23:17:44,121] {processor.py:651} INFO - DAG(s) dict_keys(['example_branch_labels']) retrieved from /mnt/c/Users/ander/Desktop/airflow-spark/airflow-spark/curso2/ambientepython/lib/python3.9/site-packages/airflow/example_dags/example_branch_labels.py
[2025-01-15 23:17:44,168] {logging_mixin.py:115} INFO - [2025-01-15 23:17:44,168] {dag.py:2379} INFO - Sync 1 DAGs
[2025-01-15 23:17:44,208] {logging_mixin.py:115} INFO - [2025-01-15 23:17:44,208] {dag.py:2927} INFO - Setting next_dagrun for example_branch_labels to 2025-01-15T00:00:00+00:00, run_after=2025-01-16T00:00:00+00:00
[2025-01-15 23:17:44,259] {processor.py:161} INFO - Processing /mnt/c/Users/ander/Desktop/airflow-spark/airflow-spark/curso2/ambientepython/lib/python3.9/site-packages/airflow/example_dags/example_branch_labels.py took 0.175 seconds
[2025-01-15 23:18:26,717] {processor.py:153} INFO - Started process (PID=26784) to work on /mnt/c/Users/ander/Desktop/airflow-spark/airflow-spark/curso2/ambientepython/lib/python3.9/site-packages/airflow/example_dags/example_branch_labels.py
[2025-01-15 23:18:26,718] {processor.py:641} INFO - Processing file /mnt/c/Users/ander/Desktop/airflow-spark/airflow-spark/curso2/ambientepython/lib/python3.9/site-packages/airflow/example_dags/example_branch_labels.py for tasks to queue
[2025-01-15 23:18:26,719] {logging_mixin.py:115} INFO - [2025-01-15 23:18:26,719] {dagbag.py:507} INFO - Filling up the DagBag from /mnt/c/Users/ander/Desktop/airflow-spark/airflow-spark/curso2/ambientepython/lib/python3.9/site-packages/airflow/example_dags/example_branch_labels.py
[2025-01-15 23:18:26,756] {processor.py:651} INFO - DAG(s) dict_keys(['example_branch_labels']) retrieved from /mnt/c/Users/ander/Desktop/airflow-spark/airflow-spark/curso2/ambientepython/lib/python3.9/site-packages/airflow/example_dags/example_branch_labels.py
[2025-01-15 23:18:26,799] {logging_mixin.py:115} INFO - [2025-01-15 23:18:26,798] {dag.py:2379} INFO - Sync 1 DAGs
[2025-01-15 23:18:26,831] {logging_mixin.py:115} INFO - [2025-01-15 23:18:26,831] {dag.py:2927} INFO - Setting next_dagrun for example_branch_labels to 2025-01-15T00:00:00+00:00, run_after=2025-01-16T00:00:00+00:00
[2025-01-15 23:18:26,877] {processor.py:161} INFO - Processing /mnt/c/Users/ander/Desktop/airflow-spark/airflow-spark/curso2/ambientepython/lib/python3.9/site-packages/airflow/example_dags/example_branch_labels.py took 0.164 seconds
[2025-01-15 23:19:09,010] {processor.py:153} INFO - Started process (PID=26940) to work on /mnt/c/Users/ander/Desktop/airflow-spark/airflow-spark/curso2/ambientepython/lib/python3.9/site-packages/airflow/example_dags/example_branch_labels.py
[2025-01-15 23:19:09,012] {processor.py:641} INFO - Processing file /mnt/c/Users/ander/Desktop/airflow-spark/airflow-spark/curso2/ambientepython/lib/python3.9/site-packages/airflow/example_dags/example_branch_labels.py for tasks to queue
[2025-01-15 23:19:09,013] {logging_mixin.py:115} INFO - [2025-01-15 23:19:09,012] {dagbag.py:507} INFO - Filling up the DagBag from /mnt/c/Users/ander/Desktop/airflow-spark/airflow-spark/curso2/ambientepython/lib/python3.9/site-packages/airflow/example_dags/example_branch_labels.py
[2025-01-15 23:19:09,044] {processor.py:651} INFO - DAG(s) dict_keys(['example_branch_labels']) retrieved from /mnt/c/Users/ander/Desktop/airflow-spark/airflow-spark/curso2/ambientepython/lib/python3.9/site-packages/airflow/example_dags/example_branch_labels.py
[2025-01-15 23:19:09,086] {logging_mixin.py:115} INFO - [2025-01-15 23:19:09,086] {dag.py:2379} INFO - Sync 1 DAGs
[2025-01-15 23:19:09,118] {logging_mixin.py:115} INFO - [2025-01-15 23:19:09,118] {dag.py:2927} INFO - Setting next_dagrun for example_branch_labels to 2025-01-15T00:00:00+00:00, run_after=2025-01-16T00:00:00+00:00
[2025-01-15 23:19:09,166] {processor.py:161} INFO - Processing /mnt/c/Users/ander/Desktop/airflow-spark/airflow-spark/curso2/ambientepython/lib/python3.9/site-packages/airflow/example_dags/example_branch_labels.py took 0.160 seconds
[2025-01-15 23:19:58,744] {processor.py:153} INFO - Started process (PID=27121) to work on /mnt/c/Users/ander/Desktop/airflow-spark/airflow-spark/curso2/ambientepython/lib/python3.9/site-packages/airflow/example_dags/example_branch_labels.py
[2025-01-15 23:19:58,745] {processor.py:641} INFO - Processing file /mnt/c/Users/ander/Desktop/airflow-spark/airflow-spark/curso2/ambientepython/lib/python3.9/site-packages/airflow/example_dags/example_branch_labels.py for tasks to queue
[2025-01-15 23:19:58,746] {logging_mixin.py:115} INFO - [2025-01-15 23:19:58,746] {dagbag.py:507} INFO - Filling up the DagBag from /mnt/c/Users/ander/Desktop/airflow-spark/airflow-spark/curso2/ambientepython/lib/python3.9/site-packages/airflow/example_dags/example_branch_labels.py
[2025-01-15 23:19:58,777] {processor.py:651} INFO - DAG(s) dict_keys(['example_branch_labels']) retrieved from /mnt/c/Users/ander/Desktop/airflow-spark/airflow-spark/curso2/ambientepython/lib/python3.9/site-packages/airflow/example_dags/example_branch_labels.py
[2025-01-15 23:19:58,818] {logging_mixin.py:115} INFO - [2025-01-15 23:19:58,818] {dag.py:2379} INFO - Sync 1 DAGs
[2025-01-15 23:19:58,852] {logging_mixin.py:115} INFO - [2025-01-15 23:19:58,852] {dag.py:2927} INFO - Setting next_dagrun for example_branch_labels to 2025-01-15T00:00:00+00:00, run_after=2025-01-16T00:00:00+00:00
[2025-01-15 23:19:58,908] {processor.py:161} INFO - Processing /mnt/c/Users/ander/Desktop/airflow-spark/airflow-spark/curso2/ambientepython/lib/python3.9/site-packages/airflow/example_dags/example_branch_labels.py took 0.168 seconds
[2025-01-15 23:20:49,756] {processor.py:153} INFO - Started process (PID=27619) to work on /mnt/c/Users/ander/Desktop/airflow-spark/airflow-spark/curso2/ambientepython/lib/python3.9/site-packages/airflow/example_dags/example_branch_labels.py
[2025-01-15 23:20:49,757] {processor.py:641} INFO - Processing file /mnt/c/Users/ander/Desktop/airflow-spark/airflow-spark/curso2/ambientepython/lib/python3.9/site-packages/airflow/example_dags/example_branch_labels.py for tasks to queue
[2025-01-15 23:20:49,758] {logging_mixin.py:115} INFO - [2025-01-15 23:20:49,758] {dagbag.py:507} INFO - Filling up the DagBag from /mnt/c/Users/ander/Desktop/airflow-spark/airflow-spark/curso2/ambientepython/lib/python3.9/site-packages/airflow/example_dags/example_branch_labels.py
[2025-01-15 23:20:49,877] {processor.py:651} INFO - DAG(s) dict_keys(['example_branch_labels']) retrieved from /mnt/c/Users/ander/Desktop/airflow-spark/airflow-spark/curso2/ambientepython/lib/python3.9/site-packages/airflow/example_dags/example_branch_labels.py
[2025-01-15 23:20:49,916] {logging_mixin.py:115} INFO - [2025-01-15 23:20:49,916] {dag.py:2379} INFO - Sync 1 DAGs
[2025-01-15 23:20:49,948] {logging_mixin.py:115} INFO - [2025-01-15 23:20:49,948] {dag.py:2927} INFO - Setting next_dagrun for example_branch_labels to 2025-01-15T00:00:00+00:00, run_after=2025-01-16T00:00:00+00:00
[2025-01-15 23:20:49,996] {processor.py:161} INFO - Processing /mnt/c/Users/ander/Desktop/airflow-spark/airflow-spark/curso2/ambientepython/lib/python3.9/site-packages/airflow/example_dags/example_branch_labels.py took 0.244 seconds
[2025-01-15 23:21:44,993] {processor.py:153} INFO - Started process (PID=28055) to work on /mnt/c/Users/ander/Desktop/airflow-spark/airflow-spark/curso2/ambientepython/lib/python3.9/site-packages/airflow/example_dags/example_branch_labels.py
[2025-01-15 23:21:44,995] {processor.py:641} INFO - Processing file /mnt/c/Users/ander/Desktop/airflow-spark/airflow-spark/curso2/ambientepython/lib/python3.9/site-packages/airflow/example_dags/example_branch_labels.py for tasks to queue
[2025-01-15 23:21:44,996] {logging_mixin.py:115} INFO - [2025-01-15 23:21:44,996] {dagbag.py:507} INFO - Filling up the DagBag from /mnt/c/Users/ander/Desktop/airflow-spark/airflow-spark/curso2/ambientepython/lib/python3.9/site-packages/airflow/example_dags/example_branch_labels.py
[2025-01-15 23:21:45,027] {processor.py:651} INFO - DAG(s) dict_keys(['example_branch_labels']) retrieved from /mnt/c/Users/ander/Desktop/airflow-spark/airflow-spark/curso2/ambientepython/lib/python3.9/site-packages/airflow/example_dags/example_branch_labels.py
[2025-01-15 23:21:45,076] {logging_mixin.py:115} INFO - [2025-01-15 23:21:45,076] {dag.py:2379} INFO - Sync 1 DAGs
[2025-01-15 23:21:45,111] {logging_mixin.py:115} INFO - [2025-01-15 23:21:45,111] {dag.py:2927} INFO - Setting next_dagrun for example_branch_labels to 2025-01-15T00:00:00+00:00, run_after=2025-01-16T00:00:00+00:00
[2025-01-15 23:21:45,164] {processor.py:161} INFO - Processing /mnt/c/Users/ander/Desktop/airflow-spark/airflow-spark/curso2/ambientepython/lib/python3.9/site-packages/airflow/example_dags/example_branch_labels.py took 0.174 seconds
[2025-01-15 23:22:44,682] {processor.py:153} INFO - Started process (PID=28497) to work on /mnt/c/Users/ander/Desktop/airflow-spark/airflow-spark/curso2/ambientepython/lib/python3.9/site-packages/airflow/example_dags/example_branch_labels.py
[2025-01-15 23:22:44,683] {processor.py:641} INFO - Processing file /mnt/c/Users/ander/Desktop/airflow-spark/airflow-spark/curso2/ambientepython/lib/python3.9/site-packages/airflow/example_dags/example_branch_labels.py for tasks to queue
[2025-01-15 23:22:44,684] {logging_mixin.py:115} INFO - [2025-01-15 23:22:44,684] {dagbag.py:507} INFO - Filling up the DagBag from /mnt/c/Users/ander/Desktop/airflow-spark/airflow-spark/curso2/ambientepython/lib/python3.9/site-packages/airflow/example_dags/example_branch_labels.py
[2025-01-15 23:22:44,714] {processor.py:651} INFO - DAG(s) dict_keys(['example_branch_labels']) retrieved from /mnt/c/Users/ander/Desktop/airflow-spark/airflow-spark/curso2/ambientepython/lib/python3.9/site-packages/airflow/example_dags/example_branch_labels.py
[2025-01-15 23:22:45,496] {logging_mixin.py:115} INFO - [2025-01-15 23:22:45,496] {dag.py:2379} INFO - Sync 1 DAGs
[2025-01-15 23:22:45,534] {logging_mixin.py:115} INFO - [2025-01-15 23:22:45,533] {dag.py:2927} INFO - Setting next_dagrun for example_branch_labels to 2025-01-15T00:00:00+00:00, run_after=2025-01-16T00:00:00+00:00
[2025-01-15 23:22:45,575] {processor.py:161} INFO - Processing /mnt/c/Users/ander/Desktop/airflow-spark/airflow-spark/curso2/ambientepython/lib/python3.9/site-packages/airflow/example_dags/example_branch_labels.py took 0.234 seconds
[2025-01-15 23:23:33,070] {processor.py:153} INFO - Started process (PID=28679) to work on /mnt/c/Users/ander/Desktop/airflow-spark/airflow-spark/curso2/ambientepython/lib/python3.9/site-packages/airflow/example_dags/example_branch_labels.py
[2025-01-15 23:23:33,071] {processor.py:641} INFO - Processing file /mnt/c/Users/ander/Desktop/airflow-spark/airflow-spark/curso2/ambientepython/lib/python3.9/site-packages/airflow/example_dags/example_branch_labels.py for tasks to queue
[2025-01-15 23:23:33,072] {logging_mixin.py:115} INFO - [2025-01-15 23:23:33,072] {dagbag.py:507} INFO - Filling up the DagBag from /mnt/c/Users/ander/Desktop/airflow-spark/airflow-spark/curso2/ambientepython/lib/python3.9/site-packages/airflow/example_dags/example_branch_labels.py
[2025-01-15 23:23:33,101] {processor.py:651} INFO - DAG(s) dict_keys(['example_branch_labels']) retrieved from /mnt/c/Users/ander/Desktop/airflow-spark/airflow-spark/curso2/ambientepython/lib/python3.9/site-packages/airflow/example_dags/example_branch_labels.py
[2025-01-15 23:23:33,207] {logging_mixin.py:115} INFO - [2025-01-15 23:23:33,207] {dag.py:2379} INFO - Sync 1 DAGs
[2025-01-15 23:23:33,244] {logging_mixin.py:115} INFO - [2025-01-15 23:23:33,244] {dag.py:2927} INFO - Setting next_dagrun for example_branch_labels to 2025-01-15T00:00:00+00:00, run_after=2025-01-16T00:00:00+00:00
[2025-01-15 23:23:33,279] {processor.py:161} INFO - Processing /mnt/c/Users/ander/Desktop/airflow-spark/airflow-spark/curso2/ambientepython/lib/python3.9/site-packages/airflow/example_dags/example_branch_labels.py took 0.213 seconds
[2025-01-15 23:24:19,691] {processor.py:153} INFO - Started process (PID=28847) to work on /mnt/c/Users/ander/Desktop/airflow-spark/airflow-spark/curso2/ambientepython/lib/python3.9/site-packages/airflow/example_dags/example_branch_labels.py
[2025-01-15 23:24:19,692] {processor.py:641} INFO - Processing file /mnt/c/Users/ander/Desktop/airflow-spark/airflow-spark/curso2/ambientepython/lib/python3.9/site-packages/airflow/example_dags/example_branch_labels.py for tasks to queue
[2025-01-15 23:24:19,693] {logging_mixin.py:115} INFO - [2025-01-15 23:24:19,693] {dagbag.py:507} INFO - Filling up the DagBag from /mnt/c/Users/ander/Desktop/airflow-spark/airflow-spark/curso2/ambientepython/lib/python3.9/site-packages/airflow/example_dags/example_branch_labels.py
[2025-01-15 23:24:19,718] {processor.py:651} INFO - DAG(s) dict_keys(['example_branch_labels']) retrieved from /mnt/c/Users/ander/Desktop/airflow-spark/airflow-spark/curso2/ambientepython/lib/python3.9/site-packages/airflow/example_dags/example_branch_labels.py
[2025-01-15 23:24:19,757] {logging_mixin.py:115} INFO - [2025-01-15 23:24:19,757] {dag.py:2379} INFO - Sync 1 DAGs
[2025-01-15 23:24:19,788] {logging_mixin.py:115} INFO - [2025-01-15 23:24:19,788] {dag.py:2927} INFO - Setting next_dagrun for example_branch_labels to 2025-01-15T00:00:00+00:00, run_after=2025-01-16T00:00:00+00:00
[2025-01-15 23:24:19,829] {processor.py:161} INFO - Processing /mnt/c/Users/ander/Desktop/airflow-spark/airflow-spark/curso2/ambientepython/lib/python3.9/site-packages/airflow/example_dags/example_branch_labels.py took 0.142 seconds
[2025-01-15 23:25:04,865] {processor.py:153} INFO - Started process (PID=29008) to work on /mnt/c/Users/ander/Desktop/airflow-spark/airflow-spark/curso2/ambientepython/lib/python3.9/site-packages/airflow/example_dags/example_branch_labels.py
[2025-01-15 23:25:04,867] {processor.py:641} INFO - Processing file /mnt/c/Users/ander/Desktop/airflow-spark/airflow-spark/curso2/ambientepython/lib/python3.9/site-packages/airflow/example_dags/example_branch_labels.py for tasks to queue
[2025-01-15 23:25:04,868] {logging_mixin.py:115} INFO - [2025-01-15 23:25:04,867] {dagbag.py:507} INFO - Filling up the DagBag from /mnt/c/Users/ander/Desktop/airflow-spark/airflow-spark/curso2/ambientepython/lib/python3.9/site-packages/airflow/example_dags/example_branch_labels.py
[2025-01-15 23:25:04,900] {processor.py:651} INFO - DAG(s) dict_keys(['example_branch_labels']) retrieved from /mnt/c/Users/ander/Desktop/airflow-spark/airflow-spark/curso2/ambientepython/lib/python3.9/site-packages/airflow/example_dags/example_branch_labels.py
[2025-01-15 23:25:04,942] {logging_mixin.py:115} INFO - [2025-01-15 23:25:04,942] {dag.py:2379} INFO - Sync 1 DAGs
[2025-01-15 23:25:04,974] {logging_mixin.py:115} INFO - [2025-01-15 23:25:04,974] {dag.py:2927} INFO - Setting next_dagrun for example_branch_labels to 2025-01-15T00:00:00+00:00, run_after=2025-01-16T00:00:00+00:00
[2025-01-15 23:25:05,018] {processor.py:161} INFO - Processing /mnt/c/Users/ander/Desktop/airflow-spark/airflow-spark/curso2/ambientepython/lib/python3.9/site-packages/airflow/example_dags/example_branch_labels.py took 0.157 seconds
[2025-01-15 23:25:48,650] {processor.py:153} INFO - Started process (PID=29169) to work on /mnt/c/Users/ander/Desktop/airflow-spark/airflow-spark/curso2/ambientepython/lib/python3.9/site-packages/airflow/example_dags/example_branch_labels.py
[2025-01-15 23:25:48,652] {processor.py:641} INFO - Processing file /mnt/c/Users/ander/Desktop/airflow-spark/airflow-spark/curso2/ambientepython/lib/python3.9/site-packages/airflow/example_dags/example_branch_labels.py for tasks to queue
[2025-01-15 23:25:48,653] {logging_mixin.py:115} INFO - [2025-01-15 23:25:48,653] {dagbag.py:507} INFO - Filling up the DagBag from /mnt/c/Users/ander/Desktop/airflow-spark/airflow-spark/curso2/ambientepython/lib/python3.9/site-packages/airflow/example_dags/example_branch_labels.py
[2025-01-15 23:25:48,683] {processor.py:651} INFO - DAG(s) dict_keys(['example_branch_labels']) retrieved from /mnt/c/Users/ander/Desktop/airflow-spark/airflow-spark/curso2/ambientepython/lib/python3.9/site-packages/airflow/example_dags/example_branch_labels.py
[2025-01-15 23:25:48,724] {logging_mixin.py:115} INFO - [2025-01-15 23:25:48,724] {dag.py:2379} INFO - Sync 1 DAGs
[2025-01-15 23:25:48,756] {logging_mixin.py:115} INFO - [2025-01-15 23:25:48,756] {dag.py:2927} INFO - Setting next_dagrun for example_branch_labels to 2025-01-15T00:00:00+00:00, run_after=2025-01-16T00:00:00+00:00
[2025-01-15 23:25:48,803] {processor.py:161} INFO - Processing /mnt/c/Users/ander/Desktop/airflow-spark/airflow-spark/curso2/ambientepython/lib/python3.9/site-packages/airflow/example_dags/example_branch_labels.py took 0.157 seconds
[2025-01-15 23:26:30,916] {processor.py:153} INFO - Started process (PID=29324) to work on /mnt/c/Users/ander/Desktop/airflow-spark/airflow-spark/curso2/ambientepython/lib/python3.9/site-packages/airflow/example_dags/example_branch_labels.py
[2025-01-15 23:26:30,917] {processor.py:641} INFO - Processing file /mnt/c/Users/ander/Desktop/airflow-spark/airflow-spark/curso2/ambientepython/lib/python3.9/site-packages/airflow/example_dags/example_branch_labels.py for tasks to queue
[2025-01-15 23:26:30,918] {logging_mixin.py:115} INFO - [2025-01-15 23:26:30,918] {dagbag.py:507} INFO - Filling up the DagBag from /mnt/c/Users/ander/Desktop/airflow-spark/airflow-spark/curso2/ambientepython/lib/python3.9/site-packages/airflow/example_dags/example_branch_labels.py
[2025-01-15 23:26:30,948] {processor.py:651} INFO - DAG(s) dict_keys(['example_branch_labels']) retrieved from /mnt/c/Users/ander/Desktop/airflow-spark/airflow-spark/curso2/ambientepython/lib/python3.9/site-packages/airflow/example_dags/example_branch_labels.py
[2025-01-15 23:26:30,991] {logging_mixin.py:115} INFO - [2025-01-15 23:26:30,991] {dag.py:2379} INFO - Sync 1 DAGs
[2025-01-15 23:26:31,024] {logging_mixin.py:115} INFO - [2025-01-15 23:26:31,024] {dag.py:2927} INFO - Setting next_dagrun for example_branch_labels to 2025-01-15T00:00:00+00:00, run_after=2025-01-16T00:00:00+00:00
[2025-01-15 23:26:31,071] {processor.py:161} INFO - Processing /mnt/c/Users/ander/Desktop/airflow-spark/airflow-spark/curso2/ambientepython/lib/python3.9/site-packages/airflow/example_dags/example_branch_labels.py took 0.159 seconds
[2025-01-15 23:27:28,996] {processor.py:153} INFO - Started process (PID=29582) to work on /mnt/c/Users/ander/Desktop/airflow-spark/airflow-spark/curso2/ambientepython/lib/python3.9/site-packages/airflow/example_dags/example_branch_labels.py
[2025-01-15 23:27:28,997] {processor.py:641} INFO - Processing file /mnt/c/Users/ander/Desktop/airflow-spark/airflow-spark/curso2/ambientepython/lib/python3.9/site-packages/airflow/example_dags/example_branch_labels.py for tasks to queue
[2025-01-15 23:27:28,998] {logging_mixin.py:115} INFO - [2025-01-15 23:27:28,998] {dagbag.py:507} INFO - Filling up the DagBag from /mnt/c/Users/ander/Desktop/airflow-spark/airflow-spark/curso2/ambientepython/lib/python3.9/site-packages/airflow/example_dags/example_branch_labels.py
[2025-01-15 23:27:29,029] {processor.py:651} INFO - DAG(s) dict_keys(['example_branch_labels']) retrieved from /mnt/c/Users/ander/Desktop/airflow-spark/airflow-spark/curso2/ambientepython/lib/python3.9/site-packages/airflow/example_dags/example_branch_labels.py
[2025-01-15 23:27:29,072] {logging_mixin.py:115} INFO - [2025-01-15 23:27:29,072] {dag.py:2379} INFO - Sync 1 DAGs
[2025-01-15 23:27:29,107] {logging_mixin.py:115} INFO - [2025-01-15 23:27:29,107] {dag.py:2927} INFO - Setting next_dagrun for example_branch_labels to 2025-01-15T00:00:00+00:00, run_after=2025-01-16T00:00:00+00:00
[2025-01-15 23:27:29,157] {processor.py:161} INFO - Processing /mnt/c/Users/ander/Desktop/airflow-spark/airflow-spark/curso2/ambientepython/lib/python3.9/site-packages/airflow/example_dags/example_branch_labels.py took 0.166 seconds
[2025-01-15 23:28:25,040] {processor.py:153} INFO - Started process (PID=29778) to work on /mnt/c/Users/ander/Desktop/airflow-spark/airflow-spark/curso2/ambientepython/lib/python3.9/site-packages/airflow/example_dags/example_branch_labels.py
[2025-01-15 23:28:25,041] {processor.py:641} INFO - Processing file /mnt/c/Users/ander/Desktop/airflow-spark/airflow-spark/curso2/ambientepython/lib/python3.9/site-packages/airflow/example_dags/example_branch_labels.py for tasks to queue
[2025-01-15 23:28:25,043] {logging_mixin.py:115} INFO - [2025-01-15 23:28:25,042] {dagbag.py:507} INFO - Filling up the DagBag from /mnt/c/Users/ander/Desktop/airflow-spark/airflow-spark/curso2/ambientepython/lib/python3.9/site-packages/airflow/example_dags/example_branch_labels.py
[2025-01-15 23:28:25,081] {processor.py:651} INFO - DAG(s) dict_keys(['example_branch_labels']) retrieved from /mnt/c/Users/ander/Desktop/airflow-spark/airflow-spark/curso2/ambientepython/lib/python3.9/site-packages/airflow/example_dags/example_branch_labels.py
[2025-01-15 23:28:25,132] {logging_mixin.py:115} INFO - [2025-01-15 23:28:25,132] {dag.py:2379} INFO - Sync 1 DAGs
[2025-01-15 23:28:25,171] {logging_mixin.py:115} INFO - [2025-01-15 23:28:25,171] {dag.py:2927} INFO - Setting next_dagrun for example_branch_labels to 2025-01-15T00:00:00+00:00, run_after=2025-01-16T00:00:00+00:00
[2025-01-15 23:28:25,229] {processor.py:161} INFO - Processing /mnt/c/Users/ander/Desktop/airflow-spark/airflow-spark/curso2/ambientepython/lib/python3.9/site-packages/airflow/example_dags/example_branch_labels.py took 0.193 seconds
[2025-01-15 23:29:14,755] {processor.py:153} INFO - Started process (PID=29961) to work on /mnt/c/Users/ander/Desktop/airflow-spark/airflow-spark/curso2/ambientepython/lib/python3.9/site-packages/airflow/example_dags/example_branch_labels.py
[2025-01-15 23:29:14,757] {processor.py:641} INFO - Processing file /mnt/c/Users/ander/Desktop/airflow-spark/airflow-spark/curso2/ambientepython/lib/python3.9/site-packages/airflow/example_dags/example_branch_labels.py for tasks to queue
[2025-01-15 23:29:14,758] {logging_mixin.py:115} INFO - [2025-01-15 23:29:14,758] {dagbag.py:507} INFO - Filling up the DagBag from /mnt/c/Users/ander/Desktop/airflow-spark/airflow-spark/curso2/ambientepython/lib/python3.9/site-packages/airflow/example_dags/example_branch_labels.py
[2025-01-15 23:29:14,795] {processor.py:651} INFO - DAG(s) dict_keys(['example_branch_labels']) retrieved from /mnt/c/Users/ander/Desktop/airflow-spark/airflow-spark/curso2/ambientepython/lib/python3.9/site-packages/airflow/example_dags/example_branch_labels.py
[2025-01-15 23:29:14,845] {logging_mixin.py:115} INFO - [2025-01-15 23:29:14,845] {dag.py:2379} INFO - Sync 1 DAGs
[2025-01-15 23:29:14,884] {logging_mixin.py:115} INFO - [2025-01-15 23:29:14,884] {dag.py:2927} INFO - Setting next_dagrun for example_branch_labels to 2025-01-15T00:00:00+00:00, run_after=2025-01-16T00:00:00+00:00
[2025-01-15 23:29:14,947] {processor.py:161} INFO - Processing /mnt/c/Users/ander/Desktop/airflow-spark/airflow-spark/curso2/ambientepython/lib/python3.9/site-packages/airflow/example_dags/example_branch_labels.py took 0.195 seconds
[2025-01-15 23:30:01,939] {processor.py:153} INFO - Started process (PID=30129) to work on /mnt/c/Users/ander/Desktop/airflow-spark/airflow-spark/curso2/ambientepython/lib/python3.9/site-packages/airflow/example_dags/example_branch_labels.py
[2025-01-15 23:30:01,940] {processor.py:641} INFO - Processing file /mnt/c/Users/ander/Desktop/airflow-spark/airflow-spark/curso2/ambientepython/lib/python3.9/site-packages/airflow/example_dags/example_branch_labels.py for tasks to queue
[2025-01-15 23:30:01,941] {logging_mixin.py:115} INFO - [2025-01-15 23:30:01,941] {dagbag.py:507} INFO - Filling up the DagBag from /mnt/c/Users/ander/Desktop/airflow-spark/airflow-spark/curso2/ambientepython/lib/python3.9/site-packages/airflow/example_dags/example_branch_labels.py
[2025-01-15 23:30:01,978] {processor.py:651} INFO - DAG(s) dict_keys(['example_branch_labels']) retrieved from /mnt/c/Users/ander/Desktop/airflow-spark/airflow-spark/curso2/ambientepython/lib/python3.9/site-packages/airflow/example_dags/example_branch_labels.py
[2025-01-15 23:30:02,026] {logging_mixin.py:115} INFO - [2025-01-15 23:30:02,026] {dag.py:2379} INFO - Sync 1 DAGs
[2025-01-15 23:30:02,065] {logging_mixin.py:115} INFO - [2025-01-15 23:30:02,065] {dag.py:2927} INFO - Setting next_dagrun for example_branch_labels to 2025-01-15T00:00:00+00:00, run_after=2025-01-16T00:00:00+00:00
[2025-01-15 23:30:02,126] {processor.py:161} INFO - Processing /mnt/c/Users/ander/Desktop/airflow-spark/airflow-spark/curso2/ambientepython/lib/python3.9/site-packages/airflow/example_dags/example_branch_labels.py took 0.193 seconds
[2025-01-15 23:32:07,809] {processor.py:153} INFO - Started process (PID=31549) to work on /mnt/c/Users/ander/Desktop/airflow-spark/airflow-spark/curso2/ambientepython/lib/python3.9/site-packages/airflow/example_dags/example_branch_labels.py
[2025-01-15 23:32:07,810] {processor.py:641} INFO - Processing file /mnt/c/Users/ander/Desktop/airflow-spark/airflow-spark/curso2/ambientepython/lib/python3.9/site-packages/airflow/example_dags/example_branch_labels.py for tasks to queue
[2025-01-15 23:32:07,811] {logging_mixin.py:115} INFO - [2025-01-15 23:32:07,811] {dagbag.py:507} INFO - Filling up the DagBag from /mnt/c/Users/ander/Desktop/airflow-spark/airflow-spark/curso2/ambientepython/lib/python3.9/site-packages/airflow/example_dags/example_branch_labels.py
[2025-01-15 23:32:07,843] {processor.py:651} INFO - DAG(s) dict_keys(['example_branch_labels']) retrieved from /mnt/c/Users/ander/Desktop/airflow-spark/airflow-spark/curso2/ambientepython/lib/python3.9/site-packages/airflow/example_dags/example_branch_labels.py
[2025-01-15 23:32:07,885] {logging_mixin.py:115} INFO - [2025-01-15 23:32:07,885] {dag.py:2379} INFO - Sync 1 DAGs
[2025-01-15 23:32:07,921] {logging_mixin.py:115} INFO - [2025-01-15 23:32:07,921] {dag.py:2927} INFO - Setting next_dagrun for example_branch_labels to 2025-01-15T00:00:00+00:00, run_after=2025-01-16T00:00:00+00:00
[2025-01-15 23:32:07,980] {processor.py:161} INFO - Processing /mnt/c/Users/ander/Desktop/airflow-spark/airflow-spark/curso2/ambientepython/lib/python3.9/site-packages/airflow/example_dags/example_branch_labels.py took 0.175 seconds
[2025-01-15 23:33:16,278] {processor.py:153} INFO - Started process (PID=32063) to work on /mnt/c/Users/ander/Desktop/airflow-spark/airflow-spark/curso2/ambientepython/lib/python3.9/site-packages/airflow/example_dags/example_branch_labels.py
[2025-01-15 23:33:16,280] {processor.py:641} INFO - Processing file /mnt/c/Users/ander/Desktop/airflow-spark/airflow-spark/curso2/ambientepython/lib/python3.9/site-packages/airflow/example_dags/example_branch_labels.py for tasks to queue
[2025-01-15 23:33:16,281] {logging_mixin.py:115} INFO - [2025-01-15 23:33:16,280] {dagbag.py:507} INFO - Filling up the DagBag from /mnt/c/Users/ander/Desktop/airflow-spark/airflow-spark/curso2/ambientepython/lib/python3.9/site-packages/airflow/example_dags/example_branch_labels.py
[2025-01-15 23:33:16,308] {processor.py:651} INFO - DAG(s) dict_keys(['example_branch_labels']) retrieved from /mnt/c/Users/ander/Desktop/airflow-spark/airflow-spark/curso2/ambientepython/lib/python3.9/site-packages/airflow/example_dags/example_branch_labels.py
[2025-01-15 23:33:16,348] {logging_mixin.py:115} INFO - [2025-01-15 23:33:16,348] {dag.py:2379} INFO - Sync 1 DAGs
[2025-01-15 23:33:16,378] {logging_mixin.py:115} INFO - [2025-01-15 23:33:16,378] {dag.py:2927} INFO - Setting next_dagrun for example_branch_labels to 2025-01-15T00:00:00+00:00, run_after=2025-01-16T00:00:00+00:00
[2025-01-15 23:33:16,418] {processor.py:161} INFO - Processing /mnt/c/Users/ander/Desktop/airflow-spark/airflow-spark/curso2/ambientepython/lib/python3.9/site-packages/airflow/example_dags/example_branch_labels.py took 0.144 seconds
[2025-01-15 23:33:59,606] {processor.py:153} INFO - Started process (PID=32217) to work on /mnt/c/Users/ander/Desktop/airflow-spark/airflow-spark/curso2/ambientepython/lib/python3.9/site-packages/airflow/example_dags/example_branch_labels.py
[2025-01-15 23:33:59,607] {processor.py:641} INFO - Processing file /mnt/c/Users/ander/Desktop/airflow-spark/airflow-spark/curso2/ambientepython/lib/python3.9/site-packages/airflow/example_dags/example_branch_labels.py for tasks to queue
[2025-01-15 23:33:59,608] {logging_mixin.py:115} INFO - [2025-01-15 23:33:59,608] {dagbag.py:507} INFO - Filling up the DagBag from /mnt/c/Users/ander/Desktop/airflow-spark/airflow-spark/curso2/ambientepython/lib/python3.9/site-packages/airflow/example_dags/example_branch_labels.py
[2025-01-15 23:33:59,635] {processor.py:651} INFO - DAG(s) dict_keys(['example_branch_labels']) retrieved from /mnt/c/Users/ander/Desktop/airflow-spark/airflow-spark/curso2/ambientepython/lib/python3.9/site-packages/airflow/example_dags/example_branch_labels.py
[2025-01-15 23:33:59,676] {logging_mixin.py:115} INFO - [2025-01-15 23:33:59,676] {dag.py:2379} INFO - Sync 1 DAGs
[2025-01-15 23:33:59,709] {logging_mixin.py:115} INFO - [2025-01-15 23:33:59,708] {dag.py:2927} INFO - Setting next_dagrun for example_branch_labels to 2025-01-15T00:00:00+00:00, run_after=2025-01-16T00:00:00+00:00
[2025-01-15 23:33:59,753] {processor.py:161} INFO - Processing /mnt/c/Users/ander/Desktop/airflow-spark/airflow-spark/curso2/ambientepython/lib/python3.9/site-packages/airflow/example_dags/example_branch_labels.py took 0.151 seconds
[2025-01-15 23:34:45,369] {processor.py:153} INFO - Started process (PID=32386) to work on /mnt/c/Users/ander/Desktop/airflow-spark/airflow-spark/curso2/ambientepython/lib/python3.9/site-packages/airflow/example_dags/example_branch_labels.py
[2025-01-15 23:34:45,370] {processor.py:641} INFO - Processing file /mnt/c/Users/ander/Desktop/airflow-spark/airflow-spark/curso2/ambientepython/lib/python3.9/site-packages/airflow/example_dags/example_branch_labels.py for tasks to queue
[2025-01-15 23:34:45,371] {logging_mixin.py:115} INFO - [2025-01-15 23:34:45,371] {dagbag.py:507} INFO - Filling up the DagBag from /mnt/c/Users/ander/Desktop/airflow-spark/airflow-spark/curso2/ambientepython/lib/python3.9/site-packages/airflow/example_dags/example_branch_labels.py
[2025-01-15 23:34:45,401] {processor.py:651} INFO - DAG(s) dict_keys(['example_branch_labels']) retrieved from /mnt/c/Users/ander/Desktop/airflow-spark/airflow-spark/curso2/ambientepython/lib/python3.9/site-packages/airflow/example_dags/example_branch_labels.py
[2025-01-15 23:34:45,440] {logging_mixin.py:115} INFO - [2025-01-15 23:34:45,440] {dag.py:2379} INFO - Sync 1 DAGs
[2025-01-15 23:34:45,472] {logging_mixin.py:115} INFO - [2025-01-15 23:34:45,472] {dag.py:2927} INFO - Setting next_dagrun for example_branch_labels to 2025-01-15T00:00:00+00:00, run_after=2025-01-16T00:00:00+00:00
[2025-01-15 23:34:45,521] {processor.py:161} INFO - Processing /mnt/c/Users/ander/Desktop/airflow-spark/airflow-spark/curso2/ambientepython/lib/python3.9/site-packages/airflow/example_dags/example_branch_labels.py took 0.155 seconds
[2025-01-15 23:35:31,953] {processor.py:153} INFO - Started process (PID=32553) to work on /mnt/c/Users/ander/Desktop/airflow-spark/airflow-spark/curso2/ambientepython/lib/python3.9/site-packages/airflow/example_dags/example_branch_labels.py
[2025-01-15 23:35:31,954] {processor.py:641} INFO - Processing file /mnt/c/Users/ander/Desktop/airflow-spark/airflow-spark/curso2/ambientepython/lib/python3.9/site-packages/airflow/example_dags/example_branch_labels.py for tasks to queue
[2025-01-15 23:35:31,955] {logging_mixin.py:115} INFO - [2025-01-15 23:35:31,955] {dagbag.py:507} INFO - Filling up the DagBag from /mnt/c/Users/ander/Desktop/airflow-spark/airflow-spark/curso2/ambientepython/lib/python3.9/site-packages/airflow/example_dags/example_branch_labels.py
[2025-01-15 23:35:31,988] {processor.py:651} INFO - DAG(s) dict_keys(['example_branch_labels']) retrieved from /mnt/c/Users/ander/Desktop/airflow-spark/airflow-spark/curso2/ambientepython/lib/python3.9/site-packages/airflow/example_dags/example_branch_labels.py
[2025-01-15 23:35:32,031] {logging_mixin.py:115} INFO - [2025-01-15 23:35:32,031] {dag.py:2379} INFO - Sync 1 DAGs
[2025-01-15 23:35:32,075] {logging_mixin.py:115} INFO - [2025-01-15 23:35:32,074] {dag.py:2927} INFO - Setting next_dagrun for example_branch_labels to 2025-01-15T00:00:00+00:00, run_after=2025-01-16T00:00:00+00:00
[2025-01-15 23:35:32,134] {processor.py:161} INFO - Processing /mnt/c/Users/ander/Desktop/airflow-spark/airflow-spark/curso2/ambientepython/lib/python3.9/site-packages/airflow/example_dags/example_branch_labels.py took 0.186 seconds
[2025-01-15 23:36:25,575] {processor.py:153} INFO - Started process (PID=32742) to work on /mnt/c/Users/ander/Desktop/airflow-spark/airflow-spark/curso2/ambientepython/lib/python3.9/site-packages/airflow/example_dags/example_branch_labels.py
[2025-01-15 23:36:25,576] {processor.py:641} INFO - Processing file /mnt/c/Users/ander/Desktop/airflow-spark/airflow-spark/curso2/ambientepython/lib/python3.9/site-packages/airflow/example_dags/example_branch_labels.py for tasks to queue
[2025-01-15 23:36:25,577] {logging_mixin.py:115} INFO - [2025-01-15 23:36:25,577] {dagbag.py:507} INFO - Filling up the DagBag from /mnt/c/Users/ander/Desktop/airflow-spark/airflow-spark/curso2/ambientepython/lib/python3.9/site-packages/airflow/example_dags/example_branch_labels.py
[2025-01-15 23:36:25,612] {processor.py:651} INFO - DAG(s) dict_keys(['example_branch_labels']) retrieved from /mnt/c/Users/ander/Desktop/airflow-spark/airflow-spark/curso2/ambientepython/lib/python3.9/site-packages/airflow/example_dags/example_branch_labels.py
[2025-01-15 23:36:25,673] {logging_mixin.py:115} INFO - [2025-01-15 23:36:25,672] {dag.py:2379} INFO - Sync 1 DAGs
[2025-01-15 23:36:25,707] {logging_mixin.py:115} INFO - [2025-01-15 23:36:25,707] {dag.py:2927} INFO - Setting next_dagrun for example_branch_labels to 2025-01-15T00:00:00+00:00, run_after=2025-01-16T00:00:00+00:00
[2025-01-15 23:36:25,750] {processor.py:161} INFO - Processing /mnt/c/Users/ander/Desktop/airflow-spark/airflow-spark/curso2/ambientepython/lib/python3.9/site-packages/airflow/example_dags/example_branch_labels.py took 0.179 seconds
[2025-01-15 23:37:27,585] {processor.py:153} INFO - Started process (PID=32959) to work on /mnt/c/Users/ander/Desktop/airflow-spark/airflow-spark/curso2/ambientepython/lib/python3.9/site-packages/airflow/example_dags/example_branch_labels.py
[2025-01-15 23:37:27,586] {processor.py:641} INFO - Processing file /mnt/c/Users/ander/Desktop/airflow-spark/airflow-spark/curso2/ambientepython/lib/python3.9/site-packages/airflow/example_dags/example_branch_labels.py for tasks to queue
[2025-01-15 23:37:27,587] {logging_mixin.py:115} INFO - [2025-01-15 23:37:27,587] {dagbag.py:507} INFO - Filling up the DagBag from /mnt/c/Users/ander/Desktop/airflow-spark/airflow-spark/curso2/ambientepython/lib/python3.9/site-packages/airflow/example_dags/example_branch_labels.py
[2025-01-15 23:37:27,625] {processor.py:651} INFO - DAG(s) dict_keys(['example_branch_labels']) retrieved from /mnt/c/Users/ander/Desktop/airflow-spark/airflow-spark/curso2/ambientepython/lib/python3.9/site-packages/airflow/example_dags/example_branch_labels.py
[2025-01-15 23:37:27,681] {logging_mixin.py:115} INFO - [2025-01-15 23:37:27,680] {dag.py:2379} INFO - Sync 1 DAGs
[2025-01-15 23:37:27,721] {logging_mixin.py:115} INFO - [2025-01-15 23:37:27,721] {dag.py:2927} INFO - Setting next_dagrun for example_branch_labels to 2025-01-15T00:00:00+00:00, run_after=2025-01-16T00:00:00+00:00
[2025-01-15 23:37:27,779] {processor.py:161} INFO - Processing /mnt/c/Users/ander/Desktop/airflow-spark/airflow-spark/curso2/ambientepython/lib/python3.9/site-packages/airflow/example_dags/example_branch_labels.py took 0.199 seconds
[2025-01-15 23:38:18,348] {processor.py:153} INFO - Started process (PID=33188) to work on /mnt/c/Users/ander/Desktop/airflow-spark/airflow-spark/curso2/ambientepython/lib/python3.9/site-packages/airflow/example_dags/example_branch_labels.py
[2025-01-15 23:38:18,349] {processor.py:641} INFO - Processing file /mnt/c/Users/ander/Desktop/airflow-spark/airflow-spark/curso2/ambientepython/lib/python3.9/site-packages/airflow/example_dags/example_branch_labels.py for tasks to queue
[2025-01-15 23:38:18,351] {logging_mixin.py:115} INFO - [2025-01-15 23:38:18,351] {dagbag.py:507} INFO - Filling up the DagBag from /mnt/c/Users/ander/Desktop/airflow-spark/airflow-spark/curso2/ambientepython/lib/python3.9/site-packages/airflow/example_dags/example_branch_labels.py
[2025-01-15 23:38:18,404] {processor.py:651} INFO - DAG(s) dict_keys(['example_branch_labels']) retrieved from /mnt/c/Users/ander/Desktop/airflow-spark/airflow-spark/curso2/ambientepython/lib/python3.9/site-packages/airflow/example_dags/example_branch_labels.py
[2025-01-15 23:38:18,462] {logging_mixin.py:115} INFO - [2025-01-15 23:38:18,462] {dag.py:2379} INFO - Sync 1 DAGs
[2025-01-15 23:38:18,500] {logging_mixin.py:115} INFO - [2025-01-15 23:38:18,500] {dag.py:2927} INFO - Setting next_dagrun for example_branch_labels to 2025-01-15T00:00:00+00:00, run_after=2025-01-16T00:00:00+00:00
[2025-01-15 23:38:18,547] {processor.py:161} INFO - Processing /mnt/c/Users/ander/Desktop/airflow-spark/airflow-spark/curso2/ambientepython/lib/python3.9/site-packages/airflow/example_dags/example_branch_labels.py took 0.210 seconds
[2025-01-15 23:39:06,318] {processor.py:153} INFO - Started process (PID=33364) to work on /mnt/c/Users/ander/Desktop/airflow-spark/airflow-spark/curso2/ambientepython/lib/python3.9/site-packages/airflow/example_dags/example_branch_labels.py
[2025-01-15 23:39:06,320] {processor.py:641} INFO - Processing file /mnt/c/Users/ander/Desktop/airflow-spark/airflow-spark/curso2/ambientepython/lib/python3.9/site-packages/airflow/example_dags/example_branch_labels.py for tasks to queue
[2025-01-15 23:39:06,321] {logging_mixin.py:115} INFO - [2025-01-15 23:39:06,321] {dagbag.py:507} INFO - Filling up the DagBag from /mnt/c/Users/ander/Desktop/airflow-spark/airflow-spark/curso2/ambientepython/lib/python3.9/site-packages/airflow/example_dags/example_branch_labels.py
[2025-01-15 23:39:06,351] {processor.py:651} INFO - DAG(s) dict_keys(['example_branch_labels']) retrieved from /mnt/c/Users/ander/Desktop/airflow-spark/airflow-spark/curso2/ambientepython/lib/python3.9/site-packages/airflow/example_dags/example_branch_labels.py
[2025-01-15 23:39:06,398] {logging_mixin.py:115} INFO - [2025-01-15 23:39:06,397] {dag.py:2379} INFO - Sync 1 DAGs
[2025-01-15 23:39:06,435] {logging_mixin.py:115} INFO - [2025-01-15 23:39:06,434] {dag.py:2927} INFO - Setting next_dagrun for example_branch_labels to 2025-01-15T00:00:00+00:00, run_after=2025-01-16T00:00:00+00:00
[2025-01-15 23:39:06,490] {processor.py:161} INFO - Processing /mnt/c/Users/ander/Desktop/airflow-spark/airflow-spark/curso2/ambientepython/lib/python3.9/site-packages/airflow/example_dags/example_branch_labels.py took 0.180 seconds
[2025-01-15 23:39:56,812] {processor.py:153} INFO - Started process (PID=33545) to work on /mnt/c/Users/ander/Desktop/airflow-spark/airflow-spark/curso2/ambientepython/lib/python3.9/site-packages/airflow/example_dags/example_branch_labels.py
[2025-01-15 23:39:56,814] {processor.py:641} INFO - Processing file /mnt/c/Users/ander/Desktop/airflow-spark/airflow-spark/curso2/ambientepython/lib/python3.9/site-packages/airflow/example_dags/example_branch_labels.py for tasks to queue
[2025-01-15 23:39:56,816] {logging_mixin.py:115} INFO - [2025-01-15 23:39:56,815] {dagbag.py:507} INFO - Filling up the DagBag from /mnt/c/Users/ander/Desktop/airflow-spark/airflow-spark/curso2/ambientepython/lib/python3.9/site-packages/airflow/example_dags/example_branch_labels.py
[2025-01-15 23:39:56,845] {processor.py:651} INFO - DAG(s) dict_keys(['example_branch_labels']) retrieved from /mnt/c/Users/ander/Desktop/airflow-spark/airflow-spark/curso2/ambientepython/lib/python3.9/site-packages/airflow/example_dags/example_branch_labels.py
[2025-01-15 23:39:56,893] {logging_mixin.py:115} INFO - [2025-01-15 23:39:56,893] {dag.py:2379} INFO - Sync 1 DAGs
[2025-01-15 23:39:56,929] {logging_mixin.py:115} INFO - [2025-01-15 23:39:56,929] {dag.py:2927} INFO - Setting next_dagrun for example_branch_labels to 2025-01-15T00:00:00+00:00, run_after=2025-01-16T00:00:00+00:00
[2025-01-15 23:39:56,975] {processor.py:161} INFO - Processing /mnt/c/Users/ander/Desktop/airflow-spark/airflow-spark/curso2/ambientepython/lib/python3.9/site-packages/airflow/example_dags/example_branch_labels.py took 0.167 seconds
[2025-01-15 23:40:50,784] {processor.py:153} INFO - Started process (PID=33736) to work on /mnt/c/Users/ander/Desktop/airflow-spark/airflow-spark/curso2/ambientepython/lib/python3.9/site-packages/airflow/example_dags/example_branch_labels.py
[2025-01-15 23:40:50,786] {processor.py:641} INFO - Processing file /mnt/c/Users/ander/Desktop/airflow-spark/airflow-spark/curso2/ambientepython/lib/python3.9/site-packages/airflow/example_dags/example_branch_labels.py for tasks to queue
[2025-01-15 23:40:50,788] {logging_mixin.py:115} INFO - [2025-01-15 23:40:50,788] {dagbag.py:507} INFO - Filling up the DagBag from /mnt/c/Users/ander/Desktop/airflow-spark/airflow-spark/curso2/ambientepython/lib/python3.9/site-packages/airflow/example_dags/example_branch_labels.py
[2025-01-15 23:40:50,826] {processor.py:651} INFO - DAG(s) dict_keys(['example_branch_labels']) retrieved from /mnt/c/Users/ander/Desktop/airflow-spark/airflow-spark/curso2/ambientepython/lib/python3.9/site-packages/airflow/example_dags/example_branch_labels.py
[2025-01-15 23:40:50,876] {logging_mixin.py:115} INFO - [2025-01-15 23:40:50,876] {dag.py:2379} INFO - Sync 1 DAGs
[2025-01-15 23:40:50,919] {logging_mixin.py:115} INFO - [2025-01-15 23:40:50,919] {dag.py:2927} INFO - Setting next_dagrun for example_branch_labels to 2025-01-15T00:00:00+00:00, run_after=2025-01-16T00:00:00+00:00
[2025-01-15 23:40:50,979] {processor.py:161} INFO - Processing /mnt/c/Users/ander/Desktop/airflow-spark/airflow-spark/curso2/ambientepython/lib/python3.9/site-packages/airflow/example_dags/example_branch_labels.py took 0.201 seconds
[2025-01-15 23:41:42,349] {processor.py:153} INFO - Started process (PID=33918) to work on /mnt/c/Users/ander/Desktop/airflow-spark/airflow-spark/curso2/ambientepython/lib/python3.9/site-packages/airflow/example_dags/example_branch_labels.py
[2025-01-15 23:41:42,351] {processor.py:641} INFO - Processing file /mnt/c/Users/ander/Desktop/airflow-spark/airflow-spark/curso2/ambientepython/lib/python3.9/site-packages/airflow/example_dags/example_branch_labels.py for tasks to queue
[2025-01-15 23:41:42,353] {logging_mixin.py:115} INFO - [2025-01-15 23:41:42,353] {dagbag.py:507} INFO - Filling up the DagBag from /mnt/c/Users/ander/Desktop/airflow-spark/airflow-spark/curso2/ambientepython/lib/python3.9/site-packages/airflow/example_dags/example_branch_labels.py
[2025-01-15 23:41:42,389] {processor.py:651} INFO - DAG(s) dict_keys(['example_branch_labels']) retrieved from /mnt/c/Users/ander/Desktop/airflow-spark/airflow-spark/curso2/ambientepython/lib/python3.9/site-packages/airflow/example_dags/example_branch_labels.py
[2025-01-15 23:41:42,437] {logging_mixin.py:115} INFO - [2025-01-15 23:41:42,437] {dag.py:2379} INFO - Sync 1 DAGs
[2025-01-15 23:41:42,476] {logging_mixin.py:115} INFO - [2025-01-15 23:41:42,476] {dag.py:2927} INFO - Setting next_dagrun for example_branch_labels to 2025-01-15T00:00:00+00:00, run_after=2025-01-16T00:00:00+00:00
[2025-01-15 23:41:42,536] {processor.py:161} INFO - Processing /mnt/c/Users/ander/Desktop/airflow-spark/airflow-spark/curso2/ambientepython/lib/python3.9/site-packages/airflow/example_dags/example_branch_labels.py took 0.192 seconds
[2025-01-15 23:42:31,681] {processor.py:153} INFO - Started process (PID=34094) to work on /mnt/c/Users/ander/Desktop/airflow-spark/airflow-spark/curso2/ambientepython/lib/python3.9/site-packages/airflow/example_dags/example_branch_labels.py
[2025-01-15 23:42:31,682] {processor.py:641} INFO - Processing file /mnt/c/Users/ander/Desktop/airflow-spark/airflow-spark/curso2/ambientepython/lib/python3.9/site-packages/airflow/example_dags/example_branch_labels.py for tasks to queue
[2025-01-15 23:42:31,684] {logging_mixin.py:115} INFO - [2025-01-15 23:42:31,684] {dagbag.py:507} INFO - Filling up the DagBag from /mnt/c/Users/ander/Desktop/airflow-spark/airflow-spark/curso2/ambientepython/lib/python3.9/site-packages/airflow/example_dags/example_branch_labels.py
[2025-01-15 23:42:31,715] {processor.py:651} INFO - DAG(s) dict_keys(['example_branch_labels']) retrieved from /mnt/c/Users/ander/Desktop/airflow-spark/airflow-spark/curso2/ambientepython/lib/python3.9/site-packages/airflow/example_dags/example_branch_labels.py
[2025-01-15 23:42:31,759] {logging_mixin.py:115} INFO - [2025-01-15 23:42:31,758] {dag.py:2379} INFO - Sync 1 DAGs
[2025-01-15 23:42:31,791] {logging_mixin.py:115} INFO - [2025-01-15 23:42:31,791] {dag.py:2927} INFO - Setting next_dagrun for example_branch_labels to 2025-01-15T00:00:00+00:00, run_after=2025-01-16T00:00:00+00:00
[2025-01-15 23:42:31,863] {processor.py:161} INFO - Processing /mnt/c/Users/ander/Desktop/airflow-spark/airflow-spark/curso2/ambientepython/lib/python3.9/site-packages/airflow/example_dags/example_branch_labels.py took 0.185 seconds
[2025-01-15 23:43:15,086] {processor.py:153} INFO - Started process (PID=34308) to work on /mnt/c/Users/ander/Desktop/airflow-spark/airflow-spark/curso2/ambientepython/lib/python3.9/site-packages/airflow/example_dags/example_branch_labels.py
[2025-01-15 23:43:15,087] {processor.py:641} INFO - Processing file /mnt/c/Users/ander/Desktop/airflow-spark/airflow-spark/curso2/ambientepython/lib/python3.9/site-packages/airflow/example_dags/example_branch_labels.py for tasks to queue
[2025-01-15 23:43:15,088] {logging_mixin.py:115} INFO - [2025-01-15 23:43:15,088] {dagbag.py:507} INFO - Filling up the DagBag from /mnt/c/Users/ander/Desktop/airflow-spark/airflow-spark/curso2/ambientepython/lib/python3.9/site-packages/airflow/example_dags/example_branch_labels.py
[2025-01-15 23:43:15,114] {processor.py:651} INFO - DAG(s) dict_keys(['example_branch_labels']) retrieved from /mnt/c/Users/ander/Desktop/airflow-spark/airflow-spark/curso2/ambientepython/lib/python3.9/site-packages/airflow/example_dags/example_branch_labels.py
[2025-01-15 23:43:15,151] {logging_mixin.py:115} INFO - [2025-01-15 23:43:15,150] {dag.py:2379} INFO - Sync 1 DAGs
[2025-01-15 23:43:15,182] {logging_mixin.py:115} INFO - [2025-01-15 23:43:15,182] {dag.py:2927} INFO - Setting next_dagrun for example_branch_labels to 2025-01-15T00:00:00+00:00, run_after=2025-01-16T00:00:00+00:00
[2025-01-15 23:43:15,229] {processor.py:161} INFO - Processing /mnt/c/Users/ander/Desktop/airflow-spark/airflow-spark/curso2/ambientepython/lib/python3.9/site-packages/airflow/example_dags/example_branch_labels.py took 0.147 seconds
[2025-01-15 23:44:07,045] {processor.py:153} INFO - Started process (PID=34498) to work on /mnt/c/Users/ander/Desktop/airflow-spark/airflow-spark/curso2/ambientepython/lib/python3.9/site-packages/airflow/example_dags/example_branch_labels.py
[2025-01-15 23:44:07,046] {processor.py:641} INFO - Processing file /mnt/c/Users/ander/Desktop/airflow-spark/airflow-spark/curso2/ambientepython/lib/python3.9/site-packages/airflow/example_dags/example_branch_labels.py for tasks to queue
[2025-01-15 23:44:07,047] {logging_mixin.py:115} INFO - [2025-01-15 23:44:07,047] {dagbag.py:507} INFO - Filling up the DagBag from /mnt/c/Users/ander/Desktop/airflow-spark/airflow-spark/curso2/ambientepython/lib/python3.9/site-packages/airflow/example_dags/example_branch_labels.py
[2025-01-15 23:44:07,079] {processor.py:651} INFO - DAG(s) dict_keys(['example_branch_labels']) retrieved from /mnt/c/Users/ander/Desktop/airflow-spark/airflow-spark/curso2/ambientepython/lib/python3.9/site-packages/airflow/example_dags/example_branch_labels.py
[2025-01-15 23:44:07,122] {logging_mixin.py:115} INFO - [2025-01-15 23:44:07,122] {dag.py:2379} INFO - Sync 1 DAGs
[2025-01-15 23:44:07,154] {logging_mixin.py:115} INFO - [2025-01-15 23:44:07,154] {dag.py:2927} INFO - Setting next_dagrun for example_branch_labels to 2025-01-15T00:00:00+00:00, run_after=2025-01-16T00:00:00+00:00
[2025-01-15 23:44:07,205] {processor.py:161} INFO - Processing /mnt/c/Users/ander/Desktop/airflow-spark/airflow-spark/curso2/ambientepython/lib/python3.9/site-packages/airflow/example_dags/example_branch_labels.py took 0.164 seconds
[2025-01-15 23:45:03,962] {processor.py:153} INFO - Started process (PID=34695) to work on /mnt/c/Users/ander/Desktop/airflow-spark/airflow-spark/curso2/ambientepython/lib/python3.9/site-packages/airflow/example_dags/example_branch_labels.py
[2025-01-15 23:45:03,963] {processor.py:641} INFO - Processing file /mnt/c/Users/ander/Desktop/airflow-spark/airflow-spark/curso2/ambientepython/lib/python3.9/site-packages/airflow/example_dags/example_branch_labels.py for tasks to queue
[2025-01-15 23:45:03,964] {logging_mixin.py:115} INFO - [2025-01-15 23:45:03,964] {dagbag.py:507} INFO - Filling up the DagBag from /mnt/c/Users/ander/Desktop/airflow-spark/airflow-spark/curso2/ambientepython/lib/python3.9/site-packages/airflow/example_dags/example_branch_labels.py
[2025-01-15 23:45:03,995] {processor.py:651} INFO - DAG(s) dict_keys(['example_branch_labels']) retrieved from /mnt/c/Users/ander/Desktop/airflow-spark/airflow-spark/curso2/ambientepython/lib/python3.9/site-packages/airflow/example_dags/example_branch_labels.py
[2025-01-15 23:45:04,038] {logging_mixin.py:115} INFO - [2025-01-15 23:45:04,038] {dag.py:2379} INFO - Sync 1 DAGs
[2025-01-15 23:45:04,071] {logging_mixin.py:115} INFO - [2025-01-15 23:45:04,070] {dag.py:2927} INFO - Setting next_dagrun for example_branch_labels to 2025-01-15T00:00:00+00:00, run_after=2025-01-16T00:00:00+00:00
[2025-01-15 23:45:04,126] {processor.py:161} INFO - Processing /mnt/c/Users/ander/Desktop/airflow-spark/airflow-spark/curso2/ambientepython/lib/python3.9/site-packages/airflow/example_dags/example_branch_labels.py took 0.168 seconds
[2025-01-15 23:45:48,665] {processor.py:153} INFO - Started process (PID=34856) to work on /mnt/c/Users/ander/Desktop/airflow-spark/airflow-spark/curso2/ambientepython/lib/python3.9/site-packages/airflow/example_dags/example_branch_labels.py
[2025-01-15 23:45:48,666] {processor.py:641} INFO - Processing file /mnt/c/Users/ander/Desktop/airflow-spark/airflow-spark/curso2/ambientepython/lib/python3.9/site-packages/airflow/example_dags/example_branch_labels.py for tasks to queue
[2025-01-15 23:45:48,667] {logging_mixin.py:115} INFO - [2025-01-15 23:45:48,667] {dagbag.py:507} INFO - Filling up the DagBag from /mnt/c/Users/ander/Desktop/airflow-spark/airflow-spark/curso2/ambientepython/lib/python3.9/site-packages/airflow/example_dags/example_branch_labels.py
[2025-01-15 23:45:48,699] {processor.py:651} INFO - DAG(s) dict_keys(['example_branch_labels']) retrieved from /mnt/c/Users/ander/Desktop/airflow-spark/airflow-spark/curso2/ambientepython/lib/python3.9/site-packages/airflow/example_dags/example_branch_labels.py
[2025-01-15 23:45:48,745] {logging_mixin.py:115} INFO - [2025-01-15 23:45:48,745] {dag.py:2379} INFO - Sync 1 DAGs
[2025-01-15 23:45:48,781] {logging_mixin.py:115} INFO - [2025-01-15 23:45:48,780] {dag.py:2927} INFO - Setting next_dagrun for example_branch_labels to 2025-01-15T00:00:00+00:00, run_after=2025-01-16T00:00:00+00:00
[2025-01-15 23:45:48,838] {processor.py:161} INFO - Processing /mnt/c/Users/ander/Desktop/airflow-spark/airflow-spark/curso2/ambientepython/lib/python3.9/site-packages/airflow/example_dags/example_branch_labels.py took 0.177 seconds
[2025-01-15 23:46:34,609] {processor.py:153} INFO - Started process (PID=35025) to work on /mnt/c/Users/ander/Desktop/airflow-spark/airflow-spark/curso2/ambientepython/lib/python3.9/site-packages/airflow/example_dags/example_branch_labels.py
[2025-01-15 23:46:34,610] {processor.py:641} INFO - Processing file /mnt/c/Users/ander/Desktop/airflow-spark/airflow-spark/curso2/ambientepython/lib/python3.9/site-packages/airflow/example_dags/example_branch_labels.py for tasks to queue
[2025-01-15 23:46:34,611] {logging_mixin.py:115} INFO - [2025-01-15 23:46:34,611] {dagbag.py:507} INFO - Filling up the DagBag from /mnt/c/Users/ander/Desktop/airflow-spark/airflow-spark/curso2/ambientepython/lib/python3.9/site-packages/airflow/example_dags/example_branch_labels.py
[2025-01-15 23:46:34,643] {processor.py:651} INFO - DAG(s) dict_keys(['example_branch_labels']) retrieved from /mnt/c/Users/ander/Desktop/airflow-spark/airflow-spark/curso2/ambientepython/lib/python3.9/site-packages/airflow/example_dags/example_branch_labels.py
[2025-01-15 23:46:34,685] {logging_mixin.py:115} INFO - [2025-01-15 23:46:34,684] {dag.py:2379} INFO - Sync 1 DAGs
[2025-01-15 23:46:34,717] {logging_mixin.py:115} INFO - [2025-01-15 23:46:34,717] {dag.py:2927} INFO - Setting next_dagrun for example_branch_labels to 2025-01-15T00:00:00+00:00, run_after=2025-01-16T00:00:00+00:00
[2025-01-15 23:46:34,766] {processor.py:161} INFO - Processing /mnt/c/Users/ander/Desktop/airflow-spark/airflow-spark/curso2/ambientepython/lib/python3.9/site-packages/airflow/example_dags/example_branch_labels.py took 0.161 seconds
[2025-01-15 23:47:17,440] {processor.py:153} INFO - Started process (PID=35179) to work on /mnt/c/Users/ander/Desktop/airflow-spark/airflow-spark/curso2/ambientepython/lib/python3.9/site-packages/airflow/example_dags/example_branch_labels.py
[2025-01-15 23:47:17,442] {processor.py:641} INFO - Processing file /mnt/c/Users/ander/Desktop/airflow-spark/airflow-spark/curso2/ambientepython/lib/python3.9/site-packages/airflow/example_dags/example_branch_labels.py for tasks to queue
[2025-01-15 23:47:17,443] {logging_mixin.py:115} INFO - [2025-01-15 23:47:17,443] {dagbag.py:507} INFO - Filling up the DagBag from /mnt/c/Users/ander/Desktop/airflow-spark/airflow-spark/curso2/ambientepython/lib/python3.9/site-packages/airflow/example_dags/example_branch_labels.py
[2025-01-15 23:47:17,474] {processor.py:651} INFO - DAG(s) dict_keys(['example_branch_labels']) retrieved from /mnt/c/Users/ander/Desktop/airflow-spark/airflow-spark/curso2/ambientepython/lib/python3.9/site-packages/airflow/example_dags/example_branch_labels.py
[2025-01-15 23:47:17,525] {logging_mixin.py:115} INFO - [2025-01-15 23:47:17,525] {dag.py:2379} INFO - Sync 1 DAGs
[2025-01-15 23:47:17,558] {logging_mixin.py:115} INFO - [2025-01-15 23:47:17,558] {dag.py:2927} INFO - Setting next_dagrun for example_branch_labels to 2025-01-15T00:00:00+00:00, run_after=2025-01-16T00:00:00+00:00
[2025-01-15 23:47:17,598] {processor.py:161} INFO - Processing /mnt/c/Users/ander/Desktop/airflow-spark/airflow-spark/curso2/ambientepython/lib/python3.9/site-packages/airflow/example_dags/example_branch_labels.py took 0.162 seconds
[2025-01-15 23:48:03,487] {processor.py:153} INFO - Started process (PID=35398) to work on /mnt/c/Users/ander/Desktop/airflow-spark/airflow-spark/curso2/ambientepython/lib/python3.9/site-packages/airflow/example_dags/example_branch_labels.py
[2025-01-15 23:48:03,488] {processor.py:641} INFO - Processing file /mnt/c/Users/ander/Desktop/airflow-spark/airflow-spark/curso2/ambientepython/lib/python3.9/site-packages/airflow/example_dags/example_branch_labels.py for tasks to queue
[2025-01-15 23:48:03,489] {logging_mixin.py:115} INFO - [2025-01-15 23:48:03,489] {dagbag.py:507} INFO - Filling up the DagBag from /mnt/c/Users/ander/Desktop/airflow-spark/airflow-spark/curso2/ambientepython/lib/python3.9/site-packages/airflow/example_dags/example_branch_labels.py
[2025-01-15 23:48:03,529] {processor.py:651} INFO - DAG(s) dict_keys(['example_branch_labels']) retrieved from /mnt/c/Users/ander/Desktop/airflow-spark/airflow-spark/curso2/ambientepython/lib/python3.9/site-packages/airflow/example_dags/example_branch_labels.py
[2025-01-15 23:48:03,578] {logging_mixin.py:115} INFO - [2025-01-15 23:48:03,578] {dag.py:2379} INFO - Sync 1 DAGs
[2025-01-15 23:48:03,616] {logging_mixin.py:115} INFO - [2025-01-15 23:48:03,615] {dag.py:2927} INFO - Setting next_dagrun for example_branch_labels to 2025-01-15T00:00:00+00:00, run_after=2025-01-16T00:00:00+00:00
[2025-01-15 23:48:03,675] {processor.py:161} INFO - Processing /mnt/c/Users/ander/Desktop/airflow-spark/airflow-spark/curso2/ambientepython/lib/python3.9/site-packages/airflow/example_dags/example_branch_labels.py took 0.193 seconds
[2025-01-15 23:48:47,360] {processor.py:153} INFO - Started process (PID=35558) to work on /mnt/c/Users/ander/Desktop/airflow-spark/airflow-spark/curso2/ambientepython/lib/python3.9/site-packages/airflow/example_dags/example_branch_labels.py
[2025-01-15 23:48:47,363] {processor.py:641} INFO - Processing file /mnt/c/Users/ander/Desktop/airflow-spark/airflow-spark/curso2/ambientepython/lib/python3.9/site-packages/airflow/example_dags/example_branch_labels.py for tasks to queue
[2025-01-15 23:48:47,364] {logging_mixin.py:115} INFO - [2025-01-15 23:48:47,364] {dagbag.py:507} INFO - Filling up the DagBag from /mnt/c/Users/ander/Desktop/airflow-spark/airflow-spark/curso2/ambientepython/lib/python3.9/site-packages/airflow/example_dags/example_branch_labels.py
[2025-01-15 23:48:47,404] {processor.py:651} INFO - DAG(s) dict_keys(['example_branch_labels']) retrieved from /mnt/c/Users/ander/Desktop/airflow-spark/airflow-spark/curso2/ambientepython/lib/python3.9/site-packages/airflow/example_dags/example_branch_labels.py
[2025-01-15 23:48:47,455] {logging_mixin.py:115} INFO - [2025-01-15 23:48:47,455] {dag.py:2379} INFO - Sync 1 DAGs
[2025-01-15 23:48:47,500] {logging_mixin.py:115} INFO - [2025-01-15 23:48:47,499] {dag.py:2927} INFO - Setting next_dagrun for example_branch_labels to 2025-01-15T00:00:00+00:00, run_after=2025-01-16T00:00:00+00:00
[2025-01-15 23:48:47,565] {processor.py:161} INFO - Processing /mnt/c/Users/ander/Desktop/airflow-spark/airflow-spark/curso2/ambientepython/lib/python3.9/site-packages/airflow/example_dags/example_branch_labels.py took 0.211 seconds
[2025-01-15 23:49:34,053] {processor.py:153} INFO - Started process (PID=35728) to work on /mnt/c/Users/ander/Desktop/airflow-spark/airflow-spark/curso2/ambientepython/lib/python3.9/site-packages/airflow/example_dags/example_branch_labels.py
[2025-01-15 23:49:34,054] {processor.py:641} INFO - Processing file /mnt/c/Users/ander/Desktop/airflow-spark/airflow-spark/curso2/ambientepython/lib/python3.9/site-packages/airflow/example_dags/example_branch_labels.py for tasks to queue
[2025-01-15 23:49:34,055] {logging_mixin.py:115} INFO - [2025-01-15 23:49:34,055] {dagbag.py:507} INFO - Filling up the DagBag from /mnt/c/Users/ander/Desktop/airflow-spark/airflow-spark/curso2/ambientepython/lib/python3.9/site-packages/airflow/example_dags/example_branch_labels.py
[2025-01-15 23:49:34,085] {processor.py:651} INFO - DAG(s) dict_keys(['example_branch_labels']) retrieved from /mnt/c/Users/ander/Desktop/airflow-spark/airflow-spark/curso2/ambientepython/lib/python3.9/site-packages/airflow/example_dags/example_branch_labels.py
[2025-01-15 23:49:34,127] {logging_mixin.py:115} INFO - [2025-01-15 23:49:34,127] {dag.py:2379} INFO - Sync 1 DAGs
[2025-01-15 23:49:34,158] {logging_mixin.py:115} INFO - [2025-01-15 23:49:34,158] {dag.py:2927} INFO - Setting next_dagrun for example_branch_labels to 2025-01-15T00:00:00+00:00, run_after=2025-01-16T00:00:00+00:00
[2025-01-15 23:49:34,208] {processor.py:161} INFO - Processing /mnt/c/Users/ander/Desktop/airflow-spark/airflow-spark/curso2/ambientepython/lib/python3.9/site-packages/airflow/example_dags/example_branch_labels.py took 0.159 seconds
[2025-01-15 23:50:21,028] {processor.py:153} INFO - Started process (PID=35896) to work on /mnt/c/Users/ander/Desktop/airflow-spark/airflow-spark/curso2/ambientepython/lib/python3.9/site-packages/airflow/example_dags/example_branch_labels.py
[2025-01-15 23:50:21,029] {processor.py:641} INFO - Processing file /mnt/c/Users/ander/Desktop/airflow-spark/airflow-spark/curso2/ambientepython/lib/python3.9/site-packages/airflow/example_dags/example_branch_labels.py for tasks to queue
[2025-01-15 23:50:21,030] {logging_mixin.py:115} INFO - [2025-01-15 23:50:21,030] {dagbag.py:507} INFO - Filling up the DagBag from /mnt/c/Users/ander/Desktop/airflow-spark/airflow-spark/curso2/ambientepython/lib/python3.9/site-packages/airflow/example_dags/example_branch_labels.py
[2025-01-15 23:50:21,062] {processor.py:651} INFO - DAG(s) dict_keys(['example_branch_labels']) retrieved from /mnt/c/Users/ander/Desktop/airflow-spark/airflow-spark/curso2/ambientepython/lib/python3.9/site-packages/airflow/example_dags/example_branch_labels.py
[2025-01-15 23:50:21,104] {logging_mixin.py:115} INFO - [2025-01-15 23:50:21,104] {dag.py:2379} INFO - Sync 1 DAGs
[2025-01-15 23:50:21,136] {logging_mixin.py:115} INFO - [2025-01-15 23:50:21,136] {dag.py:2927} INFO - Setting next_dagrun for example_branch_labels to 2025-01-15T00:00:00+00:00, run_after=2025-01-16T00:00:00+00:00
[2025-01-15 23:50:21,188] {processor.py:161} INFO - Processing /mnt/c/Users/ander/Desktop/airflow-spark/airflow-spark/curso2/ambientepython/lib/python3.9/site-packages/airflow/example_dags/example_branch_labels.py took 0.164 seconds
[2025-01-15 23:51:09,211] {processor.py:153} INFO - Started process (PID=36071) to work on /mnt/c/Users/ander/Desktop/airflow-spark/airflow-spark/curso2/ambientepython/lib/python3.9/site-packages/airflow/example_dags/example_branch_labels.py
[2025-01-15 23:51:09,212] {processor.py:641} INFO - Processing file /mnt/c/Users/ander/Desktop/airflow-spark/airflow-spark/curso2/ambientepython/lib/python3.9/site-packages/airflow/example_dags/example_branch_labels.py for tasks to queue
[2025-01-15 23:51:09,213] {logging_mixin.py:115} INFO - [2025-01-15 23:51:09,213] {dagbag.py:507} INFO - Filling up the DagBag from /mnt/c/Users/ander/Desktop/airflow-spark/airflow-spark/curso2/ambientepython/lib/python3.9/site-packages/airflow/example_dags/example_branch_labels.py
[2025-01-15 23:51:09,243] {processor.py:651} INFO - DAG(s) dict_keys(['example_branch_labels']) retrieved from /mnt/c/Users/ander/Desktop/airflow-spark/airflow-spark/curso2/ambientepython/lib/python3.9/site-packages/airflow/example_dags/example_branch_labels.py
[2025-01-15 23:51:09,289] {logging_mixin.py:115} INFO - [2025-01-15 23:51:09,289] {dag.py:2379} INFO - Sync 1 DAGs
[2025-01-15 23:51:09,320] {logging_mixin.py:115} INFO - [2025-01-15 23:51:09,320] {dag.py:2927} INFO - Setting next_dagrun for example_branch_labels to 2025-01-15T00:00:00+00:00, run_after=2025-01-16T00:00:00+00:00
[2025-01-15 23:51:09,372] {processor.py:161} INFO - Processing /mnt/c/Users/ander/Desktop/airflow-spark/airflow-spark/curso2/ambientepython/lib/python3.9/site-packages/airflow/example_dags/example_branch_labels.py took 0.165 seconds
[2025-01-15 23:51:57,728] {processor.py:153} INFO - Started process (PID=36245) to work on /mnt/c/Users/ander/Desktop/airflow-spark/airflow-spark/curso2/ambientepython/lib/python3.9/site-packages/airflow/example_dags/example_branch_labels.py
[2025-01-15 23:51:57,730] {processor.py:641} INFO - Processing file /mnt/c/Users/ander/Desktop/airflow-spark/airflow-spark/curso2/ambientepython/lib/python3.9/site-packages/airflow/example_dags/example_branch_labels.py for tasks to queue
[2025-01-15 23:51:57,730] {logging_mixin.py:115} INFO - [2025-01-15 23:51:57,730] {dagbag.py:507} INFO - Filling up the DagBag from /mnt/c/Users/ander/Desktop/airflow-spark/airflow-spark/curso2/ambientepython/lib/python3.9/site-packages/airflow/example_dags/example_branch_labels.py
[2025-01-15 23:51:57,761] {processor.py:651} INFO - DAG(s) dict_keys(['example_branch_labels']) retrieved from /mnt/c/Users/ander/Desktop/airflow-spark/airflow-spark/curso2/ambientepython/lib/python3.9/site-packages/airflow/example_dags/example_branch_labels.py
[2025-01-15 23:51:57,809] {logging_mixin.py:115} INFO - [2025-01-15 23:51:57,808] {dag.py:2379} INFO - Sync 1 DAGs
[2025-01-15 23:51:57,847] {logging_mixin.py:115} INFO - [2025-01-15 23:51:57,847] {dag.py:2927} INFO - Setting next_dagrun for example_branch_labels to 2025-01-15T00:00:00+00:00, run_after=2025-01-16T00:00:00+00:00
[2025-01-15 23:51:57,907] {processor.py:161} INFO - Processing /mnt/c/Users/ander/Desktop/airflow-spark/airflow-spark/curso2/ambientepython/lib/python3.9/site-packages/airflow/example_dags/example_branch_labels.py took 0.183 seconds
[2025-01-15 23:52:52,060] {processor.py:153} INFO - Started process (PID=36436) to work on /mnt/c/Users/ander/Desktop/airflow-spark/airflow-spark/curso2/ambientepython/lib/python3.9/site-packages/airflow/example_dags/example_branch_labels.py
[2025-01-15 23:52:52,061] {processor.py:641} INFO - Processing file /mnt/c/Users/ander/Desktop/airflow-spark/airflow-spark/curso2/ambientepython/lib/python3.9/site-packages/airflow/example_dags/example_branch_labels.py for tasks to queue
[2025-01-15 23:52:52,064] {logging_mixin.py:115} INFO - [2025-01-15 23:52:52,062] {dagbag.py:507} INFO - Filling up the DagBag from /mnt/c/Users/ander/Desktop/airflow-spark/airflow-spark/curso2/ambientepython/lib/python3.9/site-packages/airflow/example_dags/example_branch_labels.py
[2025-01-15 23:52:52,099] {processor.py:651} INFO - DAG(s) dict_keys(['example_branch_labels']) retrieved from /mnt/c/Users/ander/Desktop/airflow-spark/airflow-spark/curso2/ambientepython/lib/python3.9/site-packages/airflow/example_dags/example_branch_labels.py
[2025-01-15 23:52:52,145] {logging_mixin.py:115} INFO - [2025-01-15 23:52:52,145] {dag.py:2379} INFO - Sync 1 DAGs
[2025-01-15 23:52:52,190] {logging_mixin.py:115} INFO - [2025-01-15 23:52:52,190] {dag.py:2927} INFO - Setting next_dagrun for example_branch_labels to 2025-01-15T00:00:00+00:00, run_after=2025-01-16T00:00:00+00:00
[2025-01-15 23:52:52,237] {processor.py:161} INFO - Processing /mnt/c/Users/ander/Desktop/airflow-spark/airflow-spark/curso2/ambientepython/lib/python3.9/site-packages/airflow/example_dags/example_branch_labels.py took 0.182 seconds
