[2025-01-15 23:12:12,102] {processor.py:153} INFO - Started process (PID=25074) to work on /mnt/c/Users/ander/Desktop/airflow-spark/airflow-spark/curso2/ambientepython/lib/python3.9/site-packages/airflow/example_dags/tutorial.py
[2025-01-15 23:12:12,103] {processor.py:641} INFO - Processing file /mnt/c/Users/ander/Desktop/airflow-spark/airflow-spark/curso2/ambientepython/lib/python3.9/site-packages/airflow/example_dags/tutorial.py for tasks to queue
[2025-01-15 23:12:12,104] {logging_mixin.py:115} INFO - [2025-01-15 23:12:12,104] {dagbag.py:507} INFO - Filling up the DagBag from /mnt/c/Users/ander/Desktop/airflow-spark/airflow-spark/curso2/ambientepython/lib/python3.9/site-packages/airflow/example_dags/tutorial.py
[2025-01-15 23:12:12,167] {processor.py:651} INFO - DAG(s) dict_keys(['tutorial']) retrieved from /mnt/c/Users/ander/Desktop/airflow-spark/airflow-spark/curso2/ambientepython/lib/python3.9/site-packages/airflow/example_dags/tutorial.py
[2025-01-15 23:12:12,450] {logging_mixin.py:115} INFO - [2025-01-15 23:12:12,449] {manager.py:508} INFO - Created Permission View: can edit on DAG:tutorial
[2025-01-15 23:12:12,493] {logging_mixin.py:115} INFO - [2025-01-15 23:12:12,493] {manager.py:508} INFO - Created Permission View: can delete on DAG:tutorial
[2025-01-15 23:12:12,530] {logging_mixin.py:115} INFO - [2025-01-15 23:12:12,530] {manager.py:508} INFO - Created Permission View: can read on DAG:tutorial
[2025-01-15 23:12:12,531] {logging_mixin.py:115} INFO - [2025-01-15 23:12:12,530] {dag.py:2379} INFO - Sync 1 DAGs
[2025-01-15 23:12:12,552] {logging_mixin.py:115} INFO - [2025-01-15 23:12:12,552] {dag.py:2398} INFO - Creating ORM DAG for tutorial
[2025-01-15 23:12:12,578] {logging_mixin.py:115} INFO - [2025-01-15 23:12:12,578] {dag.py:2927} INFO - Setting next_dagrun for tutorial to 2025-01-15T02:12:12.577926+00:00, run_after=2025-01-16T02:12:12.577926+00:00
[2025-01-15 23:12:12,644] {processor.py:161} INFO - Processing /mnt/c/Users/ander/Desktop/airflow-spark/airflow-spark/curso2/ambientepython/lib/python3.9/site-packages/airflow/example_dags/tutorial.py took 0.547 seconds
[2025-01-15 23:13:10,641] {processor.py:153} INFO - Started process (PID=25589) to work on /mnt/c/Users/ander/Desktop/airflow-spark/airflow-spark/curso2/ambientepython/lib/python3.9/site-packages/airflow/example_dags/tutorial.py
[2025-01-15 23:13:10,643] {processor.py:641} INFO - Processing file /mnt/c/Users/ander/Desktop/airflow-spark/airflow-spark/curso2/ambientepython/lib/python3.9/site-packages/airflow/example_dags/tutorial.py for tasks to queue
[2025-01-15 23:13:10,644] {logging_mixin.py:115} INFO - [2025-01-15 23:13:10,644] {dagbag.py:507} INFO - Filling up the DagBag from /mnt/c/Users/ander/Desktop/airflow-spark/airflow-spark/curso2/ambientepython/lib/python3.9/site-packages/airflow/example_dags/tutorial.py
[2025-01-15 23:13:10,694] {processor.py:651} INFO - DAG(s) dict_keys(['tutorial']) retrieved from /mnt/c/Users/ander/Desktop/airflow-spark/airflow-spark/curso2/ambientepython/lib/python3.9/site-packages/airflow/example_dags/tutorial.py
[2025-01-15 23:13:10,736] {logging_mixin.py:115} INFO - [2025-01-15 23:13:10,735] {dag.py:2379} INFO - Sync 1 DAGs
[2025-01-15 23:13:10,765] {logging_mixin.py:115} INFO - [2025-01-15 23:13:10,765] {dag.py:2927} INFO - Setting next_dagrun for tutorial to 2025-01-15T02:13:10.764892+00:00, run_after=2025-01-16T02:13:10.764892+00:00
[2025-01-15 23:13:10,810] {processor.py:161} INFO - Processing /mnt/c/Users/ander/Desktop/airflow-spark/airflow-spark/curso2/ambientepython/lib/python3.9/site-packages/airflow/example_dags/tutorial.py took 0.173 seconds
[2025-01-15 23:13:56,623] {processor.py:153} INFO - Started process (PID=25757) to work on /mnt/c/Users/ander/Desktop/airflow-spark/airflow-spark/curso2/ambientepython/lib/python3.9/site-packages/airflow/example_dags/tutorial.py
[2025-01-15 23:13:56,624] {processor.py:641} INFO - Processing file /mnt/c/Users/ander/Desktop/airflow-spark/airflow-spark/curso2/ambientepython/lib/python3.9/site-packages/airflow/example_dags/tutorial.py for tasks to queue
[2025-01-15 23:13:56,625] {logging_mixin.py:115} INFO - [2025-01-15 23:13:56,624] {dagbag.py:507} INFO - Filling up the DagBag from /mnt/c/Users/ander/Desktop/airflow-spark/airflow-spark/curso2/ambientepython/lib/python3.9/site-packages/airflow/example_dags/tutorial.py
[2025-01-15 23:13:56,662] {processor.py:651} INFO - DAG(s) dict_keys(['tutorial']) retrieved from /mnt/c/Users/ander/Desktop/airflow-spark/airflow-spark/curso2/ambientepython/lib/python3.9/site-packages/airflow/example_dags/tutorial.py
[2025-01-15 23:13:56,701] {logging_mixin.py:115} INFO - [2025-01-15 23:13:56,701] {dag.py:2379} INFO - Sync 1 DAGs
[2025-01-15 23:13:56,731] {logging_mixin.py:115} INFO - [2025-01-15 23:13:56,731] {dag.py:2927} INFO - Setting next_dagrun for tutorial to 2025-01-15T02:13:56.731180+00:00, run_after=2025-01-16T02:13:56.731180+00:00
[2025-01-15 23:13:56,782] {processor.py:161} INFO - Processing /mnt/c/Users/ander/Desktop/airflow-spark/airflow-spark/curso2/ambientepython/lib/python3.9/site-packages/airflow/example_dags/tutorial.py took 0.164 seconds
[2025-01-15 23:14:40,592] {processor.py:153} INFO - Started process (PID=25918) to work on /mnt/c/Users/ander/Desktop/airflow-spark/airflow-spark/curso2/ambientepython/lib/python3.9/site-packages/airflow/example_dags/tutorial.py
[2025-01-15 23:14:40,593] {processor.py:641} INFO - Processing file /mnt/c/Users/ander/Desktop/airflow-spark/airflow-spark/curso2/ambientepython/lib/python3.9/site-packages/airflow/example_dags/tutorial.py for tasks to queue
[2025-01-15 23:14:40,594] {logging_mixin.py:115} INFO - [2025-01-15 23:14:40,594] {dagbag.py:507} INFO - Filling up the DagBag from /mnt/c/Users/ander/Desktop/airflow-spark/airflow-spark/curso2/ambientepython/lib/python3.9/site-packages/airflow/example_dags/tutorial.py
[2025-01-15 23:14:40,646] {processor.py:651} INFO - DAG(s) dict_keys(['tutorial']) retrieved from /mnt/c/Users/ander/Desktop/airflow-spark/airflow-spark/curso2/ambientepython/lib/python3.9/site-packages/airflow/example_dags/tutorial.py
[2025-01-15 23:14:40,686] {logging_mixin.py:115} INFO - [2025-01-15 23:14:40,686] {dag.py:2379} INFO - Sync 1 DAGs
[2025-01-15 23:14:40,716] {logging_mixin.py:115} INFO - [2025-01-15 23:14:40,716] {dag.py:2927} INFO - Setting next_dagrun for tutorial to 2025-01-15T02:14:40.716319+00:00, run_after=2025-01-16T02:14:40.716319+00:00
[2025-01-15 23:14:40,765] {processor.py:161} INFO - Processing /mnt/c/Users/ander/Desktop/airflow-spark/airflow-spark/curso2/ambientepython/lib/python3.9/site-packages/airflow/example_dags/tutorial.py took 0.178 seconds
[2025-01-15 23:15:25,173] {processor.py:153} INFO - Started process (PID=26079) to work on /mnt/c/Users/ander/Desktop/airflow-spark/airflow-spark/curso2/ambientepython/lib/python3.9/site-packages/airflow/example_dags/tutorial.py
[2025-01-15 23:15:25,174] {processor.py:641} INFO - Processing file /mnt/c/Users/ander/Desktop/airflow-spark/airflow-spark/curso2/ambientepython/lib/python3.9/site-packages/airflow/example_dags/tutorial.py for tasks to queue
[2025-01-15 23:15:25,175] {logging_mixin.py:115} INFO - [2025-01-15 23:15:25,175] {dagbag.py:507} INFO - Filling up the DagBag from /mnt/c/Users/ander/Desktop/airflow-spark/airflow-spark/curso2/ambientepython/lib/python3.9/site-packages/airflow/example_dags/tutorial.py
[2025-01-15 23:15:25,220] {processor.py:651} INFO - DAG(s) dict_keys(['tutorial']) retrieved from /mnt/c/Users/ander/Desktop/airflow-spark/airflow-spark/curso2/ambientepython/lib/python3.9/site-packages/airflow/example_dags/tutorial.py
[2025-01-15 23:15:25,268] {logging_mixin.py:115} INFO - [2025-01-15 23:15:25,268] {dag.py:2379} INFO - Sync 1 DAGs
[2025-01-15 23:15:25,314] {logging_mixin.py:115} INFO - [2025-01-15 23:15:25,314] {dag.py:2927} INFO - Setting next_dagrun for tutorial to 2025-01-15T02:15:25.313907+00:00, run_after=2025-01-16T02:15:25.313907+00:00
[2025-01-15 23:15:25,365] {processor.py:161} INFO - Processing /mnt/c/Users/ander/Desktop/airflow-spark/airflow-spark/curso2/ambientepython/lib/python3.9/site-packages/airflow/example_dags/tutorial.py took 0.196 seconds
[2025-01-15 23:16:00,658] {processor.py:153} INFO - Started process (PID=26201) to work on /mnt/c/Users/ander/Desktop/airflow-spark/airflow-spark/curso2/ambientepython/lib/python3.9/site-packages/airflow/example_dags/tutorial.py
[2025-01-15 23:16:00,659] {processor.py:641} INFO - Processing file /mnt/c/Users/ander/Desktop/airflow-spark/airflow-spark/curso2/ambientepython/lib/python3.9/site-packages/airflow/example_dags/tutorial.py for tasks to queue
[2025-01-15 23:16:00,660] {logging_mixin.py:115} INFO - [2025-01-15 23:16:00,660] {dagbag.py:507} INFO - Filling up the DagBag from /mnt/c/Users/ander/Desktop/airflow-spark/airflow-spark/curso2/ambientepython/lib/python3.9/site-packages/airflow/example_dags/tutorial.py
[2025-01-15 23:16:00,721] {processor.py:651} INFO - DAG(s) dict_keys(['tutorial']) retrieved from /mnt/c/Users/ander/Desktop/airflow-spark/airflow-spark/curso2/ambientepython/lib/python3.9/site-packages/airflow/example_dags/tutorial.py
[2025-01-15 23:16:00,759] {logging_mixin.py:115} INFO - [2025-01-15 23:16:00,759] {dag.py:2379} INFO - Sync 1 DAGs
[2025-01-15 23:16:00,790] {logging_mixin.py:115} INFO - [2025-01-15 23:16:00,790] {dag.py:2927} INFO - Setting next_dagrun for tutorial to 2025-01-15T02:16:00.789662+00:00, run_after=2025-01-16T02:16:00.789662+00:00
[2025-01-15 23:16:00,838] {processor.py:161} INFO - Processing /mnt/c/Users/ander/Desktop/airflow-spark/airflow-spark/curso2/ambientepython/lib/python3.9/site-packages/airflow/example_dags/tutorial.py took 0.185 seconds
[2025-01-15 23:16:35,464] {processor.py:153} INFO - Started process (PID=26330) to work on /mnt/c/Users/ander/Desktop/airflow-spark/airflow-spark/curso2/ambientepython/lib/python3.9/site-packages/airflow/example_dags/tutorial.py
[2025-01-15 23:16:35,465] {processor.py:641} INFO - Processing file /mnt/c/Users/ander/Desktop/airflow-spark/airflow-spark/curso2/ambientepython/lib/python3.9/site-packages/airflow/example_dags/tutorial.py for tasks to queue
[2025-01-15 23:16:35,466] {logging_mixin.py:115} INFO - [2025-01-15 23:16:35,466] {dagbag.py:507} INFO - Filling up the DagBag from /mnt/c/Users/ander/Desktop/airflow-spark/airflow-spark/curso2/ambientepython/lib/python3.9/site-packages/airflow/example_dags/tutorial.py
[2025-01-15 23:16:35,511] {processor.py:651} INFO - DAG(s) dict_keys(['tutorial']) retrieved from /mnt/c/Users/ander/Desktop/airflow-spark/airflow-spark/curso2/ambientepython/lib/python3.9/site-packages/airflow/example_dags/tutorial.py
[2025-01-15 23:16:35,552] {logging_mixin.py:115} INFO - [2025-01-15 23:16:35,552] {dag.py:2379} INFO - Sync 1 DAGs
[2025-01-15 23:16:35,583] {logging_mixin.py:115} INFO - [2025-01-15 23:16:35,583] {dag.py:2927} INFO - Setting next_dagrun for tutorial to 2025-01-15T02:16:35.582799+00:00, run_after=2025-01-16T02:16:35.582799+00:00
[2025-01-15 23:16:35,638] {processor.py:161} INFO - Processing /mnt/c/Users/ander/Desktop/airflow-spark/airflow-spark/curso2/ambientepython/lib/python3.9/site-packages/airflow/example_dags/tutorial.py took 0.178 seconds
[2025-01-15 23:17:22,245] {processor.py:153} INFO - Started process (PID=26552) to work on /mnt/c/Users/ander/Desktop/airflow-spark/airflow-spark/curso2/ambientepython/lib/python3.9/site-packages/airflow/example_dags/tutorial.py
[2025-01-15 23:17:22,247] {processor.py:641} INFO - Processing file /mnt/c/Users/ander/Desktop/airflow-spark/airflow-spark/curso2/ambientepython/lib/python3.9/site-packages/airflow/example_dags/tutorial.py for tasks to queue
[2025-01-15 23:17:22,248] {logging_mixin.py:115} INFO - [2025-01-15 23:17:22,248] {dagbag.py:507} INFO - Filling up the DagBag from /mnt/c/Users/ander/Desktop/airflow-spark/airflow-spark/curso2/ambientepython/lib/python3.9/site-packages/airflow/example_dags/tutorial.py
[2025-01-15 23:17:22,686] {processor.py:651} INFO - DAG(s) dict_keys(['tutorial']) retrieved from /mnt/c/Users/ander/Desktop/airflow-spark/airflow-spark/curso2/ambientepython/lib/python3.9/site-packages/airflow/example_dags/tutorial.py
[2025-01-15 23:17:22,756] {logging_mixin.py:115} INFO - [2025-01-15 23:17:22,756] {dag.py:2379} INFO - Sync 1 DAGs
[2025-01-15 23:17:22,845] {logging_mixin.py:115} INFO - [2025-01-15 23:17:22,845] {dag.py:2927} INFO - Setting next_dagrun for tutorial to 2025-01-15T02:17:22.844526+00:00, run_after=2025-01-16T02:17:22.844526+00:00
[2025-01-15 23:17:22,935] {processor.py:161} INFO - Processing /mnt/c/Users/ander/Desktop/airflow-spark/airflow-spark/curso2/ambientepython/lib/python3.9/site-packages/airflow/example_dags/tutorial.py took 0.695 seconds
[2025-01-15 23:18:05,225] {processor.py:153} INFO - Started process (PID=26707) to work on /mnt/c/Users/ander/Desktop/airflow-spark/airflow-spark/curso2/ambientepython/lib/python3.9/site-packages/airflow/example_dags/tutorial.py
[2025-01-15 23:18:05,226] {processor.py:641} INFO - Processing file /mnt/c/Users/ander/Desktop/airflow-spark/airflow-spark/curso2/ambientepython/lib/python3.9/site-packages/airflow/example_dags/tutorial.py for tasks to queue
[2025-01-15 23:18:05,227] {logging_mixin.py:115} INFO - [2025-01-15 23:18:05,227] {dagbag.py:507} INFO - Filling up the DagBag from /mnt/c/Users/ander/Desktop/airflow-spark/airflow-spark/curso2/ambientepython/lib/python3.9/site-packages/airflow/example_dags/tutorial.py
[2025-01-15 23:18:05,269] {processor.py:651} INFO - DAG(s) dict_keys(['tutorial']) retrieved from /mnt/c/Users/ander/Desktop/airflow-spark/airflow-spark/curso2/ambientepython/lib/python3.9/site-packages/airflow/example_dags/tutorial.py
[2025-01-15 23:18:05,310] {logging_mixin.py:115} INFO - [2025-01-15 23:18:05,310] {dag.py:2379} INFO - Sync 1 DAGs
[2025-01-15 23:18:05,341] {logging_mixin.py:115} INFO - [2025-01-15 23:18:05,341] {dag.py:2927} INFO - Setting next_dagrun for tutorial to 2025-01-15T02:18:05.340967+00:00, run_after=2025-01-16T02:18:05.340967+00:00
[2025-01-15 23:18:05,395] {processor.py:161} INFO - Processing /mnt/c/Users/ander/Desktop/airflow-spark/airflow-spark/curso2/ambientepython/lib/python3.9/site-packages/airflow/example_dags/tutorial.py took 0.174 seconds
[2025-01-15 23:18:44,461] {processor.py:153} INFO - Started process (PID=26854) to work on /mnt/c/Users/ander/Desktop/airflow-spark/airflow-spark/curso2/ambientepython/lib/python3.9/site-packages/airflow/example_dags/tutorial.py
[2025-01-15 23:18:44,462] {processor.py:641} INFO - Processing file /mnt/c/Users/ander/Desktop/airflow-spark/airflow-spark/curso2/ambientepython/lib/python3.9/site-packages/airflow/example_dags/tutorial.py for tasks to queue
[2025-01-15 23:18:44,463] {logging_mixin.py:115} INFO - [2025-01-15 23:18:44,463] {dagbag.py:507} INFO - Filling up the DagBag from /mnt/c/Users/ander/Desktop/airflow-spark/airflow-spark/curso2/ambientepython/lib/python3.9/site-packages/airflow/example_dags/tutorial.py
[2025-01-15 23:18:44,500] {processor.py:651} INFO - DAG(s) dict_keys(['tutorial']) retrieved from /mnt/c/Users/ander/Desktop/airflow-spark/airflow-spark/curso2/ambientepython/lib/python3.9/site-packages/airflow/example_dags/tutorial.py
[2025-01-15 23:18:44,537] {logging_mixin.py:115} INFO - [2025-01-15 23:18:44,536] {dag.py:2379} INFO - Sync 1 DAGs
[2025-01-15 23:18:44,566] {logging_mixin.py:115} INFO - [2025-01-15 23:18:44,566] {dag.py:2927} INFO - Setting next_dagrun for tutorial to 2025-01-15T02:18:44.566215+00:00, run_after=2025-01-16T02:18:44.566215+00:00
[2025-01-15 23:18:44,615] {processor.py:161} INFO - Processing /mnt/c/Users/ander/Desktop/airflow-spark/airflow-spark/curso2/ambientepython/lib/python3.9/site-packages/airflow/example_dags/tutorial.py took 0.158 seconds
[2025-01-15 23:19:25,369] {processor.py:153} INFO - Started process (PID=27001) to work on /mnt/c/Users/ander/Desktop/airflow-spark/airflow-spark/curso2/ambientepython/lib/python3.9/site-packages/airflow/example_dags/tutorial.py
[2025-01-15 23:19:25,370] {processor.py:641} INFO - Processing file /mnt/c/Users/ander/Desktop/airflow-spark/airflow-spark/curso2/ambientepython/lib/python3.9/site-packages/airflow/example_dags/tutorial.py for tasks to queue
[2025-01-15 23:19:25,371] {logging_mixin.py:115} INFO - [2025-01-15 23:19:25,371] {dagbag.py:507} INFO - Filling up the DagBag from /mnt/c/Users/ander/Desktop/airflow-spark/airflow-spark/curso2/ambientepython/lib/python3.9/site-packages/airflow/example_dags/tutorial.py
[2025-01-15 23:19:25,430] {processor.py:651} INFO - DAG(s) dict_keys(['tutorial']) retrieved from /mnt/c/Users/ander/Desktop/airflow-spark/airflow-spark/curso2/ambientepython/lib/python3.9/site-packages/airflow/example_dags/tutorial.py
[2025-01-15 23:19:25,478] {logging_mixin.py:115} INFO - [2025-01-15 23:19:25,478] {dag.py:2379} INFO - Sync 1 DAGs
[2025-01-15 23:19:25,514] {logging_mixin.py:115} INFO - [2025-01-15 23:19:25,514] {dag.py:2927} INFO - Setting next_dagrun for tutorial to 2025-01-15T02:19:25.514033+00:00, run_after=2025-01-16T02:19:25.514033+00:00
[2025-01-15 23:19:25,572] {processor.py:161} INFO - Processing /mnt/c/Users/ander/Desktop/airflow-spark/airflow-spark/curso2/ambientepython/lib/python3.9/site-packages/airflow/example_dags/tutorial.py took 0.209 seconds
[2025-01-15 23:20:01,278] {processor.py:153} INFO - Started process (PID=27130) to work on /mnt/c/Users/ander/Desktop/airflow-spark/airflow-spark/curso2/ambientepython/lib/python3.9/site-packages/airflow/example_dags/tutorial.py
[2025-01-15 23:20:01,280] {processor.py:641} INFO - Processing file /mnt/c/Users/ander/Desktop/airflow-spark/airflow-spark/curso2/ambientepython/lib/python3.9/site-packages/airflow/example_dags/tutorial.py for tasks to queue
[2025-01-15 23:20:01,281] {logging_mixin.py:115} INFO - [2025-01-15 23:20:01,280] {dagbag.py:507} INFO - Filling up the DagBag from /mnt/c/Users/ander/Desktop/airflow-spark/airflow-spark/curso2/ambientepython/lib/python3.9/site-packages/airflow/example_dags/tutorial.py
[2025-01-15 23:20:01,329] {processor.py:651} INFO - DAG(s) dict_keys(['tutorial']) retrieved from /mnt/c/Users/ander/Desktop/airflow-spark/airflow-spark/curso2/ambientepython/lib/python3.9/site-packages/airflow/example_dags/tutorial.py
[2025-01-15 23:20:01,376] {logging_mixin.py:115} INFO - [2025-01-15 23:20:01,376] {dag.py:2379} INFO - Sync 1 DAGs
[2025-01-15 23:20:01,410] {logging_mixin.py:115} INFO - [2025-01-15 23:20:01,410] {dag.py:2927} INFO - Setting next_dagrun for tutorial to 2025-01-15T02:20:01.410394+00:00, run_after=2025-01-16T02:20:01.410394+00:00
[2025-01-15 23:20:01,470] {processor.py:161} INFO - Processing /mnt/c/Users/ander/Desktop/airflow-spark/airflow-spark/curso2/ambientepython/lib/python3.9/site-packages/airflow/example_dags/tutorial.py took 0.196 seconds
[2025-01-15 23:20:36,263] {processor.py:153} INFO - Started process (PID=27487) to work on /mnt/c/Users/ander/Desktop/airflow-spark/airflow-spark/curso2/ambientepython/lib/python3.9/site-packages/airflow/example_dags/tutorial.py
[2025-01-15 23:20:36,264] {processor.py:641} INFO - Processing file /mnt/c/Users/ander/Desktop/airflow-spark/airflow-spark/curso2/ambientepython/lib/python3.9/site-packages/airflow/example_dags/tutorial.py for tasks to queue
[2025-01-15 23:20:36,265] {logging_mixin.py:115} INFO - [2025-01-15 23:20:36,265] {dagbag.py:507} INFO - Filling up the DagBag from /mnt/c/Users/ander/Desktop/airflow-spark/airflow-spark/curso2/ambientepython/lib/python3.9/site-packages/airflow/example_dags/tutorial.py
[2025-01-15 23:20:36,506] {processor.py:651} INFO - DAG(s) dict_keys(['tutorial']) retrieved from /mnt/c/Users/ander/Desktop/airflow-spark/airflow-spark/curso2/ambientepython/lib/python3.9/site-packages/airflow/example_dags/tutorial.py
[2025-01-15 23:20:36,583] {logging_mixin.py:115} INFO - [2025-01-15 23:20:36,583] {dag.py:2379} INFO - Sync 1 DAGs
[2025-01-15 23:20:36,623] {logging_mixin.py:115} INFO - [2025-01-15 23:20:36,623] {dag.py:2927} INFO - Setting next_dagrun for tutorial to 2025-01-15T02:20:36.622939+00:00, run_after=2025-01-16T02:20:36.622939+00:00
[2025-01-15 23:20:36,763] {processor.py:161} INFO - Processing /mnt/c/Users/ander/Desktop/airflow-spark/airflow-spark/curso2/ambientepython/lib/python3.9/site-packages/airflow/example_dags/tutorial.py took 0.505 seconds
[2025-01-15 23:21:11,924] {processor.py:153} INFO - Started process (PID=27801) to work on /mnt/c/Users/ander/Desktop/airflow-spark/airflow-spark/curso2/ambientepython/lib/python3.9/site-packages/airflow/example_dags/tutorial.py
[2025-01-15 23:21:11,926] {processor.py:641} INFO - Processing file /mnt/c/Users/ander/Desktop/airflow-spark/airflow-spark/curso2/ambientepython/lib/python3.9/site-packages/airflow/example_dags/tutorial.py for tasks to queue
[2025-01-15 23:21:11,927] {logging_mixin.py:115} INFO - [2025-01-15 23:21:11,926] {dagbag.py:507} INFO - Filling up the DagBag from /mnt/c/Users/ander/Desktop/airflow-spark/airflow-spark/curso2/ambientepython/lib/python3.9/site-packages/airflow/example_dags/tutorial.py
[2025-01-15 23:21:11,980] {processor.py:651} INFO - DAG(s) dict_keys(['tutorial']) retrieved from /mnt/c/Users/ander/Desktop/airflow-spark/airflow-spark/curso2/ambientepython/lib/python3.9/site-packages/airflow/example_dags/tutorial.py
[2025-01-15 23:21:12,025] {logging_mixin.py:115} INFO - [2025-01-15 23:21:12,025] {dag.py:2379} INFO - Sync 1 DAGs
[2025-01-15 23:21:12,061] {logging_mixin.py:115} INFO - [2025-01-15 23:21:12,060] {dag.py:2927} INFO - Setting next_dagrun for tutorial to 2025-01-15T02:21:12.060561+00:00, run_after=2025-01-16T02:21:12.060561+00:00
[2025-01-15 23:21:12,116] {processor.py:161} INFO - Processing /mnt/c/Users/ander/Desktop/airflow-spark/airflow-spark/curso2/ambientepython/lib/python3.9/site-packages/airflow/example_dags/tutorial.py took 0.196 seconds
[2025-01-15 23:21:49,664] {processor.py:153} INFO - Started process (PID=28107) to work on /mnt/c/Users/ander/Desktop/airflow-spark/airflow-spark/curso2/ambientepython/lib/python3.9/site-packages/airflow/example_dags/tutorial.py
[2025-01-15 23:21:49,667] {processor.py:641} INFO - Processing file /mnt/c/Users/ander/Desktop/airflow-spark/airflow-spark/curso2/ambientepython/lib/python3.9/site-packages/airflow/example_dags/tutorial.py for tasks to queue
[2025-01-15 23:21:49,668] {logging_mixin.py:115} INFO - [2025-01-15 23:21:49,668] {dagbag.py:507} INFO - Filling up the DagBag from /mnt/c/Users/ander/Desktop/airflow-spark/airflow-spark/curso2/ambientepython/lib/python3.9/site-packages/airflow/example_dags/tutorial.py
[2025-01-15 23:21:49,740] {processor.py:651} INFO - DAG(s) dict_keys(['tutorial']) retrieved from /mnt/c/Users/ander/Desktop/airflow-spark/airflow-spark/curso2/ambientepython/lib/python3.9/site-packages/airflow/example_dags/tutorial.py
[2025-01-15 23:21:49,785] {logging_mixin.py:115} INFO - [2025-01-15 23:21:49,785] {dag.py:2379} INFO - Sync 1 DAGs
[2025-01-15 23:21:49,820] {logging_mixin.py:115} INFO - [2025-01-15 23:21:49,820] {dag.py:2927} INFO - Setting next_dagrun for tutorial to 2025-01-15T02:21:49.820202+00:00, run_after=2025-01-16T02:21:49.820202+00:00
[2025-01-15 23:21:49,881] {processor.py:161} INFO - Processing /mnt/c/Users/ander/Desktop/airflow-spark/airflow-spark/curso2/ambientepython/lib/python3.9/site-packages/airflow/example_dags/tutorial.py took 0.223 seconds
[2025-01-15 23:22:28,666] {processor.py:153} INFO - Started process (PID=28410) to work on /mnt/c/Users/ander/Desktop/airflow-spark/airflow-spark/curso2/ambientepython/lib/python3.9/site-packages/airflow/example_dags/tutorial.py
[2025-01-15 23:22:28,667] {processor.py:641} INFO - Processing file /mnt/c/Users/ander/Desktop/airflow-spark/airflow-spark/curso2/ambientepython/lib/python3.9/site-packages/airflow/example_dags/tutorial.py for tasks to queue
[2025-01-15 23:22:28,673] {logging_mixin.py:115} INFO - [2025-01-15 23:22:28,673] {dagbag.py:507} INFO - Filling up the DagBag from /mnt/c/Users/ander/Desktop/airflow-spark/airflow-spark/curso2/ambientepython/lib/python3.9/site-packages/airflow/example_dags/tutorial.py
[2025-01-15 23:22:28,743] {processor.py:651} INFO - DAG(s) dict_keys(['tutorial']) retrieved from /mnt/c/Users/ander/Desktop/airflow-spark/airflow-spark/curso2/ambientepython/lib/python3.9/site-packages/airflow/example_dags/tutorial.py
[2025-01-15 23:22:28,783] {logging_mixin.py:115} INFO - [2025-01-15 23:22:28,783] {dag.py:2379} INFO - Sync 1 DAGs
[2025-01-15 23:22:28,819] {logging_mixin.py:115} INFO - [2025-01-15 23:22:28,818] {dag.py:2927} INFO - Setting next_dagrun for tutorial to 2025-01-15T02:22:28.818518+00:00, run_after=2025-01-16T02:22:28.818518+00:00
[2025-01-15 23:22:28,882] {processor.py:161} INFO - Processing /mnt/c/Users/ander/Desktop/airflow-spark/airflow-spark/curso2/ambientepython/lib/python3.9/site-packages/airflow/example_dags/tutorial.py took 0.220 seconds
[2025-01-15 23:23:06,852] {processor.py:153} INFO - Started process (PID=28580) to work on /mnt/c/Users/ander/Desktop/airflow-spark/airflow-spark/curso2/ambientepython/lib/python3.9/site-packages/airflow/example_dags/tutorial.py
[2025-01-15 23:23:06,854] {processor.py:641} INFO - Processing file /mnt/c/Users/ander/Desktop/airflow-spark/airflow-spark/curso2/ambientepython/lib/python3.9/site-packages/airflow/example_dags/tutorial.py for tasks to queue
[2025-01-15 23:23:06,855] {logging_mixin.py:115} INFO - [2025-01-15 23:23:06,854] {dagbag.py:507} INFO - Filling up the DagBag from /mnt/c/Users/ander/Desktop/airflow-spark/airflow-spark/curso2/ambientepython/lib/python3.9/site-packages/airflow/example_dags/tutorial.py
[2025-01-15 23:23:06,912] {processor.py:651} INFO - DAG(s) dict_keys(['tutorial']) retrieved from /mnt/c/Users/ander/Desktop/airflow-spark/airflow-spark/curso2/ambientepython/lib/python3.9/site-packages/airflow/example_dags/tutorial.py
[2025-01-15 23:23:06,953] {logging_mixin.py:115} INFO - [2025-01-15 23:23:06,953] {dag.py:2379} INFO - Sync 1 DAGs
[2025-01-15 23:23:06,983] {logging_mixin.py:115} INFO - [2025-01-15 23:23:06,983] {dag.py:2927} INFO - Setting next_dagrun for tutorial to 2025-01-15T02:23:06.982897+00:00, run_after=2025-01-16T02:23:06.982897+00:00
[2025-01-15 23:23:07,033] {processor.py:161} INFO - Processing /mnt/c/Users/ander/Desktop/airflow-spark/airflow-spark/curso2/ambientepython/lib/python3.9/site-packages/airflow/example_dags/tutorial.py took 0.185 seconds
[2025-01-15 23:23:52,593] {processor.py:153} INFO - Started process (PID=28748) to work on /mnt/c/Users/ander/Desktop/airflow-spark/airflow-spark/curso2/ambientepython/lib/python3.9/site-packages/airflow/example_dags/tutorial.py
[2025-01-15 23:23:52,594] {processor.py:641} INFO - Processing file /mnt/c/Users/ander/Desktop/airflow-spark/airflow-spark/curso2/ambientepython/lib/python3.9/site-packages/airflow/example_dags/tutorial.py for tasks to queue
[2025-01-15 23:23:52,595] {logging_mixin.py:115} INFO - [2025-01-15 23:23:52,595] {dagbag.py:507} INFO - Filling up the DagBag from /mnt/c/Users/ander/Desktop/airflow-spark/airflow-spark/curso2/ambientepython/lib/python3.9/site-packages/airflow/example_dags/tutorial.py
[2025-01-15 23:23:52,639] {processor.py:651} INFO - DAG(s) dict_keys(['tutorial']) retrieved from /mnt/c/Users/ander/Desktop/airflow-spark/airflow-spark/curso2/ambientepython/lib/python3.9/site-packages/airflow/example_dags/tutorial.py
[2025-01-15 23:23:52,681] {logging_mixin.py:115} INFO - [2025-01-15 23:23:52,681] {dag.py:2379} INFO - Sync 1 DAGs
[2025-01-15 23:23:52,711] {logging_mixin.py:115} INFO - [2025-01-15 23:23:52,711] {dag.py:2927} INFO - Setting next_dagrun for tutorial to 2025-01-15T02:23:52.710986+00:00, run_after=2025-01-16T02:23:52.710986+00:00
[2025-01-15 23:23:52,763] {processor.py:161} INFO - Processing /mnt/c/Users/ander/Desktop/airflow-spark/airflow-spark/curso2/ambientepython/lib/python3.9/site-packages/airflow/example_dags/tutorial.py took 0.174 seconds
[2025-01-15 23:24:39,187] {processor.py:153} INFO - Started process (PID=28917) to work on /mnt/c/Users/ander/Desktop/airflow-spark/airflow-spark/curso2/ambientepython/lib/python3.9/site-packages/airflow/example_dags/tutorial.py
[2025-01-15 23:24:39,188] {processor.py:641} INFO - Processing file /mnt/c/Users/ander/Desktop/airflow-spark/airflow-spark/curso2/ambientepython/lib/python3.9/site-packages/airflow/example_dags/tutorial.py for tasks to queue
[2025-01-15 23:24:39,189] {logging_mixin.py:115} INFO - [2025-01-15 23:24:39,189] {dagbag.py:507} INFO - Filling up the DagBag from /mnt/c/Users/ander/Desktop/airflow-spark/airflow-spark/curso2/ambientepython/lib/python3.9/site-packages/airflow/example_dags/tutorial.py
[2025-01-15 23:24:39,241] {processor.py:651} INFO - DAG(s) dict_keys(['tutorial']) retrieved from /mnt/c/Users/ander/Desktop/airflow-spark/airflow-spark/curso2/ambientepython/lib/python3.9/site-packages/airflow/example_dags/tutorial.py
[2025-01-15 23:24:39,277] {logging_mixin.py:115} INFO - [2025-01-15 23:24:39,277] {dag.py:2379} INFO - Sync 1 DAGs
[2025-01-15 23:24:39,306] {logging_mixin.py:115} INFO - [2025-01-15 23:24:39,305] {dag.py:2927} INFO - Setting next_dagrun for tutorial to 2025-01-15T02:24:39.305617+00:00, run_after=2025-01-16T02:24:39.305617+00:00
[2025-01-15 23:24:39,357] {processor.py:161} INFO - Processing /mnt/c/Users/ander/Desktop/airflow-spark/airflow-spark/curso2/ambientepython/lib/python3.9/site-packages/airflow/example_dags/tutorial.py took 0.173 seconds
[2025-01-15 23:25:23,755] {processor.py:153} INFO - Started process (PID=29078) to work on /mnt/c/Users/ander/Desktop/airflow-spark/airflow-spark/curso2/ambientepython/lib/python3.9/site-packages/airflow/example_dags/tutorial.py
[2025-01-15 23:25:23,757] {processor.py:641} INFO - Processing file /mnt/c/Users/ander/Desktop/airflow-spark/airflow-spark/curso2/ambientepython/lib/python3.9/site-packages/airflow/example_dags/tutorial.py for tasks to queue
[2025-01-15 23:25:23,758] {logging_mixin.py:115} INFO - [2025-01-15 23:25:23,757] {dagbag.py:507} INFO - Filling up the DagBag from /mnt/c/Users/ander/Desktop/airflow-spark/airflow-spark/curso2/ambientepython/lib/python3.9/site-packages/airflow/example_dags/tutorial.py
[2025-01-15 23:25:23,796] {processor.py:651} INFO - DAG(s) dict_keys(['tutorial']) retrieved from /mnt/c/Users/ander/Desktop/airflow-spark/airflow-spark/curso2/ambientepython/lib/python3.9/site-packages/airflow/example_dags/tutorial.py
[2025-01-15 23:25:23,834] {logging_mixin.py:115} INFO - [2025-01-15 23:25:23,834] {dag.py:2379} INFO - Sync 1 DAGs
[2025-01-15 23:25:23,863] {logging_mixin.py:115} INFO - [2025-01-15 23:25:23,863] {dag.py:2927} INFO - Setting next_dagrun for tutorial to 2025-01-15T02:25:23.862773+00:00, run_after=2025-01-16T02:25:23.862773+00:00
[2025-01-15 23:25:23,910] {processor.py:161} INFO - Processing /mnt/c/Users/ander/Desktop/airflow-spark/airflow-spark/curso2/ambientepython/lib/python3.9/site-packages/airflow/example_dags/tutorial.py took 0.159 seconds
[2025-01-15 23:26:06,673] {processor.py:153} INFO - Started process (PID=29232) to work on /mnt/c/Users/ander/Desktop/airflow-spark/airflow-spark/curso2/ambientepython/lib/python3.9/site-packages/airflow/example_dags/tutorial.py
[2025-01-15 23:26:06,674] {processor.py:641} INFO - Processing file /mnt/c/Users/ander/Desktop/airflow-spark/airflow-spark/curso2/ambientepython/lib/python3.9/site-packages/airflow/example_dags/tutorial.py for tasks to queue
[2025-01-15 23:26:06,676] {logging_mixin.py:115} INFO - [2025-01-15 23:26:06,675] {dagbag.py:507} INFO - Filling up the DagBag from /mnt/c/Users/ander/Desktop/airflow-spark/airflow-spark/curso2/ambientepython/lib/python3.9/site-packages/airflow/example_dags/tutorial.py
[2025-01-15 23:26:06,713] {processor.py:651} INFO - DAG(s) dict_keys(['tutorial']) retrieved from /mnt/c/Users/ander/Desktop/airflow-spark/airflow-spark/curso2/ambientepython/lib/python3.9/site-packages/airflow/example_dags/tutorial.py
[2025-01-15 23:26:06,751] {logging_mixin.py:115} INFO - [2025-01-15 23:26:06,751] {dag.py:2379} INFO - Sync 1 DAGs
[2025-01-15 23:26:06,781] {logging_mixin.py:115} INFO - [2025-01-15 23:26:06,781] {dag.py:2927} INFO - Setting next_dagrun for tutorial to 2025-01-15T02:26:06.781051+00:00, run_after=2025-01-16T02:26:06.781051+00:00
[2025-01-15 23:26:06,828] {processor.py:161} INFO - Processing /mnt/c/Users/ander/Desktop/airflow-spark/airflow-spark/curso2/ambientepython/lib/python3.9/site-packages/airflow/example_dags/tutorial.py took 0.158 seconds
[2025-01-15 23:26:49,136] {processor.py:153} INFO - Started process (PID=29386) to work on /mnt/c/Users/ander/Desktop/airflow-spark/airflow-spark/curso2/ambientepython/lib/python3.9/site-packages/airflow/example_dags/tutorial.py
[2025-01-15 23:26:49,139] {processor.py:641} INFO - Processing file /mnt/c/Users/ander/Desktop/airflow-spark/airflow-spark/curso2/ambientepython/lib/python3.9/site-packages/airflow/example_dags/tutorial.py for tasks to queue
[2025-01-15 23:26:49,140] {logging_mixin.py:115} INFO - [2025-01-15 23:26:49,140] {dagbag.py:507} INFO - Filling up the DagBag from /mnt/c/Users/ander/Desktop/airflow-spark/airflow-spark/curso2/ambientepython/lib/python3.9/site-packages/airflow/example_dags/tutorial.py
[2025-01-15 23:26:49,192] {processor.py:651} INFO - DAG(s) dict_keys(['tutorial']) retrieved from /mnt/c/Users/ander/Desktop/airflow-spark/airflow-spark/curso2/ambientepython/lib/python3.9/site-packages/airflow/example_dags/tutorial.py
[2025-01-15 23:26:49,236] {logging_mixin.py:115} INFO - [2025-01-15 23:26:49,236] {dag.py:2379} INFO - Sync 1 DAGs
[2025-01-15 23:26:49,266] {logging_mixin.py:115} INFO - [2025-01-15 23:26:49,266] {dag.py:2927} INFO - Setting next_dagrun for tutorial to 2025-01-15T02:26:49.265950+00:00, run_after=2025-01-16T02:26:49.265950+00:00
[2025-01-15 23:26:49,319] {processor.py:161} INFO - Processing /mnt/c/Users/ander/Desktop/airflow-spark/airflow-spark/curso2/ambientepython/lib/python3.9/site-packages/airflow/example_dags/tutorial.py took 0.187 seconds
[2025-01-15 23:27:35,890] {processor.py:153} INFO - Started process (PID=29611) to work on /mnt/c/Users/ander/Desktop/airflow-spark/airflow-spark/curso2/ambientepython/lib/python3.9/site-packages/airflow/example_dags/tutorial.py
[2025-01-15 23:27:35,891] {processor.py:641} INFO - Processing file /mnt/c/Users/ander/Desktop/airflow-spark/airflow-spark/curso2/ambientepython/lib/python3.9/site-packages/airflow/example_dags/tutorial.py for tasks to queue
[2025-01-15 23:27:35,895] {logging_mixin.py:115} INFO - [2025-01-15 23:27:35,894] {dagbag.py:507} INFO - Filling up the DagBag from /mnt/c/Users/ander/Desktop/airflow-spark/airflow-spark/curso2/ambientepython/lib/python3.9/site-packages/airflow/example_dags/tutorial.py
[2025-01-15 23:27:35,954] {processor.py:651} INFO - DAG(s) dict_keys(['tutorial']) retrieved from /mnt/c/Users/ander/Desktop/airflow-spark/airflow-spark/curso2/ambientepython/lib/python3.9/site-packages/airflow/example_dags/tutorial.py
[2025-01-15 23:27:36,035] {logging_mixin.py:115} INFO - [2025-01-15 23:27:36,034] {dag.py:2379} INFO - Sync 1 DAGs
[2025-01-15 23:27:36,081] {logging_mixin.py:115} INFO - [2025-01-15 23:27:36,081] {dag.py:2927} INFO - Setting next_dagrun for tutorial to 2025-01-15T02:27:36.080915+00:00, run_after=2025-01-16T02:27:36.080915+00:00
[2025-01-15 23:27:36,136] {processor.py:161} INFO - Processing /mnt/c/Users/ander/Desktop/airflow-spark/airflow-spark/curso2/ambientepython/lib/python3.9/site-packages/airflow/example_dags/tutorial.py took 0.251 seconds
[2025-01-15 23:28:13,450] {processor.py:153} INFO - Started process (PID=29740) to work on /mnt/c/Users/ander/Desktop/airflow-spark/airflow-spark/curso2/ambientepython/lib/python3.9/site-packages/airflow/example_dags/tutorial.py
[2025-01-15 23:28:13,451] {processor.py:641} INFO - Processing file /mnt/c/Users/ander/Desktop/airflow-spark/airflow-spark/curso2/ambientepython/lib/python3.9/site-packages/airflow/example_dags/tutorial.py for tasks to queue
[2025-01-15 23:28:13,452] {logging_mixin.py:115} INFO - [2025-01-15 23:28:13,452] {dagbag.py:507} INFO - Filling up the DagBag from /mnt/c/Users/ander/Desktop/airflow-spark/airflow-spark/curso2/ambientepython/lib/python3.9/site-packages/airflow/example_dags/tutorial.py
[2025-01-15 23:28:13,500] {processor.py:651} INFO - DAG(s) dict_keys(['tutorial']) retrieved from /mnt/c/Users/ander/Desktop/airflow-spark/airflow-spark/curso2/ambientepython/lib/python3.9/site-packages/airflow/example_dags/tutorial.py
[2025-01-15 23:28:13,548] {logging_mixin.py:115} INFO - [2025-01-15 23:28:13,548] {dag.py:2379} INFO - Sync 1 DAGs
[2025-01-15 23:28:13,584] {logging_mixin.py:115} INFO - [2025-01-15 23:28:13,584] {dag.py:2927} INFO - Setting next_dagrun for tutorial to 2025-01-15T02:28:13.583593+00:00, run_after=2025-01-16T02:28:13.583593+00:00
[2025-01-15 23:28:13,635] {processor.py:161} INFO - Processing /mnt/c/Users/ander/Desktop/airflow-spark/airflow-spark/curso2/ambientepython/lib/python3.9/site-packages/airflow/example_dags/tutorial.py took 0.192 seconds
[2025-01-15 23:28:49,743] {processor.py:153} INFO - Started process (PID=29870) to work on /mnt/c/Users/ander/Desktop/airflow-spark/airflow-spark/curso2/ambientepython/lib/python3.9/site-packages/airflow/example_dags/tutorial.py
[2025-01-15 23:28:49,744] {processor.py:641} INFO - Processing file /mnt/c/Users/ander/Desktop/airflow-spark/airflow-spark/curso2/ambientepython/lib/python3.9/site-packages/airflow/example_dags/tutorial.py for tasks to queue
[2025-01-15 23:28:49,746] {logging_mixin.py:115} INFO - [2025-01-15 23:28:49,745] {dagbag.py:507} INFO - Filling up the DagBag from /mnt/c/Users/ander/Desktop/airflow-spark/airflow-spark/curso2/ambientepython/lib/python3.9/site-packages/airflow/example_dags/tutorial.py
[2025-01-15 23:28:49,804] {processor.py:651} INFO - DAG(s) dict_keys(['tutorial']) retrieved from /mnt/c/Users/ander/Desktop/airflow-spark/airflow-spark/curso2/ambientepython/lib/python3.9/site-packages/airflow/example_dags/tutorial.py
[2025-01-15 23:28:49,852] {logging_mixin.py:115} INFO - [2025-01-15 23:28:49,852] {dag.py:2379} INFO - Sync 1 DAGs
[2025-01-15 23:28:49,887] {logging_mixin.py:115} INFO - [2025-01-15 23:28:49,887] {dag.py:2927} INFO - Setting next_dagrun for tutorial to 2025-01-15T02:28:49.886922+00:00, run_after=2025-01-16T02:28:49.886922+00:00
[2025-01-15 23:28:49,933] {processor.py:161} INFO - Processing /mnt/c/Users/ander/Desktop/airflow-spark/airflow-spark/curso2/ambientepython/lib/python3.9/site-packages/airflow/example_dags/tutorial.py took 0.193 seconds
[2025-01-15 23:29:36,662] {processor.py:153} INFO - Started process (PID=30038) to work on /mnt/c/Users/ander/Desktop/airflow-spark/airflow-spark/curso2/ambientepython/lib/python3.9/site-packages/airflow/example_dags/tutorial.py
[2025-01-15 23:29:36,663] {processor.py:641} INFO - Processing file /mnt/c/Users/ander/Desktop/airflow-spark/airflow-spark/curso2/ambientepython/lib/python3.9/site-packages/airflow/example_dags/tutorial.py for tasks to queue
[2025-01-15 23:29:36,664] {logging_mixin.py:115} INFO - [2025-01-15 23:29:36,664] {dagbag.py:507} INFO - Filling up the DagBag from /mnt/c/Users/ander/Desktop/airflow-spark/airflow-spark/curso2/ambientepython/lib/python3.9/site-packages/airflow/example_dags/tutorial.py
[2025-01-15 23:29:36,716] {processor.py:651} INFO - DAG(s) dict_keys(['tutorial']) retrieved from /mnt/c/Users/ander/Desktop/airflow-spark/airflow-spark/curso2/ambientepython/lib/python3.9/site-packages/airflow/example_dags/tutorial.py
[2025-01-15 23:29:36,760] {logging_mixin.py:115} INFO - [2025-01-15 23:29:36,759] {dag.py:2379} INFO - Sync 1 DAGs
[2025-01-15 23:29:36,795] {logging_mixin.py:115} INFO - [2025-01-15 23:29:36,794] {dag.py:2927} INFO - Setting next_dagrun for tutorial to 2025-01-15T02:29:36.794414+00:00, run_after=2025-01-16T02:29:36.794414+00:00
[2025-01-15 23:29:36,849] {processor.py:161} INFO - Processing /mnt/c/Users/ander/Desktop/airflow-spark/airflow-spark/curso2/ambientepython/lib/python3.9/site-packages/airflow/example_dags/tutorial.py took 0.191 seconds
[2025-01-15 23:30:22,111] {processor.py:153} INFO - Started process (PID=30354) to work on /mnt/c/Users/ander/Desktop/airflow-spark/airflow-spark/curso2/ambientepython/lib/python3.9/site-packages/airflow/example_dags/tutorial.py
[2025-01-15 23:30:22,112] {processor.py:641} INFO - Processing file /mnt/c/Users/ander/Desktop/airflow-spark/airflow-spark/curso2/ambientepython/lib/python3.9/site-packages/airflow/example_dags/tutorial.py for tasks to queue
[2025-01-15 23:30:22,113] {logging_mixin.py:115} INFO - [2025-01-15 23:30:22,113] {dagbag.py:507} INFO - Filling up the DagBag from /mnt/c/Users/ander/Desktop/airflow-spark/airflow-spark/curso2/ambientepython/lib/python3.9/site-packages/airflow/example_dags/tutorial.py
[2025-01-15 23:30:22,160] {processor.py:651} INFO - DAG(s) dict_keys(['tutorial']) retrieved from /mnt/c/Users/ander/Desktop/airflow-spark/airflow-spark/curso2/ambientepython/lib/python3.9/site-packages/airflow/example_dags/tutorial.py
[2025-01-15 23:30:22,207] {logging_mixin.py:115} INFO - [2025-01-15 23:30:22,207] {dag.py:2379} INFO - Sync 1 DAGs
[2025-01-15 23:30:22,244] {logging_mixin.py:115} INFO - [2025-01-15 23:30:22,243] {dag.py:2927} INFO - Setting next_dagrun for tutorial to 2025-01-15T02:30:22.243329+00:00, run_after=2025-01-16T02:30:22.243329+00:00
[2025-01-15 23:30:22,304] {processor.py:161} INFO - Processing /mnt/c/Users/ander/Desktop/airflow-spark/airflow-spark/curso2/ambientepython/lib/python3.9/site-packages/airflow/example_dags/tutorial.py took 0.197 seconds
[2025-01-15 23:32:31,054] {processor.py:153} INFO - Started process (PID=31844) to work on /mnt/c/Users/ander/Desktop/airflow-spark/airflow-spark/curso2/ambientepython/lib/python3.9/site-packages/airflow/example_dags/tutorial.py
[2025-01-15 23:32:31,057] {processor.py:641} INFO - Processing file /mnt/c/Users/ander/Desktop/airflow-spark/airflow-spark/curso2/ambientepython/lib/python3.9/site-packages/airflow/example_dags/tutorial.py for tasks to queue
[2025-01-15 23:32:31,059] {logging_mixin.py:115} INFO - [2025-01-15 23:32:31,059] {dagbag.py:507} INFO - Filling up the DagBag from /mnt/c/Users/ander/Desktop/airflow-spark/airflow-spark/curso2/ambientepython/lib/python3.9/site-packages/airflow/example_dags/tutorial.py
[2025-01-15 23:32:31,148] {processor.py:651} INFO - DAG(s) dict_keys(['tutorial']) retrieved from /mnt/c/Users/ander/Desktop/airflow-spark/airflow-spark/curso2/ambientepython/lib/python3.9/site-packages/airflow/example_dags/tutorial.py
[2025-01-15 23:32:31,202] {logging_mixin.py:115} INFO - [2025-01-15 23:32:31,201] {dag.py:2379} INFO - Sync 1 DAGs
[2025-01-15 23:32:31,240] {logging_mixin.py:115} INFO - [2025-01-15 23:32:31,240] {dag.py:2927} INFO - Setting next_dagrun for tutorial to 2025-01-15T02:32:31.240331+00:00, run_after=2025-01-16T02:32:31.240331+00:00
[2025-01-15 23:32:31,321] {processor.py:161} INFO - Processing /mnt/c/Users/ander/Desktop/airflow-spark/airflow-spark/curso2/ambientepython/lib/python3.9/site-packages/airflow/example_dags/tutorial.py took 0.281 seconds
[2025-01-15 23:33:11,522] {processor.py:153} INFO - Started process (PID=32042) to work on /mnt/c/Users/ander/Desktop/airflow-spark/airflow-spark/curso2/ambientepython/lib/python3.9/site-packages/airflow/example_dags/tutorial.py
[2025-01-15 23:33:11,523] {processor.py:641} INFO - Processing file /mnt/c/Users/ander/Desktop/airflow-spark/airflow-spark/curso2/ambientepython/lib/python3.9/site-packages/airflow/example_dags/tutorial.py for tasks to queue
[2025-01-15 23:33:11,524] {logging_mixin.py:115} INFO - [2025-01-15 23:33:11,524] {dagbag.py:507} INFO - Filling up the DagBag from /mnt/c/Users/ander/Desktop/airflow-spark/airflow-spark/curso2/ambientepython/lib/python3.9/site-packages/airflow/example_dags/tutorial.py
[2025-01-15 23:33:11,560] {processor.py:651} INFO - DAG(s) dict_keys(['tutorial']) retrieved from /mnt/c/Users/ander/Desktop/airflow-spark/airflow-spark/curso2/ambientepython/lib/python3.9/site-packages/airflow/example_dags/tutorial.py
[2025-01-15 23:33:11,600] {logging_mixin.py:115} INFO - [2025-01-15 23:33:11,599] {dag.py:2379} INFO - Sync 1 DAGs
[2025-01-15 23:33:11,630] {logging_mixin.py:115} INFO - [2025-01-15 23:33:11,630] {dag.py:2927} INFO - Setting next_dagrun for tutorial to 2025-01-15T02:33:11.630127+00:00, run_after=2025-01-16T02:33:11.630127+00:00
[2025-01-15 23:33:11,680] {processor.py:161} INFO - Processing /mnt/c/Users/ander/Desktop/airflow-spark/airflow-spark/curso2/ambientepython/lib/python3.9/site-packages/airflow/example_dags/tutorial.py took 0.163 seconds
[2025-01-15 23:33:55,638] {processor.py:153} INFO - Started process (PID=32202) to work on /mnt/c/Users/ander/Desktop/airflow-spark/airflow-spark/curso2/ambientepython/lib/python3.9/site-packages/airflow/example_dags/tutorial.py
[2025-01-15 23:33:55,639] {processor.py:641} INFO - Processing file /mnt/c/Users/ander/Desktop/airflow-spark/airflow-spark/curso2/ambientepython/lib/python3.9/site-packages/airflow/example_dags/tutorial.py for tasks to queue
[2025-01-15 23:33:55,640] {logging_mixin.py:115} INFO - [2025-01-15 23:33:55,640] {dagbag.py:507} INFO - Filling up the DagBag from /mnt/c/Users/ander/Desktop/airflow-spark/airflow-spark/curso2/ambientepython/lib/python3.9/site-packages/airflow/example_dags/tutorial.py
[2025-01-15 23:33:55,680] {processor.py:651} INFO - DAG(s) dict_keys(['tutorial']) retrieved from /mnt/c/Users/ander/Desktop/airflow-spark/airflow-spark/curso2/ambientepython/lib/python3.9/site-packages/airflow/example_dags/tutorial.py
[2025-01-15 23:33:55,718] {logging_mixin.py:115} INFO - [2025-01-15 23:33:55,718] {dag.py:2379} INFO - Sync 1 DAGs
[2025-01-15 23:33:55,752] {logging_mixin.py:115} INFO - [2025-01-15 23:33:55,752] {dag.py:2927} INFO - Setting next_dagrun for tutorial to 2025-01-15T02:33:55.751354+00:00, run_after=2025-01-16T02:33:55.751354+00:00
[2025-01-15 23:33:55,795] {processor.py:161} INFO - Processing /mnt/c/Users/ander/Desktop/airflow-spark/airflow-spark/curso2/ambientepython/lib/python3.9/site-packages/airflow/example_dags/tutorial.py took 0.161 seconds
[2025-01-15 23:34:40,021] {processor.py:153} INFO - Started process (PID=32363) to work on /mnt/c/Users/ander/Desktop/airflow-spark/airflow-spark/curso2/ambientepython/lib/python3.9/site-packages/airflow/example_dags/tutorial.py
[2025-01-15 23:34:40,022] {processor.py:641} INFO - Processing file /mnt/c/Users/ander/Desktop/airflow-spark/airflow-spark/curso2/ambientepython/lib/python3.9/site-packages/airflow/example_dags/tutorial.py for tasks to queue
[2025-01-15 23:34:40,023] {logging_mixin.py:115} INFO - [2025-01-15 23:34:40,023] {dagbag.py:507} INFO - Filling up the DagBag from /mnt/c/Users/ander/Desktop/airflow-spark/airflow-spark/curso2/ambientepython/lib/python3.9/site-packages/airflow/example_dags/tutorial.py
[2025-01-15 23:34:40,057] {processor.py:651} INFO - DAG(s) dict_keys(['tutorial']) retrieved from /mnt/c/Users/ander/Desktop/airflow-spark/airflow-spark/curso2/ambientepython/lib/python3.9/site-packages/airflow/example_dags/tutorial.py
[2025-01-15 23:34:40,094] {logging_mixin.py:115} INFO - [2025-01-15 23:34:40,094] {dag.py:2379} INFO - Sync 1 DAGs
[2025-01-15 23:34:40,124] {logging_mixin.py:115} INFO - [2025-01-15 23:34:40,124] {dag.py:2927} INFO - Setting next_dagrun for tutorial to 2025-01-15T02:34:40.124188+00:00, run_after=2025-01-16T02:34:40.124188+00:00
[2025-01-15 23:34:40,175] {processor.py:161} INFO - Processing /mnt/c/Users/ander/Desktop/airflow-spark/airflow-spark/curso2/ambientepython/lib/python3.9/site-packages/airflow/example_dags/tutorial.py took 0.158 seconds
[2025-01-15 23:35:22,947] {processor.py:153} INFO - Started process (PID=32516) to work on /mnt/c/Users/ander/Desktop/airflow-spark/airflow-spark/curso2/ambientepython/lib/python3.9/site-packages/airflow/example_dags/tutorial.py
[2025-01-15 23:35:22,948] {processor.py:641} INFO - Processing file /mnt/c/Users/ander/Desktop/airflow-spark/airflow-spark/curso2/ambientepython/lib/python3.9/site-packages/airflow/example_dags/tutorial.py for tasks to queue
[2025-01-15 23:35:22,949] {logging_mixin.py:115} INFO - [2025-01-15 23:35:22,949] {dagbag.py:507} INFO - Filling up the DagBag from /mnt/c/Users/ander/Desktop/airflow-spark/airflow-spark/curso2/ambientepython/lib/python3.9/site-packages/airflow/example_dags/tutorial.py
[2025-01-15 23:35:22,992] {processor.py:651} INFO - DAG(s) dict_keys(['tutorial']) retrieved from /mnt/c/Users/ander/Desktop/airflow-spark/airflow-spark/curso2/ambientepython/lib/python3.9/site-packages/airflow/example_dags/tutorial.py
[2025-01-15 23:35:23,033] {logging_mixin.py:115} INFO - [2025-01-15 23:35:23,033] {dag.py:2379} INFO - Sync 1 DAGs
[2025-01-15 23:35:23,066] {logging_mixin.py:115} INFO - [2025-01-15 23:35:23,066] {dag.py:2927} INFO - Setting next_dagrun for tutorial to 2025-01-15T02:35:23.066157+00:00, run_after=2025-01-16T02:35:23.066157+00:00
[2025-01-15 23:35:23,115] {processor.py:161} INFO - Processing /mnt/c/Users/ander/Desktop/airflow-spark/airflow-spark/curso2/ambientepython/lib/python3.9/site-packages/airflow/example_dags/tutorial.py took 0.172 seconds
[2025-01-15 23:35:59,494] {processor.py:153} INFO - Started process (PID=32645) to work on /mnt/c/Users/ander/Desktop/airflow-spark/airflow-spark/curso2/ambientepython/lib/python3.9/site-packages/airflow/example_dags/tutorial.py
[2025-01-15 23:35:59,495] {processor.py:641} INFO - Processing file /mnt/c/Users/ander/Desktop/airflow-spark/airflow-spark/curso2/ambientepython/lib/python3.9/site-packages/airflow/example_dags/tutorial.py for tasks to queue
[2025-01-15 23:35:59,496] {logging_mixin.py:115} INFO - [2025-01-15 23:35:59,496] {dagbag.py:507} INFO - Filling up the DagBag from /mnt/c/Users/ander/Desktop/airflow-spark/airflow-spark/curso2/ambientepython/lib/python3.9/site-packages/airflow/example_dags/tutorial.py
[2025-01-15 23:35:59,560] {processor.py:651} INFO - DAG(s) dict_keys(['tutorial']) retrieved from /mnt/c/Users/ander/Desktop/airflow-spark/airflow-spark/curso2/ambientepython/lib/python3.9/site-packages/airflow/example_dags/tutorial.py
[2025-01-15 23:35:59,607] {logging_mixin.py:115} INFO - [2025-01-15 23:35:59,607] {dag.py:2379} INFO - Sync 1 DAGs
[2025-01-15 23:35:59,651] {logging_mixin.py:115} INFO - [2025-01-15 23:35:59,651] {dag.py:2927} INFO - Setting next_dagrun for tutorial to 2025-01-15T02:35:59.650977+00:00, run_after=2025-01-16T02:35:59.650977+00:00
[2025-01-15 23:35:59,705] {processor.py:161} INFO - Processing /mnt/c/Users/ander/Desktop/airflow-spark/airflow-spark/curso2/ambientepython/lib/python3.9/site-packages/airflow/example_dags/tutorial.py took 0.216 seconds
[2025-01-15 23:36:35,752] {processor.py:153} INFO - Started process (PID=32773) to work on /mnt/c/Users/ander/Desktop/airflow-spark/airflow-spark/curso2/ambientepython/lib/python3.9/site-packages/airflow/example_dags/tutorial.py
[2025-01-15 23:36:35,753] {processor.py:641} INFO - Processing file /mnt/c/Users/ander/Desktop/airflow-spark/airflow-spark/curso2/ambientepython/lib/python3.9/site-packages/airflow/example_dags/tutorial.py for tasks to queue
[2025-01-15 23:36:35,755] {logging_mixin.py:115} INFO - [2025-01-15 23:36:35,754] {dagbag.py:507} INFO - Filling up the DagBag from /mnt/c/Users/ander/Desktop/airflow-spark/airflow-spark/curso2/ambientepython/lib/python3.9/site-packages/airflow/example_dags/tutorial.py
[2025-01-15 23:36:35,811] {processor.py:651} INFO - DAG(s) dict_keys(['tutorial']) retrieved from /mnt/c/Users/ander/Desktop/airflow-spark/airflow-spark/curso2/ambientepython/lib/python3.9/site-packages/airflow/example_dags/tutorial.py
[2025-01-15 23:36:35,858] {logging_mixin.py:115} INFO - [2025-01-15 23:36:35,858] {dag.py:2379} INFO - Sync 1 DAGs
[2025-01-15 23:36:35,893] {logging_mixin.py:115} INFO - [2025-01-15 23:36:35,893] {dag.py:2927} INFO - Setting next_dagrun for tutorial to 2025-01-15T02:36:35.893059+00:00, run_after=2025-01-16T02:36:35.893059+00:00
[2025-01-15 23:36:35,945] {processor.py:161} INFO - Processing /mnt/c/Users/ander/Desktop/airflow-spark/airflow-spark/curso2/ambientepython/lib/python3.9/site-packages/airflow/example_dags/tutorial.py took 0.197 seconds
[2025-01-15 23:37:16,484] {processor.py:153} INFO - Started process (PID=32918) to work on /mnt/c/Users/ander/Desktop/airflow-spark/airflow-spark/curso2/ambientepython/lib/python3.9/site-packages/airflow/example_dags/tutorial.py
[2025-01-15 23:37:16,486] {processor.py:641} INFO - Processing file /mnt/c/Users/ander/Desktop/airflow-spark/airflow-spark/curso2/ambientepython/lib/python3.9/site-packages/airflow/example_dags/tutorial.py for tasks to queue
[2025-01-15 23:37:16,487] {logging_mixin.py:115} INFO - [2025-01-15 23:37:16,487] {dagbag.py:507} INFO - Filling up the DagBag from /mnt/c/Users/ander/Desktop/airflow-spark/airflow-spark/curso2/ambientepython/lib/python3.9/site-packages/airflow/example_dags/tutorial.py
[2025-01-15 23:37:16,543] {processor.py:651} INFO - DAG(s) dict_keys(['tutorial']) retrieved from /mnt/c/Users/ander/Desktop/airflow-spark/airflow-spark/curso2/ambientepython/lib/python3.9/site-packages/airflow/example_dags/tutorial.py
[2025-01-15 23:37:16,591] {logging_mixin.py:115} INFO - [2025-01-15 23:37:16,591] {dag.py:2379} INFO - Sync 1 DAGs
[2025-01-15 23:37:16,629] {logging_mixin.py:115} INFO - [2025-01-15 23:37:16,629] {dag.py:2927} INFO - Setting next_dagrun for tutorial to 2025-01-15T02:37:16.628778+00:00, run_after=2025-01-16T02:37:16.628778+00:00
[2025-01-15 23:37:16,691] {processor.py:161} INFO - Processing /mnt/c/Users/ander/Desktop/airflow-spark/airflow-spark/curso2/ambientepython/lib/python3.9/site-packages/airflow/example_dags/tutorial.py took 0.212 seconds
[2025-01-15 23:37:55,547] {processor.py:153} INFO - Started process (PID=33111) to work on /mnt/c/Users/ander/Desktop/airflow-spark/airflow-spark/curso2/ambientepython/lib/python3.9/site-packages/airflow/example_dags/tutorial.py
[2025-01-15 23:37:55,548] {processor.py:641} INFO - Processing file /mnt/c/Users/ander/Desktop/airflow-spark/airflow-spark/curso2/ambientepython/lib/python3.9/site-packages/airflow/example_dags/tutorial.py for tasks to queue
[2025-01-15 23:37:55,549] {logging_mixin.py:115} INFO - [2025-01-15 23:37:55,549] {dagbag.py:507} INFO - Filling up the DagBag from /mnt/c/Users/ander/Desktop/airflow-spark/airflow-spark/curso2/ambientepython/lib/python3.9/site-packages/airflow/example_dags/tutorial.py
[2025-01-15 23:37:55,608] {processor.py:651} INFO - DAG(s) dict_keys(['tutorial']) retrieved from /mnt/c/Users/ander/Desktop/airflow-spark/airflow-spark/curso2/ambientepython/lib/python3.9/site-packages/airflow/example_dags/tutorial.py
[2025-01-15 23:37:55,655] {logging_mixin.py:115} INFO - [2025-01-15 23:37:55,655] {dag.py:2379} INFO - Sync 1 DAGs
[2025-01-15 23:37:55,690] {logging_mixin.py:115} INFO - [2025-01-15 23:37:55,690] {dag.py:2927} INFO - Setting next_dagrun for tutorial to 2025-01-15T02:37:55.690366+00:00, run_after=2025-01-16T02:37:55.690366+00:00
[2025-01-15 23:37:55,781] {processor.py:161} INFO - Processing /mnt/c/Users/ander/Desktop/airflow-spark/airflow-spark/curso2/ambientepython/lib/python3.9/site-packages/airflow/example_dags/tutorial.py took 0.238 seconds
[2025-01-15 23:38:44,055] {processor.py:153} INFO - Started process (PID=33280) to work on /mnt/c/Users/ander/Desktop/airflow-spark/airflow-spark/curso2/ambientepython/lib/python3.9/site-packages/airflow/example_dags/tutorial.py
[2025-01-15 23:38:44,057] {processor.py:641} INFO - Processing file /mnt/c/Users/ander/Desktop/airflow-spark/airflow-spark/curso2/ambientepython/lib/python3.9/site-packages/airflow/example_dags/tutorial.py for tasks to queue
[2025-01-15 23:38:44,058] {logging_mixin.py:115} INFO - [2025-01-15 23:38:44,058] {dagbag.py:507} INFO - Filling up the DagBag from /mnt/c/Users/ander/Desktop/airflow-spark/airflow-spark/curso2/ambientepython/lib/python3.9/site-packages/airflow/example_dags/tutorial.py
[2025-01-15 23:38:44,133] {processor.py:651} INFO - DAG(s) dict_keys(['tutorial']) retrieved from /mnt/c/Users/ander/Desktop/airflow-spark/airflow-spark/curso2/ambientepython/lib/python3.9/site-packages/airflow/example_dags/tutorial.py
[2025-01-15 23:38:44,185] {logging_mixin.py:115} INFO - [2025-01-15 23:38:44,185] {dag.py:2379} INFO - Sync 1 DAGs
[2025-01-15 23:38:44,221] {logging_mixin.py:115} INFO - [2025-01-15 23:38:44,221] {dag.py:2927} INFO - Setting next_dagrun for tutorial to 2025-01-15T02:38:44.220568+00:00, run_after=2025-01-16T02:38:44.220568+00:00
[2025-01-15 23:38:44,280] {processor.py:161} INFO - Processing /mnt/c/Users/ander/Desktop/airflow-spark/airflow-spark/curso2/ambientepython/lib/python3.9/site-packages/airflow/example_dags/tutorial.py took 0.229 seconds
[2025-01-15 23:39:29,796] {processor.py:153} INFO - Started process (PID=33448) to work on /mnt/c/Users/ander/Desktop/airflow-spark/airflow-spark/curso2/ambientepython/lib/python3.9/site-packages/airflow/example_dags/tutorial.py
[2025-01-15 23:39:29,797] {processor.py:641} INFO - Processing file /mnt/c/Users/ander/Desktop/airflow-spark/airflow-spark/curso2/ambientepython/lib/python3.9/site-packages/airflow/example_dags/tutorial.py for tasks to queue
[2025-01-15 23:39:29,798] {logging_mixin.py:115} INFO - [2025-01-15 23:39:29,798] {dagbag.py:507} INFO - Filling up the DagBag from /mnt/c/Users/ander/Desktop/airflow-spark/airflow-spark/curso2/ambientepython/lib/python3.9/site-packages/airflow/example_dags/tutorial.py
[2025-01-15 23:39:29,854] {processor.py:651} INFO - DAG(s) dict_keys(['tutorial']) retrieved from /mnt/c/Users/ander/Desktop/airflow-spark/airflow-spark/curso2/ambientepython/lib/python3.9/site-packages/airflow/example_dags/tutorial.py
[2025-01-15 23:39:29,902] {logging_mixin.py:115} INFO - [2025-01-15 23:39:29,902] {dag.py:2379} INFO - Sync 1 DAGs
[2025-01-15 23:39:29,939] {logging_mixin.py:115} INFO - [2025-01-15 23:39:29,939] {dag.py:2927} INFO - Setting next_dagrun for tutorial to 2025-01-15T02:39:29.938485+00:00, run_after=2025-01-16T02:39:29.938485+00:00
[2025-01-15 23:39:30,008] {processor.py:161} INFO - Processing /mnt/c/Users/ander/Desktop/airflow-spark/airflow-spark/curso2/ambientepython/lib/python3.9/site-packages/airflow/example_dags/tutorial.py took 0.215 seconds
[2025-01-15 23:40:05,977] {processor.py:153} INFO - Started process (PID=33576) to work on /mnt/c/Users/ander/Desktop/airflow-spark/airflow-spark/curso2/ambientepython/lib/python3.9/site-packages/airflow/example_dags/tutorial.py
[2025-01-15 23:40:05,979] {processor.py:641} INFO - Processing file /mnt/c/Users/ander/Desktop/airflow-spark/airflow-spark/curso2/ambientepython/lib/python3.9/site-packages/airflow/example_dags/tutorial.py for tasks to queue
[2025-01-15 23:40:05,981] {logging_mixin.py:115} INFO - [2025-01-15 23:40:05,981] {dagbag.py:507} INFO - Filling up the DagBag from /mnt/c/Users/ander/Desktop/airflow-spark/airflow-spark/curso2/ambientepython/lib/python3.9/site-packages/airflow/example_dags/tutorial.py
[2025-01-15 23:40:06,026] {processor.py:651} INFO - DAG(s) dict_keys(['tutorial']) retrieved from /mnt/c/Users/ander/Desktop/airflow-spark/airflow-spark/curso2/ambientepython/lib/python3.9/site-packages/airflow/example_dags/tutorial.py
[2025-01-15 23:40:06,075] {logging_mixin.py:115} INFO - [2025-01-15 23:40:06,075] {dag.py:2379} INFO - Sync 1 DAGs
[2025-01-15 23:40:06,113] {logging_mixin.py:115} INFO - [2025-01-15 23:40:06,113] {dag.py:2927} INFO - Setting next_dagrun for tutorial to 2025-01-15T02:40:06.112647+00:00, run_after=2025-01-16T02:40:06.112647+00:00
[2025-01-15 23:40:06,178] {processor.py:161} INFO - Processing /mnt/c/Users/ander/Desktop/airflow-spark/airflow-spark/curso2/ambientepython/lib/python3.9/site-packages/airflow/example_dags/tutorial.py took 0.208 seconds
[2025-01-15 23:40:41,306] {processor.py:153} INFO - Started process (PID=33705) to work on /mnt/c/Users/ander/Desktop/airflow-spark/airflow-spark/curso2/ambientepython/lib/python3.9/site-packages/airflow/example_dags/tutorial.py
[2025-01-15 23:40:41,309] {processor.py:641} INFO - Processing file /mnt/c/Users/ander/Desktop/airflow-spark/airflow-spark/curso2/ambientepython/lib/python3.9/site-packages/airflow/example_dags/tutorial.py for tasks to queue
[2025-01-15 23:40:41,310] {logging_mixin.py:115} INFO - [2025-01-15 23:40:41,310] {dagbag.py:507} INFO - Filling up the DagBag from /mnt/c/Users/ander/Desktop/airflow-spark/airflow-spark/curso2/ambientepython/lib/python3.9/site-packages/airflow/example_dags/tutorial.py
[2025-01-15 23:40:41,355] {processor.py:651} INFO - DAG(s) dict_keys(['tutorial']) retrieved from /mnt/c/Users/ander/Desktop/airflow-spark/airflow-spark/curso2/ambientepython/lib/python3.9/site-packages/airflow/example_dags/tutorial.py
[2025-01-15 23:40:41,419] {logging_mixin.py:115} INFO - [2025-01-15 23:40:41,419] {dag.py:2379} INFO - Sync 1 DAGs
[2025-01-15 23:40:41,454] {logging_mixin.py:115} INFO - [2025-01-15 23:40:41,454] {dag.py:2927} INFO - Setting next_dagrun for tutorial to 2025-01-15T02:40:41.454164+00:00, run_after=2025-01-16T02:40:41.454164+00:00
[2025-01-15 23:40:41,501] {processor.py:161} INFO - Processing /mnt/c/Users/ander/Desktop/airflow-spark/airflow-spark/curso2/ambientepython/lib/python3.9/site-packages/airflow/example_dags/tutorial.py took 0.204 seconds
[2025-01-15 23:41:15,207] {processor.py:153} INFO - Started process (PID=33827) to work on /mnt/c/Users/ander/Desktop/airflow-spark/airflow-spark/curso2/ambientepython/lib/python3.9/site-packages/airflow/example_dags/tutorial.py
[2025-01-15 23:41:15,209] {processor.py:641} INFO - Processing file /mnt/c/Users/ander/Desktop/airflow-spark/airflow-spark/curso2/ambientepython/lib/python3.9/site-packages/airflow/example_dags/tutorial.py for tasks to queue
[2025-01-15 23:41:15,211] {logging_mixin.py:115} INFO - [2025-01-15 23:41:15,211] {dagbag.py:507} INFO - Filling up the DagBag from /mnt/c/Users/ander/Desktop/airflow-spark/airflow-spark/curso2/ambientepython/lib/python3.9/site-packages/airflow/example_dags/tutorial.py
[2025-01-15 23:41:15,260] {processor.py:651} INFO - DAG(s) dict_keys(['tutorial']) retrieved from /mnt/c/Users/ander/Desktop/airflow-spark/airflow-spark/curso2/ambientepython/lib/python3.9/site-packages/airflow/example_dags/tutorial.py
[2025-01-15 23:41:15,307] {logging_mixin.py:115} INFO - [2025-01-15 23:41:15,307] {dag.py:2379} INFO - Sync 1 DAGs
[2025-01-15 23:41:15,342] {logging_mixin.py:115} INFO - [2025-01-15 23:41:15,342] {dag.py:2927} INFO - Setting next_dagrun for tutorial to 2025-01-15T02:41:15.341973+00:00, run_after=2025-01-16T02:41:15.341973+00:00
[2025-01-15 23:41:15,392] {processor.py:161} INFO - Processing /mnt/c/Users/ander/Desktop/airflow-spark/airflow-spark/curso2/ambientepython/lib/python3.9/site-packages/airflow/example_dags/tutorial.py took 0.191 seconds
[2025-01-15 23:41:50,610] {processor.py:153} INFO - Started process (PID=33949) to work on /mnt/c/Users/ander/Desktop/airflow-spark/airflow-spark/curso2/ambientepython/lib/python3.9/site-packages/airflow/example_dags/tutorial.py
[2025-01-15 23:41:50,611] {processor.py:641} INFO - Processing file /mnt/c/Users/ander/Desktop/airflow-spark/airflow-spark/curso2/ambientepython/lib/python3.9/site-packages/airflow/example_dags/tutorial.py for tasks to queue
[2025-01-15 23:41:50,619] {logging_mixin.py:115} INFO - [2025-01-15 23:41:50,618] {dagbag.py:507} INFO - Filling up the DagBag from /mnt/c/Users/ander/Desktop/airflow-spark/airflow-spark/curso2/ambientepython/lib/python3.9/site-packages/airflow/example_dags/tutorial.py
[2025-01-15 23:41:50,668] {processor.py:651} INFO - DAG(s) dict_keys(['tutorial']) retrieved from /mnt/c/Users/ander/Desktop/airflow-spark/airflow-spark/curso2/ambientepython/lib/python3.9/site-packages/airflow/example_dags/tutorial.py
[2025-01-15 23:41:50,717] {logging_mixin.py:115} INFO - [2025-01-15 23:41:50,717] {dag.py:2379} INFO - Sync 1 DAGs
[2025-01-15 23:41:50,754] {logging_mixin.py:115} INFO - [2025-01-15 23:41:50,754] {dag.py:2927} INFO - Setting next_dagrun for tutorial to 2025-01-15T02:41:50.753671+00:00, run_after=2025-01-16T02:41:50.753671+00:00
[2025-01-15 23:41:50,805] {processor.py:161} INFO - Processing /mnt/c/Users/ander/Desktop/airflow-spark/airflow-spark/curso2/ambientepython/lib/python3.9/site-packages/airflow/example_dags/tutorial.py took 0.201 seconds
[2025-01-15 23:42:38,283] {processor.py:153} INFO - Started process (PID=34121) to work on /mnt/c/Users/ander/Desktop/airflow-spark/airflow-spark/curso2/ambientepython/lib/python3.9/site-packages/airflow/example_dags/tutorial.py
[2025-01-15 23:42:38,285] {processor.py:641} INFO - Processing file /mnt/c/Users/ander/Desktop/airflow-spark/airflow-spark/curso2/ambientepython/lib/python3.9/site-packages/airflow/example_dags/tutorial.py for tasks to queue
[2025-01-15 23:42:38,285] {logging_mixin.py:115} INFO - [2025-01-15 23:42:38,285] {dagbag.py:507} INFO - Filling up the DagBag from /mnt/c/Users/ander/Desktop/airflow-spark/airflow-spark/curso2/ambientepython/lib/python3.9/site-packages/airflow/example_dags/tutorial.py
[2025-01-15 23:42:38,326] {processor.py:651} INFO - DAG(s) dict_keys(['tutorial']) retrieved from /mnt/c/Users/ander/Desktop/airflow-spark/airflow-spark/curso2/ambientepython/lib/python3.9/site-packages/airflow/example_dags/tutorial.py
[2025-01-15 23:42:38,365] {logging_mixin.py:115} INFO - [2025-01-15 23:42:38,365] {dag.py:2379} INFO - Sync 1 DAGs
[2025-01-15 23:42:38,395] {logging_mixin.py:115} INFO - [2025-01-15 23:42:38,395] {dag.py:2927} INFO - Setting next_dagrun for tutorial to 2025-01-15T02:42:38.394772+00:00, run_after=2025-01-16T02:42:38.394772+00:00
[2025-01-15 23:42:38,443] {processor.py:161} INFO - Processing /mnt/c/Users/ander/Desktop/airflow-spark/airflow-spark/curso2/ambientepython/lib/python3.9/site-packages/airflow/example_dags/tutorial.py took 0.163 seconds
[2025-01-15 23:43:21,089] {processor.py:153} INFO - Started process (PID=34331) to work on /mnt/c/Users/ander/Desktop/airflow-spark/airflow-spark/curso2/ambientepython/lib/python3.9/site-packages/airflow/example_dags/tutorial.py
[2025-01-15 23:43:21,091] {processor.py:641} INFO - Processing file /mnt/c/Users/ander/Desktop/airflow-spark/airflow-spark/curso2/ambientepython/lib/python3.9/site-packages/airflow/example_dags/tutorial.py for tasks to queue
[2025-01-15 23:43:21,092] {logging_mixin.py:115} INFO - [2025-01-15 23:43:21,092] {dagbag.py:507} INFO - Filling up the DagBag from /mnt/c/Users/ander/Desktop/airflow-spark/airflow-spark/curso2/ambientepython/lib/python3.9/site-packages/airflow/example_dags/tutorial.py
[2025-01-15 23:43:21,159] {processor.py:651} INFO - DAG(s) dict_keys(['tutorial']) retrieved from /mnt/c/Users/ander/Desktop/airflow-spark/airflow-spark/curso2/ambientepython/lib/python3.9/site-packages/airflow/example_dags/tutorial.py
[2025-01-15 23:43:21,217] {logging_mixin.py:115} INFO - [2025-01-15 23:43:21,217] {dag.py:2379} INFO - Sync 1 DAGs
[2025-01-15 23:43:21,254] {logging_mixin.py:115} INFO - [2025-01-15 23:43:21,253] {dag.py:2927} INFO - Setting next_dagrun for tutorial to 2025-01-15T02:43:21.253483+00:00, run_after=2025-01-16T02:43:21.253483+00:00
[2025-01-15 23:43:21,321] {processor.py:161} INFO - Processing /mnt/c/Users/ander/Desktop/airflow-spark/airflow-spark/curso2/ambientepython/lib/python3.9/site-packages/airflow/example_dags/tutorial.py took 0.235 seconds
[2025-01-15 23:43:56,291] {processor.py:153} INFO - Started process (PID=34453) to work on /mnt/c/Users/ander/Desktop/airflow-spark/airflow-spark/curso2/ambientepython/lib/python3.9/site-packages/airflow/example_dags/tutorial.py
[2025-01-15 23:43:56,293] {processor.py:641} INFO - Processing file /mnt/c/Users/ander/Desktop/airflow-spark/airflow-spark/curso2/ambientepython/lib/python3.9/site-packages/airflow/example_dags/tutorial.py for tasks to queue
[2025-01-15 23:43:56,294] {logging_mixin.py:115} INFO - [2025-01-15 23:43:56,294] {dagbag.py:507} INFO - Filling up the DagBag from /mnt/c/Users/ander/Desktop/airflow-spark/airflow-spark/curso2/ambientepython/lib/python3.9/site-packages/airflow/example_dags/tutorial.py
[2025-01-15 23:43:56,345] {processor.py:651} INFO - DAG(s) dict_keys(['tutorial']) retrieved from /mnt/c/Users/ander/Desktop/airflow-spark/airflow-spark/curso2/ambientepython/lib/python3.9/site-packages/airflow/example_dags/tutorial.py
[2025-01-15 23:43:56,389] {logging_mixin.py:115} INFO - [2025-01-15 23:43:56,388] {dag.py:2379} INFO - Sync 1 DAGs
[2025-01-15 23:43:56,421] {logging_mixin.py:115} INFO - [2025-01-15 23:43:56,420] {dag.py:2927} INFO - Setting next_dagrun for tutorial to 2025-01-15T02:43:56.420473+00:00, run_after=2025-01-16T02:43:56.420473+00:00
[2025-01-15 23:43:56,474] {processor.py:161} INFO - Processing /mnt/c/Users/ander/Desktop/airflow-spark/airflow-spark/curso2/ambientepython/lib/python3.9/site-packages/airflow/example_dags/tutorial.py took 0.187 seconds
[2025-01-15 23:44:33,588] {processor.py:153} INFO - Started process (PID=34589) to work on /mnt/c/Users/ander/Desktop/airflow-spark/airflow-spark/curso2/ambientepython/lib/python3.9/site-packages/airflow/example_dags/tutorial.py
[2025-01-15 23:44:33,589] {processor.py:641} INFO - Processing file /mnt/c/Users/ander/Desktop/airflow-spark/airflow-spark/curso2/ambientepython/lib/python3.9/site-packages/airflow/example_dags/tutorial.py for tasks to queue
[2025-01-15 23:44:33,590] {logging_mixin.py:115} INFO - [2025-01-15 23:44:33,590] {dagbag.py:507} INFO - Filling up the DagBag from /mnt/c/Users/ander/Desktop/airflow-spark/airflow-spark/curso2/ambientepython/lib/python3.9/site-packages/airflow/example_dags/tutorial.py
[2025-01-15 23:44:33,646] {processor.py:651} INFO - DAG(s) dict_keys(['tutorial']) retrieved from /mnt/c/Users/ander/Desktop/airflow-spark/airflow-spark/curso2/ambientepython/lib/python3.9/site-packages/airflow/example_dags/tutorial.py
[2025-01-15 23:44:33,687] {logging_mixin.py:115} INFO - [2025-01-15 23:44:33,687] {dag.py:2379} INFO - Sync 1 DAGs
[2025-01-15 23:44:33,721] {logging_mixin.py:115} INFO - [2025-01-15 23:44:33,721] {dag.py:2927} INFO - Setting next_dagrun for tutorial to 2025-01-15T02:44:33.721241+00:00, run_after=2025-01-16T02:44:33.721241+00:00
[2025-01-15 23:44:33,784] {processor.py:161} INFO - Processing /mnt/c/Users/ander/Desktop/airflow-spark/airflow-spark/curso2/ambientepython/lib/python3.9/site-packages/airflow/example_dags/tutorial.py took 0.200 seconds
[2025-01-15 23:45:10,442] {processor.py:153} INFO - Started process (PID=34719) to work on /mnt/c/Users/ander/Desktop/airflow-spark/airflow-spark/curso2/ambientepython/lib/python3.9/site-packages/airflow/example_dags/tutorial.py
[2025-01-15 23:45:10,443] {processor.py:641} INFO - Processing file /mnt/c/Users/ander/Desktop/airflow-spark/airflow-spark/curso2/ambientepython/lib/python3.9/site-packages/airflow/example_dags/tutorial.py for tasks to queue
[2025-01-15 23:45:10,444] {logging_mixin.py:115} INFO - [2025-01-15 23:45:10,444] {dagbag.py:507} INFO - Filling up the DagBag from /mnt/c/Users/ander/Desktop/airflow-spark/airflow-spark/curso2/ambientepython/lib/python3.9/site-packages/airflow/example_dags/tutorial.py
[2025-01-15 23:45:10,497] {processor.py:651} INFO - DAG(s) dict_keys(['tutorial']) retrieved from /mnt/c/Users/ander/Desktop/airflow-spark/airflow-spark/curso2/ambientepython/lib/python3.9/site-packages/airflow/example_dags/tutorial.py
[2025-01-15 23:45:10,563] {logging_mixin.py:115} INFO - [2025-01-15 23:45:10,562] {dag.py:2379} INFO - Sync 1 DAGs
[2025-01-15 23:45:10,594] {logging_mixin.py:115} INFO - [2025-01-15 23:45:10,594] {dag.py:2927} INFO - Setting next_dagrun for tutorial to 2025-01-15T02:45:10.594031+00:00, run_after=2025-01-16T02:45:10.594031+00:00
[2025-01-15 23:45:10,642] {processor.py:161} INFO - Processing /mnt/c/Users/ander/Desktop/airflow-spark/airflow-spark/curso2/ambientepython/lib/python3.9/site-packages/airflow/example_dags/tutorial.py took 0.203 seconds
[2025-01-15 23:45:55,368] {processor.py:153} INFO - Started process (PID=34880) to work on /mnt/c/Users/ander/Desktop/airflow-spark/airflow-spark/curso2/ambientepython/lib/python3.9/site-packages/airflow/example_dags/tutorial.py
[2025-01-15 23:45:55,369] {processor.py:641} INFO - Processing file /mnt/c/Users/ander/Desktop/airflow-spark/airflow-spark/curso2/ambientepython/lib/python3.9/site-packages/airflow/example_dags/tutorial.py for tasks to queue
[2025-01-15 23:45:55,370] {logging_mixin.py:115} INFO - [2025-01-15 23:45:55,370] {dagbag.py:507} INFO - Filling up the DagBag from /mnt/c/Users/ander/Desktop/airflow-spark/airflow-spark/curso2/ambientepython/lib/python3.9/site-packages/airflow/example_dags/tutorial.py
[2025-01-15 23:45:55,413] {processor.py:651} INFO - DAG(s) dict_keys(['tutorial']) retrieved from /mnt/c/Users/ander/Desktop/airflow-spark/airflow-spark/curso2/ambientepython/lib/python3.9/site-packages/airflow/example_dags/tutorial.py
[2025-01-15 23:45:55,453] {logging_mixin.py:115} INFO - [2025-01-15 23:45:55,453] {dag.py:2379} INFO - Sync 1 DAGs
[2025-01-15 23:45:55,481] {logging_mixin.py:115} INFO - [2025-01-15 23:45:55,481] {dag.py:2927} INFO - Setting next_dagrun for tutorial to 2025-01-15T02:45:55.481444+00:00, run_after=2025-01-16T02:45:55.481444+00:00
[2025-01-15 23:45:55,531] {processor.py:161} INFO - Processing /mnt/c/Users/ander/Desktop/airflow-spark/airflow-spark/curso2/ambientepython/lib/python3.9/site-packages/airflow/example_dags/tutorial.py took 0.167 seconds
[2025-01-15 23:46:41,358] {processor.py:153} INFO - Started process (PID=35048) to work on /mnt/c/Users/ander/Desktop/airflow-spark/airflow-spark/curso2/ambientepython/lib/python3.9/site-packages/airflow/example_dags/tutorial.py
[2025-01-15 23:46:41,359] {processor.py:641} INFO - Processing file /mnt/c/Users/ander/Desktop/airflow-spark/airflow-spark/curso2/ambientepython/lib/python3.9/site-packages/airflow/example_dags/tutorial.py for tasks to queue
[2025-01-15 23:46:41,360] {logging_mixin.py:115} INFO - [2025-01-15 23:46:41,360] {dagbag.py:507} INFO - Filling up the DagBag from /mnt/c/Users/ander/Desktop/airflow-spark/airflow-spark/curso2/ambientepython/lib/python3.9/site-packages/airflow/example_dags/tutorial.py
[2025-01-15 23:46:41,400] {processor.py:651} INFO - DAG(s) dict_keys(['tutorial']) retrieved from /mnt/c/Users/ander/Desktop/airflow-spark/airflow-spark/curso2/ambientepython/lib/python3.9/site-packages/airflow/example_dags/tutorial.py
[2025-01-15 23:46:41,441] {logging_mixin.py:115} INFO - [2025-01-15 23:46:41,441] {dag.py:2379} INFO - Sync 1 DAGs
[2025-01-15 23:46:41,476] {logging_mixin.py:115} INFO - [2025-01-15 23:46:41,476] {dag.py:2927} INFO - Setting next_dagrun for tutorial to 2025-01-15T02:46:41.476277+00:00, run_after=2025-01-16T02:46:41.476277+00:00
[2025-01-15 23:46:41,528] {processor.py:161} INFO - Processing /mnt/c/Users/ander/Desktop/airflow-spark/airflow-spark/curso2/ambientepython/lib/python3.9/site-packages/airflow/example_dags/tutorial.py took 0.174 seconds
[2025-01-15 23:47:22,105] {processor.py:153} INFO - Started process (PID=35201) to work on /mnt/c/Users/ander/Desktop/airflow-spark/airflow-spark/curso2/ambientepython/lib/python3.9/site-packages/airflow/example_dags/tutorial.py
[2025-01-15 23:47:22,106] {processor.py:641} INFO - Processing file /mnt/c/Users/ander/Desktop/airflow-spark/airflow-spark/curso2/ambientepython/lib/python3.9/site-packages/airflow/example_dags/tutorial.py for tasks to queue
[2025-01-15 23:47:22,107] {logging_mixin.py:115} INFO - [2025-01-15 23:47:22,107] {dagbag.py:507} INFO - Filling up the DagBag from /mnt/c/Users/ander/Desktop/airflow-spark/airflow-spark/curso2/ambientepython/lib/python3.9/site-packages/airflow/example_dags/tutorial.py
[2025-01-15 23:47:22,145] {processor.py:651} INFO - DAG(s) dict_keys(['tutorial']) retrieved from /mnt/c/Users/ander/Desktop/airflow-spark/airflow-spark/curso2/ambientepython/lib/python3.9/site-packages/airflow/example_dags/tutorial.py
[2025-01-15 23:47:22,183] {logging_mixin.py:115} INFO - [2025-01-15 23:47:22,183] {dag.py:2379} INFO - Sync 1 DAGs
[2025-01-15 23:47:22,213] {logging_mixin.py:115} INFO - [2025-01-15 23:47:22,211] {dag.py:2927} INFO - Setting next_dagrun for tutorial to 2025-01-15T02:47:22.211205+00:00, run_after=2025-01-16T02:47:22.211205+00:00
[2025-01-15 23:47:22,255] {processor.py:161} INFO - Processing /mnt/c/Users/ander/Desktop/airflow-spark/airflow-spark/curso2/ambientepython/lib/python3.9/site-packages/airflow/example_dags/tutorial.py took 0.154 seconds
[2025-01-15 23:48:07,612] {processor.py:153} INFO - Started process (PID=35414) to work on /mnt/c/Users/ander/Desktop/airflow-spark/airflow-spark/curso2/ambientepython/lib/python3.9/site-packages/airflow/example_dags/tutorial.py
[2025-01-15 23:48:07,614] {processor.py:641} INFO - Processing file /mnt/c/Users/ander/Desktop/airflow-spark/airflow-spark/curso2/ambientepython/lib/python3.9/site-packages/airflow/example_dags/tutorial.py for tasks to queue
[2025-01-15 23:48:07,615] {logging_mixin.py:115} INFO - [2025-01-15 23:48:07,615] {dagbag.py:507} INFO - Filling up the DagBag from /mnt/c/Users/ander/Desktop/airflow-spark/airflow-spark/curso2/ambientepython/lib/python3.9/site-packages/airflow/example_dags/tutorial.py
[2025-01-15 23:48:07,667] {processor.py:651} INFO - DAG(s) dict_keys(['tutorial']) retrieved from /mnt/c/Users/ander/Desktop/airflow-spark/airflow-spark/curso2/ambientepython/lib/python3.9/site-packages/airflow/example_dags/tutorial.py
[2025-01-15 23:48:07,706] {logging_mixin.py:115} INFO - [2025-01-15 23:48:07,706] {dag.py:2379} INFO - Sync 1 DAGs
[2025-01-15 23:48:07,739] {logging_mixin.py:115} INFO - [2025-01-15 23:48:07,737] {dag.py:2927} INFO - Setting next_dagrun for tutorial to 2025-01-15T02:48:07.737208+00:00, run_after=2025-01-16T02:48:07.737208+00:00
[2025-01-15 23:48:07,789] {processor.py:161} INFO - Processing /mnt/c/Users/ander/Desktop/airflow-spark/airflow-spark/curso2/ambientepython/lib/python3.9/site-packages/airflow/example_dags/tutorial.py took 0.180 seconds
[2025-01-15 23:48:51,924] {processor.py:153} INFO - Started process (PID=35574) to work on /mnt/c/Users/ander/Desktop/airflow-spark/airflow-spark/curso2/ambientepython/lib/python3.9/site-packages/airflow/example_dags/tutorial.py
[2025-01-15 23:48:51,927] {processor.py:641} INFO - Processing file /mnt/c/Users/ander/Desktop/airflow-spark/airflow-spark/curso2/ambientepython/lib/python3.9/site-packages/airflow/example_dags/tutorial.py for tasks to queue
[2025-01-15 23:48:51,929] {logging_mixin.py:115} INFO - [2025-01-15 23:48:51,929] {dagbag.py:507} INFO - Filling up the DagBag from /mnt/c/Users/ander/Desktop/airflow-spark/airflow-spark/curso2/ambientepython/lib/python3.9/site-packages/airflow/example_dags/tutorial.py
[2025-01-15 23:48:51,995] {processor.py:651} INFO - DAG(s) dict_keys(['tutorial']) retrieved from /mnt/c/Users/ander/Desktop/airflow-spark/airflow-spark/curso2/ambientepython/lib/python3.9/site-packages/airflow/example_dags/tutorial.py
[2025-01-15 23:48:52,045] {logging_mixin.py:115} INFO - [2025-01-15 23:48:52,045] {dag.py:2379} INFO - Sync 1 DAGs
[2025-01-15 23:48:52,093] {logging_mixin.py:115} INFO - [2025-01-15 23:48:52,087] {dag.py:2927} INFO - Setting next_dagrun for tutorial to 2025-01-15T02:48:52.086929+00:00, run_after=2025-01-16T02:48:52.086929+00:00
[2025-01-15 23:48:52,148] {processor.py:161} INFO - Processing /mnt/c/Users/ander/Desktop/airflow-spark/airflow-spark/curso2/ambientepython/lib/python3.9/site-packages/airflow/example_dags/tutorial.py took 0.228 seconds
[2025-01-15 23:49:36,672] {processor.py:153} INFO - Started process (PID=35736) to work on /mnt/c/Users/ander/Desktop/airflow-spark/airflow-spark/curso2/ambientepython/lib/python3.9/site-packages/airflow/example_dags/tutorial.py
[2025-01-15 23:49:36,673] {processor.py:641} INFO - Processing file /mnt/c/Users/ander/Desktop/airflow-spark/airflow-spark/curso2/ambientepython/lib/python3.9/site-packages/airflow/example_dags/tutorial.py for tasks to queue
[2025-01-15 23:49:36,674] {logging_mixin.py:115} INFO - [2025-01-15 23:49:36,674] {dagbag.py:507} INFO - Filling up the DagBag from /mnt/c/Users/ander/Desktop/airflow-spark/airflow-spark/curso2/ambientepython/lib/python3.9/site-packages/airflow/example_dags/tutorial.py
[2025-01-15 23:49:36,719] {processor.py:651} INFO - DAG(s) dict_keys(['tutorial']) retrieved from /mnt/c/Users/ander/Desktop/airflow-spark/airflow-spark/curso2/ambientepython/lib/python3.9/site-packages/airflow/example_dags/tutorial.py
[2025-01-15 23:49:36,762] {logging_mixin.py:115} INFO - [2025-01-15 23:49:36,761] {dag.py:2379} INFO - Sync 1 DAGs
[2025-01-15 23:49:36,792] {logging_mixin.py:115} INFO - [2025-01-15 23:49:36,790] {dag.py:2927} INFO - Setting next_dagrun for tutorial to 2025-01-15T02:49:36.790376+00:00, run_after=2025-01-16T02:49:36.790376+00:00
[2025-01-15 23:49:36,845] {processor.py:161} INFO - Processing /mnt/c/Users/ander/Desktop/airflow-spark/airflow-spark/curso2/ambientepython/lib/python3.9/site-packages/airflow/example_dags/tutorial.py took 0.177 seconds
[2025-01-15 23:50:09,913] {processor.py:153} INFO - Started process (PID=35858) to work on /mnt/c/Users/ander/Desktop/airflow-spark/airflow-spark/curso2/ambientepython/lib/python3.9/site-packages/airflow/example_dags/tutorial.py
[2025-01-15 23:50:09,914] {processor.py:641} INFO - Processing file /mnt/c/Users/ander/Desktop/airflow-spark/airflow-spark/curso2/ambientepython/lib/python3.9/site-packages/airflow/example_dags/tutorial.py for tasks to queue
[2025-01-15 23:50:09,915] {logging_mixin.py:115} INFO - [2025-01-15 23:50:09,915] {dagbag.py:507} INFO - Filling up the DagBag from /mnt/c/Users/ander/Desktop/airflow-spark/airflow-spark/curso2/ambientepython/lib/python3.9/site-packages/airflow/example_dags/tutorial.py
[2025-01-15 23:50:09,965] {processor.py:651} INFO - DAG(s) dict_keys(['tutorial']) retrieved from /mnt/c/Users/ander/Desktop/airflow-spark/airflow-spark/curso2/ambientepython/lib/python3.9/site-packages/airflow/example_dags/tutorial.py
[2025-01-15 23:50:10,007] {logging_mixin.py:115} INFO - [2025-01-15 23:50:10,006] {dag.py:2379} INFO - Sync 1 DAGs
[2025-01-15 23:50:10,039] {logging_mixin.py:115} INFO - [2025-01-15 23:50:10,037] {dag.py:2927} INFO - Setting next_dagrun for tutorial to 2025-01-15T02:50:10.037075+00:00, run_after=2025-01-16T02:50:10.037075+00:00
[2025-01-15 23:50:10,088] {processor.py:161} INFO - Processing /mnt/c/Users/ander/Desktop/airflow-spark/airflow-spark/curso2/ambientepython/lib/python3.9/site-packages/airflow/example_dags/tutorial.py took 0.179 seconds
[2025-01-15 23:50:59,001] {processor.py:153} INFO - Started process (PID=36033) to work on /mnt/c/Users/ander/Desktop/airflow-spark/airflow-spark/curso2/ambientepython/lib/python3.9/site-packages/airflow/example_dags/tutorial.py
[2025-01-15 23:50:59,002] {processor.py:641} INFO - Processing file /mnt/c/Users/ander/Desktop/airflow-spark/airflow-spark/curso2/ambientepython/lib/python3.9/site-packages/airflow/example_dags/tutorial.py for tasks to queue
[2025-01-15 23:50:59,003] {logging_mixin.py:115} INFO - [2025-01-15 23:50:59,003] {dagbag.py:507} INFO - Filling up the DagBag from /mnt/c/Users/ander/Desktop/airflow-spark/airflow-spark/curso2/ambientepython/lib/python3.9/site-packages/airflow/example_dags/tutorial.py
[2025-01-15 23:50:59,060] {processor.py:651} INFO - DAG(s) dict_keys(['tutorial']) retrieved from /mnt/c/Users/ander/Desktop/airflow-spark/airflow-spark/curso2/ambientepython/lib/python3.9/site-packages/airflow/example_dags/tutorial.py
[2025-01-15 23:50:59,106] {logging_mixin.py:115} INFO - [2025-01-15 23:50:59,106] {dag.py:2379} INFO - Sync 1 DAGs
[2025-01-15 23:50:59,143] {logging_mixin.py:115} INFO - [2025-01-15 23:50:59,141] {dag.py:2927} INFO - Setting next_dagrun for tutorial to 2025-01-15T02:50:59.140661+00:00, run_after=2025-01-16T02:50:59.140661+00:00
[2025-01-15 23:50:59,209] {processor.py:161} INFO - Processing /mnt/c/Users/ander/Desktop/airflow-spark/airflow-spark/curso2/ambientepython/lib/python3.9/site-packages/airflow/example_dags/tutorial.py took 0.212 seconds
[2025-01-15 23:51:46,160] {processor.py:153} INFO - Started process (PID=36207) to work on /mnt/c/Users/ander/Desktop/airflow-spark/airflow-spark/curso2/ambientepython/lib/python3.9/site-packages/airflow/example_dags/tutorial.py
[2025-01-15 23:51:46,161] {processor.py:641} INFO - Processing file /mnt/c/Users/ander/Desktop/airflow-spark/airflow-spark/curso2/ambientepython/lib/python3.9/site-packages/airflow/example_dags/tutorial.py for tasks to queue
[2025-01-15 23:51:46,162] {logging_mixin.py:115} INFO - [2025-01-15 23:51:46,162] {dagbag.py:507} INFO - Filling up the DagBag from /mnt/c/Users/ander/Desktop/airflow-spark/airflow-spark/curso2/ambientepython/lib/python3.9/site-packages/airflow/example_dags/tutorial.py
[2025-01-15 23:51:46,207] {processor.py:651} INFO - DAG(s) dict_keys(['tutorial']) retrieved from /mnt/c/Users/ander/Desktop/airflow-spark/airflow-spark/curso2/ambientepython/lib/python3.9/site-packages/airflow/example_dags/tutorial.py
[2025-01-15 23:51:46,259] {logging_mixin.py:115} INFO - [2025-01-15 23:51:46,258] {dag.py:2379} INFO - Sync 1 DAGs
[2025-01-15 23:51:46,298] {logging_mixin.py:115} INFO - [2025-01-15 23:51:46,296] {dag.py:2927} INFO - Setting next_dagrun for tutorial to 2025-01-15T02:51:46.296317+00:00, run_after=2025-01-16T02:51:46.296317+00:00
[2025-01-15 23:51:46,357] {processor.py:161} INFO - Processing /mnt/c/Users/ander/Desktop/airflow-spark/airflow-spark/curso2/ambientepython/lib/python3.9/site-packages/airflow/example_dags/tutorial.py took 0.207 seconds
[2025-01-15 23:52:21,185] {processor.py:153} INFO - Started process (PID=36328) to work on /mnt/c/Users/ander/Desktop/airflow-spark/airflow-spark/curso2/ambientepython/lib/python3.9/site-packages/airflow/example_dags/tutorial.py
[2025-01-15 23:52:21,186] {processor.py:641} INFO - Processing file /mnt/c/Users/ander/Desktop/airflow-spark/airflow-spark/curso2/ambientepython/lib/python3.9/site-packages/airflow/example_dags/tutorial.py for tasks to queue
[2025-01-15 23:52:21,188] {logging_mixin.py:115} INFO - [2025-01-15 23:52:21,187] {dagbag.py:507} INFO - Filling up the DagBag from /mnt/c/Users/ander/Desktop/airflow-spark/airflow-spark/curso2/ambientepython/lib/python3.9/site-packages/airflow/example_dags/tutorial.py
[2025-01-15 23:52:21,255] {processor.py:651} INFO - DAG(s) dict_keys(['tutorial']) retrieved from /mnt/c/Users/ander/Desktop/airflow-spark/airflow-spark/curso2/ambientepython/lib/python3.9/site-packages/airflow/example_dags/tutorial.py
[2025-01-15 23:52:21,302] {logging_mixin.py:115} INFO - [2025-01-15 23:52:21,301] {dag.py:2379} INFO - Sync 1 DAGs
[2025-01-15 23:52:21,338] {logging_mixin.py:115} INFO - [2025-01-15 23:52:21,338] {dag.py:2927} INFO - Setting next_dagrun for tutorial to 2025-01-15T02:52:21.338328+00:00, run_after=2025-01-16T02:52:21.338328+00:00
[2025-01-15 23:52:21,382] {processor.py:161} INFO - Processing /mnt/c/Users/ander/Desktop/airflow-spark/airflow-spark/curso2/ambientepython/lib/python3.9/site-packages/airflow/example_dags/tutorial.py took 0.207 seconds
[2025-01-15 23:52:58,017] {processor.py:153} INFO - Started process (PID=36480) to work on /mnt/c/Users/ander/Desktop/airflow-spark/airflow-spark/curso2/ambientepython/lib/python3.9/site-packages/airflow/example_dags/tutorial.py
[2025-01-15 23:52:58,018] {processor.py:641} INFO - Processing file /mnt/c/Users/ander/Desktop/airflow-spark/airflow-spark/curso2/ambientepython/lib/python3.9/site-packages/airflow/example_dags/tutorial.py for tasks to queue
[2025-01-15 23:52:58,019] {logging_mixin.py:115} INFO - [2025-01-15 23:52:58,019] {dagbag.py:507} INFO - Filling up the DagBag from /mnt/c/Users/ander/Desktop/airflow-spark/airflow-spark/curso2/ambientepython/lib/python3.9/site-packages/airflow/example_dags/tutorial.py
[2025-01-15 23:52:58,075] {processor.py:651} INFO - DAG(s) dict_keys(['tutorial']) retrieved from /mnt/c/Users/ander/Desktop/airflow-spark/airflow-spark/curso2/ambientepython/lib/python3.9/site-packages/airflow/example_dags/tutorial.py
[2025-01-15 23:52:58,116] {logging_mixin.py:115} INFO - [2025-01-15 23:52:58,116] {dag.py:2379} INFO - Sync 1 DAGs
[2025-01-15 23:52:58,148] {logging_mixin.py:115} INFO - [2025-01-15 23:52:58,148] {dag.py:2927} INFO - Setting next_dagrun for tutorial to 2025-01-15T02:52:58.148035+00:00, run_after=2025-01-16T02:52:58.148035+00:00
[2025-01-15 23:52:58,198] {processor.py:161} INFO - Processing /mnt/c/Users/ander/Desktop/airflow-spark/airflow-spark/curso2/ambientepython/lib/python3.9/site-packages/airflow/example_dags/tutorial.py took 0.185 seconds
