[2025-01-15 23:12:08,666] {processor.py:153} INFO - Started process (PID=25022) to work on /mnt/c/Users/ander/Desktop/airflow-spark/airflow-spark/curso2/ambientepython/lib/python3.9/site-packages/airflow/example_dags/tutorial_taskflow_api_etl.py
[2025-01-15 23:12:08,667] {processor.py:641} INFO - Processing file /mnt/c/Users/ander/Desktop/airflow-spark/airflow-spark/curso2/ambientepython/lib/python3.9/site-packages/airflow/example_dags/tutorial_taskflow_api_etl.py for tasks to queue
[2025-01-15 23:12:08,669] {logging_mixin.py:115} INFO - [2025-01-15 23:12:08,669] {dagbag.py:507} INFO - Filling up the DagBag from /mnt/c/Users/ander/Desktop/airflow-spark/airflow-spark/curso2/ambientepython/lib/python3.9/site-packages/airflow/example_dags/tutorial_taskflow_api_etl.py
[2025-01-15 23:12:08,816] {processor.py:651} INFO - DAG(s) dict_keys(['tutorial_taskflow_api_etl']) retrieved from /mnt/c/Users/ander/Desktop/airflow-spark/airflow-spark/curso2/ambientepython/lib/python3.9/site-packages/airflow/example_dags/tutorial_taskflow_api_etl.py
[2025-01-15 23:12:09,015] {logging_mixin.py:115} INFO - [2025-01-15 23:12:09,014] {manager.py:508} INFO - Created Permission View: can edit on DAG:tutorial_taskflow_api_etl
[2025-01-15 23:12:09,055] {logging_mixin.py:115} INFO - [2025-01-15 23:12:09,055] {manager.py:508} INFO - Created Permission View: can delete on DAG:tutorial_taskflow_api_etl
[2025-01-15 23:12:09,105] {logging_mixin.py:115} INFO - [2025-01-15 23:12:09,105] {manager.py:508} INFO - Created Permission View: can read on DAG:tutorial_taskflow_api_etl
[2025-01-15 23:12:09,106] {logging_mixin.py:115} INFO - [2025-01-15 23:12:09,106] {dag.py:2379} INFO - Sync 1 DAGs
[2025-01-15 23:12:09,126] {logging_mixin.py:115} INFO - [2025-01-15 23:12:09,126] {dag.py:2398} INFO - Creating ORM DAG for tutorial_taskflow_api_etl
[2025-01-15 23:12:09,140] {logging_mixin.py:115} INFO - [2025-01-15 23:12:09,140] {dag.py:2927} INFO - Setting next_dagrun for tutorial_taskflow_api_etl to None, run_after=None
[2025-01-15 23:12:09,197] {processor.py:161} INFO - Processing /mnt/c/Users/ander/Desktop/airflow-spark/airflow-spark/curso2/ambientepython/lib/python3.9/site-packages/airflow/example_dags/tutorial_taskflow_api_etl.py took 0.535 seconds
[2025-01-15 23:13:07,773] {processor.py:153} INFO - Started process (PID=25581) to work on /mnt/c/Users/ander/Desktop/airflow-spark/airflow-spark/curso2/ambientepython/lib/python3.9/site-packages/airflow/example_dags/tutorial_taskflow_api_etl.py
[2025-01-15 23:13:07,774] {processor.py:641} INFO - Processing file /mnt/c/Users/ander/Desktop/airflow-spark/airflow-spark/curso2/ambientepython/lib/python3.9/site-packages/airflow/example_dags/tutorial_taskflow_api_etl.py for tasks to queue
[2025-01-15 23:13:07,775] {logging_mixin.py:115} INFO - [2025-01-15 23:13:07,775] {dagbag.py:507} INFO - Filling up the DagBag from /mnt/c/Users/ander/Desktop/airflow-spark/airflow-spark/curso2/ambientepython/lib/python3.9/site-packages/airflow/example_dags/tutorial_taskflow_api_etl.py
[2025-01-15 23:13:07,915] {processor.py:651} INFO - DAG(s) dict_keys(['tutorial_taskflow_api_etl']) retrieved from /mnt/c/Users/ander/Desktop/airflow-spark/airflow-spark/curso2/ambientepython/lib/python3.9/site-packages/airflow/example_dags/tutorial_taskflow_api_etl.py
[2025-01-15 23:13:08,002] {logging_mixin.py:115} INFO - [2025-01-15 23:13:08,002] {dag.py:2379} INFO - Sync 1 DAGs
[2025-01-15 23:13:08,028] {logging_mixin.py:115} INFO - [2025-01-15 23:13:08,028] {dag.py:2927} INFO - Setting next_dagrun for tutorial_taskflow_api_etl to None, run_after=None
[2025-01-15 23:13:08,067] {processor.py:161} INFO - Processing /mnt/c/Users/ander/Desktop/airflow-spark/airflow-spark/curso2/ambientepython/lib/python3.9/site-packages/airflow/example_dags/tutorial_taskflow_api_etl.py took 0.297 seconds
[2025-01-15 23:13:43,374] {processor.py:153} INFO - Started process (PID=25711) to work on /mnt/c/Users/ander/Desktop/airflow-spark/airflow-spark/curso2/ambientepython/lib/python3.9/site-packages/airflow/example_dags/tutorial_taskflow_api_etl.py
[2025-01-15 23:13:43,376] {processor.py:641} INFO - Processing file /mnt/c/Users/ander/Desktop/airflow-spark/airflow-spark/curso2/ambientepython/lib/python3.9/site-packages/airflow/example_dags/tutorial_taskflow_api_etl.py for tasks to queue
[2025-01-15 23:13:43,377] {logging_mixin.py:115} INFO - [2025-01-15 23:13:43,377] {dagbag.py:507} INFO - Filling up the DagBag from /mnt/c/Users/ander/Desktop/airflow-spark/airflow-spark/curso2/ambientepython/lib/python3.9/site-packages/airflow/example_dags/tutorial_taskflow_api_etl.py
[2025-01-15 23:13:43,479] {processor.py:651} INFO - DAG(s) dict_keys(['tutorial_taskflow_api_etl']) retrieved from /mnt/c/Users/ander/Desktop/airflow-spark/airflow-spark/curso2/ambientepython/lib/python3.9/site-packages/airflow/example_dags/tutorial_taskflow_api_etl.py
[2025-01-15 23:13:43,562] {logging_mixin.py:115} INFO - [2025-01-15 23:13:43,562] {dag.py:2379} INFO - Sync 1 DAGs
[2025-01-15 23:13:43,590] {logging_mixin.py:115} INFO - [2025-01-15 23:13:43,590] {dag.py:2927} INFO - Setting next_dagrun for tutorial_taskflow_api_etl to None, run_after=None
[2025-01-15 23:13:43,635] {processor.py:161} INFO - Processing /mnt/c/Users/ander/Desktop/airflow-spark/airflow-spark/curso2/ambientepython/lib/python3.9/site-packages/airflow/example_dags/tutorial_taskflow_api_etl.py took 0.264 seconds
[2025-01-15 23:14:27,762] {processor.py:153} INFO - Started process (PID=25872) to work on /mnt/c/Users/ander/Desktop/airflow-spark/airflow-spark/curso2/ambientepython/lib/python3.9/site-packages/airflow/example_dags/tutorial_taskflow_api_etl.py
[2025-01-15 23:14:27,763] {processor.py:641} INFO - Processing file /mnt/c/Users/ander/Desktop/airflow-spark/airflow-spark/curso2/ambientepython/lib/python3.9/site-packages/airflow/example_dags/tutorial_taskflow_api_etl.py for tasks to queue
[2025-01-15 23:14:27,764] {logging_mixin.py:115} INFO - [2025-01-15 23:14:27,764] {dagbag.py:507} INFO - Filling up the DagBag from /mnt/c/Users/ander/Desktop/airflow-spark/airflow-spark/curso2/ambientepython/lib/python3.9/site-packages/airflow/example_dags/tutorial_taskflow_api_etl.py
[2025-01-15 23:14:27,881] {processor.py:651} INFO - DAG(s) dict_keys(['tutorial_taskflow_api_etl']) retrieved from /mnt/c/Users/ander/Desktop/airflow-spark/airflow-spark/curso2/ambientepython/lib/python3.9/site-packages/airflow/example_dags/tutorial_taskflow_api_etl.py
[2025-01-15 23:14:27,963] {logging_mixin.py:115} INFO - [2025-01-15 23:14:27,963] {dag.py:2379} INFO - Sync 1 DAGs
[2025-01-15 23:14:27,988] {logging_mixin.py:115} INFO - [2025-01-15 23:14:27,988] {dag.py:2927} INFO - Setting next_dagrun for tutorial_taskflow_api_etl to None, run_after=None
[2025-01-15 23:14:28,038] {processor.py:161} INFO - Processing /mnt/c/Users/ander/Desktop/airflow-spark/airflow-spark/curso2/ambientepython/lib/python3.9/site-packages/airflow/example_dags/tutorial_taskflow_api_etl.py took 0.280 seconds
[2025-01-15 23:15:10,973] {processor.py:153} INFO - Started process (PID=26026) to work on /mnt/c/Users/ander/Desktop/airflow-spark/airflow-spark/curso2/ambientepython/lib/python3.9/site-packages/airflow/example_dags/tutorial_taskflow_api_etl.py
[2025-01-15 23:15:10,974] {processor.py:641} INFO - Processing file /mnt/c/Users/ander/Desktop/airflow-spark/airflow-spark/curso2/ambientepython/lib/python3.9/site-packages/airflow/example_dags/tutorial_taskflow_api_etl.py for tasks to queue
[2025-01-15 23:15:10,975] {logging_mixin.py:115} INFO - [2025-01-15 23:15:10,975] {dagbag.py:507} INFO - Filling up the DagBag from /mnt/c/Users/ander/Desktop/airflow-spark/airflow-spark/curso2/ambientepython/lib/python3.9/site-packages/airflow/example_dags/tutorial_taskflow_api_etl.py
[2025-01-15 23:15:11,109] {processor.py:651} INFO - DAG(s) dict_keys(['tutorial_taskflow_api_etl']) retrieved from /mnt/c/Users/ander/Desktop/airflow-spark/airflow-spark/curso2/ambientepython/lib/python3.9/site-packages/airflow/example_dags/tutorial_taskflow_api_etl.py
[2025-01-15 23:15:11,145] {logging_mixin.py:115} INFO - [2025-01-15 23:15:11,145] {dag.py:2379} INFO - Sync 1 DAGs
[2025-01-15 23:15:11,176] {logging_mixin.py:115} INFO - [2025-01-15 23:15:11,175] {dag.py:2927} INFO - Setting next_dagrun for tutorial_taskflow_api_etl to None, run_after=None
[2025-01-15 23:15:11,220] {processor.py:161} INFO - Processing /mnt/c/Users/ander/Desktop/airflow-spark/airflow-spark/curso2/ambientepython/lib/python3.9/site-packages/airflow/example_dags/tutorial_taskflow_api_etl.py took 0.251 seconds
[2025-01-15 23:15:57,783] {processor.py:153} INFO - Started process (PID=26193) to work on /mnt/c/Users/ander/Desktop/airflow-spark/airflow-spark/curso2/ambientepython/lib/python3.9/site-packages/airflow/example_dags/tutorial_taskflow_api_etl.py
[2025-01-15 23:15:57,784] {processor.py:641} INFO - Processing file /mnt/c/Users/ander/Desktop/airflow-spark/airflow-spark/curso2/ambientepython/lib/python3.9/site-packages/airflow/example_dags/tutorial_taskflow_api_etl.py for tasks to queue
[2025-01-15 23:15:57,785] {logging_mixin.py:115} INFO - [2025-01-15 23:15:57,785] {dagbag.py:507} INFO - Filling up the DagBag from /mnt/c/Users/ander/Desktop/airflow-spark/airflow-spark/curso2/ambientepython/lib/python3.9/site-packages/airflow/example_dags/tutorial_taskflow_api_etl.py
[2025-01-15 23:15:57,903] {processor.py:651} INFO - DAG(s) dict_keys(['tutorial_taskflow_api_etl']) retrieved from /mnt/c/Users/ander/Desktop/airflow-spark/airflow-spark/curso2/ambientepython/lib/python3.9/site-packages/airflow/example_dags/tutorial_taskflow_api_etl.py
[2025-01-15 23:15:57,986] {logging_mixin.py:115} INFO - [2025-01-15 23:15:57,986] {dag.py:2379} INFO - Sync 1 DAGs
[2025-01-15 23:15:58,012] {logging_mixin.py:115} INFO - [2025-01-15 23:15:58,012] {dag.py:2927} INFO - Setting next_dagrun for tutorial_taskflow_api_etl to None, run_after=None
[2025-01-15 23:15:58,060] {processor.py:161} INFO - Processing /mnt/c/Users/ander/Desktop/airflow-spark/airflow-spark/curso2/ambientepython/lib/python3.9/site-packages/airflow/example_dags/tutorial_taskflow_api_etl.py took 0.280 seconds
[2025-01-15 23:16:32,905] {processor.py:153} INFO - Started process (PID=26322) to work on /mnt/c/Users/ander/Desktop/airflow-spark/airflow-spark/curso2/ambientepython/lib/python3.9/site-packages/airflow/example_dags/tutorial_taskflow_api_etl.py
[2025-01-15 23:16:32,906] {processor.py:641} INFO - Processing file /mnt/c/Users/ander/Desktop/airflow-spark/airflow-spark/curso2/ambientepython/lib/python3.9/site-packages/airflow/example_dags/tutorial_taskflow_api_etl.py for tasks to queue
[2025-01-15 23:16:32,907] {logging_mixin.py:115} INFO - [2025-01-15 23:16:32,907] {dagbag.py:507} INFO - Filling up the DagBag from /mnt/c/Users/ander/Desktop/airflow-spark/airflow-spark/curso2/ambientepython/lib/python3.9/site-packages/airflow/example_dags/tutorial_taskflow_api_etl.py
[2025-01-15 23:16:33,019] {processor.py:651} INFO - DAG(s) dict_keys(['tutorial_taskflow_api_etl']) retrieved from /mnt/c/Users/ander/Desktop/airflow-spark/airflow-spark/curso2/ambientepython/lib/python3.9/site-packages/airflow/example_dags/tutorial_taskflow_api_etl.py
[2025-01-15 23:16:33,058] {logging_mixin.py:115} INFO - [2025-01-15 23:16:33,058] {dag.py:2379} INFO - Sync 1 DAGs
[2025-01-15 23:16:33,092] {logging_mixin.py:115} INFO - [2025-01-15 23:16:33,092] {dag.py:2927} INFO - Setting next_dagrun for tutorial_taskflow_api_etl to None, run_after=None
[2025-01-15 23:16:33,140] {processor.py:161} INFO - Processing /mnt/c/Users/ander/Desktop/airflow-spark/airflow-spark/curso2/ambientepython/lib/python3.9/site-packages/airflow/example_dags/tutorial_taskflow_api_etl.py took 0.239 seconds
[2025-01-15 23:17:03,716] {processor.py:153} INFO - Started process (PID=26433) to work on /mnt/c/Users/ander/Desktop/airflow-spark/airflow-spark/curso2/ambientepython/lib/python3.9/site-packages/airflow/example_dags/tutorial_taskflow_api_etl.py
[2025-01-15 23:17:03,717] {processor.py:641} INFO - Processing file /mnt/c/Users/ander/Desktop/airflow-spark/airflow-spark/curso2/ambientepython/lib/python3.9/site-packages/airflow/example_dags/tutorial_taskflow_api_etl.py for tasks to queue
[2025-01-15 23:17:03,718] {logging_mixin.py:115} INFO - [2025-01-15 23:17:03,718] {dagbag.py:507} INFO - Filling up the DagBag from /mnt/c/Users/ander/Desktop/airflow-spark/airflow-spark/curso2/ambientepython/lib/python3.9/site-packages/airflow/example_dags/tutorial_taskflow_api_etl.py
[2025-01-15 23:17:03,810] {processor.py:651} INFO - DAG(s) dict_keys(['tutorial_taskflow_api_etl']) retrieved from /mnt/c/Users/ander/Desktop/airflow-spark/airflow-spark/curso2/ambientepython/lib/python3.9/site-packages/airflow/example_dags/tutorial_taskflow_api_etl.py
[2025-01-15 23:17:03,896] {logging_mixin.py:115} INFO - [2025-01-15 23:17:03,896] {dag.py:2379} INFO - Sync 1 DAGs
[2025-01-15 23:17:03,923] {logging_mixin.py:115} INFO - [2025-01-15 23:17:03,923] {dag.py:2927} INFO - Setting next_dagrun for tutorial_taskflow_api_etl to None, run_after=None
[2025-01-15 23:17:03,960] {processor.py:161} INFO - Processing /mnt/c/Users/ander/Desktop/airflow-spark/airflow-spark/curso2/ambientepython/lib/python3.9/site-packages/airflow/example_dags/tutorial_taskflow_api_etl.py took 0.249 seconds
[2025-01-15 23:17:37,215] {processor.py:153} INFO - Started process (PID=26606) to work on /mnt/c/Users/ander/Desktop/airflow-spark/airflow-spark/curso2/ambientepython/lib/python3.9/site-packages/airflow/example_dags/tutorial_taskflow_api_etl.py
[2025-01-15 23:17:37,216] {processor.py:641} INFO - Processing file /mnt/c/Users/ander/Desktop/airflow-spark/airflow-spark/curso2/ambientepython/lib/python3.9/site-packages/airflow/example_dags/tutorial_taskflow_api_etl.py for tasks to queue
[2025-01-15 23:17:37,217] {logging_mixin.py:115} INFO - [2025-01-15 23:17:37,217] {dagbag.py:507} INFO - Filling up the DagBag from /mnt/c/Users/ander/Desktop/airflow-spark/airflow-spark/curso2/ambientepython/lib/python3.9/site-packages/airflow/example_dags/tutorial_taskflow_api_etl.py
[2025-01-15 23:17:37,316] {processor.py:651} INFO - DAG(s) dict_keys(['tutorial_taskflow_api_etl']) retrieved from /mnt/c/Users/ander/Desktop/airflow-spark/airflow-spark/curso2/ambientepython/lib/python3.9/site-packages/airflow/example_dags/tutorial_taskflow_api_etl.py
[2025-01-15 23:17:37,411] {logging_mixin.py:115} INFO - [2025-01-15 23:17:37,411] {dag.py:2379} INFO - Sync 1 DAGs
[2025-01-15 23:17:37,433] {logging_mixin.py:115} INFO - [2025-01-15 23:17:37,433] {dag.py:2927} INFO - Setting next_dagrun for tutorial_taskflow_api_etl to None, run_after=None
[2025-01-15 23:17:37,468] {processor.py:161} INFO - Processing /mnt/c/Users/ander/Desktop/airflow-spark/airflow-spark/curso2/ambientepython/lib/python3.9/site-packages/airflow/example_dags/tutorial_taskflow_api_etl.py took 0.257 seconds
[2025-01-15 23:18:20,114] {processor.py:153} INFO - Started process (PID=26761) to work on /mnt/c/Users/ander/Desktop/airflow-spark/airflow-spark/curso2/ambientepython/lib/python3.9/site-packages/airflow/example_dags/tutorial_taskflow_api_etl.py
[2025-01-15 23:18:20,116] {processor.py:641} INFO - Processing file /mnt/c/Users/ander/Desktop/airflow-spark/airflow-spark/curso2/ambientepython/lib/python3.9/site-packages/airflow/example_dags/tutorial_taskflow_api_etl.py for tasks to queue
[2025-01-15 23:18:20,117] {logging_mixin.py:115} INFO - [2025-01-15 23:18:20,117] {dagbag.py:507} INFO - Filling up the DagBag from /mnt/c/Users/ander/Desktop/airflow-spark/airflow-spark/curso2/ambientepython/lib/python3.9/site-packages/airflow/example_dags/tutorial_taskflow_api_etl.py
[2025-01-15 23:18:20,231] {processor.py:651} INFO - DAG(s) dict_keys(['tutorial_taskflow_api_etl']) retrieved from /mnt/c/Users/ander/Desktop/airflow-spark/airflow-spark/curso2/ambientepython/lib/python3.9/site-packages/airflow/example_dags/tutorial_taskflow_api_etl.py
[2025-01-15 23:18:20,275] {logging_mixin.py:115} INFO - [2025-01-15 23:18:20,275] {dag.py:2379} INFO - Sync 1 DAGs
[2025-01-15 23:18:20,307] {logging_mixin.py:115} INFO - [2025-01-15 23:18:20,306] {dag.py:2927} INFO - Setting next_dagrun for tutorial_taskflow_api_etl to None, run_after=None
[2025-01-15 23:18:20,355] {processor.py:161} INFO - Processing /mnt/c/Users/ander/Desktop/airflow-spark/airflow-spark/curso2/ambientepython/lib/python3.9/site-packages/airflow/example_dags/tutorial_taskflow_api_etl.py took 0.250 seconds
[2025-01-15 23:18:59,878] {processor.py:153} INFO - Started process (PID=26908) to work on /mnt/c/Users/ander/Desktop/airflow-spark/airflow-spark/curso2/ambientepython/lib/python3.9/site-packages/airflow/example_dags/tutorial_taskflow_api_etl.py
[2025-01-15 23:18:59,880] {processor.py:641} INFO - Processing file /mnt/c/Users/ander/Desktop/airflow-spark/airflow-spark/curso2/ambientepython/lib/python3.9/site-packages/airflow/example_dags/tutorial_taskflow_api_etl.py for tasks to queue
[2025-01-15 23:18:59,881] {logging_mixin.py:115} INFO - [2025-01-15 23:18:59,881] {dagbag.py:507} INFO - Filling up the DagBag from /mnt/c/Users/ander/Desktop/airflow-spark/airflow-spark/curso2/ambientepython/lib/python3.9/site-packages/airflow/example_dags/tutorial_taskflow_api_etl.py
[2025-01-15 23:19:00,000] {processor.py:651} INFO - DAG(s) dict_keys(['tutorial_taskflow_api_etl']) retrieved from /mnt/c/Users/ander/Desktop/airflow-spark/airflow-spark/curso2/ambientepython/lib/python3.9/site-packages/airflow/example_dags/tutorial_taskflow_api_etl.py
[2025-01-15 23:19:00,093] {logging_mixin.py:115} INFO - [2025-01-15 23:19:00,093] {dag.py:2379} INFO - Sync 1 DAGs
[2025-01-15 23:19:00,122] {logging_mixin.py:115} INFO - [2025-01-15 23:19:00,122] {dag.py:2927} INFO - Setting next_dagrun for tutorial_taskflow_api_etl to None, run_after=None
[2025-01-15 23:19:00,166] {processor.py:161} INFO - Processing /mnt/c/Users/ander/Desktop/airflow-spark/airflow-spark/curso2/ambientepython/lib/python3.9/site-packages/airflow/example_dags/tutorial_taskflow_api_etl.py took 0.293 seconds
[2025-01-15 23:19:45,664] {processor.py:153} INFO - Started process (PID=27075) to work on /mnt/c/Users/ander/Desktop/airflow-spark/airflow-spark/curso2/ambientepython/lib/python3.9/site-packages/airflow/example_dags/tutorial_taskflow_api_etl.py
[2025-01-15 23:19:45,666] {processor.py:641} INFO - Processing file /mnt/c/Users/ander/Desktop/airflow-spark/airflow-spark/curso2/ambientepython/lib/python3.9/site-packages/airflow/example_dags/tutorial_taskflow_api_etl.py for tasks to queue
[2025-01-15 23:19:45,667] {logging_mixin.py:115} INFO - [2025-01-15 23:19:45,667] {dagbag.py:507} INFO - Filling up the DagBag from /mnt/c/Users/ander/Desktop/airflow-spark/airflow-spark/curso2/ambientepython/lib/python3.9/site-packages/airflow/example_dags/tutorial_taskflow_api_etl.py
[2025-01-15 23:19:45,793] {processor.py:651} INFO - DAG(s) dict_keys(['tutorial_taskflow_api_etl']) retrieved from /mnt/c/Users/ander/Desktop/airflow-spark/airflow-spark/curso2/ambientepython/lib/python3.9/site-packages/airflow/example_dags/tutorial_taskflow_api_etl.py
[2025-01-15 23:19:45,885] {logging_mixin.py:115} INFO - [2025-01-15 23:19:45,884] {dag.py:2379} INFO - Sync 1 DAGs
[2025-01-15 23:19:45,914] {logging_mixin.py:115} INFO - [2025-01-15 23:19:45,914] {dag.py:2927} INFO - Setting next_dagrun for tutorial_taskflow_api_etl to None, run_after=None
[2025-01-15 23:19:45,966] {processor.py:161} INFO - Processing /mnt/c/Users/ander/Desktop/airflow-spark/airflow-spark/curso2/ambientepython/lib/python3.9/site-packages/airflow/example_dags/tutorial_taskflow_api_etl.py took 0.307 seconds
[2025-01-15 23:20:21,478] {processor.py:153} INFO - Started process (PID=27306) to work on /mnt/c/Users/ander/Desktop/airflow-spark/airflow-spark/curso2/ambientepython/lib/python3.9/site-packages/airflow/example_dags/tutorial_taskflow_api_etl.py
[2025-01-15 23:20:21,480] {processor.py:641} INFO - Processing file /mnt/c/Users/ander/Desktop/airflow-spark/airflow-spark/curso2/ambientepython/lib/python3.9/site-packages/airflow/example_dags/tutorial_taskflow_api_etl.py for tasks to queue
[2025-01-15 23:20:21,481] {logging_mixin.py:115} INFO - [2025-01-15 23:20:21,481] {dagbag.py:507} INFO - Filling up the DagBag from /mnt/c/Users/ander/Desktop/airflow-spark/airflow-spark/curso2/ambientepython/lib/python3.9/site-packages/airflow/example_dags/tutorial_taskflow_api_etl.py
[2025-01-15 23:20:21,620] {processor.py:651} INFO - DAG(s) dict_keys(['tutorial_taskflow_api_etl']) retrieved from /mnt/c/Users/ander/Desktop/airflow-spark/airflow-spark/curso2/ambientepython/lib/python3.9/site-packages/airflow/example_dags/tutorial_taskflow_api_etl.py
[2025-01-15 23:20:21,705] {logging_mixin.py:115} INFO - [2025-01-15 23:20:21,705] {dag.py:2379} INFO - Sync 1 DAGs
[2025-01-15 23:20:21,729] {logging_mixin.py:115} INFO - [2025-01-15 23:20:21,729] {dag.py:2927} INFO - Setting next_dagrun for tutorial_taskflow_api_etl to None, run_after=None
[2025-01-15 23:20:21,775] {processor.py:161} INFO - Processing /mnt/c/Users/ander/Desktop/airflow-spark/airflow-spark/curso2/ambientepython/lib/python3.9/site-packages/airflow/example_dags/tutorial_taskflow_api_etl.py took 0.300 seconds
[2025-01-15 23:21:07,885] {processor.py:153} INFO - Started process (PID=27736) to work on /mnt/c/Users/ander/Desktop/airflow-spark/airflow-spark/curso2/ambientepython/lib/python3.9/site-packages/airflow/example_dags/tutorial_taskflow_api_etl.py
[2025-01-15 23:21:07,887] {processor.py:641} INFO - Processing file /mnt/c/Users/ander/Desktop/airflow-spark/airflow-spark/curso2/ambientepython/lib/python3.9/site-packages/airflow/example_dags/tutorial_taskflow_api_etl.py for tasks to queue
[2025-01-15 23:21:07,889] {logging_mixin.py:115} INFO - [2025-01-15 23:21:07,889] {dagbag.py:507} INFO - Filling up the DagBag from /mnt/c/Users/ander/Desktop/airflow-spark/airflow-spark/curso2/ambientepython/lib/python3.9/site-packages/airflow/example_dags/tutorial_taskflow_api_etl.py
[2025-01-15 23:21:08,241] {processor.py:651} INFO - DAG(s) dict_keys(['tutorial_taskflow_api_etl']) retrieved from /mnt/c/Users/ander/Desktop/airflow-spark/airflow-spark/curso2/ambientepython/lib/python3.9/site-packages/airflow/example_dags/tutorial_taskflow_api_etl.py
[2025-01-15 23:21:08,369] {logging_mixin.py:115} INFO - [2025-01-15 23:21:08,368] {dag.py:2379} INFO - Sync 1 DAGs
[2025-01-15 23:21:08,408] {logging_mixin.py:115} INFO - [2025-01-15 23:21:08,408] {dag.py:2927} INFO - Setting next_dagrun for tutorial_taskflow_api_etl to None, run_after=None
[2025-01-15 23:21:08,543] {processor.py:161} INFO - Processing /mnt/c/Users/ander/Desktop/airflow-spark/airflow-spark/curso2/ambientepython/lib/python3.9/site-packages/airflow/example_dags/tutorial_taskflow_api_etl.py took 0.666 seconds
[2025-01-15 23:21:46,403] {processor.py:153} INFO - Started process (PID=28077) to work on /mnt/c/Users/ander/Desktop/airflow-spark/airflow-spark/curso2/ambientepython/lib/python3.9/site-packages/airflow/example_dags/tutorial_taskflow_api_etl.py
[2025-01-15 23:21:46,404] {processor.py:641} INFO - Processing file /mnt/c/Users/ander/Desktop/airflow-spark/airflow-spark/curso2/ambientepython/lib/python3.9/site-packages/airflow/example_dags/tutorial_taskflow_api_etl.py for tasks to queue
[2025-01-15 23:21:46,410] {logging_mixin.py:115} INFO - [2025-01-15 23:21:46,409] {dagbag.py:507} INFO - Filling up the DagBag from /mnt/c/Users/ander/Desktop/airflow-spark/airflow-spark/curso2/ambientepython/lib/python3.9/site-packages/airflow/example_dags/tutorial_taskflow_api_etl.py
[2025-01-15 23:21:46,838] {processor.py:651} INFO - DAG(s) dict_keys(['tutorial_taskflow_api_etl']) retrieved from /mnt/c/Users/ander/Desktop/airflow-spark/airflow-spark/curso2/ambientepython/lib/python3.9/site-packages/airflow/example_dags/tutorial_taskflow_api_etl.py
[2025-01-15 23:21:46,885] {logging_mixin.py:115} INFO - [2025-01-15 23:21:46,885] {dag.py:2379} INFO - Sync 1 DAGs
[2025-01-15 23:21:46,922] {logging_mixin.py:115} INFO - [2025-01-15 23:21:46,922] {dag.py:2927} INFO - Setting next_dagrun for tutorial_taskflow_api_etl to None, run_after=None
[2025-01-15 23:21:46,985] {processor.py:161} INFO - Processing /mnt/c/Users/ander/Desktop/airflow-spark/airflow-spark/curso2/ambientepython/lib/python3.9/site-packages/airflow/example_dags/tutorial_taskflow_api_etl.py took 0.587 seconds
[2025-01-15 23:22:26,559] {processor.py:153} INFO - Started process (PID=28380) to work on /mnt/c/Users/ander/Desktop/airflow-spark/airflow-spark/curso2/ambientepython/lib/python3.9/site-packages/airflow/example_dags/tutorial_taskflow_api_etl.py
[2025-01-15 23:22:26,560] {processor.py:641} INFO - Processing file /mnt/c/Users/ander/Desktop/airflow-spark/airflow-spark/curso2/ambientepython/lib/python3.9/site-packages/airflow/example_dags/tutorial_taskflow_api_etl.py for tasks to queue
[2025-01-15 23:22:26,561] {logging_mixin.py:115} INFO - [2025-01-15 23:22:26,561] {dagbag.py:507} INFO - Filling up the DagBag from /mnt/c/Users/ander/Desktop/airflow-spark/airflow-spark/curso2/ambientepython/lib/python3.9/site-packages/airflow/example_dags/tutorial_taskflow_api_etl.py
[2025-01-15 23:22:26,712] {processor.py:651} INFO - DAG(s) dict_keys(['tutorial_taskflow_api_etl']) retrieved from /mnt/c/Users/ander/Desktop/airflow-spark/airflow-spark/curso2/ambientepython/lib/python3.9/site-packages/airflow/example_dags/tutorial_taskflow_api_etl.py
[2025-01-15 23:22:26,800] {logging_mixin.py:115} INFO - [2025-01-15 23:22:26,800] {dag.py:2379} INFO - Sync 1 DAGs
[2025-01-15 23:22:26,828] {logging_mixin.py:115} INFO - [2025-01-15 23:22:26,828] {dag.py:2927} INFO - Setting next_dagrun for tutorial_taskflow_api_etl to None, run_after=None
[2025-01-15 23:22:26,888] {processor.py:161} INFO - Processing /mnt/c/Users/ander/Desktop/airflow-spark/airflow-spark/curso2/ambientepython/lib/python3.9/site-packages/airflow/example_dags/tutorial_taskflow_api_etl.py took 0.333 seconds
[2025-01-15 23:23:04,257] {processor.py:153} INFO - Started process (PID=28566) to work on /mnt/c/Users/ander/Desktop/airflow-spark/airflow-spark/curso2/ambientepython/lib/python3.9/site-packages/airflow/example_dags/tutorial_taskflow_api_etl.py
[2025-01-15 23:23:04,258] {processor.py:641} INFO - Processing file /mnt/c/Users/ander/Desktop/airflow-spark/airflow-spark/curso2/ambientepython/lib/python3.9/site-packages/airflow/example_dags/tutorial_taskflow_api_etl.py for tasks to queue
[2025-01-15 23:23:04,259] {logging_mixin.py:115} INFO - [2025-01-15 23:23:04,259] {dagbag.py:507} INFO - Filling up the DagBag from /mnt/c/Users/ander/Desktop/airflow-spark/airflow-spark/curso2/ambientepython/lib/python3.9/site-packages/airflow/example_dags/tutorial_taskflow_api_etl.py
[2025-01-15 23:23:04,390] {processor.py:651} INFO - DAG(s) dict_keys(['tutorial_taskflow_api_etl']) retrieved from /mnt/c/Users/ander/Desktop/airflow-spark/airflow-spark/curso2/ambientepython/lib/python3.9/site-packages/airflow/example_dags/tutorial_taskflow_api_etl.py
[2025-01-15 23:23:04,478] {logging_mixin.py:115} INFO - [2025-01-15 23:23:04,478] {dag.py:2379} INFO - Sync 1 DAGs
[2025-01-15 23:23:04,509] {logging_mixin.py:115} INFO - [2025-01-15 23:23:04,509] {dag.py:2927} INFO - Setting next_dagrun for tutorial_taskflow_api_etl to None, run_after=None
[2025-01-15 23:23:04,561] {processor.py:161} INFO - Processing /mnt/c/Users/ander/Desktop/airflow-spark/airflow-spark/curso2/ambientepython/lib/python3.9/site-packages/airflow/example_dags/tutorial_taskflow_api_etl.py took 0.308 seconds
[2025-01-15 23:23:49,654] {processor.py:153} INFO - Started process (PID=28740) to work on /mnt/c/Users/ander/Desktop/airflow-spark/airflow-spark/curso2/ambientepython/lib/python3.9/site-packages/airflow/example_dags/tutorial_taskflow_api_etl.py
[2025-01-15 23:23:49,655] {processor.py:641} INFO - Processing file /mnt/c/Users/ander/Desktop/airflow-spark/airflow-spark/curso2/ambientepython/lib/python3.9/site-packages/airflow/example_dags/tutorial_taskflow_api_etl.py for tasks to queue
[2025-01-15 23:23:49,656] {logging_mixin.py:115} INFO - [2025-01-15 23:23:49,655] {dagbag.py:507} INFO - Filling up the DagBag from /mnt/c/Users/ander/Desktop/airflow-spark/airflow-spark/curso2/ambientepython/lib/python3.9/site-packages/airflow/example_dags/tutorial_taskflow_api_etl.py
[2025-01-15 23:23:49,757] {processor.py:651} INFO - DAG(s) dict_keys(['tutorial_taskflow_api_etl']) retrieved from /mnt/c/Users/ander/Desktop/airflow-spark/airflow-spark/curso2/ambientepython/lib/python3.9/site-packages/airflow/example_dags/tutorial_taskflow_api_etl.py
[2025-01-15 23:23:49,843] {logging_mixin.py:115} INFO - [2025-01-15 23:23:49,843] {dag.py:2379} INFO - Sync 1 DAGs
[2025-01-15 23:23:49,867] {logging_mixin.py:115} INFO - [2025-01-15 23:23:49,867] {dag.py:2927} INFO - Setting next_dagrun for tutorial_taskflow_api_etl to None, run_after=None
[2025-01-15 23:23:49,914] {processor.py:161} INFO - Processing /mnt/c/Users/ander/Desktop/airflow-spark/airflow-spark/curso2/ambientepython/lib/python3.9/site-packages/airflow/example_dags/tutorial_taskflow_api_etl.py took 0.264 seconds
[2025-01-15 23:24:22,084] {processor.py:153} INFO - Started process (PID=28855) to work on /mnt/c/Users/ander/Desktop/airflow-spark/airflow-spark/curso2/ambientepython/lib/python3.9/site-packages/airflow/example_dags/tutorial_taskflow_api_etl.py
[2025-01-15 23:24:22,085] {processor.py:641} INFO - Processing file /mnt/c/Users/ander/Desktop/airflow-spark/airflow-spark/curso2/ambientepython/lib/python3.9/site-packages/airflow/example_dags/tutorial_taskflow_api_etl.py for tasks to queue
[2025-01-15 23:24:22,086] {logging_mixin.py:115} INFO - [2025-01-15 23:24:22,086] {dagbag.py:507} INFO - Filling up the DagBag from /mnt/c/Users/ander/Desktop/airflow-spark/airflow-spark/curso2/ambientepython/lib/python3.9/site-packages/airflow/example_dags/tutorial_taskflow_api_etl.py
[2025-01-15 23:24:22,211] {processor.py:651} INFO - DAG(s) dict_keys(['tutorial_taskflow_api_etl']) retrieved from /mnt/c/Users/ander/Desktop/airflow-spark/airflow-spark/curso2/ambientepython/lib/python3.9/site-packages/airflow/example_dags/tutorial_taskflow_api_etl.py
[2025-01-15 23:24:22,251] {logging_mixin.py:115} INFO - [2025-01-15 23:24:22,251] {dag.py:2379} INFO - Sync 1 DAGs
[2025-01-15 23:24:22,280] {logging_mixin.py:115} INFO - [2025-01-15 23:24:22,280] {dag.py:2927} INFO - Setting next_dagrun for tutorial_taskflow_api_etl to None, run_after=None
[2025-01-15 23:24:22,329] {processor.py:161} INFO - Processing /mnt/c/Users/ander/Desktop/airflow-spark/airflow-spark/curso2/ambientepython/lib/python3.9/site-packages/airflow/example_dags/tutorial_taskflow_api_etl.py took 0.249 seconds
[2025-01-15 23:25:07,106] {processor.py:153} INFO - Started process (PID=29016) to work on /mnt/c/Users/ander/Desktop/airflow-spark/airflow-spark/curso2/ambientepython/lib/python3.9/site-packages/airflow/example_dags/tutorial_taskflow_api_etl.py
[2025-01-15 23:25:07,108] {processor.py:641} INFO - Processing file /mnt/c/Users/ander/Desktop/airflow-spark/airflow-spark/curso2/ambientepython/lib/python3.9/site-packages/airflow/example_dags/tutorial_taskflow_api_etl.py for tasks to queue
[2025-01-15 23:25:07,109] {logging_mixin.py:115} INFO - [2025-01-15 23:25:07,109] {dagbag.py:507} INFO - Filling up the DagBag from /mnt/c/Users/ander/Desktop/airflow-spark/airflow-spark/curso2/ambientepython/lib/python3.9/site-packages/airflow/example_dags/tutorial_taskflow_api_etl.py
[2025-01-15 23:25:07,235] {processor.py:651} INFO - DAG(s) dict_keys(['tutorial_taskflow_api_etl']) retrieved from /mnt/c/Users/ander/Desktop/airflow-spark/airflow-spark/curso2/ambientepython/lib/python3.9/site-packages/airflow/example_dags/tutorial_taskflow_api_etl.py
[2025-01-15 23:25:07,281] {logging_mixin.py:115} INFO - [2025-01-15 23:25:07,281] {dag.py:2379} INFO - Sync 1 DAGs
[2025-01-15 23:25:07,310] {logging_mixin.py:115} INFO - [2025-01-15 23:25:07,310] {dag.py:2927} INFO - Setting next_dagrun for tutorial_taskflow_api_etl to None, run_after=None
[2025-01-15 23:25:07,359] {processor.py:161} INFO - Processing /mnt/c/Users/ander/Desktop/airflow-spark/airflow-spark/curso2/ambientepython/lib/python3.9/site-packages/airflow/example_dags/tutorial_taskflow_api_etl.py took 0.256 seconds
[2025-01-15 23:25:49,993] {processor.py:153} INFO - Started process (PID=29176) to work on /mnt/c/Users/ander/Desktop/airflow-spark/airflow-spark/curso2/ambientepython/lib/python3.9/site-packages/airflow/example_dags/tutorial_taskflow_api_etl.py
[2025-01-15 23:25:49,994] {processor.py:641} INFO - Processing file /mnt/c/Users/ander/Desktop/airflow-spark/airflow-spark/curso2/ambientepython/lib/python3.9/site-packages/airflow/example_dags/tutorial_taskflow_api_etl.py for tasks to queue
[2025-01-15 23:25:49,995] {logging_mixin.py:115} INFO - [2025-01-15 23:25:49,995] {dagbag.py:507} INFO - Filling up the DagBag from /mnt/c/Users/ander/Desktop/airflow-spark/airflow-spark/curso2/ambientepython/lib/python3.9/site-packages/airflow/example_dags/tutorial_taskflow_api_etl.py
[2025-01-15 23:25:50,124] {processor.py:651} INFO - DAG(s) dict_keys(['tutorial_taskflow_api_etl']) retrieved from /mnt/c/Users/ander/Desktop/airflow-spark/airflow-spark/curso2/ambientepython/lib/python3.9/site-packages/airflow/example_dags/tutorial_taskflow_api_etl.py
[2025-01-15 23:25:50,166] {logging_mixin.py:115} INFO - [2025-01-15 23:25:50,166] {dag.py:2379} INFO - Sync 1 DAGs
[2025-01-15 23:25:50,196] {logging_mixin.py:115} INFO - [2025-01-15 23:25:50,196] {dag.py:2927} INFO - Setting next_dagrun for tutorial_taskflow_api_etl to None, run_after=None
[2025-01-15 23:25:50,252] {processor.py:161} INFO - Processing /mnt/c/Users/ander/Desktop/airflow-spark/airflow-spark/curso2/ambientepython/lib/python3.9/site-packages/airflow/example_dags/tutorial_taskflow_api_etl.py took 0.263 seconds
[2025-01-15 23:26:32,273] {processor.py:153} INFO - Started process (PID=29331) to work on /mnt/c/Users/ander/Desktop/airflow-spark/airflow-spark/curso2/ambientepython/lib/python3.9/site-packages/airflow/example_dags/tutorial_taskflow_api_etl.py
[2025-01-15 23:26:32,274] {processor.py:641} INFO - Processing file /mnt/c/Users/ander/Desktop/airflow-spark/airflow-spark/curso2/ambientepython/lib/python3.9/site-packages/airflow/example_dags/tutorial_taskflow_api_etl.py for tasks to queue
[2025-01-15 23:26:32,275] {logging_mixin.py:115} INFO - [2025-01-15 23:26:32,275] {dagbag.py:507} INFO - Filling up the DagBag from /mnt/c/Users/ander/Desktop/airflow-spark/airflow-spark/curso2/ambientepython/lib/python3.9/site-packages/airflow/example_dags/tutorial_taskflow_api_etl.py
[2025-01-15 23:26:32,394] {processor.py:651} INFO - DAG(s) dict_keys(['tutorial_taskflow_api_etl']) retrieved from /mnt/c/Users/ander/Desktop/airflow-spark/airflow-spark/curso2/ambientepython/lib/python3.9/site-packages/airflow/example_dags/tutorial_taskflow_api_etl.py
[2025-01-15 23:26:32,435] {logging_mixin.py:115} INFO - [2025-01-15 23:26:32,435] {dag.py:2379} INFO - Sync 1 DAGs
[2025-01-15 23:26:32,467] {logging_mixin.py:115} INFO - [2025-01-15 23:26:32,467] {dag.py:2927} INFO - Setting next_dagrun for tutorial_taskflow_api_etl to None, run_after=None
[2025-01-15 23:26:32,523] {processor.py:161} INFO - Processing /mnt/c/Users/ander/Desktop/airflow-spark/airflow-spark/curso2/ambientepython/lib/python3.9/site-packages/airflow/example_dags/tutorial_taskflow_api_etl.py took 0.254 seconds
[2025-01-15 23:27:18,011] {processor.py:153} INFO - Started process (PID=29492) to work on /mnt/c/Users/ander/Desktop/airflow-spark/airflow-spark/curso2/ambientepython/lib/python3.9/site-packages/airflow/example_dags/tutorial_taskflow_api_etl.py
[2025-01-15 23:27:18,012] {processor.py:641} INFO - Processing file /mnt/c/Users/ander/Desktop/airflow-spark/airflow-spark/curso2/ambientepython/lib/python3.9/site-packages/airflow/example_dags/tutorial_taskflow_api_etl.py for tasks to queue
[2025-01-15 23:27:18,013] {logging_mixin.py:115} INFO - [2025-01-15 23:27:18,013] {dagbag.py:507} INFO - Filling up the DagBag from /mnt/c/Users/ander/Desktop/airflow-spark/airflow-spark/curso2/ambientepython/lib/python3.9/site-packages/airflow/example_dags/tutorial_taskflow_api_etl.py
[2025-01-15 23:27:18,140] {processor.py:651} INFO - DAG(s) dict_keys(['tutorial_taskflow_api_etl']) retrieved from /mnt/c/Users/ander/Desktop/airflow-spark/airflow-spark/curso2/ambientepython/lib/python3.9/site-packages/airflow/example_dags/tutorial_taskflow_api_etl.py
[2025-01-15 23:27:18,228] {logging_mixin.py:115} INFO - [2025-01-15 23:27:18,228] {dag.py:2379} INFO - Sync 1 DAGs
[2025-01-15 23:27:18,265] {logging_mixin.py:115} INFO - [2025-01-15 23:27:18,265] {dag.py:2927} INFO - Setting next_dagrun for tutorial_taskflow_api_etl to None, run_after=None
[2025-01-15 23:27:18,315] {processor.py:161} INFO - Processing /mnt/c/Users/ander/Desktop/airflow-spark/airflow-spark/curso2/ambientepython/lib/python3.9/site-packages/airflow/example_dags/tutorial_taskflow_api_etl.py took 0.308 seconds
[2025-01-15 23:27:54,203] {processor.py:153} INFO - Started process (PID=29671) to work on /mnt/c/Users/ander/Desktop/airflow-spark/airflow-spark/curso2/ambientepython/lib/python3.9/site-packages/airflow/example_dags/tutorial_taskflow_api_etl.py
[2025-01-15 23:27:54,205] {processor.py:641} INFO - Processing file /mnt/c/Users/ander/Desktop/airflow-spark/airflow-spark/curso2/ambientepython/lib/python3.9/site-packages/airflow/example_dags/tutorial_taskflow_api_etl.py for tasks to queue
[2025-01-15 23:27:54,207] {logging_mixin.py:115} INFO - [2025-01-15 23:27:54,207] {dagbag.py:507} INFO - Filling up the DagBag from /mnt/c/Users/ander/Desktop/airflow-spark/airflow-spark/curso2/ambientepython/lib/python3.9/site-packages/airflow/example_dags/tutorial_taskflow_api_etl.py
[2025-01-15 23:27:54,328] {processor.py:651} INFO - DAG(s) dict_keys(['tutorial_taskflow_api_etl']) retrieved from /mnt/c/Users/ander/Desktop/airflow-spark/airflow-spark/curso2/ambientepython/lib/python3.9/site-packages/airflow/example_dags/tutorial_taskflow_api_etl.py
[2025-01-15 23:27:54,365] {logging_mixin.py:115} INFO - [2025-01-15 23:27:54,365] {dag.py:2379} INFO - Sync 1 DAGs
[2025-01-15 23:27:54,400] {logging_mixin.py:115} INFO - [2025-01-15 23:27:54,399] {dag.py:2927} INFO - Setting next_dagrun for tutorial_taskflow_api_etl to None, run_after=None
[2025-01-15 23:27:54,452] {processor.py:161} INFO - Processing /mnt/c/Users/ander/Desktop/airflow-spark/airflow-spark/curso2/ambientepython/lib/python3.9/site-packages/airflow/example_dags/tutorial_taskflow_api_etl.py took 0.256 seconds
[2025-01-15 23:28:30,524] {processor.py:153} INFO - Started process (PID=29800) to work on /mnt/c/Users/ander/Desktop/airflow-spark/airflow-spark/curso2/ambientepython/lib/python3.9/site-packages/airflow/example_dags/tutorial_taskflow_api_etl.py
[2025-01-15 23:28:30,525] {processor.py:641} INFO - Processing file /mnt/c/Users/ander/Desktop/airflow-spark/airflow-spark/curso2/ambientepython/lib/python3.9/site-packages/airflow/example_dags/tutorial_taskflow_api_etl.py for tasks to queue
[2025-01-15 23:28:30,526] {logging_mixin.py:115} INFO - [2025-01-15 23:28:30,526] {dagbag.py:507} INFO - Filling up the DagBag from /mnt/c/Users/ander/Desktop/airflow-spark/airflow-spark/curso2/ambientepython/lib/python3.9/site-packages/airflow/example_dags/tutorial_taskflow_api_etl.py
[2025-01-15 23:28:30,661] {processor.py:651} INFO - DAG(s) dict_keys(['tutorial_taskflow_api_etl']) retrieved from /mnt/c/Users/ander/Desktop/airflow-spark/airflow-spark/curso2/ambientepython/lib/python3.9/site-packages/airflow/example_dags/tutorial_taskflow_api_etl.py
[2025-01-15 23:28:30,708] {logging_mixin.py:115} INFO - [2025-01-15 23:28:30,708] {dag.py:2379} INFO - Sync 1 DAGs
[2025-01-15 23:28:30,744] {logging_mixin.py:115} INFO - [2025-01-15 23:28:30,744] {dag.py:2927} INFO - Setting next_dagrun for tutorial_taskflow_api_etl to None, run_after=None
[2025-01-15 23:28:30,806] {processor.py:161} INFO - Processing /mnt/c/Users/ander/Desktop/airflow-spark/airflow-spark/curso2/ambientepython/lib/python3.9/site-packages/airflow/example_dags/tutorial_taskflow_api_etl.py took 0.285 seconds
[2025-01-15 23:29:05,213] {processor.py:153} INFO - Started process (PID=29924) to work on /mnt/c/Users/ander/Desktop/airflow-spark/airflow-spark/curso2/ambientepython/lib/python3.9/site-packages/airflow/example_dags/tutorial_taskflow_api_etl.py
[2025-01-15 23:29:05,214] {processor.py:641} INFO - Processing file /mnt/c/Users/ander/Desktop/airflow-spark/airflow-spark/curso2/ambientepython/lib/python3.9/site-packages/airflow/example_dags/tutorial_taskflow_api_etl.py for tasks to queue
[2025-01-15 23:29:05,216] {logging_mixin.py:115} INFO - [2025-01-15 23:29:05,215] {dagbag.py:507} INFO - Filling up the DagBag from /mnt/c/Users/ander/Desktop/airflow-spark/airflow-spark/curso2/ambientepython/lib/python3.9/site-packages/airflow/example_dags/tutorial_taskflow_api_etl.py
[2025-01-15 23:29:05,345] {processor.py:651} INFO - DAG(s) dict_keys(['tutorial_taskflow_api_etl']) retrieved from /mnt/c/Users/ander/Desktop/airflow-spark/airflow-spark/curso2/ambientepython/lib/python3.9/site-packages/airflow/example_dags/tutorial_taskflow_api_etl.py
[2025-01-15 23:29:05,391] {logging_mixin.py:115} INFO - [2025-01-15 23:29:05,391] {dag.py:2379} INFO - Sync 1 DAGs
[2025-01-15 23:29:05,424] {logging_mixin.py:115} INFO - [2025-01-15 23:29:05,424] {dag.py:2927} INFO - Setting next_dagrun for tutorial_taskflow_api_etl to None, run_after=None
[2025-01-15 23:29:05,474] {processor.py:161} INFO - Processing /mnt/c/Users/ander/Desktop/airflow-spark/airflow-spark/curso2/ambientepython/lib/python3.9/site-packages/airflow/example_dags/tutorial_taskflow_api_etl.py took 0.264 seconds
[2025-01-15 23:29:51,807] {processor.py:153} INFO - Started process (PID=30092) to work on /mnt/c/Users/ander/Desktop/airflow-spark/airflow-spark/curso2/ambientepython/lib/python3.9/site-packages/airflow/example_dags/tutorial_taskflow_api_etl.py
[2025-01-15 23:29:51,808] {processor.py:641} INFO - Processing file /mnt/c/Users/ander/Desktop/airflow-spark/airflow-spark/curso2/ambientepython/lib/python3.9/site-packages/airflow/example_dags/tutorial_taskflow_api_etl.py for tasks to queue
[2025-01-15 23:29:51,810] {logging_mixin.py:115} INFO - [2025-01-15 23:29:51,809] {dagbag.py:507} INFO - Filling up the DagBag from /mnt/c/Users/ander/Desktop/airflow-spark/airflow-spark/curso2/ambientepython/lib/python3.9/site-packages/airflow/example_dags/tutorial_taskflow_api_etl.py
[2025-01-15 23:29:51,940] {processor.py:651} INFO - DAG(s) dict_keys(['tutorial_taskflow_api_etl']) retrieved from /mnt/c/Users/ander/Desktop/airflow-spark/airflow-spark/curso2/ambientepython/lib/python3.9/site-packages/airflow/example_dags/tutorial_taskflow_api_etl.py
[2025-01-15 23:29:51,986] {logging_mixin.py:115} INFO - [2025-01-15 23:29:51,986] {dag.py:2379} INFO - Sync 1 DAGs
[2025-01-15 23:29:52,019] {logging_mixin.py:115} INFO - [2025-01-15 23:29:52,019] {dag.py:2927} INFO - Setting next_dagrun for tutorial_taskflow_api_etl to None, run_after=None
[2025-01-15 23:29:52,071] {processor.py:161} INFO - Processing /mnt/c/Users/ander/Desktop/airflow-spark/airflow-spark/curso2/ambientepython/lib/python3.9/site-packages/airflow/example_dags/tutorial_taskflow_api_etl.py took 0.269 seconds
[2025-01-15 23:30:40,864] {processor.py:153} INFO - Started process (PID=30421) to work on /mnt/c/Users/ander/Desktop/airflow-spark/airflow-spark/curso2/ambientepython/lib/python3.9/site-packages/airflow/example_dags/tutorial_taskflow_api_etl.py
[2025-01-15 23:30:40,867] {processor.py:641} INFO - Processing file /mnt/c/Users/ander/Desktop/airflow-spark/airflow-spark/curso2/ambientepython/lib/python3.9/site-packages/airflow/example_dags/tutorial_taskflow_api_etl.py for tasks to queue
[2025-01-15 23:30:40,868] {logging_mixin.py:115} INFO - [2025-01-15 23:30:40,868] {dagbag.py:507} INFO - Filling up the DagBag from /mnt/c/Users/ander/Desktop/airflow-spark/airflow-spark/curso2/ambientepython/lib/python3.9/site-packages/airflow/example_dags/tutorial_taskflow_api_etl.py
[2025-01-15 23:30:40,997] {processor.py:651} INFO - DAG(s) dict_keys(['tutorial_taskflow_api_etl']) retrieved from /mnt/c/Users/ander/Desktop/airflow-spark/airflow-spark/curso2/ambientepython/lib/python3.9/site-packages/airflow/example_dags/tutorial_taskflow_api_etl.py
[2025-01-15 23:30:41,041] {logging_mixin.py:115} INFO - [2025-01-15 23:30:41,041] {dag.py:2379} INFO - Sync 1 DAGs
[2025-01-15 23:30:41,075] {logging_mixin.py:115} INFO - [2025-01-15 23:30:41,074] {dag.py:2927} INFO - Setting next_dagrun for tutorial_taskflow_api_etl to None, run_after=None
[2025-01-15 23:30:41,132] {processor.py:161} INFO - Processing /mnt/c/Users/ander/Desktop/airflow-spark/airflow-spark/curso2/ambientepython/lib/python3.9/site-packages/airflow/example_dags/tutorial_taskflow_api_etl.py took 0.273 seconds
[2025-01-15 23:32:28,426] {processor.py:153} INFO - Started process (PID=31835) to work on /mnt/c/Users/ander/Desktop/airflow-spark/airflow-spark/curso2/ambientepython/lib/python3.9/site-packages/airflow/example_dags/tutorial_taskflow_api_etl.py
[2025-01-15 23:32:28,427] {processor.py:641} INFO - Processing file /mnt/c/Users/ander/Desktop/airflow-spark/airflow-spark/curso2/ambientepython/lib/python3.9/site-packages/airflow/example_dags/tutorial_taskflow_api_etl.py for tasks to queue
[2025-01-15 23:32:28,428] {logging_mixin.py:115} INFO - [2025-01-15 23:32:28,428] {dagbag.py:507} INFO - Filling up the DagBag from /mnt/c/Users/ander/Desktop/airflow-spark/airflow-spark/curso2/ambientepython/lib/python3.9/site-packages/airflow/example_dags/tutorial_taskflow_api_etl.py
[2025-01-15 23:32:28,543] {processor.py:651} INFO - DAG(s) dict_keys(['tutorial_taskflow_api_etl']) retrieved from /mnt/c/Users/ander/Desktop/airflow-spark/airflow-spark/curso2/ambientepython/lib/python3.9/site-packages/airflow/example_dags/tutorial_taskflow_api_etl.py
[2025-01-15 23:32:28,624] {logging_mixin.py:115} INFO - [2025-01-15 23:32:28,624] {dag.py:2379} INFO - Sync 1 DAGs
[2025-01-15 23:32:28,650] {logging_mixin.py:115} INFO - [2025-01-15 23:32:28,650] {dag.py:2927} INFO - Setting next_dagrun for tutorial_taskflow_api_etl to None, run_after=None
[2025-01-15 23:32:28,697] {processor.py:161} INFO - Processing /mnt/c/Users/ander/Desktop/airflow-spark/airflow-spark/curso2/ambientepython/lib/python3.9/site-packages/airflow/example_dags/tutorial_taskflow_api_etl.py took 0.276 seconds
[2025-01-15 23:33:08,869] {processor.py:153} INFO - Started process (PID=32034) to work on /mnt/c/Users/ander/Desktop/airflow-spark/airflow-spark/curso2/ambientepython/lib/python3.9/site-packages/airflow/example_dags/tutorial_taskflow_api_etl.py
[2025-01-15 23:33:08,870] {processor.py:641} INFO - Processing file /mnt/c/Users/ander/Desktop/airflow-spark/airflow-spark/curso2/ambientepython/lib/python3.9/site-packages/airflow/example_dags/tutorial_taskflow_api_etl.py for tasks to queue
[2025-01-15 23:33:08,871] {logging_mixin.py:115} INFO - [2025-01-15 23:33:08,871] {dagbag.py:507} INFO - Filling up the DagBag from /mnt/c/Users/ander/Desktop/airflow-spark/airflow-spark/curso2/ambientepython/lib/python3.9/site-packages/airflow/example_dags/tutorial_taskflow_api_etl.py
[2025-01-15 23:33:08,998] {processor.py:651} INFO - DAG(s) dict_keys(['tutorial_taskflow_api_etl']) retrieved from /mnt/c/Users/ander/Desktop/airflow-spark/airflow-spark/curso2/ambientepython/lib/python3.9/site-packages/airflow/example_dags/tutorial_taskflow_api_etl.py
[2025-01-15 23:33:09,083] {logging_mixin.py:115} INFO - [2025-01-15 23:33:09,083] {dag.py:2379} INFO - Sync 1 DAGs
[2025-01-15 23:33:09,109] {logging_mixin.py:115} INFO - [2025-01-15 23:33:09,108] {dag.py:2927} INFO - Setting next_dagrun for tutorial_taskflow_api_etl to None, run_after=None
[2025-01-15 23:33:09,161] {processor.py:161} INFO - Processing /mnt/c/Users/ander/Desktop/airflow-spark/airflow-spark/curso2/ambientepython/lib/python3.9/site-packages/airflow/example_dags/tutorial_taskflow_api_etl.py took 0.296 seconds
[2025-01-15 23:33:53,030] {processor.py:153} INFO - Started process (PID=32194) to work on /mnt/c/Users/ander/Desktop/airflow-spark/airflow-spark/curso2/ambientepython/lib/python3.9/site-packages/airflow/example_dags/tutorial_taskflow_api_etl.py
[2025-01-15 23:33:53,032] {processor.py:641} INFO - Processing file /mnt/c/Users/ander/Desktop/airflow-spark/airflow-spark/curso2/ambientepython/lib/python3.9/site-packages/airflow/example_dags/tutorial_taskflow_api_etl.py for tasks to queue
[2025-01-15 23:33:53,033] {logging_mixin.py:115} INFO - [2025-01-15 23:33:53,033] {dagbag.py:507} INFO - Filling up the DagBag from /mnt/c/Users/ander/Desktop/airflow-spark/airflow-spark/curso2/ambientepython/lib/python3.9/site-packages/airflow/example_dags/tutorial_taskflow_api_etl.py
[2025-01-15 23:33:53,156] {processor.py:651} INFO - DAG(s) dict_keys(['tutorial_taskflow_api_etl']) retrieved from /mnt/c/Users/ander/Desktop/airflow-spark/airflow-spark/curso2/ambientepython/lib/python3.9/site-packages/airflow/example_dags/tutorial_taskflow_api_etl.py
[2025-01-15 23:33:53,192] {logging_mixin.py:115} INFO - [2025-01-15 23:33:53,192] {dag.py:2379} INFO - Sync 1 DAGs
[2025-01-15 23:33:53,227] {logging_mixin.py:115} INFO - [2025-01-15 23:33:53,227] {dag.py:2927} INFO - Setting next_dagrun for tutorial_taskflow_api_etl to None, run_after=None
[2025-01-15 23:33:53,278] {processor.py:161} INFO - Processing /mnt/c/Users/ander/Desktop/airflow-spark/airflow-spark/curso2/ambientepython/lib/python3.9/site-packages/airflow/example_dags/tutorial_taskflow_api_etl.py took 0.252 seconds
[2025-01-15 23:34:27,692] {processor.py:153} INFO - Started process (PID=32316) to work on /mnt/c/Users/ander/Desktop/airflow-spark/airflow-spark/curso2/ambientepython/lib/python3.9/site-packages/airflow/example_dags/tutorial_taskflow_api_etl.py
[2025-01-15 23:34:27,693] {processor.py:641} INFO - Processing file /mnt/c/Users/ander/Desktop/airflow-spark/airflow-spark/curso2/ambientepython/lib/python3.9/site-packages/airflow/example_dags/tutorial_taskflow_api_etl.py for tasks to queue
[2025-01-15 23:34:27,694] {logging_mixin.py:115} INFO - [2025-01-15 23:34:27,694] {dagbag.py:507} INFO - Filling up the DagBag from /mnt/c/Users/ander/Desktop/airflow-spark/airflow-spark/curso2/ambientepython/lib/python3.9/site-packages/airflow/example_dags/tutorial_taskflow_api_etl.py
[2025-01-15 23:34:27,840] {processor.py:651} INFO - DAG(s) dict_keys(['tutorial_taskflow_api_etl']) retrieved from /mnt/c/Users/ander/Desktop/airflow-spark/airflow-spark/curso2/ambientepython/lib/python3.9/site-packages/airflow/example_dags/tutorial_taskflow_api_etl.py
[2025-01-15 23:34:27,882] {logging_mixin.py:115} INFO - [2025-01-15 23:34:27,882] {dag.py:2379} INFO - Sync 1 DAGs
[2025-01-15 23:34:27,916] {logging_mixin.py:115} INFO - [2025-01-15 23:34:27,916] {dag.py:2927} INFO - Setting next_dagrun for tutorial_taskflow_api_etl to None, run_after=None
[2025-01-15 23:34:27,968] {processor.py:161} INFO - Processing /mnt/c/Users/ander/Desktop/airflow-spark/airflow-spark/curso2/ambientepython/lib/python3.9/site-packages/airflow/example_dags/tutorial_taskflow_api_etl.py took 0.280 seconds
[2025-01-15 23:35:08,971] {processor.py:153} INFO - Started process (PID=32470) to work on /mnt/c/Users/ander/Desktop/airflow-spark/airflow-spark/curso2/ambientepython/lib/python3.9/site-packages/airflow/example_dags/tutorial_taskflow_api_etl.py
[2025-01-15 23:35:08,972] {processor.py:641} INFO - Processing file /mnt/c/Users/ander/Desktop/airflow-spark/airflow-spark/curso2/ambientepython/lib/python3.9/site-packages/airflow/example_dags/tutorial_taskflow_api_etl.py for tasks to queue
[2025-01-15 23:35:08,973] {logging_mixin.py:115} INFO - [2025-01-15 23:35:08,973] {dagbag.py:507} INFO - Filling up the DagBag from /mnt/c/Users/ander/Desktop/airflow-spark/airflow-spark/curso2/ambientepython/lib/python3.9/site-packages/airflow/example_dags/tutorial_taskflow_api_etl.py
[2025-01-15 23:35:09,088] {processor.py:651} INFO - DAG(s) dict_keys(['tutorial_taskflow_api_etl']) retrieved from /mnt/c/Users/ander/Desktop/airflow-spark/airflow-spark/curso2/ambientepython/lib/python3.9/site-packages/airflow/example_dags/tutorial_taskflow_api_etl.py
[2025-01-15 23:35:09,179] {logging_mixin.py:115} INFO - [2025-01-15 23:35:09,178] {dag.py:2379} INFO - Sync 1 DAGs
[2025-01-15 23:35:09,209] {logging_mixin.py:115} INFO - [2025-01-15 23:35:09,209] {dag.py:2927} INFO - Setting next_dagrun for tutorial_taskflow_api_etl to None, run_after=None
[2025-01-15 23:35:09,256] {processor.py:161} INFO - Processing /mnt/c/Users/ander/Desktop/airflow-spark/airflow-spark/curso2/ambientepython/lib/python3.9/site-packages/airflow/example_dags/tutorial_taskflow_api_etl.py took 0.290 seconds
[2025-01-15 23:35:56,577] {processor.py:153} INFO - Started process (PID=32637) to work on /mnt/c/Users/ander/Desktop/airflow-spark/airflow-spark/curso2/ambientepython/lib/python3.9/site-packages/airflow/example_dags/tutorial_taskflow_api_etl.py
[2025-01-15 23:35:56,580] {processor.py:641} INFO - Processing file /mnt/c/Users/ander/Desktop/airflow-spark/airflow-spark/curso2/ambientepython/lib/python3.9/site-packages/airflow/example_dags/tutorial_taskflow_api_etl.py for tasks to queue
[2025-01-15 23:35:56,582] {logging_mixin.py:115} INFO - [2025-01-15 23:35:56,582] {dagbag.py:507} INFO - Filling up the DagBag from /mnt/c/Users/ander/Desktop/airflow-spark/airflow-spark/curso2/ambientepython/lib/python3.9/site-packages/airflow/example_dags/tutorial_taskflow_api_etl.py
[2025-01-15 23:35:56,722] {processor.py:651} INFO - DAG(s) dict_keys(['tutorial_taskflow_api_etl']) retrieved from /mnt/c/Users/ander/Desktop/airflow-spark/airflow-spark/curso2/ambientepython/lib/python3.9/site-packages/airflow/example_dags/tutorial_taskflow_api_etl.py
[2025-01-15 23:35:56,818] {logging_mixin.py:115} INFO - [2025-01-15 23:35:56,818] {dag.py:2379} INFO - Sync 1 DAGs
[2025-01-15 23:35:56,845] {logging_mixin.py:115} INFO - [2025-01-15 23:35:56,845] {dag.py:2927} INFO - Setting next_dagrun for tutorial_taskflow_api_etl to None, run_after=None
[2025-01-15 23:35:56,903] {processor.py:161} INFO - Processing /mnt/c/Users/ander/Desktop/airflow-spark/airflow-spark/curso2/ambientepython/lib/python3.9/site-packages/airflow/example_dags/tutorial_taskflow_api_etl.py took 0.330 seconds
[2025-01-15 23:36:33,138] {processor.py:153} INFO - Started process (PID=32765) to work on /mnt/c/Users/ander/Desktop/airflow-spark/airflow-spark/curso2/ambientepython/lib/python3.9/site-packages/airflow/example_dags/tutorial_taskflow_api_etl.py
[2025-01-15 23:36:33,139] {processor.py:641} INFO - Processing file /mnt/c/Users/ander/Desktop/airflow-spark/airflow-spark/curso2/ambientepython/lib/python3.9/site-packages/airflow/example_dags/tutorial_taskflow_api_etl.py for tasks to queue
[2025-01-15 23:36:33,140] {logging_mixin.py:115} INFO - [2025-01-15 23:36:33,140] {dagbag.py:507} INFO - Filling up the DagBag from /mnt/c/Users/ander/Desktop/airflow-spark/airflow-spark/curso2/ambientepython/lib/python3.9/site-packages/airflow/example_dags/tutorial_taskflow_api_etl.py
[2025-01-15 23:36:33,267] {processor.py:651} INFO - DAG(s) dict_keys(['tutorial_taskflow_api_etl']) retrieved from /mnt/c/Users/ander/Desktop/airflow-spark/airflow-spark/curso2/ambientepython/lib/python3.9/site-packages/airflow/example_dags/tutorial_taskflow_api_etl.py
[2025-01-15 23:36:33,357] {logging_mixin.py:115} INFO - [2025-01-15 23:36:33,357] {dag.py:2379} INFO - Sync 1 DAGs
[2025-01-15 23:36:33,390] {logging_mixin.py:115} INFO - [2025-01-15 23:36:33,390] {dag.py:2927} INFO - Setting next_dagrun for tutorial_taskflow_api_etl to None, run_after=None
[2025-01-15 23:36:33,453] {processor.py:161} INFO - Processing /mnt/c/Users/ander/Desktop/airflow-spark/airflow-spark/curso2/ambientepython/lib/python3.9/site-packages/airflow/example_dags/tutorial_taskflow_api_etl.py took 0.318 seconds
[2025-01-15 23:37:13,945] {processor.py:153} INFO - Started process (PID=32907) to work on /mnt/c/Users/ander/Desktop/airflow-spark/airflow-spark/curso2/ambientepython/lib/python3.9/site-packages/airflow/example_dags/tutorial_taskflow_api_etl.py
[2025-01-15 23:37:13,946] {processor.py:641} INFO - Processing file /mnt/c/Users/ander/Desktop/airflow-spark/airflow-spark/curso2/ambientepython/lib/python3.9/site-packages/airflow/example_dags/tutorial_taskflow_api_etl.py for tasks to queue
[2025-01-15 23:37:13,947] {logging_mixin.py:115} INFO - [2025-01-15 23:37:13,947] {dagbag.py:507} INFO - Filling up the DagBag from /mnt/c/Users/ander/Desktop/airflow-spark/airflow-spark/curso2/ambientepython/lib/python3.9/site-packages/airflow/example_dags/tutorial_taskflow_api_etl.py
[2025-01-15 23:37:14,082] {processor.py:651} INFO - DAG(s) dict_keys(['tutorial_taskflow_api_etl']) retrieved from /mnt/c/Users/ander/Desktop/airflow-spark/airflow-spark/curso2/ambientepython/lib/python3.9/site-packages/airflow/example_dags/tutorial_taskflow_api_etl.py
[2025-01-15 23:37:14,169] {logging_mixin.py:115} INFO - [2025-01-15 23:37:14,169] {dag.py:2379} INFO - Sync 1 DAGs
[2025-01-15 23:37:14,199] {logging_mixin.py:115} INFO - [2025-01-15 23:37:14,199] {dag.py:2927} INFO - Setting next_dagrun for tutorial_taskflow_api_etl to None, run_after=None
[2025-01-15 23:37:14,255] {processor.py:161} INFO - Processing /mnt/c/Users/ander/Desktop/airflow-spark/airflow-spark/curso2/ambientepython/lib/python3.9/site-packages/airflow/example_dags/tutorial_taskflow_api_etl.py took 0.314 seconds
[2025-01-15 23:37:52,910] {processor.py:153} INFO - Started process (PID=33103) to work on /mnt/c/Users/ander/Desktop/airflow-spark/airflow-spark/curso2/ambientepython/lib/python3.9/site-packages/airflow/example_dags/tutorial_taskflow_api_etl.py
[2025-01-15 23:37:52,911] {processor.py:641} INFO - Processing file /mnt/c/Users/ander/Desktop/airflow-spark/airflow-spark/curso2/ambientepython/lib/python3.9/site-packages/airflow/example_dags/tutorial_taskflow_api_etl.py for tasks to queue
[2025-01-15 23:37:52,912] {logging_mixin.py:115} INFO - [2025-01-15 23:37:52,912] {dagbag.py:507} INFO - Filling up the DagBag from /mnt/c/Users/ander/Desktop/airflow-spark/airflow-spark/curso2/ambientepython/lib/python3.9/site-packages/airflow/example_dags/tutorial_taskflow_api_etl.py
[2025-01-15 23:37:53,049] {processor.py:651} INFO - DAG(s) dict_keys(['tutorial_taskflow_api_etl']) retrieved from /mnt/c/Users/ander/Desktop/airflow-spark/airflow-spark/curso2/ambientepython/lib/python3.9/site-packages/airflow/example_dags/tutorial_taskflow_api_etl.py
[2025-01-15 23:37:53,093] {logging_mixin.py:115} INFO - [2025-01-15 23:37:53,093] {dag.py:2379} INFO - Sync 1 DAGs
[2025-01-15 23:37:53,129] {logging_mixin.py:115} INFO - [2025-01-15 23:37:53,129] {dag.py:2927} INFO - Setting next_dagrun for tutorial_taskflow_api_etl to None, run_after=None
[2025-01-15 23:37:53,175] {processor.py:161} INFO - Processing /mnt/c/Users/ander/Desktop/airflow-spark/airflow-spark/curso2/ambientepython/lib/python3.9/site-packages/airflow/example_dags/tutorial_taskflow_api_etl.py took 0.269 seconds
[2025-01-15 23:38:25,377] {processor.py:153} INFO - Started process (PID=33217) to work on /mnt/c/Users/ander/Desktop/airflow-spark/airflow-spark/curso2/ambientepython/lib/python3.9/site-packages/airflow/example_dags/tutorial_taskflow_api_etl.py
[2025-01-15 23:38:25,379] {processor.py:641} INFO - Processing file /mnt/c/Users/ander/Desktop/airflow-spark/airflow-spark/curso2/ambientepython/lib/python3.9/site-packages/airflow/example_dags/tutorial_taskflow_api_etl.py for tasks to queue
[2025-01-15 23:38:25,380] {logging_mixin.py:115} INFO - [2025-01-15 23:38:25,380] {dagbag.py:507} INFO - Filling up the DagBag from /mnt/c/Users/ander/Desktop/airflow-spark/airflow-spark/curso2/ambientepython/lib/python3.9/site-packages/airflow/example_dags/tutorial_taskflow_api_etl.py
[2025-01-15 23:38:25,539] {processor.py:651} INFO - DAG(s) dict_keys(['tutorial_taskflow_api_etl']) retrieved from /mnt/c/Users/ander/Desktop/airflow-spark/airflow-spark/curso2/ambientepython/lib/python3.9/site-packages/airflow/example_dags/tutorial_taskflow_api_etl.py
[2025-01-15 23:38:25,587] {logging_mixin.py:115} INFO - [2025-01-15 23:38:25,587] {dag.py:2379} INFO - Sync 1 DAGs
[2025-01-15 23:38:25,624] {logging_mixin.py:115} INFO - [2025-01-15 23:38:25,624] {dag.py:2927} INFO - Setting next_dagrun for tutorial_taskflow_api_etl to None, run_after=None
[2025-01-15 23:38:25,691] {processor.py:161} INFO - Processing /mnt/c/Users/ander/Desktop/airflow-spark/airflow-spark/curso2/ambientepython/lib/python3.9/site-packages/airflow/example_dags/tutorial_taskflow_api_etl.py took 0.319 seconds
[2025-01-15 23:38:58,103] {processor.py:153} INFO - Started process (PID=33334) to work on /mnt/c/Users/ander/Desktop/airflow-spark/airflow-spark/curso2/ambientepython/lib/python3.9/site-packages/airflow/example_dags/tutorial_taskflow_api_etl.py
[2025-01-15 23:38:58,106] {processor.py:641} INFO - Processing file /mnt/c/Users/ander/Desktop/airflow-spark/airflow-spark/curso2/ambientepython/lib/python3.9/site-packages/airflow/example_dags/tutorial_taskflow_api_etl.py for tasks to queue
[2025-01-15 23:38:58,108] {logging_mixin.py:115} INFO - [2025-01-15 23:38:58,108] {dagbag.py:507} INFO - Filling up the DagBag from /mnt/c/Users/ander/Desktop/airflow-spark/airflow-spark/curso2/ambientepython/lib/python3.9/site-packages/airflow/example_dags/tutorial_taskflow_api_etl.py
[2025-01-15 23:38:58,252] {processor.py:651} INFO - DAG(s) dict_keys(['tutorial_taskflow_api_etl']) retrieved from /mnt/c/Users/ander/Desktop/airflow-spark/airflow-spark/curso2/ambientepython/lib/python3.9/site-packages/airflow/example_dags/tutorial_taskflow_api_etl.py
[2025-01-15 23:38:58,300] {logging_mixin.py:115} INFO - [2025-01-15 23:38:58,300] {dag.py:2379} INFO - Sync 1 DAGs
[2025-01-15 23:38:58,340] {logging_mixin.py:115} INFO - [2025-01-15 23:38:58,339] {dag.py:2927} INFO - Setting next_dagrun for tutorial_taskflow_api_etl to None, run_after=None
[2025-01-15 23:38:58,408] {processor.py:161} INFO - Processing /mnt/c/Users/ander/Desktop/airflow-spark/airflow-spark/curso2/ambientepython/lib/python3.9/site-packages/airflow/example_dags/tutorial_taskflow_api_etl.py took 0.312 seconds
[2025-01-15 23:39:45,150] {processor.py:153} INFO - Started process (PID=33501) to work on /mnt/c/Users/ander/Desktop/airflow-spark/airflow-spark/curso2/ambientepython/lib/python3.9/site-packages/airflow/example_dags/tutorial_taskflow_api_etl.py
[2025-01-15 23:39:45,151] {processor.py:641} INFO - Processing file /mnt/c/Users/ander/Desktop/airflow-spark/airflow-spark/curso2/ambientepython/lib/python3.9/site-packages/airflow/example_dags/tutorial_taskflow_api_etl.py for tasks to queue
[2025-01-15 23:39:45,152] {logging_mixin.py:115} INFO - [2025-01-15 23:39:45,152] {dagbag.py:507} INFO - Filling up the DagBag from /mnt/c/Users/ander/Desktop/airflow-spark/airflow-spark/curso2/ambientepython/lib/python3.9/site-packages/airflow/example_dags/tutorial_taskflow_api_etl.py
[2025-01-15 23:39:45,357] {processor.py:651} INFO - DAG(s) dict_keys(['tutorial_taskflow_api_etl']) retrieved from /mnt/c/Users/ander/Desktop/airflow-spark/airflow-spark/curso2/ambientepython/lib/python3.9/site-packages/airflow/example_dags/tutorial_taskflow_api_etl.py
[2025-01-15 23:39:45,409] {logging_mixin.py:115} INFO - [2025-01-15 23:39:45,409] {dag.py:2379} INFO - Sync 1 DAGs
[2025-01-15 23:39:45,446] {logging_mixin.py:115} INFO - [2025-01-15 23:39:45,446] {dag.py:2927} INFO - Setting next_dagrun for tutorial_taskflow_api_etl to None, run_after=None
[2025-01-15 23:39:45,500] {processor.py:161} INFO - Processing /mnt/c/Users/ander/Desktop/airflow-spark/airflow-spark/curso2/ambientepython/lib/python3.9/site-packages/airflow/example_dags/tutorial_taskflow_api_etl.py took 0.354 seconds
[2025-01-15 23:40:22,533] {processor.py:153} INFO - Started process (PID=33636) to work on /mnt/c/Users/ander/Desktop/airflow-spark/airflow-spark/curso2/ambientepython/lib/python3.9/site-packages/airflow/example_dags/tutorial_taskflow_api_etl.py
[2025-01-15 23:40:22,534] {processor.py:641} INFO - Processing file /mnt/c/Users/ander/Desktop/airflow-spark/airflow-spark/curso2/ambientepython/lib/python3.9/site-packages/airflow/example_dags/tutorial_taskflow_api_etl.py for tasks to queue
[2025-01-15 23:40:22,536] {logging_mixin.py:115} INFO - [2025-01-15 23:40:22,536] {dagbag.py:507} INFO - Filling up the DagBag from /mnt/c/Users/ander/Desktop/airflow-spark/airflow-spark/curso2/ambientepython/lib/python3.9/site-packages/airflow/example_dags/tutorial_taskflow_api_etl.py
[2025-01-15 23:40:22,722] {processor.py:651} INFO - DAG(s) dict_keys(['tutorial_taskflow_api_etl']) retrieved from /mnt/c/Users/ander/Desktop/airflow-spark/airflow-spark/curso2/ambientepython/lib/python3.9/site-packages/airflow/example_dags/tutorial_taskflow_api_etl.py
[2025-01-15 23:40:22,772] {logging_mixin.py:115} INFO - [2025-01-15 23:40:22,771] {dag.py:2379} INFO - Sync 1 DAGs
[2025-01-15 23:40:22,810] {logging_mixin.py:115} INFO - [2025-01-15 23:40:22,810] {dag.py:2927} INFO - Setting next_dagrun for tutorial_taskflow_api_etl to None, run_after=None
[2025-01-15 23:40:22,867] {processor.py:161} INFO - Processing /mnt/c/Users/ander/Desktop/airflow-spark/airflow-spark/curso2/ambientepython/lib/python3.9/site-packages/airflow/example_dags/tutorial_taskflow_api_etl.py took 0.341 seconds
[2025-01-15 23:40:58,063] {processor.py:153} INFO - Started process (PID=33759) to work on /mnt/c/Users/ander/Desktop/airflow-spark/airflow-spark/curso2/ambientepython/lib/python3.9/site-packages/airflow/example_dags/tutorial_taskflow_api_etl.py
[2025-01-15 23:40:58,064] {processor.py:641} INFO - Processing file /mnt/c/Users/ander/Desktop/airflow-spark/airflow-spark/curso2/ambientepython/lib/python3.9/site-packages/airflow/example_dags/tutorial_taskflow_api_etl.py for tasks to queue
[2025-01-15 23:40:58,065] {logging_mixin.py:115} INFO - [2025-01-15 23:40:58,065] {dagbag.py:507} INFO - Filling up the DagBag from /mnt/c/Users/ander/Desktop/airflow-spark/airflow-spark/curso2/ambientepython/lib/python3.9/site-packages/airflow/example_dags/tutorial_taskflow_api_etl.py
[2025-01-15 23:40:58,222] {processor.py:651} INFO - DAG(s) dict_keys(['tutorial_taskflow_api_etl']) retrieved from /mnt/c/Users/ander/Desktop/airflow-spark/airflow-spark/curso2/ambientepython/lib/python3.9/site-packages/airflow/example_dags/tutorial_taskflow_api_etl.py
[2025-01-15 23:40:58,265] {logging_mixin.py:115} INFO - [2025-01-15 23:40:58,265] {dag.py:2379} INFO - Sync 1 DAGs
[2025-01-15 23:40:58,303] {logging_mixin.py:115} INFO - [2025-01-15 23:40:58,303] {dag.py:2927} INFO - Setting next_dagrun for tutorial_taskflow_api_etl to None, run_after=None
[2025-01-15 23:40:58,384] {processor.py:161} INFO - Processing /mnt/c/Users/ander/Desktop/airflow-spark/airflow-spark/curso2/ambientepython/lib/python3.9/site-packages/airflow/example_dags/tutorial_taskflow_api_etl.py took 0.326 seconds
[2025-01-15 23:41:31,299] {processor.py:153} INFO - Started process (PID=33880) to work on /mnt/c/Users/ander/Desktop/airflow-spark/airflow-spark/curso2/ambientepython/lib/python3.9/site-packages/airflow/example_dags/tutorial_taskflow_api_etl.py
[2025-01-15 23:41:31,300] {processor.py:641} INFO - Processing file /mnt/c/Users/ander/Desktop/airflow-spark/airflow-spark/curso2/ambientepython/lib/python3.9/site-packages/airflow/example_dags/tutorial_taskflow_api_etl.py for tasks to queue
[2025-01-15 23:41:31,301] {logging_mixin.py:115} INFO - [2025-01-15 23:41:31,301] {dagbag.py:507} INFO - Filling up the DagBag from /mnt/c/Users/ander/Desktop/airflow-spark/airflow-spark/curso2/ambientepython/lib/python3.9/site-packages/airflow/example_dags/tutorial_taskflow_api_etl.py
[2025-01-15 23:41:31,463] {processor.py:651} INFO - DAG(s) dict_keys(['tutorial_taskflow_api_etl']) retrieved from /mnt/c/Users/ander/Desktop/airflow-spark/airflow-spark/curso2/ambientepython/lib/python3.9/site-packages/airflow/example_dags/tutorial_taskflow_api_etl.py
[2025-01-15 23:41:31,511] {logging_mixin.py:115} INFO - [2025-01-15 23:41:31,511] {dag.py:2379} INFO - Sync 1 DAGs
[2025-01-15 23:41:31,549] {logging_mixin.py:115} INFO - [2025-01-15 23:41:31,549] {dag.py:2927} INFO - Setting next_dagrun for tutorial_taskflow_api_etl to None, run_after=None
[2025-01-15 23:41:31,601] {processor.py:161} INFO - Processing /mnt/c/Users/ander/Desktop/airflow-spark/airflow-spark/curso2/ambientepython/lib/python3.9/site-packages/airflow/example_dags/tutorial_taskflow_api_etl.py took 0.307 seconds
[2025-01-15 23:42:04,980] {processor.py:153} INFO - Started process (PID=34002) to work on /mnt/c/Users/ander/Desktop/airflow-spark/airflow-spark/curso2/ambientepython/lib/python3.9/site-packages/airflow/example_dags/tutorial_taskflow_api_etl.py
[2025-01-15 23:42:04,982] {processor.py:641} INFO - Processing file /mnt/c/Users/ander/Desktop/airflow-spark/airflow-spark/curso2/ambientepython/lib/python3.9/site-packages/airflow/example_dags/tutorial_taskflow_api_etl.py for tasks to queue
[2025-01-15 23:42:04,983] {logging_mixin.py:115} INFO - [2025-01-15 23:42:04,983] {dagbag.py:507} INFO - Filling up the DagBag from /mnt/c/Users/ander/Desktop/airflow-spark/airflow-spark/curso2/ambientepython/lib/python3.9/site-packages/airflow/example_dags/tutorial_taskflow_api_etl.py
[2025-01-15 23:42:05,136] {processor.py:651} INFO - DAG(s) dict_keys(['tutorial_taskflow_api_etl']) retrieved from /mnt/c/Users/ander/Desktop/airflow-spark/airflow-spark/curso2/ambientepython/lib/python3.9/site-packages/airflow/example_dags/tutorial_taskflow_api_etl.py
[2025-01-15 23:42:05,180] {logging_mixin.py:115} INFO - [2025-01-15 23:42:05,180] {dag.py:2379} INFO - Sync 1 DAGs
[2025-01-15 23:42:05,217] {logging_mixin.py:115} INFO - [2025-01-15 23:42:05,216] {dag.py:2927} INFO - Setting next_dagrun for tutorial_taskflow_api_etl to None, run_after=None
[2025-01-15 23:42:05,277] {processor.py:161} INFO - Processing /mnt/c/Users/ander/Desktop/airflow-spark/airflow-spark/curso2/ambientepython/lib/python3.9/site-packages/airflow/example_dags/tutorial_taskflow_api_etl.py took 0.300 seconds
[2025-01-15 23:42:37,856] {processor.py:153} INFO - Started process (PID=34117) to work on /mnt/c/Users/ander/Desktop/airflow-spark/airflow-spark/curso2/ambientepython/lib/python3.9/site-packages/airflow/example_dags/tutorial_taskflow_api_etl.py
[2025-01-15 23:42:37,857] {processor.py:641} INFO - Processing file /mnt/c/Users/ander/Desktop/airflow-spark/airflow-spark/curso2/ambientepython/lib/python3.9/site-packages/airflow/example_dags/tutorial_taskflow_api_etl.py for tasks to queue
[2025-01-15 23:42:37,858] {logging_mixin.py:115} INFO - [2025-01-15 23:42:37,857] {dagbag.py:507} INFO - Filling up the DagBag from /mnt/c/Users/ander/Desktop/airflow-spark/airflow-spark/curso2/ambientepython/lib/python3.9/site-packages/airflow/example_dags/tutorial_taskflow_api_etl.py
[2025-01-15 23:42:37,957] {processor.py:651} INFO - DAG(s) dict_keys(['tutorial_taskflow_api_etl']) retrieved from /mnt/c/Users/ander/Desktop/airflow-spark/airflow-spark/curso2/ambientepython/lib/python3.9/site-packages/airflow/example_dags/tutorial_taskflow_api_etl.py
[2025-01-15 23:42:38,038] {logging_mixin.py:115} INFO - [2025-01-15 23:42:38,038] {dag.py:2379} INFO - Sync 1 DAGs
[2025-01-15 23:42:38,066] {logging_mixin.py:115} INFO - [2025-01-15 23:42:38,066] {dag.py:2927} INFO - Setting next_dagrun for tutorial_taskflow_api_etl to None, run_after=None
[2025-01-15 23:42:38,100] {processor.py:161} INFO - Processing /mnt/c/Users/ander/Desktop/airflow-spark/airflow-spark/curso2/ambientepython/lib/python3.9/site-packages/airflow/example_dags/tutorial_taskflow_api_etl.py took 0.248 seconds
[2025-01-15 23:43:19,996] {processor.py:153} INFO - Started process (PID=34324) to work on /mnt/c/Users/ander/Desktop/airflow-spark/airflow-spark/curso2/ambientepython/lib/python3.9/site-packages/airflow/example_dags/tutorial_taskflow_api_etl.py
[2025-01-15 23:43:19,997] {processor.py:641} INFO - Processing file /mnt/c/Users/ander/Desktop/airflow-spark/airflow-spark/curso2/ambientepython/lib/python3.9/site-packages/airflow/example_dags/tutorial_taskflow_api_etl.py for tasks to queue
[2025-01-15 23:43:19,998] {logging_mixin.py:115} INFO - [2025-01-15 23:43:19,998] {dagbag.py:507} INFO - Filling up the DagBag from /mnt/c/Users/ander/Desktop/airflow-spark/airflow-spark/curso2/ambientepython/lib/python3.9/site-packages/airflow/example_dags/tutorial_taskflow_api_etl.py
[2025-01-15 23:43:20,131] {processor.py:651} INFO - DAG(s) dict_keys(['tutorial_taskflow_api_etl']) retrieved from /mnt/c/Users/ander/Desktop/airflow-spark/airflow-spark/curso2/ambientepython/lib/python3.9/site-packages/airflow/example_dags/tutorial_taskflow_api_etl.py
[2025-01-15 23:43:20,170] {logging_mixin.py:115} INFO - [2025-01-15 23:43:20,169] {dag.py:2379} INFO - Sync 1 DAGs
[2025-01-15 23:43:20,203] {logging_mixin.py:115} INFO - [2025-01-15 23:43:20,203] {dag.py:2927} INFO - Setting next_dagrun for tutorial_taskflow_api_etl to None, run_after=None
[2025-01-15 23:43:20,258] {processor.py:161} INFO - Processing /mnt/c/Users/ander/Desktop/airflow-spark/airflow-spark/curso2/ambientepython/lib/python3.9/site-packages/airflow/example_dags/tutorial_taskflow_api_etl.py took 0.265 seconds
[2025-01-15 23:43:53,889] {processor.py:153} INFO - Started process (PID=34445) to work on /mnt/c/Users/ander/Desktop/airflow-spark/airflow-spark/curso2/ambientepython/lib/python3.9/site-packages/airflow/example_dags/tutorial_taskflow_api_etl.py
[2025-01-15 23:43:53,891] {processor.py:641} INFO - Processing file /mnt/c/Users/ander/Desktop/airflow-spark/airflow-spark/curso2/ambientepython/lib/python3.9/site-packages/airflow/example_dags/tutorial_taskflow_api_etl.py for tasks to queue
[2025-01-15 23:43:53,892] {logging_mixin.py:115} INFO - [2025-01-15 23:43:53,891] {dagbag.py:507} INFO - Filling up the DagBag from /mnt/c/Users/ander/Desktop/airflow-spark/airflow-spark/curso2/ambientepython/lib/python3.9/site-packages/airflow/example_dags/tutorial_taskflow_api_etl.py
[2025-01-15 23:43:54,026] {processor.py:651} INFO - DAG(s) dict_keys(['tutorial_taskflow_api_etl']) retrieved from /mnt/c/Users/ander/Desktop/airflow-spark/airflow-spark/curso2/ambientepython/lib/python3.9/site-packages/airflow/example_dags/tutorial_taskflow_api_etl.py
[2025-01-15 23:43:54,068] {logging_mixin.py:115} INFO - [2025-01-15 23:43:54,068] {dag.py:2379} INFO - Sync 1 DAGs
[2025-01-15 23:43:54,101] {logging_mixin.py:115} INFO - [2025-01-15 23:43:54,101] {dag.py:2927} INFO - Setting next_dagrun for tutorial_taskflow_api_etl to None, run_after=None
[2025-01-15 23:43:54,149] {processor.py:161} INFO - Processing /mnt/c/Users/ander/Desktop/airflow-spark/airflow-spark/curso2/ambientepython/lib/python3.9/site-packages/airflow/example_dags/tutorial_taskflow_api_etl.py took 0.263 seconds
[2025-01-15 23:44:31,078] {processor.py:153} INFO - Started process (PID=34581) to work on /mnt/c/Users/ander/Desktop/airflow-spark/airflow-spark/curso2/ambientepython/lib/python3.9/site-packages/airflow/example_dags/tutorial_taskflow_api_etl.py
[2025-01-15 23:44:31,079] {processor.py:641} INFO - Processing file /mnt/c/Users/ander/Desktop/airflow-spark/airflow-spark/curso2/ambientepython/lib/python3.9/site-packages/airflow/example_dags/tutorial_taskflow_api_etl.py for tasks to queue
[2025-01-15 23:44:31,081] {logging_mixin.py:115} INFO - [2025-01-15 23:44:31,081] {dagbag.py:507} INFO - Filling up the DagBag from /mnt/c/Users/ander/Desktop/airflow-spark/airflow-spark/curso2/ambientepython/lib/python3.9/site-packages/airflow/example_dags/tutorial_taskflow_api_etl.py
[2025-01-15 23:44:31,219] {processor.py:651} INFO - DAG(s) dict_keys(['tutorial_taskflow_api_etl']) retrieved from /mnt/c/Users/ander/Desktop/airflow-spark/airflow-spark/curso2/ambientepython/lib/python3.9/site-packages/airflow/example_dags/tutorial_taskflow_api_etl.py
[2025-01-15 23:44:31,262] {logging_mixin.py:115} INFO - [2025-01-15 23:44:31,262] {dag.py:2379} INFO - Sync 1 DAGs
[2025-01-15 23:44:31,297] {logging_mixin.py:115} INFO - [2025-01-15 23:44:31,297] {dag.py:2927} INFO - Setting next_dagrun for tutorial_taskflow_api_etl to None, run_after=None
[2025-01-15 23:44:31,360] {processor.py:161} INFO - Processing /mnt/c/Users/ander/Desktop/airflow-spark/airflow-spark/curso2/ambientepython/lib/python3.9/site-packages/airflow/example_dags/tutorial_taskflow_api_etl.py took 0.288 seconds
[2025-01-15 23:45:08,084] {processor.py:153} INFO - Started process (PID=34711) to work on /mnt/c/Users/ander/Desktop/airflow-spark/airflow-spark/curso2/ambientepython/lib/python3.9/site-packages/airflow/example_dags/tutorial_taskflow_api_etl.py
[2025-01-15 23:45:08,085] {processor.py:641} INFO - Processing file /mnt/c/Users/ander/Desktop/airflow-spark/airflow-spark/curso2/ambientepython/lib/python3.9/site-packages/airflow/example_dags/tutorial_taskflow_api_etl.py for tasks to queue
[2025-01-15 23:45:08,086] {logging_mixin.py:115} INFO - [2025-01-15 23:45:08,086] {dagbag.py:507} INFO - Filling up the DagBag from /mnt/c/Users/ander/Desktop/airflow-spark/airflow-spark/curso2/ambientepython/lib/python3.9/site-packages/airflow/example_dags/tutorial_taskflow_api_etl.py
[2025-01-15 23:45:08,210] {processor.py:651} INFO - DAG(s) dict_keys(['tutorial_taskflow_api_etl']) retrieved from /mnt/c/Users/ander/Desktop/airflow-spark/airflow-spark/curso2/ambientepython/lib/python3.9/site-packages/airflow/example_dags/tutorial_taskflow_api_etl.py
[2025-01-15 23:45:08,250] {logging_mixin.py:115} INFO - [2025-01-15 23:45:08,250] {dag.py:2379} INFO - Sync 1 DAGs
[2025-01-15 23:45:08,282] {logging_mixin.py:115} INFO - [2025-01-15 23:45:08,282] {dag.py:2927} INFO - Setting next_dagrun for tutorial_taskflow_api_etl to None, run_after=None
[2025-01-15 23:45:08,331] {processor.py:161} INFO - Processing /mnt/c/Users/ander/Desktop/airflow-spark/airflow-spark/curso2/ambientepython/lib/python3.9/site-packages/airflow/example_dags/tutorial_taskflow_api_etl.py took 0.251 seconds
[2025-01-15 23:45:52,620] {processor.py:153} INFO - Started process (PID=34872) to work on /mnt/c/Users/ander/Desktop/airflow-spark/airflow-spark/curso2/ambientepython/lib/python3.9/site-packages/airflow/example_dags/tutorial_taskflow_api_etl.py
[2025-01-15 23:45:52,621] {processor.py:641} INFO - Processing file /mnt/c/Users/ander/Desktop/airflow-spark/airflow-spark/curso2/ambientepython/lib/python3.9/site-packages/airflow/example_dags/tutorial_taskflow_api_etl.py for tasks to queue
[2025-01-15 23:45:52,622] {logging_mixin.py:115} INFO - [2025-01-15 23:45:52,622] {dagbag.py:507} INFO - Filling up the DagBag from /mnt/c/Users/ander/Desktop/airflow-spark/airflow-spark/curso2/ambientepython/lib/python3.9/site-packages/airflow/example_dags/tutorial_taskflow_api_etl.py
[2025-01-15 23:45:52,739] {processor.py:651} INFO - DAG(s) dict_keys(['tutorial_taskflow_api_etl']) retrieved from /mnt/c/Users/ander/Desktop/airflow-spark/airflow-spark/curso2/ambientepython/lib/python3.9/site-packages/airflow/example_dags/tutorial_taskflow_api_etl.py
[2025-01-15 23:45:52,778] {logging_mixin.py:115} INFO - [2025-01-15 23:45:52,777] {dag.py:2379} INFO - Sync 1 DAGs
[2025-01-15 23:45:52,861] {logging_mixin.py:115} INFO - [2025-01-15 23:45:52,861] {dag.py:2927} INFO - Setting next_dagrun for tutorial_taskflow_api_etl to None, run_after=None
[2025-01-15 23:45:52,925] {processor.py:161} INFO - Processing /mnt/c/Users/ander/Desktop/airflow-spark/airflow-spark/curso2/ambientepython/lib/python3.9/site-packages/airflow/example_dags/tutorial_taskflow_api_etl.py took 0.310 seconds
[2025-01-15 23:46:25,154] {processor.py:153} INFO - Started process (PID=34993) to work on /mnt/c/Users/ander/Desktop/airflow-spark/airflow-spark/curso2/ambientepython/lib/python3.9/site-packages/airflow/example_dags/tutorial_taskflow_api_etl.py
[2025-01-15 23:46:25,155] {processor.py:641} INFO - Processing file /mnt/c/Users/ander/Desktop/airflow-spark/airflow-spark/curso2/ambientepython/lib/python3.9/site-packages/airflow/example_dags/tutorial_taskflow_api_etl.py for tasks to queue
[2025-01-15 23:46:25,156] {logging_mixin.py:115} INFO - [2025-01-15 23:46:25,156] {dagbag.py:507} INFO - Filling up the DagBag from /mnt/c/Users/ander/Desktop/airflow-spark/airflow-spark/curso2/ambientepython/lib/python3.9/site-packages/airflow/example_dags/tutorial_taskflow_api_etl.py
[2025-01-15 23:46:25,288] {processor.py:651} INFO - DAG(s) dict_keys(['tutorial_taskflow_api_etl']) retrieved from /mnt/c/Users/ander/Desktop/airflow-spark/airflow-spark/curso2/ambientepython/lib/python3.9/site-packages/airflow/example_dags/tutorial_taskflow_api_etl.py
[2025-01-15 23:46:25,329] {logging_mixin.py:115} INFO - [2025-01-15 23:46:25,329] {dag.py:2379} INFO - Sync 1 DAGs
[2025-01-15 23:46:25,359] {logging_mixin.py:115} INFO - [2025-01-15 23:46:25,359] {dag.py:2927} INFO - Setting next_dagrun for tutorial_taskflow_api_etl to None, run_after=None
[2025-01-15 23:46:25,404] {processor.py:161} INFO - Processing /mnt/c/Users/ander/Desktop/airflow-spark/airflow-spark/curso2/ambientepython/lib/python3.9/site-packages/airflow/example_dags/tutorial_taskflow_api_etl.py took 0.254 seconds
[2025-01-15 23:47:06,728] {processor.py:153} INFO - Started process (PID=35141) to work on /mnt/c/Users/ander/Desktop/airflow-spark/airflow-spark/curso2/ambientepython/lib/python3.9/site-packages/airflow/example_dags/tutorial_taskflow_api_etl.py
[2025-01-15 23:47:06,729] {processor.py:641} INFO - Processing file /mnt/c/Users/ander/Desktop/airflow-spark/airflow-spark/curso2/ambientepython/lib/python3.9/site-packages/airflow/example_dags/tutorial_taskflow_api_etl.py for tasks to queue
[2025-01-15 23:47:06,730] {logging_mixin.py:115} INFO - [2025-01-15 23:47:06,730] {dagbag.py:507} INFO - Filling up the DagBag from /mnt/c/Users/ander/Desktop/airflow-spark/airflow-spark/curso2/ambientepython/lib/python3.9/site-packages/airflow/example_dags/tutorial_taskflow_api_etl.py
[2025-01-15 23:47:06,847] {processor.py:651} INFO - DAG(s) dict_keys(['tutorial_taskflow_api_etl']) retrieved from /mnt/c/Users/ander/Desktop/airflow-spark/airflow-spark/curso2/ambientepython/lib/python3.9/site-packages/airflow/example_dags/tutorial_taskflow_api_etl.py
[2025-01-15 23:47:06,888] {logging_mixin.py:115} INFO - [2025-01-15 23:47:06,888] {dag.py:2379} INFO - Sync 1 DAGs
[2025-01-15 23:47:06,920] {logging_mixin.py:115} INFO - [2025-01-15 23:47:06,920] {dag.py:2927} INFO - Setting next_dagrun for tutorial_taskflow_api_etl to None, run_after=None
[2025-01-15 23:47:06,967] {processor.py:161} INFO - Processing /mnt/c/Users/ander/Desktop/airflow-spark/airflow-spark/curso2/ambientepython/lib/python3.9/site-packages/airflow/example_dags/tutorial_taskflow_api_etl.py took 0.243 seconds
[2025-01-15 23:47:52,421] {processor.py:153} INFO - Started process (PID=35360) to work on /mnt/c/Users/ander/Desktop/airflow-spark/airflow-spark/curso2/ambientepython/lib/python3.9/site-packages/airflow/example_dags/tutorial_taskflow_api_etl.py
[2025-01-15 23:47:52,422] {processor.py:641} INFO - Processing file /mnt/c/Users/ander/Desktop/airflow-spark/airflow-spark/curso2/ambientepython/lib/python3.9/site-packages/airflow/example_dags/tutorial_taskflow_api_etl.py for tasks to queue
[2025-01-15 23:47:52,423] {logging_mixin.py:115} INFO - [2025-01-15 23:47:52,423] {dagbag.py:507} INFO - Filling up the DagBag from /mnt/c/Users/ander/Desktop/airflow-spark/airflow-spark/curso2/ambientepython/lib/python3.9/site-packages/airflow/example_dags/tutorial_taskflow_api_etl.py
[2025-01-15 23:47:52,512] {processor.py:651} INFO - DAG(s) dict_keys(['tutorial_taskflow_api_etl']) retrieved from /mnt/c/Users/ander/Desktop/airflow-spark/airflow-spark/curso2/ambientepython/lib/python3.9/site-packages/airflow/example_dags/tutorial_taskflow_api_etl.py
[2025-01-15 23:47:52,583] {logging_mixin.py:115} INFO - [2025-01-15 23:47:52,583] {dag.py:2379} INFO - Sync 1 DAGs
[2025-01-15 23:47:52,607] {logging_mixin.py:115} INFO - [2025-01-15 23:47:52,607] {dag.py:2927} INFO - Setting next_dagrun for tutorial_taskflow_api_etl to None, run_after=None
[2025-01-15 23:47:52,646] {processor.py:161} INFO - Processing /mnt/c/Users/ander/Desktop/airflow-spark/airflow-spark/curso2/ambientepython/lib/python3.9/site-packages/airflow/example_dags/tutorial_taskflow_api_etl.py took 0.229 seconds
[2025-01-15 23:48:36,495] {processor.py:153} INFO - Started process (PID=35520) to work on /mnt/c/Users/ander/Desktop/airflow-spark/airflow-spark/curso2/ambientepython/lib/python3.9/site-packages/airflow/example_dags/tutorial_taskflow_api_etl.py
[2025-01-15 23:48:36,496] {processor.py:641} INFO - Processing file /mnt/c/Users/ander/Desktop/airflow-spark/airflow-spark/curso2/ambientepython/lib/python3.9/site-packages/airflow/example_dags/tutorial_taskflow_api_etl.py for tasks to queue
[2025-01-15 23:48:36,497] {logging_mixin.py:115} INFO - [2025-01-15 23:48:36,497] {dagbag.py:507} INFO - Filling up the DagBag from /mnt/c/Users/ander/Desktop/airflow-spark/airflow-spark/curso2/ambientepython/lib/python3.9/site-packages/airflow/example_dags/tutorial_taskflow_api_etl.py
[2025-01-15 23:48:36,620] {processor.py:651} INFO - DAG(s) dict_keys(['tutorial_taskflow_api_etl']) retrieved from /mnt/c/Users/ander/Desktop/airflow-spark/airflow-spark/curso2/ambientepython/lib/python3.9/site-packages/airflow/example_dags/tutorial_taskflow_api_etl.py
[2025-01-15 23:48:36,660] {logging_mixin.py:115} INFO - [2025-01-15 23:48:36,660] {dag.py:2379} INFO - Sync 1 DAGs
[2025-01-15 23:48:36,692] {logging_mixin.py:115} INFO - [2025-01-15 23:48:36,692] {dag.py:2927} INFO - Setting next_dagrun for tutorial_taskflow_api_etl to None, run_after=None
[2025-01-15 23:48:36,737] {processor.py:161} INFO - Processing /mnt/c/Users/ander/Desktop/airflow-spark/airflow-spark/curso2/ambientepython/lib/python3.9/site-packages/airflow/example_dags/tutorial_taskflow_api_etl.py took 0.246 seconds
[2025-01-15 23:49:22,968] {processor.py:153} INFO - Started process (PID=35689) to work on /mnt/c/Users/ander/Desktop/airflow-spark/airflow-spark/curso2/ambientepython/lib/python3.9/site-packages/airflow/example_dags/tutorial_taskflow_api_etl.py
[2025-01-15 23:49:22,972] {processor.py:641} INFO - Processing file /mnt/c/Users/ander/Desktop/airflow-spark/airflow-spark/curso2/ambientepython/lib/python3.9/site-packages/airflow/example_dags/tutorial_taskflow_api_etl.py for tasks to queue
[2025-01-15 23:49:22,974] {logging_mixin.py:115} INFO - [2025-01-15 23:49:22,974] {dagbag.py:507} INFO - Filling up the DagBag from /mnt/c/Users/ander/Desktop/airflow-spark/airflow-spark/curso2/ambientepython/lib/python3.9/site-packages/airflow/example_dags/tutorial_taskflow_api_etl.py
[2025-01-15 23:49:23,152] {processor.py:651} INFO - DAG(s) dict_keys(['tutorial_taskflow_api_etl']) retrieved from /mnt/c/Users/ander/Desktop/airflow-spark/airflow-spark/curso2/ambientepython/lib/python3.9/site-packages/airflow/example_dags/tutorial_taskflow_api_etl.py
[2025-01-15 23:49:23,201] {logging_mixin.py:115} INFO - [2025-01-15 23:49:23,201] {dag.py:2379} INFO - Sync 1 DAGs
[2025-01-15 23:49:23,243] {logging_mixin.py:115} INFO - [2025-01-15 23:49:23,243] {dag.py:2927} INFO - Setting next_dagrun for tutorial_taskflow_api_etl to None, run_after=None
[2025-01-15 23:49:23,294] {processor.py:161} INFO - Processing /mnt/c/Users/ander/Desktop/airflow-spark/airflow-spark/curso2/ambientepython/lib/python3.9/site-packages/airflow/example_dags/tutorial_taskflow_api_etl.py took 0.330 seconds
[2025-01-15 23:50:07,911] {processor.py:153} INFO - Started process (PID=35850) to work on /mnt/c/Users/ander/Desktop/airflow-spark/airflow-spark/curso2/ambientepython/lib/python3.9/site-packages/airflow/example_dags/tutorial_taskflow_api_etl.py
[2025-01-15 23:50:07,913] {processor.py:641} INFO - Processing file /mnt/c/Users/ander/Desktop/airflow-spark/airflow-spark/curso2/ambientepython/lib/python3.9/site-packages/airflow/example_dags/tutorial_taskflow_api_etl.py for tasks to queue
[2025-01-15 23:50:07,914] {logging_mixin.py:115} INFO - [2025-01-15 23:50:07,913] {dagbag.py:507} INFO - Filling up the DagBag from /mnt/c/Users/ander/Desktop/airflow-spark/airflow-spark/curso2/ambientepython/lib/python3.9/site-packages/airflow/example_dags/tutorial_taskflow_api_etl.py
[2025-01-15 23:50:08,041] {processor.py:651} INFO - DAG(s) dict_keys(['tutorial_taskflow_api_etl']) retrieved from /mnt/c/Users/ander/Desktop/airflow-spark/airflow-spark/curso2/ambientepython/lib/python3.9/site-packages/airflow/example_dags/tutorial_taskflow_api_etl.py
[2025-01-15 23:50:08,082] {logging_mixin.py:115} INFO - [2025-01-15 23:50:08,082] {dag.py:2379} INFO - Sync 1 DAGs
[2025-01-15 23:50:08,114] {logging_mixin.py:115} INFO - [2025-01-15 23:50:08,114] {dag.py:2927} INFO - Setting next_dagrun for tutorial_taskflow_api_etl to None, run_after=None
[2025-01-15 23:50:08,166] {processor.py:161} INFO - Processing /mnt/c/Users/ander/Desktop/airflow-spark/airflow-spark/curso2/ambientepython/lib/python3.9/site-packages/airflow/example_dags/tutorial_taskflow_api_etl.py took 0.259 seconds
[2025-01-15 23:50:40,243] {processor.py:153} INFO - Started process (PID=35965) to work on /mnt/c/Users/ander/Desktop/airflow-spark/airflow-spark/curso2/ambientepython/lib/python3.9/site-packages/airflow/example_dags/tutorial_taskflow_api_etl.py
[2025-01-15 23:50:40,244] {processor.py:641} INFO - Processing file /mnt/c/Users/ander/Desktop/airflow-spark/airflow-spark/curso2/ambientepython/lib/python3.9/site-packages/airflow/example_dags/tutorial_taskflow_api_etl.py for tasks to queue
[2025-01-15 23:50:40,246] {logging_mixin.py:115} INFO - [2025-01-15 23:50:40,246] {dagbag.py:507} INFO - Filling up the DagBag from /mnt/c/Users/ander/Desktop/airflow-spark/airflow-spark/curso2/ambientepython/lib/python3.9/site-packages/airflow/example_dags/tutorial_taskflow_api_etl.py
[2025-01-15 23:50:40,362] {processor.py:651} INFO - DAG(s) dict_keys(['tutorial_taskflow_api_etl']) retrieved from /mnt/c/Users/ander/Desktop/airflow-spark/airflow-spark/curso2/ambientepython/lib/python3.9/site-packages/airflow/example_dags/tutorial_taskflow_api_etl.py
[2025-01-15 23:50:40,403] {logging_mixin.py:115} INFO - [2025-01-15 23:50:40,403] {dag.py:2379} INFO - Sync 1 DAGs
[2025-01-15 23:50:40,434] {logging_mixin.py:115} INFO - [2025-01-15 23:50:40,434] {dag.py:2927} INFO - Setting next_dagrun for tutorial_taskflow_api_etl to None, run_after=None
[2025-01-15 23:50:40,481] {processor.py:161} INFO - Processing /mnt/c/Users/ander/Desktop/airflow-spark/airflow-spark/curso2/ambientepython/lib/python3.9/site-packages/airflow/example_dags/tutorial_taskflow_api_etl.py took 0.242 seconds
[2025-01-15 23:51:13,198] {processor.py:153} INFO - Started process (PID=36086) to work on /mnt/c/Users/ander/Desktop/airflow-spark/airflow-spark/curso2/ambientepython/lib/python3.9/site-packages/airflow/example_dags/tutorial_taskflow_api_etl.py
[2025-01-15 23:51:13,200] {processor.py:641} INFO - Processing file /mnt/c/Users/ander/Desktop/airflow-spark/airflow-spark/curso2/ambientepython/lib/python3.9/site-packages/airflow/example_dags/tutorial_taskflow_api_etl.py for tasks to queue
[2025-01-15 23:51:13,201] {logging_mixin.py:115} INFO - [2025-01-15 23:51:13,201] {dagbag.py:507} INFO - Filling up the DagBag from /mnt/c/Users/ander/Desktop/airflow-spark/airflow-spark/curso2/ambientepython/lib/python3.9/site-packages/airflow/example_dags/tutorial_taskflow_api_etl.py
[2025-01-15 23:51:13,333] {processor.py:651} INFO - DAG(s) dict_keys(['tutorial_taskflow_api_etl']) retrieved from /mnt/c/Users/ander/Desktop/airflow-spark/airflow-spark/curso2/ambientepython/lib/python3.9/site-packages/airflow/example_dags/tutorial_taskflow_api_etl.py
[2025-01-15 23:51:13,374] {logging_mixin.py:115} INFO - [2025-01-15 23:51:13,374] {dag.py:2379} INFO - Sync 1 DAGs
[2025-01-15 23:51:13,405] {logging_mixin.py:115} INFO - [2025-01-15 23:51:13,405] {dag.py:2927} INFO - Setting next_dagrun for tutorial_taskflow_api_etl to None, run_after=None
[2025-01-15 23:51:13,451] {processor.py:161} INFO - Processing /mnt/c/Users/ander/Desktop/airflow-spark/airflow-spark/curso2/ambientepython/lib/python3.9/site-packages/airflow/example_dags/tutorial_taskflow_api_etl.py took 0.257 seconds
[2025-01-15 23:52:01,890] {processor.py:153} INFO - Started process (PID=36261) to work on /mnt/c/Users/ander/Desktop/airflow-spark/airflow-spark/curso2/ambientepython/lib/python3.9/site-packages/airflow/example_dags/tutorial_taskflow_api_etl.py
[2025-01-15 23:52:01,891] {processor.py:641} INFO - Processing file /mnt/c/Users/ander/Desktop/airflow-spark/airflow-spark/curso2/ambientepython/lib/python3.9/site-packages/airflow/example_dags/tutorial_taskflow_api_etl.py for tasks to queue
[2025-01-15 23:52:01,892] {logging_mixin.py:115} INFO - [2025-01-15 23:52:01,892] {dagbag.py:507} INFO - Filling up the DagBag from /mnt/c/Users/ander/Desktop/airflow-spark/airflow-spark/curso2/ambientepython/lib/python3.9/site-packages/airflow/example_dags/tutorial_taskflow_api_etl.py
[2025-01-15 23:52:02,026] {processor.py:651} INFO - DAG(s) dict_keys(['tutorial_taskflow_api_etl']) retrieved from /mnt/c/Users/ander/Desktop/airflow-spark/airflow-spark/curso2/ambientepython/lib/python3.9/site-packages/airflow/example_dags/tutorial_taskflow_api_etl.py
[2025-01-15 23:52:02,075] {logging_mixin.py:115} INFO - [2025-01-15 23:52:02,075] {dag.py:2379} INFO - Sync 1 DAGs
[2025-01-15 23:52:02,118] {logging_mixin.py:115} INFO - [2025-01-15 23:52:02,117] {dag.py:2927} INFO - Setting next_dagrun for tutorial_taskflow_api_etl to None, run_after=None
[2025-01-15 23:52:02,177] {processor.py:161} INFO - Processing /mnt/c/Users/ander/Desktop/airflow-spark/airflow-spark/curso2/ambientepython/lib/python3.9/site-packages/airflow/example_dags/tutorial_taskflow_api_etl.py took 0.291 seconds
[2025-01-15 23:52:39,106] {processor.py:153} INFO - Started process (PID=36390) to work on /mnt/c/Users/ander/Desktop/airflow-spark/airflow-spark/curso2/ambientepython/lib/python3.9/site-packages/airflow/example_dags/tutorial_taskflow_api_etl.py
[2025-01-15 23:52:39,111] {processor.py:641} INFO - Processing file /mnt/c/Users/ander/Desktop/airflow-spark/airflow-spark/curso2/ambientepython/lib/python3.9/site-packages/airflow/example_dags/tutorial_taskflow_api_etl.py for tasks to queue
[2025-01-15 23:52:39,117] {logging_mixin.py:115} INFO - [2025-01-15 23:52:39,116] {dagbag.py:507} INFO - Filling up the DagBag from /mnt/c/Users/ander/Desktop/airflow-spark/airflow-spark/curso2/ambientepython/lib/python3.9/site-packages/airflow/example_dags/tutorial_taskflow_api_etl.py
[2025-01-15 23:52:39,558] {processor.py:651} INFO - DAG(s) dict_keys(['tutorial_taskflow_api_etl']) retrieved from /mnt/c/Users/ander/Desktop/airflow-spark/airflow-spark/curso2/ambientepython/lib/python3.9/site-packages/airflow/example_dags/tutorial_taskflow_api_etl.py
[2025-01-15 23:52:39,708] {logging_mixin.py:115} INFO - [2025-01-15 23:52:39,707] {dag.py:2379} INFO - Sync 1 DAGs
[2025-01-15 23:52:39,744] {logging_mixin.py:115} INFO - [2025-01-15 23:52:39,744] {dag.py:2927} INFO - Setting next_dagrun for tutorial_taskflow_api_etl to None, run_after=None
[2025-01-15 23:52:39,799] {processor.py:161} INFO - Processing /mnt/c/Users/ander/Desktop/airflow-spark/airflow-spark/curso2/ambientepython/lib/python3.9/site-packages/airflow/example_dags/tutorial_taskflow_api_etl.py took 0.697 seconds
[2025-01-15 23:53:13,886] {processor.py:153} INFO - Started process (PID=36569) to work on /mnt/c/Users/ander/Desktop/airflow-spark/airflow-spark/curso2/ambientepython/lib/python3.9/site-packages/airflow/example_dags/tutorial_taskflow_api_etl.py
[2025-01-15 23:53:13,887] {processor.py:641} INFO - Processing file /mnt/c/Users/ander/Desktop/airflow-spark/airflow-spark/curso2/ambientepython/lib/python3.9/site-packages/airflow/example_dags/tutorial_taskflow_api_etl.py for tasks to queue
[2025-01-15 23:53:13,888] {logging_mixin.py:115} INFO - [2025-01-15 23:53:13,888] {dagbag.py:507} INFO - Filling up the DagBag from /mnt/c/Users/ander/Desktop/airflow-spark/airflow-spark/curso2/ambientepython/lib/python3.9/site-packages/airflow/example_dags/tutorial_taskflow_api_etl.py
[2025-01-15 23:53:14,018] {processor.py:651} INFO - DAG(s) dict_keys(['tutorial_taskflow_api_etl']) retrieved from /mnt/c/Users/ander/Desktop/airflow-spark/airflow-spark/curso2/ambientepython/lib/python3.9/site-packages/airflow/example_dags/tutorial_taskflow_api_etl.py
[2025-01-15 23:53:14,135] {logging_mixin.py:115} INFO - [2025-01-15 23:53:14,135] {dag.py:2379} INFO - Sync 1 DAGs
[2025-01-15 23:53:14,168] {logging_mixin.py:115} INFO - [2025-01-15 23:53:14,168] {dag.py:2927} INFO - Setting next_dagrun for tutorial_taskflow_api_etl to None, run_after=None
[2025-01-15 23:53:14,223] {processor.py:161} INFO - Processing /mnt/c/Users/ander/Desktop/airflow-spark/airflow-spark/curso2/ambientepython/lib/python3.9/site-packages/airflow/example_dags/tutorial_taskflow_api_etl.py took 0.341 seconds
