[2025-01-15 23:12:10,366] {processor.py:153} INFO - Started process (PID=25026) to work on /mnt/c/Users/ander/Desktop/airflow-spark/airflow-spark/curso2/ambientepython/lib/python3.9/site-packages/airflow/example_dags/tutorial_etl_dag.py
[2025-01-15 23:12:10,368] {processor.py:641} INFO - Processing file /mnt/c/Users/ander/Desktop/airflow-spark/airflow-spark/curso2/ambientepython/lib/python3.9/site-packages/airflow/example_dags/tutorial_etl_dag.py for tasks to queue
[2025-01-15 23:12:10,368] {logging_mixin.py:115} INFO - [2025-01-15 23:12:10,368] {dagbag.py:507} INFO - Filling up the DagBag from /mnt/c/Users/ander/Desktop/airflow-spark/airflow-spark/curso2/ambientepython/lib/python3.9/site-packages/airflow/example_dags/tutorial_etl_dag.py
[2025-01-15 23:12:10,415] {processor.py:651} INFO - DAG(s) dict_keys(['tutorial_etl_dag']) retrieved from /mnt/c/Users/ander/Desktop/airflow-spark/airflow-spark/curso2/ambientepython/lib/python3.9/site-packages/airflow/example_dags/tutorial_etl_dag.py
[2025-01-15 23:12:10,621] {logging_mixin.py:115} INFO - [2025-01-15 23:12:10,621] {manager.py:508} INFO - Created Permission View: can edit on DAG:tutorial_etl_dag
[2025-01-15 23:12:10,660] {logging_mixin.py:115} INFO - [2025-01-15 23:12:10,660] {manager.py:508} INFO - Created Permission View: can delete on DAG:tutorial_etl_dag
[2025-01-15 23:12:10,712] {logging_mixin.py:115} INFO - [2025-01-15 23:12:10,712] {manager.py:508} INFO - Created Permission View: can read on DAG:tutorial_etl_dag
[2025-01-15 23:12:10,713] {logging_mixin.py:115} INFO - [2025-01-15 23:12:10,713] {dag.py:2379} INFO - Sync 1 DAGs
[2025-01-15 23:12:10,758] {logging_mixin.py:115} INFO - [2025-01-15 23:12:10,758] {dag.py:2398} INFO - Creating ORM DAG for tutorial_etl_dag
[2025-01-15 23:12:10,780] {logging_mixin.py:115} INFO - [2025-01-15 23:12:10,780] {dag.py:2927} INFO - Setting next_dagrun for tutorial_etl_dag to None, run_after=None
[2025-01-15 23:12:10,852] {processor.py:161} INFO - Processing /mnt/c/Users/ander/Desktop/airflow-spark/airflow-spark/curso2/ambientepython/lib/python3.9/site-packages/airflow/example_dags/tutorial_etl_dag.py took 0.489 seconds
[2025-01-15 23:13:09,257] {processor.py:153} INFO - Started process (PID=25588) to work on /mnt/c/Users/ander/Desktop/airflow-spark/airflow-spark/curso2/ambientepython/lib/python3.9/site-packages/airflow/example_dags/tutorial_etl_dag.py
[2025-01-15 23:13:09,258] {processor.py:641} INFO - Processing file /mnt/c/Users/ander/Desktop/airflow-spark/airflow-spark/curso2/ambientepython/lib/python3.9/site-packages/airflow/example_dags/tutorial_etl_dag.py for tasks to queue
[2025-01-15 23:13:09,259] {logging_mixin.py:115} INFO - [2025-01-15 23:13:09,259] {dagbag.py:507} INFO - Filling up the DagBag from /mnt/c/Users/ander/Desktop/airflow-spark/airflow-spark/curso2/ambientepython/lib/python3.9/site-packages/airflow/example_dags/tutorial_etl_dag.py
[2025-01-15 23:13:09,310] {processor.py:651} INFO - DAG(s) dict_keys(['tutorial_etl_dag']) retrieved from /mnt/c/Users/ander/Desktop/airflow-spark/airflow-spark/curso2/ambientepython/lib/python3.9/site-packages/airflow/example_dags/tutorial_etl_dag.py
[2025-01-15 23:13:09,348] {logging_mixin.py:115} INFO - [2025-01-15 23:13:09,348] {dag.py:2379} INFO - Sync 1 DAGs
[2025-01-15 23:13:09,376] {logging_mixin.py:115} INFO - [2025-01-15 23:13:09,376] {dag.py:2927} INFO - Setting next_dagrun for tutorial_etl_dag to None, run_after=None
[2025-01-15 23:13:09,533] {processor.py:161} INFO - Processing /mnt/c/Users/ander/Desktop/airflow-spark/airflow-spark/curso2/ambientepython/lib/python3.9/site-packages/airflow/example_dags/tutorial_etl_dag.py took 0.280 seconds
[2025-01-15 23:13:44,750] {processor.py:153} INFO - Started process (PID=25712) to work on /mnt/c/Users/ander/Desktop/airflow-spark/airflow-spark/curso2/ambientepython/lib/python3.9/site-packages/airflow/example_dags/tutorial_etl_dag.py
[2025-01-15 23:13:44,751] {processor.py:641} INFO - Processing file /mnt/c/Users/ander/Desktop/airflow-spark/airflow-spark/curso2/ambientepython/lib/python3.9/site-packages/airflow/example_dags/tutorial_etl_dag.py for tasks to queue
[2025-01-15 23:13:44,752] {logging_mixin.py:115} INFO - [2025-01-15 23:13:44,752] {dagbag.py:507} INFO - Filling up the DagBag from /mnt/c/Users/ander/Desktop/airflow-spark/airflow-spark/curso2/ambientepython/lib/python3.9/site-packages/airflow/example_dags/tutorial_etl_dag.py
[2025-01-15 23:13:44,794] {processor.py:651} INFO - DAG(s) dict_keys(['tutorial_etl_dag']) retrieved from /mnt/c/Users/ander/Desktop/airflow-spark/airflow-spark/curso2/ambientepython/lib/python3.9/site-packages/airflow/example_dags/tutorial_etl_dag.py
[2025-01-15 23:13:44,834] {logging_mixin.py:115} INFO - [2025-01-15 23:13:44,834] {dag.py:2379} INFO - Sync 1 DAGs
[2025-01-15 23:13:44,862] {logging_mixin.py:115} INFO - [2025-01-15 23:13:44,862] {dag.py:2927} INFO - Setting next_dagrun for tutorial_etl_dag to None, run_after=None
[2025-01-15 23:13:44,901] {processor.py:161} INFO - Processing /mnt/c/Users/ander/Desktop/airflow-spark/airflow-spark/curso2/ambientepython/lib/python3.9/site-packages/airflow/example_dags/tutorial_etl_dag.py took 0.155 seconds
[2025-01-15 23:14:28,285] {processor.py:153} INFO - Started process (PID=25873) to work on /mnt/c/Users/ander/Desktop/airflow-spark/airflow-spark/curso2/ambientepython/lib/python3.9/site-packages/airflow/example_dags/tutorial_etl_dag.py
[2025-01-15 23:14:28,286] {processor.py:641} INFO - Processing file /mnt/c/Users/ander/Desktop/airflow-spark/airflow-spark/curso2/ambientepython/lib/python3.9/site-packages/airflow/example_dags/tutorial_etl_dag.py for tasks to queue
[2025-01-15 23:14:28,287] {logging_mixin.py:115} INFO - [2025-01-15 23:14:28,287] {dagbag.py:507} INFO - Filling up the DagBag from /mnt/c/Users/ander/Desktop/airflow-spark/airflow-spark/curso2/ambientepython/lib/python3.9/site-packages/airflow/example_dags/tutorial_etl_dag.py
[2025-01-15 23:14:28,336] {processor.py:651} INFO - DAG(s) dict_keys(['tutorial_etl_dag']) retrieved from /mnt/c/Users/ander/Desktop/airflow-spark/airflow-spark/curso2/ambientepython/lib/python3.9/site-packages/airflow/example_dags/tutorial_etl_dag.py
[2025-01-15 23:14:28,376] {logging_mixin.py:115} INFO - [2025-01-15 23:14:28,376] {dag.py:2379} INFO - Sync 1 DAGs
[2025-01-15 23:14:28,406] {logging_mixin.py:115} INFO - [2025-01-15 23:14:28,406] {dag.py:2927} INFO - Setting next_dagrun for tutorial_etl_dag to None, run_after=None
[2025-01-15 23:14:28,452] {processor.py:161} INFO - Processing /mnt/c/Users/ander/Desktop/airflow-spark/airflow-spark/curso2/ambientepython/lib/python3.9/site-packages/airflow/example_dags/tutorial_etl_dag.py took 0.170 seconds
[2025-01-15 23:15:12,374] {processor.py:153} INFO - Started process (PID=26033) to work on /mnt/c/Users/ander/Desktop/airflow-spark/airflow-spark/curso2/ambientepython/lib/python3.9/site-packages/airflow/example_dags/tutorial_etl_dag.py
[2025-01-15 23:15:12,375] {processor.py:641} INFO - Processing file /mnt/c/Users/ander/Desktop/airflow-spark/airflow-spark/curso2/ambientepython/lib/python3.9/site-packages/airflow/example_dags/tutorial_etl_dag.py for tasks to queue
[2025-01-15 23:15:12,376] {logging_mixin.py:115} INFO - [2025-01-15 23:15:12,376] {dagbag.py:507} INFO - Filling up the DagBag from /mnt/c/Users/ander/Desktop/airflow-spark/airflow-spark/curso2/ambientepython/lib/python3.9/site-packages/airflow/example_dags/tutorial_etl_dag.py
[2025-01-15 23:15:12,454] {processor.py:651} INFO - DAG(s) dict_keys(['tutorial_etl_dag']) retrieved from /mnt/c/Users/ander/Desktop/airflow-spark/airflow-spark/curso2/ambientepython/lib/python3.9/site-packages/airflow/example_dags/tutorial_etl_dag.py
[2025-01-15 23:15:12,519] {logging_mixin.py:115} INFO - [2025-01-15 23:15:12,518] {dag.py:2379} INFO - Sync 1 DAGs
[2025-01-15 23:15:12,588] {logging_mixin.py:115} INFO - [2025-01-15 23:15:12,587] {dag.py:2927} INFO - Setting next_dagrun for tutorial_etl_dag to None, run_after=None
[2025-01-15 23:15:12,672] {processor.py:161} INFO - Processing /mnt/c/Users/ander/Desktop/airflow-spark/airflow-spark/curso2/ambientepython/lib/python3.9/site-packages/airflow/example_dags/tutorial_etl_dag.py took 0.303 seconds
[2025-01-15 23:15:59,285] {processor.py:153} INFO - Started process (PID=26200) to work on /mnt/c/Users/ander/Desktop/airflow-spark/airflow-spark/curso2/ambientepython/lib/python3.9/site-packages/airflow/example_dags/tutorial_etl_dag.py
[2025-01-15 23:15:59,287] {processor.py:641} INFO - Processing file /mnt/c/Users/ander/Desktop/airflow-spark/airflow-spark/curso2/ambientepython/lib/python3.9/site-packages/airflow/example_dags/tutorial_etl_dag.py for tasks to queue
[2025-01-15 23:15:59,288] {logging_mixin.py:115} INFO - [2025-01-15 23:15:59,288] {dagbag.py:507} INFO - Filling up the DagBag from /mnt/c/Users/ander/Desktop/airflow-spark/airflow-spark/curso2/ambientepython/lib/python3.9/site-packages/airflow/example_dags/tutorial_etl_dag.py
[2025-01-15 23:15:59,337] {processor.py:651} INFO - DAG(s) dict_keys(['tutorial_etl_dag']) retrieved from /mnt/c/Users/ander/Desktop/airflow-spark/airflow-spark/curso2/ambientepython/lib/python3.9/site-packages/airflow/example_dags/tutorial_etl_dag.py
[2025-01-15 23:15:59,376] {logging_mixin.py:115} INFO - [2025-01-15 23:15:59,376] {dag.py:2379} INFO - Sync 1 DAGs
[2025-01-15 23:15:59,415] {logging_mixin.py:115} INFO - [2025-01-15 23:15:59,415] {dag.py:2927} INFO - Setting next_dagrun for tutorial_etl_dag to None, run_after=None
[2025-01-15 23:15:59,456] {processor.py:161} INFO - Processing /mnt/c/Users/ander/Desktop/airflow-spark/airflow-spark/curso2/ambientepython/lib/python3.9/site-packages/airflow/example_dags/tutorial_etl_dag.py took 0.185 seconds
[2025-01-15 23:16:34,310] {processor.py:153} INFO - Started process (PID=26323) to work on /mnt/c/Users/ander/Desktop/airflow-spark/airflow-spark/curso2/ambientepython/lib/python3.9/site-packages/airflow/example_dags/tutorial_etl_dag.py
[2025-01-15 23:16:34,311] {processor.py:641} INFO - Processing file /mnt/c/Users/ander/Desktop/airflow-spark/airflow-spark/curso2/ambientepython/lib/python3.9/site-packages/airflow/example_dags/tutorial_etl_dag.py for tasks to queue
[2025-01-15 23:16:34,311] {logging_mixin.py:115} INFO - [2025-01-15 23:16:34,311] {dagbag.py:507} INFO - Filling up the DagBag from /mnt/c/Users/ander/Desktop/airflow-spark/airflow-spark/curso2/ambientepython/lib/python3.9/site-packages/airflow/example_dags/tutorial_etl_dag.py
[2025-01-15 23:16:34,351] {processor.py:651} INFO - DAG(s) dict_keys(['tutorial_etl_dag']) retrieved from /mnt/c/Users/ander/Desktop/airflow-spark/airflow-spark/curso2/ambientepython/lib/python3.9/site-packages/airflow/example_dags/tutorial_etl_dag.py
[2025-01-15 23:16:34,391] {logging_mixin.py:115} INFO - [2025-01-15 23:16:34,391] {dag.py:2379} INFO - Sync 1 DAGs
[2025-01-15 23:16:34,419] {logging_mixin.py:115} INFO - [2025-01-15 23:16:34,419] {dag.py:2927} INFO - Setting next_dagrun for tutorial_etl_dag to None, run_after=None
[2025-01-15 23:16:34,468] {processor.py:161} INFO - Processing /mnt/c/Users/ander/Desktop/airflow-spark/airflow-spark/curso2/ambientepython/lib/python3.9/site-packages/airflow/example_dags/tutorial_etl_dag.py took 0.162 seconds
[2025-01-15 23:17:20,691] {processor.py:153} INFO - Started process (PID=26545) to work on /mnt/c/Users/ander/Desktop/airflow-spark/airflow-spark/curso2/ambientepython/lib/python3.9/site-packages/airflow/example_dags/tutorial_etl_dag.py
[2025-01-15 23:17:20,692] {processor.py:641} INFO - Processing file /mnt/c/Users/ander/Desktop/airflow-spark/airflow-spark/curso2/ambientepython/lib/python3.9/site-packages/airflow/example_dags/tutorial_etl_dag.py for tasks to queue
[2025-01-15 23:17:20,693] {logging_mixin.py:115} INFO - [2025-01-15 23:17:20,693] {dagbag.py:507} INFO - Filling up the DagBag from /mnt/c/Users/ander/Desktop/airflow-spark/airflow-spark/curso2/ambientepython/lib/python3.9/site-packages/airflow/example_dags/tutorial_etl_dag.py
[2025-01-15 23:17:20,763] {processor.py:651} INFO - DAG(s) dict_keys(['tutorial_etl_dag']) retrieved from /mnt/c/Users/ander/Desktop/airflow-spark/airflow-spark/curso2/ambientepython/lib/python3.9/site-packages/airflow/example_dags/tutorial_etl_dag.py
[2025-01-15 23:17:20,811] {logging_mixin.py:115} INFO - [2025-01-15 23:17:20,811] {dag.py:2379} INFO - Sync 1 DAGs
[2025-01-15 23:17:20,849] {logging_mixin.py:115} INFO - [2025-01-15 23:17:20,849] {dag.py:2927} INFO - Setting next_dagrun for tutorial_etl_dag to None, run_after=None
[2025-01-15 23:17:20,916] {processor.py:161} INFO - Processing /mnt/c/Users/ander/Desktop/airflow-spark/airflow-spark/curso2/ambientepython/lib/python3.9/site-packages/airflow/example_dags/tutorial_etl_dag.py took 0.230 seconds
[2025-01-15 23:18:04,843] {processor.py:153} INFO - Started process (PID=26706) to work on /mnt/c/Users/ander/Desktop/airflow-spark/airflow-spark/curso2/ambientepython/lib/python3.9/site-packages/airflow/example_dags/tutorial_etl_dag.py
[2025-01-15 23:18:04,844] {processor.py:641} INFO - Processing file /mnt/c/Users/ander/Desktop/airflow-spark/airflow-spark/curso2/ambientepython/lib/python3.9/site-packages/airflow/example_dags/tutorial_etl_dag.py for tasks to queue
[2025-01-15 23:18:04,845] {logging_mixin.py:115} INFO - [2025-01-15 23:18:04,845] {dagbag.py:507} INFO - Filling up the DagBag from /mnt/c/Users/ander/Desktop/airflow-spark/airflow-spark/curso2/ambientepython/lib/python3.9/site-packages/airflow/example_dags/tutorial_etl_dag.py
[2025-01-15 23:18:04,891] {processor.py:651} INFO - DAG(s) dict_keys(['tutorial_etl_dag']) retrieved from /mnt/c/Users/ander/Desktop/airflow-spark/airflow-spark/curso2/ambientepython/lib/python3.9/site-packages/airflow/example_dags/tutorial_etl_dag.py
[2025-01-15 23:18:04,935] {logging_mixin.py:115} INFO - [2025-01-15 23:18:04,935] {dag.py:2379} INFO - Sync 1 DAGs
[2025-01-15 23:18:04,966] {logging_mixin.py:115} INFO - [2025-01-15 23:18:04,965] {dag.py:2927} INFO - Setting next_dagrun for tutorial_etl_dag to None, run_after=None
[2025-01-15 23:18:05,012] {processor.py:161} INFO - Processing /mnt/c/Users/ander/Desktop/airflow-spark/airflow-spark/curso2/ambientepython/lib/python3.9/site-packages/airflow/example_dags/tutorial_etl_dag.py took 0.173 seconds
[2025-01-15 23:18:43,125] {processor.py:153} INFO - Started process (PID=26847) to work on /mnt/c/Users/ander/Desktop/airflow-spark/airflow-spark/curso2/ambientepython/lib/python3.9/site-packages/airflow/example_dags/tutorial_etl_dag.py
[2025-01-15 23:18:43,126] {processor.py:641} INFO - Processing file /mnt/c/Users/ander/Desktop/airflow-spark/airflow-spark/curso2/ambientepython/lib/python3.9/site-packages/airflow/example_dags/tutorial_etl_dag.py for tasks to queue
[2025-01-15 23:18:43,127] {logging_mixin.py:115} INFO - [2025-01-15 23:18:43,127] {dagbag.py:507} INFO - Filling up the DagBag from /mnt/c/Users/ander/Desktop/airflow-spark/airflow-spark/curso2/ambientepython/lib/python3.9/site-packages/airflow/example_dags/tutorial_etl_dag.py
[2025-01-15 23:18:43,167] {processor.py:651} INFO - DAG(s) dict_keys(['tutorial_etl_dag']) retrieved from /mnt/c/Users/ander/Desktop/airflow-spark/airflow-spark/curso2/ambientepython/lib/python3.9/site-packages/airflow/example_dags/tutorial_etl_dag.py
[2025-01-15 23:18:43,203] {logging_mixin.py:115} INFO - [2025-01-15 23:18:43,203] {dag.py:2379} INFO - Sync 1 DAGs
[2025-01-15 23:18:43,232] {logging_mixin.py:115} INFO - [2025-01-15 23:18:43,232] {dag.py:2927} INFO - Setting next_dagrun for tutorial_etl_dag to None, run_after=None
[2025-01-15 23:18:43,277] {processor.py:161} INFO - Processing /mnt/c/Users/ander/Desktop/airflow-spark/airflow-spark/curso2/ambientepython/lib/python3.9/site-packages/airflow/example_dags/tutorial_etl_dag.py took 0.155 seconds
[2025-01-15 23:19:24,558] {processor.py:153} INFO - Started process (PID=27000) to work on /mnt/c/Users/ander/Desktop/airflow-spark/airflow-spark/curso2/ambientepython/lib/python3.9/site-packages/airflow/example_dags/tutorial_etl_dag.py
[2025-01-15 23:19:24,560] {processor.py:641} INFO - Processing file /mnt/c/Users/ander/Desktop/airflow-spark/airflow-spark/curso2/ambientepython/lib/python3.9/site-packages/airflow/example_dags/tutorial_etl_dag.py for tasks to queue
[2025-01-15 23:19:24,562] {logging_mixin.py:115} INFO - [2025-01-15 23:19:24,562] {dagbag.py:507} INFO - Filling up the DagBag from /mnt/c/Users/ander/Desktop/airflow-spark/airflow-spark/curso2/ambientepython/lib/python3.9/site-packages/airflow/example_dags/tutorial_etl_dag.py
[2025-01-15 23:19:24,620] {processor.py:651} INFO - DAG(s) dict_keys(['tutorial_etl_dag']) retrieved from /mnt/c/Users/ander/Desktop/airflow-spark/airflow-spark/curso2/ambientepython/lib/python3.9/site-packages/airflow/example_dags/tutorial_etl_dag.py
[2025-01-15 23:19:24,663] {logging_mixin.py:115} INFO - [2025-01-15 23:19:24,663] {dag.py:2379} INFO - Sync 1 DAGs
[2025-01-15 23:19:24,700] {logging_mixin.py:115} INFO - [2025-01-15 23:19:24,699] {dag.py:2927} INFO - Setting next_dagrun for tutorial_etl_dag to None, run_after=None
[2025-01-15 23:19:24,762] {processor.py:161} INFO - Processing /mnt/c/Users/ander/Desktop/airflow-spark/airflow-spark/curso2/ambientepython/lib/python3.9/site-packages/airflow/example_dags/tutorial_etl_dag.py took 0.209 seconds
[2025-01-15 23:20:00,773] {processor.py:153} INFO - Started process (PID=27122) to work on /mnt/c/Users/ander/Desktop/airflow-spark/airflow-spark/curso2/ambientepython/lib/python3.9/site-packages/airflow/example_dags/tutorial_etl_dag.py
[2025-01-15 23:20:00,775] {processor.py:641} INFO - Processing file /mnt/c/Users/ander/Desktop/airflow-spark/airflow-spark/curso2/ambientepython/lib/python3.9/site-packages/airflow/example_dags/tutorial_etl_dag.py for tasks to queue
[2025-01-15 23:20:00,778] {logging_mixin.py:115} INFO - [2025-01-15 23:20:00,778] {dagbag.py:507} INFO - Filling up the DagBag from /mnt/c/Users/ander/Desktop/airflow-spark/airflow-spark/curso2/ambientepython/lib/python3.9/site-packages/airflow/example_dags/tutorial_etl_dag.py
[2025-01-15 23:20:00,845] {processor.py:651} INFO - DAG(s) dict_keys(['tutorial_etl_dag']) retrieved from /mnt/c/Users/ander/Desktop/airflow-spark/airflow-spark/curso2/ambientepython/lib/python3.9/site-packages/airflow/example_dags/tutorial_etl_dag.py
[2025-01-15 23:20:00,883] {logging_mixin.py:115} INFO - [2025-01-15 23:20:00,883] {dag.py:2379} INFO - Sync 1 DAGs
[2025-01-15 23:20:00,913] {logging_mixin.py:115} INFO - [2025-01-15 23:20:00,913] {dag.py:2927} INFO - Setting next_dagrun for tutorial_etl_dag to None, run_after=None
[2025-01-15 23:20:00,961] {processor.py:161} INFO - Processing /mnt/c/Users/ander/Desktop/airflow-spark/airflow-spark/curso2/ambientepython/lib/python3.9/site-packages/airflow/example_dags/tutorial_etl_dag.py took 0.194 seconds
[2025-01-15 23:20:34,704] {processor.py:153} INFO - Started process (PID=27458) to work on /mnt/c/Users/ander/Desktop/airflow-spark/airflow-spark/curso2/ambientepython/lib/python3.9/site-packages/airflow/example_dags/tutorial_etl_dag.py
[2025-01-15 23:20:34,707] {processor.py:641} INFO - Processing file /mnt/c/Users/ander/Desktop/airflow-spark/airflow-spark/curso2/ambientepython/lib/python3.9/site-packages/airflow/example_dags/tutorial_etl_dag.py for tasks to queue
[2025-01-15 23:20:34,713] {logging_mixin.py:115} INFO - [2025-01-15 23:20:34,713] {dagbag.py:507} INFO - Filling up the DagBag from /mnt/c/Users/ander/Desktop/airflow-spark/airflow-spark/curso2/ambientepython/lib/python3.9/site-packages/airflow/example_dags/tutorial_etl_dag.py
[2025-01-15 23:20:34,768] {processor.py:651} INFO - DAG(s) dict_keys(['tutorial_etl_dag']) retrieved from /mnt/c/Users/ander/Desktop/airflow-spark/airflow-spark/curso2/ambientepython/lib/python3.9/site-packages/airflow/example_dags/tutorial_etl_dag.py
[2025-01-15 23:20:34,805] {logging_mixin.py:115} INFO - [2025-01-15 23:20:34,805] {dag.py:2379} INFO - Sync 1 DAGs
[2025-01-15 23:20:34,842] {logging_mixin.py:115} INFO - [2025-01-15 23:20:34,842] {dag.py:2927} INFO - Setting next_dagrun for tutorial_etl_dag to None, run_after=None
[2025-01-15 23:20:34,892] {processor.py:161} INFO - Processing /mnt/c/Users/ander/Desktop/airflow-spark/airflow-spark/curso2/ambientepython/lib/python3.9/site-packages/airflow/example_dags/tutorial_etl_dag.py took 0.192 seconds
[2025-01-15 23:21:10,978] {processor.py:153} INFO - Started process (PID=27794) to work on /mnt/c/Users/ander/Desktop/airflow-spark/airflow-spark/curso2/ambientepython/lib/python3.9/site-packages/airflow/example_dags/tutorial_etl_dag.py
[2025-01-15 23:21:10,979] {processor.py:641} INFO - Processing file /mnt/c/Users/ander/Desktop/airflow-spark/airflow-spark/curso2/ambientepython/lib/python3.9/site-packages/airflow/example_dags/tutorial_etl_dag.py for tasks to queue
[2025-01-15 23:21:10,985] {logging_mixin.py:115} INFO - [2025-01-15 23:21:10,985] {dagbag.py:507} INFO - Filling up the DagBag from /mnt/c/Users/ander/Desktop/airflow-spark/airflow-spark/curso2/ambientepython/lib/python3.9/site-packages/airflow/example_dags/tutorial_etl_dag.py
[2025-01-15 23:21:11,052] {processor.py:651} INFO - DAG(s) dict_keys(['tutorial_etl_dag']) retrieved from /mnt/c/Users/ander/Desktop/airflow-spark/airflow-spark/curso2/ambientepython/lib/python3.9/site-packages/airflow/example_dags/tutorial_etl_dag.py
[2025-01-15 23:21:11,101] {logging_mixin.py:115} INFO - [2025-01-15 23:21:11,101] {dag.py:2379} INFO - Sync 1 DAGs
[2025-01-15 23:21:11,140] {logging_mixin.py:115} INFO - [2025-01-15 23:21:11,140] {dag.py:2927} INFO - Setting next_dagrun for tutorial_etl_dag to None, run_after=None
[2025-01-15 23:21:11,205] {processor.py:161} INFO - Processing /mnt/c/Users/ander/Desktop/airflow-spark/airflow-spark/curso2/ambientepython/lib/python3.9/site-packages/airflow/example_dags/tutorial_etl_dag.py took 0.231 seconds
[2025-01-15 23:21:48,164] {processor.py:153} INFO - Started process (PID=28084) to work on /mnt/c/Users/ander/Desktop/airflow-spark/airflow-spark/curso2/ambientepython/lib/python3.9/site-packages/airflow/example_dags/tutorial_etl_dag.py
[2025-01-15 23:21:48,165] {processor.py:641} INFO - Processing file /mnt/c/Users/ander/Desktop/airflow-spark/airflow-spark/curso2/ambientepython/lib/python3.9/site-packages/airflow/example_dags/tutorial_etl_dag.py for tasks to queue
[2025-01-15 23:21:48,166] {logging_mixin.py:115} INFO - [2025-01-15 23:21:48,166] {dagbag.py:507} INFO - Filling up the DagBag from /mnt/c/Users/ander/Desktop/airflow-spark/airflow-spark/curso2/ambientepython/lib/python3.9/site-packages/airflow/example_dags/tutorial_etl_dag.py
[2025-01-15 23:21:48,216] {processor.py:651} INFO - DAG(s) dict_keys(['tutorial_etl_dag']) retrieved from /mnt/c/Users/ander/Desktop/airflow-spark/airflow-spark/curso2/ambientepython/lib/python3.9/site-packages/airflow/example_dags/tutorial_etl_dag.py
[2025-01-15 23:21:48,265] {logging_mixin.py:115} INFO - [2025-01-15 23:21:48,265] {dag.py:2379} INFO - Sync 1 DAGs
[2025-01-15 23:21:48,300] {logging_mixin.py:115} INFO - [2025-01-15 23:21:48,300] {dag.py:2927} INFO - Setting next_dagrun for tutorial_etl_dag to None, run_after=None
[2025-01-15 23:21:48,359] {processor.py:161} INFO - Processing /mnt/c/Users/ander/Desktop/airflow-spark/airflow-spark/curso2/ambientepython/lib/python3.9/site-packages/airflow/example_dags/tutorial_etl_dag.py took 0.200 seconds
[2025-01-15 23:22:27,110] {processor.py:153} INFO - Started process (PID=28381) to work on /mnt/c/Users/ander/Desktop/airflow-spark/airflow-spark/curso2/ambientepython/lib/python3.9/site-packages/airflow/example_dags/tutorial_etl_dag.py
[2025-01-15 23:22:27,111] {processor.py:641} INFO - Processing file /mnt/c/Users/ander/Desktop/airflow-spark/airflow-spark/curso2/ambientepython/lib/python3.9/site-packages/airflow/example_dags/tutorial_etl_dag.py for tasks to queue
[2025-01-15 23:22:27,112] {logging_mixin.py:115} INFO - [2025-01-15 23:22:27,112] {dagbag.py:507} INFO - Filling up the DagBag from /mnt/c/Users/ander/Desktop/airflow-spark/airflow-spark/curso2/ambientepython/lib/python3.9/site-packages/airflow/example_dags/tutorial_etl_dag.py
[2025-01-15 23:22:27,165] {processor.py:651} INFO - DAG(s) dict_keys(['tutorial_etl_dag']) retrieved from /mnt/c/Users/ander/Desktop/airflow-spark/airflow-spark/curso2/ambientepython/lib/python3.9/site-packages/airflow/example_dags/tutorial_etl_dag.py
[2025-01-15 23:22:27,208] {logging_mixin.py:115} INFO - [2025-01-15 23:22:27,208] {dag.py:2379} INFO - Sync 1 DAGs
[2025-01-15 23:22:27,244] {logging_mixin.py:115} INFO - [2025-01-15 23:22:27,244] {dag.py:2927} INFO - Setting next_dagrun for tutorial_etl_dag to None, run_after=None
[2025-01-15 23:22:27,296] {processor.py:161} INFO - Processing /mnt/c/Users/ander/Desktop/airflow-spark/airflow-spark/curso2/ambientepython/lib/python3.9/site-packages/airflow/example_dags/tutorial_etl_dag.py took 0.191 seconds
[2025-01-15 23:23:05,496] {processor.py:153} INFO - Started process (PID=28573) to work on /mnt/c/Users/ander/Desktop/airflow-spark/airflow-spark/curso2/ambientepython/lib/python3.9/site-packages/airflow/example_dags/tutorial_etl_dag.py
[2025-01-15 23:23:05,497] {processor.py:641} INFO - Processing file /mnt/c/Users/ander/Desktop/airflow-spark/airflow-spark/curso2/ambientepython/lib/python3.9/site-packages/airflow/example_dags/tutorial_etl_dag.py for tasks to queue
[2025-01-15 23:23:05,498] {logging_mixin.py:115} INFO - [2025-01-15 23:23:05,498] {dagbag.py:507} INFO - Filling up the DagBag from /mnt/c/Users/ander/Desktop/airflow-spark/airflow-spark/curso2/ambientepython/lib/python3.9/site-packages/airflow/example_dags/tutorial_etl_dag.py
[2025-01-15 23:23:05,545] {processor.py:651} INFO - DAG(s) dict_keys(['tutorial_etl_dag']) retrieved from /mnt/c/Users/ander/Desktop/airflow-spark/airflow-spark/curso2/ambientepython/lib/python3.9/site-packages/airflow/example_dags/tutorial_etl_dag.py
[2025-01-15 23:23:05,588] {logging_mixin.py:115} INFO - [2025-01-15 23:23:05,588] {dag.py:2379} INFO - Sync 1 DAGs
[2025-01-15 23:23:05,619] {logging_mixin.py:115} INFO - [2025-01-15 23:23:05,619] {dag.py:2927} INFO - Setting next_dagrun for tutorial_etl_dag to None, run_after=None
[2025-01-15 23:23:05,673] {processor.py:161} INFO - Processing /mnt/c/Users/ander/Desktop/airflow-spark/airflow-spark/curso2/ambientepython/lib/python3.9/site-packages/airflow/example_dags/tutorial_etl_dag.py took 0.180 seconds
[2025-01-15 23:23:51,301] {processor.py:153} INFO - Started process (PID=28741) to work on /mnt/c/Users/ander/Desktop/airflow-spark/airflow-spark/curso2/ambientepython/lib/python3.9/site-packages/airflow/example_dags/tutorial_etl_dag.py
[2025-01-15 23:23:51,302] {processor.py:641} INFO - Processing file /mnt/c/Users/ander/Desktop/airflow-spark/airflow-spark/curso2/ambientepython/lib/python3.9/site-packages/airflow/example_dags/tutorial_etl_dag.py for tasks to queue
[2025-01-15 23:23:51,303] {logging_mixin.py:115} INFO - [2025-01-15 23:23:51,303] {dagbag.py:507} INFO - Filling up the DagBag from /mnt/c/Users/ander/Desktop/airflow-spark/airflow-spark/curso2/ambientepython/lib/python3.9/site-packages/airflow/example_dags/tutorial_etl_dag.py
[2025-01-15 23:23:51,343] {processor.py:651} INFO - DAG(s) dict_keys(['tutorial_etl_dag']) retrieved from /mnt/c/Users/ander/Desktop/airflow-spark/airflow-spark/curso2/ambientepython/lib/python3.9/site-packages/airflow/example_dags/tutorial_etl_dag.py
[2025-01-15 23:23:51,381] {logging_mixin.py:115} INFO - [2025-01-15 23:23:51,381] {dag.py:2379} INFO - Sync 1 DAGs
[2025-01-15 23:23:51,409] {logging_mixin.py:115} INFO - [2025-01-15 23:23:51,409] {dag.py:2927} INFO - Setting next_dagrun for tutorial_etl_dag to None, run_after=None
[2025-01-15 23:23:51,452] {processor.py:161} INFO - Processing /mnt/c/Users/ander/Desktop/airflow-spark/airflow-spark/curso2/ambientepython/lib/python3.9/site-packages/airflow/example_dags/tutorial_etl_dag.py took 0.155 seconds
[2025-01-15 23:24:23,543] {processor.py:153} INFO - Started process (PID=28862) to work on /mnt/c/Users/ander/Desktop/airflow-spark/airflow-spark/curso2/ambientepython/lib/python3.9/site-packages/airflow/example_dags/tutorial_etl_dag.py
[2025-01-15 23:24:23,544] {processor.py:641} INFO - Processing file /mnt/c/Users/ander/Desktop/airflow-spark/airflow-spark/curso2/ambientepython/lib/python3.9/site-packages/airflow/example_dags/tutorial_etl_dag.py for tasks to queue
[2025-01-15 23:24:23,545] {logging_mixin.py:115} INFO - [2025-01-15 23:24:23,545] {dagbag.py:507} INFO - Filling up the DagBag from /mnt/c/Users/ander/Desktop/airflow-spark/airflow-spark/curso2/ambientepython/lib/python3.9/site-packages/airflow/example_dags/tutorial_etl_dag.py
[2025-01-15 23:24:24,289] {processor.py:651} INFO - DAG(s) dict_keys(['tutorial_etl_dag']) retrieved from /mnt/c/Users/ander/Desktop/airflow-spark/airflow-spark/curso2/ambientepython/lib/python3.9/site-packages/airflow/example_dags/tutorial_etl_dag.py
[2025-01-15 23:24:24,331] {logging_mixin.py:115} INFO - [2025-01-15 23:24:24,331] {dag.py:2379} INFO - Sync 1 DAGs
[2025-01-15 23:24:24,361] {logging_mixin.py:115} INFO - [2025-01-15 23:24:24,361] {dag.py:2927} INFO - Setting next_dagrun for tutorial_etl_dag to None, run_after=None
[2025-01-15 23:24:24,415] {processor.py:161} INFO - Processing /mnt/c/Users/ander/Desktop/airflow-spark/airflow-spark/curso2/ambientepython/lib/python3.9/site-packages/airflow/example_dags/tutorial_etl_dag.py took 0.186 seconds
[2025-01-15 23:25:08,511] {processor.py:153} INFO - Started process (PID=29023) to work on /mnt/c/Users/ander/Desktop/airflow-spark/airflow-spark/curso2/ambientepython/lib/python3.9/site-packages/airflow/example_dags/tutorial_etl_dag.py
[2025-01-15 23:25:08,512] {processor.py:641} INFO - Processing file /mnt/c/Users/ander/Desktop/airflow-spark/airflow-spark/curso2/ambientepython/lib/python3.9/site-packages/airflow/example_dags/tutorial_etl_dag.py for tasks to queue
[2025-01-15 23:25:08,514] {logging_mixin.py:115} INFO - [2025-01-15 23:25:08,513] {dagbag.py:507} INFO - Filling up the DagBag from /mnt/c/Users/ander/Desktop/airflow-spark/airflow-spark/curso2/ambientepython/lib/python3.9/site-packages/airflow/example_dags/tutorial_etl_dag.py
[2025-01-15 23:25:08,560] {processor.py:651} INFO - DAG(s) dict_keys(['tutorial_etl_dag']) retrieved from /mnt/c/Users/ander/Desktop/airflow-spark/airflow-spark/curso2/ambientepython/lib/python3.9/site-packages/airflow/example_dags/tutorial_etl_dag.py
[2025-01-15 23:25:08,601] {logging_mixin.py:115} INFO - [2025-01-15 23:25:08,601] {dag.py:2379} INFO - Sync 1 DAGs
[2025-01-15 23:25:08,631] {logging_mixin.py:115} INFO - [2025-01-15 23:25:08,631] {dag.py:2927} INFO - Setting next_dagrun for tutorial_etl_dag to None, run_after=None
[2025-01-15 23:25:08,680] {processor.py:161} INFO - Processing /mnt/c/Users/ander/Desktop/airflow-spark/airflow-spark/curso2/ambientepython/lib/python3.9/site-packages/airflow/example_dags/tutorial_etl_dag.py took 0.172 seconds
[2025-01-15 23:25:51,442] {processor.py:153} INFO - Started process (PID=29177) to work on /mnt/c/Users/ander/Desktop/airflow-spark/airflow-spark/curso2/ambientepython/lib/python3.9/site-packages/airflow/example_dags/tutorial_etl_dag.py
[2025-01-15 23:25:51,443] {processor.py:641} INFO - Processing file /mnt/c/Users/ander/Desktop/airflow-spark/airflow-spark/curso2/ambientepython/lib/python3.9/site-packages/airflow/example_dags/tutorial_etl_dag.py for tasks to queue
[2025-01-15 23:25:51,444] {logging_mixin.py:115} INFO - [2025-01-15 23:25:51,444] {dagbag.py:507} INFO - Filling up the DagBag from /mnt/c/Users/ander/Desktop/airflow-spark/airflow-spark/curso2/ambientepython/lib/python3.9/site-packages/airflow/example_dags/tutorial_etl_dag.py
[2025-01-15 23:25:51,493] {processor.py:651} INFO - DAG(s) dict_keys(['tutorial_etl_dag']) retrieved from /mnt/c/Users/ander/Desktop/airflow-spark/airflow-spark/curso2/ambientepython/lib/python3.9/site-packages/airflow/example_dags/tutorial_etl_dag.py
[2025-01-15 23:25:51,549] {logging_mixin.py:115} INFO - [2025-01-15 23:25:51,549] {dag.py:2379} INFO - Sync 1 DAGs
[2025-01-15 23:25:51,580] {logging_mixin.py:115} INFO - [2025-01-15 23:25:51,580] {dag.py:2927} INFO - Setting next_dagrun for tutorial_etl_dag to None, run_after=None
[2025-01-15 23:25:51,619] {processor.py:161} INFO - Processing /mnt/c/Users/ander/Desktop/airflow-spark/airflow-spark/curso2/ambientepython/lib/python3.9/site-packages/airflow/example_dags/tutorial_etl_dag.py took 0.181 seconds
[2025-01-15 23:26:33,666] {processor.py:153} INFO - Started process (PID=29332) to work on /mnt/c/Users/ander/Desktop/airflow-spark/airflow-spark/curso2/ambientepython/lib/python3.9/site-packages/airflow/example_dags/tutorial_etl_dag.py
[2025-01-15 23:26:33,667] {processor.py:641} INFO - Processing file /mnt/c/Users/ander/Desktop/airflow-spark/airflow-spark/curso2/ambientepython/lib/python3.9/site-packages/airflow/example_dags/tutorial_etl_dag.py for tasks to queue
[2025-01-15 23:26:33,668] {logging_mixin.py:115} INFO - [2025-01-15 23:26:33,668] {dagbag.py:507} INFO - Filling up the DagBag from /mnt/c/Users/ander/Desktop/airflow-spark/airflow-spark/curso2/ambientepython/lib/python3.9/site-packages/airflow/example_dags/tutorial_etl_dag.py
[2025-01-15 23:26:33,710] {processor.py:651} INFO - DAG(s) dict_keys(['tutorial_etl_dag']) retrieved from /mnt/c/Users/ander/Desktop/airflow-spark/airflow-spark/curso2/ambientepython/lib/python3.9/site-packages/airflow/example_dags/tutorial_etl_dag.py
[2025-01-15 23:26:33,748] {logging_mixin.py:115} INFO - [2025-01-15 23:26:33,748] {dag.py:2379} INFO - Sync 1 DAGs
[2025-01-15 23:26:33,777] {logging_mixin.py:115} INFO - [2025-01-15 23:26:33,777] {dag.py:2927} INFO - Setting next_dagrun for tutorial_etl_dag to None, run_after=None
[2025-01-15 23:26:33,816] {processor.py:161} INFO - Processing /mnt/c/Users/ander/Desktop/airflow-spark/airflow-spark/curso2/ambientepython/lib/python3.9/site-packages/airflow/example_dags/tutorial_etl_dag.py took 0.154 seconds
[2025-01-15 23:27:19,564] {processor.py:153} INFO - Started process (PID=29499) to work on /mnt/c/Users/ander/Desktop/airflow-spark/airflow-spark/curso2/ambientepython/lib/python3.9/site-packages/airflow/example_dags/tutorial_etl_dag.py
[2025-01-15 23:27:19,565] {processor.py:641} INFO - Processing file /mnt/c/Users/ander/Desktop/airflow-spark/airflow-spark/curso2/ambientepython/lib/python3.9/site-packages/airflow/example_dags/tutorial_etl_dag.py for tasks to queue
[2025-01-15 23:27:19,566] {logging_mixin.py:115} INFO - [2025-01-15 23:27:19,566] {dagbag.py:507} INFO - Filling up the DagBag from /mnt/c/Users/ander/Desktop/airflow-spark/airflow-spark/curso2/ambientepython/lib/python3.9/site-packages/airflow/example_dags/tutorial_etl_dag.py
[2025-01-15 23:27:19,616] {processor.py:651} INFO - DAG(s) dict_keys(['tutorial_etl_dag']) retrieved from /mnt/c/Users/ander/Desktop/airflow-spark/airflow-spark/curso2/ambientepython/lib/python3.9/site-packages/airflow/example_dags/tutorial_etl_dag.py
[2025-01-15 23:27:19,656] {logging_mixin.py:115} INFO - [2025-01-15 23:27:19,656] {dag.py:2379} INFO - Sync 1 DAGs
[2025-01-15 23:27:19,687] {logging_mixin.py:115} INFO - [2025-01-15 23:27:19,687] {dag.py:2927} INFO - Setting next_dagrun for tutorial_etl_dag to None, run_after=None
[2025-01-15 23:27:19,735] {processor.py:161} INFO - Processing /mnt/c/Users/ander/Desktop/airflow-spark/airflow-spark/curso2/ambientepython/lib/python3.9/site-packages/airflow/example_dags/tutorial_etl_dag.py took 0.175 seconds
[2025-01-15 23:27:54,768] {processor.py:153} INFO - Started process (PID=29672) to work on /mnt/c/Users/ander/Desktop/airflow-spark/airflow-spark/curso2/ambientepython/lib/python3.9/site-packages/airflow/example_dags/tutorial_etl_dag.py
[2025-01-15 23:27:54,771] {processor.py:641} INFO - Processing file /mnt/c/Users/ander/Desktop/airflow-spark/airflow-spark/curso2/ambientepython/lib/python3.9/site-packages/airflow/example_dags/tutorial_etl_dag.py for tasks to queue
[2025-01-15 23:27:54,772] {logging_mixin.py:115} INFO - [2025-01-15 23:27:54,772] {dagbag.py:507} INFO - Filling up the DagBag from /mnt/c/Users/ander/Desktop/airflow-spark/airflow-spark/curso2/ambientepython/lib/python3.9/site-packages/airflow/example_dags/tutorial_etl_dag.py
[2025-01-15 23:27:54,822] {processor.py:651} INFO - DAG(s) dict_keys(['tutorial_etl_dag']) retrieved from /mnt/c/Users/ander/Desktop/airflow-spark/airflow-spark/curso2/ambientepython/lib/python3.9/site-packages/airflow/example_dags/tutorial_etl_dag.py
[2025-01-15 23:27:54,859] {logging_mixin.py:115} INFO - [2025-01-15 23:27:54,859] {dag.py:2379} INFO - Sync 1 DAGs
[2025-01-15 23:27:54,896] {logging_mixin.py:115} INFO - [2025-01-15 23:27:54,896] {dag.py:2927} INFO - Setting next_dagrun for tutorial_etl_dag to None, run_after=None
[2025-01-15 23:27:54,950] {processor.py:161} INFO - Processing /mnt/c/Users/ander/Desktop/airflow-spark/airflow-spark/curso2/ambientepython/lib/python3.9/site-packages/airflow/example_dags/tutorial_etl_dag.py took 0.189 seconds
[2025-01-15 23:28:32,135] {processor.py:153} INFO - Started process (PID=29807) to work on /mnt/c/Users/ander/Desktop/airflow-spark/airflow-spark/curso2/ambientepython/lib/python3.9/site-packages/airflow/example_dags/tutorial_etl_dag.py
[2025-01-15 23:28:32,136] {processor.py:641} INFO - Processing file /mnt/c/Users/ander/Desktop/airflow-spark/airflow-spark/curso2/ambientepython/lib/python3.9/site-packages/airflow/example_dags/tutorial_etl_dag.py for tasks to queue
[2025-01-15 23:28:32,137] {logging_mixin.py:115} INFO - [2025-01-15 23:28:32,137] {dagbag.py:507} INFO - Filling up the DagBag from /mnt/c/Users/ander/Desktop/airflow-spark/airflow-spark/curso2/ambientepython/lib/python3.9/site-packages/airflow/example_dags/tutorial_etl_dag.py
[2025-01-15 23:28:32,192] {processor.py:651} INFO - DAG(s) dict_keys(['tutorial_etl_dag']) retrieved from /mnt/c/Users/ander/Desktop/airflow-spark/airflow-spark/curso2/ambientepython/lib/python3.9/site-packages/airflow/example_dags/tutorial_etl_dag.py
[2025-01-15 23:28:32,234] {logging_mixin.py:115} INFO - [2025-01-15 23:28:32,234] {dag.py:2379} INFO - Sync 1 DAGs
[2025-01-15 23:28:32,268] {logging_mixin.py:115} INFO - [2025-01-15 23:28:32,268] {dag.py:2927} INFO - Setting next_dagrun for tutorial_etl_dag to None, run_after=None
[2025-01-15 23:28:32,320] {processor.py:161} INFO - Processing /mnt/c/Users/ander/Desktop/airflow-spark/airflow-spark/curso2/ambientepython/lib/python3.9/site-packages/airflow/example_dags/tutorial_etl_dag.py took 0.189 seconds
[2025-01-15 23:29:06,600] {processor.py:153} INFO - Started process (PID=29931) to work on /mnt/c/Users/ander/Desktop/airflow-spark/airflow-spark/curso2/ambientepython/lib/python3.9/site-packages/airflow/example_dags/tutorial_etl_dag.py
[2025-01-15 23:29:06,602] {processor.py:641} INFO - Processing file /mnt/c/Users/ander/Desktop/airflow-spark/airflow-spark/curso2/ambientepython/lib/python3.9/site-packages/airflow/example_dags/tutorial_etl_dag.py for tasks to queue
[2025-01-15 23:29:06,603] {logging_mixin.py:115} INFO - [2025-01-15 23:29:06,602] {dagbag.py:507} INFO - Filling up the DagBag from /mnt/c/Users/ander/Desktop/airflow-spark/airflow-spark/curso2/ambientepython/lib/python3.9/site-packages/airflow/example_dags/tutorial_etl_dag.py
[2025-01-15 23:29:06,652] {processor.py:651} INFO - DAG(s) dict_keys(['tutorial_etl_dag']) retrieved from /mnt/c/Users/ander/Desktop/airflow-spark/airflow-spark/curso2/ambientepython/lib/python3.9/site-packages/airflow/example_dags/tutorial_etl_dag.py
[2025-01-15 23:29:06,696] {logging_mixin.py:115} INFO - [2025-01-15 23:29:06,696] {dag.py:2379} INFO - Sync 1 DAGs
[2025-01-15 23:29:06,729] {logging_mixin.py:115} INFO - [2025-01-15 23:29:06,729] {dag.py:2927} INFO - Setting next_dagrun for tutorial_etl_dag to None, run_after=None
[2025-01-15 23:29:06,781] {processor.py:161} INFO - Processing /mnt/c/Users/ander/Desktop/airflow-spark/airflow-spark/curso2/ambientepython/lib/python3.9/site-packages/airflow/example_dags/tutorial_etl_dag.py took 0.185 seconds
[2025-01-15 23:29:53,917] {processor.py:153} INFO - Started process (PID=30099) to work on /mnt/c/Users/ander/Desktop/airflow-spark/airflow-spark/curso2/ambientepython/lib/python3.9/site-packages/airflow/example_dags/tutorial_etl_dag.py
[2025-01-15 23:29:53,918] {processor.py:641} INFO - Processing file /mnt/c/Users/ander/Desktop/airflow-spark/airflow-spark/curso2/ambientepython/lib/python3.9/site-packages/airflow/example_dags/tutorial_etl_dag.py for tasks to queue
[2025-01-15 23:29:53,919] {logging_mixin.py:115} INFO - [2025-01-15 23:29:53,919] {dagbag.py:507} INFO - Filling up the DagBag from /mnt/c/Users/ander/Desktop/airflow-spark/airflow-spark/curso2/ambientepython/lib/python3.9/site-packages/airflow/example_dags/tutorial_etl_dag.py
[2025-01-15 23:29:53,965] {processor.py:651} INFO - DAG(s) dict_keys(['tutorial_etl_dag']) retrieved from /mnt/c/Users/ander/Desktop/airflow-spark/airflow-spark/curso2/ambientepython/lib/python3.9/site-packages/airflow/example_dags/tutorial_etl_dag.py
[2025-01-15 23:29:54,012] {logging_mixin.py:115} INFO - [2025-01-15 23:29:54,012] {dag.py:2379} INFO - Sync 1 DAGs
[2025-01-15 23:29:54,046] {logging_mixin.py:115} INFO - [2025-01-15 23:29:54,046] {dag.py:2927} INFO - Setting next_dagrun for tutorial_etl_dag to None, run_after=None
[2025-01-15 23:29:54,092] {processor.py:161} INFO - Processing /mnt/c/Users/ander/Desktop/airflow-spark/airflow-spark/curso2/ambientepython/lib/python3.9/site-packages/airflow/example_dags/tutorial_etl_dag.py took 0.180 seconds
[2025-01-15 23:30:42,291] {processor.py:153} INFO - Started process (PID=30428) to work on /mnt/c/Users/ander/Desktop/airflow-spark/airflow-spark/curso2/ambientepython/lib/python3.9/site-packages/airflow/example_dags/tutorial_etl_dag.py
[2025-01-15 23:30:42,299] {processor.py:641} INFO - Processing file /mnt/c/Users/ander/Desktop/airflow-spark/airflow-spark/curso2/ambientepython/lib/python3.9/site-packages/airflow/example_dags/tutorial_etl_dag.py for tasks to queue
[2025-01-15 23:30:42,300] {logging_mixin.py:115} INFO - [2025-01-15 23:30:42,300] {dagbag.py:507} INFO - Filling up the DagBag from /mnt/c/Users/ander/Desktop/airflow-spark/airflow-spark/curso2/ambientepython/lib/python3.9/site-packages/airflow/example_dags/tutorial_etl_dag.py
[2025-01-15 23:30:42,342] {processor.py:651} INFO - DAG(s) dict_keys(['tutorial_etl_dag']) retrieved from /mnt/c/Users/ander/Desktop/airflow-spark/airflow-spark/curso2/ambientepython/lib/python3.9/site-packages/airflow/example_dags/tutorial_etl_dag.py
[2025-01-15 23:30:42,376] {logging_mixin.py:115} INFO - [2025-01-15 23:30:42,376] {dag.py:2379} INFO - Sync 1 DAGs
[2025-01-15 23:30:42,404] {logging_mixin.py:115} INFO - [2025-01-15 23:30:42,404] {dag.py:2927} INFO - Setting next_dagrun for tutorial_etl_dag to None, run_after=None
[2025-01-15 23:30:42,442] {processor.py:161} INFO - Processing /mnt/c/Users/ander/Desktop/airflow-spark/airflow-spark/curso2/ambientepython/lib/python3.9/site-packages/airflow/example_dags/tutorial_etl_dag.py took 0.156 seconds
[2025-01-15 23:32:29,501] {processor.py:153} INFO - Started process (PID=31842) to work on /mnt/c/Users/ander/Desktop/airflow-spark/airflow-spark/curso2/ambientepython/lib/python3.9/site-packages/airflow/example_dags/tutorial_etl_dag.py
[2025-01-15 23:32:29,502] {processor.py:641} INFO - Processing file /mnt/c/Users/ander/Desktop/airflow-spark/airflow-spark/curso2/ambientepython/lib/python3.9/site-packages/airflow/example_dags/tutorial_etl_dag.py for tasks to queue
[2025-01-15 23:32:29,503] {logging_mixin.py:115} INFO - [2025-01-15 23:32:29,503] {dagbag.py:507} INFO - Filling up the DagBag from /mnt/c/Users/ander/Desktop/airflow-spark/airflow-spark/curso2/ambientepython/lib/python3.9/site-packages/airflow/example_dags/tutorial_etl_dag.py
[2025-01-15 23:32:29,552] {processor.py:651} INFO - DAG(s) dict_keys(['tutorial_etl_dag']) retrieved from /mnt/c/Users/ander/Desktop/airflow-spark/airflow-spark/curso2/ambientepython/lib/python3.9/site-packages/airflow/example_dags/tutorial_etl_dag.py
[2025-01-15 23:32:29,598] {logging_mixin.py:115} INFO - [2025-01-15 23:32:29,598] {dag.py:2379} INFO - Sync 1 DAGs
[2025-01-15 23:32:29,674] {logging_mixin.py:115} INFO - [2025-01-15 23:32:29,673] {dag.py:2927} INFO - Setting next_dagrun for tutorial_etl_dag to None, run_after=None
[2025-01-15 23:32:29,766] {processor.py:161} INFO - Processing /mnt/c/Users/ander/Desktop/airflow-spark/airflow-spark/curso2/ambientepython/lib/python3.9/site-packages/airflow/example_dags/tutorial_etl_dag.py took 0.270 seconds
[2025-01-15 23:33:10,367] {processor.py:153} INFO - Started process (PID=32041) to work on /mnt/c/Users/ander/Desktop/airflow-spark/airflow-spark/curso2/ambientepython/lib/python3.9/site-packages/airflow/example_dags/tutorial_etl_dag.py
[2025-01-15 23:33:10,368] {processor.py:641} INFO - Processing file /mnt/c/Users/ander/Desktop/airflow-spark/airflow-spark/curso2/ambientepython/lib/python3.9/site-packages/airflow/example_dags/tutorial_etl_dag.py for tasks to queue
[2025-01-15 23:33:10,369] {logging_mixin.py:115} INFO - [2025-01-15 23:33:10,368] {dagbag.py:507} INFO - Filling up the DagBag from /mnt/c/Users/ander/Desktop/airflow-spark/airflow-spark/curso2/ambientepython/lib/python3.9/site-packages/airflow/example_dags/tutorial_etl_dag.py
[2025-01-15 23:33:10,407] {processor.py:651} INFO - DAG(s) dict_keys(['tutorial_etl_dag']) retrieved from /mnt/c/Users/ander/Desktop/airflow-spark/airflow-spark/curso2/ambientepython/lib/python3.9/site-packages/airflow/example_dags/tutorial_etl_dag.py
[2025-01-15 23:33:10,445] {logging_mixin.py:115} INFO - [2025-01-15 23:33:10,445] {dag.py:2379} INFO - Sync 1 DAGs
[2025-01-15 23:33:10,479] {logging_mixin.py:115} INFO - [2025-01-15 23:33:10,479] {dag.py:2927} INFO - Setting next_dagrun for tutorial_etl_dag to None, run_after=None
[2025-01-15 23:33:11,190] {processor.py:161} INFO - Processing /mnt/c/Users/ander/Desktop/airflow-spark/airflow-spark/curso2/ambientepython/lib/python3.9/site-packages/airflow/example_dags/tutorial_etl_dag.py took 0.162 seconds
[2025-01-15 23:33:54,425] {processor.py:153} INFO - Started process (PID=32201) to work on /mnt/c/Users/ander/Desktop/airflow-spark/airflow-spark/curso2/ambientepython/lib/python3.9/site-packages/airflow/example_dags/tutorial_etl_dag.py
[2025-01-15 23:33:54,426] {processor.py:641} INFO - Processing file /mnt/c/Users/ander/Desktop/airflow-spark/airflow-spark/curso2/ambientepython/lib/python3.9/site-packages/airflow/example_dags/tutorial_etl_dag.py for tasks to queue
[2025-01-15 23:33:54,427] {logging_mixin.py:115} INFO - [2025-01-15 23:33:54,427] {dagbag.py:507} INFO - Filling up the DagBag from /mnt/c/Users/ander/Desktop/airflow-spark/airflow-spark/curso2/ambientepython/lib/python3.9/site-packages/airflow/example_dags/tutorial_etl_dag.py
[2025-01-15 23:33:54,473] {processor.py:651} INFO - DAG(s) dict_keys(['tutorial_etl_dag']) retrieved from /mnt/c/Users/ander/Desktop/airflow-spark/airflow-spark/curso2/ambientepython/lib/python3.9/site-packages/airflow/example_dags/tutorial_etl_dag.py
[2025-01-15 23:33:54,526] {logging_mixin.py:115} INFO - [2025-01-15 23:33:54,526] {dag.py:2379} INFO - Sync 1 DAGs
[2025-01-15 23:33:54,577] {logging_mixin.py:115} INFO - [2025-01-15 23:33:54,577] {dag.py:2927} INFO - Setting next_dagrun for tutorial_etl_dag to None, run_after=None
[2025-01-15 23:33:54,618] {processor.py:161} INFO - Processing /mnt/c/Users/ander/Desktop/airflow-spark/airflow-spark/curso2/ambientepython/lib/python3.9/site-packages/airflow/example_dags/tutorial_etl_dag.py took 0.198 seconds
[2025-01-15 23:34:38,774] {processor.py:153} INFO - Started process (PID=32362) to work on /mnt/c/Users/ander/Desktop/airflow-spark/airflow-spark/curso2/ambientepython/lib/python3.9/site-packages/airflow/example_dags/tutorial_etl_dag.py
[2025-01-15 23:34:38,775] {processor.py:641} INFO - Processing file /mnt/c/Users/ander/Desktop/airflow-spark/airflow-spark/curso2/ambientepython/lib/python3.9/site-packages/airflow/example_dags/tutorial_etl_dag.py for tasks to queue
[2025-01-15 23:34:38,777] {logging_mixin.py:115} INFO - [2025-01-15 23:34:38,776] {dagbag.py:507} INFO - Filling up the DagBag from /mnt/c/Users/ander/Desktop/airflow-spark/airflow-spark/curso2/ambientepython/lib/python3.9/site-packages/airflow/example_dags/tutorial_etl_dag.py
[2025-01-15 23:34:38,826] {processor.py:651} INFO - DAG(s) dict_keys(['tutorial_etl_dag']) retrieved from /mnt/c/Users/ander/Desktop/airflow-spark/airflow-spark/curso2/ambientepython/lib/python3.9/site-packages/airflow/example_dags/tutorial_etl_dag.py
[2025-01-15 23:34:38,873] {logging_mixin.py:115} INFO - [2025-01-15 23:34:38,872] {dag.py:2379} INFO - Sync 1 DAGs
[2025-01-15 23:34:38,908] {logging_mixin.py:115} INFO - [2025-01-15 23:34:38,908] {dag.py:2927} INFO - Setting next_dagrun for tutorial_etl_dag to None, run_after=None
[2025-01-15 23:34:38,956] {processor.py:161} INFO - Processing /mnt/c/Users/ander/Desktop/airflow-spark/airflow-spark/curso2/ambientepython/lib/python3.9/site-packages/airflow/example_dags/tutorial_etl_dag.py took 0.186 seconds
[2025-01-15 23:35:20,926] {processor.py:153} INFO - Started process (PID=32515) to work on /mnt/c/Users/ander/Desktop/airflow-spark/airflow-spark/curso2/ambientepython/lib/python3.9/site-packages/airflow/example_dags/tutorial_etl_dag.py
[2025-01-15 23:35:20,927] {processor.py:641} INFO - Processing file /mnt/c/Users/ander/Desktop/airflow-spark/airflow-spark/curso2/ambientepython/lib/python3.9/site-packages/airflow/example_dags/tutorial_etl_dag.py for tasks to queue
[2025-01-15 23:35:20,928] {logging_mixin.py:115} INFO - [2025-01-15 23:35:20,928] {dagbag.py:507} INFO - Filling up the DagBag from /mnt/c/Users/ander/Desktop/airflow-spark/airflow-spark/curso2/ambientepython/lib/python3.9/site-packages/airflow/example_dags/tutorial_etl_dag.py
[2025-01-15 23:35:20,978] {processor.py:651} INFO - DAG(s) dict_keys(['tutorial_etl_dag']) retrieved from /mnt/c/Users/ander/Desktop/airflow-spark/airflow-spark/curso2/ambientepython/lib/python3.9/site-packages/airflow/example_dags/tutorial_etl_dag.py
[2025-01-15 23:35:21,020] {logging_mixin.py:115} INFO - [2025-01-15 23:35:21,020] {dag.py:2379} INFO - Sync 1 DAGs
[2025-01-15 23:35:21,050] {logging_mixin.py:115} INFO - [2025-01-15 23:35:21,050] {dag.py:2927} INFO - Setting next_dagrun for tutorial_etl_dag to None, run_after=None
[2025-01-15 23:35:21,100] {processor.py:161} INFO - Processing /mnt/c/Users/ander/Desktop/airflow-spark/airflow-spark/curso2/ambientepython/lib/python3.9/site-packages/airflow/example_dags/tutorial_etl_dag.py took 0.178 seconds
[2025-01-15 23:35:58,010] {processor.py:153} INFO - Started process (PID=32644) to work on /mnt/c/Users/ander/Desktop/airflow-spark/airflow-spark/curso2/ambientepython/lib/python3.9/site-packages/airflow/example_dags/tutorial_etl_dag.py
[2025-01-15 23:35:58,011] {processor.py:641} INFO - Processing file /mnt/c/Users/ander/Desktop/airflow-spark/airflow-spark/curso2/ambientepython/lib/python3.9/site-packages/airflow/example_dags/tutorial_etl_dag.py for tasks to queue
[2025-01-15 23:35:58,012] {logging_mixin.py:115} INFO - [2025-01-15 23:35:58,012] {dagbag.py:507} INFO - Filling up the DagBag from /mnt/c/Users/ander/Desktop/airflow-spark/airflow-spark/curso2/ambientepython/lib/python3.9/site-packages/airflow/example_dags/tutorial_etl_dag.py
[2025-01-15 23:35:58,060] {processor.py:651} INFO - DAG(s) dict_keys(['tutorial_etl_dag']) retrieved from /mnt/c/Users/ander/Desktop/airflow-spark/airflow-spark/curso2/ambientepython/lib/python3.9/site-packages/airflow/example_dags/tutorial_etl_dag.py
[2025-01-15 23:35:58,108] {logging_mixin.py:115} INFO - [2025-01-15 23:35:58,108] {dag.py:2379} INFO - Sync 1 DAGs
[2025-01-15 23:35:58,145] {logging_mixin.py:115} INFO - [2025-01-15 23:35:58,145] {dag.py:2927} INFO - Setting next_dagrun for tutorial_etl_dag to None, run_after=None
[2025-01-15 23:35:58,195] {processor.py:161} INFO - Processing /mnt/c/Users/ander/Desktop/airflow-spark/airflow-spark/curso2/ambientepython/lib/python3.9/site-packages/airflow/example_dags/tutorial_etl_dag.py took 0.192 seconds
[2025-01-15 23:36:34,668] {processor.py:153} INFO - Started process (PID=32772) to work on /mnt/c/Users/ander/Desktop/airflow-spark/airflow-spark/curso2/ambientepython/lib/python3.9/site-packages/airflow/example_dags/tutorial_etl_dag.py
[2025-01-15 23:36:34,670] {processor.py:641} INFO - Processing file /mnt/c/Users/ander/Desktop/airflow-spark/airflow-spark/curso2/ambientepython/lib/python3.9/site-packages/airflow/example_dags/tutorial_etl_dag.py for tasks to queue
[2025-01-15 23:36:34,671] {logging_mixin.py:115} INFO - [2025-01-15 23:36:34,671] {dagbag.py:507} INFO - Filling up the DagBag from /mnt/c/Users/ander/Desktop/airflow-spark/airflow-spark/curso2/ambientepython/lib/python3.9/site-packages/airflow/example_dags/tutorial_etl_dag.py
[2025-01-15 23:36:34,735] {processor.py:651} INFO - DAG(s) dict_keys(['tutorial_etl_dag']) retrieved from /mnt/c/Users/ander/Desktop/airflow-spark/airflow-spark/curso2/ambientepython/lib/python3.9/site-packages/airflow/example_dags/tutorial_etl_dag.py
[2025-01-15 23:36:34,788] {logging_mixin.py:115} INFO - [2025-01-15 23:36:34,788] {dag.py:2379} INFO - Sync 1 DAGs
[2025-01-15 23:36:34,822] {logging_mixin.py:115} INFO - [2025-01-15 23:36:34,822] {dag.py:2927} INFO - Setting next_dagrun for tutorial_etl_dag to None, run_after=None
[2025-01-15 23:36:34,884] {processor.py:161} INFO - Processing /mnt/c/Users/ander/Desktop/airflow-spark/airflow-spark/curso2/ambientepython/lib/python3.9/site-packages/airflow/example_dags/tutorial_etl_dag.py took 0.220 seconds
[2025-01-15 23:37:15,466] {processor.py:153} INFO - Started process (PID=32914) to work on /mnt/c/Users/ander/Desktop/airflow-spark/airflow-spark/curso2/ambientepython/lib/python3.9/site-packages/airflow/example_dags/tutorial_etl_dag.py
[2025-01-15 23:37:15,467] {processor.py:641} INFO - Processing file /mnt/c/Users/ander/Desktop/airflow-spark/airflow-spark/curso2/ambientepython/lib/python3.9/site-packages/airflow/example_dags/tutorial_etl_dag.py for tasks to queue
[2025-01-15 23:37:15,468] {logging_mixin.py:115} INFO - [2025-01-15 23:37:15,468] {dagbag.py:507} INFO - Filling up the DagBag from /mnt/c/Users/ander/Desktop/airflow-spark/airflow-spark/curso2/ambientepython/lib/python3.9/site-packages/airflow/example_dags/tutorial_etl_dag.py
[2025-01-15 23:37:15,519] {processor.py:651} INFO - DAG(s) dict_keys(['tutorial_etl_dag']) retrieved from /mnt/c/Users/ander/Desktop/airflow-spark/airflow-spark/curso2/ambientepython/lib/python3.9/site-packages/airflow/example_dags/tutorial_etl_dag.py
[2025-01-15 23:37:15,566] {logging_mixin.py:115} INFO - [2025-01-15 23:37:15,565] {dag.py:2379} INFO - Sync 1 DAGs
[2025-01-15 23:37:15,613] {logging_mixin.py:115} INFO - [2025-01-15 23:37:15,613] {dag.py:2927} INFO - Setting next_dagrun for tutorial_etl_dag to None, run_after=None
[2025-01-15 23:37:15,681] {processor.py:161} INFO - Processing /mnt/c/Users/ander/Desktop/airflow-spark/airflow-spark/curso2/ambientepython/lib/python3.9/site-packages/airflow/example_dags/tutorial_etl_dag.py took 0.219 seconds
[2025-01-15 23:37:54,327] {processor.py:153} INFO - Started process (PID=33104) to work on /mnt/c/Users/ander/Desktop/airflow-spark/airflow-spark/curso2/ambientepython/lib/python3.9/site-packages/airflow/example_dags/tutorial_etl_dag.py
[2025-01-15 23:37:54,329] {processor.py:641} INFO - Processing file /mnt/c/Users/ander/Desktop/airflow-spark/airflow-spark/curso2/ambientepython/lib/python3.9/site-packages/airflow/example_dags/tutorial_etl_dag.py for tasks to queue
[2025-01-15 23:37:54,331] {logging_mixin.py:115} INFO - [2025-01-15 23:37:54,331] {dagbag.py:507} INFO - Filling up the DagBag from /mnt/c/Users/ander/Desktop/airflow-spark/airflow-spark/curso2/ambientepython/lib/python3.9/site-packages/airflow/example_dags/tutorial_etl_dag.py
[2025-01-15 23:37:54,391] {processor.py:651} INFO - DAG(s) dict_keys(['tutorial_etl_dag']) retrieved from /mnt/c/Users/ander/Desktop/airflow-spark/airflow-spark/curso2/ambientepython/lib/python3.9/site-packages/airflow/example_dags/tutorial_etl_dag.py
[2025-01-15 23:37:54,439] {logging_mixin.py:115} INFO - [2025-01-15 23:37:54,438] {dag.py:2379} INFO - Sync 1 DAGs
[2025-01-15 23:37:54,478] {logging_mixin.py:115} INFO - [2025-01-15 23:37:54,478] {dag.py:2927} INFO - Setting next_dagrun for tutorial_etl_dag to None, run_after=None
[2025-01-15 23:37:54,542] {processor.py:161} INFO - Processing /mnt/c/Users/ander/Desktop/airflow-spark/airflow-spark/curso2/ambientepython/lib/python3.9/site-packages/airflow/example_dags/tutorial_etl_dag.py took 0.221 seconds
[2025-01-15 23:38:43,450] {processor.py:153} INFO - Started process (PID=33279) to work on /mnt/c/Users/ander/Desktop/airflow-spark/airflow-spark/curso2/ambientepython/lib/python3.9/site-packages/airflow/example_dags/tutorial_etl_dag.py
[2025-01-15 23:38:43,452] {processor.py:641} INFO - Processing file /mnt/c/Users/ander/Desktop/airflow-spark/airflow-spark/curso2/ambientepython/lib/python3.9/site-packages/airflow/example_dags/tutorial_etl_dag.py for tasks to queue
[2025-01-15 23:38:43,453] {logging_mixin.py:115} INFO - [2025-01-15 23:38:43,453] {dagbag.py:507} INFO - Filling up the DagBag from /mnt/c/Users/ander/Desktop/airflow-spark/airflow-spark/curso2/ambientepython/lib/python3.9/site-packages/airflow/example_dags/tutorial_etl_dag.py
[2025-01-15 23:38:43,510] {processor.py:651} INFO - DAG(s) dict_keys(['tutorial_etl_dag']) retrieved from /mnt/c/Users/ander/Desktop/airflow-spark/airflow-spark/curso2/ambientepython/lib/python3.9/site-packages/airflow/example_dags/tutorial_etl_dag.py
[2025-01-15 23:38:43,560] {logging_mixin.py:115} INFO - [2025-01-15 23:38:43,560] {dag.py:2379} INFO - Sync 1 DAGs
[2025-01-15 23:38:43,596] {logging_mixin.py:115} INFO - [2025-01-15 23:38:43,596] {dag.py:2927} INFO - Setting next_dagrun for tutorial_etl_dag to None, run_after=None
[2025-01-15 23:38:43,662] {processor.py:161} INFO - Processing /mnt/c/Users/ander/Desktop/airflow-spark/airflow-spark/curso2/ambientepython/lib/python3.9/site-packages/airflow/example_dags/tutorial_etl_dag.py took 0.217 seconds
[2025-01-15 23:39:29,361] {processor.py:153} INFO - Started process (PID=33447) to work on /mnt/c/Users/ander/Desktop/airflow-spark/airflow-spark/curso2/ambientepython/lib/python3.9/site-packages/airflow/example_dags/tutorial_etl_dag.py
[2025-01-15 23:39:29,363] {processor.py:641} INFO - Processing file /mnt/c/Users/ander/Desktop/airflow-spark/airflow-spark/curso2/ambientepython/lib/python3.9/site-packages/airflow/example_dags/tutorial_etl_dag.py for tasks to queue
[2025-01-15 23:39:29,365] {logging_mixin.py:115} INFO - [2025-01-15 23:39:29,364] {dagbag.py:507} INFO - Filling up the DagBag from /mnt/c/Users/ander/Desktop/airflow-spark/airflow-spark/curso2/ambientepython/lib/python3.9/site-packages/airflow/example_dags/tutorial_etl_dag.py
[2025-01-15 23:39:29,427] {processor.py:651} INFO - DAG(s) dict_keys(['tutorial_etl_dag']) retrieved from /mnt/c/Users/ander/Desktop/airflow-spark/airflow-spark/curso2/ambientepython/lib/python3.9/site-packages/airflow/example_dags/tutorial_etl_dag.py
[2025-01-15 23:39:29,472] {logging_mixin.py:115} INFO - [2025-01-15 23:39:29,472] {dag.py:2379} INFO - Sync 1 DAGs
[2025-01-15 23:39:29,509] {logging_mixin.py:115} INFO - [2025-01-15 23:39:29,509] {dag.py:2927} INFO - Setting next_dagrun for tutorial_etl_dag to None, run_after=None
[2025-01-15 23:39:29,571] {processor.py:161} INFO - Processing /mnt/c/Users/ander/Desktop/airflow-spark/airflow-spark/curso2/ambientepython/lib/python3.9/site-packages/airflow/example_dags/tutorial_etl_dag.py took 0.216 seconds
[2025-01-15 23:40:04,587] {processor.py:153} INFO - Started process (PID=33569) to work on /mnt/c/Users/ander/Desktop/airflow-spark/airflow-spark/curso2/ambientepython/lib/python3.9/site-packages/airflow/example_dags/tutorial_etl_dag.py
[2025-01-15 23:40:04,588] {processor.py:641} INFO - Processing file /mnt/c/Users/ander/Desktop/airflow-spark/airflow-spark/curso2/ambientepython/lib/python3.9/site-packages/airflow/example_dags/tutorial_etl_dag.py for tasks to queue
[2025-01-15 23:40:04,589] {logging_mixin.py:115} INFO - [2025-01-15 23:40:04,589] {dagbag.py:507} INFO - Filling up the DagBag from /mnt/c/Users/ander/Desktop/airflow-spark/airflow-spark/curso2/ambientepython/lib/python3.9/site-packages/airflow/example_dags/tutorial_etl_dag.py
[2025-01-15 23:40:04,635] {processor.py:651} INFO - DAG(s) dict_keys(['tutorial_etl_dag']) retrieved from /mnt/c/Users/ander/Desktop/airflow-spark/airflow-spark/curso2/ambientepython/lib/python3.9/site-packages/airflow/example_dags/tutorial_etl_dag.py
[2025-01-15 23:40:04,681] {logging_mixin.py:115} INFO - [2025-01-15 23:40:04,681] {dag.py:2379} INFO - Sync 1 DAGs
[2025-01-15 23:40:04,715] {logging_mixin.py:115} INFO - [2025-01-15 23:40:04,715] {dag.py:2927} INFO - Setting next_dagrun for tutorial_etl_dag to None, run_after=None
[2025-01-15 23:40:04,779] {processor.py:161} INFO - Processing /mnt/c/Users/ander/Desktop/airflow-spark/airflow-spark/curso2/ambientepython/lib/python3.9/site-packages/airflow/example_dags/tutorial_etl_dag.py took 0.196 seconds
[2025-01-15 23:40:40,383] {processor.py:153} INFO - Started process (PID=33698) to work on /mnt/c/Users/ander/Desktop/airflow-spark/airflow-spark/curso2/ambientepython/lib/python3.9/site-packages/airflow/example_dags/tutorial_etl_dag.py
[2025-01-15 23:40:40,384] {processor.py:641} INFO - Processing file /mnt/c/Users/ander/Desktop/airflow-spark/airflow-spark/curso2/ambientepython/lib/python3.9/site-packages/airflow/example_dags/tutorial_etl_dag.py for tasks to queue
[2025-01-15 23:40:40,385] {logging_mixin.py:115} INFO - [2025-01-15 23:40:40,385] {dagbag.py:507} INFO - Filling up the DagBag from /mnt/c/Users/ander/Desktop/airflow-spark/airflow-spark/curso2/ambientepython/lib/python3.9/site-packages/airflow/example_dags/tutorial_etl_dag.py
[2025-01-15 23:40:40,447] {processor.py:651} INFO - DAG(s) dict_keys(['tutorial_etl_dag']) retrieved from /mnt/c/Users/ander/Desktop/airflow-spark/airflow-spark/curso2/ambientepython/lib/python3.9/site-packages/airflow/example_dags/tutorial_etl_dag.py
[2025-01-15 23:40:40,499] {logging_mixin.py:115} INFO - [2025-01-15 23:40:40,499] {dag.py:2379} INFO - Sync 1 DAGs
[2025-01-15 23:40:40,533] {logging_mixin.py:115} INFO - [2025-01-15 23:40:40,533] {dag.py:2927} INFO - Setting next_dagrun for tutorial_etl_dag to None, run_after=None
[2025-01-15 23:40:40,594] {processor.py:161} INFO - Processing /mnt/c/Users/ander/Desktop/airflow-spark/airflow-spark/curso2/ambientepython/lib/python3.9/site-packages/airflow/example_dags/tutorial_etl_dag.py took 0.214 seconds
[2025-01-15 23:41:14,347] {processor.py:153} INFO - Started process (PID=33820) to work on /mnt/c/Users/ander/Desktop/airflow-spark/airflow-spark/curso2/ambientepython/lib/python3.9/site-packages/airflow/example_dags/tutorial_etl_dag.py
[2025-01-15 23:41:14,349] {processor.py:641} INFO - Processing file /mnt/c/Users/ander/Desktop/airflow-spark/airflow-spark/curso2/ambientepython/lib/python3.9/site-packages/airflow/example_dags/tutorial_etl_dag.py for tasks to queue
[2025-01-15 23:41:14,351] {logging_mixin.py:115} INFO - [2025-01-15 23:41:14,351] {dagbag.py:507} INFO - Filling up the DagBag from /mnt/c/Users/ander/Desktop/airflow-spark/airflow-spark/curso2/ambientepython/lib/python3.9/site-packages/airflow/example_dags/tutorial_etl_dag.py
[2025-01-15 23:41:14,417] {processor.py:651} INFO - DAG(s) dict_keys(['tutorial_etl_dag']) retrieved from /mnt/c/Users/ander/Desktop/airflow-spark/airflow-spark/curso2/ambientepython/lib/python3.9/site-packages/airflow/example_dags/tutorial_etl_dag.py
[2025-01-15 23:41:14,465] {logging_mixin.py:115} INFO - [2025-01-15 23:41:14,465] {dag.py:2379} INFO - Sync 1 DAGs
[2025-01-15 23:41:14,501] {logging_mixin.py:115} INFO - [2025-01-15 23:41:14,501] {dag.py:2927} INFO - Setting next_dagrun for tutorial_etl_dag to None, run_after=None
[2025-01-15 23:41:14,563] {processor.py:161} INFO - Processing /mnt/c/Users/ander/Desktop/airflow-spark/airflow-spark/curso2/ambientepython/lib/python3.9/site-packages/airflow/example_dags/tutorial_etl_dag.py took 0.221 seconds
[2025-01-15 23:41:49,199] {processor.py:153} INFO - Started process (PID=33948) to work on /mnt/c/Users/ander/Desktop/airflow-spark/airflow-spark/curso2/ambientepython/lib/python3.9/site-packages/airflow/example_dags/tutorial_etl_dag.py
[2025-01-15 23:41:49,200] {processor.py:641} INFO - Processing file /mnt/c/Users/ander/Desktop/airflow-spark/airflow-spark/curso2/ambientepython/lib/python3.9/site-packages/airflow/example_dags/tutorial_etl_dag.py for tasks to queue
[2025-01-15 23:41:49,201] {logging_mixin.py:115} INFO - [2025-01-15 23:41:49,201] {dagbag.py:507} INFO - Filling up the DagBag from /mnt/c/Users/ander/Desktop/airflow-spark/airflow-spark/curso2/ambientepython/lib/python3.9/site-packages/airflow/example_dags/tutorial_etl_dag.py
[2025-01-15 23:41:49,246] {processor.py:651} INFO - DAG(s) dict_keys(['tutorial_etl_dag']) retrieved from /mnt/c/Users/ander/Desktop/airflow-spark/airflow-spark/curso2/ambientepython/lib/python3.9/site-packages/airflow/example_dags/tutorial_etl_dag.py
[2025-01-15 23:41:49,292] {logging_mixin.py:115} INFO - [2025-01-15 23:41:49,292] {dag.py:2379} INFO - Sync 1 DAGs
[2025-01-15 23:41:49,327] {logging_mixin.py:115} INFO - [2025-01-15 23:41:49,326] {dag.py:2927} INFO - Setting next_dagrun for tutorial_etl_dag to None, run_after=None
[2025-01-15 23:41:49,376] {processor.py:161} INFO - Processing /mnt/c/Users/ander/Desktop/airflow-spark/airflow-spark/curso2/ambientepython/lib/python3.9/site-packages/airflow/example_dags/tutorial_etl_dag.py took 0.181 seconds
[2025-01-15 23:42:21,887] {processor.py:153} INFO - Started process (PID=34063) to work on /mnt/c/Users/ander/Desktop/airflow-spark/airflow-spark/curso2/ambientepython/lib/python3.9/site-packages/airflow/example_dags/tutorial_etl_dag.py
[2025-01-15 23:42:21,888] {processor.py:641} INFO - Processing file /mnt/c/Users/ander/Desktop/airflow-spark/airflow-spark/curso2/ambientepython/lib/python3.9/site-packages/airflow/example_dags/tutorial_etl_dag.py for tasks to queue
[2025-01-15 23:42:21,889] {logging_mixin.py:115} INFO - [2025-01-15 23:42:21,889] {dagbag.py:507} INFO - Filling up the DagBag from /mnt/c/Users/ander/Desktop/airflow-spark/airflow-spark/curso2/ambientepython/lib/python3.9/site-packages/airflow/example_dags/tutorial_etl_dag.py
[2025-01-15 23:42:21,930] {processor.py:651} INFO - DAG(s) dict_keys(['tutorial_etl_dag']) retrieved from /mnt/c/Users/ander/Desktop/airflow-spark/airflow-spark/curso2/ambientepython/lib/python3.9/site-packages/airflow/example_dags/tutorial_etl_dag.py
[2025-01-15 23:42:21,968] {logging_mixin.py:115} INFO - [2025-01-15 23:42:21,967] {dag.py:2379} INFO - Sync 1 DAGs
[2025-01-15 23:42:22,001] {logging_mixin.py:115} INFO - [2025-01-15 23:42:22,000] {dag.py:2927} INFO - Setting next_dagrun for tutorial_etl_dag to None, run_after=None
[2025-01-15 23:42:22,043] {processor.py:161} INFO - Processing /mnt/c/Users/ander/Desktop/airflow-spark/airflow-spark/curso2/ambientepython/lib/python3.9/site-packages/airflow/example_dags/tutorial_etl_dag.py took 0.160 seconds
[2025-01-15 23:43:05,621] {processor.py:153} INFO - Started process (PID=34271) to work on /mnt/c/Users/ander/Desktop/airflow-spark/airflow-spark/curso2/ambientepython/lib/python3.9/site-packages/airflow/example_dags/tutorial_etl_dag.py
[2025-01-15 23:43:05,623] {processor.py:641} INFO - Processing file /mnt/c/Users/ander/Desktop/airflow-spark/airflow-spark/curso2/ambientepython/lib/python3.9/site-packages/airflow/example_dags/tutorial_etl_dag.py for tasks to queue
[2025-01-15 23:43:05,624] {logging_mixin.py:115} INFO - [2025-01-15 23:43:05,624] {dagbag.py:507} INFO - Filling up the DagBag from /mnt/c/Users/ander/Desktop/airflow-spark/airflow-spark/curso2/ambientepython/lib/python3.9/site-packages/airflow/example_dags/tutorial_etl_dag.py
[2025-01-15 23:43:05,674] {processor.py:651} INFO - DAG(s) dict_keys(['tutorial_etl_dag']) retrieved from /mnt/c/Users/ander/Desktop/airflow-spark/airflow-spark/curso2/ambientepython/lib/python3.9/site-packages/airflow/example_dags/tutorial_etl_dag.py
[2025-01-15 23:43:05,718] {logging_mixin.py:115} INFO - [2025-01-15 23:43:05,718] {dag.py:2379} INFO - Sync 1 DAGs
[2025-01-15 23:43:05,749] {logging_mixin.py:115} INFO - [2025-01-15 23:43:05,749] {dag.py:2927} INFO - Setting next_dagrun for tutorial_etl_dag to None, run_after=None
[2025-01-15 23:43:05,802] {processor.py:161} INFO - Processing /mnt/c/Users/ander/Desktop/airflow-spark/airflow-spark/curso2/ambientepython/lib/python3.9/site-packages/airflow/example_dags/tutorial_etl_dag.py took 0.185 seconds
[2025-01-15 23:43:54,931] {processor.py:153} INFO - Started process (PID=34452) to work on /mnt/c/Users/ander/Desktop/airflow-spark/airflow-spark/curso2/ambientepython/lib/python3.9/site-packages/airflow/example_dags/tutorial_etl_dag.py
[2025-01-15 23:43:54,933] {processor.py:641} INFO - Processing file /mnt/c/Users/ander/Desktop/airflow-spark/airflow-spark/curso2/ambientepython/lib/python3.9/site-packages/airflow/example_dags/tutorial_etl_dag.py for tasks to queue
[2025-01-15 23:43:54,934] {logging_mixin.py:115} INFO - [2025-01-15 23:43:54,934] {dagbag.py:507} INFO - Filling up the DagBag from /mnt/c/Users/ander/Desktop/airflow-spark/airflow-spark/curso2/ambientepython/lib/python3.9/site-packages/airflow/example_dags/tutorial_etl_dag.py
[2025-01-15 23:43:54,980] {processor.py:651} INFO - DAG(s) dict_keys(['tutorial_etl_dag']) retrieved from /mnt/c/Users/ander/Desktop/airflow-spark/airflow-spark/curso2/ambientepython/lib/python3.9/site-packages/airflow/example_dags/tutorial_etl_dag.py
[2025-01-15 23:43:55,023] {logging_mixin.py:115} INFO - [2025-01-15 23:43:55,023] {dag.py:2379} INFO - Sync 1 DAGs
[2025-01-15 23:43:55,055] {logging_mixin.py:115} INFO - [2025-01-15 23:43:55,055] {dag.py:2927} INFO - Setting next_dagrun for tutorial_etl_dag to None, run_after=None
[2025-01-15 23:43:55,108] {processor.py:161} INFO - Processing /mnt/c/Users/ander/Desktop/airflow-spark/airflow-spark/curso2/ambientepython/lib/python3.9/site-packages/airflow/example_dags/tutorial_etl_dag.py took 0.180 seconds
[2025-01-15 23:44:32,584] {processor.py:153} INFO - Started process (PID=34588) to work on /mnt/c/Users/ander/Desktop/airflow-spark/airflow-spark/curso2/ambientepython/lib/python3.9/site-packages/airflow/example_dags/tutorial_etl_dag.py
[2025-01-15 23:44:32,586] {processor.py:641} INFO - Processing file /mnt/c/Users/ander/Desktop/airflow-spark/airflow-spark/curso2/ambientepython/lib/python3.9/site-packages/airflow/example_dags/tutorial_etl_dag.py for tasks to queue
[2025-01-15 23:44:32,589] {logging_mixin.py:115} INFO - [2025-01-15 23:44:32,589] {dagbag.py:507} INFO - Filling up the DagBag from /mnt/c/Users/ander/Desktop/airflow-spark/airflow-spark/curso2/ambientepython/lib/python3.9/site-packages/airflow/example_dags/tutorial_etl_dag.py
[2025-01-15 23:44:32,642] {processor.py:651} INFO - DAG(s) dict_keys(['tutorial_etl_dag']) retrieved from /mnt/c/Users/ander/Desktop/airflow-spark/airflow-spark/curso2/ambientepython/lib/python3.9/site-packages/airflow/example_dags/tutorial_etl_dag.py
[2025-01-15 23:44:32,690] {logging_mixin.py:115} INFO - [2025-01-15 23:44:32,689] {dag.py:2379} INFO - Sync 1 DAGs
[2025-01-15 23:44:32,727] {logging_mixin.py:115} INFO - [2025-01-15 23:44:32,727] {dag.py:2927} INFO - Setting next_dagrun for tutorial_etl_dag to None, run_after=None
[2025-01-15 23:44:32,787] {processor.py:161} INFO - Processing /mnt/c/Users/ander/Desktop/airflow-spark/airflow-spark/curso2/ambientepython/lib/python3.9/site-packages/airflow/example_dags/tutorial_etl_dag.py took 0.207 seconds
[2025-01-15 23:45:09,468] {processor.py:153} INFO - Started process (PID=34718) to work on /mnt/c/Users/ander/Desktop/airflow-spark/airflow-spark/curso2/ambientepython/lib/python3.9/site-packages/airflow/example_dags/tutorial_etl_dag.py
[2025-01-15 23:45:09,469] {processor.py:641} INFO - Processing file /mnt/c/Users/ander/Desktop/airflow-spark/airflow-spark/curso2/ambientepython/lib/python3.9/site-packages/airflow/example_dags/tutorial_etl_dag.py for tasks to queue
[2025-01-15 23:45:09,470] {logging_mixin.py:115} INFO - [2025-01-15 23:45:09,470] {dagbag.py:507} INFO - Filling up the DagBag from /mnt/c/Users/ander/Desktop/airflow-spark/airflow-spark/curso2/ambientepython/lib/python3.9/site-packages/airflow/example_dags/tutorial_etl_dag.py
[2025-01-15 23:45:09,517] {processor.py:651} INFO - DAG(s) dict_keys(['tutorial_etl_dag']) retrieved from /mnt/c/Users/ander/Desktop/airflow-spark/airflow-spark/curso2/ambientepython/lib/python3.9/site-packages/airflow/example_dags/tutorial_etl_dag.py
[2025-01-15 23:45:09,560] {logging_mixin.py:115} INFO - [2025-01-15 23:45:09,559] {dag.py:2379} INFO - Sync 1 DAGs
[2025-01-15 23:45:09,595] {logging_mixin.py:115} INFO - [2025-01-15 23:45:09,594] {dag.py:2927} INFO - Setting next_dagrun for tutorial_etl_dag to None, run_after=None
[2025-01-15 23:45:09,647] {processor.py:161} INFO - Processing /mnt/c/Users/ander/Desktop/airflow-spark/airflow-spark/curso2/ambientepython/lib/python3.9/site-packages/airflow/example_dags/tutorial_etl_dag.py took 0.183 seconds
[2025-01-15 23:45:54,095] {processor.py:153} INFO - Started process (PID=34879) to work on /mnt/c/Users/ander/Desktop/airflow-spark/airflow-spark/curso2/ambientepython/lib/python3.9/site-packages/airflow/example_dags/tutorial_etl_dag.py
[2025-01-15 23:45:54,096] {processor.py:641} INFO - Processing file /mnt/c/Users/ander/Desktop/airflow-spark/airflow-spark/curso2/ambientepython/lib/python3.9/site-packages/airflow/example_dags/tutorial_etl_dag.py for tasks to queue
[2025-01-15 23:45:54,097] {logging_mixin.py:115} INFO - [2025-01-15 23:45:54,097] {dagbag.py:507} INFO - Filling up the DagBag from /mnt/c/Users/ander/Desktop/airflow-spark/airflow-spark/curso2/ambientepython/lib/python3.9/site-packages/airflow/example_dags/tutorial_etl_dag.py
[2025-01-15 23:45:54,138] {processor.py:651} INFO - DAG(s) dict_keys(['tutorial_etl_dag']) retrieved from /mnt/c/Users/ander/Desktop/airflow-spark/airflow-spark/curso2/ambientepython/lib/python3.9/site-packages/airflow/example_dags/tutorial_etl_dag.py
[2025-01-15 23:45:54,176] {logging_mixin.py:115} INFO - [2025-01-15 23:45:54,176] {dag.py:2379} INFO - Sync 1 DAGs
[2025-01-15 23:45:54,205] {logging_mixin.py:115} INFO - [2025-01-15 23:45:54,205] {dag.py:2927} INFO - Setting next_dagrun for tutorial_etl_dag to None, run_after=None
[2025-01-15 23:45:54,245] {processor.py:161} INFO - Processing /mnt/c/Users/ander/Desktop/airflow-spark/airflow-spark/curso2/ambientepython/lib/python3.9/site-packages/airflow/example_dags/tutorial_etl_dag.py took 0.154 seconds
[2025-01-15 23:46:39,942] {processor.py:153} INFO - Started process (PID=35047) to work on /mnt/c/Users/ander/Desktop/airflow-spark/airflow-spark/curso2/ambientepython/lib/python3.9/site-packages/airflow/example_dags/tutorial_etl_dag.py
[2025-01-15 23:46:39,943] {processor.py:641} INFO - Processing file /mnt/c/Users/ander/Desktop/airflow-spark/airflow-spark/curso2/ambientepython/lib/python3.9/site-packages/airflow/example_dags/tutorial_etl_dag.py for tasks to queue
[2025-01-15 23:46:39,944] {logging_mixin.py:115} INFO - [2025-01-15 23:46:39,944] {dagbag.py:507} INFO - Filling up the DagBag from /mnt/c/Users/ander/Desktop/airflow-spark/airflow-spark/curso2/ambientepython/lib/python3.9/site-packages/airflow/example_dags/tutorial_etl_dag.py
[2025-01-15 23:46:39,987] {processor.py:651} INFO - DAG(s) dict_keys(['tutorial_etl_dag']) retrieved from /mnt/c/Users/ander/Desktop/airflow-spark/airflow-spark/curso2/ambientepython/lib/python3.9/site-packages/airflow/example_dags/tutorial_etl_dag.py
[2025-01-15 23:46:40,025] {logging_mixin.py:115} INFO - [2025-01-15 23:46:40,025] {dag.py:2379} INFO - Sync 1 DAGs
[2025-01-15 23:46:40,053] {logging_mixin.py:115} INFO - [2025-01-15 23:46:40,053] {dag.py:2927} INFO - Setting next_dagrun for tutorial_etl_dag to None, run_after=None
[2025-01-15 23:46:40,096] {processor.py:161} INFO - Processing /mnt/c/Users/ander/Desktop/airflow-spark/airflow-spark/curso2/ambientepython/lib/python3.9/site-packages/airflow/example_dags/tutorial_etl_dag.py took 0.157 seconds
[2025-01-15 23:47:20,831] {processor.py:153} INFO - Started process (PID=35194) to work on /mnt/c/Users/ander/Desktop/airflow-spark/airflow-spark/curso2/ambientepython/lib/python3.9/site-packages/airflow/example_dags/tutorial_etl_dag.py
[2025-01-15 23:47:20,833] {processor.py:641} INFO - Processing file /mnt/c/Users/ander/Desktop/airflow-spark/airflow-spark/curso2/ambientepython/lib/python3.9/site-packages/airflow/example_dags/tutorial_etl_dag.py for tasks to queue
[2025-01-15 23:47:20,834] {logging_mixin.py:115} INFO - [2025-01-15 23:47:20,834] {dagbag.py:507} INFO - Filling up the DagBag from /mnt/c/Users/ander/Desktop/airflow-spark/airflow-spark/curso2/ambientepython/lib/python3.9/site-packages/airflow/example_dags/tutorial_etl_dag.py
[2025-01-15 23:47:20,873] {processor.py:651} INFO - DAG(s) dict_keys(['tutorial_etl_dag']) retrieved from /mnt/c/Users/ander/Desktop/airflow-spark/airflow-spark/curso2/ambientepython/lib/python3.9/site-packages/airflow/example_dags/tutorial_etl_dag.py
[2025-01-15 23:47:20,910] {logging_mixin.py:115} INFO - [2025-01-15 23:47:20,910] {dag.py:2379} INFO - Sync 1 DAGs
[2025-01-15 23:47:20,941] {logging_mixin.py:115} INFO - [2025-01-15 23:47:20,941] {dag.py:2927} INFO - Setting next_dagrun for tutorial_etl_dag to None, run_after=None
[2025-01-15 23:47:20,982] {processor.py:161} INFO - Processing /mnt/c/Users/ander/Desktop/airflow-spark/airflow-spark/curso2/ambientepython/lib/python3.9/site-packages/airflow/example_dags/tutorial_etl_dag.py took 0.155 seconds
[2025-01-15 23:48:06,201] {processor.py:153} INFO - Started process (PID=35407) to work on /mnt/c/Users/ander/Desktop/airflow-spark/airflow-spark/curso2/ambientepython/lib/python3.9/site-packages/airflow/example_dags/tutorial_etl_dag.py
[2025-01-15 23:48:06,203] {processor.py:641} INFO - Processing file /mnt/c/Users/ander/Desktop/airflow-spark/airflow-spark/curso2/ambientepython/lib/python3.9/site-packages/airflow/example_dags/tutorial_etl_dag.py for tasks to queue
[2025-01-15 23:48:06,204] {logging_mixin.py:115} INFO - [2025-01-15 23:48:06,204] {dagbag.py:507} INFO - Filling up the DagBag from /mnt/c/Users/ander/Desktop/airflow-spark/airflow-spark/curso2/ambientepython/lib/python3.9/site-packages/airflow/example_dags/tutorial_etl_dag.py
[2025-01-15 23:48:06,255] {processor.py:651} INFO - DAG(s) dict_keys(['tutorial_etl_dag']) retrieved from /mnt/c/Users/ander/Desktop/airflow-spark/airflow-spark/curso2/ambientepython/lib/python3.9/site-packages/airflow/example_dags/tutorial_etl_dag.py
[2025-01-15 23:48:06,298] {logging_mixin.py:115} INFO - [2025-01-15 23:48:06,298] {dag.py:2379} INFO - Sync 1 DAGs
[2025-01-15 23:48:06,337] {logging_mixin.py:115} INFO - [2025-01-15 23:48:06,337] {dag.py:2927} INFO - Setting next_dagrun for tutorial_etl_dag to None, run_after=None
[2025-01-15 23:48:06,396] {processor.py:161} INFO - Processing /mnt/c/Users/ander/Desktop/airflow-spark/airflow-spark/curso2/ambientepython/lib/python3.9/site-packages/airflow/example_dags/tutorial_etl_dag.py took 0.198 seconds
[2025-01-15 23:48:50,498] {processor.py:153} INFO - Started process (PID=35567) to work on /mnt/c/Users/ander/Desktop/airflow-spark/airflow-spark/curso2/ambientepython/lib/python3.9/site-packages/airflow/example_dags/tutorial_etl_dag.py
[2025-01-15 23:48:50,500] {processor.py:641} INFO - Processing file /mnt/c/Users/ander/Desktop/airflow-spark/airflow-spark/curso2/ambientepython/lib/python3.9/site-packages/airflow/example_dags/tutorial_etl_dag.py for tasks to queue
[2025-01-15 23:48:50,501] {logging_mixin.py:115} INFO - [2025-01-15 23:48:50,501] {dagbag.py:507} INFO - Filling up the DagBag from /mnt/c/Users/ander/Desktop/airflow-spark/airflow-spark/curso2/ambientepython/lib/python3.9/site-packages/airflow/example_dags/tutorial_etl_dag.py
[2025-01-15 23:48:50,574] {processor.py:651} INFO - DAG(s) dict_keys(['tutorial_etl_dag']) retrieved from /mnt/c/Users/ander/Desktop/airflow-spark/airflow-spark/curso2/ambientepython/lib/python3.9/site-packages/airflow/example_dags/tutorial_etl_dag.py
[2025-01-15 23:48:50,622] {logging_mixin.py:115} INFO - [2025-01-15 23:48:50,622] {dag.py:2379} INFO - Sync 1 DAGs
[2025-01-15 23:48:50,663] {logging_mixin.py:115} INFO - [2025-01-15 23:48:50,663] {dag.py:2927} INFO - Setting next_dagrun for tutorial_etl_dag to None, run_after=None
[2025-01-15 23:48:50,718] {processor.py:161} INFO - Processing /mnt/c/Users/ander/Desktop/airflow-spark/airflow-spark/curso2/ambientepython/lib/python3.9/site-packages/airflow/example_dags/tutorial_etl_dag.py took 0.225 seconds
[2025-01-15 23:49:24,491] {processor.py:153} INFO - Started process (PID=35693) to work on /mnt/c/Users/ander/Desktop/airflow-spark/airflow-spark/curso2/ambientepython/lib/python3.9/site-packages/airflow/example_dags/tutorial_etl_dag.py
[2025-01-15 23:49:24,492] {processor.py:641} INFO - Processing file /mnt/c/Users/ander/Desktop/airflow-spark/airflow-spark/curso2/ambientepython/lib/python3.9/site-packages/airflow/example_dags/tutorial_etl_dag.py for tasks to queue
[2025-01-15 23:49:24,493] {logging_mixin.py:115} INFO - [2025-01-15 23:49:24,493] {dagbag.py:507} INFO - Filling up the DagBag from /mnt/c/Users/ander/Desktop/airflow-spark/airflow-spark/curso2/ambientepython/lib/python3.9/site-packages/airflow/example_dags/tutorial_etl_dag.py
[2025-01-15 23:49:24,539] {processor.py:651} INFO - DAG(s) dict_keys(['tutorial_etl_dag']) retrieved from /mnt/c/Users/ander/Desktop/airflow-spark/airflow-spark/curso2/ambientepython/lib/python3.9/site-packages/airflow/example_dags/tutorial_etl_dag.py
[2025-01-15 23:49:24,584] {logging_mixin.py:115} INFO - [2025-01-15 23:49:24,584] {dag.py:2379} INFO - Sync 1 DAGs
[2025-01-15 23:49:24,620] {logging_mixin.py:115} INFO - [2025-01-15 23:49:24,620] {dag.py:2927} INFO - Setting next_dagrun for tutorial_etl_dag to None, run_after=None
[2025-01-15 23:49:24,672] {processor.py:161} INFO - Processing /mnt/c/Users/ander/Desktop/airflow-spark/airflow-spark/curso2/ambientepython/lib/python3.9/site-packages/airflow/example_dags/tutorial_etl_dag.py took 0.186 seconds
[2025-01-15 23:50:09,311] {processor.py:153} INFO - Started process (PID=35857) to work on /mnt/c/Users/ander/Desktop/airflow-spark/airflow-spark/curso2/ambientepython/lib/python3.9/site-packages/airflow/example_dags/tutorial_etl_dag.py
[2025-01-15 23:50:09,312] {processor.py:641} INFO - Processing file /mnt/c/Users/ander/Desktop/airflow-spark/airflow-spark/curso2/ambientepython/lib/python3.9/site-packages/airflow/example_dags/tutorial_etl_dag.py for tasks to queue
[2025-01-15 23:50:09,313] {logging_mixin.py:115} INFO - [2025-01-15 23:50:09,313] {dagbag.py:507} INFO - Filling up the DagBag from /mnt/c/Users/ander/Desktop/airflow-spark/airflow-spark/curso2/ambientepython/lib/python3.9/site-packages/airflow/example_dags/tutorial_etl_dag.py
[2025-01-15 23:50:09,366] {processor.py:651} INFO - DAG(s) dict_keys(['tutorial_etl_dag']) retrieved from /mnt/c/Users/ander/Desktop/airflow-spark/airflow-spark/curso2/ambientepython/lib/python3.9/site-packages/airflow/example_dags/tutorial_etl_dag.py
[2025-01-15 23:50:09,406] {logging_mixin.py:115} INFO - [2025-01-15 23:50:09,406] {dag.py:2379} INFO - Sync 1 DAGs
[2025-01-15 23:50:09,438] {logging_mixin.py:115} INFO - [2025-01-15 23:50:09,438] {dag.py:2927} INFO - Setting next_dagrun for tutorial_etl_dag to None, run_after=None
[2025-01-15 23:50:09,484] {processor.py:161} INFO - Processing /mnt/c/Users/ander/Desktop/airflow-spark/airflow-spark/curso2/ambientepython/lib/python3.9/site-packages/airflow/example_dags/tutorial_etl_dag.py took 0.177 seconds
[2025-01-15 23:50:57,590] {processor.py:153} INFO - Started process (PID=36026) to work on /mnt/c/Users/ander/Desktop/airflow-spark/airflow-spark/curso2/ambientepython/lib/python3.9/site-packages/airflow/example_dags/tutorial_etl_dag.py
[2025-01-15 23:50:57,592] {processor.py:641} INFO - Processing file /mnt/c/Users/ander/Desktop/airflow-spark/airflow-spark/curso2/ambientepython/lib/python3.9/site-packages/airflow/example_dags/tutorial_etl_dag.py for tasks to queue
[2025-01-15 23:50:57,593] {logging_mixin.py:115} INFO - [2025-01-15 23:50:57,593] {dagbag.py:507} INFO - Filling up the DagBag from /mnt/c/Users/ander/Desktop/airflow-spark/airflow-spark/curso2/ambientepython/lib/python3.9/site-packages/airflow/example_dags/tutorial_etl_dag.py
[2025-01-15 23:50:57,670] {processor.py:651} INFO - DAG(s) dict_keys(['tutorial_etl_dag']) retrieved from /mnt/c/Users/ander/Desktop/airflow-spark/airflow-spark/curso2/ambientepython/lib/python3.9/site-packages/airflow/example_dags/tutorial_etl_dag.py
[2025-01-15 23:50:57,727] {logging_mixin.py:115} INFO - [2025-01-15 23:50:57,726] {dag.py:2379} INFO - Sync 1 DAGs
[2025-01-15 23:50:57,766] {logging_mixin.py:115} INFO - [2025-01-15 23:50:57,766] {dag.py:2927} INFO - Setting next_dagrun for tutorial_etl_dag to None, run_after=None
[2025-01-15 23:50:57,828] {processor.py:161} INFO - Processing /mnt/c/Users/ander/Desktop/airflow-spark/airflow-spark/curso2/ambientepython/lib/python3.9/site-packages/airflow/example_dags/tutorial_etl_dag.py took 0.243 seconds
[2025-01-15 23:51:44,703] {processor.py:153} INFO - Started process (PID=36200) to work on /mnt/c/Users/ander/Desktop/airflow-spark/airflow-spark/curso2/ambientepython/lib/python3.9/site-packages/airflow/example_dags/tutorial_etl_dag.py
[2025-01-15 23:51:44,704] {processor.py:641} INFO - Processing file /mnt/c/Users/ander/Desktop/airflow-spark/airflow-spark/curso2/ambientepython/lib/python3.9/site-packages/airflow/example_dags/tutorial_etl_dag.py for tasks to queue
[2025-01-15 23:51:44,705] {logging_mixin.py:115} INFO - [2025-01-15 23:51:44,705] {dagbag.py:507} INFO - Filling up the DagBag from /mnt/c/Users/ander/Desktop/airflow-spark/airflow-spark/curso2/ambientepython/lib/python3.9/site-packages/airflow/example_dags/tutorial_etl_dag.py
[2025-01-15 23:51:44,765] {processor.py:651} INFO - DAG(s) dict_keys(['tutorial_etl_dag']) retrieved from /mnt/c/Users/ander/Desktop/airflow-spark/airflow-spark/curso2/ambientepython/lib/python3.9/site-packages/airflow/example_dags/tutorial_etl_dag.py
[2025-01-15 23:51:44,815] {logging_mixin.py:115} INFO - [2025-01-15 23:51:44,815] {dag.py:2379} INFO - Sync 1 DAGs
[2025-01-15 23:51:44,853] {logging_mixin.py:115} INFO - [2025-01-15 23:51:44,853] {dag.py:2927} INFO - Setting next_dagrun for tutorial_etl_dag to None, run_after=None
[2025-01-15 23:51:44,962] {processor.py:161} INFO - Processing /mnt/c/Users/ander/Desktop/airflow-spark/airflow-spark/curso2/ambientepython/lib/python3.9/site-packages/airflow/example_dags/tutorial_etl_dag.py took 0.263 seconds
[2025-01-15 23:52:19,769] {processor.py:153} INFO - Started process (PID=36321) to work on /mnt/c/Users/ander/Desktop/airflow-spark/airflow-spark/curso2/ambientepython/lib/python3.9/site-packages/airflow/example_dags/tutorial_etl_dag.py
[2025-01-15 23:52:19,772] {processor.py:641} INFO - Processing file /mnt/c/Users/ander/Desktop/airflow-spark/airflow-spark/curso2/ambientepython/lib/python3.9/site-packages/airflow/example_dags/tutorial_etl_dag.py for tasks to queue
[2025-01-15 23:52:19,774] {logging_mixin.py:115} INFO - [2025-01-15 23:52:19,773] {dagbag.py:507} INFO - Filling up the DagBag from /mnt/c/Users/ander/Desktop/airflow-spark/airflow-spark/curso2/ambientepython/lib/python3.9/site-packages/airflow/example_dags/tutorial_etl_dag.py
[2025-01-15 23:52:19,829] {processor.py:651} INFO - DAG(s) dict_keys(['tutorial_etl_dag']) retrieved from /mnt/c/Users/ander/Desktop/airflow-spark/airflow-spark/curso2/ambientepython/lib/python3.9/site-packages/airflow/example_dags/tutorial_etl_dag.py
[2025-01-15 23:52:19,876] {logging_mixin.py:115} INFO - [2025-01-15 23:52:19,876] {dag.py:2379} INFO - Sync 1 DAGs
[2025-01-15 23:52:19,915] {logging_mixin.py:115} INFO - [2025-01-15 23:52:19,915] {dag.py:2927} INFO - Setting next_dagrun for tutorial_etl_dag to None, run_after=None
[2025-01-15 23:52:19,981] {processor.py:161} INFO - Processing /mnt/c/Users/ander/Desktop/airflow-spark/airflow-spark/curso2/ambientepython/lib/python3.9/site-packages/airflow/example_dags/tutorial_etl_dag.py took 0.217 seconds
[2025-01-15 23:52:56,628] {processor.py:153} INFO - Started process (PID=36451) to work on /mnt/c/Users/ander/Desktop/airflow-spark/airflow-spark/curso2/ambientepython/lib/python3.9/site-packages/airflow/example_dags/tutorial_etl_dag.py
[2025-01-15 23:52:56,629] {processor.py:641} INFO - Processing file /mnt/c/Users/ander/Desktop/airflow-spark/airflow-spark/curso2/ambientepython/lib/python3.9/site-packages/airflow/example_dags/tutorial_etl_dag.py for tasks to queue
[2025-01-15 23:52:56,630] {logging_mixin.py:115} INFO - [2025-01-15 23:52:56,630] {dagbag.py:507} INFO - Filling up the DagBag from /mnt/c/Users/ander/Desktop/airflow-spark/airflow-spark/curso2/ambientepython/lib/python3.9/site-packages/airflow/example_dags/tutorial_etl_dag.py
[2025-01-15 23:52:56,675] {processor.py:651} INFO - DAG(s) dict_keys(['tutorial_etl_dag']) retrieved from /mnt/c/Users/ander/Desktop/airflow-spark/airflow-spark/curso2/ambientepython/lib/python3.9/site-packages/airflow/example_dags/tutorial_etl_dag.py
[2025-01-15 23:52:56,718] {logging_mixin.py:115} INFO - [2025-01-15 23:52:56,718] {dag.py:2379} INFO - Sync 1 DAGs
[2025-01-15 23:52:56,754] {logging_mixin.py:115} INFO - [2025-01-15 23:52:56,754] {dag.py:2927} INFO - Setting next_dagrun for tutorial_etl_dag to None, run_after=None
[2025-01-15 23:52:56,804] {processor.py:161} INFO - Processing /mnt/c/Users/ander/Desktop/airflow-spark/airflow-spark/curso2/ambientepython/lib/python3.9/site-packages/airflow/example_dags/tutorial_etl_dag.py took 0.181 seconds
