[2025-01-15 23:30:57,381] {taskinstance.py:1159} INFO - Dependencies all met for <TaskInstance: TwitterDAG.twitter_datascience scheduled__2025-01-10T00:00:00+00:00 [queued]>
[2025-01-15 23:30:57,403] {taskinstance.py:1159} INFO - Dependencies all met for <TaskInstance: TwitterDAG.twitter_datascience scheduled__2025-01-10T00:00:00+00:00 [queued]>
[2025-01-15 23:30:57,403] {taskinstance.py:1356} INFO - 
--------------------------------------------------------------------------------
[2025-01-15 23:30:57,404] {taskinstance.py:1357} INFO - Starting attempt 1 of 1
[2025-01-15 23:30:57,404] {taskinstance.py:1358} INFO - 
--------------------------------------------------------------------------------
[2025-01-15 23:30:57,461] {taskinstance.py:1377} INFO - Executing <Task(TwitterOperator): twitter_datascience> on 2025-01-10 00:00:00+00:00
[2025-01-15 23:30:57,465] {standard_task_runner.py:52} INFO - Started process 30637 to run task
[2025-01-15 23:30:57,477] {standard_task_runner.py:79} INFO - Running: ['airflow', 'tasks', 'run', 'TwitterDAG', 'twitter_datascience', 'scheduled__2025-01-10T00:00:00+00:00', '--job-id', '3', '--raw', '--subdir', 'DAGS_FOLDER/twitter_dag.py', '--cfg-path', '/tmp/tmp5oofuwpe', '--error-file', '/tmp/tmpgx1klyb1']
[2025-01-15 23:30:57,479] {standard_task_runner.py:80} INFO - Job 3: Subtask twitter_datascience
[2025-01-15 23:30:57,606] {task_command.py:370} INFO - Running <TaskInstance: TwitterDAG.twitter_datascience scheduled__2025-01-10T00:00:00+00:00 [running]> on host ANDERSON.
[2025-01-15 23:30:57,759] {taskinstance.py:1569} INFO - Exporting the following env vars:
AIRFLOW_CTX_DAG_OWNER=airflow
AIRFLOW_CTX_DAG_ID=TwitterDAG
AIRFLOW_CTX_TASK_ID=twitter_datascience
AIRFLOW_CTX_EXECUTION_DATE=2025-01-10T00:00:00+00:00
AIRFLOW_CTX_TRY_NUMBER=1
AIRFLOW_CTX_DAG_RUN_ID=scheduled__2025-01-10T00:00:00+00:00
[2025-01-15 23:30:57,793] {base.py:68} INFO - Using connection ID 'twitter_default' for task execution.
[2025-01-15 23:30:57,795] {twitter_hook.py:34} INFO - URL: https://labdados.com//2/tweets/search/recent?query=datascience&tweet.fields=author_id,conversation_id,created_at,id,in_reply_to_user_id,public_metrics,lang,text&expansions=author_id&user.fields=id,name,username,created_at&start_time=2025-01-10T00:00:00.00Z&end_time=2025-01-11T00:00:00.00Z
[2025-01-15 23:30:58,461] {taskinstance.py:1395} INFO - Marking task as SUCCESS. dag_id=TwitterDAG, task_id=twitter_datascience, execution_date=20250110T000000, start_date=20250116T023057, end_date=20250116T023058
[2025-01-15 23:30:58,538] {local_task_job.py:156} INFO - Task exited with return code 0
[2025-01-15 23:30:58,590] {local_task_job.py:273} INFO - 0 downstream tasks scheduled from follow-on schedule check
