[2025-01-18 14:10:11,924] {processor.py:153} INFO - Started process (PID=12125) to work on /mnt/c/Users/ander/Desktop/airflow-spark/airflow-spark/curso2/airflow_pipeline/dags/twitter_dag.py
[2025-01-18 14:10:11,926] {processor.py:641} INFO - Processing file /mnt/c/Users/ander/Desktop/airflow-spark/airflow-spark/curso2/airflow_pipeline/dags/twitter_dag.py for tasks to queue
[2025-01-18 14:10:11,927] {logging_mixin.py:115} INFO - [2025-01-18 14:10:11,927] {dagbag.py:507} INFO - Filling up the DagBag from /mnt/c/Users/ander/Desktop/airflow-spark/airflow-spark/curso2/airflow_pipeline/dags/twitter_dag.py
[2025-01-18 14:10:12,071] {processor.py:651} INFO - DAG(s) dict_keys(['TwitterDAG']) retrieved from /mnt/c/Users/ander/Desktop/airflow-spark/airflow-spark/curso2/airflow_pipeline/dags/twitter_dag.py
[2025-01-18 14:10:12,152] {logging_mixin.py:115} INFO - [2025-01-18 14:10:12,152] {dag.py:2379} INFO - Sync 1 DAGs
[2025-01-18 14:10:12,182] {logging_mixin.py:115} INFO - [2025-01-18 14:10:12,182] {dag.py:2927} INFO - Setting next_dagrun for TwitterDAG to 2025-01-18T00:00:00+00:00, run_after=2025-01-19T00:00:00+00:00
[2025-01-18 14:10:12,228] {processor.py:161} INFO - Processing /mnt/c/Users/ander/Desktop/airflow-spark/airflow-spark/curso2/airflow_pipeline/dags/twitter_dag.py took 0.307 seconds
[2025-01-18 14:11:02,341] {processor.py:153} INFO - Started process (PID=12311) to work on /mnt/c/Users/ander/Desktop/airflow-spark/airflow-spark/curso2/airflow_pipeline/dags/twitter_dag.py
[2025-01-18 14:11:02,342] {processor.py:641} INFO - Processing file /mnt/c/Users/ander/Desktop/airflow-spark/airflow-spark/curso2/airflow_pipeline/dags/twitter_dag.py for tasks to queue
[2025-01-18 14:11:02,344] {logging_mixin.py:115} INFO - [2025-01-18 14:11:02,343] {dagbag.py:507} INFO - Filling up the DagBag from /mnt/c/Users/ander/Desktop/airflow-spark/airflow-spark/curso2/airflow_pipeline/dags/twitter_dag.py
[2025-01-18 14:11:02,513] {processor.py:651} INFO - DAG(s) dict_keys(['TwitterDAG']) retrieved from /mnt/c/Users/ander/Desktop/airflow-spark/airflow-spark/curso2/airflow_pipeline/dags/twitter_dag.py
[2025-01-18 14:11:02,556] {logging_mixin.py:115} INFO - [2025-01-18 14:11:02,556] {dag.py:2379} INFO - Sync 1 DAGs
[2025-01-18 14:11:02,593] {logging_mixin.py:115} INFO - [2025-01-18 14:11:02,593] {dag.py:2927} INFO - Setting next_dagrun for TwitterDAG to 2025-01-18T00:00:00+00:00, run_after=2025-01-19T00:00:00+00:00
[2025-01-18 14:11:02,641] {processor.py:161} INFO - Processing /mnt/c/Users/ander/Desktop/airflow-spark/airflow-spark/curso2/airflow_pipeline/dags/twitter_dag.py took 0.304 seconds
[2025-01-18 14:11:48,905] {processor.py:153} INFO - Started process (PID=12586) to work on /mnt/c/Users/ander/Desktop/airflow-spark/airflow-spark/curso2/airflow_pipeline/dags/twitter_dag.py
[2025-01-18 14:11:48,907] {processor.py:641} INFO - Processing file /mnt/c/Users/ander/Desktop/airflow-spark/airflow-spark/curso2/airflow_pipeline/dags/twitter_dag.py for tasks to queue
[2025-01-18 14:11:48,908] {logging_mixin.py:115} INFO - [2025-01-18 14:11:48,908] {dagbag.py:507} INFO - Filling up the DagBag from /mnt/c/Users/ander/Desktop/airflow-spark/airflow-spark/curso2/airflow_pipeline/dags/twitter_dag.py
[2025-01-18 14:11:49,060] {processor.py:651} INFO - DAG(s) dict_keys(['TwitterDAG']) retrieved from /mnt/c/Users/ander/Desktop/airflow-spark/airflow-spark/curso2/airflow_pipeline/dags/twitter_dag.py
[2025-01-18 14:11:49,100] {logging_mixin.py:115} INFO - [2025-01-18 14:11:49,100] {dag.py:2379} INFO - Sync 1 DAGs
[2025-01-18 14:11:49,132] {logging_mixin.py:115} INFO - [2025-01-18 14:11:49,132] {dag.py:2927} INFO - Setting next_dagrun for TwitterDAG to 2025-01-18T00:00:00+00:00, run_after=2025-01-19T00:00:00+00:00
[2025-01-18 14:11:49,178] {processor.py:161} INFO - Processing /mnt/c/Users/ander/Desktop/airflow-spark/airflow-spark/curso2/airflow_pipeline/dags/twitter_dag.py took 0.276 seconds
[2025-01-18 14:12:33,507] {processor.py:153} INFO - Started process (PID=12829) to work on /mnt/c/Users/ander/Desktop/airflow-spark/airflow-spark/curso2/airflow_pipeline/dags/twitter_dag.py
[2025-01-18 14:12:33,508] {processor.py:641} INFO - Processing file /mnt/c/Users/ander/Desktop/airflow-spark/airflow-spark/curso2/airflow_pipeline/dags/twitter_dag.py for tasks to queue
[2025-01-18 14:12:33,509] {logging_mixin.py:115} INFO - [2025-01-18 14:12:33,509] {dagbag.py:507} INFO - Filling up the DagBag from /mnt/c/Users/ander/Desktop/airflow-spark/airflow-spark/curso2/airflow_pipeline/dags/twitter_dag.py
[2025-01-18 14:12:33,630] {processor.py:651} INFO - DAG(s) dict_keys(['TwitterDAG']) retrieved from /mnt/c/Users/ander/Desktop/airflow-spark/airflow-spark/curso2/airflow_pipeline/dags/twitter_dag.py
[2025-01-18 14:12:33,666] {logging_mixin.py:115} INFO - [2025-01-18 14:12:33,666] {dag.py:2379} INFO - Sync 1 DAGs
[2025-01-18 14:12:33,697] {logging_mixin.py:115} INFO - [2025-01-18 14:12:33,697] {dag.py:2927} INFO - Setting next_dagrun for TwitterDAG to 2025-01-18T00:00:00+00:00, run_after=2025-01-19T00:00:00+00:00
[2025-01-18 14:12:33,736] {processor.py:161} INFO - Processing /mnt/c/Users/ander/Desktop/airflow-spark/airflow-spark/curso2/airflow_pipeline/dags/twitter_dag.py took 0.233 seconds
[2025-01-18 14:13:34,532] {processor.py:153} INFO - Started process (PID=13306) to work on /mnt/c/Users/ander/Desktop/airflow-spark/airflow-spark/curso2/airflow_pipeline/dags/twitter_dag.py
[2025-01-18 14:13:34,534] {processor.py:641} INFO - Processing file /mnt/c/Users/ander/Desktop/airflow-spark/airflow-spark/curso2/airflow_pipeline/dags/twitter_dag.py for tasks to queue
[2025-01-18 14:13:34,535] {logging_mixin.py:115} INFO - [2025-01-18 14:13:34,535] {dagbag.py:507} INFO - Filling up the DagBag from /mnt/c/Users/ander/Desktop/airflow-spark/airflow-spark/curso2/airflow_pipeline/dags/twitter_dag.py
[2025-01-18 14:13:34,692] {processor.py:651} INFO - DAG(s) dict_keys(['TwitterDAG']) retrieved from /mnt/c/Users/ander/Desktop/airflow-spark/airflow-spark/curso2/airflow_pipeline/dags/twitter_dag.py
[2025-01-18 14:13:34,742] {logging_mixin.py:115} INFO - [2025-01-18 14:13:34,742] {dag.py:2379} INFO - Sync 1 DAGs
[2025-01-18 14:13:34,778] {logging_mixin.py:115} INFO - [2025-01-18 14:13:34,778] {dag.py:2927} INFO - Setting next_dagrun for TwitterDAG to 2025-01-18T00:00:00+00:00, run_after=2025-01-19T00:00:00+00:00
[2025-01-18 14:13:34,828] {processor.py:161} INFO - Processing /mnt/c/Users/ander/Desktop/airflow-spark/airflow-spark/curso2/airflow_pipeline/dags/twitter_dag.py took 0.300 seconds
[2025-01-18 14:14:22,330] {processor.py:153} INFO - Started process (PID=13536) to work on /mnt/c/Users/ander/Desktop/airflow-spark/airflow-spark/curso2/airflow_pipeline/dags/twitter_dag.py
[2025-01-18 14:14:22,331] {processor.py:641} INFO - Processing file /mnt/c/Users/ander/Desktop/airflow-spark/airflow-spark/curso2/airflow_pipeline/dags/twitter_dag.py for tasks to queue
[2025-01-18 14:14:22,332] {logging_mixin.py:115} INFO - [2025-01-18 14:14:22,332] {dagbag.py:507} INFO - Filling up the DagBag from /mnt/c/Users/ander/Desktop/airflow-spark/airflow-spark/curso2/airflow_pipeline/dags/twitter_dag.py
[2025-01-18 14:14:22,459] {processor.py:651} INFO - DAG(s) dict_keys(['TwitterDAG']) retrieved from /mnt/c/Users/ander/Desktop/airflow-spark/airflow-spark/curso2/airflow_pipeline/dags/twitter_dag.py
[2025-01-18 14:14:22,497] {logging_mixin.py:115} INFO - [2025-01-18 14:14:22,497] {dag.py:2379} INFO - Sync 1 DAGs
[2025-01-18 14:14:22,531] {logging_mixin.py:115} INFO - [2025-01-18 14:14:22,531] {dag.py:2927} INFO - Setting next_dagrun for TwitterDAG to 2025-01-18T00:00:00+00:00, run_after=2025-01-19T00:00:00+00:00
[2025-01-18 14:14:22,572] {processor.py:161} INFO - Processing /mnt/c/Users/ander/Desktop/airflow-spark/airflow-spark/curso2/airflow_pipeline/dags/twitter_dag.py took 0.246 seconds
