[2025-01-26T10:24:10.136-0300] {processor.py:186} INFO - Started process (PID=1418) to work on /mnt/c/Users/ander/Desktop/airflow-spark/airflow-spark/curso2/airflow_pipeline/dags/twitter_dag.py
[2025-01-26T10:24:10.139-0300] {processor.py:914} INFO - Processing file /mnt/c/Users/ander/Desktop/airflow-spark/airflow-spark/curso2/airflow_pipeline/dags/twitter_dag.py for tasks to queue
[2025-01-26T10:24:10.143-0300] {logging_mixin.py:190} INFO - [2025-01-26T10:24:10.143-0300] {dagbag.py:588} INFO - Filling up the DagBag from /mnt/c/Users/ander/Desktop/airflow-spark/airflow-spark/curso2/airflow_pipeline/dags/twitter_dag.py
[2025-01-26T10:24:10.433-0300] {processor.py:925} INFO - DAG(s) 'TwitterDAG' retrieved from /mnt/c/Users/ander/Desktop/airflow-spark/airflow-spark/curso2/airflow_pipeline/dags/twitter_dag.py
[2025-01-26T10:24:14.283-0300] {logging_mixin.py:190} INFO - [2025-01-26T10:24:14.282-0300] {dag.py:3239} INFO - Sync 1 DAGs
[2025-01-26T10:24:14.378-0300] {logging_mixin.py:190} INFO - [2025-01-26T10:24:14.378-0300] {dag.py:4180} INFO - Setting next_dagrun for TwitterDAG to 2025-01-25T00:00:00+00:00, run_after=2025-01-26T00:00:00+00:00
[2025-01-26T10:24:14.578-0300] {processor.py:208} INFO - Processing /mnt/c/Users/ander/Desktop/airflow-spark/airflow-spark/curso2/airflow_pipeline/dags/twitter_dag.py took 4.463 seconds
[2025-01-26T10:26:31.532-0300] {processor.py:186} INFO - Started process (PID=2928) to work on /mnt/c/Users/ander/Desktop/airflow-spark/airflow-spark/curso2/airflow_pipeline/dags/twitter_dag.py
[2025-01-26T10:26:31.534-0300] {processor.py:914} INFO - Processing file /mnt/c/Users/ander/Desktop/airflow-spark/airflow-spark/curso2/airflow_pipeline/dags/twitter_dag.py for tasks to queue
[2025-01-26T10:26:31.537-0300] {logging_mixin.py:190} INFO - [2025-01-26T10:26:31.537-0300] {dagbag.py:588} INFO - Filling up the DagBag from /mnt/c/Users/ander/Desktop/airflow-spark/airflow-spark/curso2/airflow_pipeline/dags/twitter_dag.py
[2025-01-26T10:26:31.739-0300] {processor.py:925} INFO - DAG(s) 'TwitterDAG' retrieved from /mnt/c/Users/ander/Desktop/airflow-spark/airflow-spark/curso2/airflow_pipeline/dags/twitter_dag.py
[2025-01-26T10:26:33.397-0300] {logging_mixin.py:190} INFO - [2025-01-26T10:26:33.397-0300] {dag.py:3239} INFO - Sync 1 DAGs
[2025-01-26T10:26:33.417-0300] {logging_mixin.py:190} INFO - [2025-01-26T10:26:33.416-0300] {dag.py:3262} INFO - Creating ORM DAG for TwitterDAG
[2025-01-26T10:26:33.434-0300] {logging_mixin.py:190} INFO - [2025-01-26T10:26:33.433-0300] {dag.py:4180} INFO - Setting next_dagrun for TwitterDAG to 2025-01-20T00:00:00+00:00, run_after=2025-01-21T00:00:00+00:00
[2025-01-26T10:26:33.507-0300] {processor.py:208} INFO - Processing /mnt/c/Users/ander/Desktop/airflow-spark/airflow-spark/curso2/airflow_pipeline/dags/twitter_dag.py took 1.994 seconds
[2025-01-26T10:35:21.993-0300] {processor.py:186} INFO - Started process (PID=6462) to work on /mnt/c/Users/ander/Desktop/airflow-spark/airflow-spark/curso2/airflow_pipeline/dags/twitter_dag.py
[2025-01-26T10:35:22.005-0300] {processor.py:914} INFO - Processing file /mnt/c/Users/ander/Desktop/airflow-spark/airflow-spark/curso2/airflow_pipeline/dags/twitter_dag.py for tasks to queue
[2025-01-26T10:35:22.013-0300] {logging_mixin.py:190} INFO - [2025-01-26T10:35:22.011-0300] {dagbag.py:588} INFO - Filling up the DagBag from /mnt/c/Users/ander/Desktop/airflow-spark/airflow-spark/curso2/airflow_pipeline/dags/twitter_dag.py
[2025-01-26T10:35:22.640-0300] {processor.py:925} INFO - DAG(s) 'TwitterDAG' retrieved from /mnt/c/Users/ander/Desktop/airflow-spark/airflow-spark/curso2/airflow_pipeline/dags/twitter_dag.py
[2025-01-26T10:35:26.123-0300] {logging_mixin.py:190} INFO - [2025-01-26T10:35:26.123-0300] {dag.py:3239} INFO - Sync 1 DAGs
[2025-01-26T10:35:26.208-0300] {logging_mixin.py:190} INFO - [2025-01-26T10:35:26.208-0300] {dag.py:4180} INFO - Setting next_dagrun for TwitterDAG to 2025-01-25T00:00:00+00:00, run_after=2025-01-26T00:00:00+00:00
[2025-01-26T10:35:26.322-0300] {processor.py:208} INFO - Processing /mnt/c/Users/ander/Desktop/airflow-spark/airflow-spark/curso2/airflow_pipeline/dags/twitter_dag.py took 1.707 seconds
[2025-01-26T10:38:10.347-0300] {processor.py:186} INFO - Started process (PID=7876) to work on /mnt/c/Users/ander/Desktop/airflow-spark/airflow-spark/curso2/airflow_pipeline/dags/twitter_dag.py
[2025-01-26T10:38:10.349-0300] {processor.py:914} INFO - Processing file /mnt/c/Users/ander/Desktop/airflow-spark/airflow-spark/curso2/airflow_pipeline/dags/twitter_dag.py for tasks to queue
[2025-01-26T10:38:10.352-0300] {logging_mixin.py:190} INFO - [2025-01-26T10:38:10.352-0300] {dagbag.py:588} INFO - Filling up the DagBag from /mnt/c/Users/ander/Desktop/airflow-spark/airflow-spark/curso2/airflow_pipeline/dags/twitter_dag.py
[2025-01-26T10:38:10.493-0300] {processor.py:925} INFO - DAG(s) 'TwitterDAG' retrieved from /mnt/c/Users/ander/Desktop/airflow-spark/airflow-spark/curso2/airflow_pipeline/dags/twitter_dag.py
[2025-01-26T10:38:10.685-0300] {logging_mixin.py:190} INFO - [2025-01-26T10:38:10.684-0300] {dag.py:3239} INFO - Sync 1 DAGs
[2025-01-26T10:38:10.731-0300] {logging_mixin.py:190} INFO - [2025-01-26T10:38:10.731-0300] {dag.py:4180} INFO - Setting next_dagrun for TwitterDAG to 2025-01-26T00:00:00+00:00, run_after=2025-01-27T00:00:00+00:00
[2025-01-26T10:38:10.822-0300] {processor.py:208} INFO - Processing /mnt/c/Users/ander/Desktop/airflow-spark/airflow-spark/curso2/airflow_pipeline/dags/twitter_dag.py took 0.500 seconds
[2025-01-26T10:39:42.009-0300] {processor.py:186} INFO - Started process (PID=8306) to work on /mnt/c/Users/ander/Desktop/airflow-spark/airflow-spark/curso2/airflow_pipeline/dags/twitter_dag.py
[2025-01-26T10:39:42.011-0300] {processor.py:914} INFO - Processing file /mnt/c/Users/ander/Desktop/airflow-spark/airflow-spark/curso2/airflow_pipeline/dags/twitter_dag.py for tasks to queue
[2025-01-26T10:39:42.014-0300] {logging_mixin.py:190} INFO - [2025-01-26T10:39:42.013-0300] {dagbag.py:588} INFO - Filling up the DagBag from /mnt/c/Users/ander/Desktop/airflow-spark/airflow-spark/curso2/airflow_pipeline/dags/twitter_dag.py
[2025-01-26T10:39:42.178-0300] {processor.py:925} INFO - DAG(s) 'TwitterDAG' retrieved from /mnt/c/Users/ander/Desktop/airflow-spark/airflow-spark/curso2/airflow_pipeline/dags/twitter_dag.py
[2025-01-26T10:39:42.228-0300] {logging_mixin.py:190} INFO - [2025-01-26T10:39:42.228-0300] {dag.py:3239} INFO - Sync 1 DAGs
[2025-01-26T10:39:42.275-0300] {logging_mixin.py:190} INFO - [2025-01-26T10:39:42.274-0300] {dag.py:4180} INFO - Setting next_dagrun for TwitterDAG to 2025-01-26T00:00:00+00:00, run_after=2025-01-27T00:00:00+00:00
[2025-01-26T10:39:42.355-0300] {processor.py:208} INFO - Processing /mnt/c/Users/ander/Desktop/airflow-spark/airflow-spark/curso2/airflow_pipeline/dags/twitter_dag.py took 0.373 seconds
[2025-01-26T10:40:41.207-0300] {processor.py:186} INFO - Started process (PID=8663) to work on /mnt/c/Users/ander/Desktop/airflow-spark/airflow-spark/curso2/airflow_pipeline/dags/twitter_dag.py
[2025-01-26T10:40:41.208-0300] {processor.py:914} INFO - Processing file /mnt/c/Users/ander/Desktop/airflow-spark/airflow-spark/curso2/airflow_pipeline/dags/twitter_dag.py for tasks to queue
[2025-01-26T10:40:41.210-0300] {logging_mixin.py:190} INFO - [2025-01-26T10:40:41.210-0300] {dagbag.py:588} INFO - Filling up the DagBag from /mnt/c/Users/ander/Desktop/airflow-spark/airflow-spark/curso2/airflow_pipeline/dags/twitter_dag.py
[2025-01-26T10:40:41.357-0300] {processor.py:925} INFO - DAG(s) 'TwitterDAG' retrieved from /mnt/c/Users/ander/Desktop/airflow-spark/airflow-spark/curso2/airflow_pipeline/dags/twitter_dag.py
[2025-01-26T10:40:41.401-0300] {logging_mixin.py:190} INFO - [2025-01-26T10:40:41.401-0300] {dag.py:3239} INFO - Sync 1 DAGs
[2025-01-26T10:40:41.450-0300] {logging_mixin.py:190} INFO - [2025-01-26T10:40:41.450-0300] {dag.py:4180} INFO - Setting next_dagrun for TwitterDAG to 2025-01-26T00:00:00+00:00, run_after=2025-01-27T00:00:00+00:00
[2025-01-26T10:40:41.536-0300] {processor.py:208} INFO - Processing /mnt/c/Users/ander/Desktop/airflow-spark/airflow-spark/curso2/airflow_pipeline/dags/twitter_dag.py took 0.353 seconds
[2025-01-26T10:41:33.668-0300] {processor.py:186} INFO - Started process (PID=8936) to work on /mnt/c/Users/ander/Desktop/airflow-spark/airflow-spark/curso2/airflow_pipeline/dags/twitter_dag.py
[2025-01-26T10:41:33.671-0300] {processor.py:914} INFO - Processing file /mnt/c/Users/ander/Desktop/airflow-spark/airflow-spark/curso2/airflow_pipeline/dags/twitter_dag.py for tasks to queue
[2025-01-26T10:41:33.674-0300] {logging_mixin.py:190} INFO - [2025-01-26T10:41:33.673-0300] {dagbag.py:588} INFO - Filling up the DagBag from /mnt/c/Users/ander/Desktop/airflow-spark/airflow-spark/curso2/airflow_pipeline/dags/twitter_dag.py
[2025-01-26T10:41:33.795-0300] {processor.py:925} INFO - DAG(s) 'TwitterDAG' retrieved from /mnt/c/Users/ander/Desktop/airflow-spark/airflow-spark/curso2/airflow_pipeline/dags/twitter_dag.py
[2025-01-26T10:41:33.840-0300] {logging_mixin.py:190} INFO - [2025-01-26T10:41:33.840-0300] {dag.py:3239} INFO - Sync 1 DAGs
[2025-01-26T10:41:33.879-0300] {logging_mixin.py:190} INFO - [2025-01-26T10:41:33.879-0300] {dag.py:4180} INFO - Setting next_dagrun for TwitterDAG to 2025-01-26T00:00:00+00:00, run_after=2025-01-27T00:00:00+00:00
[2025-01-26T10:41:33.968-0300] {processor.py:208} INFO - Processing /mnt/c/Users/ander/Desktop/airflow-spark/airflow-spark/curso2/airflow_pipeline/dags/twitter_dag.py took 0.320 seconds
[2025-01-26T10:42:29.456-0300] {processor.py:186} INFO - Started process (PID=9151) to work on /mnt/c/Users/ander/Desktop/airflow-spark/airflow-spark/curso2/airflow_pipeline/dags/twitter_dag.py
[2025-01-26T10:42:29.457-0300] {processor.py:914} INFO - Processing file /mnt/c/Users/ander/Desktop/airflow-spark/airflow-spark/curso2/airflow_pipeline/dags/twitter_dag.py for tasks to queue
[2025-01-26T10:42:29.459-0300] {logging_mixin.py:190} INFO - [2025-01-26T10:42:29.459-0300] {dagbag.py:588} INFO - Filling up the DagBag from /mnt/c/Users/ander/Desktop/airflow-spark/airflow-spark/curso2/airflow_pipeline/dags/twitter_dag.py
[2025-01-26T10:42:29.585-0300] {processor.py:925} INFO - DAG(s) 'TwitterDAG' retrieved from /mnt/c/Users/ander/Desktop/airflow-spark/airflow-spark/curso2/airflow_pipeline/dags/twitter_dag.py
[2025-01-26T10:42:29.626-0300] {logging_mixin.py:190} INFO - [2025-01-26T10:42:29.626-0300] {dag.py:3239} INFO - Sync 1 DAGs
[2025-01-26T10:42:29.665-0300] {logging_mixin.py:190} INFO - [2025-01-26T10:42:29.665-0300] {dag.py:4180} INFO - Setting next_dagrun for TwitterDAG to 2025-01-26T00:00:00+00:00, run_after=2025-01-27T00:00:00+00:00
[2025-01-26T10:42:29.775-0300] {processor.py:208} INFO - Processing /mnt/c/Users/ander/Desktop/airflow-spark/airflow-spark/curso2/airflow_pipeline/dags/twitter_dag.py took 0.343 seconds
[2025-01-26T10:43:24.084-0300] {processor.py:186} INFO - Started process (PID=9308) to work on /mnt/c/Users/ander/Desktop/airflow-spark/airflow-spark/curso2/airflow_pipeline/dags/twitter_dag.py
[2025-01-26T10:43:24.086-0300] {processor.py:914} INFO - Processing file /mnt/c/Users/ander/Desktop/airflow-spark/airflow-spark/curso2/airflow_pipeline/dags/twitter_dag.py for tasks to queue
[2025-01-26T10:43:24.088-0300] {logging_mixin.py:190} INFO - [2025-01-26T10:43:24.087-0300] {dagbag.py:588} INFO - Filling up the DagBag from /mnt/c/Users/ander/Desktop/airflow-spark/airflow-spark/curso2/airflow_pipeline/dags/twitter_dag.py
[2025-01-26T10:43:24.223-0300] {processor.py:925} INFO - DAG(s) 'TwitterDAG' retrieved from /mnt/c/Users/ander/Desktop/airflow-spark/airflow-spark/curso2/airflow_pipeline/dags/twitter_dag.py
[2025-01-26T10:43:24.270-0300] {logging_mixin.py:190} INFO - [2025-01-26T10:43:24.270-0300] {dag.py:3239} INFO - Sync 1 DAGs
[2025-01-26T10:43:24.310-0300] {logging_mixin.py:190} INFO - [2025-01-26T10:43:24.309-0300] {dag.py:4180} INFO - Setting next_dagrun for TwitterDAG to 2025-01-26T00:00:00+00:00, run_after=2025-01-27T00:00:00+00:00
[2025-01-26T10:43:24.395-0300] {processor.py:208} INFO - Processing /mnt/c/Users/ander/Desktop/airflow-spark/airflow-spark/curso2/airflow_pipeline/dags/twitter_dag.py took 0.332 seconds
[2025-01-26T10:44:27.191-0300] {processor.py:186} INFO - Started process (PID=9608) to work on /mnt/c/Users/ander/Desktop/airflow-spark/airflow-spark/curso2/airflow_pipeline/dags/twitter_dag.py
[2025-01-26T10:44:27.192-0300] {processor.py:914} INFO - Processing file /mnt/c/Users/ander/Desktop/airflow-spark/airflow-spark/curso2/airflow_pipeline/dags/twitter_dag.py for tasks to queue
[2025-01-26T10:44:27.194-0300] {logging_mixin.py:190} INFO - [2025-01-26T10:44:27.194-0300] {dagbag.py:588} INFO - Filling up the DagBag from /mnt/c/Users/ander/Desktop/airflow-spark/airflow-spark/curso2/airflow_pipeline/dags/twitter_dag.py
[2025-01-26T10:44:27.301-0300] {processor.py:925} INFO - DAG(s) 'TwitterDAG' retrieved from /mnt/c/Users/ander/Desktop/airflow-spark/airflow-spark/curso2/airflow_pipeline/dags/twitter_dag.py
[2025-01-26T10:44:27.337-0300] {logging_mixin.py:190} INFO - [2025-01-26T10:44:27.337-0300] {dag.py:3239} INFO - Sync 1 DAGs
[2025-01-26T10:44:27.368-0300] {logging_mixin.py:190} INFO - [2025-01-26T10:44:27.368-0300] {dag.py:4180} INFO - Setting next_dagrun for TwitterDAG to 2025-01-26T00:00:00+00:00, run_after=2025-01-27T00:00:00+00:00
[2025-01-26T10:44:27.427-0300] {processor.py:208} INFO - Processing /mnt/c/Users/ander/Desktop/airflow-spark/airflow-spark/curso2/airflow_pipeline/dags/twitter_dag.py took 0.254 seconds
[2025-01-26T10:45:24.140-0300] {processor.py:186} INFO - Started process (PID=9774) to work on /mnt/c/Users/ander/Desktop/airflow-spark/airflow-spark/curso2/airflow_pipeline/dags/twitter_dag.py
[2025-01-26T10:45:24.142-0300] {processor.py:914} INFO - Processing file /mnt/c/Users/ander/Desktop/airflow-spark/airflow-spark/curso2/airflow_pipeline/dags/twitter_dag.py for tasks to queue
[2025-01-26T10:45:24.144-0300] {logging_mixin.py:190} INFO - [2025-01-26T10:45:24.143-0300] {dagbag.py:588} INFO - Filling up the DagBag from /mnt/c/Users/ander/Desktop/airflow-spark/airflow-spark/curso2/airflow_pipeline/dags/twitter_dag.py
[2025-01-26T10:45:24.250-0300] {processor.py:925} INFO - DAG(s) 'TwitterDAG' retrieved from /mnt/c/Users/ander/Desktop/airflow-spark/airflow-spark/curso2/airflow_pipeline/dags/twitter_dag.py
[2025-01-26T10:45:24.292-0300] {logging_mixin.py:190} INFO - [2025-01-26T10:45:24.292-0300] {dag.py:3239} INFO - Sync 1 DAGs
[2025-01-26T10:45:24.329-0300] {logging_mixin.py:190} INFO - [2025-01-26T10:45:24.328-0300] {dag.py:4180} INFO - Setting next_dagrun for TwitterDAG to 2025-01-26T00:00:00+00:00, run_after=2025-01-27T00:00:00+00:00
[2025-01-26T10:45:24.398-0300] {processor.py:208} INFO - Processing /mnt/c/Users/ander/Desktop/airflow-spark/airflow-spark/curso2/airflow_pipeline/dags/twitter_dag.py took 0.276 seconds
[2025-01-26T10:46:15.987-0300] {processor.py:186} INFO - Started process (PID=10052) to work on /mnt/c/Users/ander/Desktop/airflow-spark/airflow-spark/curso2/airflow_pipeline/dags/twitter_dag.py
[2025-01-26T10:46:15.989-0300] {processor.py:914} INFO - Processing file /mnt/c/Users/ander/Desktop/airflow-spark/airflow-spark/curso2/airflow_pipeline/dags/twitter_dag.py for tasks to queue
[2025-01-26T10:46:15.991-0300] {logging_mixin.py:190} INFO - [2025-01-26T10:46:15.990-0300] {dagbag.py:588} INFO - Filling up the DagBag from /mnt/c/Users/ander/Desktop/airflow-spark/airflow-spark/curso2/airflow_pipeline/dags/twitter_dag.py
[2025-01-26T10:46:16.081-0300] {processor.py:925} INFO - DAG(s) 'TwitterDAG' retrieved from /mnt/c/Users/ander/Desktop/airflow-spark/airflow-spark/curso2/airflow_pipeline/dags/twitter_dag.py
[2025-01-26T10:46:16.145-0300] {logging_mixin.py:190} INFO - [2025-01-26T10:46:16.145-0300] {dag.py:3239} INFO - Sync 1 DAGs
[2025-01-26T10:46:16.177-0300] {logging_mixin.py:190} INFO - [2025-01-26T10:46:16.177-0300] {dag.py:4180} INFO - Setting next_dagrun for TwitterDAG to 2025-01-26T00:00:00+00:00, run_after=2025-01-27T00:00:00+00:00
[2025-01-26T10:46:16.228-0300] {processor.py:208} INFO - Processing /mnt/c/Users/ander/Desktop/airflow-spark/airflow-spark/curso2/airflow_pipeline/dags/twitter_dag.py took 0.257 seconds
[2025-01-26T10:47:07.507-0300] {processor.py:186} INFO - Started process (PID=10257) to work on /mnt/c/Users/ander/Desktop/airflow-spark/airflow-spark/curso2/airflow_pipeline/dags/twitter_dag.py
[2025-01-26T10:47:07.509-0300] {processor.py:914} INFO - Processing file /mnt/c/Users/ander/Desktop/airflow-spark/airflow-spark/curso2/airflow_pipeline/dags/twitter_dag.py for tasks to queue
[2025-01-26T10:47:07.514-0300] {logging_mixin.py:190} INFO - [2025-01-26T10:47:07.513-0300] {dagbag.py:588} INFO - Filling up the DagBag from /mnt/c/Users/ander/Desktop/airflow-spark/airflow-spark/curso2/airflow_pipeline/dags/twitter_dag.py
[2025-01-26T10:47:07.656-0300] {processor.py:925} INFO - DAG(s) 'TwitterDAG' retrieved from /mnt/c/Users/ander/Desktop/airflow-spark/airflow-spark/curso2/airflow_pipeline/dags/twitter_dag.py
[2025-01-26T10:47:07.699-0300] {logging_mixin.py:190} INFO - [2025-01-26T10:47:07.699-0300] {dag.py:3239} INFO - Sync 1 DAGs
[2025-01-26T10:47:07.747-0300] {logging_mixin.py:190} INFO - [2025-01-26T10:47:07.747-0300] {dag.py:4180} INFO - Setting next_dagrun for TwitterDAG to 2025-01-26T00:00:00+00:00, run_after=2025-01-27T00:00:00+00:00
[2025-01-26T10:47:07.827-0300] {processor.py:208} INFO - Processing /mnt/c/Users/ander/Desktop/airflow-spark/airflow-spark/curso2/airflow_pipeline/dags/twitter_dag.py took 0.341 seconds
[2025-01-26T10:47:58.436-0300] {processor.py:186} INFO - Started process (PID=10474) to work on /mnt/c/Users/ander/Desktop/airflow-spark/airflow-spark/curso2/airflow_pipeline/dags/twitter_dag.py
[2025-01-26T10:47:58.438-0300] {processor.py:914} INFO - Processing file /mnt/c/Users/ander/Desktop/airflow-spark/airflow-spark/curso2/airflow_pipeline/dags/twitter_dag.py for tasks to queue
[2025-01-26T10:47:58.440-0300] {logging_mixin.py:190} INFO - [2025-01-26T10:47:58.439-0300] {dagbag.py:588} INFO - Filling up the DagBag from /mnt/c/Users/ander/Desktop/airflow-spark/airflow-spark/curso2/airflow_pipeline/dags/twitter_dag.py
[2025-01-26T10:47:58.533-0300] {processor.py:925} INFO - DAG(s) 'TwitterDAG' retrieved from /mnt/c/Users/ander/Desktop/airflow-spark/airflow-spark/curso2/airflow_pipeline/dags/twitter_dag.py
[2025-01-26T10:47:58.575-0300] {logging_mixin.py:190} INFO - [2025-01-26T10:47:58.575-0300] {dag.py:3239} INFO - Sync 1 DAGs
[2025-01-26T10:47:58.613-0300] {logging_mixin.py:190} INFO - [2025-01-26T10:47:58.613-0300] {dag.py:4180} INFO - Setting next_dagrun for TwitterDAG to 2025-01-26T00:00:00+00:00, run_after=2025-01-27T00:00:00+00:00
[2025-01-26T10:47:58.681-0300] {processor.py:208} INFO - Processing /mnt/c/Users/ander/Desktop/airflow-spark/airflow-spark/curso2/airflow_pipeline/dags/twitter_dag.py took 0.262 seconds
[2025-01-26T10:48:56.230-0300] {processor.py:186} INFO - Started process (PID=10698) to work on /mnt/c/Users/ander/Desktop/airflow-spark/airflow-spark/curso2/airflow_pipeline/dags/twitter_dag.py
[2025-01-26T10:48:56.233-0300] {processor.py:914} INFO - Processing file /mnt/c/Users/ander/Desktop/airflow-spark/airflow-spark/curso2/airflow_pipeline/dags/twitter_dag.py for tasks to queue
[2025-01-26T10:48:56.242-0300] {logging_mixin.py:190} INFO - [2025-01-26T10:48:56.241-0300] {dagbag.py:588} INFO - Filling up the DagBag from /mnt/c/Users/ander/Desktop/airflow-spark/airflow-spark/curso2/airflow_pipeline/dags/twitter_dag.py
[2025-01-26T10:48:56.367-0300] {processor.py:925} INFO - DAG(s) 'TwitterDAG' retrieved from /mnt/c/Users/ander/Desktop/airflow-spark/airflow-spark/curso2/airflow_pipeline/dags/twitter_dag.py
[2025-01-26T10:48:56.421-0300] {logging_mixin.py:190} INFO - [2025-01-26T10:48:56.420-0300] {dag.py:3239} INFO - Sync 1 DAGs
[2025-01-26T10:48:56.467-0300] {logging_mixin.py:190} INFO - [2025-01-26T10:48:56.467-0300] {dag.py:4180} INFO - Setting next_dagrun for TwitterDAG to 2025-01-26T00:00:00+00:00, run_after=2025-01-27T00:00:00+00:00
[2025-01-26T10:48:56.654-0300] {processor.py:208} INFO - Processing /mnt/c/Users/ander/Desktop/airflow-spark/airflow-spark/curso2/airflow_pipeline/dags/twitter_dag.py took 0.450 seconds
[2025-01-26T10:49:51.626-0300] {processor.py:186} INFO - Started process (PID=11017) to work on /mnt/c/Users/ander/Desktop/airflow-spark/airflow-spark/curso2/airflow_pipeline/dags/twitter_dag.py
[2025-01-26T10:49:51.628-0300] {processor.py:914} INFO - Processing file /mnt/c/Users/ander/Desktop/airflow-spark/airflow-spark/curso2/airflow_pipeline/dags/twitter_dag.py for tasks to queue
[2025-01-26T10:49:51.630-0300] {logging_mixin.py:190} INFO - [2025-01-26T10:49:51.630-0300] {dagbag.py:588} INFO - Filling up the DagBag from /mnt/c/Users/ander/Desktop/airflow-spark/airflow-spark/curso2/airflow_pipeline/dags/twitter_dag.py
[2025-01-26T10:49:51.761-0300] {processor.py:925} INFO - DAG(s) 'TwitterDAG' retrieved from /mnt/c/Users/ander/Desktop/airflow-spark/airflow-spark/curso2/airflow_pipeline/dags/twitter_dag.py
[2025-01-26T10:49:51.802-0300] {logging_mixin.py:190} INFO - [2025-01-26T10:49:51.802-0300] {dag.py:3239} INFO - Sync 1 DAGs
[2025-01-26T10:49:51.848-0300] {logging_mixin.py:190} INFO - [2025-01-26T10:49:51.848-0300] {dag.py:4180} INFO - Setting next_dagrun for TwitterDAG to 2025-01-26T00:00:00+00:00, run_after=2025-01-27T00:00:00+00:00
[2025-01-26T10:49:51.927-0300] {processor.py:208} INFO - Processing /mnt/c/Users/ander/Desktop/airflow-spark/airflow-spark/curso2/airflow_pipeline/dags/twitter_dag.py took 0.327 seconds
[2025-01-26T10:50:45.612-0300] {processor.py:186} INFO - Started process (PID=11232) to work on /mnt/c/Users/ander/Desktop/airflow-spark/airflow-spark/curso2/airflow_pipeline/dags/twitter_dag.py
[2025-01-26T10:50:45.614-0300] {processor.py:914} INFO - Processing file /mnt/c/Users/ander/Desktop/airflow-spark/airflow-spark/curso2/airflow_pipeline/dags/twitter_dag.py for tasks to queue
[2025-01-26T10:50:45.616-0300] {logging_mixin.py:190} INFO - [2025-01-26T10:50:45.615-0300] {dagbag.py:588} INFO - Filling up the DagBag from /mnt/c/Users/ander/Desktop/airflow-spark/airflow-spark/curso2/airflow_pipeline/dags/twitter_dag.py
[2025-01-26T10:50:45.728-0300] {processor.py:925} INFO - DAG(s) 'TwitterDAG' retrieved from /mnt/c/Users/ander/Desktop/airflow-spark/airflow-spark/curso2/airflow_pipeline/dags/twitter_dag.py
[2025-01-26T10:50:45.777-0300] {logging_mixin.py:190} INFO - [2025-01-26T10:50:45.777-0300] {dag.py:3239} INFO - Sync 1 DAGs
[2025-01-26T10:50:45.815-0300] {logging_mixin.py:190} INFO - [2025-01-26T10:50:45.814-0300] {dag.py:4180} INFO - Setting next_dagrun for TwitterDAG to 2025-01-26T00:00:00+00:00, run_after=2025-01-27T00:00:00+00:00
[2025-01-26T10:50:45.889-0300] {processor.py:208} INFO - Processing /mnt/c/Users/ander/Desktop/airflow-spark/airflow-spark/curso2/airflow_pipeline/dags/twitter_dag.py took 0.297 seconds
[2025-01-26T10:51:41.536-0300] {processor.py:186} INFO - Started process (PID=11517) to work on /mnt/c/Users/ander/Desktop/airflow-spark/airflow-spark/curso2/airflow_pipeline/dags/twitter_dag.py
[2025-01-26T10:51:41.537-0300] {processor.py:914} INFO - Processing file /mnt/c/Users/ander/Desktop/airflow-spark/airflow-spark/curso2/airflow_pipeline/dags/twitter_dag.py for tasks to queue
[2025-01-26T10:51:41.540-0300] {logging_mixin.py:190} INFO - [2025-01-26T10:51:41.539-0300] {dagbag.py:588} INFO - Filling up the DagBag from /mnt/c/Users/ander/Desktop/airflow-spark/airflow-spark/curso2/airflow_pipeline/dags/twitter_dag.py
[2025-01-26T10:51:41.638-0300] {processor.py:925} INFO - DAG(s) 'TwitterDAG' retrieved from /mnt/c/Users/ander/Desktop/airflow-spark/airflow-spark/curso2/airflow_pipeline/dags/twitter_dag.py
[2025-01-26T10:51:41.681-0300] {logging_mixin.py:190} INFO - [2025-01-26T10:51:41.681-0300] {dag.py:3239} INFO - Sync 1 DAGs
[2025-01-26T10:51:41.734-0300] {logging_mixin.py:190} INFO - [2025-01-26T10:51:41.734-0300] {dag.py:4180} INFO - Setting next_dagrun for TwitterDAG to 2025-01-26T00:00:00+00:00, run_after=2025-01-27T00:00:00+00:00
[2025-01-26T10:51:41.803-0300] {processor.py:208} INFO - Processing /mnt/c/Users/ander/Desktop/airflow-spark/airflow-spark/curso2/airflow_pipeline/dags/twitter_dag.py took 0.286 seconds
[2025-01-26T10:52:33.921-0300] {processor.py:186} INFO - Started process (PID=11706) to work on /mnt/c/Users/ander/Desktop/airflow-spark/airflow-spark/curso2/airflow_pipeline/dags/twitter_dag.py
[2025-01-26T10:52:33.923-0300] {processor.py:914} INFO - Processing file /mnt/c/Users/ander/Desktop/airflow-spark/airflow-spark/curso2/airflow_pipeline/dags/twitter_dag.py for tasks to queue
[2025-01-26T10:52:33.927-0300] {logging_mixin.py:190} INFO - [2025-01-26T10:52:33.926-0300] {dagbag.py:588} INFO - Filling up the DagBag from /mnt/c/Users/ander/Desktop/airflow-spark/airflow-spark/curso2/airflow_pipeline/dags/twitter_dag.py
[2025-01-26T10:52:34.079-0300] {processor.py:925} INFO - DAG(s) 'TwitterDAG' retrieved from /mnt/c/Users/ander/Desktop/airflow-spark/airflow-spark/curso2/airflow_pipeline/dags/twitter_dag.py
[2025-01-26T10:52:34.120-0300] {logging_mixin.py:190} INFO - [2025-01-26T10:52:34.120-0300] {dag.py:3239} INFO - Sync 1 DAGs
[2025-01-26T10:52:34.157-0300] {logging_mixin.py:190} INFO - [2025-01-26T10:52:34.156-0300] {dag.py:4180} INFO - Setting next_dagrun for TwitterDAG to 2025-01-26T00:00:00+00:00, run_after=2025-01-27T00:00:00+00:00
[2025-01-26T10:52:34.234-0300] {processor.py:208} INFO - Processing /mnt/c/Users/ander/Desktop/airflow-spark/airflow-spark/curso2/airflow_pipeline/dags/twitter_dag.py took 0.337 seconds
[2025-01-26T10:53:33.076-0300] {processor.py:186} INFO - Started process (PID=11939) to work on /mnt/c/Users/ander/Desktop/airflow-spark/airflow-spark/curso2/airflow_pipeline/dags/twitter_dag.py
[2025-01-26T10:53:33.078-0300] {processor.py:914} INFO - Processing file /mnt/c/Users/ander/Desktop/airflow-spark/airflow-spark/curso2/airflow_pipeline/dags/twitter_dag.py for tasks to queue
[2025-01-26T10:53:33.080-0300] {logging_mixin.py:190} INFO - [2025-01-26T10:53:33.079-0300] {dagbag.py:588} INFO - Filling up the DagBag from /mnt/c/Users/ander/Desktop/airflow-spark/airflow-spark/curso2/airflow_pipeline/dags/twitter_dag.py
[2025-01-26T10:53:33.177-0300] {processor.py:925} INFO - DAG(s) 'TwitterDAG' retrieved from /mnt/c/Users/ander/Desktop/airflow-spark/airflow-spark/curso2/airflow_pipeline/dags/twitter_dag.py
[2025-01-26T10:53:33.219-0300] {logging_mixin.py:190} INFO - [2025-01-26T10:53:33.218-0300] {dag.py:3239} INFO - Sync 1 DAGs
[2025-01-26T10:53:33.256-0300] {logging_mixin.py:190} INFO - [2025-01-26T10:53:33.256-0300] {dag.py:4180} INFO - Setting next_dagrun for TwitterDAG to 2025-01-26T00:00:00+00:00, run_after=2025-01-27T00:00:00+00:00
[2025-01-26T10:53:33.328-0300] {processor.py:208} INFO - Processing /mnt/c/Users/ander/Desktop/airflow-spark/airflow-spark/curso2/airflow_pipeline/dags/twitter_dag.py took 0.270 seconds
[2025-01-26T10:54:27.907-0300] {processor.py:186} INFO - Started process (PID=12145) to work on /mnt/c/Users/ander/Desktop/airflow-spark/airflow-spark/curso2/airflow_pipeline/dags/twitter_dag.py
[2025-01-26T10:54:27.911-0300] {processor.py:914} INFO - Processing file /mnt/c/Users/ander/Desktop/airflow-spark/airflow-spark/curso2/airflow_pipeline/dags/twitter_dag.py for tasks to queue
[2025-01-26T10:54:27.914-0300] {logging_mixin.py:190} INFO - [2025-01-26T10:54:27.913-0300] {dagbag.py:588} INFO - Filling up the DagBag from /mnt/c/Users/ander/Desktop/airflow-spark/airflow-spark/curso2/airflow_pipeline/dags/twitter_dag.py
[2025-01-26T10:54:28.037-0300] {processor.py:925} INFO - DAG(s) 'TwitterDAG' retrieved from /mnt/c/Users/ander/Desktop/airflow-spark/airflow-spark/curso2/airflow_pipeline/dags/twitter_dag.py
[2025-01-26T10:54:28.076-0300] {logging_mixin.py:190} INFO - [2025-01-26T10:54:28.076-0300] {dag.py:3239} INFO - Sync 1 DAGs
[2025-01-26T10:54:28.114-0300] {logging_mixin.py:190} INFO - [2025-01-26T10:54:28.114-0300] {dag.py:4180} INFO - Setting next_dagrun for TwitterDAG to 2025-01-26T00:00:00+00:00, run_after=2025-01-27T00:00:00+00:00
[2025-01-26T10:54:28.189-0300] {processor.py:208} INFO - Processing /mnt/c/Users/ander/Desktop/airflow-spark/airflow-spark/curso2/airflow_pipeline/dags/twitter_dag.py took 0.308 seconds
[2025-01-26T10:55:24.709-0300] {processor.py:186} INFO - Started process (PID=12376) to work on /mnt/c/Users/ander/Desktop/airflow-spark/airflow-spark/curso2/airflow_pipeline/dags/twitter_dag.py
[2025-01-26T10:55:24.710-0300] {processor.py:914} INFO - Processing file /mnt/c/Users/ander/Desktop/airflow-spark/airflow-spark/curso2/airflow_pipeline/dags/twitter_dag.py for tasks to queue
[2025-01-26T10:55:24.712-0300] {logging_mixin.py:190} INFO - [2025-01-26T10:55:24.712-0300] {dagbag.py:588} INFO - Filling up the DagBag from /mnt/c/Users/ander/Desktop/airflow-spark/airflow-spark/curso2/airflow_pipeline/dags/twitter_dag.py
[2025-01-26T10:55:24.841-0300] {processor.py:925} INFO - DAG(s) 'TwitterDAG' retrieved from /mnt/c/Users/ander/Desktop/airflow-spark/airflow-spark/curso2/airflow_pipeline/dags/twitter_dag.py
[2025-01-26T10:55:26.194-0300] {logging_mixin.py:190} INFO - [2025-01-26T10:55:26.194-0300] {dag.py:3239} INFO - Sync 1 DAGs
[2025-01-26T10:55:26.231-0300] {logging_mixin.py:190} INFO - [2025-01-26T10:55:26.230-0300] {dag.py:4180} INFO - Setting next_dagrun for TwitterDAG to 2025-01-26T00:00:00+00:00, run_after=2025-01-27T00:00:00+00:00
[2025-01-26T10:55:26.329-0300] {processor.py:208} INFO - Processing /mnt/c/Users/ander/Desktop/airflow-spark/airflow-spark/curso2/airflow_pipeline/dags/twitter_dag.py took 1.640 seconds
[2025-01-26T10:56:18.993-0300] {processor.py:186} INFO - Started process (PID=12599) to work on /mnt/c/Users/ander/Desktop/airflow-spark/airflow-spark/curso2/airflow_pipeline/dags/twitter_dag.py
[2025-01-26T10:56:18.996-0300] {processor.py:914} INFO - Processing file /mnt/c/Users/ander/Desktop/airflow-spark/airflow-spark/curso2/airflow_pipeline/dags/twitter_dag.py for tasks to queue
[2025-01-26T10:56:19.000-0300] {logging_mixin.py:190} INFO - [2025-01-26T10:56:18.999-0300] {dagbag.py:588} INFO - Filling up the DagBag from /mnt/c/Users/ander/Desktop/airflow-spark/airflow-spark/curso2/airflow_pipeline/dags/twitter_dag.py
[2025-01-26T10:56:19.111-0300] {processor.py:925} INFO - DAG(s) 'TwitterDAG' retrieved from /mnt/c/Users/ander/Desktop/airflow-spark/airflow-spark/curso2/airflow_pipeline/dags/twitter_dag.py
[2025-01-26T10:56:19.157-0300] {logging_mixin.py:190} INFO - [2025-01-26T10:56:19.157-0300] {dag.py:3239} INFO - Sync 1 DAGs
[2025-01-26T10:56:19.200-0300] {logging_mixin.py:190} INFO - [2025-01-26T10:56:19.200-0300] {dag.py:4180} INFO - Setting next_dagrun for TwitterDAG to 2025-01-26T00:00:00+00:00, run_after=2025-01-27T00:00:00+00:00
[2025-01-26T10:56:19.301-0300] {processor.py:208} INFO - Processing /mnt/c/Users/ander/Desktop/airflow-spark/airflow-spark/curso2/airflow_pipeline/dags/twitter_dag.py took 0.327 seconds
[2025-01-26T10:57:11.868-0300] {processor.py:186} INFO - Started process (PID=12885) to work on /mnt/c/Users/ander/Desktop/airflow-spark/airflow-spark/curso2/airflow_pipeline/dags/twitter_dag.py
[2025-01-26T10:57:11.870-0300] {processor.py:914} INFO - Processing file /mnt/c/Users/ander/Desktop/airflow-spark/airflow-spark/curso2/airflow_pipeline/dags/twitter_dag.py for tasks to queue
[2025-01-26T10:57:11.872-0300] {logging_mixin.py:190} INFO - [2025-01-26T10:57:11.871-0300] {dagbag.py:588} INFO - Filling up the DagBag from /mnt/c/Users/ander/Desktop/airflow-spark/airflow-spark/curso2/airflow_pipeline/dags/twitter_dag.py
[2025-01-26T10:57:12.037-0300] {processor.py:925} INFO - DAG(s) 'TwitterDAG' retrieved from /mnt/c/Users/ander/Desktop/airflow-spark/airflow-spark/curso2/airflow_pipeline/dags/twitter_dag.py
[2025-01-26T10:57:12.086-0300] {logging_mixin.py:190} INFO - [2025-01-26T10:57:12.086-0300] {dag.py:3239} INFO - Sync 1 DAGs
[2025-01-26T10:57:12.125-0300] {logging_mixin.py:190} INFO - [2025-01-26T10:57:12.125-0300] {dag.py:4180} INFO - Setting next_dagrun for TwitterDAG to 2025-01-26T00:00:00+00:00, run_after=2025-01-27T00:00:00+00:00
[2025-01-26T10:57:12.195-0300] {processor.py:208} INFO - Processing /mnt/c/Users/ander/Desktop/airflow-spark/airflow-spark/curso2/airflow_pipeline/dags/twitter_dag.py took 0.352 seconds
[2025-01-26T10:58:08.227-0300] {processor.py:186} INFO - Started process (PID=13117) to work on /mnt/c/Users/ander/Desktop/airflow-spark/airflow-spark/curso2/airflow_pipeline/dags/twitter_dag.py
[2025-01-26T10:58:08.228-0300] {processor.py:914} INFO - Processing file /mnt/c/Users/ander/Desktop/airflow-spark/airflow-spark/curso2/airflow_pipeline/dags/twitter_dag.py for tasks to queue
[2025-01-26T10:58:08.230-0300] {logging_mixin.py:190} INFO - [2025-01-26T10:58:08.230-0300] {dagbag.py:588} INFO - Filling up the DagBag from /mnt/c/Users/ander/Desktop/airflow-spark/airflow-spark/curso2/airflow_pipeline/dags/twitter_dag.py
[2025-01-26T10:58:08.319-0300] {processor.py:925} INFO - DAG(s) 'TwitterDAG' retrieved from /mnt/c/Users/ander/Desktop/airflow-spark/airflow-spark/curso2/airflow_pipeline/dags/twitter_dag.py
[2025-01-26T10:58:08.357-0300] {logging_mixin.py:190} INFO - [2025-01-26T10:58:08.357-0300] {dag.py:3239} INFO - Sync 1 DAGs
[2025-01-26T10:58:08.392-0300] {logging_mixin.py:190} INFO - [2025-01-26T10:58:08.392-0300] {dag.py:4180} INFO - Setting next_dagrun for TwitterDAG to 2025-01-26T00:00:00+00:00, run_after=2025-01-27T00:00:00+00:00
[2025-01-26T10:58:08.450-0300] {processor.py:208} INFO - Processing /mnt/c/Users/ander/Desktop/airflow-spark/airflow-spark/curso2/airflow_pipeline/dags/twitter_dag.py took 0.239 seconds
[2025-01-26T10:59:06.071-0300] {processor.py:186} INFO - Started process (PID=13423) to work on /mnt/c/Users/ander/Desktop/airflow-spark/airflow-spark/curso2/airflow_pipeline/dags/twitter_dag.py
[2025-01-26T10:59:06.072-0300] {processor.py:914} INFO - Processing file /mnt/c/Users/ander/Desktop/airflow-spark/airflow-spark/curso2/airflow_pipeline/dags/twitter_dag.py for tasks to queue
[2025-01-26T10:59:06.074-0300] {logging_mixin.py:190} INFO - [2025-01-26T10:59:06.074-0300] {dagbag.py:588} INFO - Filling up the DagBag from /mnt/c/Users/ander/Desktop/airflow-spark/airflow-spark/curso2/airflow_pipeline/dags/twitter_dag.py
[2025-01-26T10:59:06.190-0300] {processor.py:925} INFO - DAG(s) 'TwitterDAG' retrieved from /mnt/c/Users/ander/Desktop/airflow-spark/airflow-spark/curso2/airflow_pipeline/dags/twitter_dag.py
[2025-01-26T10:59:06.231-0300] {logging_mixin.py:190} INFO - [2025-01-26T10:59:06.231-0300] {dag.py:3239} INFO - Sync 1 DAGs
[2025-01-26T10:59:06.274-0300] {logging_mixin.py:190} INFO - [2025-01-26T10:59:06.273-0300] {dag.py:4180} INFO - Setting next_dagrun for TwitterDAG to 2025-01-26T00:00:00+00:00, run_after=2025-01-27T00:00:00+00:00
[2025-01-26T10:59:06.354-0300] {processor.py:208} INFO - Processing /mnt/c/Users/ander/Desktop/airflow-spark/airflow-spark/curso2/airflow_pipeline/dags/twitter_dag.py took 0.300 seconds
[2025-01-26T11:00:04.938-0300] {processor.py:186} INFO - Started process (PID=13679) to work on /mnt/c/Users/ander/Desktop/airflow-spark/airflow-spark/curso2/airflow_pipeline/dags/twitter_dag.py
[2025-01-26T11:00:04.942-0300] {processor.py:914} INFO - Processing file /mnt/c/Users/ander/Desktop/airflow-spark/airflow-spark/curso2/airflow_pipeline/dags/twitter_dag.py for tasks to queue
[2025-01-26T11:00:04.945-0300] {logging_mixin.py:190} INFO - [2025-01-26T11:00:04.944-0300] {dagbag.py:588} INFO - Filling up the DagBag from /mnt/c/Users/ander/Desktop/airflow-spark/airflow-spark/curso2/airflow_pipeline/dags/twitter_dag.py
[2025-01-26T11:00:05.093-0300] {processor.py:925} INFO - DAG(s) 'TwitterDAG' retrieved from /mnt/c/Users/ander/Desktop/airflow-spark/airflow-spark/curso2/airflow_pipeline/dags/twitter_dag.py
[2025-01-26T11:00:05.137-0300] {logging_mixin.py:190} INFO - [2025-01-26T11:00:05.137-0300] {dag.py:3239} INFO - Sync 1 DAGs
[2025-01-26T11:00:05.174-0300] {logging_mixin.py:190} INFO - [2025-01-26T11:00:05.174-0300] {dag.py:4180} INFO - Setting next_dagrun for TwitterDAG to 2025-01-26T00:00:00+00:00, run_after=2025-01-27T00:00:00+00:00
[2025-01-26T11:00:05.245-0300] {processor.py:208} INFO - Processing /mnt/c/Users/ander/Desktop/airflow-spark/airflow-spark/curso2/airflow_pipeline/dags/twitter_dag.py took 0.331 seconds
[2025-01-26T11:01:04.878-0300] {processor.py:186} INFO - Started process (PID=13996) to work on /mnt/c/Users/ander/Desktop/airflow-spark/airflow-spark/curso2/airflow_pipeline/dags/twitter_dag.py
[2025-01-26T11:01:04.880-0300] {processor.py:914} INFO - Processing file /mnt/c/Users/ander/Desktop/airflow-spark/airflow-spark/curso2/airflow_pipeline/dags/twitter_dag.py for tasks to queue
[2025-01-26T11:01:04.883-0300] {logging_mixin.py:190} INFO - [2025-01-26T11:01:04.882-0300] {dagbag.py:588} INFO - Filling up the DagBag from /mnt/c/Users/ander/Desktop/airflow-spark/airflow-spark/curso2/airflow_pipeline/dags/twitter_dag.py
[2025-01-26T11:01:05.063-0300] {processor.py:925} INFO - DAG(s) 'TwitterDAG' retrieved from /mnt/c/Users/ander/Desktop/airflow-spark/airflow-spark/curso2/airflow_pipeline/dags/twitter_dag.py
[2025-01-26T11:01:05.139-0300] {logging_mixin.py:190} INFO - [2025-01-26T11:01:05.139-0300] {dag.py:3239} INFO - Sync 1 DAGs
[2025-01-26T11:01:05.197-0300] {logging_mixin.py:190} INFO - [2025-01-26T11:01:05.197-0300] {dag.py:4180} INFO - Setting next_dagrun for TwitterDAG to 2025-01-26T00:00:00+00:00, run_after=2025-01-27T00:00:00+00:00
[2025-01-26T11:01:05.269-0300] {processor.py:208} INFO - Processing /mnt/c/Users/ander/Desktop/airflow-spark/airflow-spark/curso2/airflow_pipeline/dags/twitter_dag.py took 0.409 seconds
[2025-01-26T11:02:01.622-0300] {processor.py:186} INFO - Started process (PID=14238) to work on /mnt/c/Users/ander/Desktop/airflow-spark/airflow-spark/curso2/airflow_pipeline/dags/twitter_dag.py
[2025-01-26T11:02:01.623-0300] {processor.py:914} INFO - Processing file /mnt/c/Users/ander/Desktop/airflow-spark/airflow-spark/curso2/airflow_pipeline/dags/twitter_dag.py for tasks to queue
[2025-01-26T11:02:01.625-0300] {logging_mixin.py:190} INFO - [2025-01-26T11:02:01.625-0300] {dagbag.py:588} INFO - Filling up the DagBag from /mnt/c/Users/ander/Desktop/airflow-spark/airflow-spark/curso2/airflow_pipeline/dags/twitter_dag.py
[2025-01-26T11:02:01.720-0300] {processor.py:925} INFO - DAG(s) 'TwitterDAG' retrieved from /mnt/c/Users/ander/Desktop/airflow-spark/airflow-spark/curso2/airflow_pipeline/dags/twitter_dag.py
[2025-01-26T11:02:01.766-0300] {logging_mixin.py:190} INFO - [2025-01-26T11:02:01.766-0300] {dag.py:3239} INFO - Sync 1 DAGs
[2025-01-26T11:02:01.807-0300] {logging_mixin.py:190} INFO - [2025-01-26T11:02:01.806-0300] {dag.py:4180} INFO - Setting next_dagrun for TwitterDAG to 2025-01-26T00:00:00+00:00, run_after=2025-01-27T00:00:00+00:00
[2025-01-26T11:02:01.895-0300] {processor.py:208} INFO - Processing /mnt/c/Users/ander/Desktop/airflow-spark/airflow-spark/curso2/airflow_pipeline/dags/twitter_dag.py took 0.297 seconds
[2025-01-26T11:02:57.597-0300] {processor.py:186} INFO - Started process (PID=14976) to work on /mnt/c/Users/ander/Desktop/airflow-spark/airflow-spark/curso2/airflow_pipeline/dags/twitter_dag.py
[2025-01-26T11:02:57.599-0300] {processor.py:914} INFO - Processing file /mnt/c/Users/ander/Desktop/airflow-spark/airflow-spark/curso2/airflow_pipeline/dags/twitter_dag.py for tasks to queue
[2025-01-26T11:02:57.601-0300] {logging_mixin.py:190} INFO - [2025-01-26T11:02:57.600-0300] {dagbag.py:588} INFO - Filling up the DagBag from /mnt/c/Users/ander/Desktop/airflow-spark/airflow-spark/curso2/airflow_pipeline/dags/twitter_dag.py
[2025-01-26T11:02:57.748-0300] {processor.py:925} INFO - DAG(s) 'TwitterDAG' retrieved from /mnt/c/Users/ander/Desktop/airflow-spark/airflow-spark/curso2/airflow_pipeline/dags/twitter_dag.py
[2025-01-26T11:02:57.804-0300] {logging_mixin.py:190} INFO - [2025-01-26T11:02:57.804-0300] {dag.py:3239} INFO - Sync 1 DAGs
[2025-01-26T11:02:57.869-0300] {logging_mixin.py:190} INFO - [2025-01-26T11:02:57.868-0300] {dag.py:4180} INFO - Setting next_dagrun for TwitterDAG to 2025-01-26T00:00:00+00:00, run_after=2025-01-27T00:00:00+00:00
[2025-01-26T11:02:58.014-0300] {processor.py:208} INFO - Processing /mnt/c/Users/ander/Desktop/airflow-spark/airflow-spark/curso2/airflow_pipeline/dags/twitter_dag.py took 0.435 seconds
[2025-01-26T11:03:54.949-0300] {processor.py:186} INFO - Started process (PID=15206) to work on /mnt/c/Users/ander/Desktop/airflow-spark/airflow-spark/curso2/airflow_pipeline/dags/twitter_dag.py
[2025-01-26T11:03:54.951-0300] {processor.py:914} INFO - Processing file /mnt/c/Users/ander/Desktop/airflow-spark/airflow-spark/curso2/airflow_pipeline/dags/twitter_dag.py for tasks to queue
[2025-01-26T11:03:54.953-0300] {logging_mixin.py:190} INFO - [2025-01-26T11:03:54.952-0300] {dagbag.py:588} INFO - Filling up the DagBag from /mnt/c/Users/ander/Desktop/airflow-spark/airflow-spark/curso2/airflow_pipeline/dags/twitter_dag.py
[2025-01-26T11:03:55.075-0300] {processor.py:925} INFO - DAG(s) 'TwitterDAG' retrieved from /mnt/c/Users/ander/Desktop/airflow-spark/airflow-spark/curso2/airflow_pipeline/dags/twitter_dag.py
[2025-01-26T11:03:55.116-0300] {logging_mixin.py:190} INFO - [2025-01-26T11:03:55.116-0300] {dag.py:3239} INFO - Sync 1 DAGs
[2025-01-26T11:03:55.151-0300] {logging_mixin.py:190} INFO - [2025-01-26T11:03:55.151-0300] {dag.py:4180} INFO - Setting next_dagrun for TwitterDAG to 2025-01-26T00:00:00+00:00, run_after=2025-01-27T00:00:00+00:00
[2025-01-26T11:03:55.229-0300] {processor.py:208} INFO - Processing /mnt/c/Users/ander/Desktop/airflow-spark/airflow-spark/curso2/airflow_pipeline/dags/twitter_dag.py took 0.299 seconds
[2025-01-26T11:04:46.300-0300] {processor.py:186} INFO - Started process (PID=15431) to work on /mnt/c/Users/ander/Desktop/airflow-spark/airflow-spark/curso2/airflow_pipeline/dags/twitter_dag.py
[2025-01-26T11:04:46.302-0300] {processor.py:914} INFO - Processing file /mnt/c/Users/ander/Desktop/airflow-spark/airflow-spark/curso2/airflow_pipeline/dags/twitter_dag.py for tasks to queue
[2025-01-26T11:04:46.304-0300] {logging_mixin.py:190} INFO - [2025-01-26T11:04:46.303-0300] {dagbag.py:588} INFO - Filling up the DagBag from /mnt/c/Users/ander/Desktop/airflow-spark/airflow-spark/curso2/airflow_pipeline/dags/twitter_dag.py
[2025-01-26T11:04:46.426-0300] {processor.py:925} INFO - DAG(s) 'TwitterDAG' retrieved from /mnt/c/Users/ander/Desktop/airflow-spark/airflow-spark/curso2/airflow_pipeline/dags/twitter_dag.py
[2025-01-26T11:04:46.467-0300] {logging_mixin.py:190} INFO - [2025-01-26T11:04:46.467-0300] {dag.py:3239} INFO - Sync 1 DAGs
[2025-01-26T11:04:46.498-0300] {logging_mixin.py:190} INFO - [2025-01-26T11:04:46.498-0300] {dag.py:4180} INFO - Setting next_dagrun for TwitterDAG to 2025-01-26T00:00:00+00:00, run_after=2025-01-27T00:00:00+00:00
[2025-01-26T11:04:46.564-0300] {processor.py:208} INFO - Processing /mnt/c/Users/ander/Desktop/airflow-spark/airflow-spark/curso2/airflow_pipeline/dags/twitter_dag.py took 0.283 seconds
[2025-01-26T11:05:38.015-0300] {processor.py:186} INFO - Started process (PID=15588) to work on /mnt/c/Users/ander/Desktop/airflow-spark/airflow-spark/curso2/airflow_pipeline/dags/twitter_dag.py
[2025-01-26T11:05:38.016-0300] {processor.py:914} INFO - Processing file /mnt/c/Users/ander/Desktop/airflow-spark/airflow-spark/curso2/airflow_pipeline/dags/twitter_dag.py for tasks to queue
[2025-01-26T11:05:38.018-0300] {logging_mixin.py:190} INFO - [2025-01-26T11:05:38.018-0300] {dagbag.py:588} INFO - Filling up the DagBag from /mnt/c/Users/ander/Desktop/airflow-spark/airflow-spark/curso2/airflow_pipeline/dags/twitter_dag.py
[2025-01-26T11:05:38.129-0300] {processor.py:925} INFO - DAG(s) 'TwitterDAG' retrieved from /mnt/c/Users/ander/Desktop/airflow-spark/airflow-spark/curso2/airflow_pipeline/dags/twitter_dag.py
[2025-01-26T11:05:38.170-0300] {logging_mixin.py:190} INFO - [2025-01-26T11:05:38.170-0300] {dag.py:3239} INFO - Sync 1 DAGs
[2025-01-26T11:05:38.205-0300] {logging_mixin.py:190} INFO - [2025-01-26T11:05:38.205-0300] {dag.py:4180} INFO - Setting next_dagrun for TwitterDAG to 2025-01-26T00:00:00+00:00, run_after=2025-01-27T00:00:00+00:00
[2025-01-26T11:05:38.271-0300] {processor.py:208} INFO - Processing /mnt/c/Users/ander/Desktop/airflow-spark/airflow-spark/curso2/airflow_pipeline/dags/twitter_dag.py took 0.275 seconds
[2025-01-26T11:06:25.356-0300] {processor.py:186} INFO - Started process (PID=15807) to work on /mnt/c/Users/ander/Desktop/airflow-spark/airflow-spark/curso2/airflow_pipeline/dags/twitter_dag.py
[2025-01-26T11:06:25.358-0300] {processor.py:914} INFO - Processing file /mnt/c/Users/ander/Desktop/airflow-spark/airflow-spark/curso2/airflow_pipeline/dags/twitter_dag.py for tasks to queue
[2025-01-26T11:06:25.360-0300] {logging_mixin.py:190} INFO - [2025-01-26T11:06:25.359-0300] {dagbag.py:588} INFO - Filling up the DagBag from /mnt/c/Users/ander/Desktop/airflow-spark/airflow-spark/curso2/airflow_pipeline/dags/twitter_dag.py
[2025-01-26T11:06:25.463-0300] {processor.py:925} INFO - DAG(s) 'TwitterDAG' retrieved from /mnt/c/Users/ander/Desktop/airflow-spark/airflow-spark/curso2/airflow_pipeline/dags/twitter_dag.py
[2025-01-26T11:06:25.501-0300] {logging_mixin.py:190} INFO - [2025-01-26T11:06:25.500-0300] {dag.py:3239} INFO - Sync 1 DAGs
[2025-01-26T11:06:25.534-0300] {logging_mixin.py:190} INFO - [2025-01-26T11:06:25.534-0300] {dag.py:4180} INFO - Setting next_dagrun for TwitterDAG to 2025-01-26T00:00:00+00:00, run_after=2025-01-27T00:00:00+00:00
[2025-01-26T11:06:25.602-0300] {processor.py:208} INFO - Processing /mnt/c/Users/ander/Desktop/airflow-spark/airflow-spark/curso2/airflow_pipeline/dags/twitter_dag.py took 0.264 seconds
[2025-01-26T11:07:16.522-0300] {processor.py:186} INFO - Started process (PID=16029) to work on /mnt/c/Users/ander/Desktop/airflow-spark/airflow-spark/curso2/airflow_pipeline/dags/twitter_dag.py
[2025-01-26T11:07:16.523-0300] {processor.py:914} INFO - Processing file /mnt/c/Users/ander/Desktop/airflow-spark/airflow-spark/curso2/airflow_pipeline/dags/twitter_dag.py for tasks to queue
[2025-01-26T11:07:16.525-0300] {logging_mixin.py:190} INFO - [2025-01-26T11:07:16.525-0300] {dagbag.py:588} INFO - Filling up the DagBag from /mnt/c/Users/ander/Desktop/airflow-spark/airflow-spark/curso2/airflow_pipeline/dags/twitter_dag.py
[2025-01-26T11:07:16.638-0300] {processor.py:925} INFO - DAG(s) 'TwitterDAG' retrieved from /mnt/c/Users/ander/Desktop/airflow-spark/airflow-spark/curso2/airflow_pipeline/dags/twitter_dag.py
[2025-01-26T11:07:16.682-0300] {logging_mixin.py:190} INFO - [2025-01-26T11:07:16.682-0300] {dag.py:3239} INFO - Sync 1 DAGs
[2025-01-26T11:07:16.714-0300] {logging_mixin.py:190} INFO - [2025-01-26T11:07:16.714-0300] {dag.py:4180} INFO - Setting next_dagrun for TwitterDAG to 2025-01-26T00:00:00+00:00, run_after=2025-01-27T00:00:00+00:00
[2025-01-26T11:07:16.782-0300] {processor.py:208} INFO - Processing /mnt/c/Users/ander/Desktop/airflow-spark/airflow-spark/curso2/airflow_pipeline/dags/twitter_dag.py took 0.278 seconds
[2025-01-26T11:08:08.286-0300] {processor.py:186} INFO - Started process (PID=16307) to work on /mnt/c/Users/ander/Desktop/airflow-spark/airflow-spark/curso2/airflow_pipeline/dags/twitter_dag.py
[2025-01-26T11:08:08.287-0300] {processor.py:914} INFO - Processing file /mnt/c/Users/ander/Desktop/airflow-spark/airflow-spark/curso2/airflow_pipeline/dags/twitter_dag.py for tasks to queue
[2025-01-26T11:08:08.289-0300] {logging_mixin.py:190} INFO - [2025-01-26T11:08:08.289-0300] {dagbag.py:588} INFO - Filling up the DagBag from /mnt/c/Users/ander/Desktop/airflow-spark/airflow-spark/curso2/airflow_pipeline/dags/twitter_dag.py
[2025-01-26T11:08:08.409-0300] {processor.py:925} INFO - DAG(s) 'TwitterDAG' retrieved from /mnt/c/Users/ander/Desktop/airflow-spark/airflow-spark/curso2/airflow_pipeline/dags/twitter_dag.py
[2025-01-26T11:08:08.448-0300] {logging_mixin.py:190} INFO - [2025-01-26T11:08:08.448-0300] {dag.py:3239} INFO - Sync 1 DAGs
[2025-01-26T11:08:08.480-0300] {logging_mixin.py:190} INFO - [2025-01-26T11:08:08.479-0300] {dag.py:4180} INFO - Setting next_dagrun for TwitterDAG to 2025-01-26T00:00:00+00:00, run_after=2025-01-27T00:00:00+00:00
[2025-01-26T11:08:08.544-0300] {processor.py:208} INFO - Processing /mnt/c/Users/ander/Desktop/airflow-spark/airflow-spark/curso2/airflow_pipeline/dags/twitter_dag.py took 0.275 seconds
[2025-01-26T11:09:00.581-0300] {processor.py:186} INFO - Started process (PID=16538) to work on /mnt/c/Users/ander/Desktop/airflow-spark/airflow-spark/curso2/airflow_pipeline/dags/twitter_dag.py
[2025-01-26T11:09:00.582-0300] {processor.py:914} INFO - Processing file /mnt/c/Users/ander/Desktop/airflow-spark/airflow-spark/curso2/airflow_pipeline/dags/twitter_dag.py for tasks to queue
[2025-01-26T11:09:00.584-0300] {logging_mixin.py:190} INFO - [2025-01-26T11:09:00.583-0300] {dagbag.py:588} INFO - Filling up the DagBag from /mnt/c/Users/ander/Desktop/airflow-spark/airflow-spark/curso2/airflow_pipeline/dags/twitter_dag.py
[2025-01-26T11:09:00.685-0300] {processor.py:925} INFO - DAG(s) 'TwitterDAG' retrieved from /mnt/c/Users/ander/Desktop/airflow-spark/airflow-spark/curso2/airflow_pipeline/dags/twitter_dag.py
[2025-01-26T11:09:00.725-0300] {logging_mixin.py:190} INFO - [2025-01-26T11:09:00.725-0300] {dag.py:3239} INFO - Sync 1 DAGs
[2025-01-26T11:09:00.759-0300] {logging_mixin.py:190} INFO - [2025-01-26T11:09:00.759-0300] {dag.py:4180} INFO - Setting next_dagrun for TwitterDAG to 2025-01-26T00:00:00+00:00, run_after=2025-01-27T00:00:00+00:00
[2025-01-26T11:09:00.833-0300] {processor.py:208} INFO - Processing /mnt/c/Users/ander/Desktop/airflow-spark/airflow-spark/curso2/airflow_pipeline/dags/twitter_dag.py took 0.269 seconds
[2025-01-26T11:09:51.761-0300] {processor.py:186} INFO - Started process (PID=16752) to work on /mnt/c/Users/ander/Desktop/airflow-spark/airflow-spark/curso2/airflow_pipeline/dags/twitter_dag.py
[2025-01-26T11:09:51.765-0300] {processor.py:914} INFO - Processing file /mnt/c/Users/ander/Desktop/airflow-spark/airflow-spark/curso2/airflow_pipeline/dags/twitter_dag.py for tasks to queue
[2025-01-26T11:09:51.767-0300] {logging_mixin.py:190} INFO - [2025-01-26T11:09:51.767-0300] {dagbag.py:588} INFO - Filling up the DagBag from /mnt/c/Users/ander/Desktop/airflow-spark/airflow-spark/curso2/airflow_pipeline/dags/twitter_dag.py
[2025-01-26T11:09:51.895-0300] {processor.py:925} INFO - DAG(s) 'TwitterDAG' retrieved from /mnt/c/Users/ander/Desktop/airflow-spark/airflow-spark/curso2/airflow_pipeline/dags/twitter_dag.py
[2025-01-26T11:09:51.939-0300] {logging_mixin.py:190} INFO - [2025-01-26T11:09:51.939-0300] {dag.py:3239} INFO - Sync 1 DAGs
[2025-01-26T11:09:51.989-0300] {logging_mixin.py:190} INFO - [2025-01-26T11:09:51.989-0300] {dag.py:4180} INFO - Setting next_dagrun for TwitterDAG to 2025-01-26T00:00:00+00:00, run_after=2025-01-27T00:00:00+00:00
[2025-01-26T11:09:52.077-0300] {processor.py:208} INFO - Processing /mnt/c/Users/ander/Desktop/airflow-spark/airflow-spark/curso2/airflow_pipeline/dags/twitter_dag.py took 0.338 seconds
[2025-01-26T11:10:45.099-0300] {processor.py:186} INFO - Started process (PID=16919) to work on /mnt/c/Users/ander/Desktop/airflow-spark/airflow-spark/curso2/airflow_pipeline/dags/twitter_dag.py
[2025-01-26T11:10:45.101-0300] {processor.py:914} INFO - Processing file /mnt/c/Users/ander/Desktop/airflow-spark/airflow-spark/curso2/airflow_pipeline/dags/twitter_dag.py for tasks to queue
[2025-01-26T11:10:45.104-0300] {logging_mixin.py:190} INFO - [2025-01-26T11:10:45.103-0300] {dagbag.py:588} INFO - Filling up the DagBag from /mnt/c/Users/ander/Desktop/airflow-spark/airflow-spark/curso2/airflow_pipeline/dags/twitter_dag.py
[2025-01-26T11:10:45.224-0300] {processor.py:925} INFO - DAG(s) 'TwitterDAG' retrieved from /mnt/c/Users/ander/Desktop/airflow-spark/airflow-spark/curso2/airflow_pipeline/dags/twitter_dag.py
[2025-01-26T11:10:45.261-0300] {logging_mixin.py:190} INFO - [2025-01-26T11:10:45.261-0300] {dag.py:3239} INFO - Sync 1 DAGs
[2025-01-26T11:10:45.299-0300] {logging_mixin.py:190} INFO - [2025-01-26T11:10:45.299-0300] {dag.py:4180} INFO - Setting next_dagrun for TwitterDAG to 2025-01-26T00:00:00+00:00, run_after=2025-01-27T00:00:00+00:00
[2025-01-26T11:10:45.378-0300] {processor.py:208} INFO - Processing /mnt/c/Users/ander/Desktop/airflow-spark/airflow-spark/curso2/airflow_pipeline/dags/twitter_dag.py took 0.297 seconds
[2025-01-26T11:12:06.599-0300] {processor.py:186} INFO - Started process (PID=17276) to work on /mnt/c/Users/ander/Desktop/airflow-spark/airflow-spark/curso2/airflow_pipeline/dags/twitter_dag.py
[2025-01-26T11:12:06.603-0300] {processor.py:914} INFO - Processing file /mnt/c/Users/ander/Desktop/airflow-spark/airflow-spark/curso2/airflow_pipeline/dags/twitter_dag.py for tasks to queue
[2025-01-26T11:12:06.606-0300] {logging_mixin.py:190} INFO - [2025-01-26T11:12:06.605-0300] {dagbag.py:588} INFO - Filling up the DagBag from /mnt/c/Users/ander/Desktop/airflow-spark/airflow-spark/curso2/airflow_pipeline/dags/twitter_dag.py
[2025-01-26T11:12:06.820-0300] {processor.py:925} INFO - DAG(s) 'TwitterDAG' retrieved from /mnt/c/Users/ander/Desktop/airflow-spark/airflow-spark/curso2/airflow_pipeline/dags/twitter_dag.py
[2025-01-26T11:12:06.875-0300] {logging_mixin.py:190} INFO - [2025-01-26T11:12:06.874-0300] {dag.py:3239} INFO - Sync 1 DAGs
[2025-01-26T11:12:06.915-0300] {logging_mixin.py:190} INFO - [2025-01-26T11:12:06.915-0300] {dag.py:4180} INFO - Setting next_dagrun for TwitterDAG to 2025-01-26T00:00:00+00:00, run_after=2025-01-27T00:00:00+00:00
[2025-01-26T11:12:08.174-0300] {processor.py:208} INFO - Processing /mnt/c/Users/ander/Desktop/airflow-spark/airflow-spark/curso2/airflow_pipeline/dags/twitter_dag.py took 1.592 seconds
[2025-01-26T11:14:04.365-0300] {processor.py:186} INFO - Started process (PID=17854) to work on /mnt/c/Users/ander/Desktop/airflow-spark/airflow-spark/curso2/airflow_pipeline/dags/twitter_dag.py
[2025-01-26T11:14:04.366-0300] {processor.py:914} INFO - Processing file /mnt/c/Users/ander/Desktop/airflow-spark/airflow-spark/curso2/airflow_pipeline/dags/twitter_dag.py for tasks to queue
[2025-01-26T11:14:04.368-0300] {logging_mixin.py:190} INFO - [2025-01-26T11:14:04.368-0300] {dagbag.py:588} INFO - Filling up the DagBag from /mnt/c/Users/ander/Desktop/airflow-spark/airflow-spark/curso2/airflow_pipeline/dags/twitter_dag.py
[2025-01-26T11:14:04.471-0300] {processor.py:925} INFO - DAG(s) 'TwitterDAG' retrieved from /mnt/c/Users/ander/Desktop/airflow-spark/airflow-spark/curso2/airflow_pipeline/dags/twitter_dag.py
[2025-01-26T11:14:05.138-0300] {logging_mixin.py:190} INFO - [2025-01-26T11:14:05.138-0300] {dag.py:3239} INFO - Sync 1 DAGs
[2025-01-26T11:14:05.170-0300] {logging_mixin.py:190} INFO - [2025-01-26T11:14:05.170-0300] {dag.py:4180} INFO - Setting next_dagrun for TwitterDAG to 2025-01-26T00:00:00+00:00, run_after=2025-01-27T00:00:00+00:00
[2025-01-26T11:14:05.687-0300] {processor.py:208} INFO - Processing /mnt/c/Users/ander/Desktop/airflow-spark/airflow-spark/curso2/airflow_pipeline/dags/twitter_dag.py took 1.339 seconds
[2025-01-26T11:15:57.285-0300] {processor.py:186} INFO - Started process (PID=18392) to work on /mnt/c/Users/ander/Desktop/airflow-spark/airflow-spark/curso2/airflow_pipeline/dags/twitter_dag.py
[2025-01-26T11:15:57.286-0300] {processor.py:914} INFO - Processing file /mnt/c/Users/ander/Desktop/airflow-spark/airflow-spark/curso2/airflow_pipeline/dags/twitter_dag.py for tasks to queue
[2025-01-26T11:15:57.288-0300] {logging_mixin.py:190} INFO - [2025-01-26T11:15:57.288-0300] {dagbag.py:588} INFO - Filling up the DagBag from /mnt/c/Users/ander/Desktop/airflow-spark/airflow-spark/curso2/airflow_pipeline/dags/twitter_dag.py
[2025-01-26T11:15:57.382-0300] {processor.py:925} INFO - DAG(s) 'TwitterDAG' retrieved from /mnt/c/Users/ander/Desktop/airflow-spark/airflow-spark/curso2/airflow_pipeline/dags/twitter_dag.py
[2025-01-26T11:15:57.426-0300] {logging_mixin.py:190} INFO - [2025-01-26T11:15:57.425-0300] {dag.py:3239} INFO - Sync 1 DAGs
[2025-01-26T11:15:57.464-0300] {logging_mixin.py:190} INFO - [2025-01-26T11:15:57.463-0300] {dag.py:4180} INFO - Setting next_dagrun for TwitterDAG to 2025-01-26T00:00:00+00:00, run_after=2025-01-27T00:00:00+00:00
[2025-01-26T11:15:58.069-0300] {processor.py:208} INFO - Processing /mnt/c/Users/ander/Desktop/airflow-spark/airflow-spark/curso2/airflow_pipeline/dags/twitter_dag.py took 0.802 seconds
[2025-01-26T11:17:42.259-0300] {processor.py:186} INFO - Started process (PID=18801) to work on /mnt/c/Users/ander/Desktop/airflow-spark/airflow-spark/curso2/airflow_pipeline/dags/twitter_dag.py
[2025-01-26T11:17:42.261-0300] {processor.py:914} INFO - Processing file /mnt/c/Users/ander/Desktop/airflow-spark/airflow-spark/curso2/airflow_pipeline/dags/twitter_dag.py for tasks to queue
[2025-01-26T11:17:42.263-0300] {logging_mixin.py:190} INFO - [2025-01-26T11:17:42.263-0300] {dagbag.py:588} INFO - Filling up the DagBag from /mnt/c/Users/ander/Desktop/airflow-spark/airflow-spark/curso2/airflow_pipeline/dags/twitter_dag.py
[2025-01-26T11:17:42.358-0300] {processor.py:925} INFO - DAG(s) 'TwitterDAG' retrieved from /mnt/c/Users/ander/Desktop/airflow-spark/airflow-spark/curso2/airflow_pipeline/dags/twitter_dag.py
[2025-01-26T11:17:42.400-0300] {logging_mixin.py:190} INFO - [2025-01-26T11:17:42.400-0300] {dag.py:3239} INFO - Sync 1 DAGs
[2025-01-26T11:17:42.433-0300] {logging_mixin.py:190} INFO - [2025-01-26T11:17:42.432-0300] {dag.py:4180} INFO - Setting next_dagrun for TwitterDAG to 2025-01-26T00:00:00+00:00, run_after=2025-01-27T00:00:00+00:00
[2025-01-26T11:17:42.917-0300] {processor.py:208} INFO - Processing /mnt/c/Users/ander/Desktop/airflow-spark/airflow-spark/curso2/airflow_pipeline/dags/twitter_dag.py took 0.672 seconds
[2025-01-26T11:19:11.601-0300] {processor.py:186} INFO - Started process (PID=19307) to work on /mnt/c/Users/ander/Desktop/airflow-spark/airflow-spark/curso2/airflow_pipeline/dags/twitter_dag.py
[2025-01-26T11:19:11.603-0300] {processor.py:914} INFO - Processing file /mnt/c/Users/ander/Desktop/airflow-spark/airflow-spark/curso2/airflow_pipeline/dags/twitter_dag.py for tasks to queue
[2025-01-26T11:19:11.605-0300] {logging_mixin.py:190} INFO - [2025-01-26T11:19:11.604-0300] {dagbag.py:588} INFO - Filling up the DagBag from /mnt/c/Users/ander/Desktop/airflow-spark/airflow-spark/curso2/airflow_pipeline/dags/twitter_dag.py
[2025-01-26T11:19:11.698-0300] {processor.py:925} INFO - DAG(s) 'TwitterDAG' retrieved from /mnt/c/Users/ander/Desktop/airflow-spark/airflow-spark/curso2/airflow_pipeline/dags/twitter_dag.py
[2025-01-26T11:19:11.735-0300] {logging_mixin.py:190} INFO - [2025-01-26T11:19:11.735-0300] {dag.py:3239} INFO - Sync 1 DAGs
[2025-01-26T11:19:11.774-0300] {logging_mixin.py:190} INFO - [2025-01-26T11:19:11.774-0300] {dag.py:4180} INFO - Setting next_dagrun for TwitterDAG to 2025-01-26T00:00:00+00:00, run_after=2025-01-27T00:00:00+00:00
[2025-01-26T11:19:11.903-0300] {processor.py:208} INFO - Processing /mnt/c/Users/ander/Desktop/airflow-spark/airflow-spark/curso2/airflow_pipeline/dags/twitter_dag.py took 0.318 seconds
[2025-01-26T11:21:09.310-0300] {processor.py:186} INFO - Started process (PID=19768) to work on /mnt/c/Users/ander/Desktop/airflow-spark/airflow-spark/curso2/airflow_pipeline/dags/twitter_dag.py
[2025-01-26T11:21:09.312-0300] {processor.py:914} INFO - Processing file /mnt/c/Users/ander/Desktop/airflow-spark/airflow-spark/curso2/airflow_pipeline/dags/twitter_dag.py for tasks to queue
[2025-01-26T11:21:09.313-0300] {logging_mixin.py:190} INFO - [2025-01-26T11:21:09.313-0300] {dagbag.py:588} INFO - Filling up the DagBag from /mnt/c/Users/ander/Desktop/airflow-spark/airflow-spark/curso2/airflow_pipeline/dags/twitter_dag.py
[2025-01-26T11:21:09.508-0300] {processor.py:925} INFO - DAG(s) 'TwitterDAG' retrieved from /mnt/c/Users/ander/Desktop/airflow-spark/airflow-spark/curso2/airflow_pipeline/dags/twitter_dag.py
[2025-01-26T11:21:09.546-0300] {logging_mixin.py:190} INFO - [2025-01-26T11:21:09.545-0300] {dag.py:3239} INFO - Sync 1 DAGs
[2025-01-26T11:21:09.579-0300] {logging_mixin.py:190} INFO - [2025-01-26T11:21:09.579-0300] {dag.py:4180} INFO - Setting next_dagrun for TwitterDAG to 2025-01-26T00:00:00+00:00, run_after=2025-01-27T00:00:00+00:00
[2025-01-26T11:21:09.923-0300] {processor.py:208} INFO - Processing /mnt/c/Users/ander/Desktop/airflow-spark/airflow-spark/curso2/airflow_pipeline/dags/twitter_dag.py took 0.630 seconds
[2025-01-26T11:22:57.477-0300] {processor.py:186} INFO - Started process (PID=20152) to work on /mnt/c/Users/ander/Desktop/airflow-spark/airflow-spark/curso2/airflow_pipeline/dags/twitter_dag.py
[2025-01-26T11:22:57.479-0300] {processor.py:914} INFO - Processing file /mnt/c/Users/ander/Desktop/airflow-spark/airflow-spark/curso2/airflow_pipeline/dags/twitter_dag.py for tasks to queue
[2025-01-26T11:22:57.481-0300] {logging_mixin.py:190} INFO - [2025-01-26T11:22:57.480-0300] {dagbag.py:588} INFO - Filling up the DagBag from /mnt/c/Users/ander/Desktop/airflow-spark/airflow-spark/curso2/airflow_pipeline/dags/twitter_dag.py
[2025-01-26T11:22:57.582-0300] {processor.py:925} INFO - DAG(s) 'TwitterDAG' retrieved from /mnt/c/Users/ander/Desktop/airflow-spark/airflow-spark/curso2/airflow_pipeline/dags/twitter_dag.py
[2025-01-26T11:22:57.621-0300] {logging_mixin.py:190} INFO - [2025-01-26T11:22:57.621-0300] {dag.py:3239} INFO - Sync 1 DAGs
[2025-01-26T11:22:57.651-0300] {logging_mixin.py:190} INFO - [2025-01-26T11:22:57.651-0300] {dag.py:4180} INFO - Setting next_dagrun for TwitterDAG to 2025-01-26T00:00:00+00:00, run_after=2025-01-27T00:00:00+00:00
[2025-01-26T11:22:58.543-0300] {processor.py:208} INFO - Processing /mnt/c/Users/ander/Desktop/airflow-spark/airflow-spark/curso2/airflow_pipeline/dags/twitter_dag.py took 1.082 seconds
[2025-01-26T11:24:19.605-0300] {processor.py:186} INFO - Started process (PID=20581) to work on /mnt/c/Users/ander/Desktop/airflow-spark/airflow-spark/curso2/airflow_pipeline/dags/twitter_dag.py
[2025-01-26T11:24:19.607-0300] {processor.py:914} INFO - Processing file /mnt/c/Users/ander/Desktop/airflow-spark/airflow-spark/curso2/airflow_pipeline/dags/twitter_dag.py for tasks to queue
[2025-01-26T11:24:19.609-0300] {logging_mixin.py:190} INFO - [2025-01-26T11:24:19.608-0300] {dagbag.py:588} INFO - Filling up the DagBag from /mnt/c/Users/ander/Desktop/airflow-spark/airflow-spark/curso2/airflow_pipeline/dags/twitter_dag.py
[2025-01-26T11:24:19.701-0300] {processor.py:925} INFO - DAG(s) 'TwitterDAG' retrieved from /mnt/c/Users/ander/Desktop/airflow-spark/airflow-spark/curso2/airflow_pipeline/dags/twitter_dag.py
[2025-01-26T11:24:19.740-0300] {logging_mixin.py:190} INFO - [2025-01-26T11:24:19.739-0300] {dag.py:3239} INFO - Sync 1 DAGs
[2025-01-26T11:24:19.774-0300] {logging_mixin.py:190} INFO - [2025-01-26T11:24:19.773-0300] {dag.py:4180} INFO - Setting next_dagrun for TwitterDAG to 2025-01-26T00:00:00+00:00, run_after=2025-01-27T00:00:00+00:00
[2025-01-26T11:24:19.842-0300] {processor.py:208} INFO - Processing /mnt/c/Users/ander/Desktop/airflow-spark/airflow-spark/curso2/airflow_pipeline/dags/twitter_dag.py took 0.253 seconds
[2025-01-26T11:25:32.333-0300] {processor.py:186} INFO - Started process (PID=20936) to work on /mnt/c/Users/ander/Desktop/airflow-spark/airflow-spark/curso2/airflow_pipeline/dags/twitter_dag.py
[2025-01-26T11:25:32.335-0300] {processor.py:914} INFO - Processing file /mnt/c/Users/ander/Desktop/airflow-spark/airflow-spark/curso2/airflow_pipeline/dags/twitter_dag.py for tasks to queue
[2025-01-26T11:25:32.337-0300] {logging_mixin.py:190} INFO - [2025-01-26T11:25:32.336-0300] {dagbag.py:588} INFO - Filling up the DagBag from /mnt/c/Users/ander/Desktop/airflow-spark/airflow-spark/curso2/airflow_pipeline/dags/twitter_dag.py
[2025-01-26T11:25:32.429-0300] {processor.py:925} INFO - DAG(s) 'TwitterDAG' retrieved from /mnt/c/Users/ander/Desktop/airflow-spark/airflow-spark/curso2/airflow_pipeline/dags/twitter_dag.py
[2025-01-26T11:25:32.465-0300] {logging_mixin.py:190} INFO - [2025-01-26T11:25:32.465-0300] {dag.py:3239} INFO - Sync 1 DAGs
[2025-01-26T11:25:32.499-0300] {logging_mixin.py:190} INFO - [2025-01-26T11:25:32.499-0300] {dag.py:4180} INFO - Setting next_dagrun for TwitterDAG to 2025-01-26T00:00:00+00:00, run_after=2025-01-27T00:00:00+00:00
[2025-01-26T11:25:32.566-0300] {processor.py:208} INFO - Processing /mnt/c/Users/ander/Desktop/airflow-spark/airflow-spark/curso2/airflow_pipeline/dags/twitter_dag.py took 0.248 seconds
[2025-01-26T11:26:41.982-0300] {processor.py:186} INFO - Started process (PID=21281) to work on /mnt/c/Users/ander/Desktop/airflow-spark/airflow-spark/curso2/airflow_pipeline/dags/twitter_dag.py
[2025-01-26T11:26:41.984-0300] {processor.py:914} INFO - Processing file /mnt/c/Users/ander/Desktop/airflow-spark/airflow-spark/curso2/airflow_pipeline/dags/twitter_dag.py for tasks to queue
[2025-01-26T11:26:41.986-0300] {logging_mixin.py:190} INFO - [2025-01-26T11:26:41.986-0300] {dagbag.py:588} INFO - Filling up the DagBag from /mnt/c/Users/ander/Desktop/airflow-spark/airflow-spark/curso2/airflow_pipeline/dags/twitter_dag.py
[2025-01-26T11:26:42.099-0300] {processor.py:925} INFO - DAG(s) 'TwitterDAG' retrieved from /mnt/c/Users/ander/Desktop/airflow-spark/airflow-spark/curso2/airflow_pipeline/dags/twitter_dag.py
[2025-01-26T11:26:42.140-0300] {logging_mixin.py:190} INFO - [2025-01-26T11:26:42.140-0300] {dag.py:3239} INFO - Sync 1 DAGs
[2025-01-26T11:26:42.174-0300] {logging_mixin.py:190} INFO - [2025-01-26T11:26:42.174-0300] {dag.py:4180} INFO - Setting next_dagrun for TwitterDAG to 2025-01-26T00:00:00+00:00, run_after=2025-01-27T00:00:00+00:00
[2025-01-26T11:26:42.250-0300] {processor.py:208} INFO - Processing /mnt/c/Users/ander/Desktop/airflow-spark/airflow-spark/curso2/airflow_pipeline/dags/twitter_dag.py took 0.286 seconds
[2025-01-26T11:27:53.573-0300] {processor.py:186} INFO - Started process (PID=21685) to work on /mnt/c/Users/ander/Desktop/airflow-spark/airflow-spark/curso2/airflow_pipeline/dags/twitter_dag.py
[2025-01-26T11:27:53.574-0300] {processor.py:914} INFO - Processing file /mnt/c/Users/ander/Desktop/airflow-spark/airflow-spark/curso2/airflow_pipeline/dags/twitter_dag.py for tasks to queue
[2025-01-26T11:27:53.576-0300] {logging_mixin.py:190} INFO - [2025-01-26T11:27:53.576-0300] {dagbag.py:588} INFO - Filling up the DagBag from /mnt/c/Users/ander/Desktop/airflow-spark/airflow-spark/curso2/airflow_pipeline/dags/twitter_dag.py
[2025-01-26T11:27:53.681-0300] {processor.py:925} INFO - DAG(s) 'TwitterDAG' retrieved from /mnt/c/Users/ander/Desktop/airflow-spark/airflow-spark/curso2/airflow_pipeline/dags/twitter_dag.py
[2025-01-26T11:27:53.718-0300] {logging_mixin.py:190} INFO - [2025-01-26T11:27:53.717-0300] {dag.py:3239} INFO - Sync 1 DAGs
[2025-01-26T11:27:53.751-0300] {logging_mixin.py:190} INFO - [2025-01-26T11:27:53.751-0300] {dag.py:4180} INFO - Setting next_dagrun for TwitterDAG to 2025-01-26T00:00:00+00:00, run_after=2025-01-27T00:00:00+00:00
[2025-01-26T11:27:54.416-0300] {processor.py:208} INFO - Processing /mnt/c/Users/ander/Desktop/airflow-spark/airflow-spark/curso2/airflow_pipeline/dags/twitter_dag.py took 0.860 seconds
[2025-01-26T11:29:07.625-0300] {processor.py:186} INFO - Started process (PID=22041) to work on /mnt/c/Users/ander/Desktop/airflow-spark/airflow-spark/curso2/airflow_pipeline/dags/twitter_dag.py
[2025-01-26T11:29:07.626-0300] {processor.py:914} INFO - Processing file /mnt/c/Users/ander/Desktop/airflow-spark/airflow-spark/curso2/airflow_pipeline/dags/twitter_dag.py for tasks to queue
[2025-01-26T11:29:07.628-0300] {logging_mixin.py:190} INFO - [2025-01-26T11:29:07.628-0300] {dagbag.py:588} INFO - Filling up the DagBag from /mnt/c/Users/ander/Desktop/airflow-spark/airflow-spark/curso2/airflow_pipeline/dags/twitter_dag.py
[2025-01-26T11:29:07.733-0300] {processor.py:925} INFO - DAG(s) 'TwitterDAG' retrieved from /mnt/c/Users/ander/Desktop/airflow-spark/airflow-spark/curso2/airflow_pipeline/dags/twitter_dag.py
[2025-01-26T11:29:07.772-0300] {logging_mixin.py:190} INFO - [2025-01-26T11:29:07.772-0300] {dag.py:3239} INFO - Sync 1 DAGs
[2025-01-26T11:29:07.806-0300] {logging_mixin.py:190} INFO - [2025-01-26T11:29:07.806-0300] {dag.py:4180} INFO - Setting next_dagrun for TwitterDAG to 2025-01-26T00:00:00+00:00, run_after=2025-01-27T00:00:00+00:00
[2025-01-26T11:29:07.883-0300] {processor.py:208} INFO - Processing /mnt/c/Users/ander/Desktop/airflow-spark/airflow-spark/curso2/airflow_pipeline/dags/twitter_dag.py took 0.276 seconds
[2025-01-26T11:30:28.640-0300] {processor.py:186} INFO - Started process (PID=22469) to work on /mnt/c/Users/ander/Desktop/airflow-spark/airflow-spark/curso2/airflow_pipeline/dags/twitter_dag.py
[2025-01-26T11:30:28.642-0300] {processor.py:914} INFO - Processing file /mnt/c/Users/ander/Desktop/airflow-spark/airflow-spark/curso2/airflow_pipeline/dags/twitter_dag.py for tasks to queue
[2025-01-26T11:30:28.644-0300] {logging_mixin.py:190} INFO - [2025-01-26T11:30:28.643-0300] {dagbag.py:588} INFO - Filling up the DagBag from /mnt/c/Users/ander/Desktop/airflow-spark/airflow-spark/curso2/airflow_pipeline/dags/twitter_dag.py
[2025-01-26T11:30:28.746-0300] {processor.py:925} INFO - DAG(s) 'TwitterDAG' retrieved from /mnt/c/Users/ander/Desktop/airflow-spark/airflow-spark/curso2/airflow_pipeline/dags/twitter_dag.py
[2025-01-26T11:30:28.782-0300] {logging_mixin.py:190} INFO - [2025-01-26T11:30:28.781-0300] {dag.py:3239} INFO - Sync 1 DAGs
[2025-01-26T11:30:28.920-0300] {logging_mixin.py:190} INFO - [2025-01-26T11:30:28.920-0300] {dag.py:4180} INFO - Setting next_dagrun for TwitterDAG to 2025-01-26T00:00:00+00:00, run_after=2025-01-27T00:00:00+00:00
[2025-01-26T11:30:30.117-0300] {processor.py:208} INFO - Processing /mnt/c/Users/ander/Desktop/airflow-spark/airflow-spark/curso2/airflow_pipeline/dags/twitter_dag.py took 1.493 seconds
[2025-01-26T11:32:00.458-0300] {processor.py:186} INFO - Started process (PID=22869) to work on /mnt/c/Users/ander/Desktop/airflow-spark/airflow-spark/curso2/airflow_pipeline/dags/twitter_dag.py
[2025-01-26T11:32:00.460-0300] {processor.py:914} INFO - Processing file /mnt/c/Users/ander/Desktop/airflow-spark/airflow-spark/curso2/airflow_pipeline/dags/twitter_dag.py for tasks to queue
[2025-01-26T11:32:00.461-0300] {logging_mixin.py:190} INFO - [2025-01-26T11:32:00.461-0300] {dagbag.py:588} INFO - Filling up the DagBag from /mnt/c/Users/ander/Desktop/airflow-spark/airflow-spark/curso2/airflow_pipeline/dags/twitter_dag.py
[2025-01-26T11:32:00.546-0300] {processor.py:925} INFO - DAG(s) 'TwitterDAG' retrieved from /mnt/c/Users/ander/Desktop/airflow-spark/airflow-spark/curso2/airflow_pipeline/dags/twitter_dag.py
[2025-01-26T11:32:00.583-0300] {logging_mixin.py:190} INFO - [2025-01-26T11:32:00.583-0300] {dag.py:3239} INFO - Sync 1 DAGs
[2025-01-26T11:32:00.615-0300] {logging_mixin.py:190} INFO - [2025-01-26T11:32:00.614-0300] {dag.py:4180} INFO - Setting next_dagrun for TwitterDAG to 2025-01-26T00:00:00+00:00, run_after=2025-01-27T00:00:00+00:00
[2025-01-26T11:32:01.194-0300] {processor.py:208} INFO - Processing /mnt/c/Users/ander/Desktop/airflow-spark/airflow-spark/curso2/airflow_pipeline/dags/twitter_dag.py took 0.752 seconds
[2025-01-26T11:33:26.592-0300] {processor.py:186} INFO - Started process (PID=23321) to work on /mnt/c/Users/ander/Desktop/airflow-spark/airflow-spark/curso2/airflow_pipeline/dags/twitter_dag.py
[2025-01-26T11:33:26.593-0300] {processor.py:914} INFO - Processing file /mnt/c/Users/ander/Desktop/airflow-spark/airflow-spark/curso2/airflow_pipeline/dags/twitter_dag.py for tasks to queue
[2025-01-26T11:33:26.595-0300] {logging_mixin.py:190} INFO - [2025-01-26T11:33:26.595-0300] {dagbag.py:588} INFO - Filling up the DagBag from /mnt/c/Users/ander/Desktop/airflow-spark/airflow-spark/curso2/airflow_pipeline/dags/twitter_dag.py
[2025-01-26T11:33:26.701-0300] {processor.py:925} INFO - DAG(s) 'TwitterDAG' retrieved from /mnt/c/Users/ander/Desktop/airflow-spark/airflow-spark/curso2/airflow_pipeline/dags/twitter_dag.py
[2025-01-26T11:33:26.735-0300] {logging_mixin.py:190} INFO - [2025-01-26T11:33:26.735-0300] {dag.py:3239} INFO - Sync 1 DAGs
[2025-01-26T11:33:26.766-0300] {logging_mixin.py:190} INFO - [2025-01-26T11:33:26.766-0300] {dag.py:4180} INFO - Setting next_dagrun for TwitterDAG to 2025-01-26T00:00:00+00:00, run_after=2025-01-27T00:00:00+00:00
[2025-01-26T11:33:26.933-0300] {processor.py:208} INFO - Processing /mnt/c/Users/ander/Desktop/airflow-spark/airflow-spark/curso2/airflow_pipeline/dags/twitter_dag.py took 0.357 seconds
[2025-01-26T11:34:24.659-0300] {processor.py:186} INFO - Started process (PID=23567) to work on /mnt/c/Users/ander/Desktop/airflow-spark/airflow-spark/curso2/airflow_pipeline/dags/twitter_dag.py
[2025-01-26T11:34:24.660-0300] {processor.py:914} INFO - Processing file /mnt/c/Users/ander/Desktop/airflow-spark/airflow-spark/curso2/airflow_pipeline/dags/twitter_dag.py for tasks to queue
[2025-01-26T11:34:24.662-0300] {logging_mixin.py:190} INFO - [2025-01-26T11:34:24.662-0300] {dagbag.py:588} INFO - Filling up the DagBag from /mnt/c/Users/ander/Desktop/airflow-spark/airflow-spark/curso2/airflow_pipeline/dags/twitter_dag.py
[2025-01-26T11:34:24.747-0300] {processor.py:925} INFO - DAG(s) 'TwitterDAG' retrieved from /mnt/c/Users/ander/Desktop/airflow-spark/airflow-spark/curso2/airflow_pipeline/dags/twitter_dag.py
[2025-01-26T11:34:24.784-0300] {logging_mixin.py:190} INFO - [2025-01-26T11:34:24.784-0300] {dag.py:3239} INFO - Sync 1 DAGs
[2025-01-26T11:34:24.818-0300] {logging_mixin.py:190} INFO - [2025-01-26T11:34:24.818-0300] {dag.py:4180} INFO - Setting next_dagrun for TwitterDAG to 2025-01-26T00:00:00+00:00, run_after=2025-01-27T00:00:00+00:00
[2025-01-26T11:34:24.872-0300] {processor.py:208} INFO - Processing /mnt/c/Users/ander/Desktop/airflow-spark/airflow-spark/curso2/airflow_pipeline/dags/twitter_dag.py took 0.230 seconds
[2025-01-26T11:35:12.520-0300] {processor.py:186} INFO - Started process (PID=23810) to work on /mnt/c/Users/ander/Desktop/airflow-spark/airflow-spark/curso2/airflow_pipeline/dags/twitter_dag.py
[2025-01-26T11:35:12.521-0300] {processor.py:914} INFO - Processing file /mnt/c/Users/ander/Desktop/airflow-spark/airflow-spark/curso2/airflow_pipeline/dags/twitter_dag.py for tasks to queue
[2025-01-26T11:35:12.523-0300] {logging_mixin.py:190} INFO - [2025-01-26T11:35:12.523-0300] {dagbag.py:588} INFO - Filling up the DagBag from /mnt/c/Users/ander/Desktop/airflow-spark/airflow-spark/curso2/airflow_pipeline/dags/twitter_dag.py
[2025-01-26T11:35:12.610-0300] {processor.py:925} INFO - DAG(s) 'TwitterDAG' retrieved from /mnt/c/Users/ander/Desktop/airflow-spark/airflow-spark/curso2/airflow_pipeline/dags/twitter_dag.py
[2025-01-26T11:35:12.646-0300] {logging_mixin.py:190} INFO - [2025-01-26T11:35:12.645-0300] {dag.py:3239} INFO - Sync 1 DAGs
[2025-01-26T11:35:12.679-0300] {logging_mixin.py:190} INFO - [2025-01-26T11:35:12.678-0300] {dag.py:4180} INFO - Setting next_dagrun for TwitterDAG to 2025-01-26T00:00:00+00:00, run_after=2025-01-27T00:00:00+00:00
[2025-01-26T11:35:12.738-0300] {processor.py:208} INFO - Processing /mnt/c/Users/ander/Desktop/airflow-spark/airflow-spark/curso2/airflow_pipeline/dags/twitter_dag.py took 0.235 seconds
[2025-01-26T11:36:05.341-0300] {processor.py:186} INFO - Started process (PID=24073) to work on /mnt/c/Users/ander/Desktop/airflow-spark/airflow-spark/curso2/airflow_pipeline/dags/twitter_dag.py
[2025-01-26T11:36:05.342-0300] {processor.py:914} INFO - Processing file /mnt/c/Users/ander/Desktop/airflow-spark/airflow-spark/curso2/airflow_pipeline/dags/twitter_dag.py for tasks to queue
[2025-01-26T11:36:05.344-0300] {logging_mixin.py:190} INFO - [2025-01-26T11:36:05.343-0300] {dagbag.py:588} INFO - Filling up the DagBag from /mnt/c/Users/ander/Desktop/airflow-spark/airflow-spark/curso2/airflow_pipeline/dags/twitter_dag.py
[2025-01-26T11:36:05.434-0300] {processor.py:925} INFO - DAG(s) 'TwitterDAG' retrieved from /mnt/c/Users/ander/Desktop/airflow-spark/airflow-spark/curso2/airflow_pipeline/dags/twitter_dag.py
[2025-01-26T11:36:05.470-0300] {logging_mixin.py:190} INFO - [2025-01-26T11:36:05.470-0300] {dag.py:3239} INFO - Sync 1 DAGs
[2025-01-26T11:36:05.503-0300] {logging_mixin.py:190} INFO - [2025-01-26T11:36:05.502-0300] {dag.py:4180} INFO - Setting next_dagrun for TwitterDAG to 2025-01-26T00:00:00+00:00, run_after=2025-01-27T00:00:00+00:00
[2025-01-26T11:36:05.561-0300] {processor.py:208} INFO - Processing /mnt/c/Users/ander/Desktop/airflow-spark/airflow-spark/curso2/airflow_pipeline/dags/twitter_dag.py took 0.235 seconds
[2025-01-26T11:36:55.515-0300] {processor.py:186} INFO - Started process (PID=24303) to work on /mnt/c/Users/ander/Desktop/airflow-spark/airflow-spark/curso2/airflow_pipeline/dags/twitter_dag.py
[2025-01-26T11:36:55.517-0300] {processor.py:914} INFO - Processing file /mnt/c/Users/ander/Desktop/airflow-spark/airflow-spark/curso2/airflow_pipeline/dags/twitter_dag.py for tasks to queue
[2025-01-26T11:36:55.519-0300] {logging_mixin.py:190} INFO - [2025-01-26T11:36:55.519-0300] {dagbag.py:588} INFO - Filling up the DagBag from /mnt/c/Users/ander/Desktop/airflow-spark/airflow-spark/curso2/airflow_pipeline/dags/twitter_dag.py
[2025-01-26T11:36:55.605-0300] {processor.py:925} INFO - DAG(s) 'TwitterDAG' retrieved from /mnt/c/Users/ander/Desktop/airflow-spark/airflow-spark/curso2/airflow_pipeline/dags/twitter_dag.py
[2025-01-26T11:36:55.642-0300] {logging_mixin.py:190} INFO - [2025-01-26T11:36:55.642-0300] {dag.py:3239} INFO - Sync 1 DAGs
[2025-01-26T11:36:55.681-0300] {logging_mixin.py:190} INFO - [2025-01-26T11:36:55.680-0300] {dag.py:4180} INFO - Setting next_dagrun for TwitterDAG to 2025-01-26T00:00:00+00:00, run_after=2025-01-27T00:00:00+00:00
[2025-01-26T11:36:55.737-0300] {processor.py:208} INFO - Processing /mnt/c/Users/ander/Desktop/airflow-spark/airflow-spark/curso2/airflow_pipeline/dags/twitter_dag.py took 0.243 seconds
[2025-01-26T11:37:49.097-0300] {processor.py:186} INFO - Started process (PID=24533) to work on /mnt/c/Users/ander/Desktop/airflow-spark/airflow-spark/curso2/airflow_pipeline/dags/twitter_dag.py
[2025-01-26T11:37:49.099-0300] {processor.py:914} INFO - Processing file /mnt/c/Users/ander/Desktop/airflow-spark/airflow-spark/curso2/airflow_pipeline/dags/twitter_dag.py for tasks to queue
[2025-01-26T11:37:49.100-0300] {logging_mixin.py:190} INFO - [2025-01-26T11:37:49.100-0300] {dagbag.py:588} INFO - Filling up the DagBag from /mnt/c/Users/ander/Desktop/airflow-spark/airflow-spark/curso2/airflow_pipeline/dags/twitter_dag.py
[2025-01-26T11:37:49.197-0300] {processor.py:925} INFO - DAG(s) 'TwitterDAG' retrieved from /mnt/c/Users/ander/Desktop/airflow-spark/airflow-spark/curso2/airflow_pipeline/dags/twitter_dag.py
[2025-01-26T11:37:49.234-0300] {logging_mixin.py:190} INFO - [2025-01-26T11:37:49.234-0300] {dag.py:3239} INFO - Sync 1 DAGs
[2025-01-26T11:37:49.267-0300] {logging_mixin.py:190} INFO - [2025-01-26T11:37:49.267-0300] {dag.py:4180} INFO - Setting next_dagrun for TwitterDAG to 2025-01-26T00:00:00+00:00, run_after=2025-01-27T00:00:00+00:00
[2025-01-26T11:37:49.335-0300] {processor.py:208} INFO - Processing /mnt/c/Users/ander/Desktop/airflow-spark/airflow-spark/curso2/airflow_pipeline/dags/twitter_dag.py took 0.258 seconds
[2025-01-26T11:38:38.415-0300] {processor.py:186} INFO - Started process (PID=24815) to work on /mnt/c/Users/ander/Desktop/airflow-spark/airflow-spark/curso2/airflow_pipeline/dags/twitter_dag.py
[2025-01-26T11:38:38.417-0300] {processor.py:914} INFO - Processing file /mnt/c/Users/ander/Desktop/airflow-spark/airflow-spark/curso2/airflow_pipeline/dags/twitter_dag.py for tasks to queue
[2025-01-26T11:38:38.418-0300] {logging_mixin.py:190} INFO - [2025-01-26T11:38:38.418-0300] {dagbag.py:588} INFO - Filling up the DagBag from /mnt/c/Users/ander/Desktop/airflow-spark/airflow-spark/curso2/airflow_pipeline/dags/twitter_dag.py
[2025-01-26T11:38:38.531-0300] {processor.py:925} INFO - DAG(s) 'TwitterDAG' retrieved from /mnt/c/Users/ander/Desktop/airflow-spark/airflow-spark/curso2/airflow_pipeline/dags/twitter_dag.py
[2025-01-26T11:38:38.570-0300] {logging_mixin.py:190} INFO - [2025-01-26T11:38:38.569-0300] {dag.py:3239} INFO - Sync 1 DAGs
[2025-01-26T11:38:38.602-0300] {logging_mixin.py:190} INFO - [2025-01-26T11:38:38.602-0300] {dag.py:4180} INFO - Setting next_dagrun for TwitterDAG to 2025-01-26T00:00:00+00:00, run_after=2025-01-27T00:00:00+00:00
[2025-01-26T11:38:38.669-0300] {processor.py:208} INFO - Processing /mnt/c/Users/ander/Desktop/airflow-spark/airflow-spark/curso2/airflow_pipeline/dags/twitter_dag.py took 0.271 seconds
[2025-01-26T11:39:29.676-0300] {processor.py:186} INFO - Started process (PID=25039) to work on /mnt/c/Users/ander/Desktop/airflow-spark/airflow-spark/curso2/airflow_pipeline/dags/twitter_dag.py
[2025-01-26T11:39:29.677-0300] {processor.py:914} INFO - Processing file /mnt/c/Users/ander/Desktop/airflow-spark/airflow-spark/curso2/airflow_pipeline/dags/twitter_dag.py for tasks to queue
[2025-01-26T11:39:29.681-0300] {logging_mixin.py:190} INFO - [2025-01-26T11:39:29.680-0300] {dagbag.py:588} INFO - Filling up the DagBag from /mnt/c/Users/ander/Desktop/airflow-spark/airflow-spark/curso2/airflow_pipeline/dags/twitter_dag.py
[2025-01-26T11:39:29.786-0300] {processor.py:925} INFO - DAG(s) 'TwitterDAG' retrieved from /mnt/c/Users/ander/Desktop/airflow-spark/airflow-spark/curso2/airflow_pipeline/dags/twitter_dag.py
[2025-01-26T11:39:29.823-0300] {logging_mixin.py:190} INFO - [2025-01-26T11:39:29.823-0300] {dag.py:3239} INFO - Sync 1 DAGs
[2025-01-26T11:39:29.855-0300] {logging_mixin.py:190} INFO - [2025-01-26T11:39:29.855-0300] {dag.py:4180} INFO - Setting next_dagrun for TwitterDAG to 2025-01-26T00:00:00+00:00, run_after=2025-01-27T00:00:00+00:00
[2025-01-26T11:39:29.921-0300] {processor.py:208} INFO - Processing /mnt/c/Users/ander/Desktop/airflow-spark/airflow-spark/curso2/airflow_pipeline/dags/twitter_dag.py took 0.268 seconds
[2025-01-26T11:40:17.171-0300] {processor.py:186} INFO - Started process (PID=25201) to work on /mnt/c/Users/ander/Desktop/airflow-spark/airflow-spark/curso2/airflow_pipeline/dags/twitter_dag.py
[2025-01-26T11:40:17.172-0300] {processor.py:914} INFO - Processing file /mnt/c/Users/ander/Desktop/airflow-spark/airflow-spark/curso2/airflow_pipeline/dags/twitter_dag.py for tasks to queue
[2025-01-26T11:40:17.174-0300] {logging_mixin.py:190} INFO - [2025-01-26T11:40:17.174-0300] {dagbag.py:588} INFO - Filling up the DagBag from /mnt/c/Users/ander/Desktop/airflow-spark/airflow-spark/curso2/airflow_pipeline/dags/twitter_dag.py
[2025-01-26T11:40:17.279-0300] {processor.py:925} INFO - DAG(s) 'TwitterDAG' retrieved from /mnt/c/Users/ander/Desktop/airflow-spark/airflow-spark/curso2/airflow_pipeline/dags/twitter_dag.py
[2025-01-26T11:40:17.317-0300] {logging_mixin.py:190} INFO - [2025-01-26T11:40:17.317-0300] {dag.py:3239} INFO - Sync 1 DAGs
[2025-01-26T11:40:17.346-0300] {logging_mixin.py:190} INFO - [2025-01-26T11:40:17.346-0300] {dag.py:4180} INFO - Setting next_dagrun for TwitterDAG to 2025-01-26T00:00:00+00:00, run_after=2025-01-27T00:00:00+00:00
[2025-01-26T11:40:17.400-0300] {processor.py:208} INFO - Processing /mnt/c/Users/ander/Desktop/airflow-spark/airflow-spark/curso2/airflow_pipeline/dags/twitter_dag.py took 0.246 seconds
[2025-01-26T11:41:04.085-0300] {processor.py:186} INFO - Started process (PID=25484) to work on /mnt/c/Users/ander/Desktop/airflow-spark/airflow-spark/curso2/airflow_pipeline/dags/twitter_dag.py
[2025-01-26T11:41:04.086-0300] {processor.py:914} INFO - Processing file /mnt/c/Users/ander/Desktop/airflow-spark/airflow-spark/curso2/airflow_pipeline/dags/twitter_dag.py for tasks to queue
[2025-01-26T11:41:04.088-0300] {logging_mixin.py:190} INFO - [2025-01-26T11:41:04.088-0300] {dagbag.py:588} INFO - Filling up the DagBag from /mnt/c/Users/ander/Desktop/airflow-spark/airflow-spark/curso2/airflow_pipeline/dags/twitter_dag.py
[2025-01-26T11:41:04.181-0300] {processor.py:925} INFO - DAG(s) 'TwitterDAG' retrieved from /mnt/c/Users/ander/Desktop/airflow-spark/airflow-spark/curso2/airflow_pipeline/dags/twitter_dag.py
[2025-01-26T11:41:04.220-0300] {logging_mixin.py:190} INFO - [2025-01-26T11:41:04.220-0300] {dag.py:3239} INFO - Sync 1 DAGs
[2025-01-26T11:41:04.252-0300] {logging_mixin.py:190} INFO - [2025-01-26T11:41:04.252-0300] {dag.py:4180} INFO - Setting next_dagrun for TwitterDAG to 2025-01-26T00:00:00+00:00, run_after=2025-01-27T00:00:00+00:00
[2025-01-26T11:41:04.311-0300] {processor.py:208} INFO - Processing /mnt/c/Users/ander/Desktop/airflow-spark/airflow-spark/curso2/airflow_pipeline/dags/twitter_dag.py took 0.242 seconds
[2025-01-26T11:41:54.381-0300] {processor.py:186} INFO - Started process (PID=25762) to work on /mnt/c/Users/ander/Desktop/airflow-spark/airflow-spark/curso2/airflow_pipeline/dags/twitter_dag.py
[2025-01-26T11:41:54.382-0300] {processor.py:914} INFO - Processing file /mnt/c/Users/ander/Desktop/airflow-spark/airflow-spark/curso2/airflow_pipeline/dags/twitter_dag.py for tasks to queue
[2025-01-26T11:41:54.384-0300] {logging_mixin.py:190} INFO - [2025-01-26T11:41:54.384-0300] {dagbag.py:588} INFO - Filling up the DagBag from /mnt/c/Users/ander/Desktop/airflow-spark/airflow-spark/curso2/airflow_pipeline/dags/twitter_dag.py
[2025-01-26T11:41:54.488-0300] {processor.py:925} INFO - DAG(s) 'TwitterDAG' retrieved from /mnt/c/Users/ander/Desktop/airflow-spark/airflow-spark/curso2/airflow_pipeline/dags/twitter_dag.py
[2025-01-26T11:41:54.528-0300] {logging_mixin.py:190} INFO - [2025-01-26T11:41:54.528-0300] {dag.py:3239} INFO - Sync 1 DAGs
[2025-01-26T11:41:54.568-0300] {logging_mixin.py:190} INFO - [2025-01-26T11:41:54.568-0300] {dag.py:4180} INFO - Setting next_dagrun for TwitterDAG to 2025-01-26T00:00:00+00:00, run_after=2025-01-27T00:00:00+00:00
[2025-01-26T11:41:54.635-0300] {processor.py:208} INFO - Processing /mnt/c/Users/ander/Desktop/airflow-spark/airflow-spark/curso2/airflow_pipeline/dags/twitter_dag.py took 0.272 seconds
[2025-01-26T11:42:45.521-0300] {processor.py:186} INFO - Started process (PID=26059) to work on /mnt/c/Users/ander/Desktop/airflow-spark/airflow-spark/curso2/airflow_pipeline/dags/twitter_dag.py
[2025-01-26T11:42:45.523-0300] {processor.py:914} INFO - Processing file /mnt/c/Users/ander/Desktop/airflow-spark/airflow-spark/curso2/airflow_pipeline/dags/twitter_dag.py for tasks to queue
[2025-01-26T11:42:45.525-0300] {logging_mixin.py:190} INFO - [2025-01-26T11:42:45.524-0300] {dagbag.py:588} INFO - Filling up the DagBag from /mnt/c/Users/ander/Desktop/airflow-spark/airflow-spark/curso2/airflow_pipeline/dags/twitter_dag.py
[2025-01-26T11:42:45.630-0300] {processor.py:925} INFO - DAG(s) 'TwitterDAG' retrieved from /mnt/c/Users/ander/Desktop/airflow-spark/airflow-spark/curso2/airflow_pipeline/dags/twitter_dag.py
[2025-01-26T11:42:45.668-0300] {logging_mixin.py:190} INFO - [2025-01-26T11:42:45.667-0300] {dag.py:3239} INFO - Sync 1 DAGs
[2025-01-26T11:42:45.700-0300] {logging_mixin.py:190} INFO - [2025-01-26T11:42:45.700-0300] {dag.py:4180} INFO - Setting next_dagrun for TwitterDAG to 2025-01-26T00:00:00+00:00, run_after=2025-01-27T00:00:00+00:00
[2025-01-26T11:42:45.760-0300] {processor.py:208} INFO - Processing /mnt/c/Users/ander/Desktop/airflow-spark/airflow-spark/curso2/airflow_pipeline/dags/twitter_dag.py took 0.256 seconds
[2025-01-26T11:43:42.046-0300] {processor.py:186} INFO - Started process (PID=26362) to work on /mnt/c/Users/ander/Desktop/airflow-spark/airflow-spark/curso2/airflow_pipeline/dags/twitter_dag.py
[2025-01-26T11:43:42.048-0300] {processor.py:914} INFO - Processing file /mnt/c/Users/ander/Desktop/airflow-spark/airflow-spark/curso2/airflow_pipeline/dags/twitter_dag.py for tasks to queue
[2025-01-26T11:43:42.050-0300] {logging_mixin.py:190} INFO - [2025-01-26T11:43:42.049-0300] {dagbag.py:588} INFO - Filling up the DagBag from /mnt/c/Users/ander/Desktop/airflow-spark/airflow-spark/curso2/airflow_pipeline/dags/twitter_dag.py
[2025-01-26T11:43:42.151-0300] {processor.py:925} INFO - DAG(s) 'TwitterDAG' retrieved from /mnt/c/Users/ander/Desktop/airflow-spark/airflow-spark/curso2/airflow_pipeline/dags/twitter_dag.py
[2025-01-26T11:43:42.184-0300] {logging_mixin.py:190} INFO - [2025-01-26T11:43:42.184-0300] {dag.py:3239} INFO - Sync 1 DAGs
[2025-01-26T11:43:42.218-0300] {logging_mixin.py:190} INFO - [2025-01-26T11:43:42.217-0300] {dag.py:4180} INFO - Setting next_dagrun for TwitterDAG to 2025-01-26T00:00:00+00:00, run_after=2025-01-27T00:00:00+00:00
[2025-01-26T11:43:42.278-0300] {processor.py:208} INFO - Processing /mnt/c/Users/ander/Desktop/airflow-spark/airflow-spark/curso2/airflow_pipeline/dags/twitter_dag.py took 0.249 seconds
[2025-01-26T11:44:34.736-0300] {processor.py:186} INFO - Started process (PID=26600) to work on /mnt/c/Users/ander/Desktop/airflow-spark/airflow-spark/curso2/airflow_pipeline/dags/twitter_dag.py
[2025-01-26T11:44:34.738-0300] {processor.py:914} INFO - Processing file /mnt/c/Users/ander/Desktop/airflow-spark/airflow-spark/curso2/airflow_pipeline/dags/twitter_dag.py for tasks to queue
[2025-01-26T11:44:34.740-0300] {logging_mixin.py:190} INFO - [2025-01-26T11:44:34.739-0300] {dagbag.py:588} INFO - Filling up the DagBag from /mnt/c/Users/ander/Desktop/airflow-spark/airflow-spark/curso2/airflow_pipeline/dags/twitter_dag.py
[2025-01-26T11:44:34.841-0300] {processor.py:925} INFO - DAG(s) 'TwitterDAG' retrieved from /mnt/c/Users/ander/Desktop/airflow-spark/airflow-spark/curso2/airflow_pipeline/dags/twitter_dag.py
[2025-01-26T11:44:34.878-0300] {logging_mixin.py:190} INFO - [2025-01-26T11:44:34.877-0300] {dag.py:3239} INFO - Sync 1 DAGs
[2025-01-26T11:44:34.910-0300] {logging_mixin.py:190} INFO - [2025-01-26T11:44:34.909-0300] {dag.py:4180} INFO - Setting next_dagrun for TwitterDAG to 2025-01-26T00:00:00+00:00, run_after=2025-01-27T00:00:00+00:00
[2025-01-26T11:44:34.977-0300] {processor.py:208} INFO - Processing /mnt/c/Users/ander/Desktop/airflow-spark/airflow-spark/curso2/airflow_pipeline/dags/twitter_dag.py took 0.259 seconds
[2025-01-26T11:45:27.920-0300] {processor.py:186} INFO - Started process (PID=26837) to work on /mnt/c/Users/ander/Desktop/airflow-spark/airflow-spark/curso2/airflow_pipeline/dags/twitter_dag.py
[2025-01-26T11:45:27.922-0300] {processor.py:914} INFO - Processing file /mnt/c/Users/ander/Desktop/airflow-spark/airflow-spark/curso2/airflow_pipeline/dags/twitter_dag.py for tasks to queue
[2025-01-26T11:45:27.925-0300] {logging_mixin.py:190} INFO - [2025-01-26T11:45:27.924-0300] {dagbag.py:588} INFO - Filling up the DagBag from /mnt/c/Users/ander/Desktop/airflow-spark/airflow-spark/curso2/airflow_pipeline/dags/twitter_dag.py
[2025-01-26T11:45:28.071-0300] {processor.py:925} INFO - DAG(s) 'TwitterDAG' retrieved from /mnt/c/Users/ander/Desktop/airflow-spark/airflow-spark/curso2/airflow_pipeline/dags/twitter_dag.py
[2025-01-26T11:45:28.117-0300] {logging_mixin.py:190} INFO - [2025-01-26T11:45:28.117-0300] {dag.py:3239} INFO - Sync 1 DAGs
[2025-01-26T11:45:28.165-0300] {logging_mixin.py:190} INFO - [2025-01-26T11:45:28.164-0300] {dag.py:4180} INFO - Setting next_dagrun for TwitterDAG to 2025-01-26T00:00:00+00:00, run_after=2025-01-27T00:00:00+00:00
[2025-01-26T11:45:28.246-0300] {processor.py:208} INFO - Processing /mnt/c/Users/ander/Desktop/airflow-spark/airflow-spark/curso2/airflow_pipeline/dags/twitter_dag.py took 0.351 seconds
