[2025-01-18 14:09:50,305] {processor.py:153} INFO - Started process (PID=12041) to work on /mnt/c/Users/ander/Desktop/airflow-spark/airflow-spark/curso2/virtualenviroment/lib/python3.9/site-packages/airflow/example_dags/example_short_circuit_operator.py
[2025-01-18 14:09:50,306] {processor.py:641} INFO - Processing file /mnt/c/Users/ander/Desktop/airflow-spark/airflow-spark/curso2/virtualenviroment/lib/python3.9/site-packages/airflow/example_dags/example_short_circuit_operator.py for tasks to queue
[2025-01-18 14:09:50,307] {logging_mixin.py:115} INFO - [2025-01-18 14:09:50,307] {dagbag.py:507} INFO - Filling up the DagBag from /mnt/c/Users/ander/Desktop/airflow-spark/airflow-spark/curso2/virtualenviroment/lib/python3.9/site-packages/airflow/example_dags/example_short_circuit_operator.py
[2025-01-18 14:09:50,361] {processor.py:651} INFO - DAG(s) dict_keys(['example_short_circuit_operator']) retrieved from /mnt/c/Users/ander/Desktop/airflow-spark/airflow-spark/curso2/virtualenviroment/lib/python3.9/site-packages/airflow/example_dags/example_short_circuit_operator.py
[2025-01-18 14:09:50,449] {logging_mixin.py:115} INFO - [2025-01-18 14:09:50,448] {dag.py:2379} INFO - Sync 1 DAGs
[2025-01-18 14:09:50,475] {logging_mixin.py:115} INFO - [2025-01-18 14:09:50,475] {dag.py:2927} INFO - Setting next_dagrun for example_short_circuit_operator to 2025-01-17T17:09:50.474947+00:00, run_after=2025-01-18T17:09:50.474947+00:00
[2025-01-18 14:09:50,550] {processor.py:161} INFO - Processing /mnt/c/Users/ander/Desktop/airflow-spark/airflow-spark/curso2/virtualenviroment/lib/python3.9/site-packages/airflow/example_dags/example_short_circuit_operator.py took 0.249 seconds
[2025-01-18 14:10:32,297] {processor.py:153} INFO - Started process (PID=12202) to work on /mnt/c/Users/ander/Desktop/airflow-spark/airflow-spark/curso2/virtualenviroment/lib/python3.9/site-packages/airflow/example_dags/example_short_circuit_operator.py
[2025-01-18 14:10:32,298] {processor.py:641} INFO - Processing file /mnt/c/Users/ander/Desktop/airflow-spark/airflow-spark/curso2/virtualenviroment/lib/python3.9/site-packages/airflow/example_dags/example_short_circuit_operator.py for tasks to queue
[2025-01-18 14:10:32,299] {logging_mixin.py:115} INFO - [2025-01-18 14:10:32,299] {dagbag.py:507} INFO - Filling up the DagBag from /mnt/c/Users/ander/Desktop/airflow-spark/airflow-spark/curso2/virtualenviroment/lib/python3.9/site-packages/airflow/example_dags/example_short_circuit_operator.py
[2025-01-18 14:10:32,341] {processor.py:651} INFO - DAG(s) dict_keys(['example_short_circuit_operator']) retrieved from /mnt/c/Users/ander/Desktop/airflow-spark/airflow-spark/curso2/virtualenviroment/lib/python3.9/site-packages/airflow/example_dags/example_short_circuit_operator.py
[2025-01-18 14:10:32,379] {logging_mixin.py:115} INFO - [2025-01-18 14:10:32,379] {dag.py:2379} INFO - Sync 1 DAGs
[2025-01-18 14:10:32,408] {logging_mixin.py:115} INFO - [2025-01-18 14:10:32,408] {dag.py:2927} INFO - Setting next_dagrun for example_short_circuit_operator to 2025-01-17T17:10:32.407696+00:00, run_after=2025-01-18T17:10:32.407696+00:00
[2025-01-18 14:10:32,454] {processor.py:161} INFO - Processing /mnt/c/Users/ander/Desktop/airflow-spark/airflow-spark/curso2/virtualenviroment/lib/python3.9/site-packages/airflow/example_dags/example_short_circuit_operator.py took 0.161 seconds
[2025-01-18 14:11:16,876] {processor.py:153} INFO - Started process (PID=12418) to work on /mnt/c/Users/ander/Desktop/airflow-spark/airflow-spark/curso2/virtualenviroment/lib/python3.9/site-packages/airflow/example_dags/example_short_circuit_operator.py
[2025-01-18 14:11:16,877] {processor.py:641} INFO - Processing file /mnt/c/Users/ander/Desktop/airflow-spark/airflow-spark/curso2/virtualenviroment/lib/python3.9/site-packages/airflow/example_dags/example_short_circuit_operator.py for tasks to queue
[2025-01-18 14:11:16,878] {logging_mixin.py:115} INFO - [2025-01-18 14:11:16,878] {dagbag.py:507} INFO - Filling up the DagBag from /mnt/c/Users/ander/Desktop/airflow-spark/airflow-spark/curso2/virtualenviroment/lib/python3.9/site-packages/airflow/example_dags/example_short_circuit_operator.py
[2025-01-18 14:11:16,928] {processor.py:651} INFO - DAG(s) dict_keys(['example_short_circuit_operator']) retrieved from /mnt/c/Users/ander/Desktop/airflow-spark/airflow-spark/curso2/virtualenviroment/lib/python3.9/site-packages/airflow/example_dags/example_short_circuit_operator.py
[2025-01-18 14:11:16,971] {logging_mixin.py:115} INFO - [2025-01-18 14:11:16,971] {dag.py:2379} INFO - Sync 1 DAGs
[2025-01-18 14:11:17,008] {logging_mixin.py:115} INFO - [2025-01-18 14:11:17,008] {dag.py:2927} INFO - Setting next_dagrun for example_short_circuit_operator to 2025-01-17T17:11:17.007456+00:00, run_after=2025-01-18T17:11:17.007456+00:00
[2025-01-18 14:11:17,062] {processor.py:161} INFO - Processing /mnt/c/Users/ander/Desktop/airflow-spark/airflow-spark/curso2/virtualenviroment/lib/python3.9/site-packages/airflow/example_dags/example_short_circuit_operator.py took 0.190 seconds
[2025-01-18 14:12:02,219] {processor.py:153} INFO - Started process (PID=12638) to work on /mnt/c/Users/ander/Desktop/airflow-spark/airflow-spark/curso2/virtualenviroment/lib/python3.9/site-packages/airflow/example_dags/example_short_circuit_operator.py
[2025-01-18 14:12:02,220] {processor.py:641} INFO - Processing file /mnt/c/Users/ander/Desktop/airflow-spark/airflow-spark/curso2/virtualenviroment/lib/python3.9/site-packages/airflow/example_dags/example_short_circuit_operator.py for tasks to queue
[2025-01-18 14:12:02,221] {logging_mixin.py:115} INFO - [2025-01-18 14:12:02,221] {dagbag.py:507} INFO - Filling up the DagBag from /mnt/c/Users/ander/Desktop/airflow-spark/airflow-spark/curso2/virtualenviroment/lib/python3.9/site-packages/airflow/example_dags/example_short_circuit_operator.py
[2025-01-18 14:12:02,273] {processor.py:651} INFO - DAG(s) dict_keys(['example_short_circuit_operator']) retrieved from /mnt/c/Users/ander/Desktop/airflow-spark/airflow-spark/curso2/virtualenviroment/lib/python3.9/site-packages/airflow/example_dags/example_short_circuit_operator.py
[2025-01-18 14:12:02,315] {logging_mixin.py:115} INFO - [2025-01-18 14:12:02,315] {dag.py:2379} INFO - Sync 1 DAGs
[2025-01-18 14:12:02,346] {logging_mixin.py:115} INFO - [2025-01-18 14:12:02,345] {dag.py:2927} INFO - Setting next_dagrun for example_short_circuit_operator to 2025-01-17T17:12:02.345639+00:00, run_after=2025-01-18T17:12:02.345639+00:00
[2025-01-18 14:12:02,395] {processor.py:161} INFO - Processing /mnt/c/Users/ander/Desktop/airflow-spark/airflow-spark/curso2/virtualenviroment/lib/python3.9/site-packages/airflow/example_dags/example_short_circuit_operator.py took 0.180 seconds
[2025-01-18 14:12:46,030] {processor.py:153} INFO - Started process (PID=13012) to work on /mnt/c/Users/ander/Desktop/airflow-spark/airflow-spark/curso2/virtualenviroment/lib/python3.9/site-packages/airflow/example_dags/example_short_circuit_operator.py
[2025-01-18 14:12:46,031] {processor.py:641} INFO - Processing file /mnt/c/Users/ander/Desktop/airflow-spark/airflow-spark/curso2/virtualenviroment/lib/python3.9/site-packages/airflow/example_dags/example_short_circuit_operator.py for tasks to queue
[2025-01-18 14:12:46,032] {logging_mixin.py:115} INFO - [2025-01-18 14:12:46,032] {dagbag.py:507} INFO - Filling up the DagBag from /mnt/c/Users/ander/Desktop/airflow-spark/airflow-spark/curso2/virtualenviroment/lib/python3.9/site-packages/airflow/example_dags/example_short_circuit_operator.py
[2025-01-18 14:12:46,087] {processor.py:651} INFO - DAG(s) dict_keys(['example_short_circuit_operator']) retrieved from /mnt/c/Users/ander/Desktop/airflow-spark/airflow-spark/curso2/virtualenviroment/lib/python3.9/site-packages/airflow/example_dags/example_short_circuit_operator.py
[2025-01-18 14:12:46,128] {logging_mixin.py:115} INFO - [2025-01-18 14:12:46,128] {dag.py:2379} INFO - Sync 1 DAGs
[2025-01-18 14:12:46,159] {logging_mixin.py:115} INFO - [2025-01-18 14:12:46,159] {dag.py:2927} INFO - Setting next_dagrun for example_short_circuit_operator to 2025-01-17T17:12:46.159173+00:00, run_after=2025-01-18T17:12:46.159173+00:00
[2025-01-18 14:12:46,208] {processor.py:161} INFO - Processing /mnt/c/Users/ander/Desktop/airflow-spark/airflow-spark/curso2/virtualenviroment/lib/python3.9/site-packages/airflow/example_dags/example_short_circuit_operator.py took 0.182 seconds
[2025-01-18 14:13:31,644] {processor.py:153} INFO - Started process (PID=13292) to work on /mnt/c/Users/ander/Desktop/airflow-spark/airflow-spark/curso2/virtualenviroment/lib/python3.9/site-packages/airflow/example_dags/example_short_circuit_operator.py
[2025-01-18 14:13:31,645] {processor.py:641} INFO - Processing file /mnt/c/Users/ander/Desktop/airflow-spark/airflow-spark/curso2/virtualenviroment/lib/python3.9/site-packages/airflow/example_dags/example_short_circuit_operator.py for tasks to queue
[2025-01-18 14:13:31,646] {logging_mixin.py:115} INFO - [2025-01-18 14:13:31,646] {dagbag.py:507} INFO - Filling up the DagBag from /mnt/c/Users/ander/Desktop/airflow-spark/airflow-spark/curso2/virtualenviroment/lib/python3.9/site-packages/airflow/example_dags/example_short_circuit_operator.py
[2025-01-18 14:13:31,701] {processor.py:651} INFO - DAG(s) dict_keys(['example_short_circuit_operator']) retrieved from /mnt/c/Users/ander/Desktop/airflow-spark/airflow-spark/curso2/virtualenviroment/lib/python3.9/site-packages/airflow/example_dags/example_short_circuit_operator.py
[2025-01-18 14:13:31,755] {logging_mixin.py:115} INFO - [2025-01-18 14:13:31,755] {dag.py:2379} INFO - Sync 1 DAGs
[2025-01-18 14:13:31,786] {logging_mixin.py:115} INFO - [2025-01-18 14:13:31,786] {dag.py:2927} INFO - Setting next_dagrun for example_short_circuit_operator to 2025-01-17T17:13:31.786433+00:00, run_after=2025-01-18T17:13:31.786433+00:00
[2025-01-18 14:13:31,832] {processor.py:161} INFO - Processing /mnt/c/Users/ander/Desktop/airflow-spark/airflow-spark/curso2/virtualenviroment/lib/python3.9/site-packages/airflow/example_dags/example_short_circuit_operator.py took 0.192 seconds
[2025-01-18 14:14:20,418] {processor.py:153} INFO - Started process (PID=13528) to work on /mnt/c/Users/ander/Desktop/airflow-spark/airflow-spark/curso2/virtualenviroment/lib/python3.9/site-packages/airflow/example_dags/example_short_circuit_operator.py
[2025-01-18 14:14:20,420] {processor.py:641} INFO - Processing file /mnt/c/Users/ander/Desktop/airflow-spark/airflow-spark/curso2/virtualenviroment/lib/python3.9/site-packages/airflow/example_dags/example_short_circuit_operator.py for tasks to queue
[2025-01-18 14:14:20,421] {logging_mixin.py:115} INFO - [2025-01-18 14:14:20,421] {dagbag.py:507} INFO - Filling up the DagBag from /mnt/c/Users/ander/Desktop/airflow-spark/airflow-spark/curso2/virtualenviroment/lib/python3.9/site-packages/airflow/example_dags/example_short_circuit_operator.py
[2025-01-18 14:14:20,481] {processor.py:651} INFO - DAG(s) dict_keys(['example_short_circuit_operator']) retrieved from /mnt/c/Users/ander/Desktop/airflow-spark/airflow-spark/curso2/virtualenviroment/lib/python3.9/site-packages/airflow/example_dags/example_short_circuit_operator.py
[2025-01-18 14:14:20,525] {logging_mixin.py:115} INFO - [2025-01-18 14:14:20,525] {dag.py:2379} INFO - Sync 1 DAGs
[2025-01-18 14:14:20,560] {logging_mixin.py:115} INFO - [2025-01-18 14:14:20,560] {dag.py:2927} INFO - Setting next_dagrun for example_short_circuit_operator to 2025-01-17T17:14:20.560200+00:00, run_after=2025-01-18T17:14:20.560200+00:00
[2025-01-18 14:14:20,621] {processor.py:161} INFO - Processing /mnt/c/Users/ander/Desktop/airflow-spark/airflow-spark/curso2/virtualenviroment/lib/python3.9/site-packages/airflow/example_dags/example_short_circuit_operator.py took 0.209 seconds
