[2025-01-18 14:10:08,557] {processor.py:153} INFO - Started process (PID=12110) to work on /mnt/c/Users/ander/Desktop/airflow-spark/airflow-spark/curso2/virtualenviroment/lib/python3.9/site-packages/airflow/example_dags/example_branch_day_of_week_operator.py
[2025-01-18 14:10:08,558] {processor.py:641} INFO - Processing file /mnt/c/Users/ander/Desktop/airflow-spark/airflow-spark/curso2/virtualenviroment/lib/python3.9/site-packages/airflow/example_dags/example_branch_day_of_week_operator.py for tasks to queue
[2025-01-18 14:10:08,559] {logging_mixin.py:115} INFO - [2025-01-18 14:10:08,559] {dagbag.py:507} INFO - Filling up the DagBag from /mnt/c/Users/ander/Desktop/airflow-spark/airflow-spark/curso2/virtualenviroment/lib/python3.9/site-packages/airflow/example_dags/example_branch_day_of_week_operator.py
[2025-01-18 14:10:08,622] {processor.py:651} INFO - DAG(s) dict_keys(['example_weekday_branch_operator']) retrieved from /mnt/c/Users/ander/Desktop/airflow-spark/airflow-spark/curso2/virtualenviroment/lib/python3.9/site-packages/airflow/example_dags/example_branch_day_of_week_operator.py
[2025-01-18 14:10:08,699] {logging_mixin.py:115} INFO - [2025-01-18 14:10:08,699] {dag.py:2379} INFO - Sync 1 DAGs
[2025-01-18 14:10:08,734] {logging_mixin.py:115} INFO - [2025-01-18 14:10:08,733] {dag.py:2927} INFO - Setting next_dagrun for example_weekday_branch_operator to 2025-01-17T00:00:00+00:00, run_after=2025-01-18T00:00:00+00:00
[2025-01-18 14:10:08,791] {processor.py:161} INFO - Processing /mnt/c/Users/ander/Desktop/airflow-spark/airflow-spark/curso2/virtualenviroment/lib/python3.9/site-packages/airflow/example_dags/example_branch_day_of_week_operator.py took 0.238 seconds
[2025-01-18 14:10:50,381] {processor.py:153} INFO - Started process (PID=12265) to work on /mnt/c/Users/ander/Desktop/airflow-spark/airflow-spark/curso2/virtualenviroment/lib/python3.9/site-packages/airflow/example_dags/example_branch_day_of_week_operator.py
[2025-01-18 14:10:50,382] {processor.py:641} INFO - Processing file /mnt/c/Users/ander/Desktop/airflow-spark/airflow-spark/curso2/virtualenviroment/lib/python3.9/site-packages/airflow/example_dags/example_branch_day_of_week_operator.py for tasks to queue
[2025-01-18 14:10:50,383] {logging_mixin.py:115} INFO - [2025-01-18 14:10:50,383] {dagbag.py:507} INFO - Filling up the DagBag from /mnt/c/Users/ander/Desktop/airflow-spark/airflow-spark/curso2/virtualenviroment/lib/python3.9/site-packages/airflow/example_dags/example_branch_day_of_week_operator.py
[2025-01-18 14:10:50,432] {processor.py:651} INFO - DAG(s) dict_keys(['example_weekday_branch_operator']) retrieved from /mnt/c/Users/ander/Desktop/airflow-spark/airflow-spark/curso2/virtualenviroment/lib/python3.9/site-packages/airflow/example_dags/example_branch_day_of_week_operator.py
[2025-01-18 14:10:50,468] {logging_mixin.py:115} INFO - [2025-01-18 14:10:50,467] {dag.py:2379} INFO - Sync 1 DAGs
[2025-01-18 14:10:50,503] {logging_mixin.py:115} INFO - [2025-01-18 14:10:50,503] {dag.py:2927} INFO - Setting next_dagrun for example_weekday_branch_operator to 2025-01-17T00:00:00+00:00, run_after=2025-01-18T00:00:00+00:00
[2025-01-18 14:10:50,542] {processor.py:161} INFO - Processing /mnt/c/Users/ander/Desktop/airflow-spark/airflow-spark/curso2/virtualenviroment/lib/python3.9/site-packages/airflow/example_dags/example_branch_day_of_week_operator.py took 0.165 seconds
[2025-01-18 14:11:44,846] {processor.py:153} INFO - Started process (PID=12571) to work on /mnt/c/Users/ander/Desktop/airflow-spark/airflow-spark/curso2/virtualenviroment/lib/python3.9/site-packages/airflow/example_dags/example_branch_day_of_week_operator.py
[2025-01-18 14:11:44,847] {processor.py:641} INFO - Processing file /mnt/c/Users/ander/Desktop/airflow-spark/airflow-spark/curso2/virtualenviroment/lib/python3.9/site-packages/airflow/example_dags/example_branch_day_of_week_operator.py for tasks to queue
[2025-01-18 14:11:44,848] {logging_mixin.py:115} INFO - [2025-01-18 14:11:44,848] {dagbag.py:507} INFO - Filling up the DagBag from /mnt/c/Users/ander/Desktop/airflow-spark/airflow-spark/curso2/virtualenviroment/lib/python3.9/site-packages/airflow/example_dags/example_branch_day_of_week_operator.py
[2025-01-18 14:11:44,911] {processor.py:651} INFO - DAG(s) dict_keys(['example_weekday_branch_operator']) retrieved from /mnt/c/Users/ander/Desktop/airflow-spark/airflow-spark/curso2/virtualenviroment/lib/python3.9/site-packages/airflow/example_dags/example_branch_day_of_week_operator.py
[2025-01-18 14:11:44,950] {logging_mixin.py:115} INFO - [2025-01-18 14:11:44,950] {dag.py:2379} INFO - Sync 1 DAGs
[2025-01-18 14:11:44,982] {logging_mixin.py:115} INFO - [2025-01-18 14:11:44,982] {dag.py:2927} INFO - Setting next_dagrun for example_weekday_branch_operator to 2025-01-17T00:00:00+00:00, run_after=2025-01-18T00:00:00+00:00
[2025-01-18 14:11:45,036] {processor.py:161} INFO - Processing /mnt/c/Users/ander/Desktop/airflow-spark/airflow-spark/curso2/virtualenviroment/lib/python3.9/site-packages/airflow/example_dags/example_branch_day_of_week_operator.py took 0.194 seconds
[2025-01-18 14:12:29,063] {processor.py:153} INFO - Started process (PID=12760) to work on /mnt/c/Users/ander/Desktop/airflow-spark/airflow-spark/curso2/virtualenviroment/lib/python3.9/site-packages/airflow/example_dags/example_branch_day_of_week_operator.py
[2025-01-18 14:12:29,069] {processor.py:641} INFO - Processing file /mnt/c/Users/ander/Desktop/airflow-spark/airflow-spark/curso2/virtualenviroment/lib/python3.9/site-packages/airflow/example_dags/example_branch_day_of_week_operator.py for tasks to queue
[2025-01-18 14:12:29,081] {logging_mixin.py:115} INFO - [2025-01-18 14:12:29,081] {dagbag.py:507} INFO - Filling up the DagBag from /mnt/c/Users/ander/Desktop/airflow-spark/airflow-spark/curso2/virtualenviroment/lib/python3.9/site-packages/airflow/example_dags/example_branch_day_of_week_operator.py
[2025-01-18 14:12:29,409] {processor.py:651} INFO - DAG(s) dict_keys(['example_weekday_branch_operator']) retrieved from /mnt/c/Users/ander/Desktop/airflow-spark/airflow-spark/curso2/virtualenviroment/lib/python3.9/site-packages/airflow/example_dags/example_branch_day_of_week_operator.py
[2025-01-18 14:12:29,628] {logging_mixin.py:115} INFO - [2025-01-18 14:12:29,628] {dag.py:2379} INFO - Sync 1 DAGs
[2025-01-18 14:12:29,696] {logging_mixin.py:115} INFO - [2025-01-18 14:12:29,695] {dag.py:2927} INFO - Setting next_dagrun for example_weekday_branch_operator to 2025-01-17T00:00:00+00:00, run_after=2025-01-18T00:00:00+00:00
[2025-01-18 14:12:29,806] {processor.py:161} INFO - Processing /mnt/c/Users/ander/Desktop/airflow-spark/airflow-spark/curso2/virtualenviroment/lib/python3.9/site-packages/airflow/example_dags/example_branch_day_of_week_operator.py took 0.771 seconds
[2025-01-18 14:13:14,728] {processor.py:153} INFO - Started process (PID=13219) to work on /mnt/c/Users/ander/Desktop/airflow-spark/airflow-spark/curso2/virtualenviroment/lib/python3.9/site-packages/airflow/example_dags/example_branch_day_of_week_operator.py
[2025-01-18 14:13:14,729] {processor.py:641} INFO - Processing file /mnt/c/Users/ander/Desktop/airflow-spark/airflow-spark/curso2/virtualenviroment/lib/python3.9/site-packages/airflow/example_dags/example_branch_day_of_week_operator.py for tasks to queue
[2025-01-18 14:13:14,730] {logging_mixin.py:115} INFO - [2025-01-18 14:13:14,730] {dagbag.py:507} INFO - Filling up the DagBag from /mnt/c/Users/ander/Desktop/airflow-spark/airflow-spark/curso2/virtualenviroment/lib/python3.9/site-packages/airflow/example_dags/example_branch_day_of_week_operator.py
[2025-01-18 14:13:14,795] {processor.py:651} INFO - DAG(s) dict_keys(['example_weekday_branch_operator']) retrieved from /mnt/c/Users/ander/Desktop/airflow-spark/airflow-spark/curso2/virtualenviroment/lib/python3.9/site-packages/airflow/example_dags/example_branch_day_of_week_operator.py
[2025-01-18 14:13:14,835] {logging_mixin.py:115} INFO - [2025-01-18 14:13:14,835] {dag.py:2379} INFO - Sync 1 DAGs
[2025-01-18 14:13:14,868] {logging_mixin.py:115} INFO - [2025-01-18 14:13:14,868] {dag.py:2927} INFO - Setting next_dagrun for example_weekday_branch_operator to 2025-01-17T00:00:00+00:00, run_after=2025-01-18T00:00:00+00:00
[2025-01-18 14:13:14,918] {processor.py:161} INFO - Processing /mnt/c/Users/ander/Desktop/airflow-spark/airflow-spark/curso2/virtualenviroment/lib/python3.9/site-packages/airflow/example_dags/example_branch_day_of_week_operator.py took 0.194 seconds
[2025-01-18 14:14:04,174] {processor.py:153} INFO - Started process (PID=13467) to work on /mnt/c/Users/ander/Desktop/airflow-spark/airflow-spark/curso2/virtualenviroment/lib/python3.9/site-packages/airflow/example_dags/example_branch_day_of_week_operator.py
[2025-01-18 14:14:04,175] {processor.py:641} INFO - Processing file /mnt/c/Users/ander/Desktop/airflow-spark/airflow-spark/curso2/virtualenviroment/lib/python3.9/site-packages/airflow/example_dags/example_branch_day_of_week_operator.py for tasks to queue
[2025-01-18 14:14:04,177] {logging_mixin.py:115} INFO - [2025-01-18 14:14:04,176] {dagbag.py:507} INFO - Filling up the DagBag from /mnt/c/Users/ander/Desktop/airflow-spark/airflow-spark/curso2/virtualenviroment/lib/python3.9/site-packages/airflow/example_dags/example_branch_day_of_week_operator.py
[2025-01-18 14:14:04,241] {processor.py:651} INFO - DAG(s) dict_keys(['example_weekday_branch_operator']) retrieved from /mnt/c/Users/ander/Desktop/airflow-spark/airflow-spark/curso2/virtualenviroment/lib/python3.9/site-packages/airflow/example_dags/example_branch_day_of_week_operator.py
[2025-01-18 14:14:04,282] {logging_mixin.py:115} INFO - [2025-01-18 14:14:04,282] {dag.py:2379} INFO - Sync 1 DAGs
[2025-01-18 14:14:04,322] {logging_mixin.py:115} INFO - [2025-01-18 14:14:04,321] {dag.py:2927} INFO - Setting next_dagrun for example_weekday_branch_operator to 2025-01-17T00:00:00+00:00, run_after=2025-01-18T00:00:00+00:00
[2025-01-18 14:14:04,376] {processor.py:161} INFO - Processing /mnt/c/Users/ander/Desktop/airflow-spark/airflow-spark/curso2/virtualenviroment/lib/python3.9/site-packages/airflow/example_dags/example_branch_day_of_week_operator.py took 0.206 seconds
