[2025-01-18 14:09:55,757] {processor.py:153} INFO - Started process (PID=12064) to work on /mnt/c/Users/ander/Desktop/airflow-spark/airflow-spark/curso2/virtualenviroment/lib/python3.9/site-packages/airflow/example_dags/example_latest_only_with_trigger.py
[2025-01-18 14:09:55,758] {processor.py:641} INFO - Processing file /mnt/c/Users/ander/Desktop/airflow-spark/airflow-spark/curso2/virtualenviroment/lib/python3.9/site-packages/airflow/example_dags/example_latest_only_with_trigger.py for tasks to queue
[2025-01-18 14:09:55,759] {logging_mixin.py:115} INFO - [2025-01-18 14:09:55,759] {dagbag.py:507} INFO - Filling up the DagBag from /mnt/c/Users/ander/Desktop/airflow-spark/airflow-spark/curso2/virtualenviroment/lib/python3.9/site-packages/airflow/example_dags/example_latest_only_with_trigger.py
[2025-01-18 14:09:55,810] {processor.py:651} INFO - DAG(s) dict_keys(['latest_only_with_trigger']) retrieved from /mnt/c/Users/ander/Desktop/airflow-spark/airflow-spark/curso2/virtualenviroment/lib/python3.9/site-packages/airflow/example_dags/example_latest_only_with_trigger.py
[2025-01-18 14:09:55,894] {logging_mixin.py:115} INFO - [2025-01-18 14:09:55,894] {dag.py:2379} INFO - Sync 1 DAGs
[2025-01-18 14:09:55,923] {logging_mixin.py:115} INFO - [2025-01-18 14:09:55,923] {dag.py:2927} INFO - Setting next_dagrun for latest_only_with_trigger to 2025-01-18T13:09:55.922955+00:00, run_after=2025-01-18T17:09:55.922955+00:00
[2025-01-18 14:09:55,990] {processor.py:161} INFO - Processing /mnt/c/Users/ander/Desktop/airflow-spark/airflow-spark/curso2/virtualenviroment/lib/python3.9/site-packages/airflow/example_dags/example_latest_only_with_trigger.py took 0.237 seconds
[2025-01-18 14:10:39,173] {processor.py:153} INFO - Started process (PID=12225) to work on /mnt/c/Users/ander/Desktop/airflow-spark/airflow-spark/curso2/virtualenviroment/lib/python3.9/site-packages/airflow/example_dags/example_latest_only_with_trigger.py
[2025-01-18 14:10:39,174] {processor.py:641} INFO - Processing file /mnt/c/Users/ander/Desktop/airflow-spark/airflow-spark/curso2/virtualenviroment/lib/python3.9/site-packages/airflow/example_dags/example_latest_only_with_trigger.py for tasks to queue
[2025-01-18 14:10:39,175] {logging_mixin.py:115} INFO - [2025-01-18 14:10:39,175] {dagbag.py:507} INFO - Filling up the DagBag from /mnt/c/Users/ander/Desktop/airflow-spark/airflow-spark/curso2/virtualenviroment/lib/python3.9/site-packages/airflow/example_dags/example_latest_only_with_trigger.py
[2025-01-18 14:10:39,225] {processor.py:651} INFO - DAG(s) dict_keys(['latest_only_with_trigger']) retrieved from /mnt/c/Users/ander/Desktop/airflow-spark/airflow-spark/curso2/virtualenviroment/lib/python3.9/site-packages/airflow/example_dags/example_latest_only_with_trigger.py
[2025-01-18 14:10:39,266] {logging_mixin.py:115} INFO - [2025-01-18 14:10:39,266] {dag.py:2379} INFO - Sync 1 DAGs
[2025-01-18 14:10:39,297] {logging_mixin.py:115} INFO - [2025-01-18 14:10:39,297] {dag.py:2927} INFO - Setting next_dagrun for latest_only_with_trigger to 2025-01-18T13:10:39.296903+00:00, run_after=2025-01-18T17:10:39.296903+00:00
[2025-01-18 14:10:39,350] {processor.py:161} INFO - Processing /mnt/c/Users/ander/Desktop/airflow-spark/airflow-spark/curso2/virtualenviroment/lib/python3.9/site-packages/airflow/example_dags/example_latest_only_with_trigger.py took 0.181 seconds
[2025-01-18 14:11:23,425] {processor.py:153} INFO - Started process (PID=12494) to work on /mnt/c/Users/ander/Desktop/airflow-spark/airflow-spark/curso2/virtualenviroment/lib/python3.9/site-packages/airflow/example_dags/example_latest_only_with_trigger.py
[2025-01-18 14:11:23,426] {processor.py:641} INFO - Processing file /mnt/c/Users/ander/Desktop/airflow-spark/airflow-spark/curso2/virtualenviroment/lib/python3.9/site-packages/airflow/example_dags/example_latest_only_with_trigger.py for tasks to queue
[2025-01-18 14:11:23,427] {logging_mixin.py:115} INFO - [2025-01-18 14:11:23,427] {dagbag.py:507} INFO - Filling up the DagBag from /mnt/c/Users/ander/Desktop/airflow-spark/airflow-spark/curso2/virtualenviroment/lib/python3.9/site-packages/airflow/example_dags/example_latest_only_with_trigger.py
[2025-01-18 14:11:23,463] {processor.py:651} INFO - DAG(s) dict_keys(['latest_only_with_trigger']) retrieved from /mnt/c/Users/ander/Desktop/airflow-spark/airflow-spark/curso2/virtualenviroment/lib/python3.9/site-packages/airflow/example_dags/example_latest_only_with_trigger.py
[2025-01-18 14:11:23,502] {logging_mixin.py:115} INFO - [2025-01-18 14:11:23,502] {dag.py:2379} INFO - Sync 1 DAGs
[2025-01-18 14:11:23,532] {logging_mixin.py:115} INFO - [2025-01-18 14:11:23,532] {dag.py:2927} INFO - Setting next_dagrun for latest_only_with_trigger to 2025-01-18T13:11:23.531953+00:00, run_after=2025-01-18T17:11:23.531953+00:00
[2025-01-18 14:11:23,574] {processor.py:161} INFO - Processing /mnt/c/Users/ander/Desktop/airflow-spark/airflow-spark/curso2/virtualenviroment/lib/python3.9/site-packages/airflow/example_dags/example_latest_only_with_trigger.py took 0.153 seconds
[2025-01-18 14:12:09,063] {processor.py:153} INFO - Started process (PID=12662) to work on /mnt/c/Users/ander/Desktop/airflow-spark/airflow-spark/curso2/virtualenviroment/lib/python3.9/site-packages/airflow/example_dags/example_latest_only_with_trigger.py
[2025-01-18 14:12:09,064] {processor.py:641} INFO - Processing file /mnt/c/Users/ander/Desktop/airflow-spark/airflow-spark/curso2/virtualenviroment/lib/python3.9/site-packages/airflow/example_dags/example_latest_only_with_trigger.py for tasks to queue
[2025-01-18 14:12:09,066] {logging_mixin.py:115} INFO - [2025-01-18 14:12:09,065] {dagbag.py:507} INFO - Filling up the DagBag from /mnt/c/Users/ander/Desktop/airflow-spark/airflow-spark/curso2/virtualenviroment/lib/python3.9/site-packages/airflow/example_dags/example_latest_only_with_trigger.py
[2025-01-18 14:12:09,113] {processor.py:651} INFO - DAG(s) dict_keys(['latest_only_with_trigger']) retrieved from /mnt/c/Users/ander/Desktop/airflow-spark/airflow-spark/curso2/virtualenviroment/lib/python3.9/site-packages/airflow/example_dags/example_latest_only_with_trigger.py
[2025-01-18 14:12:09,154] {logging_mixin.py:115} INFO - [2025-01-18 14:12:09,154] {dag.py:2379} INFO - Sync 1 DAGs
[2025-01-18 14:12:09,184] {logging_mixin.py:115} INFO - [2025-01-18 14:12:09,184] {dag.py:2927} INFO - Setting next_dagrun for latest_only_with_trigger to 2025-01-18T13:12:09.183829+00:00, run_after=2025-01-18T17:12:09.183829+00:00
[2025-01-18 14:12:09,231] {processor.py:161} INFO - Processing /mnt/c/Users/ander/Desktop/airflow-spark/airflow-spark/curso2/virtualenviroment/lib/python3.9/site-packages/airflow/example_dags/example_latest_only_with_trigger.py took 0.171 seconds
[2025-01-18 14:12:54,054] {processor.py:153} INFO - Started process (PID=13036) to work on /mnt/c/Users/ander/Desktop/airflow-spark/airflow-spark/curso2/virtualenviroment/lib/python3.9/site-packages/airflow/example_dags/example_latest_only_with_trigger.py
[2025-01-18 14:12:54,055] {processor.py:641} INFO - Processing file /mnt/c/Users/ander/Desktop/airflow-spark/airflow-spark/curso2/virtualenviroment/lib/python3.9/site-packages/airflow/example_dags/example_latest_only_with_trigger.py for tasks to queue
[2025-01-18 14:12:54,057] {logging_mixin.py:115} INFO - [2025-01-18 14:12:54,056] {dagbag.py:507} INFO - Filling up the DagBag from /mnt/c/Users/ander/Desktop/airflow-spark/airflow-spark/curso2/virtualenviroment/lib/python3.9/site-packages/airflow/example_dags/example_latest_only_with_trigger.py
[2025-01-18 14:12:54,104] {processor.py:651} INFO - DAG(s) dict_keys(['latest_only_with_trigger']) retrieved from /mnt/c/Users/ander/Desktop/airflow-spark/airflow-spark/curso2/virtualenviroment/lib/python3.9/site-packages/airflow/example_dags/example_latest_only_with_trigger.py
[2025-01-18 14:12:54,144] {logging_mixin.py:115} INFO - [2025-01-18 14:12:54,144] {dag.py:2379} INFO - Sync 1 DAGs
[2025-01-18 14:12:54,176] {logging_mixin.py:115} INFO - [2025-01-18 14:12:54,176] {dag.py:2927} INFO - Setting next_dagrun for latest_only_with_trigger to 2025-01-18T13:12:54.176025+00:00, run_after=2025-01-18T17:12:54.176025+00:00
[2025-01-18 14:12:54,233] {processor.py:161} INFO - Processing /mnt/c/Users/ander/Desktop/airflow-spark/airflow-spark/curso2/virtualenviroment/lib/python3.9/site-packages/airflow/example_dags/example_latest_only_with_trigger.py took 0.183 seconds
[2025-01-18 14:13:42,407] {processor.py:153} INFO - Started process (PID=13337) to work on /mnt/c/Users/ander/Desktop/airflow-spark/airflow-spark/curso2/virtualenviroment/lib/python3.9/site-packages/airflow/example_dags/example_latest_only_with_trigger.py
[2025-01-18 14:13:42,408] {processor.py:641} INFO - Processing file /mnt/c/Users/ander/Desktop/airflow-spark/airflow-spark/curso2/virtualenviroment/lib/python3.9/site-packages/airflow/example_dags/example_latest_only_with_trigger.py for tasks to queue
[2025-01-18 14:13:42,409] {logging_mixin.py:115} INFO - [2025-01-18 14:13:42,409] {dagbag.py:507} INFO - Filling up the DagBag from /mnt/c/Users/ander/Desktop/airflow-spark/airflow-spark/curso2/virtualenviroment/lib/python3.9/site-packages/airflow/example_dags/example_latest_only_with_trigger.py
[2025-01-18 14:13:42,459] {processor.py:651} INFO - DAG(s) dict_keys(['latest_only_with_trigger']) retrieved from /mnt/c/Users/ander/Desktop/airflow-spark/airflow-spark/curso2/virtualenviroment/lib/python3.9/site-packages/airflow/example_dags/example_latest_only_with_trigger.py
[2025-01-18 14:13:42,499] {logging_mixin.py:115} INFO - [2025-01-18 14:13:42,499] {dag.py:2379} INFO - Sync 1 DAGs
[2025-01-18 14:13:42,532] {logging_mixin.py:115} INFO - [2025-01-18 14:13:42,532] {dag.py:2927} INFO - Setting next_dagrun for latest_only_with_trigger to 2025-01-18T13:13:42.532225+00:00, run_after=2025-01-18T17:13:42.532225+00:00
[2025-01-18 14:13:42,590] {processor.py:161} INFO - Processing /mnt/c/Users/ander/Desktop/airflow-spark/airflow-spark/curso2/virtualenviroment/lib/python3.9/site-packages/airflow/example_dags/example_latest_only_with_trigger.py took 0.187 seconds
