[2025-01-18 14:09:47,361] {processor.py:153} INFO - Started process (PID=12033) to work on /mnt/c/Users/ander/Desktop/airflow-spark/airflow-spark/curso2/virtualenviroment/lib/python3.9/site-packages/airflow/example_dags/example_sla_dag.py
[2025-01-18 14:09:47,362] {processor.py:641} INFO - Processing file /mnt/c/Users/ander/Desktop/airflow-spark/airflow-spark/curso2/virtualenviroment/lib/python3.9/site-packages/airflow/example_dags/example_sla_dag.py for tasks to queue
[2025-01-18 14:09:47,363] {logging_mixin.py:115} INFO - [2025-01-18 14:09:47,363] {dagbag.py:507} INFO - Filling up the DagBag from /mnt/c/Users/ander/Desktop/airflow-spark/airflow-spark/curso2/virtualenviroment/lib/python3.9/site-packages/airflow/example_dags/example_sla_dag.py
[2025-01-18 14:09:47,494] {processor.py:651} INFO - DAG(s) dict_keys(['example_sla_dag']) retrieved from /mnt/c/Users/ander/Desktop/airflow-spark/airflow-spark/curso2/virtualenviroment/lib/python3.9/site-packages/airflow/example_dags/example_sla_dag.py
[2025-01-18 14:09:47,575] {logging_mixin.py:115} INFO - [2025-01-18 14:09:47,575] {dag.py:2379} INFO - Sync 1 DAGs
[2025-01-18 14:09:47,607] {logging_mixin.py:115} INFO - [2025-01-18 14:09:47,607] {dag.py:2927} INFO - Setting next_dagrun for example_sla_dag to 2025-01-18T17:06:00+00:00, run_after=2025-01-18T17:08:00+00:00
[2025-01-18 14:09:47,667] {processor.py:161} INFO - Processing /mnt/c/Users/ander/Desktop/airflow-spark/airflow-spark/curso2/virtualenviroment/lib/python3.9/site-packages/airflow/example_dags/example_sla_dag.py took 0.310 seconds
[2025-01-18 14:10:29,843] {processor.py:153} INFO - Started process (PID=12188) to work on /mnt/c/Users/ander/Desktop/airflow-spark/airflow-spark/curso2/virtualenviroment/lib/python3.9/site-packages/airflow/example_dags/example_sla_dag.py
[2025-01-18 14:10:29,845] {processor.py:641} INFO - Processing file /mnt/c/Users/ander/Desktop/airflow-spark/airflow-spark/curso2/virtualenviroment/lib/python3.9/site-packages/airflow/example_dags/example_sla_dag.py for tasks to queue
[2025-01-18 14:10:29,846] {logging_mixin.py:115} INFO - [2025-01-18 14:10:29,846] {dagbag.py:507} INFO - Filling up the DagBag from /mnt/c/Users/ander/Desktop/airflow-spark/airflow-spark/curso2/virtualenviroment/lib/python3.9/site-packages/airflow/example_dags/example_sla_dag.py
[2025-01-18 14:10:29,976] {processor.py:651} INFO - DAG(s) dict_keys(['example_sla_dag']) retrieved from /mnt/c/Users/ander/Desktop/airflow-spark/airflow-spark/curso2/virtualenviroment/lib/python3.9/site-packages/airflow/example_dags/example_sla_dag.py
[2025-01-18 14:10:30,024] {logging_mixin.py:115} INFO - [2025-01-18 14:10:30,024] {dag.py:2379} INFO - Sync 1 DAGs
[2025-01-18 14:10:30,080] {logging_mixin.py:115} INFO - [2025-01-18 14:10:30,080] {dag.py:2927} INFO - Setting next_dagrun for example_sla_dag to 2025-01-18T17:08:00+00:00, run_after=2025-01-18T17:10:00+00:00
[2025-01-18 14:10:30,127] {processor.py:161} INFO - Processing /mnt/c/Users/ander/Desktop/airflow-spark/airflow-spark/curso2/virtualenviroment/lib/python3.9/site-packages/airflow/example_dags/example_sla_dag.py took 0.287 seconds
[2025-01-18 14:11:14,202] {processor.py:153} INFO - Started process (PID=12381) to work on /mnt/c/Users/ander/Desktop/airflow-spark/airflow-spark/curso2/virtualenviroment/lib/python3.9/site-packages/airflow/example_dags/example_sla_dag.py
[2025-01-18 14:11:14,204] {processor.py:641} INFO - Processing file /mnt/c/Users/ander/Desktop/airflow-spark/airflow-spark/curso2/virtualenviroment/lib/python3.9/site-packages/airflow/example_dags/example_sla_dag.py for tasks to queue
[2025-01-18 14:11:14,205] {logging_mixin.py:115} INFO - [2025-01-18 14:11:14,205] {dagbag.py:507} INFO - Filling up the DagBag from /mnt/c/Users/ander/Desktop/airflow-spark/airflow-spark/curso2/virtualenviroment/lib/python3.9/site-packages/airflow/example_dags/example_sla_dag.py
[2025-01-18 14:11:14,348] {processor.py:651} INFO - DAG(s) dict_keys(['example_sla_dag']) retrieved from /mnt/c/Users/ander/Desktop/airflow-spark/airflow-spark/curso2/virtualenviroment/lib/python3.9/site-packages/airflow/example_dags/example_sla_dag.py
[2025-01-18 14:11:14,422] {logging_mixin.py:115} INFO - [2025-01-18 14:11:14,421] {dag.py:2379} INFO - Sync 1 DAGs
[2025-01-18 14:11:14,528] {logging_mixin.py:115} INFO - [2025-01-18 14:11:14,528] {dag.py:2927} INFO - Setting next_dagrun for example_sla_dag to 2025-01-18T17:08:00+00:00, run_after=2025-01-18T17:10:00+00:00
[2025-01-18 14:11:14,630] {processor.py:161} INFO - Processing /mnt/c/Users/ander/Desktop/airflow-spark/airflow-spark/curso2/virtualenviroment/lib/python3.9/site-packages/airflow/example_dags/example_sla_dag.py took 0.434 seconds
[2025-01-18 14:11:59,539] {processor.py:153} INFO - Started process (PID=12624) to work on /mnt/c/Users/ander/Desktop/airflow-spark/airflow-spark/curso2/virtualenviroment/lib/python3.9/site-packages/airflow/example_dags/example_sla_dag.py
[2025-01-18 14:11:59,541] {processor.py:641} INFO - Processing file /mnt/c/Users/ander/Desktop/airflow-spark/airflow-spark/curso2/virtualenviroment/lib/python3.9/site-packages/airflow/example_dags/example_sla_dag.py for tasks to queue
[2025-01-18 14:11:59,542] {logging_mixin.py:115} INFO - [2025-01-18 14:11:59,542] {dagbag.py:507} INFO - Filling up the DagBag from /mnt/c/Users/ander/Desktop/airflow-spark/airflow-spark/curso2/virtualenviroment/lib/python3.9/site-packages/airflow/example_dags/example_sla_dag.py
[2025-01-18 14:11:59,669] {processor.py:651} INFO - DAG(s) dict_keys(['example_sla_dag']) retrieved from /mnt/c/Users/ander/Desktop/airflow-spark/airflow-spark/curso2/virtualenviroment/lib/python3.9/site-packages/airflow/example_dags/example_sla_dag.py
[2025-01-18 14:11:59,703] {logging_mixin.py:115} INFO - [2025-01-18 14:11:59,703] {dag.py:2379} INFO - Sync 1 DAGs
[2025-01-18 14:11:59,737] {logging_mixin.py:115} INFO - [2025-01-18 14:11:59,737] {dag.py:2927} INFO - Setting next_dagrun for example_sla_dag to 2025-01-18T17:08:00+00:00, run_after=2025-01-18T17:10:00+00:00
[2025-01-18 14:11:59,782] {processor.py:161} INFO - Processing /mnt/c/Users/ander/Desktop/airflow-spark/airflow-spark/curso2/virtualenviroment/lib/python3.9/site-packages/airflow/example_dags/example_sla_dag.py took 0.247 seconds
[2025-01-18 14:12:43,336] {processor.py:153} INFO - Started process (PID=12969) to work on /mnt/c/Users/ander/Desktop/airflow-spark/airflow-spark/curso2/virtualenviroment/lib/python3.9/site-packages/airflow/example_dags/example_sla_dag.py
[2025-01-18 14:12:43,337] {processor.py:641} INFO - Processing file /mnt/c/Users/ander/Desktop/airflow-spark/airflow-spark/curso2/virtualenviroment/lib/python3.9/site-packages/airflow/example_dags/example_sla_dag.py for tasks to queue
[2025-01-18 14:12:43,338] {logging_mixin.py:115} INFO - [2025-01-18 14:12:43,338] {dagbag.py:507} INFO - Filling up the DagBag from /mnt/c/Users/ander/Desktop/airflow-spark/airflow-spark/curso2/virtualenviroment/lib/python3.9/site-packages/airflow/example_dags/example_sla_dag.py
[2025-01-18 14:12:43,471] {processor.py:651} INFO - DAG(s) dict_keys(['example_sla_dag']) retrieved from /mnt/c/Users/ander/Desktop/airflow-spark/airflow-spark/curso2/virtualenviroment/lib/python3.9/site-packages/airflow/example_dags/example_sla_dag.py
[2025-01-18 14:12:43,510] {logging_mixin.py:115} INFO - [2025-01-18 14:12:43,510] {dag.py:2379} INFO - Sync 1 DAGs
[2025-01-18 14:12:43,545] {logging_mixin.py:115} INFO - [2025-01-18 14:12:43,545] {dag.py:2927} INFO - Setting next_dagrun for example_sla_dag to 2025-01-18T17:10:00+00:00, run_after=2025-01-18T17:12:00+00:00
[2025-01-18 14:12:43,599] {processor.py:161} INFO - Processing /mnt/c/Users/ander/Desktop/airflow-spark/airflow-spark/curso2/virtualenviroment/lib/python3.9/site-packages/airflow/example_dags/example_sla_dag.py took 0.267 seconds
[2025-01-18 14:13:29,479] {processor.py:153} INFO - Started process (PID=13284) to work on /mnt/c/Users/ander/Desktop/airflow-spark/airflow-spark/curso2/virtualenviroment/lib/python3.9/site-packages/airflow/example_dags/example_sla_dag.py
[2025-01-18 14:13:29,480] {processor.py:641} INFO - Processing file /mnt/c/Users/ander/Desktop/airflow-spark/airflow-spark/curso2/virtualenviroment/lib/python3.9/site-packages/airflow/example_dags/example_sla_dag.py for tasks to queue
[2025-01-18 14:13:29,481] {logging_mixin.py:115} INFO - [2025-01-18 14:13:29,481] {dagbag.py:507} INFO - Filling up the DagBag from /mnt/c/Users/ander/Desktop/airflow-spark/airflow-spark/curso2/virtualenviroment/lib/python3.9/site-packages/airflow/example_dags/example_sla_dag.py
[2025-01-18 14:13:29,589] {processor.py:651} INFO - DAG(s) dict_keys(['example_sla_dag']) retrieved from /mnt/c/Users/ander/Desktop/airflow-spark/airflow-spark/curso2/virtualenviroment/lib/python3.9/site-packages/airflow/example_dags/example_sla_dag.py
[2025-01-18 14:13:29,625] {logging_mixin.py:115} INFO - [2025-01-18 14:13:29,625] {dag.py:2379} INFO - Sync 1 DAGs
[2025-01-18 14:13:29,663] {logging_mixin.py:115} INFO - [2025-01-18 14:13:29,663] {dag.py:2927} INFO - Setting next_dagrun for example_sla_dag to 2025-01-18T17:10:00+00:00, run_after=2025-01-18T17:12:00+00:00
[2025-01-18 14:13:29,714] {processor.py:161} INFO - Processing /mnt/c/Users/ander/Desktop/airflow-spark/airflow-spark/curso2/virtualenviroment/lib/python3.9/site-packages/airflow/example_dags/example_sla_dag.py took 0.239 seconds
[2025-01-18 14:14:18,021] {processor.py:153} INFO - Started process (PID=13520) to work on /mnt/c/Users/ander/Desktop/airflow-spark/airflow-spark/curso2/virtualenviroment/lib/python3.9/site-packages/airflow/example_dags/example_sla_dag.py
[2025-01-18 14:14:18,022] {processor.py:641} INFO - Processing file /mnt/c/Users/ander/Desktop/airflow-spark/airflow-spark/curso2/virtualenviroment/lib/python3.9/site-packages/airflow/example_dags/example_sla_dag.py for tasks to queue
[2025-01-18 14:14:18,024] {logging_mixin.py:115} INFO - [2025-01-18 14:14:18,023] {dagbag.py:507} INFO - Filling up the DagBag from /mnt/c/Users/ander/Desktop/airflow-spark/airflow-spark/curso2/virtualenviroment/lib/python3.9/site-packages/airflow/example_dags/example_sla_dag.py
[2025-01-18 14:14:18,176] {processor.py:651} INFO - DAG(s) dict_keys(['example_sla_dag']) retrieved from /mnt/c/Users/ander/Desktop/airflow-spark/airflow-spark/curso2/virtualenviroment/lib/python3.9/site-packages/airflow/example_dags/example_sla_dag.py
[2025-01-18 14:14:18,216] {logging_mixin.py:115} INFO - [2025-01-18 14:14:18,215] {dag.py:2379} INFO - Sync 1 DAGs
[2025-01-18 14:14:18,255] {logging_mixin.py:115} INFO - [2025-01-18 14:14:18,255] {dag.py:2927} INFO - Setting next_dagrun for example_sla_dag to 2025-01-18T17:12:00+00:00, run_after=2025-01-18T17:14:00+00:00
[2025-01-18 14:14:18,324] {processor.py:161} INFO - Processing /mnt/c/Users/ander/Desktop/airflow-spark/airflow-spark/curso2/virtualenviroment/lib/python3.9/site-packages/airflow/example_dags/example_sla_dag.py took 0.306 seconds
