[2025-01-18 14:10:10,543] {processor.py:153} INFO - Started process (PID=12118) to work on /mnt/c/Users/ander/Desktop/airflow-spark/airflow-spark/curso2/virtualenviroment/lib/python3.9/site-packages/airflow/example_dags/example_bash_operator.py
[2025-01-18 14:10:10,545] {processor.py:641} INFO - Processing file /mnt/c/Users/ander/Desktop/airflow-spark/airflow-spark/curso2/virtualenviroment/lib/python3.9/site-packages/airflow/example_dags/example_bash_operator.py for tasks to queue
[2025-01-18 14:10:10,546] {logging_mixin.py:115} INFO - [2025-01-18 14:10:10,545] {dagbag.py:507} INFO - Filling up the DagBag from /mnt/c/Users/ander/Desktop/airflow-spark/airflow-spark/curso2/virtualenviroment/lib/python3.9/site-packages/airflow/example_dags/example_bash_operator.py
[2025-01-18 14:10:10,594] {processor.py:651} INFO - DAG(s) dict_keys(['example_bash_operator']) retrieved from /mnt/c/Users/ander/Desktop/airflow-spark/airflow-spark/curso2/virtualenviroment/lib/python3.9/site-packages/airflow/example_dags/example_bash_operator.py
[2025-01-18 14:10:10,682] {logging_mixin.py:115} INFO - [2025-01-18 14:10:10,682] {dag.py:2379} INFO - Sync 1 DAGs
[2025-01-18 14:10:10,708] {logging_mixin.py:115} INFO - [2025-01-18 14:10:10,708] {dag.py:2927} INFO - Setting next_dagrun for example_bash_operator to 2025-01-17T00:00:00+00:00, run_after=2025-01-18T00:00:00+00:00
[2025-01-18 14:10:10,754] {processor.py:161} INFO - Processing /mnt/c/Users/ander/Desktop/airflow-spark/airflow-spark/curso2/virtualenviroment/lib/python3.9/site-packages/airflow/example_dags/example_bash_operator.py took 0.215 seconds
[2025-01-18 14:11:00,857] {processor.py:153} INFO - Started process (PID=12304) to work on /mnt/c/Users/ander/Desktop/airflow-spark/airflow-spark/curso2/virtualenviroment/lib/python3.9/site-packages/airflow/example_dags/example_bash_operator.py
[2025-01-18 14:11:00,858] {processor.py:641} INFO - Processing file /mnt/c/Users/ander/Desktop/airflow-spark/airflow-spark/curso2/virtualenviroment/lib/python3.9/site-packages/airflow/example_dags/example_bash_operator.py for tasks to queue
[2025-01-18 14:11:00,859] {logging_mixin.py:115} INFO - [2025-01-18 14:11:00,859] {dagbag.py:507} INFO - Filling up the DagBag from /mnt/c/Users/ander/Desktop/airflow-spark/airflow-spark/curso2/virtualenviroment/lib/python3.9/site-packages/airflow/example_dags/example_bash_operator.py
[2025-01-18 14:11:00,931] {processor.py:651} INFO - DAG(s) dict_keys(['example_bash_operator']) retrieved from /mnt/c/Users/ander/Desktop/airflow-spark/airflow-spark/curso2/virtualenviroment/lib/python3.9/site-packages/airflow/example_dags/example_bash_operator.py
[2025-01-18 14:11:00,999] {logging_mixin.py:115} INFO - [2025-01-18 14:11:00,999] {dag.py:2379} INFO - Sync 1 DAGs
[2025-01-18 14:11:01,086] {logging_mixin.py:115} INFO - [2025-01-18 14:11:01,086] {dag.py:2927} INFO - Setting next_dagrun for example_bash_operator to 2025-01-17T00:00:00+00:00, run_after=2025-01-18T00:00:00+00:00
[2025-01-18 14:11:01,179] {processor.py:161} INFO - Processing /mnt/c/Users/ander/Desktop/airflow-spark/airflow-spark/curso2/virtualenviroment/lib/python3.9/site-packages/airflow/example_dags/example_bash_operator.py took 0.326 seconds
[2025-01-18 14:11:47,562] {processor.py:153} INFO - Started process (PID=12585) to work on /mnt/c/Users/ander/Desktop/airflow-spark/airflow-spark/curso2/virtualenviroment/lib/python3.9/site-packages/airflow/example_dags/example_bash_operator.py
[2025-01-18 14:11:47,563] {processor.py:641} INFO - Processing file /mnt/c/Users/ander/Desktop/airflow-spark/airflow-spark/curso2/virtualenviroment/lib/python3.9/site-packages/airflow/example_dags/example_bash_operator.py for tasks to queue
[2025-01-18 14:11:47,564] {logging_mixin.py:115} INFO - [2025-01-18 14:11:47,564] {dagbag.py:507} INFO - Filling up the DagBag from /mnt/c/Users/ander/Desktop/airflow-spark/airflow-spark/curso2/virtualenviroment/lib/python3.9/site-packages/airflow/example_dags/example_bash_operator.py
[2025-01-18 14:11:47,612] {processor.py:651} INFO - DAG(s) dict_keys(['example_bash_operator']) retrieved from /mnt/c/Users/ander/Desktop/airflow-spark/airflow-spark/curso2/virtualenviroment/lib/python3.9/site-packages/airflow/example_dags/example_bash_operator.py
[2025-01-18 14:11:47,649] {logging_mixin.py:115} INFO - [2025-01-18 14:11:47,649] {dag.py:2379} INFO - Sync 1 DAGs
[2025-01-18 14:11:47,678] {logging_mixin.py:115} INFO - [2025-01-18 14:11:47,677] {dag.py:2927} INFO - Setting next_dagrun for example_bash_operator to 2025-01-17T00:00:00+00:00, run_after=2025-01-18T00:00:00+00:00
[2025-01-18 14:11:47,716] {processor.py:161} INFO - Processing /mnt/c/Users/ander/Desktop/airflow-spark/airflow-spark/curso2/virtualenviroment/lib/python3.9/site-packages/airflow/example_dags/example_bash_operator.py took 0.158 seconds
[2025-01-18 14:12:32,234] {processor.py:153} INFO - Started process (PID=12800) to work on /mnt/c/Users/ander/Desktop/airflow-spark/airflow-spark/curso2/virtualenviroment/lib/python3.9/site-packages/airflow/example_dags/example_bash_operator.py
[2025-01-18 14:12:32,235] {processor.py:641} INFO - Processing file /mnt/c/Users/ander/Desktop/airflow-spark/airflow-spark/curso2/virtualenviroment/lib/python3.9/site-packages/airflow/example_dags/example_bash_operator.py for tasks to queue
[2025-01-18 14:12:32,236] {logging_mixin.py:115} INFO - [2025-01-18 14:12:32,236] {dagbag.py:507} INFO - Filling up the DagBag from /mnt/c/Users/ander/Desktop/airflow-spark/airflow-spark/curso2/virtualenviroment/lib/python3.9/site-packages/airflow/example_dags/example_bash_operator.py
[2025-01-18 14:12:32,282] {processor.py:651} INFO - DAG(s) dict_keys(['example_bash_operator']) retrieved from /mnt/c/Users/ander/Desktop/airflow-spark/airflow-spark/curso2/virtualenviroment/lib/python3.9/site-packages/airflow/example_dags/example_bash_operator.py
[2025-01-18 14:12:32,319] {logging_mixin.py:115} INFO - [2025-01-18 14:12:32,319] {dag.py:2379} INFO - Sync 1 DAGs
[2025-01-18 14:12:32,348] {logging_mixin.py:115} INFO - [2025-01-18 14:12:32,348] {dag.py:2927} INFO - Setting next_dagrun for example_bash_operator to 2025-01-17T00:00:00+00:00, run_after=2025-01-18T00:00:00+00:00
[2025-01-18 14:12:32,391] {processor.py:161} INFO - Processing /mnt/c/Users/ander/Desktop/airflow-spark/airflow-spark/curso2/virtualenviroment/lib/python3.9/site-packages/airflow/example_dags/example_bash_operator.py took 0.161 seconds
[2025-01-18 14:13:17,581] {processor.py:153} INFO - Started process (PID=13245) to work on /mnt/c/Users/ander/Desktop/airflow-spark/airflow-spark/curso2/virtualenviroment/lib/python3.9/site-packages/airflow/example_dags/example_bash_operator.py
[2025-01-18 14:13:17,582] {processor.py:641} INFO - Processing file /mnt/c/Users/ander/Desktop/airflow-spark/airflow-spark/curso2/virtualenviroment/lib/python3.9/site-packages/airflow/example_dags/example_bash_operator.py for tasks to queue
[2025-01-18 14:13:17,583] {logging_mixin.py:115} INFO - [2025-01-18 14:13:17,583] {dagbag.py:507} INFO - Filling up the DagBag from /mnt/c/Users/ander/Desktop/airflow-spark/airflow-spark/curso2/virtualenviroment/lib/python3.9/site-packages/airflow/example_dags/example_bash_operator.py
[2025-01-18 14:13:17,648] {processor.py:651} INFO - DAG(s) dict_keys(['example_bash_operator']) retrieved from /mnt/c/Users/ander/Desktop/airflow-spark/airflow-spark/curso2/virtualenviroment/lib/python3.9/site-packages/airflow/example_dags/example_bash_operator.py
[2025-01-18 14:13:17,689] {logging_mixin.py:115} INFO - [2025-01-18 14:13:17,688] {dag.py:2379} INFO - Sync 1 DAGs
[2025-01-18 14:13:17,721] {logging_mixin.py:115} INFO - [2025-01-18 14:13:17,720] {dag.py:2927} INFO - Setting next_dagrun for example_bash_operator to 2025-01-17T00:00:00+00:00, run_after=2025-01-18T00:00:00+00:00
[2025-01-18 14:13:17,769] {processor.py:161} INFO - Processing /mnt/c/Users/ander/Desktop/airflow-spark/airflow-spark/curso2/virtualenviroment/lib/python3.9/site-packages/airflow/example_dags/example_bash_operator.py took 0.192 seconds
[2025-01-18 14:14:07,009] {processor.py:153} INFO - Started process (PID=13475) to work on /mnt/c/Users/ander/Desktop/airflow-spark/airflow-spark/curso2/virtualenviroment/lib/python3.9/site-packages/airflow/example_dags/example_bash_operator.py
[2025-01-18 14:14:07,010] {processor.py:641} INFO - Processing file /mnt/c/Users/ander/Desktop/airflow-spark/airflow-spark/curso2/virtualenviroment/lib/python3.9/site-packages/airflow/example_dags/example_bash_operator.py for tasks to queue
[2025-01-18 14:14:07,011] {logging_mixin.py:115} INFO - [2025-01-18 14:14:07,011] {dagbag.py:507} INFO - Filling up the DagBag from /mnt/c/Users/ander/Desktop/airflow-spark/airflow-spark/curso2/virtualenviroment/lib/python3.9/site-packages/airflow/example_dags/example_bash_operator.py
[2025-01-18 14:14:07,070] {processor.py:651} INFO - DAG(s) dict_keys(['example_bash_operator']) retrieved from /mnt/c/Users/ander/Desktop/airflow-spark/airflow-spark/curso2/virtualenviroment/lib/python3.9/site-packages/airflow/example_dags/example_bash_operator.py
[2025-01-18 14:14:07,116] {logging_mixin.py:115} INFO - [2025-01-18 14:14:07,116] {dag.py:2379} INFO - Sync 1 DAGs
[2025-01-18 14:14:07,151] {logging_mixin.py:115} INFO - [2025-01-18 14:14:07,151] {dag.py:2927} INFO - Setting next_dagrun for example_bash_operator to 2025-01-17T00:00:00+00:00, run_after=2025-01-18T00:00:00+00:00
[2025-01-18 14:14:07,205] {processor.py:161} INFO - Processing /mnt/c/Users/ander/Desktop/airflow-spark/airflow-spark/curso2/virtualenviroment/lib/python3.9/site-packages/airflow/example_dags/example_bash_operator.py took 0.201 seconds
