[2025-01-18 14:09:59,683] {processor.py:153} INFO - Started process (PID=12079) to work on /mnt/c/Users/ander/Desktop/airflow-spark/airflow-spark/curso2/virtualenviroment/lib/python3.9/site-packages/airflow/example_dags/example_external_task_marker_dag.py
[2025-01-18 14:09:59,684] {processor.py:641} INFO - Processing file /mnt/c/Users/ander/Desktop/airflow-spark/airflow-spark/curso2/virtualenviroment/lib/python3.9/site-packages/airflow/example_dags/example_external_task_marker_dag.py for tasks to queue
[2025-01-18 14:09:59,685] {logging_mixin.py:115} INFO - [2025-01-18 14:09:59,685] {dagbag.py:507} INFO - Filling up the DagBag from /mnt/c/Users/ander/Desktop/airflow-spark/airflow-spark/curso2/virtualenviroment/lib/python3.9/site-packages/airflow/example_dags/example_external_task_marker_dag.py
[2025-01-18 14:09:59,708] {processor.py:651} INFO - DAG(s) dict_keys(['example_external_task_marker_parent', 'example_external_task_marker_child']) retrieved from /mnt/c/Users/ander/Desktop/airflow-spark/airflow-spark/curso2/virtualenviroment/lib/python3.9/site-packages/airflow/example_dags/example_external_task_marker_dag.py
[2025-01-18 14:09:59,943] {logging_mixin.py:115} INFO - [2025-01-18 14:09:59,943] {dag.py:2379} INFO - Sync 2 DAGs
[2025-01-18 14:09:59,969] {logging_mixin.py:115} INFO - [2025-01-18 14:09:59,969] {dag.py:2927} INFO - Setting next_dagrun for example_external_task_marker_child to None, run_after=None
[2025-01-18 14:09:59,970] {logging_mixin.py:115} INFO - [2025-01-18 14:09:59,970] {dag.py:2927} INFO - Setting next_dagrun for example_external_task_marker_parent to None, run_after=None
[2025-01-18 14:10:00,028] {processor.py:161} INFO - Processing /mnt/c/Users/ander/Desktop/airflow-spark/airflow-spark/curso2/virtualenviroment/lib/python3.9/site-packages/airflow/example_dags/example_external_task_marker_dag.py took 0.349 seconds
[2025-01-18 14:10:43,190] {processor.py:153} INFO - Started process (PID=12240) to work on /mnt/c/Users/ander/Desktop/airflow-spark/airflow-spark/curso2/virtualenviroment/lib/python3.9/site-packages/airflow/example_dags/example_external_task_marker_dag.py
[2025-01-18 14:10:43,191] {processor.py:641} INFO - Processing file /mnt/c/Users/ander/Desktop/airflow-spark/airflow-spark/curso2/virtualenviroment/lib/python3.9/site-packages/airflow/example_dags/example_external_task_marker_dag.py for tasks to queue
[2025-01-18 14:10:43,192] {logging_mixin.py:115} INFO - [2025-01-18 14:10:43,192] {dagbag.py:507} INFO - Filling up the DagBag from /mnt/c/Users/ander/Desktop/airflow-spark/airflow-spark/curso2/virtualenviroment/lib/python3.9/site-packages/airflow/example_dags/example_external_task_marker_dag.py
[2025-01-18 14:10:43,221] {processor.py:651} INFO - DAG(s) dict_keys(['example_external_task_marker_parent', 'example_external_task_marker_child']) retrieved from /mnt/c/Users/ander/Desktop/airflow-spark/airflow-spark/curso2/virtualenviroment/lib/python3.9/site-packages/airflow/example_dags/example_external_task_marker_dag.py
[2025-01-18 14:10:43,446] {logging_mixin.py:115} INFO - [2025-01-18 14:10:43,446] {dag.py:2379} INFO - Sync 2 DAGs
[2025-01-18 14:10:43,479] {logging_mixin.py:115} INFO - [2025-01-18 14:10:43,479] {dag.py:2927} INFO - Setting next_dagrun for example_external_task_marker_child to None, run_after=None
[2025-01-18 14:10:43,479] {logging_mixin.py:115} INFO - [2025-01-18 14:10:43,479] {dag.py:2927} INFO - Setting next_dagrun for example_external_task_marker_parent to None, run_after=None
[2025-01-18 14:10:43,527] {processor.py:161} INFO - Processing /mnt/c/Users/ander/Desktop/airflow-spark/airflow-spark/curso2/virtualenviroment/lib/python3.9/site-packages/airflow/example_dags/example_external_task_marker_dag.py took 0.341 seconds
[2025-01-18 14:11:27,341] {processor.py:153} INFO - Started process (PID=12509) to work on /mnt/c/Users/ander/Desktop/airflow-spark/airflow-spark/curso2/virtualenviroment/lib/python3.9/site-packages/airflow/example_dags/example_external_task_marker_dag.py
[2025-01-18 14:11:27,343] {processor.py:641} INFO - Processing file /mnt/c/Users/ander/Desktop/airflow-spark/airflow-spark/curso2/virtualenviroment/lib/python3.9/site-packages/airflow/example_dags/example_external_task_marker_dag.py for tasks to queue
[2025-01-18 14:11:27,344] {logging_mixin.py:115} INFO - [2025-01-18 14:11:27,344] {dagbag.py:507} INFO - Filling up the DagBag from /mnt/c/Users/ander/Desktop/airflow-spark/airflow-spark/curso2/virtualenviroment/lib/python3.9/site-packages/airflow/example_dags/example_external_task_marker_dag.py
[2025-01-18 14:11:27,371] {processor.py:651} INFO - DAG(s) dict_keys(['example_external_task_marker_parent', 'example_external_task_marker_child']) retrieved from /mnt/c/Users/ander/Desktop/airflow-spark/airflow-spark/curso2/virtualenviroment/lib/python3.9/site-packages/airflow/example_dags/example_external_task_marker_dag.py
[2025-01-18 14:11:27,593] {logging_mixin.py:115} INFO - [2025-01-18 14:11:27,593] {dag.py:2379} INFO - Sync 2 DAGs
[2025-01-18 14:11:27,625] {logging_mixin.py:115} INFO - [2025-01-18 14:11:27,625] {dag.py:2927} INFO - Setting next_dagrun for example_external_task_marker_child to None, run_after=None
[2025-01-18 14:11:27,626] {logging_mixin.py:115} INFO - [2025-01-18 14:11:27,625] {dag.py:2927} INFO - Setting next_dagrun for example_external_task_marker_parent to None, run_after=None
[2025-01-18 14:11:27,673] {processor.py:161} INFO - Processing /mnt/c/Users/ander/Desktop/airflow-spark/airflow-spark/curso2/virtualenviroment/lib/python3.9/site-packages/airflow/example_dags/example_external_task_marker_dag.py took 0.335 seconds
[2025-01-18 14:12:13,091] {processor.py:153} INFO - Started process (PID=12677) to work on /mnt/c/Users/ander/Desktop/airflow-spark/airflow-spark/curso2/virtualenviroment/lib/python3.9/site-packages/airflow/example_dags/example_external_task_marker_dag.py
[2025-01-18 14:12:13,092] {processor.py:641} INFO - Processing file /mnt/c/Users/ander/Desktop/airflow-spark/airflow-spark/curso2/virtualenviroment/lib/python3.9/site-packages/airflow/example_dags/example_external_task_marker_dag.py for tasks to queue
[2025-01-18 14:12:13,094] {logging_mixin.py:115} INFO - [2025-01-18 14:12:13,093] {dagbag.py:507} INFO - Filling up the DagBag from /mnt/c/Users/ander/Desktop/airflow-spark/airflow-spark/curso2/virtualenviroment/lib/python3.9/site-packages/airflow/example_dags/example_external_task_marker_dag.py
[2025-01-18 14:12:13,119] {processor.py:651} INFO - DAG(s) dict_keys(['example_external_task_marker_parent', 'example_external_task_marker_child']) retrieved from /mnt/c/Users/ander/Desktop/airflow-spark/airflow-spark/curso2/virtualenviroment/lib/python3.9/site-packages/airflow/example_dags/example_external_task_marker_dag.py
[2025-01-18 14:12:13,315] {logging_mixin.py:115} INFO - [2025-01-18 14:12:13,315] {dag.py:2379} INFO - Sync 2 DAGs
[2025-01-18 14:12:13,349] {logging_mixin.py:115} INFO - [2025-01-18 14:12:13,349] {dag.py:2927} INFO - Setting next_dagrun for example_external_task_marker_child to None, run_after=None
[2025-01-18 14:12:13,349] {logging_mixin.py:115} INFO - [2025-01-18 14:12:13,349] {dag.py:2927} INFO - Setting next_dagrun for example_external_task_marker_parent to None, run_after=None
[2025-01-18 14:12:13,389] {processor.py:161} INFO - Processing /mnt/c/Users/ander/Desktop/airflow-spark/airflow-spark/curso2/virtualenviroment/lib/python3.9/site-packages/airflow/example_dags/example_external_task_marker_dag.py took 0.303 seconds
[2025-01-18 14:12:58,057] {processor.py:153} INFO - Started process (PID=13051) to work on /mnt/c/Users/ander/Desktop/airflow-spark/airflow-spark/curso2/virtualenviroment/lib/python3.9/site-packages/airflow/example_dags/example_external_task_marker_dag.py
[2025-01-18 14:12:58,058] {processor.py:641} INFO - Processing file /mnt/c/Users/ander/Desktop/airflow-spark/airflow-spark/curso2/virtualenviroment/lib/python3.9/site-packages/airflow/example_dags/example_external_task_marker_dag.py for tasks to queue
[2025-01-18 14:12:58,059] {logging_mixin.py:115} INFO - [2025-01-18 14:12:58,059] {dagbag.py:507} INFO - Filling up the DagBag from /mnt/c/Users/ander/Desktop/airflow-spark/airflow-spark/curso2/virtualenviroment/lib/python3.9/site-packages/airflow/example_dags/example_external_task_marker_dag.py
[2025-01-18 14:12:58,091] {processor.py:651} INFO - DAG(s) dict_keys(['example_external_task_marker_parent', 'example_external_task_marker_child']) retrieved from /mnt/c/Users/ander/Desktop/airflow-spark/airflow-spark/curso2/virtualenviroment/lib/python3.9/site-packages/airflow/example_dags/example_external_task_marker_dag.py
[2025-01-18 14:12:58,337] {logging_mixin.py:115} INFO - [2025-01-18 14:12:58,337] {dag.py:2379} INFO - Sync 2 DAGs
[2025-01-18 14:12:58,370] {logging_mixin.py:115} INFO - [2025-01-18 14:12:58,370] {dag.py:2927} INFO - Setting next_dagrun for example_external_task_marker_child to None, run_after=None
[2025-01-18 14:12:58,371] {logging_mixin.py:115} INFO - [2025-01-18 14:12:58,371] {dag.py:2927} INFO - Setting next_dagrun for example_external_task_marker_parent to None, run_after=None
[2025-01-18 14:12:58,420] {processor.py:161} INFO - Processing /mnt/c/Users/ander/Desktop/airflow-spark/airflow-spark/curso2/virtualenviroment/lib/python3.9/site-packages/airflow/example_dags/example_external_task_marker_dag.py took 0.368 seconds
[2025-01-18 14:13:46,403] {processor.py:153} INFO - Started process (PID=13352) to work on /mnt/c/Users/ander/Desktop/airflow-spark/airflow-spark/curso2/virtualenviroment/lib/python3.9/site-packages/airflow/example_dags/example_external_task_marker_dag.py
[2025-01-18 14:13:46,404] {processor.py:641} INFO - Processing file /mnt/c/Users/ander/Desktop/airflow-spark/airflow-spark/curso2/virtualenviroment/lib/python3.9/site-packages/airflow/example_dags/example_external_task_marker_dag.py for tasks to queue
[2025-01-18 14:13:46,405] {logging_mixin.py:115} INFO - [2025-01-18 14:13:46,405] {dagbag.py:507} INFO - Filling up the DagBag from /mnt/c/Users/ander/Desktop/airflow-spark/airflow-spark/curso2/virtualenviroment/lib/python3.9/site-packages/airflow/example_dags/example_external_task_marker_dag.py
[2025-01-18 14:13:46,428] {processor.py:651} INFO - DAG(s) dict_keys(['example_external_task_marker_parent', 'example_external_task_marker_child']) retrieved from /mnt/c/Users/ander/Desktop/airflow-spark/airflow-spark/curso2/virtualenviroment/lib/python3.9/site-packages/airflow/example_dags/example_external_task_marker_dag.py
[2025-01-18 14:13:46,616] {logging_mixin.py:115} INFO - [2025-01-18 14:13:46,616] {dag.py:2379} INFO - Sync 2 DAGs
[2025-01-18 14:13:46,646] {logging_mixin.py:115} INFO - [2025-01-18 14:13:46,646] {dag.py:2927} INFO - Setting next_dagrun for example_external_task_marker_child to None, run_after=None
[2025-01-18 14:13:46,647] {logging_mixin.py:115} INFO - [2025-01-18 14:13:46,646] {dag.py:2927} INFO - Setting next_dagrun for example_external_task_marker_parent to None, run_after=None
[2025-01-18 14:13:46,690] {processor.py:161} INFO - Processing /mnt/c/Users/ander/Desktop/airflow-spark/airflow-spark/curso2/virtualenviroment/lib/python3.9/site-packages/airflow/example_dags/example_external_task_marker_dag.py took 0.291 seconds
