[2025-01-18 14:10:09,114] {processor.py:153} INFO - Started process (PID=12111) to work on /mnt/c/Users/ander/Desktop/airflow-spark/airflow-spark/curso2/virtualenviroment/lib/python3.9/site-packages/airflow/example_dags/example_branch_datetime_operator.py
[2025-01-18 14:10:09,115] {processor.py:641} INFO - Processing file /mnt/c/Users/ander/Desktop/airflow-spark/airflow-spark/curso2/virtualenviroment/lib/python3.9/site-packages/airflow/example_dags/example_branch_datetime_operator.py for tasks to queue
[2025-01-18 14:10:09,116] {logging_mixin.py:115} INFO - [2025-01-18 14:10:09,116] {dagbag.py:507} INFO - Filling up the DagBag from /mnt/c/Users/ander/Desktop/airflow-spark/airflow-spark/curso2/virtualenviroment/lib/python3.9/site-packages/airflow/example_dags/example_branch_datetime_operator.py
[2025-01-18 14:10:09,164] {processor.py:651} INFO - DAG(s) dict_keys(['example_branch_datetime_operator_2']) retrieved from /mnt/c/Users/ander/Desktop/airflow-spark/airflow-spark/curso2/virtualenviroment/lib/python3.9/site-packages/airflow/example_dags/example_branch_datetime_operator.py
[2025-01-18 14:10:09,243] {logging_mixin.py:115} INFO - [2025-01-18 14:10:09,243] {dag.py:2379} INFO - Sync 1 DAGs
[2025-01-18 14:10:09,276] {logging_mixin.py:115} INFO - [2025-01-18 14:10:09,276] {dag.py:2927} INFO - Setting next_dagrun for example_branch_datetime_operator_2 to 2025-01-17T00:00:00+00:00, run_after=2025-01-18T00:00:00+00:00
[2025-01-18 14:10:09,341] {processor.py:161} INFO - Processing /mnt/c/Users/ander/Desktop/airflow-spark/airflow-spark/curso2/virtualenviroment/lib/python3.9/site-packages/airflow/example_dags/example_branch_datetime_operator.py took 0.231 seconds
[2025-01-18 14:10:59,445] {processor.py:153} INFO - Started process (PID=12303) to work on /mnt/c/Users/ander/Desktop/airflow-spark/airflow-spark/curso2/virtualenviroment/lib/python3.9/site-packages/airflow/example_dags/example_branch_datetime_operator.py
[2025-01-18 14:10:59,446] {processor.py:641} INFO - Processing file /mnt/c/Users/ander/Desktop/airflow-spark/airflow-spark/curso2/virtualenviroment/lib/python3.9/site-packages/airflow/example_dags/example_branch_datetime_operator.py for tasks to queue
[2025-01-18 14:10:59,447] {logging_mixin.py:115} INFO - [2025-01-18 14:10:59,447] {dagbag.py:507} INFO - Filling up the DagBag from /mnt/c/Users/ander/Desktop/airflow-spark/airflow-spark/curso2/virtualenviroment/lib/python3.9/site-packages/airflow/example_dags/example_branch_datetime_operator.py
[2025-01-18 14:10:59,507] {processor.py:651} INFO - DAG(s) dict_keys(['example_branch_datetime_operator_2']) retrieved from /mnt/c/Users/ander/Desktop/airflow-spark/airflow-spark/curso2/virtualenviroment/lib/python3.9/site-packages/airflow/example_dags/example_branch_datetime_operator.py
[2025-01-18 14:10:59,548] {logging_mixin.py:115} INFO - [2025-01-18 14:10:59,548] {dag.py:2379} INFO - Sync 1 DAGs
[2025-01-18 14:10:59,587] {logging_mixin.py:115} INFO - [2025-01-18 14:10:59,587] {dag.py:2927} INFO - Setting next_dagrun for example_branch_datetime_operator_2 to 2025-01-17T00:00:00+00:00, run_after=2025-01-18T00:00:00+00:00
[2025-01-18 14:10:59,643] {processor.py:161} INFO - Processing /mnt/c/Users/ander/Desktop/airflow-spark/airflow-spark/curso2/virtualenviroment/lib/python3.9/site-packages/airflow/example_dags/example_branch_datetime_operator.py took 0.202 seconds
[2025-01-18 14:11:46,239] {processor.py:153} INFO - Started process (PID=12578) to work on /mnt/c/Users/ander/Desktop/airflow-spark/airflow-spark/curso2/virtualenviroment/lib/python3.9/site-packages/airflow/example_dags/example_branch_datetime_operator.py
[2025-01-18 14:11:46,241] {processor.py:641} INFO - Processing file /mnt/c/Users/ander/Desktop/airflow-spark/airflow-spark/curso2/virtualenviroment/lib/python3.9/site-packages/airflow/example_dags/example_branch_datetime_operator.py for tasks to queue
[2025-01-18 14:11:46,242] {logging_mixin.py:115} INFO - [2025-01-18 14:11:46,242] {dagbag.py:507} INFO - Filling up the DagBag from /mnt/c/Users/ander/Desktop/airflow-spark/airflow-spark/curso2/virtualenviroment/lib/python3.9/site-packages/airflow/example_dags/example_branch_datetime_operator.py
[2025-01-18 14:11:46,292] {processor.py:651} INFO - DAG(s) dict_keys(['example_branch_datetime_operator_2']) retrieved from /mnt/c/Users/ander/Desktop/airflow-spark/airflow-spark/curso2/virtualenviroment/lib/python3.9/site-packages/airflow/example_dags/example_branch_datetime_operator.py
[2025-01-18 14:11:46,328] {logging_mixin.py:115} INFO - [2025-01-18 14:11:46,328] {dag.py:2379} INFO - Sync 1 DAGs
[2025-01-18 14:11:46,360] {logging_mixin.py:115} INFO - [2025-01-18 14:11:46,360] {dag.py:2927} INFO - Setting next_dagrun for example_branch_datetime_operator_2 to 2025-01-17T00:00:00+00:00, run_after=2025-01-18T00:00:00+00:00
[2025-01-18 14:11:46,417] {processor.py:161} INFO - Processing /mnt/c/Users/ander/Desktop/airflow-spark/airflow-spark/curso2/virtualenviroment/lib/python3.9/site-packages/airflow/example_dags/example_branch_datetime_operator.py took 0.182 seconds
[2025-01-18 14:12:30,729] {processor.py:153} INFO - Started process (PID=12793) to work on /mnt/c/Users/ander/Desktop/airflow-spark/airflow-spark/curso2/virtualenviroment/lib/python3.9/site-packages/airflow/example_dags/example_branch_datetime_operator.py
[2025-01-18 14:12:30,731] {processor.py:641} INFO - Processing file /mnt/c/Users/ander/Desktop/airflow-spark/airflow-spark/curso2/virtualenviroment/lib/python3.9/site-packages/airflow/example_dags/example_branch_datetime_operator.py for tasks to queue
[2025-01-18 14:12:30,737] {logging_mixin.py:115} INFO - [2025-01-18 14:12:30,736] {dagbag.py:507} INFO - Filling up the DagBag from /mnt/c/Users/ander/Desktop/airflow-spark/airflow-spark/curso2/virtualenviroment/lib/python3.9/site-packages/airflow/example_dags/example_branch_datetime_operator.py
[2025-01-18 14:12:30,850] {processor.py:651} INFO - DAG(s) dict_keys(['example_branch_datetime_operator_2']) retrieved from /mnt/c/Users/ander/Desktop/airflow-spark/airflow-spark/curso2/virtualenviroment/lib/python3.9/site-packages/airflow/example_dags/example_branch_datetime_operator.py
[2025-01-18 14:12:30,895] {logging_mixin.py:115} INFO - [2025-01-18 14:12:30,895] {dag.py:2379} INFO - Sync 1 DAGs
[2025-01-18 14:12:30,939] {logging_mixin.py:115} INFO - [2025-01-18 14:12:30,938] {dag.py:2927} INFO - Setting next_dagrun for example_branch_datetime_operator_2 to 2025-01-17T00:00:00+00:00, run_after=2025-01-18T00:00:00+00:00
[2025-01-18 14:12:30,993] {processor.py:161} INFO - Processing /mnt/c/Users/ander/Desktop/airflow-spark/airflow-spark/curso2/virtualenviroment/lib/python3.9/site-packages/airflow/example_dags/example_branch_datetime_operator.py took 0.270 seconds
[2025-01-18 14:13:16,194] {processor.py:153} INFO - Started process (PID=13235) to work on /mnt/c/Users/ander/Desktop/airflow-spark/airflow-spark/curso2/virtualenviroment/lib/python3.9/site-packages/airflow/example_dags/example_branch_datetime_operator.py
[2025-01-18 14:13:16,195] {processor.py:641} INFO - Processing file /mnt/c/Users/ander/Desktop/airflow-spark/airflow-spark/curso2/virtualenviroment/lib/python3.9/site-packages/airflow/example_dags/example_branch_datetime_operator.py for tasks to queue
[2025-01-18 14:13:16,196] {logging_mixin.py:115} INFO - [2025-01-18 14:13:16,196] {dagbag.py:507} INFO - Filling up the DagBag from /mnt/c/Users/ander/Desktop/airflow-spark/airflow-spark/curso2/virtualenviroment/lib/python3.9/site-packages/airflow/example_dags/example_branch_datetime_operator.py
[2025-01-18 14:13:16,254] {processor.py:651} INFO - DAG(s) dict_keys(['example_branch_datetime_operator_2']) retrieved from /mnt/c/Users/ander/Desktop/airflow-spark/airflow-spark/curso2/virtualenviroment/lib/python3.9/site-packages/airflow/example_dags/example_branch_datetime_operator.py
[2025-01-18 14:13:16,294] {logging_mixin.py:115} INFO - [2025-01-18 14:13:16,294] {dag.py:2379} INFO - Sync 1 DAGs
[2025-01-18 14:13:16,327] {logging_mixin.py:115} INFO - [2025-01-18 14:13:16,327] {dag.py:2927} INFO - Setting next_dagrun for example_branch_datetime_operator_2 to 2025-01-17T00:00:00+00:00, run_after=2025-01-18T00:00:00+00:00
[2025-01-18 14:13:16,381] {processor.py:161} INFO - Processing /mnt/c/Users/ander/Desktop/airflow-spark/airflow-spark/curso2/virtualenviroment/lib/python3.9/site-packages/airflow/example_dags/example_branch_datetime_operator.py took 0.191 seconds
[2025-01-18 14:14:05,589] {processor.py:153} INFO - Started process (PID=13474) to work on /mnt/c/Users/ander/Desktop/airflow-spark/airflow-spark/curso2/virtualenviroment/lib/python3.9/site-packages/airflow/example_dags/example_branch_datetime_operator.py
[2025-01-18 14:14:05,590] {processor.py:641} INFO - Processing file /mnt/c/Users/ander/Desktop/airflow-spark/airflow-spark/curso2/virtualenviroment/lib/python3.9/site-packages/airflow/example_dags/example_branch_datetime_operator.py for tasks to queue
[2025-01-18 14:14:05,591] {logging_mixin.py:115} INFO - [2025-01-18 14:14:05,591] {dagbag.py:507} INFO - Filling up the DagBag from /mnt/c/Users/ander/Desktop/airflow-spark/airflow-spark/curso2/virtualenviroment/lib/python3.9/site-packages/airflow/example_dags/example_branch_datetime_operator.py
[2025-01-18 14:14:05,660] {processor.py:651} INFO - DAG(s) dict_keys(['example_branch_datetime_operator_2']) retrieved from /mnt/c/Users/ander/Desktop/airflow-spark/airflow-spark/curso2/virtualenviroment/lib/python3.9/site-packages/airflow/example_dags/example_branch_datetime_operator.py
[2025-01-18 14:14:05,708] {logging_mixin.py:115} INFO - [2025-01-18 14:14:05,708] {dag.py:2379} INFO - Sync 1 DAGs
[2025-01-18 14:14:05,746] {logging_mixin.py:115} INFO - [2025-01-18 14:14:05,745] {dag.py:2927} INFO - Setting next_dagrun for example_branch_datetime_operator_2 to 2025-01-17T00:00:00+00:00, run_after=2025-01-18T00:00:00+00:00
[2025-01-18 14:14:05,802] {processor.py:161} INFO - Processing /mnt/c/Users/ander/Desktop/airflow-spark/airflow-spark/curso2/virtualenviroment/lib/python3.9/site-packages/airflow/example_dags/example_branch_datetime_operator.py took 0.217 seconds
