[2025-01-18 14:09:57,142] {processor.py:153} INFO - Started process (PID=12071) to work on /mnt/c/Users/ander/Desktop/airflow-spark/airflow-spark/curso2/virtualenviroment/lib/python3.9/site-packages/airflow/example_dags/example_latest_only.py
[2025-01-18 14:09:57,144] {processor.py:641} INFO - Processing file /mnt/c/Users/ander/Desktop/airflow-spark/airflow-spark/curso2/virtualenviroment/lib/python3.9/site-packages/airflow/example_dags/example_latest_only.py for tasks to queue
[2025-01-18 14:09:57,145] {logging_mixin.py:115} INFO - [2025-01-18 14:09:57,145] {dagbag.py:507} INFO - Filling up the DagBag from /mnt/c/Users/ander/Desktop/airflow-spark/airflow-spark/curso2/virtualenviroment/lib/python3.9/site-packages/airflow/example_dags/example_latest_only.py
[2025-01-18 14:09:57,193] {processor.py:651} INFO - DAG(s) dict_keys(['latest_only']) retrieved from /mnt/c/Users/ander/Desktop/airflow-spark/airflow-spark/curso2/virtualenviroment/lib/python3.9/site-packages/airflow/example_dags/example_latest_only.py
[2025-01-18 14:09:57,275] {logging_mixin.py:115} INFO - [2025-01-18 14:09:57,275] {dag.py:2379} INFO - Sync 1 DAGs
[2025-01-18 14:09:57,308] {logging_mixin.py:115} INFO - [2025-01-18 14:09:57,308] {dag.py:2927} INFO - Setting next_dagrun for latest_only to 2025-01-18T13:09:57.308174+00:00, run_after=2025-01-18T17:09:57.308174+00:00
[2025-01-18 14:09:57,367] {processor.py:161} INFO - Processing /mnt/c/Users/ander/Desktop/airflow-spark/airflow-spark/curso2/virtualenviroment/lib/python3.9/site-packages/airflow/example_dags/example_latest_only.py took 0.228 seconds
[2025-01-18 14:10:40,477] {processor.py:153} INFO - Started process (PID=12232) to work on /mnt/c/Users/ander/Desktop/airflow-spark/airflow-spark/curso2/virtualenviroment/lib/python3.9/site-packages/airflow/example_dags/example_latest_only.py
[2025-01-18 14:10:40,478] {processor.py:641} INFO - Processing file /mnt/c/Users/ander/Desktop/airflow-spark/airflow-spark/curso2/virtualenviroment/lib/python3.9/site-packages/airflow/example_dags/example_latest_only.py for tasks to queue
[2025-01-18 14:10:40,479] {logging_mixin.py:115} INFO - [2025-01-18 14:10:40,479] {dagbag.py:507} INFO - Filling up the DagBag from /mnt/c/Users/ander/Desktop/airflow-spark/airflow-spark/curso2/virtualenviroment/lib/python3.9/site-packages/airflow/example_dags/example_latest_only.py
[2025-01-18 14:10:40,523] {processor.py:651} INFO - DAG(s) dict_keys(['latest_only']) retrieved from /mnt/c/Users/ander/Desktop/airflow-spark/airflow-spark/curso2/virtualenviroment/lib/python3.9/site-packages/airflow/example_dags/example_latest_only.py
[2025-01-18 14:10:40,561] {logging_mixin.py:115} INFO - [2025-01-18 14:10:40,561] {dag.py:2379} INFO - Sync 1 DAGs
[2025-01-18 14:10:40,596] {logging_mixin.py:115} INFO - [2025-01-18 14:10:40,596] {dag.py:2927} INFO - Setting next_dagrun for latest_only to 2025-01-18T13:10:40.596053+00:00, run_after=2025-01-18T17:10:40.596053+00:00
[2025-01-18 14:10:40,644] {processor.py:161} INFO - Processing /mnt/c/Users/ander/Desktop/airflow-spark/airflow-spark/curso2/virtualenviroment/lib/python3.9/site-packages/airflow/example_dags/example_latest_only.py took 0.171 seconds
[2025-01-18 14:11:24,725] {processor.py:153} INFO - Started process (PID=12501) to work on /mnt/c/Users/ander/Desktop/airflow-spark/airflow-spark/curso2/virtualenviroment/lib/python3.9/site-packages/airflow/example_dags/example_latest_only.py
[2025-01-18 14:11:24,726] {processor.py:641} INFO - Processing file /mnt/c/Users/ander/Desktop/airflow-spark/airflow-spark/curso2/virtualenviroment/lib/python3.9/site-packages/airflow/example_dags/example_latest_only.py for tasks to queue
[2025-01-18 14:11:24,727] {logging_mixin.py:115} INFO - [2025-01-18 14:11:24,727] {dagbag.py:507} INFO - Filling up the DagBag from /mnt/c/Users/ander/Desktop/airflow-spark/airflow-spark/curso2/virtualenviroment/lib/python3.9/site-packages/airflow/example_dags/example_latest_only.py
[2025-01-18 14:11:24,773] {processor.py:651} INFO - DAG(s) dict_keys(['latest_only']) retrieved from /mnt/c/Users/ander/Desktop/airflow-spark/airflow-spark/curso2/virtualenviroment/lib/python3.9/site-packages/airflow/example_dags/example_latest_only.py
[2025-01-18 14:11:24,814] {logging_mixin.py:115} INFO - [2025-01-18 14:11:24,813] {dag.py:2379} INFO - Sync 1 DAGs
[2025-01-18 14:11:24,846] {logging_mixin.py:115} INFO - [2025-01-18 14:11:24,846] {dag.py:2927} INFO - Setting next_dagrun for latest_only to 2025-01-18T13:11:24.846002+00:00, run_after=2025-01-18T17:11:24.846002+00:00
[2025-01-18 14:11:24,904] {processor.py:161} INFO - Processing /mnt/c/Users/ander/Desktop/airflow-spark/airflow-spark/curso2/virtualenviroment/lib/python3.9/site-packages/airflow/example_dags/example_latest_only.py took 0.183 seconds
[2025-01-18 14:12:10,414] {processor.py:153} INFO - Started process (PID=12669) to work on /mnt/c/Users/ander/Desktop/airflow-spark/airflow-spark/curso2/virtualenviroment/lib/python3.9/site-packages/airflow/example_dags/example_latest_only.py
[2025-01-18 14:12:10,415] {processor.py:641} INFO - Processing file /mnt/c/Users/ander/Desktop/airflow-spark/airflow-spark/curso2/virtualenviroment/lib/python3.9/site-packages/airflow/example_dags/example_latest_only.py for tasks to queue
[2025-01-18 14:12:10,416] {logging_mixin.py:115} INFO - [2025-01-18 14:12:10,416] {dagbag.py:507} INFO - Filling up the DagBag from /mnt/c/Users/ander/Desktop/airflow-spark/airflow-spark/curso2/virtualenviroment/lib/python3.9/site-packages/airflow/example_dags/example_latest_only.py
[2025-01-18 14:12:10,461] {processor.py:651} INFO - DAG(s) dict_keys(['latest_only']) retrieved from /mnt/c/Users/ander/Desktop/airflow-spark/airflow-spark/curso2/virtualenviroment/lib/python3.9/site-packages/airflow/example_dags/example_latest_only.py
[2025-01-18 14:12:10,501] {logging_mixin.py:115} INFO - [2025-01-18 14:12:10,500] {dag.py:2379} INFO - Sync 1 DAGs
[2025-01-18 14:12:10,532] {logging_mixin.py:115} INFO - [2025-01-18 14:12:10,532] {dag.py:2927} INFO - Setting next_dagrun for latest_only to 2025-01-18T13:12:10.531888+00:00, run_after=2025-01-18T17:12:10.531888+00:00
[2025-01-18 14:12:10,582] {processor.py:161} INFO - Processing /mnt/c/Users/ander/Desktop/airflow-spark/airflow-spark/curso2/virtualenviroment/lib/python3.9/site-packages/airflow/example_dags/example_latest_only.py took 0.172 seconds
[2025-01-18 14:12:55,444] {processor.py:153} INFO - Started process (PID=13043) to work on /mnt/c/Users/ander/Desktop/airflow-spark/airflow-spark/curso2/virtualenviroment/lib/python3.9/site-packages/airflow/example_dags/example_latest_only.py
[2025-01-18 14:12:55,445] {processor.py:641} INFO - Processing file /mnt/c/Users/ander/Desktop/airflow-spark/airflow-spark/curso2/virtualenviroment/lib/python3.9/site-packages/airflow/example_dags/example_latest_only.py for tasks to queue
[2025-01-18 14:12:55,446] {logging_mixin.py:115} INFO - [2025-01-18 14:12:55,446] {dagbag.py:507} INFO - Filling up the DagBag from /mnt/c/Users/ander/Desktop/airflow-spark/airflow-spark/curso2/virtualenviroment/lib/python3.9/site-packages/airflow/example_dags/example_latest_only.py
[2025-01-18 14:12:55,496] {processor.py:651} INFO - DAG(s) dict_keys(['latest_only']) retrieved from /mnt/c/Users/ander/Desktop/airflow-spark/airflow-spark/curso2/virtualenviroment/lib/python3.9/site-packages/airflow/example_dags/example_latest_only.py
[2025-01-18 14:12:55,535] {logging_mixin.py:115} INFO - [2025-01-18 14:12:55,535] {dag.py:2379} INFO - Sync 1 DAGs
[2025-01-18 14:12:55,565] {logging_mixin.py:115} INFO - [2025-01-18 14:12:55,565] {dag.py:2927} INFO - Setting next_dagrun for latest_only to 2025-01-18T13:12:55.565284+00:00, run_after=2025-01-18T17:12:55.565284+00:00
[2025-01-18 14:12:55,614] {processor.py:161} INFO - Processing /mnt/c/Users/ander/Desktop/airflow-spark/airflow-spark/curso2/virtualenviroment/lib/python3.9/site-packages/airflow/example_dags/example_latest_only.py took 0.175 seconds
[2025-01-18 14:13:43,797] {processor.py:153} INFO - Started process (PID=13338) to work on /mnt/c/Users/ander/Desktop/airflow-spark/airflow-spark/curso2/virtualenviroment/lib/python3.9/site-packages/airflow/example_dags/example_latest_only.py
[2025-01-18 14:13:43,802] {processor.py:641} INFO - Processing file /mnt/c/Users/ander/Desktop/airflow-spark/airflow-spark/curso2/virtualenviroment/lib/python3.9/site-packages/airflow/example_dags/example_latest_only.py for tasks to queue
[2025-01-18 14:13:43,803] {logging_mixin.py:115} INFO - [2025-01-18 14:13:43,803] {dagbag.py:507} INFO - Filling up the DagBag from /mnt/c/Users/ander/Desktop/airflow-spark/airflow-spark/curso2/virtualenviroment/lib/python3.9/site-packages/airflow/example_dags/example_latest_only.py
[2025-01-18 14:13:43,856] {processor.py:651} INFO - DAG(s) dict_keys(['latest_only']) retrieved from /mnt/c/Users/ander/Desktop/airflow-spark/airflow-spark/curso2/virtualenviroment/lib/python3.9/site-packages/airflow/example_dags/example_latest_only.py
[2025-01-18 14:13:43,898] {logging_mixin.py:115} INFO - [2025-01-18 14:13:43,898] {dag.py:2379} INFO - Sync 1 DAGs
[2025-01-18 14:13:43,927] {logging_mixin.py:115} INFO - [2025-01-18 14:13:43,927] {dag.py:2927} INFO - Setting next_dagrun for latest_only to 2025-01-18T13:13:43.927157+00:00, run_after=2025-01-18T17:13:43.927157+00:00
[2025-01-18 14:13:43,978] {processor.py:161} INFO - Processing /mnt/c/Users/ander/Desktop/airflow-spark/airflow-spark/curso2/virtualenviroment/lib/python3.9/site-packages/airflow/example_dags/example_latest_only.py took 0.185 seconds
