[2025-01-18 14:09:41,802] {processor.py:153} INFO - Started process (PID=12011) to work on /mnt/c/Users/ander/Desktop/airflow-spark/airflow-spark/curso2/virtualenviroment/lib/python3.9/site-packages/airflow/example_dags/example_time_delta_sensor_async.py
[2025-01-18 14:09:41,804] {processor.py:641} INFO - Processing file /mnt/c/Users/ander/Desktop/airflow-spark/airflow-spark/curso2/virtualenviroment/lib/python3.9/site-packages/airflow/example_dags/example_time_delta_sensor_async.py for tasks to queue
[2025-01-18 14:09:41,805] {logging_mixin.py:115} INFO - [2025-01-18 14:09:41,805] {dagbag.py:507} INFO - Filling up the DagBag from /mnt/c/Users/ander/Desktop/airflow-spark/airflow-spark/curso2/virtualenviroment/lib/python3.9/site-packages/airflow/example_dags/example_time_delta_sensor_async.py
[2025-01-18 14:09:41,844] {processor.py:651} INFO - DAG(s) dict_keys(['example_time_delta_sensor_async']) retrieved from /mnt/c/Users/ander/Desktop/airflow-spark/airflow-spark/curso2/virtualenviroment/lib/python3.9/site-packages/airflow/example_dags/example_time_delta_sensor_async.py
[2025-01-18 14:09:42,081] {logging_mixin.py:115} INFO - [2025-01-18 14:09:42,081] {dag.py:2379} INFO - Sync 1 DAGs
[2025-01-18 14:09:42,109] {logging_mixin.py:115} INFO - [2025-01-18 14:09:42,109] {dag.py:2927} INFO - Setting next_dagrun for example_time_delta_sensor_async to None, run_after=None
[2025-01-18 14:09:42,165] {processor.py:161} INFO - Processing /mnt/c/Users/ander/Desktop/airflow-spark/airflow-spark/curso2/virtualenviroment/lib/python3.9/site-packages/airflow/example_dags/example_time_delta_sensor_async.py took 0.366 seconds
[2025-01-18 14:10:24,616] {processor.py:153} INFO - Started process (PID=12172) to work on /mnt/c/Users/ander/Desktop/airflow-spark/airflow-spark/curso2/virtualenviroment/lib/python3.9/site-packages/airflow/example_dags/example_time_delta_sensor_async.py
[2025-01-18 14:10:24,618] {processor.py:641} INFO - Processing file /mnt/c/Users/ander/Desktop/airflow-spark/airflow-spark/curso2/virtualenviroment/lib/python3.9/site-packages/airflow/example_dags/example_time_delta_sensor_async.py for tasks to queue
[2025-01-18 14:10:24,619] {logging_mixin.py:115} INFO - [2025-01-18 14:10:24,619] {dagbag.py:507} INFO - Filling up the DagBag from /mnt/c/Users/ander/Desktop/airflow-spark/airflow-spark/curso2/virtualenviroment/lib/python3.9/site-packages/airflow/example_dags/example_time_delta_sensor_async.py
[2025-01-18 14:10:24,657] {processor.py:651} INFO - DAG(s) dict_keys(['example_time_delta_sensor_async']) retrieved from /mnt/c/Users/ander/Desktop/airflow-spark/airflow-spark/curso2/virtualenviroment/lib/python3.9/site-packages/airflow/example_dags/example_time_delta_sensor_async.py
[2025-01-18 14:10:24,864] {logging_mixin.py:115} INFO - [2025-01-18 14:10:24,864] {dag.py:2379} INFO - Sync 1 DAGs
[2025-01-18 14:10:24,895] {logging_mixin.py:115} INFO - [2025-01-18 14:10:24,895] {dag.py:2927} INFO - Setting next_dagrun for example_time_delta_sensor_async to None, run_after=None
[2025-01-18 14:10:24,940] {processor.py:161} INFO - Processing /mnt/c/Users/ander/Desktop/airflow-spark/airflow-spark/curso2/virtualenviroment/lib/python3.9/site-packages/airflow/example_dags/example_time_delta_sensor_async.py took 0.327 seconds
[2025-01-18 14:11:08,107] {processor.py:153} INFO - Started process (PID=12333) to work on /mnt/c/Users/ander/Desktop/airflow-spark/airflow-spark/curso2/virtualenviroment/lib/python3.9/site-packages/airflow/example_dags/example_time_delta_sensor_async.py
[2025-01-18 14:11:08,108] {processor.py:641} INFO - Processing file /mnt/c/Users/ander/Desktop/airflow-spark/airflow-spark/curso2/virtualenviroment/lib/python3.9/site-packages/airflow/example_dags/example_time_delta_sensor_async.py for tasks to queue
[2025-01-18 14:11:08,109] {logging_mixin.py:115} INFO - [2025-01-18 14:11:08,109] {dagbag.py:507} INFO - Filling up the DagBag from /mnt/c/Users/ander/Desktop/airflow-spark/airflow-spark/curso2/virtualenviroment/lib/python3.9/site-packages/airflow/example_dags/example_time_delta_sensor_async.py
[2025-01-18 14:11:08,175] {processor.py:651} INFO - DAG(s) dict_keys(['example_time_delta_sensor_async']) retrieved from /mnt/c/Users/ander/Desktop/airflow-spark/airflow-spark/curso2/virtualenviroment/lib/python3.9/site-packages/airflow/example_dags/example_time_delta_sensor_async.py
[2025-01-18 14:11:08,414] {logging_mixin.py:115} INFO - [2025-01-18 14:11:08,413] {dag.py:2379} INFO - Sync 1 DAGs
[2025-01-18 14:11:08,446] {logging_mixin.py:115} INFO - [2025-01-18 14:11:08,445] {dag.py:2927} INFO - Setting next_dagrun for example_time_delta_sensor_async to None, run_after=None
[2025-01-18 14:11:08,486] {processor.py:161} INFO - Processing /mnt/c/Users/ander/Desktop/airflow-spark/airflow-spark/curso2/virtualenviroment/lib/python3.9/site-packages/airflow/example_dags/example_time_delta_sensor_async.py took 0.383 seconds
[2025-01-18 14:11:54,065] {processor.py:153} INFO - Started process (PID=12608) to work on /mnt/c/Users/ander/Desktop/airflow-spark/airflow-spark/curso2/virtualenviroment/lib/python3.9/site-packages/airflow/example_dags/example_time_delta_sensor_async.py
[2025-01-18 14:11:54,066] {processor.py:641} INFO - Processing file /mnt/c/Users/ander/Desktop/airflow-spark/airflow-spark/curso2/virtualenviroment/lib/python3.9/site-packages/airflow/example_dags/example_time_delta_sensor_async.py for tasks to queue
[2025-01-18 14:11:54,067] {logging_mixin.py:115} INFO - [2025-01-18 14:11:54,067] {dagbag.py:507} INFO - Filling up the DagBag from /mnt/c/Users/ander/Desktop/airflow-spark/airflow-spark/curso2/virtualenviroment/lib/python3.9/site-packages/airflow/example_dags/example_time_delta_sensor_async.py
[2025-01-18 14:11:54,113] {processor.py:651} INFO - DAG(s) dict_keys(['example_time_delta_sensor_async']) retrieved from /mnt/c/Users/ander/Desktop/airflow-spark/airflow-spark/curso2/virtualenviroment/lib/python3.9/site-packages/airflow/example_dags/example_time_delta_sensor_async.py
[2025-01-18 14:11:54,319] {logging_mixin.py:115} INFO - [2025-01-18 14:11:54,319] {dag.py:2379} INFO - Sync 1 DAGs
[2025-01-18 14:11:54,349] {logging_mixin.py:115} INFO - [2025-01-18 14:11:54,349] {dag.py:2927} INFO - Setting next_dagrun for example_time_delta_sensor_async to None, run_after=None
[2025-01-18 14:11:54,395] {processor.py:161} INFO - Processing /mnt/c/Users/ander/Desktop/airflow-spark/airflow-spark/curso2/virtualenviroment/lib/python3.9/site-packages/airflow/example_dags/example_time_delta_sensor_async.py took 0.334 seconds
[2025-01-18 14:12:37,919] {processor.py:153} INFO - Started process (PID=12876) to work on /mnt/c/Users/ander/Desktop/airflow-spark/airflow-spark/curso2/virtualenviroment/lib/python3.9/site-packages/airflow/example_dags/example_time_delta_sensor_async.py
[2025-01-18 14:12:37,920] {processor.py:641} INFO - Processing file /mnt/c/Users/ander/Desktop/airflow-spark/airflow-spark/curso2/virtualenviroment/lib/python3.9/site-packages/airflow/example_dags/example_time_delta_sensor_async.py for tasks to queue
[2025-01-18 14:12:37,921] {logging_mixin.py:115} INFO - [2025-01-18 14:12:37,920] {dagbag.py:507} INFO - Filling up the DagBag from /mnt/c/Users/ander/Desktop/airflow-spark/airflow-spark/curso2/virtualenviroment/lib/python3.9/site-packages/airflow/example_dags/example_time_delta_sensor_async.py
[2025-01-18 14:12:37,965] {processor.py:651} INFO - DAG(s) dict_keys(['example_time_delta_sensor_async']) retrieved from /mnt/c/Users/ander/Desktop/airflow-spark/airflow-spark/curso2/virtualenviroment/lib/python3.9/site-packages/airflow/example_dags/example_time_delta_sensor_async.py
[2025-01-18 14:12:38,174] {logging_mixin.py:115} INFO - [2025-01-18 14:12:38,174] {dag.py:2379} INFO - Sync 1 DAGs
[2025-01-18 14:12:38,206] {logging_mixin.py:115} INFO - [2025-01-18 14:12:38,206] {dag.py:2927} INFO - Setting next_dagrun for example_time_delta_sensor_async to None, run_after=None
[2025-01-18 14:12:38,261] {processor.py:161} INFO - Processing /mnt/c/Users/ander/Desktop/airflow-spark/airflow-spark/curso2/virtualenviroment/lib/python3.9/site-packages/airflow/example_dags/example_time_delta_sensor_async.py took 0.347 seconds
[2025-01-18 14:13:23,289] {processor.py:153} INFO - Started process (PID=13262) to work on /mnt/c/Users/ander/Desktop/airflow-spark/airflow-spark/curso2/virtualenviroment/lib/python3.9/site-packages/airflow/example_dags/example_time_delta_sensor_async.py
[2025-01-18 14:13:23,290] {processor.py:641} INFO - Processing file /mnt/c/Users/ander/Desktop/airflow-spark/airflow-spark/curso2/virtualenviroment/lib/python3.9/site-packages/airflow/example_dags/example_time_delta_sensor_async.py for tasks to queue
[2025-01-18 14:13:23,291] {logging_mixin.py:115} INFO - [2025-01-18 14:13:23,291] {dagbag.py:507} INFO - Filling up the DagBag from /mnt/c/Users/ander/Desktop/airflow-spark/airflow-spark/curso2/virtualenviroment/lib/python3.9/site-packages/airflow/example_dags/example_time_delta_sensor_async.py
[2025-01-18 14:13:23,354] {processor.py:651} INFO - DAG(s) dict_keys(['example_time_delta_sensor_async']) retrieved from /mnt/c/Users/ander/Desktop/airflow-spark/airflow-spark/curso2/virtualenviroment/lib/python3.9/site-packages/airflow/example_dags/example_time_delta_sensor_async.py
[2025-01-18 14:13:23,617] {logging_mixin.py:115} INFO - [2025-01-18 14:13:23,617] {dag.py:2379} INFO - Sync 1 DAGs
[2025-01-18 14:13:23,648] {logging_mixin.py:115} INFO - [2025-01-18 14:13:23,648] {dag.py:2927} INFO - Setting next_dagrun for example_time_delta_sensor_async to None, run_after=None
[2025-01-18 14:13:23,702] {processor.py:161} INFO - Processing /mnt/c/Users/ander/Desktop/airflow-spark/airflow-spark/curso2/virtualenviroment/lib/python3.9/site-packages/airflow/example_dags/example_time_delta_sensor_async.py took 0.418 seconds
[2025-01-18 14:14:11,723] {processor.py:153} INFO - Started process (PID=13497) to work on /mnt/c/Users/ander/Desktop/airflow-spark/airflow-spark/curso2/virtualenviroment/lib/python3.9/site-packages/airflow/example_dags/example_time_delta_sensor_async.py
[2025-01-18 14:14:11,724] {processor.py:641} INFO - Processing file /mnt/c/Users/ander/Desktop/airflow-spark/airflow-spark/curso2/virtualenviroment/lib/python3.9/site-packages/airflow/example_dags/example_time_delta_sensor_async.py for tasks to queue
[2025-01-18 14:14:11,726] {logging_mixin.py:115} INFO - [2025-01-18 14:14:11,726] {dagbag.py:507} INFO - Filling up the DagBag from /mnt/c/Users/ander/Desktop/airflow-spark/airflow-spark/curso2/virtualenviroment/lib/python3.9/site-packages/airflow/example_dags/example_time_delta_sensor_async.py
[2025-01-18 14:14:11,779] {processor.py:651} INFO - DAG(s) dict_keys(['example_time_delta_sensor_async']) retrieved from /mnt/c/Users/ander/Desktop/airflow-spark/airflow-spark/curso2/virtualenviroment/lib/python3.9/site-packages/airflow/example_dags/example_time_delta_sensor_async.py
[2025-01-18 14:14:12,049] {logging_mixin.py:115} INFO - [2025-01-18 14:14:12,049] {dag.py:2379} INFO - Sync 1 DAGs
[2025-01-18 14:14:12,084] {logging_mixin.py:115} INFO - [2025-01-18 14:14:12,083] {dag.py:2927} INFO - Setting next_dagrun for example_time_delta_sensor_async to None, run_after=None
[2025-01-18 14:14:12,138] {processor.py:161} INFO - Processing /mnt/c/Users/ander/Desktop/airflow-spark/airflow-spark/curso2/virtualenviroment/lib/python3.9/site-packages/airflow/example_dags/example_time_delta_sensor_async.py took 0.422 seconds
