[2025-01-18 14:09:39,595] {processor.py:153} INFO - Started process (PID=12003) to work on /mnt/c/Users/ander/Desktop/airflow-spark/airflow-spark/curso2/virtualenviroment/lib/python3.9/site-packages/airflow/example_dags/example_trigger_target_dag.py
[2025-01-18 14:09:39,596] {processor.py:641} INFO - Processing file /mnt/c/Users/ander/Desktop/airflow-spark/airflow-spark/curso2/virtualenviroment/lib/python3.9/site-packages/airflow/example_dags/example_trigger_target_dag.py for tasks to queue
[2025-01-18 14:09:39,597] {logging_mixin.py:115} INFO - [2025-01-18 14:09:39,597] {dagbag.py:507} INFO - Filling up the DagBag from /mnt/c/Users/ander/Desktop/airflow-spark/airflow-spark/curso2/virtualenviroment/lib/python3.9/site-packages/airflow/example_dags/example_trigger_target_dag.py
[2025-01-18 14:09:39,740] {processor.py:651} INFO - DAG(s) dict_keys(['example_trigger_target_dag']) retrieved from /mnt/c/Users/ander/Desktop/airflow-spark/airflow-spark/curso2/virtualenviroment/lib/python3.9/site-packages/airflow/example_dags/example_trigger_target_dag.py
[2025-01-18 14:09:39,814] {logging_mixin.py:115} INFO - [2025-01-18 14:09:39,814] {dag.py:2379} INFO - Sync 1 DAGs
[2025-01-18 14:09:39,841] {logging_mixin.py:115} INFO - [2025-01-18 14:09:39,841] {dag.py:2927} INFO - Setting next_dagrun for example_trigger_target_dag to None, run_after=None
[2025-01-18 14:09:39,911] {processor.py:161} INFO - Processing /mnt/c/Users/ander/Desktop/airflow-spark/airflow-spark/curso2/virtualenviroment/lib/python3.9/site-packages/airflow/example_dags/example_trigger_target_dag.py took 0.320 seconds
[2025-01-18 14:10:22,826] {processor.py:153} INFO - Started process (PID=12164) to work on /mnt/c/Users/ander/Desktop/airflow-spark/airflow-spark/curso2/virtualenviroment/lib/python3.9/site-packages/airflow/example_dags/example_trigger_target_dag.py
[2025-01-18 14:10:22,827] {processor.py:641} INFO - Processing file /mnt/c/Users/ander/Desktop/airflow-spark/airflow-spark/curso2/virtualenviroment/lib/python3.9/site-packages/airflow/example_dags/example_trigger_target_dag.py for tasks to queue
[2025-01-18 14:10:22,828] {logging_mixin.py:115} INFO - [2025-01-18 14:10:22,828] {dagbag.py:507} INFO - Filling up the DagBag from /mnt/c/Users/ander/Desktop/airflow-spark/airflow-spark/curso2/virtualenviroment/lib/python3.9/site-packages/airflow/example_dags/example_trigger_target_dag.py
[2025-01-18 14:10:22,949] {processor.py:651} INFO - DAG(s) dict_keys(['example_trigger_target_dag']) retrieved from /mnt/c/Users/ander/Desktop/airflow-spark/airflow-spark/curso2/virtualenviroment/lib/python3.9/site-packages/airflow/example_dags/example_trigger_target_dag.py
[2025-01-18 14:10:22,985] {logging_mixin.py:115} INFO - [2025-01-18 14:10:22,985] {dag.py:2379} INFO - Sync 1 DAGs
[2025-01-18 14:10:23,014] {logging_mixin.py:115} INFO - [2025-01-18 14:10:23,014] {dag.py:2927} INFO - Setting next_dagrun for example_trigger_target_dag to None, run_after=None
[2025-01-18 14:10:23,056] {processor.py:161} INFO - Processing /mnt/c/Users/ander/Desktop/airflow-spark/airflow-spark/curso2/virtualenviroment/lib/python3.9/site-packages/airflow/example_dags/example_trigger_target_dag.py took 0.234 seconds
[2025-01-18 14:11:04,886] {processor.py:153} INFO - Started process (PID=12319) to work on /mnt/c/Users/ander/Desktop/airflow-spark/airflow-spark/curso2/virtualenviroment/lib/python3.9/site-packages/airflow/example_dags/example_trigger_target_dag.py
[2025-01-18 14:11:04,888] {processor.py:641} INFO - Processing file /mnt/c/Users/ander/Desktop/airflow-spark/airflow-spark/curso2/virtualenviroment/lib/python3.9/site-packages/airflow/example_dags/example_trigger_target_dag.py for tasks to queue
[2025-01-18 14:11:04,890] {logging_mixin.py:115} INFO - [2025-01-18 14:11:04,890] {dagbag.py:507} INFO - Filling up the DagBag from /mnt/c/Users/ander/Desktop/airflow-spark/airflow-spark/curso2/virtualenviroment/lib/python3.9/site-packages/airflow/example_dags/example_trigger_target_dag.py
[2025-01-18 14:11:05,079] {processor.py:651} INFO - DAG(s) dict_keys(['example_trigger_target_dag']) retrieved from /mnt/c/Users/ander/Desktop/airflow-spark/airflow-spark/curso2/virtualenviroment/lib/python3.9/site-packages/airflow/example_dags/example_trigger_target_dag.py
[2025-01-18 14:11:05,136] {logging_mixin.py:115} INFO - [2025-01-18 14:11:05,136] {dag.py:2379} INFO - Sync 1 DAGs
[2025-01-18 14:11:05,181] {logging_mixin.py:115} INFO - [2025-01-18 14:11:05,181] {dag.py:2927} INFO - Setting next_dagrun for example_trigger_target_dag to None, run_after=None
[2025-01-18 14:11:05,285] {processor.py:161} INFO - Processing /mnt/c/Users/ander/Desktop/airflow-spark/airflow-spark/curso2/virtualenviroment/lib/python3.9/site-packages/airflow/example_dags/example_trigger_target_dag.py took 0.407 seconds
[2025-01-18 14:11:51,326] {processor.py:153} INFO - Started process (PID=12597) to work on /mnt/c/Users/ander/Desktop/airflow-spark/airflow-spark/curso2/virtualenviroment/lib/python3.9/site-packages/airflow/example_dags/example_trigger_target_dag.py
[2025-01-18 14:11:51,327] {processor.py:641} INFO - Processing file /mnt/c/Users/ander/Desktop/airflow-spark/airflow-spark/curso2/virtualenviroment/lib/python3.9/site-packages/airflow/example_dags/example_trigger_target_dag.py for tasks to queue
[2025-01-18 14:11:51,328] {logging_mixin.py:115} INFO - [2025-01-18 14:11:51,328] {dagbag.py:507} INFO - Filling up the DagBag from /mnt/c/Users/ander/Desktop/airflow-spark/airflow-spark/curso2/virtualenviroment/lib/python3.9/site-packages/airflow/example_dags/example_trigger_target_dag.py
[2025-01-18 14:11:51,470] {processor.py:651} INFO - DAG(s) dict_keys(['example_trigger_target_dag']) retrieved from /mnt/c/Users/ander/Desktop/airflow-spark/airflow-spark/curso2/virtualenviroment/lib/python3.9/site-packages/airflow/example_dags/example_trigger_target_dag.py
[2025-01-18 14:11:51,506] {logging_mixin.py:115} INFO - [2025-01-18 14:11:51,506] {dag.py:2379} INFO - Sync 1 DAGs
[2025-01-18 14:11:51,535] {logging_mixin.py:115} INFO - [2025-01-18 14:11:51,535] {dag.py:2927} INFO - Setting next_dagrun for example_trigger_target_dag to None, run_after=None
[2025-01-18 14:11:51,581] {processor.py:161} INFO - Processing /mnt/c/Users/ander/Desktop/airflow-spark/airflow-spark/curso2/virtualenviroment/lib/python3.9/site-packages/airflow/example_dags/example_trigger_target_dag.py took 0.260 seconds
[2025-01-18 14:12:36,235] {processor.py:153} INFO - Started process (PID=12868) to work on /mnt/c/Users/ander/Desktop/airflow-spark/airflow-spark/curso2/virtualenviroment/lib/python3.9/site-packages/airflow/example_dags/example_trigger_target_dag.py
[2025-01-18 14:12:36,236] {processor.py:641} INFO - Processing file /mnt/c/Users/ander/Desktop/airflow-spark/airflow-spark/curso2/virtualenviroment/lib/python3.9/site-packages/airflow/example_dags/example_trigger_target_dag.py for tasks to queue
[2025-01-18 14:12:36,237] {logging_mixin.py:115} INFO - [2025-01-18 14:12:36,237] {dagbag.py:507} INFO - Filling up the DagBag from /mnt/c/Users/ander/Desktop/airflow-spark/airflow-spark/curso2/virtualenviroment/lib/python3.9/site-packages/airflow/example_dags/example_trigger_target_dag.py
[2025-01-18 14:12:36,337] {processor.py:651} INFO - DAG(s) dict_keys(['example_trigger_target_dag']) retrieved from /mnt/c/Users/ander/Desktop/airflow-spark/airflow-spark/curso2/virtualenviroment/lib/python3.9/site-packages/airflow/example_dags/example_trigger_target_dag.py
[2025-01-18 14:12:36,373] {logging_mixin.py:115} INFO - [2025-01-18 14:12:36,373] {dag.py:2379} INFO - Sync 1 DAGs
[2025-01-18 14:12:36,406] {logging_mixin.py:115} INFO - [2025-01-18 14:12:36,405] {dag.py:2927} INFO - Setting next_dagrun for example_trigger_target_dag to None, run_after=None
[2025-01-18 14:12:36,443] {processor.py:161} INFO - Processing /mnt/c/Users/ander/Desktop/airflow-spark/airflow-spark/curso2/virtualenviroment/lib/python3.9/site-packages/airflow/example_dags/example_trigger_target_dag.py took 0.212 seconds
[2025-01-18 14:13:21,309] {processor.py:153} INFO - Started process (PID=13257) to work on /mnt/c/Users/ander/Desktop/airflow-spark/airflow-spark/curso2/virtualenviroment/lib/python3.9/site-packages/airflow/example_dags/example_trigger_target_dag.py
[2025-01-18 14:13:21,311] {processor.py:641} INFO - Processing file /mnt/c/Users/ander/Desktop/airflow-spark/airflow-spark/curso2/virtualenviroment/lib/python3.9/site-packages/airflow/example_dags/example_trigger_target_dag.py for tasks to queue
[2025-01-18 14:13:21,312] {logging_mixin.py:115} INFO - [2025-01-18 14:13:21,312] {dagbag.py:507} INFO - Filling up the DagBag from /mnt/c/Users/ander/Desktop/airflow-spark/airflow-spark/curso2/virtualenviroment/lib/python3.9/site-packages/airflow/example_dags/example_trigger_target_dag.py
[2025-01-18 14:13:21,451] {processor.py:651} INFO - DAG(s) dict_keys(['example_trigger_target_dag']) retrieved from /mnt/c/Users/ander/Desktop/airflow-spark/airflow-spark/curso2/virtualenviroment/lib/python3.9/site-packages/airflow/example_dags/example_trigger_target_dag.py
[2025-01-18 14:13:21,487] {logging_mixin.py:115} INFO - [2025-01-18 14:13:21,487] {dag.py:2379} INFO - Sync 1 DAGs
[2025-01-18 14:13:21,517] {logging_mixin.py:115} INFO - [2025-01-18 14:13:21,517] {dag.py:2927} INFO - Setting next_dagrun for example_trigger_target_dag to None, run_after=None
[2025-01-18 14:13:21,563] {processor.py:161} INFO - Processing /mnt/c/Users/ander/Desktop/airflow-spark/airflow-spark/curso2/virtualenviroment/lib/python3.9/site-packages/airflow/example_dags/example_trigger_target_dag.py took 0.258 seconds
[2025-01-18 14:13:58,657] {processor.py:153} INFO - Started process (PID=13391) to work on /mnt/c/Users/ander/Desktop/airflow-spark/airflow-spark/curso2/virtualenviroment/lib/python3.9/site-packages/airflow/example_dags/example_trigger_target_dag.py
[2025-01-18 14:13:58,658] {processor.py:641} INFO - Processing file /mnt/c/Users/ander/Desktop/airflow-spark/airflow-spark/curso2/virtualenviroment/lib/python3.9/site-packages/airflow/example_dags/example_trigger_target_dag.py for tasks to queue
[2025-01-18 14:13:58,659] {logging_mixin.py:115} INFO - [2025-01-18 14:13:58,659] {dagbag.py:507} INFO - Filling up the DagBag from /mnt/c/Users/ander/Desktop/airflow-spark/airflow-spark/curso2/virtualenviroment/lib/python3.9/site-packages/airflow/example_dags/example_trigger_target_dag.py
[2025-01-18 14:13:58,788] {processor.py:651} INFO - DAG(s) dict_keys(['example_trigger_target_dag']) retrieved from /mnt/c/Users/ander/Desktop/airflow-spark/airflow-spark/curso2/virtualenviroment/lib/python3.9/site-packages/airflow/example_dags/example_trigger_target_dag.py
[2025-01-18 14:13:58,825] {logging_mixin.py:115} INFO - [2025-01-18 14:13:58,824] {dag.py:2379} INFO - Sync 1 DAGs
[2025-01-18 14:13:58,853] {logging_mixin.py:115} INFO - [2025-01-18 14:13:58,853] {dag.py:2927} INFO - Setting next_dagrun for example_trigger_target_dag to None, run_after=None
[2025-01-18 14:13:58,895] {processor.py:161} INFO - Processing /mnt/c/Users/ander/Desktop/airflow-spark/airflow-spark/curso2/virtualenviroment/lib/python3.9/site-packages/airflow/example_dags/example_trigger_target_dag.py took 0.243 seconds
