[2025-01-18 14:09:44,742] {processor.py:153} INFO - Started process (PID=12025) to work on /mnt/c/Users/ander/Desktop/airflow-spark/airflow-spark/curso2/virtualenviroment/lib/python3.9/site-packages/airflow/example_dags/example_task_group.py
[2025-01-18 14:09:44,744] {processor.py:641} INFO - Processing file /mnt/c/Users/ander/Desktop/airflow-spark/airflow-spark/curso2/virtualenviroment/lib/python3.9/site-packages/airflow/example_dags/example_task_group.py for tasks to queue
[2025-01-18 14:09:44,745] {logging_mixin.py:115} INFO - [2025-01-18 14:09:44,745] {dagbag.py:507} INFO - Filling up the DagBag from /mnt/c/Users/ander/Desktop/airflow-spark/airflow-spark/curso2/virtualenviroment/lib/python3.9/site-packages/airflow/example_dags/example_task_group.py
[2025-01-18 14:09:44,794] {processor.py:651} INFO - DAG(s) dict_keys(['example_task_group']) retrieved from /mnt/c/Users/ander/Desktop/airflow-spark/airflow-spark/curso2/virtualenviroment/lib/python3.9/site-packages/airflow/example_dags/example_task_group.py
[2025-01-18 14:09:44,877] {logging_mixin.py:115} INFO - [2025-01-18 14:09:44,877] {dag.py:2379} INFO - Sync 1 DAGs
[2025-01-18 14:09:44,904] {logging_mixin.py:115} INFO - [2025-01-18 14:09:44,904] {dag.py:2927} INFO - Setting next_dagrun for example_task_group to 2025-01-17T17:09:44.903884+00:00, run_after=2025-01-18T17:09:44.903884+00:00
[2025-01-18 14:09:44,962] {processor.py:161} INFO - Processing /mnt/c/Users/ander/Desktop/airflow-spark/airflow-spark/curso2/virtualenviroment/lib/python3.9/site-packages/airflow/example_dags/example_task_group.py took 0.223 seconds
[2025-01-18 14:10:26,974] {processor.py:153} INFO - Started process (PID=12180) to work on /mnt/c/Users/ander/Desktop/airflow-spark/airflow-spark/curso2/virtualenviroment/lib/python3.9/site-packages/airflow/example_dags/example_task_group.py
[2025-01-18 14:10:26,975] {processor.py:641} INFO - Processing file /mnt/c/Users/ander/Desktop/airflow-spark/airflow-spark/curso2/virtualenviroment/lib/python3.9/site-packages/airflow/example_dags/example_task_group.py for tasks to queue
[2025-01-18 14:10:26,977] {logging_mixin.py:115} INFO - [2025-01-18 14:10:26,976] {dagbag.py:507} INFO - Filling up the DagBag from /mnt/c/Users/ander/Desktop/airflow-spark/airflow-spark/curso2/virtualenviroment/lib/python3.9/site-packages/airflow/example_dags/example_task_group.py
[2025-01-18 14:10:27,027] {processor.py:651} INFO - DAG(s) dict_keys(['example_task_group']) retrieved from /mnt/c/Users/ander/Desktop/airflow-spark/airflow-spark/curso2/virtualenviroment/lib/python3.9/site-packages/airflow/example_dags/example_task_group.py
[2025-01-18 14:10:27,068] {logging_mixin.py:115} INFO - [2025-01-18 14:10:27,068] {dag.py:2379} INFO - Sync 1 DAGs
[2025-01-18 14:10:27,099] {logging_mixin.py:115} INFO - [2025-01-18 14:10:27,099] {dag.py:2927} INFO - Setting next_dagrun for example_task_group to 2025-01-17T17:10:27.098818+00:00, run_after=2025-01-18T17:10:27.098818+00:00
[2025-01-18 14:10:27,147] {processor.py:161} INFO - Processing /mnt/c/Users/ander/Desktop/airflow-spark/airflow-spark/curso2/virtualenviroment/lib/python3.9/site-packages/airflow/example_dags/example_task_group.py took 0.176 seconds
[2025-01-18 14:11:11,299] {processor.py:153} INFO - Started process (PID=12341) to work on /mnt/c/Users/ander/Desktop/airflow-spark/airflow-spark/curso2/virtualenviroment/lib/python3.9/site-packages/airflow/example_dags/example_task_group.py
[2025-01-18 14:11:11,300] {processor.py:641} INFO - Processing file /mnt/c/Users/ander/Desktop/airflow-spark/airflow-spark/curso2/virtualenviroment/lib/python3.9/site-packages/airflow/example_dags/example_task_group.py for tasks to queue
[2025-01-18 14:11:11,301] {logging_mixin.py:115} INFO - [2025-01-18 14:11:11,301] {dagbag.py:507} INFO - Filling up the DagBag from /mnt/c/Users/ander/Desktop/airflow-spark/airflow-spark/curso2/virtualenviroment/lib/python3.9/site-packages/airflow/example_dags/example_task_group.py
[2025-01-18 14:11:11,349] {processor.py:651} INFO - DAG(s) dict_keys(['example_task_group']) retrieved from /mnt/c/Users/ander/Desktop/airflow-spark/airflow-spark/curso2/virtualenviroment/lib/python3.9/site-packages/airflow/example_dags/example_task_group.py
[2025-01-18 14:11:11,389] {logging_mixin.py:115} INFO - [2025-01-18 14:11:11,389] {dag.py:2379} INFO - Sync 1 DAGs
[2025-01-18 14:11:11,422] {logging_mixin.py:115} INFO - [2025-01-18 14:11:11,421] {dag.py:2927} INFO - Setting next_dagrun for example_task_group to 2025-01-17T17:11:11.420827+00:00, run_after=2025-01-18T17:11:11.420827+00:00
[2025-01-18 14:11:11,474] {processor.py:161} INFO - Processing /mnt/c/Users/ander/Desktop/airflow-spark/airflow-spark/curso2/virtualenviroment/lib/python3.9/site-packages/airflow/example_dags/example_task_group.py took 0.178 seconds
[2025-01-18 14:11:56,626] {processor.py:153} INFO - Started process (PID=12616) to work on /mnt/c/Users/ander/Desktop/airflow-spark/airflow-spark/curso2/virtualenviroment/lib/python3.9/site-packages/airflow/example_dags/example_task_group.py
[2025-01-18 14:11:56,627] {processor.py:641} INFO - Processing file /mnt/c/Users/ander/Desktop/airflow-spark/airflow-spark/curso2/virtualenviroment/lib/python3.9/site-packages/airflow/example_dags/example_task_group.py for tasks to queue
[2025-01-18 14:11:56,628] {logging_mixin.py:115} INFO - [2025-01-18 14:11:56,628] {dagbag.py:507} INFO - Filling up the DagBag from /mnt/c/Users/ander/Desktop/airflow-spark/airflow-spark/curso2/virtualenviroment/lib/python3.9/site-packages/airflow/example_dags/example_task_group.py
[2025-01-18 14:11:56,675] {processor.py:651} INFO - DAG(s) dict_keys(['example_task_group']) retrieved from /mnt/c/Users/ander/Desktop/airflow-spark/airflow-spark/curso2/virtualenviroment/lib/python3.9/site-packages/airflow/example_dags/example_task_group.py
[2025-01-18 14:11:56,716] {logging_mixin.py:115} INFO - [2025-01-18 14:11:56,716] {dag.py:2379} INFO - Sync 1 DAGs
[2025-01-18 14:11:56,745] {logging_mixin.py:115} INFO - [2025-01-18 14:11:56,745] {dag.py:2927} INFO - Setting next_dagrun for example_task_group to 2025-01-17T17:11:56.745483+00:00, run_after=2025-01-18T17:11:56.745483+00:00
[2025-01-18 14:11:56,793] {processor.py:161} INFO - Processing /mnt/c/Users/ander/Desktop/airflow-spark/airflow-spark/curso2/virtualenviroment/lib/python3.9/site-packages/airflow/example_dags/example_task_group.py took 0.171 seconds
[2025-01-18 14:12:40,908] {processor.py:153} INFO - Started process (PID=12939) to work on /mnt/c/Users/ander/Desktop/airflow-spark/airflow-spark/curso2/virtualenviroment/lib/python3.9/site-packages/airflow/example_dags/example_task_group.py
[2025-01-18 14:12:40,909] {processor.py:641} INFO - Processing file /mnt/c/Users/ander/Desktop/airflow-spark/airflow-spark/curso2/virtualenviroment/lib/python3.9/site-packages/airflow/example_dags/example_task_group.py for tasks to queue
[2025-01-18 14:12:40,910] {logging_mixin.py:115} INFO - [2025-01-18 14:12:40,910] {dagbag.py:507} INFO - Filling up the DagBag from /mnt/c/Users/ander/Desktop/airflow-spark/airflow-spark/curso2/virtualenviroment/lib/python3.9/site-packages/airflow/example_dags/example_task_group.py
[2025-01-18 14:12:40,955] {processor.py:651} INFO - DAG(s) dict_keys(['example_task_group']) retrieved from /mnt/c/Users/ander/Desktop/airflow-spark/airflow-spark/curso2/virtualenviroment/lib/python3.9/site-packages/airflow/example_dags/example_task_group.py
[2025-01-18 14:12:40,994] {logging_mixin.py:115} INFO - [2025-01-18 14:12:40,994] {dag.py:2379} INFO - Sync 1 DAGs
[2025-01-18 14:12:41,025] {logging_mixin.py:115} INFO - [2025-01-18 14:12:41,025] {dag.py:2927} INFO - Setting next_dagrun for example_task_group to 2025-01-17T17:12:41.025270+00:00, run_after=2025-01-18T17:12:41.025270+00:00
[2025-01-18 14:12:41,066] {processor.py:161} INFO - Processing /mnt/c/Users/ander/Desktop/airflow-spark/airflow-spark/curso2/virtualenviroment/lib/python3.9/site-packages/airflow/example_dags/example_task_group.py took 0.162 seconds
[2025-01-18 14:13:26,503] {processor.py:153} INFO - Started process (PID=13276) to work on /mnt/c/Users/ander/Desktop/airflow-spark/airflow-spark/curso2/virtualenviroment/lib/python3.9/site-packages/airflow/example_dags/example_task_group.py
[2025-01-18 14:13:26,505] {processor.py:641} INFO - Processing file /mnt/c/Users/ander/Desktop/airflow-spark/airflow-spark/curso2/virtualenviroment/lib/python3.9/site-packages/airflow/example_dags/example_task_group.py for tasks to queue
[2025-01-18 14:13:26,506] {logging_mixin.py:115} INFO - [2025-01-18 14:13:26,506] {dagbag.py:507} INFO - Filling up the DagBag from /mnt/c/Users/ander/Desktop/airflow-spark/airflow-spark/curso2/virtualenviroment/lib/python3.9/site-packages/airflow/example_dags/example_task_group.py
[2025-01-18 14:13:26,555] {processor.py:651} INFO - DAG(s) dict_keys(['example_task_group']) retrieved from /mnt/c/Users/ander/Desktop/airflow-spark/airflow-spark/curso2/virtualenviroment/lib/python3.9/site-packages/airflow/example_dags/example_task_group.py
[2025-01-18 14:13:26,602] {logging_mixin.py:115} INFO - [2025-01-18 14:13:26,602] {dag.py:2379} INFO - Sync 1 DAGs
[2025-01-18 14:13:26,633] {logging_mixin.py:115} INFO - [2025-01-18 14:13:26,633] {dag.py:2927} INFO - Setting next_dagrun for example_task_group to 2025-01-17T17:13:26.632646+00:00, run_after=2025-01-18T17:13:26.632646+00:00
[2025-01-18 14:13:26,707] {processor.py:161} INFO - Processing /mnt/c/Users/ander/Desktop/airflow-spark/airflow-spark/curso2/virtualenviroment/lib/python3.9/site-packages/airflow/example_dags/example_task_group.py took 0.208 seconds
[2025-01-18 14:14:14,933] {processor.py:153} INFO - Started process (PID=13505) to work on /mnt/c/Users/ander/Desktop/airflow-spark/airflow-spark/curso2/virtualenviroment/lib/python3.9/site-packages/airflow/example_dags/example_task_group.py
[2025-01-18 14:14:14,935] {processor.py:641} INFO - Processing file /mnt/c/Users/ander/Desktop/airflow-spark/airflow-spark/curso2/virtualenviroment/lib/python3.9/site-packages/airflow/example_dags/example_task_group.py for tasks to queue
[2025-01-18 14:14:14,939] {logging_mixin.py:115} INFO - [2025-01-18 14:14:14,938] {dagbag.py:507} INFO - Filling up the DagBag from /mnt/c/Users/ander/Desktop/airflow-spark/airflow-spark/curso2/virtualenviroment/lib/python3.9/site-packages/airflow/example_dags/example_task_group.py
[2025-01-18 14:14:14,988] {processor.py:651} INFO - DAG(s) dict_keys(['example_task_group']) retrieved from /mnt/c/Users/ander/Desktop/airflow-spark/airflow-spark/curso2/virtualenviroment/lib/python3.9/site-packages/airflow/example_dags/example_task_group.py
[2025-01-18 14:14:15,028] {logging_mixin.py:115} INFO - [2025-01-18 14:14:15,028] {dag.py:2379} INFO - Sync 1 DAGs
[2025-01-18 14:14:15,073] {logging_mixin.py:115} INFO - [2025-01-18 14:14:15,072] {dag.py:2927} INFO - Setting next_dagrun for example_task_group to 2025-01-17T17:14:15.071657+00:00, run_after=2025-01-18T17:14:15.071657+00:00
[2025-01-18 14:14:15,125] {processor.py:161} INFO - Processing /mnt/c/Users/ander/Desktop/airflow-spark/airflow-spark/curso2/virtualenviroment/lib/python3.9/site-packages/airflow/example_dags/example_task_group.py took 0.198 seconds
