[2025-01-18 14:10:01,162] {processor.py:153} INFO - Started process (PID=12086) to work on /mnt/c/Users/ander/Desktop/airflow-spark/airflow-spark/curso2/virtualenviroment/lib/python3.9/site-packages/airflow/example_dags/example_dag_decorator.py
[2025-01-18 14:10:01,163] {processor.py:641} INFO - Processing file /mnt/c/Users/ander/Desktop/airflow-spark/airflow-spark/curso2/virtualenviroment/lib/python3.9/site-packages/airflow/example_dags/example_dag_decorator.py for tasks to queue
[2025-01-18 14:10:01,164] {logging_mixin.py:115} INFO - [2025-01-18 14:10:01,164] {dagbag.py:507} INFO - Filling up the DagBag from /mnt/c/Users/ander/Desktop/airflow-spark/airflow-spark/curso2/virtualenviroment/lib/python3.9/site-packages/airflow/example_dags/example_dag_decorator.py
[2025-01-18 14:10:01,299] {processor.py:651} INFO - DAG(s) dict_keys(['example_dag_decorator']) retrieved from /mnt/c/Users/ander/Desktop/airflow-spark/airflow-spark/curso2/virtualenviroment/lib/python3.9/site-packages/airflow/example_dags/example_dag_decorator.py
[2025-01-18 14:10:01,373] {logging_mixin.py:115} INFO - [2025-01-18 14:10:01,373] {dag.py:2379} INFO - Sync 1 DAGs
[2025-01-18 14:10:01,395] {logging_mixin.py:115} INFO - [2025-01-18 14:10:01,395] {dag.py:2927} INFO - Setting next_dagrun for example_dag_decorator to None, run_after=None
[2025-01-18 14:10:01,449] {processor.py:161} INFO - Processing /mnt/c/Users/ander/Desktop/airflow-spark/airflow-spark/curso2/virtualenviroment/lib/python3.9/site-packages/airflow/example_dags/example_dag_decorator.py took 0.291 seconds
[2025-01-18 14:10:43,981] {processor.py:153} INFO - Started process (PID=12241) to work on /mnt/c/Users/ander/Desktop/airflow-spark/airflow-spark/curso2/virtualenviroment/lib/python3.9/site-packages/airflow/example_dags/example_dag_decorator.py
[2025-01-18 14:10:43,982] {processor.py:641} INFO - Processing file /mnt/c/Users/ander/Desktop/airflow-spark/airflow-spark/curso2/virtualenviroment/lib/python3.9/site-packages/airflow/example_dags/example_dag_decorator.py for tasks to queue
[2025-01-18 14:10:43,983] {logging_mixin.py:115} INFO - [2025-01-18 14:10:43,983] {dagbag.py:507} INFO - Filling up the DagBag from /mnt/c/Users/ander/Desktop/airflow-spark/airflow-spark/curso2/virtualenviroment/lib/python3.9/site-packages/airflow/example_dags/example_dag_decorator.py
[2025-01-18 14:10:44,119] {processor.py:651} INFO - DAG(s) dict_keys(['example_dag_decorator']) retrieved from /mnt/c/Users/ander/Desktop/airflow-spark/airflow-spark/curso2/virtualenviroment/lib/python3.9/site-packages/airflow/example_dags/example_dag_decorator.py
[2025-01-18 14:10:44,194] {logging_mixin.py:115} INFO - [2025-01-18 14:10:44,194] {dag.py:2379} INFO - Sync 1 DAGs
[2025-01-18 14:10:44,217] {logging_mixin.py:115} INFO - [2025-01-18 14:10:44,217] {dag.py:2927} INFO - Setting next_dagrun for example_dag_decorator to None, run_after=None
[2025-01-18 14:10:44,264] {processor.py:161} INFO - Processing /mnt/c/Users/ander/Desktop/airflow-spark/airflow-spark/curso2/virtualenviroment/lib/python3.9/site-packages/airflow/example_dags/example_dag_decorator.py took 0.286 seconds
[2025-01-18 14:11:28,830] {processor.py:153} INFO - Started process (PID=12516) to work on /mnt/c/Users/ander/Desktop/airflow-spark/airflow-spark/curso2/virtualenviroment/lib/python3.9/site-packages/airflow/example_dags/example_dag_decorator.py
[2025-01-18 14:11:28,831] {processor.py:641} INFO - Processing file /mnt/c/Users/ander/Desktop/airflow-spark/airflow-spark/curso2/virtualenviroment/lib/python3.9/site-packages/airflow/example_dags/example_dag_decorator.py for tasks to queue
[2025-01-18 14:11:28,832] {logging_mixin.py:115} INFO - [2025-01-18 14:11:28,832] {dagbag.py:507} INFO - Filling up the DagBag from /mnt/c/Users/ander/Desktop/airflow-spark/airflow-spark/curso2/virtualenviroment/lib/python3.9/site-packages/airflow/example_dags/example_dag_decorator.py
[2025-01-18 14:11:28,999] {processor.py:651} INFO - DAG(s) dict_keys(['example_dag_decorator']) retrieved from /mnt/c/Users/ander/Desktop/airflow-spark/airflow-spark/curso2/virtualenviroment/lib/python3.9/site-packages/airflow/example_dags/example_dag_decorator.py
[2025-01-18 14:11:29,082] {logging_mixin.py:115} INFO - [2025-01-18 14:11:29,082] {dag.py:2379} INFO - Sync 1 DAGs
[2025-01-18 14:11:29,111] {logging_mixin.py:115} INFO - [2025-01-18 14:11:29,111] {dag.py:2927} INFO - Setting next_dagrun for example_dag_decorator to None, run_after=None
[2025-01-18 14:11:29,164] {processor.py:161} INFO - Processing /mnt/c/Users/ander/Desktop/airflow-spark/airflow-spark/curso2/virtualenviroment/lib/python3.9/site-packages/airflow/example_dags/example_dag_decorator.py took 0.339 seconds
[2025-01-18 14:12:14,409] {processor.py:153} INFO - Started process (PID=12684) to work on /mnt/c/Users/ander/Desktop/airflow-spark/airflow-spark/curso2/virtualenviroment/lib/python3.9/site-packages/airflow/example_dags/example_dag_decorator.py
[2025-01-18 14:12:14,411] {processor.py:641} INFO - Processing file /mnt/c/Users/ander/Desktop/airflow-spark/airflow-spark/curso2/virtualenviroment/lib/python3.9/site-packages/airflow/example_dags/example_dag_decorator.py for tasks to queue
[2025-01-18 14:12:14,411] {logging_mixin.py:115} INFO - [2025-01-18 14:12:14,411] {dagbag.py:507} INFO - Filling up the DagBag from /mnt/c/Users/ander/Desktop/airflow-spark/airflow-spark/curso2/virtualenviroment/lib/python3.9/site-packages/airflow/example_dags/example_dag_decorator.py
[2025-01-18 14:12:14,541] {processor.py:651} INFO - DAG(s) dict_keys(['example_dag_decorator']) retrieved from /mnt/c/Users/ander/Desktop/airflow-spark/airflow-spark/curso2/virtualenviroment/lib/python3.9/site-packages/airflow/example_dags/example_dag_decorator.py
[2025-01-18 14:12:14,619] {logging_mixin.py:115} INFO - [2025-01-18 14:12:14,619] {dag.py:2379} INFO - Sync 1 DAGs
[2025-01-18 14:12:14,645] {logging_mixin.py:115} INFO - [2025-01-18 14:12:14,644] {dag.py:2927} INFO - Setting next_dagrun for example_dag_decorator to None, run_after=None
[2025-01-18 14:12:14,687] {processor.py:161} INFO - Processing /mnt/c/Users/ander/Desktop/airflow-spark/airflow-spark/curso2/virtualenviroment/lib/python3.9/site-packages/airflow/example_dags/example_dag_decorator.py took 0.281 seconds
[2025-01-18 14:12:58,688] {processor.py:153} INFO - Started process (PID=13058) to work on /mnt/c/Users/ander/Desktop/airflow-spark/airflow-spark/curso2/virtualenviroment/lib/python3.9/site-packages/airflow/example_dags/example_dag_decorator.py
[2025-01-18 14:12:58,689] {processor.py:641} INFO - Processing file /mnt/c/Users/ander/Desktop/airflow-spark/airflow-spark/curso2/virtualenviroment/lib/python3.9/site-packages/airflow/example_dags/example_dag_decorator.py for tasks to queue
[2025-01-18 14:12:58,690] {logging_mixin.py:115} INFO - [2025-01-18 14:12:58,690] {dagbag.py:507} INFO - Filling up the DagBag from /mnt/c/Users/ander/Desktop/airflow-spark/airflow-spark/curso2/virtualenviroment/lib/python3.9/site-packages/airflow/example_dags/example_dag_decorator.py
[2025-01-18 14:12:58,844] {processor.py:651} INFO - DAG(s) dict_keys(['example_dag_decorator']) retrieved from /mnt/c/Users/ander/Desktop/airflow-spark/airflow-spark/curso2/virtualenviroment/lib/python3.9/site-packages/airflow/example_dags/example_dag_decorator.py
[2025-01-18 14:12:58,882] {logging_mixin.py:115} INFO - [2025-01-18 14:12:58,882] {dag.py:2379} INFO - Sync 1 DAGs
[2025-01-18 14:12:58,913] {logging_mixin.py:115} INFO - [2025-01-18 14:12:58,913] {dag.py:2927} INFO - Setting next_dagrun for example_dag_decorator to None, run_after=None
[2025-01-18 14:12:58,960] {processor.py:161} INFO - Processing /mnt/c/Users/ander/Desktop/airflow-spark/airflow-spark/curso2/virtualenviroment/lib/python3.9/site-packages/airflow/example_dags/example_dag_decorator.py took 0.276 seconds
[2025-01-18 14:13:47,968] {processor.py:153} INFO - Started process (PID=13353) to work on /mnt/c/Users/ander/Desktop/airflow-spark/airflow-spark/curso2/virtualenviroment/lib/python3.9/site-packages/airflow/example_dags/example_dag_decorator.py
[2025-01-18 14:13:47,969] {processor.py:641} INFO - Processing file /mnt/c/Users/ander/Desktop/airflow-spark/airflow-spark/curso2/virtualenviroment/lib/python3.9/site-packages/airflow/example_dags/example_dag_decorator.py for tasks to queue
[2025-01-18 14:13:47,970] {logging_mixin.py:115} INFO - [2025-01-18 14:13:47,970] {dagbag.py:507} INFO - Filling up the DagBag from /mnt/c/Users/ander/Desktop/airflow-spark/airflow-spark/curso2/virtualenviroment/lib/python3.9/site-packages/airflow/example_dags/example_dag_decorator.py
[2025-01-18 14:13:48,128] {processor.py:651} INFO - DAG(s) dict_keys(['example_dag_decorator']) retrieved from /mnt/c/Users/ander/Desktop/airflow-spark/airflow-spark/curso2/virtualenviroment/lib/python3.9/site-packages/airflow/example_dags/example_dag_decorator.py
[2025-01-18 14:13:48,211] {logging_mixin.py:115} INFO - [2025-01-18 14:13:48,211] {dag.py:2379} INFO - Sync 1 DAGs
[2025-01-18 14:13:48,239] {logging_mixin.py:115} INFO - [2025-01-18 14:13:48,239] {dag.py:2927} INFO - Setting next_dagrun for example_dag_decorator to None, run_after=None
[2025-01-18 14:13:48,288] {processor.py:161} INFO - Processing /mnt/c/Users/ander/Desktop/airflow-spark/airflow-spark/curso2/virtualenviroment/lib/python3.9/site-packages/airflow/example_dags/example_dag_decorator.py took 0.324 seconds
