[2025-01-18 14:09:54,358] {processor.py:153} INFO - Started process (PID=12057) to work on /mnt/c/Users/ander/Desktop/airflow-spark/airflow-spark/curso2/virtualenviroment/lib/python3.9/site-packages/airflow/example_dags/example_local_kubernetes_executor.py
[2025-01-18 14:09:54,359] {processor.py:641} INFO - Processing file /mnt/c/Users/ander/Desktop/airflow-spark/airflow-spark/curso2/virtualenviroment/lib/python3.9/site-packages/airflow/example_dags/example_local_kubernetes_executor.py for tasks to queue
[2025-01-18 14:09:54,360] {logging_mixin.py:115} INFO - [2025-01-18 14:09:54,360] {dagbag.py:507} INFO - Filling up the DagBag from /mnt/c/Users/ander/Desktop/airflow-spark/airflow-spark/curso2/virtualenviroment/lib/python3.9/site-packages/airflow/example_dags/example_local_kubernetes_executor.py
[2025-01-18 14:09:54,529] {logging_mixin.py:115} INFO - [2025-01-18 14:09:54,523] {example_local_kubernetes_executor.py:37} WARNING - Could not import DAGs in example_local_kubernetes_executor.py
Traceback (most recent call last):
  File "/mnt/c/Users/ander/Desktop/airflow-spark/airflow-spark/curso2/virtualenviroment/lib/python3.9/site-packages/airflow/example_dags/example_local_kubernetes_executor.py", line 35, in <module>
    from kubernetes.client import models as k8s
ModuleNotFoundError: No module named 'kubernetes'
[2025-01-18 14:09:54,529] {logging_mixin.py:115} INFO - [2025-01-18 14:09:54,529] {example_local_kubernetes_executor.py:38} WARNING - Install Kubernetes dependencies with: pip install apache-airflow[cncf.kubernetes]
[2025-01-18 14:09:54,529] {processor.py:653} WARNING - No viable dags retrieved from /mnt/c/Users/ander/Desktop/airflow-spark/airflow-spark/curso2/virtualenviroment/lib/python3.9/site-packages/airflow/example_dags/example_local_kubernetes_executor.py
[2025-01-18 14:09:54,559] {processor.py:161} INFO - Processing /mnt/c/Users/ander/Desktop/airflow-spark/airflow-spark/curso2/virtualenviroment/lib/python3.9/site-packages/airflow/example_dags/example_local_kubernetes_executor.py took 0.205 seconds
[2025-01-18 14:10:37,741] {processor.py:153} INFO - Started process (PID=12218) to work on /mnt/c/Users/ander/Desktop/airflow-spark/airflow-spark/curso2/virtualenviroment/lib/python3.9/site-packages/airflow/example_dags/example_local_kubernetes_executor.py
[2025-01-18 14:10:37,742] {processor.py:641} INFO - Processing file /mnt/c/Users/ander/Desktop/airflow-spark/airflow-spark/curso2/virtualenviroment/lib/python3.9/site-packages/airflow/example_dags/example_local_kubernetes_executor.py for tasks to queue
[2025-01-18 14:10:37,743] {logging_mixin.py:115} INFO - [2025-01-18 14:10:37,743] {dagbag.py:507} INFO - Filling up the DagBag from /mnt/c/Users/ander/Desktop/airflow-spark/airflow-spark/curso2/virtualenviroment/lib/python3.9/site-packages/airflow/example_dags/example_local_kubernetes_executor.py
[2025-01-18 14:10:37,911] {logging_mixin.py:115} INFO - [2025-01-18 14:10:37,906] {example_local_kubernetes_executor.py:37} WARNING - Could not import DAGs in example_local_kubernetes_executor.py
Traceback (most recent call last):
  File "/mnt/c/Users/ander/Desktop/airflow-spark/airflow-spark/curso2/virtualenviroment/lib/python3.9/site-packages/airflow/example_dags/example_local_kubernetes_executor.py", line 35, in <module>
    from kubernetes.client import models as k8s
ModuleNotFoundError: No module named 'kubernetes'
[2025-01-18 14:10:37,912] {logging_mixin.py:115} INFO - [2025-01-18 14:10:37,912] {example_local_kubernetes_executor.py:38} WARNING - Install Kubernetes dependencies with: pip install apache-airflow[cncf.kubernetes]
[2025-01-18 14:10:37,912] {processor.py:653} WARNING - No viable dags retrieved from /mnt/c/Users/ander/Desktop/airflow-spark/airflow-spark/curso2/virtualenviroment/lib/python3.9/site-packages/airflow/example_dags/example_local_kubernetes_executor.py
[2025-01-18 14:10:37,941] {processor.py:161} INFO - Processing /mnt/c/Users/ander/Desktop/airflow-spark/airflow-spark/curso2/virtualenviroment/lib/python3.9/site-packages/airflow/example_dags/example_local_kubernetes_executor.py took 0.204 seconds
[2025-01-18 14:11:22,047] {processor.py:153} INFO - Started process (PID=12487) to work on /mnt/c/Users/ander/Desktop/airflow-spark/airflow-spark/curso2/virtualenviroment/lib/python3.9/site-packages/airflow/example_dags/example_local_kubernetes_executor.py
[2025-01-18 14:11:22,048] {processor.py:641} INFO - Processing file /mnt/c/Users/ander/Desktop/airflow-spark/airflow-spark/curso2/virtualenviroment/lib/python3.9/site-packages/airflow/example_dags/example_local_kubernetes_executor.py for tasks to queue
[2025-01-18 14:11:22,049] {logging_mixin.py:115} INFO - [2025-01-18 14:11:22,049] {dagbag.py:507} INFO - Filling up the DagBag from /mnt/c/Users/ander/Desktop/airflow-spark/airflow-spark/curso2/virtualenviroment/lib/python3.9/site-packages/airflow/example_dags/example_local_kubernetes_executor.py
[2025-01-18 14:11:22,202] {logging_mixin.py:115} INFO - [2025-01-18 14:11:22,197] {example_local_kubernetes_executor.py:37} WARNING - Could not import DAGs in example_local_kubernetes_executor.py
Traceback (most recent call last):
  File "/mnt/c/Users/ander/Desktop/airflow-spark/airflow-spark/curso2/virtualenviroment/lib/python3.9/site-packages/airflow/example_dags/example_local_kubernetes_executor.py", line 35, in <module>
    from kubernetes.client import models as k8s
ModuleNotFoundError: No module named 'kubernetes'
[2025-01-18 14:11:22,203] {logging_mixin.py:115} INFO - [2025-01-18 14:11:22,203] {example_local_kubernetes_executor.py:38} WARNING - Install Kubernetes dependencies with: pip install apache-airflow[cncf.kubernetes]
[2025-01-18 14:11:22,203] {processor.py:653} WARNING - No viable dags retrieved from /mnt/c/Users/ander/Desktop/airflow-spark/airflow-spark/curso2/virtualenviroment/lib/python3.9/site-packages/airflow/example_dags/example_local_kubernetes_executor.py
[2025-01-18 14:11:22,231] {processor.py:161} INFO - Processing /mnt/c/Users/ander/Desktop/airflow-spark/airflow-spark/curso2/virtualenviroment/lib/python3.9/site-packages/airflow/example_dags/example_local_kubernetes_executor.py took 0.188 seconds
[2025-01-18 14:12:08,318] {processor.py:153} INFO - Started process (PID=12661) to work on /mnt/c/Users/ander/Desktop/airflow-spark/airflow-spark/curso2/virtualenviroment/lib/python3.9/site-packages/airflow/example_dags/example_local_kubernetes_executor.py
[2025-01-18 14:12:08,319] {processor.py:641} INFO - Processing file /mnt/c/Users/ander/Desktop/airflow-spark/airflow-spark/curso2/virtualenviroment/lib/python3.9/site-packages/airflow/example_dags/example_local_kubernetes_executor.py for tasks to queue
[2025-01-18 14:12:08,320] {logging_mixin.py:115} INFO - [2025-01-18 14:12:08,320] {dagbag.py:507} INFO - Filling up the DagBag from /mnt/c/Users/ander/Desktop/airflow-spark/airflow-spark/curso2/virtualenviroment/lib/python3.9/site-packages/airflow/example_dags/example_local_kubernetes_executor.py
[2025-01-18 14:12:08,492] {logging_mixin.py:115} INFO - [2025-01-18 14:12:08,487] {example_local_kubernetes_executor.py:37} WARNING - Could not import DAGs in example_local_kubernetes_executor.py
Traceback (most recent call last):
  File "/mnt/c/Users/ander/Desktop/airflow-spark/airflow-spark/curso2/virtualenviroment/lib/python3.9/site-packages/airflow/example_dags/example_local_kubernetes_executor.py", line 35, in <module>
    from kubernetes.client import models as k8s
ModuleNotFoundError: No module named 'kubernetes'
[2025-01-18 14:12:08,492] {logging_mixin.py:115} INFO - [2025-01-18 14:12:08,492] {example_local_kubernetes_executor.py:38} WARNING - Install Kubernetes dependencies with: pip install apache-airflow[cncf.kubernetes]
[2025-01-18 14:12:08,493] {processor.py:653} WARNING - No viable dags retrieved from /mnt/c/Users/ander/Desktop/airflow-spark/airflow-spark/curso2/virtualenviroment/lib/python3.9/site-packages/airflow/example_dags/example_local_kubernetes_executor.py
[2025-01-18 14:12:08,521] {processor.py:161} INFO - Processing /mnt/c/Users/ander/Desktop/airflow-spark/airflow-spark/curso2/virtualenviroment/lib/python3.9/site-packages/airflow/example_dags/example_local_kubernetes_executor.py took 0.207 seconds
[2025-01-18 14:12:52,578] {processor.py:153} INFO - Started process (PID=13035) to work on /mnt/c/Users/ander/Desktop/airflow-spark/airflow-spark/curso2/virtualenviroment/lib/python3.9/site-packages/airflow/example_dags/example_local_kubernetes_executor.py
[2025-01-18 14:12:52,580] {processor.py:641} INFO - Processing file /mnt/c/Users/ander/Desktop/airflow-spark/airflow-spark/curso2/virtualenviroment/lib/python3.9/site-packages/airflow/example_dags/example_local_kubernetes_executor.py for tasks to queue
[2025-01-18 14:12:52,581] {logging_mixin.py:115} INFO - [2025-01-18 14:12:52,581] {dagbag.py:507} INFO - Filling up the DagBag from /mnt/c/Users/ander/Desktop/airflow-spark/airflow-spark/curso2/virtualenviroment/lib/python3.9/site-packages/airflow/example_dags/example_local_kubernetes_executor.py
[2025-01-18 14:12:52,759] {logging_mixin.py:115} INFO - [2025-01-18 14:12:52,753] {example_local_kubernetes_executor.py:37} WARNING - Could not import DAGs in example_local_kubernetes_executor.py
Traceback (most recent call last):
  File "/mnt/c/Users/ander/Desktop/airflow-spark/airflow-spark/curso2/virtualenviroment/lib/python3.9/site-packages/airflow/example_dags/example_local_kubernetes_executor.py", line 35, in <module>
    from kubernetes.client import models as k8s
ModuleNotFoundError: No module named 'kubernetes'
[2025-01-18 14:12:52,759] {logging_mixin.py:115} INFO - [2025-01-18 14:12:52,759] {example_local_kubernetes_executor.py:38} WARNING - Install Kubernetes dependencies with: pip install apache-airflow[cncf.kubernetes]
[2025-01-18 14:12:52,760] {processor.py:653} WARNING - No viable dags retrieved from /mnt/c/Users/ander/Desktop/airflow-spark/airflow-spark/curso2/virtualenviroment/lib/python3.9/site-packages/airflow/example_dags/example_local_kubernetes_executor.py
[2025-01-18 14:12:52,790] {processor.py:161} INFO - Processing /mnt/c/Users/ander/Desktop/airflow-spark/airflow-spark/curso2/virtualenviroment/lib/python3.9/site-packages/airflow/example_dags/example_local_kubernetes_executor.py took 0.216 seconds
[2025-01-18 14:13:40,955] {processor.py:153} INFO - Started process (PID=13330) to work on /mnt/c/Users/ander/Desktop/airflow-spark/airflow-spark/curso2/virtualenviroment/lib/python3.9/site-packages/airflow/example_dags/example_local_kubernetes_executor.py
[2025-01-18 14:13:40,956] {processor.py:641} INFO - Processing file /mnt/c/Users/ander/Desktop/airflow-spark/airflow-spark/curso2/virtualenviroment/lib/python3.9/site-packages/airflow/example_dags/example_local_kubernetes_executor.py for tasks to queue
[2025-01-18 14:13:40,957] {logging_mixin.py:115} INFO - [2025-01-18 14:13:40,957] {dagbag.py:507} INFO - Filling up the DagBag from /mnt/c/Users/ander/Desktop/airflow-spark/airflow-spark/curso2/virtualenviroment/lib/python3.9/site-packages/airflow/example_dags/example_local_kubernetes_executor.py
[2025-01-18 14:13:41,131] {logging_mixin.py:115} INFO - [2025-01-18 14:13:41,126] {example_local_kubernetes_executor.py:37} WARNING - Could not import DAGs in example_local_kubernetes_executor.py
Traceback (most recent call last):
  File "/mnt/c/Users/ander/Desktop/airflow-spark/airflow-spark/curso2/virtualenviroment/lib/python3.9/site-packages/airflow/example_dags/example_local_kubernetes_executor.py", line 35, in <module>
    from kubernetes.client import models as k8s
ModuleNotFoundError: No module named 'kubernetes'
[2025-01-18 14:13:41,132] {logging_mixin.py:115} INFO - [2025-01-18 14:13:41,132] {example_local_kubernetes_executor.py:38} WARNING - Install Kubernetes dependencies with: pip install apache-airflow[cncf.kubernetes]
[2025-01-18 14:13:41,132] {processor.py:653} WARNING - No viable dags retrieved from /mnt/c/Users/ander/Desktop/airflow-spark/airflow-spark/curso2/virtualenviroment/lib/python3.9/site-packages/airflow/example_dags/example_local_kubernetes_executor.py
[2025-01-18 14:13:41,163] {processor.py:161} INFO - Processing /mnt/c/Users/ander/Desktop/airflow-spark/airflow-spark/curso2/virtualenviroment/lib/python3.9/site-packages/airflow/example_dags/example_local_kubernetes_executor.py took 0.212 seconds
