[2025-01-18 14:09:43,352] {processor.py:153} INFO - Started process (PID=12018) to work on /mnt/c/Users/ander/Desktop/airflow-spark/airflow-spark/curso2/virtualenviroment/lib/python3.9/site-packages/airflow/example_dags/example_task_group_decorator.py
[2025-01-18 14:09:43,353] {processor.py:641} INFO - Processing file /mnt/c/Users/ander/Desktop/airflow-spark/airflow-spark/curso2/virtualenviroment/lib/python3.9/site-packages/airflow/example_dags/example_task_group_decorator.py for tasks to queue
[2025-01-18 14:09:43,354] {logging_mixin.py:115} INFO - [2025-01-18 14:09:43,354] {dagbag.py:507} INFO - Filling up the DagBag from /mnt/c/Users/ander/Desktop/airflow-spark/airflow-spark/curso2/virtualenviroment/lib/python3.9/site-packages/airflow/example_dags/example_task_group_decorator.py
[2025-01-18 14:09:43,470] {processor.py:651} INFO - DAG(s) dict_keys(['example_task_group_decorator']) retrieved from /mnt/c/Users/ander/Desktop/airflow-spark/airflow-spark/curso2/virtualenviroment/lib/python3.9/site-packages/airflow/example_dags/example_task_group_decorator.py
[2025-01-18 14:09:43,547] {logging_mixin.py:115} INFO - [2025-01-18 14:09:43,547] {dag.py:2379} INFO - Sync 1 DAGs
[2025-01-18 14:09:43,572] {logging_mixin.py:115} INFO - [2025-01-18 14:09:43,572] {dag.py:2927} INFO - Setting next_dagrun for example_task_group_decorator to 2025-01-17T17:09:43.571892+00:00, run_after=2025-01-18T17:09:43.571892+00:00
[2025-01-18 14:09:43,625] {processor.py:161} INFO - Processing /mnt/c/Users/ander/Desktop/airflow-spark/airflow-spark/curso2/virtualenviroment/lib/python3.9/site-packages/airflow/example_dags/example_task_group_decorator.py took 0.277 seconds
[2025-01-18 14:10:25,418] {processor.py:153} INFO - Started process (PID=12173) to work on /mnt/c/Users/ander/Desktop/airflow-spark/airflow-spark/curso2/virtualenviroment/lib/python3.9/site-packages/airflow/example_dags/example_task_group_decorator.py
[2025-01-18 14:10:25,419] {processor.py:641} INFO - Processing file /mnt/c/Users/ander/Desktop/airflow-spark/airflow-spark/curso2/virtualenviroment/lib/python3.9/site-packages/airflow/example_dags/example_task_group_decorator.py for tasks to queue
[2025-01-18 14:10:25,421] {logging_mixin.py:115} INFO - [2025-01-18 14:10:25,420] {dagbag.py:507} INFO - Filling up the DagBag from /mnt/c/Users/ander/Desktop/airflow-spark/airflow-spark/curso2/virtualenviroment/lib/python3.9/site-packages/airflow/example_dags/example_task_group_decorator.py
[2025-01-18 14:10:25,557] {processor.py:651} INFO - DAG(s) dict_keys(['example_task_group_decorator']) retrieved from /mnt/c/Users/ander/Desktop/airflow-spark/airflow-spark/curso2/virtualenviroment/lib/python3.9/site-packages/airflow/example_dags/example_task_group_decorator.py
[2025-01-18 14:10:25,646] {logging_mixin.py:115} INFO - [2025-01-18 14:10:25,646] {dag.py:2379} INFO - Sync 1 DAGs
[2025-01-18 14:10:25,673] {logging_mixin.py:115} INFO - [2025-01-18 14:10:25,672] {dag.py:2927} INFO - Setting next_dagrun for example_task_group_decorator to 2025-01-17T17:10:25.672558+00:00, run_after=2025-01-18T17:10:25.672558+00:00
[2025-01-18 14:10:25,722] {processor.py:161} INFO - Processing /mnt/c/Users/ander/Desktop/airflow-spark/airflow-spark/curso2/virtualenviroment/lib/python3.9/site-packages/airflow/example_dags/example_task_group_decorator.py took 0.307 seconds
[2025-01-18 14:11:09,715] {processor.py:153} INFO - Started process (PID=12337) to work on /mnt/c/Users/ander/Desktop/airflow-spark/airflow-spark/curso2/virtualenviroment/lib/python3.9/site-packages/airflow/example_dags/example_task_group_decorator.py
[2025-01-18 14:11:09,716] {processor.py:641} INFO - Processing file /mnt/c/Users/ander/Desktop/airflow-spark/airflow-spark/curso2/virtualenviroment/lib/python3.9/site-packages/airflow/example_dags/example_task_group_decorator.py for tasks to queue
[2025-01-18 14:11:09,717] {logging_mixin.py:115} INFO - [2025-01-18 14:11:09,717] {dagbag.py:507} INFO - Filling up the DagBag from /mnt/c/Users/ander/Desktop/airflow-spark/airflow-spark/curso2/virtualenviroment/lib/python3.9/site-packages/airflow/example_dags/example_task_group_decorator.py
[2025-01-18 14:11:09,849] {processor.py:651} INFO - DAG(s) dict_keys(['example_task_group_decorator']) retrieved from /mnt/c/Users/ander/Desktop/airflow-spark/airflow-spark/curso2/virtualenviroment/lib/python3.9/site-packages/airflow/example_dags/example_task_group_decorator.py
[2025-01-18 14:11:09,937] {logging_mixin.py:115} INFO - [2025-01-18 14:11:09,937] {dag.py:2379} INFO - Sync 1 DAGs
[2025-01-18 14:11:09,968] {logging_mixin.py:115} INFO - [2025-01-18 14:11:09,968] {dag.py:2927} INFO - Setting next_dagrun for example_task_group_decorator to 2025-01-17T17:11:09.967617+00:00, run_after=2025-01-18T17:11:09.967617+00:00
[2025-01-18 14:11:10,030] {processor.py:161} INFO - Processing /mnt/c/Users/ander/Desktop/airflow-spark/airflow-spark/curso2/virtualenviroment/lib/python3.9/site-packages/airflow/example_dags/example_task_group_decorator.py took 0.319 seconds
[2025-01-18 14:11:55,545] {processor.py:153} INFO - Started process (PID=12615) to work on /mnt/c/Users/ander/Desktop/airflow-spark/airflow-spark/curso2/virtualenviroment/lib/python3.9/site-packages/airflow/example_dags/example_task_group_decorator.py
[2025-01-18 14:11:55,546] {processor.py:641} INFO - Processing file /mnt/c/Users/ander/Desktop/airflow-spark/airflow-spark/curso2/virtualenviroment/lib/python3.9/site-packages/airflow/example_dags/example_task_group_decorator.py for tasks to queue
[2025-01-18 14:11:55,547] {logging_mixin.py:115} INFO - [2025-01-18 14:11:55,547] {dagbag.py:507} INFO - Filling up the DagBag from /mnt/c/Users/ander/Desktop/airflow-spark/airflow-spark/curso2/virtualenviroment/lib/python3.9/site-packages/airflow/example_dags/example_task_group_decorator.py
[2025-01-18 14:11:55,683] {processor.py:651} INFO - DAG(s) dict_keys(['example_task_group_decorator']) retrieved from /mnt/c/Users/ander/Desktop/airflow-spark/airflow-spark/curso2/virtualenviroment/lib/python3.9/site-packages/airflow/example_dags/example_task_group_decorator.py
[2025-01-18 14:11:55,723] {logging_mixin.py:115} INFO - [2025-01-18 14:11:55,723] {dag.py:2379} INFO - Sync 1 DAGs
[2025-01-18 14:11:55,752] {logging_mixin.py:115} INFO - [2025-01-18 14:11:55,752] {dag.py:2927} INFO - Setting next_dagrun for example_task_group_decorator to 2025-01-17T17:11:55.752154+00:00, run_after=2025-01-18T17:11:55.752154+00:00
[2025-01-18 14:11:55,802] {processor.py:161} INFO - Processing /mnt/c/Users/ander/Desktop/airflow-spark/airflow-spark/curso2/virtualenviroment/lib/python3.9/site-packages/airflow/example_dags/example_task_group_decorator.py took 0.261 seconds
[2025-01-18 14:12:39,429] {processor.py:153} INFO - Started process (PID=12932) to work on /mnt/c/Users/ander/Desktop/airflow-spark/airflow-spark/curso2/virtualenviroment/lib/python3.9/site-packages/airflow/example_dags/example_task_group_decorator.py
[2025-01-18 14:12:39,430] {processor.py:641} INFO - Processing file /mnt/c/Users/ander/Desktop/airflow-spark/airflow-spark/curso2/virtualenviroment/lib/python3.9/site-packages/airflow/example_dags/example_task_group_decorator.py for tasks to queue
[2025-01-18 14:12:39,432] {logging_mixin.py:115} INFO - [2025-01-18 14:12:39,432] {dagbag.py:507} INFO - Filling up the DagBag from /mnt/c/Users/ander/Desktop/airflow-spark/airflow-spark/curso2/virtualenviroment/lib/python3.9/site-packages/airflow/example_dags/example_task_group_decorator.py
[2025-01-18 14:12:39,568] {processor.py:651} INFO - DAG(s) dict_keys(['example_task_group_decorator']) retrieved from /mnt/c/Users/ander/Desktop/airflow-spark/airflow-spark/curso2/virtualenviroment/lib/python3.9/site-packages/airflow/example_dags/example_task_group_decorator.py
[2025-01-18 14:12:39,688] {logging_mixin.py:115} INFO - [2025-01-18 14:12:39,688] {dag.py:2379} INFO - Sync 1 DAGs
[2025-01-18 14:12:39,718] {logging_mixin.py:115} INFO - [2025-01-18 14:12:39,718] {dag.py:2927} INFO - Setting next_dagrun for example_task_group_decorator to 2025-01-17T17:12:39.718180+00:00, run_after=2025-01-18T17:12:39.718180+00:00
[2025-01-18 14:12:39,772] {processor.py:161} INFO - Processing /mnt/c/Users/ander/Desktop/airflow-spark/airflow-spark/curso2/virtualenviroment/lib/python3.9/site-packages/airflow/example_dags/example_task_group_decorator.py took 0.350 seconds
[2025-01-18 14:13:24,938] {processor.py:153} INFO - Started process (PID=13269) to work on /mnt/c/Users/ander/Desktop/airflow-spark/airflow-spark/curso2/virtualenviroment/lib/python3.9/site-packages/airflow/example_dags/example_task_group_decorator.py
[2025-01-18 14:13:24,939] {processor.py:641} INFO - Processing file /mnt/c/Users/ander/Desktop/airflow-spark/airflow-spark/curso2/virtualenviroment/lib/python3.9/site-packages/airflow/example_dags/example_task_group_decorator.py for tasks to queue
[2025-01-18 14:13:24,940] {logging_mixin.py:115} INFO - [2025-01-18 14:13:24,940] {dagbag.py:507} INFO - Filling up the DagBag from /mnt/c/Users/ander/Desktop/airflow-spark/airflow-spark/curso2/virtualenviroment/lib/python3.9/site-packages/airflow/example_dags/example_task_group_decorator.py
[2025-01-18 14:13:25,087] {processor.py:651} INFO - DAG(s) dict_keys(['example_task_group_decorator']) retrieved from /mnt/c/Users/ander/Desktop/airflow-spark/airflow-spark/curso2/virtualenviroment/lib/python3.9/site-packages/airflow/example_dags/example_task_group_decorator.py
[2025-01-18 14:13:25,174] {logging_mixin.py:115} INFO - [2025-01-18 14:13:25,174] {dag.py:2379} INFO - Sync 1 DAGs
[2025-01-18 14:13:25,200] {logging_mixin.py:115} INFO - [2025-01-18 14:13:25,200] {dag.py:2927} INFO - Setting next_dagrun for example_task_group_decorator to 2025-01-17T17:13:25.200457+00:00, run_after=2025-01-18T17:13:25.200457+00:00
[2025-01-18 14:13:25,252] {processor.py:161} INFO - Processing /mnt/c/Users/ander/Desktop/airflow-spark/airflow-spark/curso2/virtualenviroment/lib/python3.9/site-packages/airflow/example_dags/example_task_group_decorator.py took 0.318 seconds
[2025-01-18 14:14:13,337] {processor.py:153} INFO - Started process (PID=13498) to work on /mnt/c/Users/ander/Desktop/airflow-spark/airflow-spark/curso2/virtualenviroment/lib/python3.9/site-packages/airflow/example_dags/example_task_group_decorator.py
[2025-01-18 14:14:13,339] {processor.py:641} INFO - Processing file /mnt/c/Users/ander/Desktop/airflow-spark/airflow-spark/curso2/virtualenviroment/lib/python3.9/site-packages/airflow/example_dags/example_task_group_decorator.py for tasks to queue
[2025-01-18 14:14:13,340] {logging_mixin.py:115} INFO - [2025-01-18 14:14:13,340] {dagbag.py:507} INFO - Filling up the DagBag from /mnt/c/Users/ander/Desktop/airflow-spark/airflow-spark/curso2/virtualenviroment/lib/python3.9/site-packages/airflow/example_dags/example_task_group_decorator.py
[2025-01-18 14:14:13,507] {processor.py:651} INFO - DAG(s) dict_keys(['example_task_group_decorator']) retrieved from /mnt/c/Users/ander/Desktop/airflow-spark/airflow-spark/curso2/virtualenviroment/lib/python3.9/site-packages/airflow/example_dags/example_task_group_decorator.py
[2025-01-18 14:14:13,605] {logging_mixin.py:115} INFO - [2025-01-18 14:14:13,605] {dag.py:2379} INFO - Sync 1 DAGs
[2025-01-18 14:14:13,638] {logging_mixin.py:115} INFO - [2025-01-18 14:14:13,638] {dag.py:2927} INFO - Setting next_dagrun for example_task_group_decorator to 2025-01-17T17:14:13.638432+00:00, run_after=2025-01-18T17:14:13.638432+00:00
[2025-01-18 14:14:13,705] {processor.py:161} INFO - Processing /mnt/c/Users/ander/Desktop/airflow-spark/airflow-spark/curso2/virtualenviroment/lib/python3.9/site-packages/airflow/example_dags/example_task_group_decorator.py took 0.372 seconds
