[2025-01-18 14:09:38,110] {processor.py:153} INFO - Started process (PID=11973) to work on /mnt/c/Users/ander/Desktop/airflow-spark/airflow-spark/curso2/virtualenviroment/lib/python3.9/site-packages/airflow/example_dags/example_xcom.py
[2025-01-18 14:09:38,111] {processor.py:641} INFO - Processing file /mnt/c/Users/ander/Desktop/airflow-spark/airflow-spark/curso2/virtualenviroment/lib/python3.9/site-packages/airflow/example_dags/example_xcom.py for tasks to queue
[2025-01-18 14:09:38,112] {logging_mixin.py:115} INFO - [2025-01-18 14:09:38,112] {dagbag.py:507} INFO - Filling up the DagBag from /mnt/c/Users/ander/Desktop/airflow-spark/airflow-spark/curso2/virtualenviroment/lib/python3.9/site-packages/airflow/example_dags/example_xcom.py
[2025-01-18 14:09:38,266] {processor.py:651} INFO - DAG(s) dict_keys(['example_xcom']) retrieved from /mnt/c/Users/ander/Desktop/airflow-spark/airflow-spark/curso2/virtualenviroment/lib/python3.9/site-packages/airflow/example_dags/example_xcom.py
[2025-01-18 14:09:38,347] {logging_mixin.py:115} INFO - [2025-01-18 14:09:38,347] {dag.py:2379} INFO - Sync 1 DAGs
[2025-01-18 14:09:38,373] {logging_mixin.py:115} INFO - [2025-01-18 14:09:38,373] {dag.py:2927} INFO - Setting next_dagrun for example_xcom to 2021-01-01T00:00:00+00:00, run_after=2021-01-01T00:00:00+00:00
[2025-01-18 14:09:38,432] {processor.py:161} INFO - Processing /mnt/c/Users/ander/Desktop/airflow-spark/airflow-spark/curso2/virtualenviroment/lib/python3.9/site-packages/airflow/example_dags/example_xcom.py took 0.326 seconds
[2025-01-18 14:10:21,361] {processor.py:153} INFO - Started process (PID=12157) to work on /mnt/c/Users/ander/Desktop/airflow-spark/airflow-spark/curso2/virtualenviroment/lib/python3.9/site-packages/airflow/example_dags/example_xcom.py
[2025-01-18 14:10:21,362] {processor.py:641} INFO - Processing file /mnt/c/Users/ander/Desktop/airflow-spark/airflow-spark/curso2/virtualenviroment/lib/python3.9/site-packages/airflow/example_dags/example_xcom.py for tasks to queue
[2025-01-18 14:10:21,363] {logging_mixin.py:115} INFO - [2025-01-18 14:10:21,363] {dagbag.py:507} INFO - Filling up the DagBag from /mnt/c/Users/ander/Desktop/airflow-spark/airflow-spark/curso2/virtualenviroment/lib/python3.9/site-packages/airflow/example_dags/example_xcom.py
[2025-01-18 14:10:21,523] {processor.py:651} INFO - DAG(s) dict_keys(['example_xcom']) retrieved from /mnt/c/Users/ander/Desktop/airflow-spark/airflow-spark/curso2/virtualenviroment/lib/python3.9/site-packages/airflow/example_dags/example_xcom.py
[2025-01-18 14:10:21,611] {logging_mixin.py:115} INFO - [2025-01-18 14:10:21,611] {dag.py:2379} INFO - Sync 1 DAGs
[2025-01-18 14:10:21,637] {logging_mixin.py:115} INFO - [2025-01-18 14:10:21,637] {dag.py:2927} INFO - Setting next_dagrun for example_xcom to 2021-01-01T00:00:00+00:00, run_after=2021-01-01T00:00:00+00:00
[2025-01-18 14:10:21,700] {processor.py:161} INFO - Processing /mnt/c/Users/ander/Desktop/airflow-spark/airflow-spark/curso2/virtualenviroment/lib/python3.9/site-packages/airflow/example_dags/example_xcom.py took 0.343 seconds
[2025-01-18 14:11:03,545] {processor.py:153} INFO - Started process (PID=12318) to work on /mnt/c/Users/ander/Desktop/airflow-spark/airflow-spark/curso2/virtualenviroment/lib/python3.9/site-packages/airflow/example_dags/example_xcom.py
[2025-01-18 14:11:03,547] {processor.py:641} INFO - Processing file /mnt/c/Users/ander/Desktop/airflow-spark/airflow-spark/curso2/virtualenviroment/lib/python3.9/site-packages/airflow/example_dags/example_xcom.py for tasks to queue
[2025-01-18 14:11:03,548] {logging_mixin.py:115} INFO - [2025-01-18 14:11:03,547] {dagbag.py:507} INFO - Filling up the DagBag from /mnt/c/Users/ander/Desktop/airflow-spark/airflow-spark/curso2/virtualenviroment/lib/python3.9/site-packages/airflow/example_dags/example_xcom.py
[2025-01-18 14:11:03,692] {processor.py:651} INFO - DAG(s) dict_keys(['example_xcom']) retrieved from /mnt/c/Users/ander/Desktop/airflow-spark/airflow-spark/curso2/virtualenviroment/lib/python3.9/site-packages/airflow/example_dags/example_xcom.py
[2025-01-18 14:11:03,772] {logging_mixin.py:115} INFO - [2025-01-18 14:11:03,772] {dag.py:2379} INFO - Sync 1 DAGs
[2025-01-18 14:11:03,883] {logging_mixin.py:115} INFO - [2025-01-18 14:11:03,883] {dag.py:2927} INFO - Setting next_dagrun for example_xcom to 2021-01-01T00:00:00+00:00, run_after=2021-01-01T00:00:00+00:00
[2025-01-18 14:11:04,520] {processor.py:161} INFO - Processing /mnt/c/Users/ander/Desktop/airflow-spark/airflow-spark/curso2/virtualenviroment/lib/python3.9/site-packages/airflow/example_dags/example_xcom.py took 0.980 seconds
[2025-01-18 14:11:50,362] {processor.py:153} INFO - Started process (PID=12593) to work on /mnt/c/Users/ander/Desktop/airflow-spark/airflow-spark/curso2/virtualenviroment/lib/python3.9/site-packages/airflow/example_dags/example_xcom.py
[2025-01-18 14:11:50,363] {processor.py:641} INFO - Processing file /mnt/c/Users/ander/Desktop/airflow-spark/airflow-spark/curso2/virtualenviroment/lib/python3.9/site-packages/airflow/example_dags/example_xcom.py for tasks to queue
[2025-01-18 14:11:50,364] {logging_mixin.py:115} INFO - [2025-01-18 14:11:50,364] {dagbag.py:507} INFO - Filling up the DagBag from /mnt/c/Users/ander/Desktop/airflow-spark/airflow-spark/curso2/virtualenviroment/lib/python3.9/site-packages/airflow/example_dags/example_xcom.py
[2025-01-18 14:11:50,489] {processor.py:651} INFO - DAG(s) dict_keys(['example_xcom']) retrieved from /mnt/c/Users/ander/Desktop/airflow-spark/airflow-spark/curso2/virtualenviroment/lib/python3.9/site-packages/airflow/example_dags/example_xcom.py
[2025-01-18 14:11:50,568] {logging_mixin.py:115} INFO - [2025-01-18 14:11:50,568] {dag.py:2379} INFO - Sync 1 DAGs
[2025-01-18 14:11:50,593] {logging_mixin.py:115} INFO - [2025-01-18 14:11:50,593] {dag.py:2927} INFO - Setting next_dagrun for example_xcom to 2021-01-01T00:00:00+00:00, run_after=2021-01-01T00:00:00+00:00
[2025-01-18 14:11:50,642] {processor.py:161} INFO - Processing /mnt/c/Users/ander/Desktop/airflow-spark/airflow-spark/curso2/virtualenviroment/lib/python3.9/site-packages/airflow/example_dags/example_xcom.py took 0.284 seconds
[2025-01-18 14:12:34,988] {processor.py:153} INFO - Started process (PID=12859) to work on /mnt/c/Users/ander/Desktop/airflow-spark/airflow-spark/curso2/virtualenviroment/lib/python3.9/site-packages/airflow/example_dags/example_xcom.py
[2025-01-18 14:12:34,989] {processor.py:641} INFO - Processing file /mnt/c/Users/ander/Desktop/airflow-spark/airflow-spark/curso2/virtualenviroment/lib/python3.9/site-packages/airflow/example_dags/example_xcom.py for tasks to queue
[2025-01-18 14:12:34,990] {logging_mixin.py:115} INFO - [2025-01-18 14:12:34,990] {dagbag.py:507} INFO - Filling up the DagBag from /mnt/c/Users/ander/Desktop/airflow-spark/airflow-spark/curso2/virtualenviroment/lib/python3.9/site-packages/airflow/example_dags/example_xcom.py
[2025-01-18 14:12:35,179] {processor.py:651} INFO - DAG(s) dict_keys(['example_xcom']) retrieved from /mnt/c/Users/ander/Desktop/airflow-spark/airflow-spark/curso2/virtualenviroment/lib/python3.9/site-packages/airflow/example_dags/example_xcom.py
[2025-01-18 14:12:35,288] {logging_mixin.py:115} INFO - [2025-01-18 14:12:35,288] {dag.py:2379} INFO - Sync 1 DAGs
[2025-01-18 14:12:35,321] {logging_mixin.py:115} INFO - [2025-01-18 14:12:35,321] {dag.py:2927} INFO - Setting next_dagrun for example_xcom to 2021-01-01T00:00:00+00:00, run_after=2021-01-01T00:00:00+00:00
[2025-01-18 14:12:35,487] {processor.py:161} INFO - Processing /mnt/c/Users/ander/Desktop/airflow-spark/airflow-spark/curso2/virtualenviroment/lib/python3.9/site-packages/airflow/example_dags/example_xcom.py took 0.505 seconds
[2025-01-18 14:13:19,719] {processor.py:153} INFO - Started process (PID=13253) to work on /mnt/c/Users/ander/Desktop/airflow-spark/airflow-spark/curso2/virtualenviroment/lib/python3.9/site-packages/airflow/example_dags/example_xcom.py
[2025-01-18 14:13:19,720] {processor.py:641} INFO - Processing file /mnt/c/Users/ander/Desktop/airflow-spark/airflow-spark/curso2/virtualenviroment/lib/python3.9/site-packages/airflow/example_dags/example_xcom.py for tasks to queue
[2025-01-18 14:13:19,721] {logging_mixin.py:115} INFO - [2025-01-18 14:13:19,721] {dagbag.py:507} INFO - Filling up the DagBag from /mnt/c/Users/ander/Desktop/airflow-spark/airflow-spark/curso2/virtualenviroment/lib/python3.9/site-packages/airflow/example_dags/example_xcom.py
[2025-01-18 14:13:19,867] {processor.py:651} INFO - DAG(s) dict_keys(['example_xcom']) retrieved from /mnt/c/Users/ander/Desktop/airflow-spark/airflow-spark/curso2/virtualenviroment/lib/python3.9/site-packages/airflow/example_dags/example_xcom.py
[2025-01-18 14:13:19,951] {logging_mixin.py:115} INFO - [2025-01-18 14:13:19,951] {dag.py:2379} INFO - Sync 1 DAGs
[2025-01-18 14:13:19,978] {logging_mixin.py:115} INFO - [2025-01-18 14:13:19,978] {dag.py:2927} INFO - Setting next_dagrun for example_xcom to 2021-01-01T00:00:00+00:00, run_after=2021-01-01T00:00:00+00:00
[2025-01-18 14:13:20,027] {processor.py:161} INFO - Processing /mnt/c/Users/ander/Desktop/airflow-spark/airflow-spark/curso2/virtualenviroment/lib/python3.9/site-packages/airflow/example_dags/example_xcom.py took 0.311 seconds
[2025-01-18 14:13:57,222] {processor.py:153} INFO - Started process (PID=13390) to work on /mnt/c/Users/ander/Desktop/airflow-spark/airflow-spark/curso2/virtualenviroment/lib/python3.9/site-packages/airflow/example_dags/example_xcom.py
[2025-01-18 14:13:57,223] {processor.py:641} INFO - Processing file /mnt/c/Users/ander/Desktop/airflow-spark/airflow-spark/curso2/virtualenviroment/lib/python3.9/site-packages/airflow/example_dags/example_xcom.py for tasks to queue
[2025-01-18 14:13:57,224] {logging_mixin.py:115} INFO - [2025-01-18 14:13:57,224] {dagbag.py:507} INFO - Filling up the DagBag from /mnt/c/Users/ander/Desktop/airflow-spark/airflow-spark/curso2/virtualenviroment/lib/python3.9/site-packages/airflow/example_dags/example_xcom.py
[2025-01-18 14:13:57,352] {processor.py:651} INFO - DAG(s) dict_keys(['example_xcom']) retrieved from /mnt/c/Users/ander/Desktop/airflow-spark/airflow-spark/curso2/virtualenviroment/lib/python3.9/site-packages/airflow/example_dags/example_xcom.py
[2025-01-18 14:13:57,388] {logging_mixin.py:115} INFO - [2025-01-18 14:13:57,388] {dag.py:2379} INFO - Sync 1 DAGs
[2025-01-18 14:13:57,416] {logging_mixin.py:115} INFO - [2025-01-18 14:13:57,416] {dag.py:2927} INFO - Setting next_dagrun for example_xcom to 2021-01-01T00:00:00+00:00, run_after=2021-01-01T00:00:00+00:00
[2025-01-18 14:13:57,459] {processor.py:161} INFO - Processing /mnt/c/Users/ander/Desktop/airflow-spark/airflow-spark/curso2/virtualenviroment/lib/python3.9/site-packages/airflow/example_dags/example_xcom.py took 0.240 seconds
