[2025-01-18 14:09:48,901] {processor.py:153} INFO - Started process (PID=12040) to work on /mnt/c/Users/ander/Desktop/airflow-spark/airflow-spark/curso2/virtualenviroment/lib/python3.9/site-packages/airflow/example_dags/example_skip_dag.py
[2025-01-18 14:09:48,902] {processor.py:641} INFO - Processing file /mnt/c/Users/ander/Desktop/airflow-spark/airflow-spark/curso2/virtualenviroment/lib/python3.9/site-packages/airflow/example_dags/example_skip_dag.py for tasks to queue
[2025-01-18 14:09:48,903] {logging_mixin.py:115} INFO - [2025-01-18 14:09:48,903] {dagbag.py:507} INFO - Filling up the DagBag from /mnt/c/Users/ander/Desktop/airflow-spark/airflow-spark/curso2/virtualenviroment/lib/python3.9/site-packages/airflow/example_dags/example_skip_dag.py
[2025-01-18 14:09:48,931] {processor.py:651} INFO - DAG(s) dict_keys(['example_skip_dag']) retrieved from /mnt/c/Users/ander/Desktop/airflow-spark/airflow-spark/curso2/virtualenviroment/lib/python3.9/site-packages/airflow/example_dags/example_skip_dag.py
[2025-01-18 14:09:49,013] {logging_mixin.py:115} INFO - [2025-01-18 14:09:49,012] {dag.py:2379} INFO - Sync 1 DAGs
[2025-01-18 14:09:49,041] {logging_mixin.py:115} INFO - [2025-01-18 14:09:49,041] {dag.py:2927} INFO - Setting next_dagrun for example_skip_dag to 2025-01-17T17:09:49.041094+00:00, run_after=2025-01-18T17:09:49.041094+00:00
[2025-01-18 14:09:49,102] {processor.py:161} INFO - Processing /mnt/c/Users/ander/Desktop/airflow-spark/airflow-spark/curso2/virtualenviroment/lib/python3.9/site-packages/airflow/example_dags/example_skip_dag.py took 0.205 seconds
[2025-01-18 14:10:30,969] {processor.py:153} INFO - Started process (PID=12195) to work on /mnt/c/Users/ander/Desktop/airflow-spark/airflow-spark/curso2/virtualenviroment/lib/python3.9/site-packages/airflow/example_dags/example_skip_dag.py
[2025-01-18 14:10:30,970] {processor.py:641} INFO - Processing file /mnt/c/Users/ander/Desktop/airflow-spark/airflow-spark/curso2/virtualenviroment/lib/python3.9/site-packages/airflow/example_dags/example_skip_dag.py for tasks to queue
[2025-01-18 14:10:30,972] {logging_mixin.py:115} INFO - [2025-01-18 14:10:30,971] {dagbag.py:507} INFO - Filling up the DagBag from /mnt/c/Users/ander/Desktop/airflow-spark/airflow-spark/curso2/virtualenviroment/lib/python3.9/site-packages/airflow/example_dags/example_skip_dag.py
[2025-01-18 14:10:30,996] {processor.py:651} INFO - DAG(s) dict_keys(['example_skip_dag']) retrieved from /mnt/c/Users/ander/Desktop/airflow-spark/airflow-spark/curso2/virtualenviroment/lib/python3.9/site-packages/airflow/example_dags/example_skip_dag.py
[2025-01-18 14:10:31,033] {logging_mixin.py:115} INFO - [2025-01-18 14:10:31,033] {dag.py:2379} INFO - Sync 1 DAGs
[2025-01-18 14:10:31,063] {logging_mixin.py:115} INFO - [2025-01-18 14:10:31,063] {dag.py:2927} INFO - Setting next_dagrun for example_skip_dag to 2025-01-17T17:10:31.063047+00:00, run_after=2025-01-18T17:10:31.063047+00:00
[2025-01-18 14:10:31,112] {processor.py:161} INFO - Processing /mnt/c/Users/ander/Desktop/airflow-spark/airflow-spark/curso2/virtualenviroment/lib/python3.9/site-packages/airflow/example_dags/example_skip_dag.py took 0.146 seconds
[2025-01-18 14:11:15,321] {processor.py:153} INFO - Started process (PID=12411) to work on /mnt/c/Users/ander/Desktop/airflow-spark/airflow-spark/curso2/virtualenviroment/lib/python3.9/site-packages/airflow/example_dags/example_skip_dag.py
[2025-01-18 14:11:15,323] {processor.py:641} INFO - Processing file /mnt/c/Users/ander/Desktop/airflow-spark/airflow-spark/curso2/virtualenviroment/lib/python3.9/site-packages/airflow/example_dags/example_skip_dag.py for tasks to queue
[2025-01-18 14:11:15,324] {logging_mixin.py:115} INFO - [2025-01-18 14:11:15,324] {dagbag.py:507} INFO - Filling up the DagBag from /mnt/c/Users/ander/Desktop/airflow-spark/airflow-spark/curso2/virtualenviroment/lib/python3.9/site-packages/airflow/example_dags/example_skip_dag.py
[2025-01-18 14:11:15,369] {processor.py:651} INFO - DAG(s) dict_keys(['example_skip_dag']) retrieved from /mnt/c/Users/ander/Desktop/airflow-spark/airflow-spark/curso2/virtualenviroment/lib/python3.9/site-packages/airflow/example_dags/example_skip_dag.py
[2025-01-18 14:11:15,424] {logging_mixin.py:115} INFO - [2025-01-18 14:11:15,424] {dag.py:2379} INFO - Sync 1 DAGs
[2025-01-18 14:11:15,488] {logging_mixin.py:115} INFO - [2025-01-18 14:11:15,488] {dag.py:2927} INFO - Setting next_dagrun for example_skip_dag to 2025-01-17T17:11:15.488198+00:00, run_after=2025-01-18T17:11:15.488198+00:00
[2025-01-18 14:11:15,578] {processor.py:161} INFO - Processing /mnt/c/Users/ander/Desktop/airflow-spark/airflow-spark/curso2/virtualenviroment/lib/python3.9/site-packages/airflow/example_dags/example_skip_dag.py took 0.281 seconds
[2025-01-18 14:12:00,930] {processor.py:153} INFO - Started process (PID=12631) to work on /mnt/c/Users/ander/Desktop/airflow-spark/airflow-spark/curso2/virtualenviroment/lib/python3.9/site-packages/airflow/example_dags/example_skip_dag.py
[2025-01-18 14:12:00,932] {processor.py:641} INFO - Processing file /mnt/c/Users/ander/Desktop/airflow-spark/airflow-spark/curso2/virtualenviroment/lib/python3.9/site-packages/airflow/example_dags/example_skip_dag.py for tasks to queue
[2025-01-18 14:12:00,933] {logging_mixin.py:115} INFO - [2025-01-18 14:12:00,933] {dagbag.py:507} INFO - Filling up the DagBag from /mnt/c/Users/ander/Desktop/airflow-spark/airflow-spark/curso2/virtualenviroment/lib/python3.9/site-packages/airflow/example_dags/example_skip_dag.py
[2025-01-18 14:12:00,961] {processor.py:651} INFO - DAG(s) dict_keys(['example_skip_dag']) retrieved from /mnt/c/Users/ander/Desktop/airflow-spark/airflow-spark/curso2/virtualenviroment/lib/python3.9/site-packages/airflow/example_dags/example_skip_dag.py
[2025-01-18 14:12:01,002] {logging_mixin.py:115} INFO - [2025-01-18 14:12:01,002] {dag.py:2379} INFO - Sync 1 DAGs
[2025-01-18 14:12:01,035] {logging_mixin.py:115} INFO - [2025-01-18 14:12:01,034] {dag.py:2927} INFO - Setting next_dagrun for example_skip_dag to 2025-01-17T17:12:01.034561+00:00, run_after=2025-01-18T17:12:01.034561+00:00
[2025-01-18 14:12:01,084] {processor.py:161} INFO - Processing /mnt/c/Users/ander/Desktop/airflow-spark/airflow-spark/curso2/virtualenviroment/lib/python3.9/site-packages/airflow/example_dags/example_skip_dag.py took 0.157 seconds
[2025-01-18 14:12:44,739] {processor.py:153} INFO - Started process (PID=13005) to work on /mnt/c/Users/ander/Desktop/airflow-spark/airflow-spark/curso2/virtualenviroment/lib/python3.9/site-packages/airflow/example_dags/example_skip_dag.py
[2025-01-18 14:12:44,740] {processor.py:641} INFO - Processing file /mnt/c/Users/ander/Desktop/airflow-spark/airflow-spark/curso2/virtualenviroment/lib/python3.9/site-packages/airflow/example_dags/example_skip_dag.py for tasks to queue
[2025-01-18 14:12:44,741] {logging_mixin.py:115} INFO - [2025-01-18 14:12:44,741] {dagbag.py:507} INFO - Filling up the DagBag from /mnt/c/Users/ander/Desktop/airflow-spark/airflow-spark/curso2/virtualenviroment/lib/python3.9/site-packages/airflow/example_dags/example_skip_dag.py
[2025-01-18 14:12:44,773] {processor.py:651} INFO - DAG(s) dict_keys(['example_skip_dag']) retrieved from /mnt/c/Users/ander/Desktop/airflow-spark/airflow-spark/curso2/virtualenviroment/lib/python3.9/site-packages/airflow/example_dags/example_skip_dag.py
[2025-01-18 14:12:44,821] {logging_mixin.py:115} INFO - [2025-01-18 14:12:44,821] {dag.py:2379} INFO - Sync 1 DAGs
[2025-01-18 14:12:44,852] {logging_mixin.py:115} INFO - [2025-01-18 14:12:44,852] {dag.py:2927} INFO - Setting next_dagrun for example_skip_dag to 2025-01-17T17:12:44.852150+00:00, run_after=2025-01-18T17:12:44.852150+00:00
[2025-01-18 14:12:44,907] {processor.py:161} INFO - Processing /mnt/c/Users/ander/Desktop/airflow-spark/airflow-spark/curso2/virtualenviroment/lib/python3.9/site-packages/airflow/example_dags/example_skip_dag.py took 0.172 seconds
[2025-01-18 14:13:30,288] {processor.py:153} INFO - Started process (PID=13291) to work on /mnt/c/Users/ander/Desktop/airflow-spark/airflow-spark/curso2/virtualenviroment/lib/python3.9/site-packages/airflow/example_dags/example_skip_dag.py
[2025-01-18 14:13:30,289] {processor.py:641} INFO - Processing file /mnt/c/Users/ander/Desktop/airflow-spark/airflow-spark/curso2/virtualenviroment/lib/python3.9/site-packages/airflow/example_dags/example_skip_dag.py for tasks to queue
[2025-01-18 14:13:30,290] {logging_mixin.py:115} INFO - [2025-01-18 14:13:30,290] {dagbag.py:507} INFO - Filling up the DagBag from /mnt/c/Users/ander/Desktop/airflow-spark/airflow-spark/curso2/virtualenviroment/lib/python3.9/site-packages/airflow/example_dags/example_skip_dag.py
[2025-01-18 14:13:30,315] {processor.py:651} INFO - DAG(s) dict_keys(['example_skip_dag']) retrieved from /mnt/c/Users/ander/Desktop/airflow-spark/airflow-spark/curso2/virtualenviroment/lib/python3.9/site-packages/airflow/example_dags/example_skip_dag.py
[2025-01-18 14:13:30,352] {logging_mixin.py:115} INFO - [2025-01-18 14:13:30,352] {dag.py:2379} INFO - Sync 1 DAGs
[2025-01-18 14:13:30,381] {logging_mixin.py:115} INFO - [2025-01-18 14:13:30,381] {dag.py:2927} INFO - Setting next_dagrun for example_skip_dag to 2025-01-17T17:13:30.381498+00:00, run_after=2025-01-18T17:13:30.381498+00:00
[2025-01-18 14:13:30,430] {processor.py:161} INFO - Processing /mnt/c/Users/ander/Desktop/airflow-spark/airflow-spark/curso2/virtualenviroment/lib/python3.9/site-packages/airflow/example_dags/example_skip_dag.py took 0.146 seconds
[2025-01-18 14:14:18,928] {processor.py:153} INFO - Started process (PID=13521) to work on /mnt/c/Users/ander/Desktop/airflow-spark/airflow-spark/curso2/virtualenviroment/lib/python3.9/site-packages/airflow/example_dags/example_skip_dag.py
[2025-01-18 14:14:18,931] {processor.py:641} INFO - Processing file /mnt/c/Users/ander/Desktop/airflow-spark/airflow-spark/curso2/virtualenviroment/lib/python3.9/site-packages/airflow/example_dags/example_skip_dag.py for tasks to queue
[2025-01-18 14:14:18,933] {logging_mixin.py:115} INFO - [2025-01-18 14:14:18,933] {dagbag.py:507} INFO - Filling up the DagBag from /mnt/c/Users/ander/Desktop/airflow-spark/airflow-spark/curso2/virtualenviroment/lib/python3.9/site-packages/airflow/example_dags/example_skip_dag.py
[2025-01-18 14:14:18,969] {processor.py:651} INFO - DAG(s) dict_keys(['example_skip_dag']) retrieved from /mnt/c/Users/ander/Desktop/airflow-spark/airflow-spark/curso2/virtualenviroment/lib/python3.9/site-packages/airflow/example_dags/example_skip_dag.py
[2025-01-18 14:14:19,018] {logging_mixin.py:115} INFO - [2025-01-18 14:14:19,017] {dag.py:2379} INFO - Sync 1 DAGs
[2025-01-18 14:14:19,055] {logging_mixin.py:115} INFO - [2025-01-18 14:14:19,055] {dag.py:2927} INFO - Setting next_dagrun for example_skip_dag to 2025-01-17T17:14:19.055435+00:00, run_after=2025-01-18T17:14:19.055435+00:00
[2025-01-18 14:14:19,118] {processor.py:161} INFO - Processing /mnt/c/Users/ander/Desktop/airflow-spark/airflow-spark/curso2/virtualenviroment/lib/python3.9/site-packages/airflow/example_dags/example_skip_dag.py took 0.195 seconds
