[2025-01-18 14:10:03,683] {processor.py:153} INFO - Started process (PID=12094) to work on /mnt/c/Users/ander/Desktop/airflow-spark/airflow-spark/curso2/virtualenviroment/lib/python3.9/site-packages/airflow/example_dags/example_branch_python_dop_operator_3.py
[2025-01-18 14:10:03,684] {processor.py:641} INFO - Processing file /mnt/c/Users/ander/Desktop/airflow-spark/airflow-spark/curso2/virtualenviroment/lib/python3.9/site-packages/airflow/example_dags/example_branch_python_dop_operator_3.py for tasks to queue
[2025-01-18 14:10:03,685] {logging_mixin.py:115} INFO - [2025-01-18 14:10:03,685] {dagbag.py:507} INFO - Filling up the DagBag from /mnt/c/Users/ander/Desktop/airflow-spark/airflow-spark/curso2/virtualenviroment/lib/python3.9/site-packages/airflow/example_dags/example_branch_python_dop_operator_3.py
[2025-01-18 14:10:03,733] {processor.py:651} INFO - DAG(s) dict_keys(['example_branch_dop_operator_v3']) retrieved from /mnt/c/Users/ander/Desktop/airflow-spark/airflow-spark/curso2/virtualenviroment/lib/python3.9/site-packages/airflow/example_dags/example_branch_python_dop_operator_3.py
[2025-01-18 14:10:03,808] {logging_mixin.py:115} INFO - [2025-01-18 14:10:03,808] {dag.py:2379} INFO - Sync 1 DAGs
[2025-01-18 14:10:03,839] {logging_mixin.py:115} INFO - [2025-01-18 14:10:03,839] {dag.py:2927} INFO - Setting next_dagrun for example_branch_dop_operator_v3 to 2025-01-18T17:09:00+00:00, run_after=2025-01-18T17:10:00+00:00
[2025-01-18 14:10:03,889] {processor.py:161} INFO - Processing /mnt/c/Users/ander/Desktop/airflow-spark/airflow-spark/curso2/virtualenviroment/lib/python3.9/site-packages/airflow/example_dags/example_branch_python_dop_operator_3.py took 0.210 seconds
[2025-01-18 14:10:46,746] {processor.py:153} INFO - Started process (PID=12255) to work on /mnt/c/Users/ander/Desktop/airflow-spark/airflow-spark/curso2/virtualenviroment/lib/python3.9/site-packages/airflow/example_dags/example_branch_python_dop_operator_3.py
[2025-01-18 14:10:46,747] {processor.py:641} INFO - Processing file /mnt/c/Users/ander/Desktop/airflow-spark/airflow-spark/curso2/virtualenviroment/lib/python3.9/site-packages/airflow/example_dags/example_branch_python_dop_operator_3.py for tasks to queue
[2025-01-18 14:10:46,748] {logging_mixin.py:115} INFO - [2025-01-18 14:10:46,748] {dagbag.py:507} INFO - Filling up the DagBag from /mnt/c/Users/ander/Desktop/airflow-spark/airflow-spark/curso2/virtualenviroment/lib/python3.9/site-packages/airflow/example_dags/example_branch_python_dop_operator_3.py
[2025-01-18 14:10:46,795] {processor.py:651} INFO - DAG(s) dict_keys(['example_branch_dop_operator_v3']) retrieved from /mnt/c/Users/ander/Desktop/airflow-spark/airflow-spark/curso2/virtualenviroment/lib/python3.9/site-packages/airflow/example_dags/example_branch_python_dop_operator_3.py
[2025-01-18 14:10:46,830] {logging_mixin.py:115} INFO - [2025-01-18 14:10:46,830] {dag.py:2379} INFO - Sync 1 DAGs
[2025-01-18 14:10:46,867] {logging_mixin.py:115} INFO - [2025-01-18 14:10:46,867] {dag.py:2927} INFO - Setting next_dagrun for example_branch_dop_operator_v3 to 2025-01-18T17:09:00+00:00, run_after=2025-01-18T17:10:00+00:00
[2025-01-18 14:10:46,910] {processor.py:161} INFO - Processing /mnt/c/Users/ander/Desktop/airflow-spark/airflow-spark/curso2/virtualenviroment/lib/python3.9/site-packages/airflow/example_dags/example_branch_python_dop_operator_3.py took 0.168 seconds
[2025-01-18 14:11:31,338] {processor.py:153} INFO - Started process (PID=12524) to work on /mnt/c/Users/ander/Desktop/airflow-spark/airflow-spark/curso2/virtualenviroment/lib/python3.9/site-packages/airflow/example_dags/example_branch_python_dop_operator_3.py
[2025-01-18 14:11:31,339] {processor.py:641} INFO - Processing file /mnt/c/Users/ander/Desktop/airflow-spark/airflow-spark/curso2/virtualenviroment/lib/python3.9/site-packages/airflow/example_dags/example_branch_python_dop_operator_3.py for tasks to queue
[2025-01-18 14:11:31,340] {logging_mixin.py:115} INFO - [2025-01-18 14:11:31,340] {dagbag.py:507} INFO - Filling up the DagBag from /mnt/c/Users/ander/Desktop/airflow-spark/airflow-spark/curso2/virtualenviroment/lib/python3.9/site-packages/airflow/example_dags/example_branch_python_dop_operator_3.py
[2025-01-18 14:11:31,385] {processor.py:651} INFO - DAG(s) dict_keys(['example_branch_dop_operator_v3']) retrieved from /mnt/c/Users/ander/Desktop/airflow-spark/airflow-spark/curso2/virtualenviroment/lib/python3.9/site-packages/airflow/example_dags/example_branch_python_dop_operator_3.py
[2025-01-18 14:11:31,424] {logging_mixin.py:115} INFO - [2025-01-18 14:11:31,424] {dag.py:2379} INFO - Sync 1 DAGs
[2025-01-18 14:11:31,468] {logging_mixin.py:115} INFO - [2025-01-18 14:11:31,468] {dag.py:2927} INFO - Setting next_dagrun for example_branch_dop_operator_v3 to 2025-01-18T17:10:00+00:00, run_after=2025-01-18T17:11:00+00:00
[2025-01-18 14:11:31,511] {processor.py:161} INFO - Processing /mnt/c/Users/ander/Desktop/airflow-spark/airflow-spark/curso2/virtualenviroment/lib/python3.9/site-packages/airflow/example_dags/example_branch_python_dop_operator_3.py took 0.177 seconds
[2025-01-18 14:12:17,117] {processor.py:153} INFO - Started process (PID=12692) to work on /mnt/c/Users/ander/Desktop/airflow-spark/airflow-spark/curso2/virtualenviroment/lib/python3.9/site-packages/airflow/example_dags/example_branch_python_dop_operator_3.py
[2025-01-18 14:12:17,118] {processor.py:641} INFO - Processing file /mnt/c/Users/ander/Desktop/airflow-spark/airflow-spark/curso2/virtualenviroment/lib/python3.9/site-packages/airflow/example_dags/example_branch_python_dop_operator_3.py for tasks to queue
[2025-01-18 14:12:17,119] {logging_mixin.py:115} INFO - [2025-01-18 14:12:17,119] {dagbag.py:507} INFO - Filling up the DagBag from /mnt/c/Users/ander/Desktop/airflow-spark/airflow-spark/curso2/virtualenviroment/lib/python3.9/site-packages/airflow/example_dags/example_branch_python_dop_operator_3.py
[2025-01-18 14:12:17,173] {processor.py:651} INFO - DAG(s) dict_keys(['example_branch_dop_operator_v3']) retrieved from /mnt/c/Users/ander/Desktop/airflow-spark/airflow-spark/curso2/virtualenviroment/lib/python3.9/site-packages/airflow/example_dags/example_branch_python_dop_operator_3.py
[2025-01-18 14:12:17,218] {logging_mixin.py:115} INFO - [2025-01-18 14:12:17,217] {dag.py:2379} INFO - Sync 1 DAGs
[2025-01-18 14:12:17,259] {logging_mixin.py:115} INFO - [2025-01-18 14:12:17,259] {dag.py:2927} INFO - Setting next_dagrun for example_branch_dop_operator_v3 to 2025-01-18T17:11:00+00:00, run_after=2025-01-18T17:12:00+00:00
[2025-01-18 14:12:17,303] {processor.py:161} INFO - Processing /mnt/c/Users/ander/Desktop/airflow-spark/airflow-spark/curso2/virtualenviroment/lib/python3.9/site-packages/airflow/example_dags/example_branch_python_dop_operator_3.py took 0.190 seconds
[2025-01-18 14:13:01,513] {processor.py:153} INFO - Started process (PID=13066) to work on /mnt/c/Users/ander/Desktop/airflow-spark/airflow-spark/curso2/virtualenviroment/lib/python3.9/site-packages/airflow/example_dags/example_branch_python_dop_operator_3.py
[2025-01-18 14:13:01,519] {processor.py:641} INFO - Processing file /mnt/c/Users/ander/Desktop/airflow-spark/airflow-spark/curso2/virtualenviroment/lib/python3.9/site-packages/airflow/example_dags/example_branch_python_dop_operator_3.py for tasks to queue
[2025-01-18 14:13:01,520] {logging_mixin.py:115} INFO - [2025-01-18 14:13:01,520] {dagbag.py:507} INFO - Filling up the DagBag from /mnt/c/Users/ander/Desktop/airflow-spark/airflow-spark/curso2/virtualenviroment/lib/python3.9/site-packages/airflow/example_dags/example_branch_python_dop_operator_3.py
[2025-01-18 14:13:01,576] {processor.py:651} INFO - DAG(s) dict_keys(['example_branch_dop_operator_v3']) retrieved from /mnt/c/Users/ander/Desktop/airflow-spark/airflow-spark/curso2/virtualenviroment/lib/python3.9/site-packages/airflow/example_dags/example_branch_python_dop_operator_3.py
[2025-01-18 14:13:01,612] {logging_mixin.py:115} INFO - [2025-01-18 14:13:01,612] {dag.py:2379} INFO - Sync 1 DAGs
[2025-01-18 14:13:01,657] {logging_mixin.py:115} INFO - [2025-01-18 14:13:01,656] {dag.py:2927} INFO - Setting next_dagrun for example_branch_dop_operator_v3 to 2025-01-18T17:12:00+00:00, run_after=2025-01-18T17:13:00+00:00
[2025-01-18 14:13:01,709] {processor.py:161} INFO - Processing /mnt/c/Users/ander/Desktop/airflow-spark/airflow-spark/curso2/virtualenviroment/lib/python3.9/site-packages/airflow/example_dags/example_branch_python_dop_operator_3.py took 0.202 seconds
[2025-01-18 14:13:50,840] {processor.py:153} INFO - Started process (PID=13367) to work on /mnt/c/Users/ander/Desktop/airflow-spark/airflow-spark/curso2/virtualenviroment/lib/python3.9/site-packages/airflow/example_dags/example_branch_python_dop_operator_3.py
[2025-01-18 14:13:50,846] {processor.py:641} INFO - Processing file /mnt/c/Users/ander/Desktop/airflow-spark/airflow-spark/curso2/virtualenviroment/lib/python3.9/site-packages/airflow/example_dags/example_branch_python_dop_operator_3.py for tasks to queue
[2025-01-18 14:13:50,847] {logging_mixin.py:115} INFO - [2025-01-18 14:13:50,847] {dagbag.py:507} INFO - Filling up the DagBag from /mnt/c/Users/ander/Desktop/airflow-spark/airflow-spark/curso2/virtualenviroment/lib/python3.9/site-packages/airflow/example_dags/example_branch_python_dop_operator_3.py
[2025-01-18 14:13:50,903] {processor.py:651} INFO - DAG(s) dict_keys(['example_branch_dop_operator_v3']) retrieved from /mnt/c/Users/ander/Desktop/airflow-spark/airflow-spark/curso2/virtualenviroment/lib/python3.9/site-packages/airflow/example_dags/example_branch_python_dop_operator_3.py
[2025-01-18 14:13:50,943] {logging_mixin.py:115} INFO - [2025-01-18 14:13:50,943] {dag.py:2379} INFO - Sync 1 DAGs
[2025-01-18 14:13:50,981] {logging_mixin.py:115} INFO - [2025-01-18 14:13:50,981] {dag.py:2927} INFO - Setting next_dagrun for example_branch_dop_operator_v3 to 2025-01-18T17:12:00+00:00, run_after=2025-01-18T17:13:00+00:00
[2025-01-18 14:13:51,032] {processor.py:161} INFO - Processing /mnt/c/Users/ander/Desktop/airflow-spark/airflow-spark/curso2/virtualenviroment/lib/python3.9/site-packages/airflow/example_dags/example_branch_python_dop_operator_3.py took 0.196 seconds
