[2025-01-18 14:09:36,581] {processor.py:153} INFO - Started process (PID=11944) to work on /mnt/c/Users/ander/Desktop/airflow-spark/airflow-spark/curso2/virtualenviroment/lib/python3.9/site-packages/airflow/example_dags/example_xcomargs.py
[2025-01-18 14:09:36,582] {processor.py:641} INFO - Processing file /mnt/c/Users/ander/Desktop/airflow-spark/airflow-spark/curso2/virtualenviroment/lib/python3.9/site-packages/airflow/example_dags/example_xcomargs.py for tasks to queue
[2025-01-18 14:09:36,583] {logging_mixin.py:115} INFO - [2025-01-18 14:09:36,583] {dagbag.py:507} INFO - Filling up the DagBag from /mnt/c/Users/ander/Desktop/airflow-spark/airflow-spark/curso2/virtualenviroment/lib/python3.9/site-packages/airflow/example_dags/example_xcomargs.py
[2025-01-18 14:09:36,712] {processor.py:651} INFO - DAG(s) dict_keys(['example_xcom_args', 'example_xcom_args_with_operators']) retrieved from /mnt/c/Users/ander/Desktop/airflow-spark/airflow-spark/curso2/virtualenviroment/lib/python3.9/site-packages/airflow/example_dags/example_xcomargs.py
[2025-01-18 14:09:36,807] {logging_mixin.py:115} INFO - [2025-01-18 14:09:36,807] {dag.py:2379} INFO - Sync 2 DAGs
[2025-01-18 14:09:36,832] {logging_mixin.py:115} INFO - [2025-01-18 14:09:36,832] {dag.py:2927} INFO - Setting next_dagrun for example_xcom_args to None, run_after=None
[2025-01-18 14:09:36,832] {logging_mixin.py:115} INFO - [2025-01-18 14:09:36,832] {dag.py:2927} INFO - Setting next_dagrun for example_xcom_args_with_operators to None, run_after=None
[2025-01-18 14:09:36,885] {processor.py:161} INFO - Processing /mnt/c/Users/ander/Desktop/airflow-spark/airflow-spark/curso2/virtualenviroment/lib/python3.9/site-packages/airflow/example_dags/example_xcomargs.py took 0.308 seconds
[2025-01-18 14:10:19,787] {processor.py:153} INFO - Started process (PID=12156) to work on /mnt/c/Users/ander/Desktop/airflow-spark/airflow-spark/curso2/virtualenviroment/lib/python3.9/site-packages/airflow/example_dags/example_xcomargs.py
[2025-01-18 14:10:19,788] {processor.py:641} INFO - Processing file /mnt/c/Users/ander/Desktop/airflow-spark/airflow-spark/curso2/virtualenviroment/lib/python3.9/site-packages/airflow/example_dags/example_xcomargs.py for tasks to queue
[2025-01-18 14:10:19,789] {logging_mixin.py:115} INFO - [2025-01-18 14:10:19,789] {dagbag.py:507} INFO - Filling up the DagBag from /mnt/c/Users/ander/Desktop/airflow-spark/airflow-spark/curso2/virtualenviroment/lib/python3.9/site-packages/airflow/example_dags/example_xcomargs.py
[2025-01-18 14:10:19,938] {processor.py:651} INFO - DAG(s) dict_keys(['example_xcom_args', 'example_xcom_args_with_operators']) retrieved from /mnt/c/Users/ander/Desktop/airflow-spark/airflow-spark/curso2/virtualenviroment/lib/python3.9/site-packages/airflow/example_dags/example_xcomargs.py
[2025-01-18 14:10:20,027] {logging_mixin.py:115} INFO - [2025-01-18 14:10:20,027] {dag.py:2379} INFO - Sync 2 DAGs
[2025-01-18 14:10:20,053] {logging_mixin.py:115} INFO - [2025-01-18 14:10:20,053] {dag.py:2927} INFO - Setting next_dagrun for example_xcom_args to None, run_after=None
[2025-01-18 14:10:20,054] {logging_mixin.py:115} INFO - [2025-01-18 14:10:20,054] {dag.py:2927} INFO - Setting next_dagrun for example_xcom_args_with_operators to None, run_after=None
[2025-01-18 14:10:20,107] {processor.py:161} INFO - Processing /mnt/c/Users/ander/Desktop/airflow-spark/airflow-spark/curso2/virtualenviroment/lib/python3.9/site-packages/airflow/example_dags/example_xcomargs.py took 0.323 seconds
[2025-01-18 14:10:57,851] {processor.py:153} INFO - Started process (PID=12296) to work on /mnt/c/Users/ander/Desktop/airflow-spark/airflow-spark/curso2/virtualenviroment/lib/python3.9/site-packages/airflow/example_dags/example_xcomargs.py
[2025-01-18 14:10:57,852] {processor.py:641} INFO - Processing file /mnt/c/Users/ander/Desktop/airflow-spark/airflow-spark/curso2/virtualenviroment/lib/python3.9/site-packages/airflow/example_dags/example_xcomargs.py for tasks to queue
[2025-01-18 14:10:57,853] {logging_mixin.py:115} INFO - [2025-01-18 14:10:57,853] {dagbag.py:507} INFO - Filling up the DagBag from /mnt/c/Users/ander/Desktop/airflow-spark/airflow-spark/curso2/virtualenviroment/lib/python3.9/site-packages/airflow/example_dags/example_xcomargs.py
[2025-01-18 14:10:58,007] {processor.py:651} INFO - DAG(s) dict_keys(['example_xcom_args', 'example_xcom_args_with_operators']) retrieved from /mnt/c/Users/ander/Desktop/airflow-spark/airflow-spark/curso2/virtualenviroment/lib/python3.9/site-packages/airflow/example_dags/example_xcomargs.py
[2025-01-18 14:10:58,055] {logging_mixin.py:115} INFO - [2025-01-18 14:10:58,055] {dag.py:2379} INFO - Sync 2 DAGs
[2025-01-18 14:10:58,086] {logging_mixin.py:115} INFO - [2025-01-18 14:10:58,086] {dag.py:2927} INFO - Setting next_dagrun for example_xcom_args to None, run_after=None
[2025-01-18 14:10:58,086] {logging_mixin.py:115} INFO - [2025-01-18 14:10:58,086] {dag.py:2927} INFO - Setting next_dagrun for example_xcom_args_with_operators to None, run_after=None
[2025-01-18 14:10:58,139] {processor.py:161} INFO - Processing /mnt/c/Users/ander/Desktop/airflow-spark/airflow-spark/curso2/virtualenviroment/lib/python3.9/site-packages/airflow/example_dags/example_xcomargs.py took 0.292 seconds
[2025-01-18 14:11:40,708] {processor.py:153} INFO - Started process (PID=12556) to work on /mnt/c/Users/ander/Desktop/airflow-spark/airflow-spark/curso2/virtualenviroment/lib/python3.9/site-packages/airflow/example_dags/example_xcomargs.py
[2025-01-18 14:11:40,710] {processor.py:641} INFO - Processing file /mnt/c/Users/ander/Desktop/airflow-spark/airflow-spark/curso2/virtualenviroment/lib/python3.9/site-packages/airflow/example_dags/example_xcomargs.py for tasks to queue
[2025-01-18 14:11:40,711] {logging_mixin.py:115} INFO - [2025-01-18 14:11:40,710] {dagbag.py:507} INFO - Filling up the DagBag from /mnt/c/Users/ander/Desktop/airflow-spark/airflow-spark/curso2/virtualenviroment/lib/python3.9/site-packages/airflow/example_dags/example_xcomargs.py
[2025-01-18 14:11:40,861] {processor.py:651} INFO - DAG(s) dict_keys(['example_xcom_args', 'example_xcom_args_with_operators']) retrieved from /mnt/c/Users/ander/Desktop/airflow-spark/airflow-spark/curso2/virtualenviroment/lib/python3.9/site-packages/airflow/example_dags/example_xcomargs.py
[2025-01-18 14:11:40,951] {logging_mixin.py:115} INFO - [2025-01-18 14:11:40,951] {dag.py:2379} INFO - Sync 2 DAGs
[2025-01-18 14:11:40,983] {logging_mixin.py:115} INFO - [2025-01-18 14:11:40,983] {dag.py:2927} INFO - Setting next_dagrun for example_xcom_args to None, run_after=None
[2025-01-18 14:11:40,983] {logging_mixin.py:115} INFO - [2025-01-18 14:11:40,983] {dag.py:2927} INFO - Setting next_dagrun for example_xcom_args_with_operators to None, run_after=None
[2025-01-18 14:11:41,034] {processor.py:161} INFO - Processing /mnt/c/Users/ander/Desktop/airflow-spark/airflow-spark/curso2/virtualenviroment/lib/python3.9/site-packages/airflow/example_dags/example_xcomargs.py took 0.329 seconds
[2025-01-18 14:12:25,147] {processor.py:153} INFO - Started process (PID=12723) to work on /mnt/c/Users/ander/Desktop/airflow-spark/airflow-spark/curso2/virtualenviroment/lib/python3.9/site-packages/airflow/example_dags/example_xcomargs.py
[2025-01-18 14:12:25,148] {processor.py:641} INFO - Processing file /mnt/c/Users/ander/Desktop/airflow-spark/airflow-spark/curso2/virtualenviroment/lib/python3.9/site-packages/airflow/example_dags/example_xcomargs.py for tasks to queue
[2025-01-18 14:12:25,149] {logging_mixin.py:115} INFO - [2025-01-18 14:12:25,149] {dagbag.py:507} INFO - Filling up the DagBag from /mnt/c/Users/ander/Desktop/airflow-spark/airflow-spark/curso2/virtualenviroment/lib/python3.9/site-packages/airflow/example_dags/example_xcomargs.py
[2025-01-18 14:12:25,318] {processor.py:651} INFO - DAG(s) dict_keys(['example_xcom_args', 'example_xcom_args_with_operators']) retrieved from /mnt/c/Users/ander/Desktop/airflow-spark/airflow-spark/curso2/virtualenviroment/lib/python3.9/site-packages/airflow/example_dags/example_xcomargs.py
[2025-01-18 14:12:25,407] {logging_mixin.py:115} INFO - [2025-01-18 14:12:25,407] {dag.py:2379} INFO - Sync 2 DAGs
[2025-01-18 14:12:25,433] {logging_mixin.py:115} INFO - [2025-01-18 14:12:25,433] {dag.py:2927} INFO - Setting next_dagrun for example_xcom_args to None, run_after=None
[2025-01-18 14:12:25,434] {logging_mixin.py:115} INFO - [2025-01-18 14:12:25,434] {dag.py:2927} INFO - Setting next_dagrun for example_xcom_args_with_operators to None, run_after=None
[2025-01-18 14:12:25,487] {processor.py:161} INFO - Processing /mnt/c/Users/ander/Desktop/airflow-spark/airflow-spark/curso2/virtualenviroment/lib/python3.9/site-packages/airflow/example_dags/example_xcomargs.py took 0.344 seconds
[2025-01-18 14:13:09,095] {processor.py:153} INFO - Started process (PID=13096) to work on /mnt/c/Users/ander/Desktop/airflow-spark/airflow-spark/curso2/virtualenviroment/lib/python3.9/site-packages/airflow/example_dags/example_xcomargs.py
[2025-01-18 14:13:09,096] {processor.py:641} INFO - Processing file /mnt/c/Users/ander/Desktop/airflow-spark/airflow-spark/curso2/virtualenviroment/lib/python3.9/site-packages/airflow/example_dags/example_xcomargs.py for tasks to queue
[2025-01-18 14:13:09,097] {logging_mixin.py:115} INFO - [2025-01-18 14:13:09,097] {dagbag.py:507} INFO - Filling up the DagBag from /mnt/c/Users/ander/Desktop/airflow-spark/airflow-spark/curso2/virtualenviroment/lib/python3.9/site-packages/airflow/example_dags/example_xcomargs.py
[2025-01-18 14:13:09,230] {processor.py:651} INFO - DAG(s) dict_keys(['example_xcom_args', 'example_xcom_args_with_operators']) retrieved from /mnt/c/Users/ander/Desktop/airflow-spark/airflow-spark/curso2/virtualenviroment/lib/python3.9/site-packages/airflow/example_dags/example_xcomargs.py
[2025-01-18 14:13:09,316] {logging_mixin.py:115} INFO - [2025-01-18 14:13:09,316] {dag.py:2379} INFO - Sync 2 DAGs
[2025-01-18 14:13:09,342] {logging_mixin.py:115} INFO - [2025-01-18 14:13:09,342] {dag.py:2927} INFO - Setting next_dagrun for example_xcom_args to None, run_after=None
[2025-01-18 14:13:09,342] {logging_mixin.py:115} INFO - [2025-01-18 14:13:09,342] {dag.py:2927} INFO - Setting next_dagrun for example_xcom_args_with_operators to None, run_after=None
[2025-01-18 14:13:09,392] {processor.py:161} INFO - Processing /mnt/c/Users/ander/Desktop/airflow-spark/airflow-spark/curso2/virtualenviroment/lib/python3.9/site-packages/airflow/example_dags/example_xcomargs.py took 0.301 seconds
[2025-01-18 14:13:55,736] {processor.py:153} INFO - Started process (PID=13383) to work on /mnt/c/Users/ander/Desktop/airflow-spark/airflow-spark/curso2/virtualenviroment/lib/python3.9/site-packages/airflow/example_dags/example_xcomargs.py
[2025-01-18 14:13:55,737] {processor.py:641} INFO - Processing file /mnt/c/Users/ander/Desktop/airflow-spark/airflow-spark/curso2/virtualenviroment/lib/python3.9/site-packages/airflow/example_dags/example_xcomargs.py for tasks to queue
[2025-01-18 14:13:55,739] {logging_mixin.py:115} INFO - [2025-01-18 14:13:55,738] {dagbag.py:507} INFO - Filling up the DagBag from /mnt/c/Users/ander/Desktop/airflow-spark/airflow-spark/curso2/virtualenviroment/lib/python3.9/site-packages/airflow/example_dags/example_xcomargs.py
[2025-01-18 14:13:55,865] {processor.py:651} INFO - DAG(s) dict_keys(['example_xcom_args', 'example_xcom_args_with_operators']) retrieved from /mnt/c/Users/ander/Desktop/airflow-spark/airflow-spark/curso2/virtualenviroment/lib/python3.9/site-packages/airflow/example_dags/example_xcomargs.py
[2025-01-18 14:13:55,950] {logging_mixin.py:115} INFO - [2025-01-18 14:13:55,950] {dag.py:2379} INFO - Sync 2 DAGs
[2025-01-18 14:13:55,978] {logging_mixin.py:115} INFO - [2025-01-18 14:13:55,978] {dag.py:2927} INFO - Setting next_dagrun for example_xcom_args to None, run_after=None
[2025-01-18 14:13:55,979] {logging_mixin.py:115} INFO - [2025-01-18 14:13:55,979] {dag.py:2927} INFO - Setting next_dagrun for example_xcom_args_with_operators to None, run_after=None
[2025-01-18 14:13:56,023] {processor.py:161} INFO - Processing /mnt/c/Users/ander/Desktop/airflow-spark/airflow-spark/curso2/virtualenviroment/lib/python3.9/site-packages/airflow/example_dags/example_xcomargs.py took 0.291 seconds
