[2025-01-18 14:09:58,351] {processor.py:153} INFO - Started process (PID=12072) to work on /mnt/c/Users/ander/Desktop/airflow-spark/airflow-spark/curso2/virtualenviroment/lib/python3.9/site-packages/airflow/example_dags/example_kubernetes_executor.py
[2025-01-18 14:09:58,352] {processor.py:641} INFO - Processing file /mnt/c/Users/ander/Desktop/airflow-spark/airflow-spark/curso2/virtualenviroment/lib/python3.9/site-packages/airflow/example_dags/example_kubernetes_executor.py for tasks to queue
[2025-01-18 14:09:58,354] {logging_mixin.py:115} INFO - [2025-01-18 14:09:58,353] {dagbag.py:507} INFO - Filling up the DagBag from /mnt/c/Users/ander/Desktop/airflow-spark/airflow-spark/curso2/virtualenviroment/lib/python3.9/site-packages/airflow/example_dags/example_kubernetes_executor.py
[2025-01-18 14:09:58,489] {logging_mixin.py:115} INFO - [2025-01-18 14:09:58,489] {example_kubernetes_executor.py:39} WARNING - The example_kubernetes_executor example DAG requires the kubernetes provider. Please install it with: pip install apache-airflow[cncf.kubernetes]
[2025-01-18 14:09:58,490] {processor.py:653} WARNING - No viable dags retrieved from /mnt/c/Users/ander/Desktop/airflow-spark/airflow-spark/curso2/virtualenviroment/lib/python3.9/site-packages/airflow/example_dags/example_kubernetes_executor.py
[2025-01-18 14:09:58,516] {processor.py:161} INFO - Processing /mnt/c/Users/ander/Desktop/airflow-spark/airflow-spark/curso2/virtualenviroment/lib/python3.9/site-packages/airflow/example_dags/example_kubernetes_executor.py took 0.168 seconds
[2025-01-18 14:10:41,740] {processor.py:153} INFO - Started process (PID=12233) to work on /mnt/c/Users/ander/Desktop/airflow-spark/airflow-spark/curso2/virtualenviroment/lib/python3.9/site-packages/airflow/example_dags/example_kubernetes_executor.py
[2025-01-18 14:10:41,742] {processor.py:641} INFO - Processing file /mnt/c/Users/ander/Desktop/airflow-spark/airflow-spark/curso2/virtualenviroment/lib/python3.9/site-packages/airflow/example_dags/example_kubernetes_executor.py for tasks to queue
[2025-01-18 14:10:41,743] {logging_mixin.py:115} INFO - [2025-01-18 14:10:41,742] {dagbag.py:507} INFO - Filling up the DagBag from /mnt/c/Users/ander/Desktop/airflow-spark/airflow-spark/curso2/virtualenviroment/lib/python3.9/site-packages/airflow/example_dags/example_kubernetes_executor.py
[2025-01-18 14:10:41,911] {logging_mixin.py:115} INFO - [2025-01-18 14:10:41,911] {example_kubernetes_executor.py:39} WARNING - The example_kubernetes_executor example DAG requires the kubernetes provider. Please install it with: pip install apache-airflow[cncf.kubernetes]
[2025-01-18 14:10:41,911] {processor.py:653} WARNING - No viable dags retrieved from /mnt/c/Users/ander/Desktop/airflow-spark/airflow-spark/curso2/virtualenviroment/lib/python3.9/site-packages/airflow/example_dags/example_kubernetes_executor.py
[2025-01-18 14:10:41,941] {processor.py:161} INFO - Processing /mnt/c/Users/ander/Desktop/airflow-spark/airflow-spark/curso2/virtualenviroment/lib/python3.9/site-packages/airflow/example_dags/example_kubernetes_executor.py took 0.204 seconds
[2025-01-18 14:11:25,875] {processor.py:153} INFO - Started process (PID=12502) to work on /mnt/c/Users/ander/Desktop/airflow-spark/airflow-spark/curso2/virtualenviroment/lib/python3.9/site-packages/airflow/example_dags/example_kubernetes_executor.py
[2025-01-18 14:11:25,877] {processor.py:641} INFO - Processing file /mnt/c/Users/ander/Desktop/airflow-spark/airflow-spark/curso2/virtualenviroment/lib/python3.9/site-packages/airflow/example_dags/example_kubernetes_executor.py for tasks to queue
[2025-01-18 14:11:25,882] {logging_mixin.py:115} INFO - [2025-01-18 14:11:25,882] {dagbag.py:507} INFO - Filling up the DagBag from /mnt/c/Users/ander/Desktop/airflow-spark/airflow-spark/curso2/virtualenviroment/lib/python3.9/site-packages/airflow/example_dags/example_kubernetes_executor.py
[2025-01-18 14:11:26,055] {logging_mixin.py:115} INFO - [2025-01-18 14:11:26,055] {example_kubernetes_executor.py:39} WARNING - The example_kubernetes_executor example DAG requires the kubernetes provider. Please install it with: pip install apache-airflow[cncf.kubernetes]
[2025-01-18 14:11:26,055] {processor.py:653} WARNING - No viable dags retrieved from /mnt/c/Users/ander/Desktop/airflow-spark/airflow-spark/curso2/virtualenviroment/lib/python3.9/site-packages/airflow/example_dags/example_kubernetes_executor.py
[2025-01-18 14:11:26,088] {processor.py:161} INFO - Processing /mnt/c/Users/ander/Desktop/airflow-spark/airflow-spark/curso2/virtualenviroment/lib/python3.9/site-packages/airflow/example_dags/example_kubernetes_executor.py took 0.216 seconds
[2025-01-18 14:12:11,695] {processor.py:153} INFO - Started process (PID=12670) to work on /mnt/c/Users/ander/Desktop/airflow-spark/airflow-spark/curso2/virtualenviroment/lib/python3.9/site-packages/airflow/example_dags/example_kubernetes_executor.py
[2025-01-18 14:12:11,696] {processor.py:641} INFO - Processing file /mnt/c/Users/ander/Desktop/airflow-spark/airflow-spark/curso2/virtualenviroment/lib/python3.9/site-packages/airflow/example_dags/example_kubernetes_executor.py for tasks to queue
[2025-01-18 14:12:11,697] {logging_mixin.py:115} INFO - [2025-01-18 14:12:11,697] {dagbag.py:507} INFO - Filling up the DagBag from /mnt/c/Users/ander/Desktop/airflow-spark/airflow-spark/curso2/virtualenviroment/lib/python3.9/site-packages/airflow/example_dags/example_kubernetes_executor.py
[2025-01-18 14:12:11,861] {logging_mixin.py:115} INFO - [2025-01-18 14:12:11,861] {example_kubernetes_executor.py:39} WARNING - The example_kubernetes_executor example DAG requires the kubernetes provider. Please install it with: pip install apache-airflow[cncf.kubernetes]
[2025-01-18 14:12:11,861] {processor.py:653} WARNING - No viable dags retrieved from /mnt/c/Users/ander/Desktop/airflow-spark/airflow-spark/curso2/virtualenviroment/lib/python3.9/site-packages/airflow/example_dags/example_kubernetes_executor.py
[2025-01-18 14:12:11,892] {processor.py:161} INFO - Processing /mnt/c/Users/ander/Desktop/airflow-spark/airflow-spark/curso2/virtualenviroment/lib/python3.9/site-packages/airflow/example_dags/example_kubernetes_executor.py took 0.200 seconds
[2025-01-18 14:12:56,736] {processor.py:153} INFO - Started process (PID=13050) to work on /mnt/c/Users/ander/Desktop/airflow-spark/airflow-spark/curso2/virtualenviroment/lib/python3.9/site-packages/airflow/example_dags/example_kubernetes_executor.py
[2025-01-18 14:12:56,737] {processor.py:641} INFO - Processing file /mnt/c/Users/ander/Desktop/airflow-spark/airflow-spark/curso2/virtualenviroment/lib/python3.9/site-packages/airflow/example_dags/example_kubernetes_executor.py for tasks to queue
[2025-01-18 14:12:56,739] {logging_mixin.py:115} INFO - [2025-01-18 14:12:56,738] {dagbag.py:507} INFO - Filling up the DagBag from /mnt/c/Users/ander/Desktop/airflow-spark/airflow-spark/curso2/virtualenviroment/lib/python3.9/site-packages/airflow/example_dags/example_kubernetes_executor.py
[2025-01-18 14:12:56,964] {logging_mixin.py:115} INFO - [2025-01-18 14:12:56,964] {example_kubernetes_executor.py:39} WARNING - The example_kubernetes_executor example DAG requires the kubernetes provider. Please install it with: pip install apache-airflow[cncf.kubernetes]
[2025-01-18 14:12:56,965] {processor.py:653} WARNING - No viable dags retrieved from /mnt/c/Users/ander/Desktop/airflow-spark/airflow-spark/curso2/virtualenviroment/lib/python3.9/site-packages/airflow/example_dags/example_kubernetes_executor.py
[2025-01-18 14:12:56,992] {processor.py:161} INFO - Processing /mnt/c/Users/ander/Desktop/airflow-spark/airflow-spark/curso2/virtualenviroment/lib/python3.9/site-packages/airflow/example_dags/example_kubernetes_executor.py took 0.259 seconds
[2025-01-18 14:13:45,181] {processor.py:153} INFO - Started process (PID=13345) to work on /mnt/c/Users/ander/Desktop/airflow-spark/airflow-spark/curso2/virtualenviroment/lib/python3.9/site-packages/airflow/example_dags/example_kubernetes_executor.py
[2025-01-18 14:13:45,182] {processor.py:641} INFO - Processing file /mnt/c/Users/ander/Desktop/airflow-spark/airflow-spark/curso2/virtualenviroment/lib/python3.9/site-packages/airflow/example_dags/example_kubernetes_executor.py for tasks to queue
[2025-01-18 14:13:45,183] {logging_mixin.py:115} INFO - [2025-01-18 14:13:45,183] {dagbag.py:507} INFO - Filling up the DagBag from /mnt/c/Users/ander/Desktop/airflow-spark/airflow-spark/curso2/virtualenviroment/lib/python3.9/site-packages/airflow/example_dags/example_kubernetes_executor.py
[2025-01-18 14:13:45,322] {logging_mixin.py:115} INFO - [2025-01-18 14:13:45,322] {example_kubernetes_executor.py:39} WARNING - The example_kubernetes_executor example DAG requires the kubernetes provider. Please install it with: pip install apache-airflow[cncf.kubernetes]
[2025-01-18 14:13:45,323] {processor.py:653} WARNING - No viable dags retrieved from /mnt/c/Users/ander/Desktop/airflow-spark/airflow-spark/curso2/virtualenviroment/lib/python3.9/site-packages/airflow/example_dags/example_kubernetes_executor.py
[2025-01-18 14:13:45,351] {processor.py:161} INFO - Processing /mnt/c/Users/ander/Desktop/airflow-spark/airflow-spark/curso2/virtualenviroment/lib/python3.9/site-packages/airflow/example_dags/example_kubernetes_executor.py took 0.173 seconds
