[2025-01-18 14:09:33,287] {processor.py:153} INFO - Started process (PID=11900) to work on /mnt/c/Users/ander/Desktop/airflow-spark/airflow-spark/curso2/virtualenviroment/lib/python3.9/site-packages/airflow/example_dags/tutorial_taskflow_api_etl.py
[2025-01-18 14:09:33,288] {processor.py:641} INFO - Processing file /mnt/c/Users/ander/Desktop/airflow-spark/airflow-spark/curso2/virtualenviroment/lib/python3.9/site-packages/airflow/example_dags/tutorial_taskflow_api_etl.py for tasks to queue
[2025-01-18 14:09:33,290] {logging_mixin.py:115} INFO - [2025-01-18 14:09:33,289] {dagbag.py:507} INFO - Filling up the DagBag from /mnt/c/Users/ander/Desktop/airflow-spark/airflow-spark/curso2/virtualenviroment/lib/python3.9/site-packages/airflow/example_dags/tutorial_taskflow_api_etl.py
[2025-01-18 14:09:33,422] {processor.py:651} INFO - DAG(s) dict_keys(['tutorial_taskflow_api_etl']) retrieved from /mnt/c/Users/ander/Desktop/airflow-spark/airflow-spark/curso2/virtualenviroment/lib/python3.9/site-packages/airflow/example_dags/tutorial_taskflow_api_etl.py
[2025-01-18 14:09:33,507] {logging_mixin.py:115} INFO - [2025-01-18 14:09:33,507] {dag.py:2379} INFO - Sync 1 DAGs
[2025-01-18 14:09:33,535] {logging_mixin.py:115} INFO - [2025-01-18 14:09:33,535] {dag.py:2927} INFO - Setting next_dagrun for tutorial_taskflow_api_etl to None, run_after=None
[2025-01-18 14:09:33,594] {processor.py:161} INFO - Processing /mnt/c/Users/ander/Desktop/airflow-spark/airflow-spark/curso2/virtualenviroment/lib/python3.9/site-packages/airflow/example_dags/tutorial_taskflow_api_etl.py took 0.310 seconds
[2025-01-18 14:10:15,868] {processor.py:153} INFO - Started process (PID=12141) to work on /mnt/c/Users/ander/Desktop/airflow-spark/airflow-spark/curso2/virtualenviroment/lib/python3.9/site-packages/airflow/example_dags/tutorial_taskflow_api_etl.py
[2025-01-18 14:10:15,869] {processor.py:641} INFO - Processing file /mnt/c/Users/ander/Desktop/airflow-spark/airflow-spark/curso2/virtualenviroment/lib/python3.9/site-packages/airflow/example_dags/tutorial_taskflow_api_etl.py for tasks to queue
[2025-01-18 14:10:15,870] {logging_mixin.py:115} INFO - [2025-01-18 14:10:15,870] {dagbag.py:507} INFO - Filling up the DagBag from /mnt/c/Users/ander/Desktop/airflow-spark/airflow-spark/curso2/virtualenviroment/lib/python3.9/site-packages/airflow/example_dags/tutorial_taskflow_api_etl.py
[2025-01-18 14:10:15,977] {processor.py:651} INFO - DAG(s) dict_keys(['tutorial_taskflow_api_etl']) retrieved from /mnt/c/Users/ander/Desktop/airflow-spark/airflow-spark/curso2/virtualenviroment/lib/python3.9/site-packages/airflow/example_dags/tutorial_taskflow_api_etl.py
[2025-01-18 14:10:16,053] {logging_mixin.py:115} INFO - [2025-01-18 14:10:16,053] {dag.py:2379} INFO - Sync 1 DAGs
[2025-01-18 14:10:16,077] {logging_mixin.py:115} INFO - [2025-01-18 14:10:16,077] {dag.py:2927} INFO - Setting next_dagrun for tutorial_taskflow_api_etl to None, run_after=None
[2025-01-18 14:10:16,121] {processor.py:161} INFO - Processing /mnt/c/Users/ander/Desktop/airflow-spark/airflow-spark/curso2/virtualenviroment/lib/python3.9/site-packages/airflow/example_dags/tutorial_taskflow_api_etl.py took 0.257 seconds
[2025-01-18 14:10:54,473] {processor.py:153} INFO - Started process (PID=12281) to work on /mnt/c/Users/ander/Desktop/airflow-spark/airflow-spark/curso2/virtualenviroment/lib/python3.9/site-packages/airflow/example_dags/tutorial_taskflow_api_etl.py
[2025-01-18 14:10:54,475] {processor.py:641} INFO - Processing file /mnt/c/Users/ander/Desktop/airflow-spark/airflow-spark/curso2/virtualenviroment/lib/python3.9/site-packages/airflow/example_dags/tutorial_taskflow_api_etl.py for tasks to queue
[2025-01-18 14:10:54,476] {logging_mixin.py:115} INFO - [2025-01-18 14:10:54,475] {dagbag.py:507} INFO - Filling up the DagBag from /mnt/c/Users/ander/Desktop/airflow-spark/airflow-spark/curso2/virtualenviroment/lib/python3.9/site-packages/airflow/example_dags/tutorial_taskflow_api_etl.py
[2025-01-18 14:10:54,607] {processor.py:651} INFO - DAG(s) dict_keys(['tutorial_taskflow_api_etl']) retrieved from /mnt/c/Users/ander/Desktop/airflow-spark/airflow-spark/curso2/virtualenviroment/lib/python3.9/site-packages/airflow/example_dags/tutorial_taskflow_api_etl.py
[2025-01-18 14:10:54,646] {logging_mixin.py:115} INFO - [2025-01-18 14:10:54,646] {dag.py:2379} INFO - Sync 1 DAGs
[2025-01-18 14:10:54,679] {logging_mixin.py:115} INFO - [2025-01-18 14:10:54,679] {dag.py:2927} INFO - Setting next_dagrun for tutorial_taskflow_api_etl to None, run_after=None
[2025-01-18 14:10:54,725] {processor.py:161} INFO - Processing /mnt/c/Users/ander/Desktop/airflow-spark/airflow-spark/curso2/virtualenviroment/lib/python3.9/site-packages/airflow/example_dags/tutorial_taskflow_api_etl.py took 0.255 seconds
[2025-01-18 14:11:36,657] {processor.py:153} INFO - Started process (PID=12541) to work on /mnt/c/Users/ander/Desktop/airflow-spark/airflow-spark/curso2/virtualenviroment/lib/python3.9/site-packages/airflow/example_dags/tutorial_taskflow_api_etl.py
[2025-01-18 14:11:36,658] {processor.py:641} INFO - Processing file /mnt/c/Users/ander/Desktop/airflow-spark/airflow-spark/curso2/virtualenviroment/lib/python3.9/site-packages/airflow/example_dags/tutorial_taskflow_api_etl.py for tasks to queue
[2025-01-18 14:11:36,659] {logging_mixin.py:115} INFO - [2025-01-18 14:11:36,659] {dagbag.py:507} INFO - Filling up the DagBag from /mnt/c/Users/ander/Desktop/airflow-spark/airflow-spark/curso2/virtualenviroment/lib/python3.9/site-packages/airflow/example_dags/tutorial_taskflow_api_etl.py
[2025-01-18 14:11:36,774] {processor.py:651} INFO - DAG(s) dict_keys(['tutorial_taskflow_api_etl']) retrieved from /mnt/c/Users/ander/Desktop/airflow-spark/airflow-spark/curso2/virtualenviroment/lib/python3.9/site-packages/airflow/example_dags/tutorial_taskflow_api_etl.py
[2025-01-18 14:11:36,826] {logging_mixin.py:115} INFO - [2025-01-18 14:11:36,826] {dag.py:2379} INFO - Sync 1 DAGs
[2025-01-18 14:11:36,854] {logging_mixin.py:115} INFO - [2025-01-18 14:11:36,854] {dag.py:2927} INFO - Setting next_dagrun for tutorial_taskflow_api_etl to None, run_after=None
[2025-01-18 14:11:36,901] {processor.py:161} INFO - Processing /mnt/c/Users/ander/Desktop/airflow-spark/airflow-spark/curso2/virtualenviroment/lib/python3.9/site-packages/airflow/example_dags/tutorial_taskflow_api_etl.py took 0.248 seconds
[2025-01-18 14:12:21,819] {processor.py:153} INFO - Started process (PID=12708) to work on /mnt/c/Users/ander/Desktop/airflow-spark/airflow-spark/curso2/virtualenviroment/lib/python3.9/site-packages/airflow/example_dags/tutorial_taskflow_api_etl.py
[2025-01-18 14:12:21,821] {processor.py:641} INFO - Processing file /mnt/c/Users/ander/Desktop/airflow-spark/airflow-spark/curso2/virtualenviroment/lib/python3.9/site-packages/airflow/example_dags/tutorial_taskflow_api_etl.py for tasks to queue
[2025-01-18 14:12:21,822] {logging_mixin.py:115} INFO - [2025-01-18 14:12:21,822] {dagbag.py:507} INFO - Filling up the DagBag from /mnt/c/Users/ander/Desktop/airflow-spark/airflow-spark/curso2/virtualenviroment/lib/python3.9/site-packages/airflow/example_dags/tutorial_taskflow_api_etl.py
[2025-01-18 14:12:21,959] {processor.py:651} INFO - DAG(s) dict_keys(['tutorial_taskflow_api_etl']) retrieved from /mnt/c/Users/ander/Desktop/airflow-spark/airflow-spark/curso2/virtualenviroment/lib/python3.9/site-packages/airflow/example_dags/tutorial_taskflow_api_etl.py
[2025-01-18 14:12:22,042] {logging_mixin.py:115} INFO - [2025-01-18 14:12:22,042] {dag.py:2379} INFO - Sync 1 DAGs
[2025-01-18 14:12:22,069] {logging_mixin.py:115} INFO - [2025-01-18 14:12:22,069] {dag.py:2927} INFO - Setting next_dagrun for tutorial_taskflow_api_etl to None, run_after=None
[2025-01-18 14:12:22,121] {processor.py:161} INFO - Processing /mnt/c/Users/ander/Desktop/airflow-spark/airflow-spark/curso2/virtualenviroment/lib/python3.9/site-packages/airflow/example_dags/tutorial_taskflow_api_etl.py took 0.305 seconds
[2025-01-18 14:13:05,114] {processor.py:153} INFO - Started process (PID=13081) to work on /mnt/c/Users/ander/Desktop/airflow-spark/airflow-spark/curso2/virtualenviroment/lib/python3.9/site-packages/airflow/example_dags/tutorial_taskflow_api_etl.py
[2025-01-18 14:13:05,115] {processor.py:641} INFO - Processing file /mnt/c/Users/ander/Desktop/airflow-spark/airflow-spark/curso2/virtualenviroment/lib/python3.9/site-packages/airflow/example_dags/tutorial_taskflow_api_etl.py for tasks to queue
[2025-01-18 14:13:05,116] {logging_mixin.py:115} INFO - [2025-01-18 14:13:05,115] {dagbag.py:507} INFO - Filling up the DagBag from /mnt/c/Users/ander/Desktop/airflow-spark/airflow-spark/curso2/virtualenviroment/lib/python3.9/site-packages/airflow/example_dags/tutorial_taskflow_api_etl.py
[2025-01-18 14:13:05,257] {processor.py:651} INFO - DAG(s) dict_keys(['tutorial_taskflow_api_etl']) retrieved from /mnt/c/Users/ander/Desktop/airflow-spark/airflow-spark/curso2/virtualenviroment/lib/python3.9/site-packages/airflow/example_dags/tutorial_taskflow_api_etl.py
[2025-01-18 14:13:05,348] {logging_mixin.py:115} INFO - [2025-01-18 14:13:05,348] {dag.py:2379} INFO - Sync 1 DAGs
[2025-01-18 14:13:05,380] {logging_mixin.py:115} INFO - [2025-01-18 14:13:05,380] {dag.py:2927} INFO - Setting next_dagrun for tutorial_taskflow_api_etl to None, run_after=None
[2025-01-18 14:13:05,445] {processor.py:161} INFO - Processing /mnt/c/Users/ander/Desktop/airflow-spark/airflow-spark/curso2/virtualenviroment/lib/python3.9/site-packages/airflow/example_dags/tutorial_taskflow_api_etl.py took 0.336 seconds
[2025-01-18 14:13:38,369] {processor.py:153} INFO - Started process (PID=13321) to work on /mnt/c/Users/ander/Desktop/airflow-spark/airflow-spark/curso2/virtualenviroment/lib/python3.9/site-packages/airflow/example_dags/tutorial_taskflow_api_etl.py
[2025-01-18 14:13:38,370] {processor.py:641} INFO - Processing file /mnt/c/Users/ander/Desktop/airflow-spark/airflow-spark/curso2/virtualenviroment/lib/python3.9/site-packages/airflow/example_dags/tutorial_taskflow_api_etl.py for tasks to queue
[2025-01-18 14:13:38,371] {logging_mixin.py:115} INFO - [2025-01-18 14:13:38,371] {dagbag.py:507} INFO - Filling up the DagBag from /mnt/c/Users/ander/Desktop/airflow-spark/airflow-spark/curso2/virtualenviroment/lib/python3.9/site-packages/airflow/example_dags/tutorial_taskflow_api_etl.py
[2025-01-18 14:13:38,493] {processor.py:651} INFO - DAG(s) dict_keys(['tutorial_taskflow_api_etl']) retrieved from /mnt/c/Users/ander/Desktop/airflow-spark/airflow-spark/curso2/virtualenviroment/lib/python3.9/site-packages/airflow/example_dags/tutorial_taskflow_api_etl.py
[2025-01-18 14:13:38,529] {logging_mixin.py:115} INFO - [2025-01-18 14:13:38,529] {dag.py:2379} INFO - Sync 1 DAGs
[2025-01-18 14:13:38,558] {logging_mixin.py:115} INFO - [2025-01-18 14:13:38,558] {dag.py:2927} INFO - Setting next_dagrun for tutorial_taskflow_api_etl to None, run_after=None
[2025-01-18 14:13:38,604] {processor.py:161} INFO - Processing /mnt/c/Users/ander/Desktop/airflow-spark/airflow-spark/curso2/virtualenviroment/lib/python3.9/site-packages/airflow/example_dags/tutorial_taskflow_api_etl.py took 0.239 seconds
[2025-01-18 14:14:24,397] {processor.py:153} INFO - Started process (PID=13544) to work on /mnt/c/Users/ander/Desktop/airflow-spark/airflow-spark/curso2/virtualenviroment/lib/python3.9/site-packages/airflow/example_dags/tutorial_taskflow_api_etl.py
[2025-01-18 14:14:24,398] {processor.py:641} INFO - Processing file /mnt/c/Users/ander/Desktop/airflow-spark/airflow-spark/curso2/virtualenviroment/lib/python3.9/site-packages/airflow/example_dags/tutorial_taskflow_api_etl.py for tasks to queue
[2025-01-18 14:14:24,399] {logging_mixin.py:115} INFO - [2025-01-18 14:14:24,399] {dagbag.py:507} INFO - Filling up the DagBag from /mnt/c/Users/ander/Desktop/airflow-spark/airflow-spark/curso2/virtualenviroment/lib/python3.9/site-packages/airflow/example_dags/tutorial_taskflow_api_etl.py
[2025-01-18 14:14:24,509] {processor.py:651} INFO - DAG(s) dict_keys(['tutorial_taskflow_api_etl']) retrieved from /mnt/c/Users/ander/Desktop/airflow-spark/airflow-spark/curso2/virtualenviroment/lib/python3.9/site-packages/airflow/example_dags/tutorial_taskflow_api_etl.py
[2025-01-18 14:14:24,592] {logging_mixin.py:115} INFO - [2025-01-18 14:14:24,592] {dag.py:2379} INFO - Sync 1 DAGs
[2025-01-18 14:14:24,619] {logging_mixin.py:115} INFO - [2025-01-18 14:14:24,619] {dag.py:2927} INFO - Setting next_dagrun for tutorial_taskflow_api_etl to None, run_after=None
[2025-01-18 14:14:24,662] {processor.py:161} INFO - Processing /mnt/c/Users/ander/Desktop/airflow-spark/airflow-spark/curso2/virtualenviroment/lib/python3.9/site-packages/airflow/example_dags/tutorial_taskflow_api_etl.py took 0.268 seconds
