[2025-01-18 14:09:33,810] {processor.py:153} INFO - Started process (PID=11901) to work on /mnt/c/Users/ander/Desktop/airflow-spark/airflow-spark/curso2/virtualenviroment/lib/python3.9/site-packages/airflow/example_dags/tutorial_etl_dag.py
[2025-01-18 14:09:33,811] {processor.py:641} INFO - Processing file /mnt/c/Users/ander/Desktop/airflow-spark/airflow-spark/curso2/virtualenviroment/lib/python3.9/site-packages/airflow/example_dags/tutorial_etl_dag.py for tasks to queue
[2025-01-18 14:09:33,813] {logging_mixin.py:115} INFO - [2025-01-18 14:09:33,812] {dagbag.py:507} INFO - Filling up the DagBag from /mnt/c/Users/ander/Desktop/airflow-spark/airflow-spark/curso2/virtualenviroment/lib/python3.9/site-packages/airflow/example_dags/tutorial_etl_dag.py
[2025-01-18 14:09:33,860] {processor.py:651} INFO - DAG(s) dict_keys(['tutorial_etl_dag']) retrieved from /mnt/c/Users/ander/Desktop/airflow-spark/airflow-spark/curso2/virtualenviroment/lib/python3.9/site-packages/airflow/example_dags/tutorial_etl_dag.py
[2025-01-18 14:09:33,964] {logging_mixin.py:115} INFO - [2025-01-18 14:09:33,964] {dag.py:2379} INFO - Sync 1 DAGs
[2025-01-18 14:09:33,991] {logging_mixin.py:115} INFO - [2025-01-18 14:09:33,991] {dag.py:2927} INFO - Setting next_dagrun for tutorial_etl_dag to None, run_after=None
[2025-01-18 14:09:34,041] {processor.py:161} INFO - Processing /mnt/c/Users/ander/Desktop/airflow-spark/airflow-spark/curso2/virtualenviroment/lib/python3.9/site-packages/airflow/example_dags/tutorial_etl_dag.py took 0.234 seconds
[2025-01-18 14:10:17,250] {processor.py:153} INFO - Started process (PID=12142) to work on /mnt/c/Users/ander/Desktop/airflow-spark/airflow-spark/curso2/virtualenviroment/lib/python3.9/site-packages/airflow/example_dags/tutorial_etl_dag.py
[2025-01-18 14:10:17,252] {processor.py:641} INFO - Processing file /mnt/c/Users/ander/Desktop/airflow-spark/airflow-spark/curso2/virtualenviroment/lib/python3.9/site-packages/airflow/example_dags/tutorial_etl_dag.py for tasks to queue
[2025-01-18 14:10:17,253] {logging_mixin.py:115} INFO - [2025-01-18 14:10:17,253] {dagbag.py:507} INFO - Filling up the DagBag from /mnt/c/Users/ander/Desktop/airflow-spark/airflow-spark/curso2/virtualenviroment/lib/python3.9/site-packages/airflow/example_dags/tutorial_etl_dag.py
[2025-01-18 14:10:17,300] {processor.py:651} INFO - DAG(s) dict_keys(['tutorial_etl_dag']) retrieved from /mnt/c/Users/ander/Desktop/airflow-spark/airflow-spark/curso2/virtualenviroment/lib/python3.9/site-packages/airflow/example_dags/tutorial_etl_dag.py
[2025-01-18 14:10:17,329] {logging_mixin.py:115} INFO - [2025-01-18 14:10:17,329] {dag.py:2379} INFO - Sync 1 DAGs
[2025-01-18 14:10:17,357] {logging_mixin.py:115} INFO - [2025-01-18 14:10:17,357] {dag.py:2927} INFO - Setting next_dagrun for tutorial_etl_dag to None, run_after=None
[2025-01-18 14:10:17,397] {processor.py:161} INFO - Processing /mnt/c/Users/ander/Desktop/airflow-spark/airflow-spark/curso2/virtualenviroment/lib/python3.9/site-packages/airflow/example_dags/tutorial_etl_dag.py took 0.152 seconds
[2025-01-18 14:10:55,877] {processor.py:153} INFO - Started process (PID=12288) to work on /mnt/c/Users/ander/Desktop/airflow-spark/airflow-spark/curso2/virtualenviroment/lib/python3.9/site-packages/airflow/example_dags/tutorial_etl_dag.py
[2025-01-18 14:10:55,878] {processor.py:641} INFO - Processing file /mnt/c/Users/ander/Desktop/airflow-spark/airflow-spark/curso2/virtualenviroment/lib/python3.9/site-packages/airflow/example_dags/tutorial_etl_dag.py for tasks to queue
[2025-01-18 14:10:55,879] {logging_mixin.py:115} INFO - [2025-01-18 14:10:55,879] {dagbag.py:507} INFO - Filling up the DagBag from /mnt/c/Users/ander/Desktop/airflow-spark/airflow-spark/curso2/virtualenviroment/lib/python3.9/site-packages/airflow/example_dags/tutorial_etl_dag.py
[2025-01-18 14:10:55,929] {processor.py:651} INFO - DAG(s) dict_keys(['tutorial_etl_dag']) retrieved from /mnt/c/Users/ander/Desktop/airflow-spark/airflow-spark/curso2/virtualenviroment/lib/python3.9/site-packages/airflow/example_dags/tutorial_etl_dag.py
[2025-01-18 14:10:55,969] {logging_mixin.py:115} INFO - [2025-01-18 14:10:55,969] {dag.py:2379} INFO - Sync 1 DAGs
[2025-01-18 14:10:56,000] {logging_mixin.py:115} INFO - [2025-01-18 14:10:56,000] {dag.py:2927} INFO - Setting next_dagrun for tutorial_etl_dag to None, run_after=None
[2025-01-18 14:10:56,048] {processor.py:161} INFO - Processing /mnt/c/Users/ander/Desktop/airflow-spark/airflow-spark/curso2/virtualenviroment/lib/python3.9/site-packages/airflow/example_dags/tutorial_etl_dag.py took 0.175 seconds
[2025-01-18 14:11:38,116] {processor.py:153} INFO - Started process (PID=12548) to work on /mnt/c/Users/ander/Desktop/airflow-spark/airflow-spark/curso2/virtualenviroment/lib/python3.9/site-packages/airflow/example_dags/tutorial_etl_dag.py
[2025-01-18 14:11:38,117] {processor.py:641} INFO - Processing file /mnt/c/Users/ander/Desktop/airflow-spark/airflow-spark/curso2/virtualenviroment/lib/python3.9/site-packages/airflow/example_dags/tutorial_etl_dag.py for tasks to queue
[2025-01-18 14:11:38,118] {logging_mixin.py:115} INFO - [2025-01-18 14:11:38,118] {dagbag.py:507} INFO - Filling up the DagBag from /mnt/c/Users/ander/Desktop/airflow-spark/airflow-spark/curso2/virtualenviroment/lib/python3.9/site-packages/airflow/example_dags/tutorial_etl_dag.py
[2025-01-18 14:11:38,171] {processor.py:651} INFO - DAG(s) dict_keys(['tutorial_etl_dag']) retrieved from /mnt/c/Users/ander/Desktop/airflow-spark/airflow-spark/curso2/virtualenviroment/lib/python3.9/site-packages/airflow/example_dags/tutorial_etl_dag.py
[2025-01-18 14:11:38,210] {logging_mixin.py:115} INFO - [2025-01-18 14:11:38,210] {dag.py:2379} INFO - Sync 1 DAGs
[2025-01-18 14:11:38,241] {logging_mixin.py:115} INFO - [2025-01-18 14:11:38,241] {dag.py:2927} INFO - Setting next_dagrun for tutorial_etl_dag to None, run_after=None
[2025-01-18 14:11:38,287] {processor.py:161} INFO - Processing /mnt/c/Users/ander/Desktop/airflow-spark/airflow-spark/curso2/virtualenviroment/lib/python3.9/site-packages/airflow/example_dags/tutorial_etl_dag.py took 0.175 seconds
[2025-01-18 14:12:23,336] {processor.py:153} INFO - Started process (PID=12715) to work on /mnt/c/Users/ander/Desktop/airflow-spark/airflow-spark/curso2/virtualenviroment/lib/python3.9/site-packages/airflow/example_dags/tutorial_etl_dag.py
[2025-01-18 14:12:23,338] {processor.py:641} INFO - Processing file /mnt/c/Users/ander/Desktop/airflow-spark/airflow-spark/curso2/virtualenviroment/lib/python3.9/site-packages/airflow/example_dags/tutorial_etl_dag.py for tasks to queue
[2025-01-18 14:12:23,339] {logging_mixin.py:115} INFO - [2025-01-18 14:12:23,339] {dagbag.py:507} INFO - Filling up the DagBag from /mnt/c/Users/ander/Desktop/airflow-spark/airflow-spark/curso2/virtualenviroment/lib/python3.9/site-packages/airflow/example_dags/tutorial_etl_dag.py
[2025-01-18 14:12:23,388] {processor.py:651} INFO - DAG(s) dict_keys(['tutorial_etl_dag']) retrieved from /mnt/c/Users/ander/Desktop/airflow-spark/airflow-spark/curso2/virtualenviroment/lib/python3.9/site-packages/airflow/example_dags/tutorial_etl_dag.py
[2025-01-18 14:12:23,427] {logging_mixin.py:115} INFO - [2025-01-18 14:12:23,427] {dag.py:2379} INFO - Sync 1 DAGs
[2025-01-18 14:12:23,457] {logging_mixin.py:115} INFO - [2025-01-18 14:12:23,457] {dag.py:2927} INFO - Setting next_dagrun for tutorial_etl_dag to None, run_after=None
[2025-01-18 14:12:23,506] {processor.py:161} INFO - Processing /mnt/c/Users/ander/Desktop/airflow-spark/airflow-spark/curso2/virtualenviroment/lib/python3.9/site-packages/airflow/example_dags/tutorial_etl_dag.py took 0.174 seconds
[2025-01-18 14:13:06,614] {processor.py:153} INFO - Started process (PID=13082) to work on /mnt/c/Users/ander/Desktop/airflow-spark/airflow-spark/curso2/virtualenviroment/lib/python3.9/site-packages/airflow/example_dags/tutorial_etl_dag.py
[2025-01-18 14:13:06,615] {processor.py:641} INFO - Processing file /mnt/c/Users/ander/Desktop/airflow-spark/airflow-spark/curso2/virtualenviroment/lib/python3.9/site-packages/airflow/example_dags/tutorial_etl_dag.py for tasks to queue
[2025-01-18 14:13:06,616] {logging_mixin.py:115} INFO - [2025-01-18 14:13:06,616] {dagbag.py:507} INFO - Filling up the DagBag from /mnt/c/Users/ander/Desktop/airflow-spark/airflow-spark/curso2/virtualenviroment/lib/python3.9/site-packages/airflow/example_dags/tutorial_etl_dag.py
[2025-01-18 14:13:06,702] {processor.py:651} INFO - DAG(s) dict_keys(['tutorial_etl_dag']) retrieved from /mnt/c/Users/ander/Desktop/airflow-spark/airflow-spark/curso2/virtualenviroment/lib/python3.9/site-packages/airflow/example_dags/tutorial_etl_dag.py
[2025-01-18 14:13:06,740] {logging_mixin.py:115} INFO - [2025-01-18 14:13:06,740] {dag.py:2379} INFO - Sync 1 DAGs
[2025-01-18 14:13:06,771] {logging_mixin.py:115} INFO - [2025-01-18 14:13:06,771] {dag.py:2927} INFO - Setting next_dagrun for tutorial_etl_dag to None, run_after=None
[2025-01-18 14:13:06,816] {processor.py:161} INFO - Processing /mnt/c/Users/ander/Desktop/airflow-spark/airflow-spark/curso2/virtualenviroment/lib/python3.9/site-packages/airflow/example_dags/tutorial_etl_dag.py took 0.206 seconds
[2025-01-18 14:13:53,273] {processor.py:153} INFO - Started process (PID=13375) to work on /mnt/c/Users/ander/Desktop/airflow-spark/airflow-spark/curso2/virtualenviroment/lib/python3.9/site-packages/airflow/example_dags/tutorial_etl_dag.py
[2025-01-18 14:13:53,274] {processor.py:641} INFO - Processing file /mnt/c/Users/ander/Desktop/airflow-spark/airflow-spark/curso2/virtualenviroment/lib/python3.9/site-packages/airflow/example_dags/tutorial_etl_dag.py for tasks to queue
[2025-01-18 14:13:53,275] {logging_mixin.py:115} INFO - [2025-01-18 14:13:53,275] {dagbag.py:507} INFO - Filling up the DagBag from /mnt/c/Users/ander/Desktop/airflow-spark/airflow-spark/curso2/virtualenviroment/lib/python3.9/site-packages/airflow/example_dags/tutorial_etl_dag.py
[2025-01-18 14:13:53,327] {processor.py:651} INFO - DAG(s) dict_keys(['tutorial_etl_dag']) retrieved from /mnt/c/Users/ander/Desktop/airflow-spark/airflow-spark/curso2/virtualenviroment/lib/python3.9/site-packages/airflow/example_dags/tutorial_etl_dag.py
[2025-01-18 14:13:53,366] {logging_mixin.py:115} INFO - [2025-01-18 14:13:53,366] {dag.py:2379} INFO - Sync 1 DAGs
[2025-01-18 14:13:53,399] {logging_mixin.py:115} INFO - [2025-01-18 14:13:53,398] {dag.py:2927} INFO - Setting next_dagrun for tutorial_etl_dag to None, run_after=None
[2025-01-18 14:13:53,450] {processor.py:161} INFO - Processing /mnt/c/Users/ander/Desktop/airflow-spark/airflow-spark/curso2/virtualenviroment/lib/python3.9/site-packages/airflow/example_dags/tutorial_etl_dag.py took 0.182 seconds
[2025-01-18 14:14:25,126] {processor.py:153} INFO - Started process (PID=13545) to work on /mnt/c/Users/ander/Desktop/airflow-spark/airflow-spark/curso2/virtualenviroment/lib/python3.9/site-packages/airflow/example_dags/tutorial_etl_dag.py
[2025-01-18 14:14:25,127] {processor.py:641} INFO - Processing file /mnt/c/Users/ander/Desktop/airflow-spark/airflow-spark/curso2/virtualenviroment/lib/python3.9/site-packages/airflow/example_dags/tutorial_etl_dag.py for tasks to queue
[2025-01-18 14:14:25,128] {logging_mixin.py:115} INFO - [2025-01-18 14:14:25,128] {dagbag.py:507} INFO - Filling up the DagBag from /mnt/c/Users/ander/Desktop/airflow-spark/airflow-spark/curso2/virtualenviroment/lib/python3.9/site-packages/airflow/example_dags/tutorial_etl_dag.py
[2025-01-18 14:14:25,190] {processor.py:651} INFO - DAG(s) dict_keys(['tutorial_etl_dag']) retrieved from /mnt/c/Users/ander/Desktop/airflow-spark/airflow-spark/curso2/virtualenviroment/lib/python3.9/site-packages/airflow/example_dags/tutorial_etl_dag.py
[2025-01-18 14:14:25,226] {logging_mixin.py:115} INFO - [2025-01-18 14:14:25,226] {dag.py:2379} INFO - Sync 1 DAGs
[2025-01-18 14:14:25,270] {logging_mixin.py:115} INFO - [2025-01-18 14:14:25,270] {dag.py:2927} INFO - Setting next_dagrun for tutorial_etl_dag to None, run_after=None
[2025-01-18 14:14:25,312] {processor.py:161} INFO - Processing /mnt/c/Users/ander/Desktop/airflow-spark/airflow-spark/curso2/virtualenviroment/lib/python3.9/site-packages/airflow/example_dags/tutorial_etl_dag.py took 0.190 seconds
