[2025-01-22 20:31:33,241] {processor.py:153} INFO - Started process (PID=9456) to work on /mnt/c/Users/ander/Desktop/airflow-spark/airflow-spark/curso2/ambientX/lib/python3.9/site-packages/airflow/example_dags/example_skip_dag.py
[2025-01-22 20:31:33,244] {processor.py:641} INFO - Processing file /mnt/c/Users/ander/Desktop/airflow-spark/airflow-spark/curso2/ambientX/lib/python3.9/site-packages/airflow/example_dags/example_skip_dag.py for tasks to queue
[2025-01-22 20:31:33,247] {logging_mixin.py:115} INFO - [2025-01-22 20:31:33,246] {dagbag.py:507} INFO - Filling up the DagBag from /mnt/c/Users/ander/Desktop/airflow-spark/airflow-spark/curso2/ambientX/lib/python3.9/site-packages/airflow/example_dags/example_skip_dag.py
[2025-01-22 20:31:33,277] {processor.py:651} INFO - DAG(s) dict_keys(['example_skip_dag']) retrieved from /mnt/c/Users/ander/Desktop/airflow-spark/airflow-spark/curso2/ambientX/lib/python3.9/site-packages/airflow/example_dags/example_skip_dag.py
[2025-01-22 20:31:33,626] {logging_mixin.py:115} INFO - [2025-01-22 20:31:33,626] {manager.py:508} INFO - Created Permission View: can read on DAG:example_skip_dag
[2025-01-22 20:31:33,667] {logging_mixin.py:115} INFO - [2025-01-22 20:31:33,667] {manager.py:508} INFO - Created Permission View: can delete on DAG:example_skip_dag
[2025-01-22 20:31:33,704] {logging_mixin.py:115} INFO - [2025-01-22 20:31:33,704] {manager.py:508} INFO - Created Permission View: can edit on DAG:example_skip_dag
[2025-01-22 20:31:33,705] {logging_mixin.py:115} INFO - [2025-01-22 20:31:33,705] {dag.py:2379} INFO - Sync 1 DAGs
[2025-01-22 20:31:33,737] {logging_mixin.py:115} INFO - [2025-01-22 20:31:33,737] {dag.py:2398} INFO - Creating ORM DAG for example_skip_dag
[2025-01-22 20:31:33,802] {logging_mixin.py:115} INFO - [2025-01-22 20:31:33,801] {dag.py:2927} INFO - Setting next_dagrun for example_skip_dag to 2025-01-21T23:31:33.800553+00:00, run_after=2025-01-22T23:31:33.800553+00:00
[2025-01-22 20:31:33,867] {processor.py:161} INFO - Processing /mnt/c/Users/ander/Desktop/airflow-spark/airflow-spark/curso2/ambientX/lib/python3.9/site-packages/airflow/example_dags/example_skip_dag.py took 0.635 seconds
[2025-01-22 20:32:23,140] {processor.py:153} INFO - Started process (PID=9746) to work on /mnt/c/Users/ander/Desktop/airflow-spark/airflow-spark/curso2/ambientX/lib/python3.9/site-packages/airflow/example_dags/example_skip_dag.py
[2025-01-22 20:32:23,141] {processor.py:641} INFO - Processing file /mnt/c/Users/ander/Desktop/airflow-spark/airflow-spark/curso2/ambientX/lib/python3.9/site-packages/airflow/example_dags/example_skip_dag.py for tasks to queue
[2025-01-22 20:32:23,142] {logging_mixin.py:115} INFO - [2025-01-22 20:32:23,142] {dagbag.py:507} INFO - Filling up the DagBag from /mnt/c/Users/ander/Desktop/airflow-spark/airflow-spark/curso2/ambientX/lib/python3.9/site-packages/airflow/example_dags/example_skip_dag.py
[2025-01-22 20:32:23,172] {processor.py:651} INFO - DAG(s) dict_keys(['example_skip_dag']) retrieved from /mnt/c/Users/ander/Desktop/airflow-spark/airflow-spark/curso2/ambientX/lib/python3.9/site-packages/airflow/example_dags/example_skip_dag.py
[2025-01-22 20:32:23,210] {logging_mixin.py:115} INFO - [2025-01-22 20:32:23,210] {dag.py:2379} INFO - Sync 1 DAGs
[2025-01-22 20:32:23,240] {logging_mixin.py:115} INFO - [2025-01-22 20:32:23,239] {dag.py:2927} INFO - Setting next_dagrun for example_skip_dag to 2025-01-21T23:32:23.239562+00:00, run_after=2025-01-22T23:32:23.239562+00:00
[2025-01-22 20:32:23,279] {processor.py:161} INFO - Processing /mnt/c/Users/ander/Desktop/airflow-spark/airflow-spark/curso2/ambientX/lib/python3.9/site-packages/airflow/example_dags/example_skip_dag.py took 0.143 seconds
[2025-01-22 20:33:08,167] {processor.py:153} INFO - Started process (PID=9907) to work on /mnt/c/Users/ander/Desktop/airflow-spark/airflow-spark/curso2/ambientX/lib/python3.9/site-packages/airflow/example_dags/example_skip_dag.py
[2025-01-22 20:33:08,168] {processor.py:641} INFO - Processing file /mnt/c/Users/ander/Desktop/airflow-spark/airflow-spark/curso2/ambientX/lib/python3.9/site-packages/airflow/example_dags/example_skip_dag.py for tasks to queue
[2025-01-22 20:33:08,169] {logging_mixin.py:115} INFO - [2025-01-22 20:33:08,169] {dagbag.py:507} INFO - Filling up the DagBag from /mnt/c/Users/ander/Desktop/airflow-spark/airflow-spark/curso2/ambientX/lib/python3.9/site-packages/airflow/example_dags/example_skip_dag.py
[2025-01-22 20:33:08,196] {processor.py:651} INFO - DAG(s) dict_keys(['example_skip_dag']) retrieved from /mnt/c/Users/ander/Desktop/airflow-spark/airflow-spark/curso2/ambientX/lib/python3.9/site-packages/airflow/example_dags/example_skip_dag.py
[2025-01-22 20:33:08,236] {logging_mixin.py:115} INFO - [2025-01-22 20:33:08,236] {dag.py:2379} INFO - Sync 1 DAGs
[2025-01-22 20:33:08,272] {logging_mixin.py:115} INFO - [2025-01-22 20:33:08,271] {dag.py:2927} INFO - Setting next_dagrun for example_skip_dag to 2025-01-21T23:33:08.271623+00:00, run_after=2025-01-22T23:33:08.271623+00:00
[2025-01-22 20:33:08,329] {processor.py:161} INFO - Processing /mnt/c/Users/ander/Desktop/airflow-spark/airflow-spark/curso2/ambientX/lib/python3.9/site-packages/airflow/example_dags/example_skip_dag.py took 0.165 seconds
[2025-01-22 20:35:18,421] {processor.py:153} INFO - Started process (PID=10983) to work on /mnt/c/Users/ander/Desktop/airflow-spark/airflow-spark/curso2/ambientX/lib/python3.9/site-packages/airflow/example_dags/example_skip_dag.py
[2025-01-22 20:35:18,423] {processor.py:641} INFO - Processing file /mnt/c/Users/ander/Desktop/airflow-spark/airflow-spark/curso2/ambientX/lib/python3.9/site-packages/airflow/example_dags/example_skip_dag.py for tasks to queue
[2025-01-22 20:35:18,427] {logging_mixin.py:115} INFO - [2025-01-22 20:35:18,427] {dagbag.py:507} INFO - Filling up the DagBag from /mnt/c/Users/ander/Desktop/airflow-spark/airflow-spark/curso2/ambientX/lib/python3.9/site-packages/airflow/example_dags/example_skip_dag.py
[2025-01-22 20:35:18,478] {processor.py:651} INFO - DAG(s) dict_keys(['example_skip_dag']) retrieved from /mnt/c/Users/ander/Desktop/airflow-spark/airflow-spark/curso2/ambientX/lib/python3.9/site-packages/airflow/example_dags/example_skip_dag.py
[2025-01-22 20:35:18,609] {logging_mixin.py:115} INFO - [2025-01-22 20:35:18,609] {dag.py:2379} INFO - Sync 1 DAGs
[2025-01-22 20:35:18,708] {logging_mixin.py:115} INFO - [2025-01-22 20:35:18,708] {dag.py:2927} INFO - Setting next_dagrun for example_skip_dag to 2025-01-21T23:35:18.707468+00:00, run_after=2025-01-22T23:35:18.707468+00:00
[2025-01-22 20:35:18,811] {processor.py:161} INFO - Processing /mnt/c/Users/ander/Desktop/airflow-spark/airflow-spark/curso2/ambientX/lib/python3.9/site-packages/airflow/example_dags/example_skip_dag.py took 0.395 seconds
