[2025-01-22 20:31:22,166] {processor.py:153} INFO - Started process (PID=9331) to work on /mnt/c/Users/ander/Desktop/airflow-spark/airflow-spark/curso2/ambientX/lib/python3.9/site-packages/airflow/example_dags/example_time_delta_sensor_async.py
[2025-01-22 20:31:22,167] {processor.py:641} INFO - Processing file /mnt/c/Users/ander/Desktop/airflow-spark/airflow-spark/curso2/ambientX/lib/python3.9/site-packages/airflow/example_dags/example_time_delta_sensor_async.py for tasks to queue
[2025-01-22 20:31:22,169] {logging_mixin.py:115} INFO - [2025-01-22 20:31:22,168] {dagbag.py:507} INFO - Filling up the DagBag from /mnt/c/Users/ander/Desktop/airflow-spark/airflow-spark/curso2/ambientX/lib/python3.9/site-packages/airflow/example_dags/example_time_delta_sensor_async.py
[2025-01-22 20:31:22,250] {processor.py:651} INFO - DAG(s) dict_keys(['example_time_delta_sensor_async']) retrieved from /mnt/c/Users/ander/Desktop/airflow-spark/airflow-spark/curso2/ambientX/lib/python3.9/site-packages/airflow/example_dags/example_time_delta_sensor_async.py
[2025-01-22 20:31:22,848] {logging_mixin.py:115} INFO - [2025-01-22 20:31:22,848] {manager.py:508} INFO - Created Permission View: can read on DAG:example_time_delta_sensor_async
[2025-01-22 20:31:22,931] {logging_mixin.py:115} INFO - [2025-01-22 20:31:22,930] {manager.py:508} INFO - Created Permission View: can delete on DAG:example_time_delta_sensor_async
[2025-01-22 20:31:23,047] {logging_mixin.py:115} INFO - [2025-01-22 20:31:23,047] {manager.py:508} INFO - Created Permission View: can edit on DAG:example_time_delta_sensor_async
[2025-01-22 20:31:23,048] {logging_mixin.py:115} INFO - [2025-01-22 20:31:23,048] {dag.py:2379} INFO - Sync 1 DAGs
[2025-01-22 20:31:23,095] {logging_mixin.py:115} INFO - [2025-01-22 20:31:23,094] {dag.py:2398} INFO - Creating ORM DAG for example_time_delta_sensor_async
[2025-01-22 20:31:23,130] {logging_mixin.py:115} INFO - [2025-01-22 20:31:23,130] {dag.py:2927} INFO - Setting next_dagrun for example_time_delta_sensor_async to None, run_after=None
[2025-01-22 20:31:23,367] {processor.py:161} INFO - Processing /mnt/c/Users/ander/Desktop/airflow-spark/airflow-spark/curso2/ambientX/lib/python3.9/site-packages/airflow/example_dags/example_time_delta_sensor_async.py took 1.206 seconds
[2025-01-22 20:32:17,720] {processor.py:153} INFO - Started process (PID=9726) to work on /mnt/c/Users/ander/Desktop/airflow-spark/airflow-spark/curso2/ambientX/lib/python3.9/site-packages/airflow/example_dags/example_time_delta_sensor_async.py
[2025-01-22 20:32:17,721] {processor.py:641} INFO - Processing file /mnt/c/Users/ander/Desktop/airflow-spark/airflow-spark/curso2/ambientX/lib/python3.9/site-packages/airflow/example_dags/example_time_delta_sensor_async.py for tasks to queue
[2025-01-22 20:32:17,722] {logging_mixin.py:115} INFO - [2025-01-22 20:32:17,722] {dagbag.py:507} INFO - Filling up the DagBag from /mnt/c/Users/ander/Desktop/airflow-spark/airflow-spark/curso2/ambientX/lib/python3.9/site-packages/airflow/example_dags/example_time_delta_sensor_async.py
[2025-01-22 20:32:17,764] {processor.py:651} INFO - DAG(s) dict_keys(['example_time_delta_sensor_async']) retrieved from /mnt/c/Users/ander/Desktop/airflow-spark/airflow-spark/curso2/ambientX/lib/python3.9/site-packages/airflow/example_dags/example_time_delta_sensor_async.py
[2025-01-22 20:32:17,987] {logging_mixin.py:115} INFO - [2025-01-22 20:32:17,987] {dag.py:2379} INFO - Sync 1 DAGs
[2025-01-22 20:32:18,020] {logging_mixin.py:115} INFO - [2025-01-22 20:32:18,020] {dag.py:2927} INFO - Setting next_dagrun for example_time_delta_sensor_async to None, run_after=None
[2025-01-22 20:32:18,071] {processor.py:161} INFO - Processing /mnt/c/Users/ander/Desktop/airflow-spark/airflow-spark/curso2/ambientX/lib/python3.9/site-packages/airflow/example_dags/example_time_delta_sensor_async.py took 0.354 seconds
[2025-01-22 20:33:01,236] {processor.py:153} INFO - Started process (PID=9884) to work on /mnt/c/Users/ander/Desktop/airflow-spark/airflow-spark/curso2/ambientX/lib/python3.9/site-packages/airflow/example_dags/example_time_delta_sensor_async.py
[2025-01-22 20:33:01,238] {processor.py:641} INFO - Processing file /mnt/c/Users/ander/Desktop/airflow-spark/airflow-spark/curso2/ambientX/lib/python3.9/site-packages/airflow/example_dags/example_time_delta_sensor_async.py for tasks to queue
[2025-01-22 20:33:01,239] {logging_mixin.py:115} INFO - [2025-01-22 20:33:01,238] {dagbag.py:507} INFO - Filling up the DagBag from /mnt/c/Users/ander/Desktop/airflow-spark/airflow-spark/curso2/ambientX/lib/python3.9/site-packages/airflow/example_dags/example_time_delta_sensor_async.py
[2025-01-22 20:33:01,276] {processor.py:651} INFO - DAG(s) dict_keys(['example_time_delta_sensor_async']) retrieved from /mnt/c/Users/ander/Desktop/airflow-spark/airflow-spark/curso2/ambientX/lib/python3.9/site-packages/airflow/example_dags/example_time_delta_sensor_async.py
[2025-01-22 20:33:01,466] {logging_mixin.py:115} INFO - [2025-01-22 20:33:01,466] {dag.py:2379} INFO - Sync 1 DAGs
[2025-01-22 20:33:01,491] {logging_mixin.py:115} INFO - [2025-01-22 20:33:01,491] {dag.py:2927} INFO - Setting next_dagrun for example_time_delta_sensor_async to None, run_after=None
[2025-01-22 20:33:01,530] {processor.py:161} INFO - Processing /mnt/c/Users/ander/Desktop/airflow-spark/airflow-spark/curso2/ambientX/lib/python3.9/site-packages/airflow/example_dags/example_time_delta_sensor_async.py took 0.297 seconds
[2025-01-22 20:35:09,187] {processor.py:153} INFO - Started process (PID=10859) to work on /mnt/c/Users/ander/Desktop/airflow-spark/airflow-spark/curso2/ambientX/lib/python3.9/site-packages/airflow/example_dags/example_time_delta_sensor_async.py
[2025-01-22 20:35:09,189] {processor.py:641} INFO - Processing file /mnt/c/Users/ander/Desktop/airflow-spark/airflow-spark/curso2/ambientX/lib/python3.9/site-packages/airflow/example_dags/example_time_delta_sensor_async.py for tasks to queue
[2025-01-22 20:35:09,190] {logging_mixin.py:115} INFO - [2025-01-22 20:35:09,190] {dagbag.py:507} INFO - Filling up the DagBag from /mnt/c/Users/ander/Desktop/airflow-spark/airflow-spark/curso2/ambientX/lib/python3.9/site-packages/airflow/example_dags/example_time_delta_sensor_async.py
[2025-01-22 20:35:09,259] {processor.py:651} INFO - DAG(s) dict_keys(['example_time_delta_sensor_async']) retrieved from /mnt/c/Users/ander/Desktop/airflow-spark/airflow-spark/curso2/ambientX/lib/python3.9/site-packages/airflow/example_dags/example_time_delta_sensor_async.py
[2025-01-22 20:35:09,746] {logging_mixin.py:115} INFO - [2025-01-22 20:35:09,744] {dag.py:2379} INFO - Sync 1 DAGs
[2025-01-22 20:35:09,831] {logging_mixin.py:115} INFO - [2025-01-22 20:35:09,831] {dag.py:2927} INFO - Setting next_dagrun for example_time_delta_sensor_async to None, run_after=None
[2025-01-22 20:35:09,962] {processor.py:161} INFO - Processing /mnt/c/Users/ander/Desktop/airflow-spark/airflow-spark/curso2/ambientX/lib/python3.9/site-packages/airflow/example_dags/example_time_delta_sensor_async.py took 0.778 seconds
