[2025-01-22 20:31:47,134] {processor.py:153} INFO - Started process (PID=9619) to work on /mnt/c/Users/ander/Desktop/airflow-spark/airflow-spark/curso2/ambientX/lib/python3.9/site-packages/airflow/example_dags/example_dag_decorator.py
[2025-01-22 20:31:47,135] {processor.py:641} INFO - Processing file /mnt/c/Users/ander/Desktop/airflow-spark/airflow-spark/curso2/ambientX/lib/python3.9/site-packages/airflow/example_dags/example_dag_decorator.py for tasks to queue
[2025-01-22 20:31:47,136] {logging_mixin.py:115} INFO - [2025-01-22 20:31:47,136] {dagbag.py:507} INFO - Filling up the DagBag from /mnt/c/Users/ander/Desktop/airflow-spark/airflow-spark/curso2/ambientX/lib/python3.9/site-packages/airflow/example_dags/example_dag_decorator.py
[2025-01-22 20:31:47,311] {processor.py:651} INFO - DAG(s) dict_keys(['example_dag_decorator']) retrieved from /mnt/c/Users/ander/Desktop/airflow-spark/airflow-spark/curso2/ambientX/lib/python3.9/site-packages/airflow/example_dags/example_dag_decorator.py
[2025-01-22 20:31:47,490] {logging_mixin.py:115} INFO - [2025-01-22 20:31:47,490] {manager.py:508} INFO - Created Permission View: can read on DAG:example_dag_decorator
[2025-01-22 20:31:47,535] {logging_mixin.py:115} INFO - [2025-01-22 20:31:47,535] {manager.py:508} INFO - Created Permission View: can delete on DAG:example_dag_decorator
[2025-01-22 20:31:47,575] {logging_mixin.py:115} INFO - [2025-01-22 20:31:47,575] {manager.py:508} INFO - Created Permission View: can edit on DAG:example_dag_decorator
[2025-01-22 20:31:47,576] {logging_mixin.py:115} INFO - [2025-01-22 20:31:47,576] {dag.py:2379} INFO - Sync 1 DAGs
[2025-01-22 20:31:47,596] {logging_mixin.py:115} INFO - [2025-01-22 20:31:47,596] {dag.py:2398} INFO - Creating ORM DAG for example_dag_decorator
[2025-01-22 20:31:47,610] {logging_mixin.py:115} INFO - [2025-01-22 20:31:47,610] {dag.py:2927} INFO - Setting next_dagrun for example_dag_decorator to None, run_after=None
[2025-01-22 20:31:47,668] {processor.py:161} INFO - Processing /mnt/c/Users/ander/Desktop/airflow-spark/airflow-spark/curso2/ambientX/lib/python3.9/site-packages/airflow/example_dags/example_dag_decorator.py took 0.538 seconds
[2025-01-22 20:32:36,948] {processor.py:153} INFO - Started process (PID=9792) to work on /mnt/c/Users/ander/Desktop/airflow-spark/airflow-spark/curso2/ambientX/lib/python3.9/site-packages/airflow/example_dags/example_dag_decorator.py
[2025-01-22 20:32:36,949] {processor.py:641} INFO - Processing file /mnt/c/Users/ander/Desktop/airflow-spark/airflow-spark/curso2/ambientX/lib/python3.9/site-packages/airflow/example_dags/example_dag_decorator.py for tasks to queue
[2025-01-22 20:32:36,951] {logging_mixin.py:115} INFO - [2025-01-22 20:32:36,950] {dagbag.py:507} INFO - Filling up the DagBag from /mnt/c/Users/ander/Desktop/airflow-spark/airflow-spark/curso2/ambientX/lib/python3.9/site-packages/airflow/example_dags/example_dag_decorator.py
[2025-01-22 20:32:37,117] {processor.py:651} INFO - DAG(s) dict_keys(['example_dag_decorator']) retrieved from /mnt/c/Users/ander/Desktop/airflow-spark/airflow-spark/curso2/ambientX/lib/python3.9/site-packages/airflow/example_dags/example_dag_decorator.py
[2025-01-22 20:32:37,198] {logging_mixin.py:115} INFO - [2025-01-22 20:32:37,197] {dag.py:2379} INFO - Sync 1 DAGs
[2025-01-22 20:32:37,226] {logging_mixin.py:115} INFO - [2025-01-22 20:32:37,226] {dag.py:2927} INFO - Setting next_dagrun for example_dag_decorator to None, run_after=None
[2025-01-22 20:32:37,273] {processor.py:161} INFO - Processing /mnt/c/Users/ander/Desktop/airflow-spark/airflow-spark/curso2/ambientX/lib/python3.9/site-packages/airflow/example_dags/example_dag_decorator.py took 0.329 seconds
[2025-01-22 20:33:21,231] {processor.py:153} INFO - Started process (PID=9953) to work on /mnt/c/Users/ander/Desktop/airflow-spark/airflow-spark/curso2/ambientX/lib/python3.9/site-packages/airflow/example_dags/example_dag_decorator.py
[2025-01-22 20:33:21,232] {processor.py:641} INFO - Processing file /mnt/c/Users/ander/Desktop/airflow-spark/airflow-spark/curso2/ambientX/lib/python3.9/site-packages/airflow/example_dags/example_dag_decorator.py for tasks to queue
[2025-01-22 20:33:21,233] {logging_mixin.py:115} INFO - [2025-01-22 20:33:21,233] {dagbag.py:507} INFO - Filling up the DagBag from /mnt/c/Users/ander/Desktop/airflow-spark/airflow-spark/curso2/ambientX/lib/python3.9/site-packages/airflow/example_dags/example_dag_decorator.py
[2025-01-22 20:33:21,387] {processor.py:651} INFO - DAG(s) dict_keys(['example_dag_decorator']) retrieved from /mnt/c/Users/ander/Desktop/airflow-spark/airflow-spark/curso2/ambientX/lib/python3.9/site-packages/airflow/example_dags/example_dag_decorator.py
[2025-01-22 20:33:21,471] {logging_mixin.py:115} INFO - [2025-01-22 20:33:21,470] {dag.py:2379} INFO - Sync 1 DAGs
[2025-01-22 20:33:21,495] {logging_mixin.py:115} INFO - [2025-01-22 20:33:21,495] {dag.py:2927} INFO - Setting next_dagrun for example_dag_decorator to None, run_after=None
[2025-01-22 20:33:21,543] {processor.py:161} INFO - Processing /mnt/c/Users/ander/Desktop/airflow-spark/airflow-spark/curso2/ambientX/lib/python3.9/site-packages/airflow/example_dags/example_dag_decorator.py took 0.317 seconds
[2025-01-22 20:35:33,753] {processor.py:153} INFO - Started process (PID=11214) to work on /mnt/c/Users/ander/Desktop/airflow-spark/airflow-spark/curso2/ambientX/lib/python3.9/site-packages/airflow/example_dags/example_dag_decorator.py
[2025-01-22 20:35:33,754] {processor.py:641} INFO - Processing file /mnt/c/Users/ander/Desktop/airflow-spark/airflow-spark/curso2/ambientX/lib/python3.9/site-packages/airflow/example_dags/example_dag_decorator.py for tasks to queue
[2025-01-22 20:35:33,755] {logging_mixin.py:115} INFO - [2025-01-22 20:35:33,755] {dagbag.py:507} INFO - Filling up the DagBag from /mnt/c/Users/ander/Desktop/airflow-spark/airflow-spark/curso2/ambientX/lib/python3.9/site-packages/airflow/example_dags/example_dag_decorator.py
[2025-01-22 20:35:33,923] {processor.py:651} INFO - DAG(s) dict_keys(['example_dag_decorator']) retrieved from /mnt/c/Users/ander/Desktop/airflow-spark/airflow-spark/curso2/ambientX/lib/python3.9/site-packages/airflow/example_dags/example_dag_decorator.py
[2025-01-22 20:35:34,002] {logging_mixin.py:115} INFO - [2025-01-22 20:35:34,002] {dag.py:2379} INFO - Sync 1 DAGs
[2025-01-22 20:35:34,033] {logging_mixin.py:115} INFO - [2025-01-22 20:35:34,033] {dag.py:2927} INFO - Setting next_dagrun for example_dag_decorator to None, run_after=None
[2025-01-22 20:35:34,096] {processor.py:161} INFO - Processing /mnt/c/Users/ander/Desktop/airflow-spark/airflow-spark/curso2/ambientX/lib/python3.9/site-packages/airflow/example_dags/example_dag_decorator.py took 0.347 seconds
