[2025-01-22 20:31:20,315] {processor.py:153} INFO - Started process (PID=9300) to work on /mnt/c/Users/ander/Desktop/airflow-spark/airflow-spark/curso2/ambientX/lib/python3.9/site-packages/airflow/example_dags/example_trigger_controller_dag.py
[2025-01-22 20:31:20,317] {processor.py:641} INFO - Processing file /mnt/c/Users/ander/Desktop/airflow-spark/airflow-spark/curso2/ambientX/lib/python3.9/site-packages/airflow/example_dags/example_trigger_controller_dag.py for tasks to queue
[2025-01-22 20:31:20,319] {logging_mixin.py:115} INFO - [2025-01-22 20:31:20,319] {dagbag.py:507} INFO - Filling up the DagBag from /mnt/c/Users/ander/Desktop/airflow-spark/airflow-spark/curso2/ambientX/lib/python3.9/site-packages/airflow/example_dags/example_trigger_controller_dag.py
[2025-01-22 20:31:20,353] {processor.py:651} INFO - DAG(s) dict_keys(['example_trigger_controller_dag']) retrieved from /mnt/c/Users/ander/Desktop/airflow-spark/airflow-spark/curso2/ambientX/lib/python3.9/site-packages/airflow/example_dags/example_trigger_controller_dag.py
[2025-01-22 20:31:20,641] {logging_mixin.py:115} INFO - [2025-01-22 20:31:20,641] {manager.py:508} INFO - Created Permission View: can read on DAG:example_trigger_controller_dag
[2025-01-22 20:31:20,718] {logging_mixin.py:115} INFO - [2025-01-22 20:31:20,718] {manager.py:508} INFO - Created Permission View: can delete on DAG:example_trigger_controller_dag
[2025-01-22 20:31:20,805] {logging_mixin.py:115} INFO - [2025-01-22 20:31:20,805] {manager.py:508} INFO - Created Permission View: can edit on DAG:example_trigger_controller_dag
[2025-01-22 20:31:20,806] {logging_mixin.py:115} INFO - [2025-01-22 20:31:20,806] {dag.py:2379} INFO - Sync 1 DAGs
[2025-01-22 20:31:20,838] {logging_mixin.py:115} INFO - [2025-01-22 20:31:20,838] {dag.py:2398} INFO - Creating ORM DAG for example_trigger_controller_dag
[2025-01-22 20:31:20,862] {logging_mixin.py:115} INFO - [2025-01-22 20:31:20,862] {dag.py:2927} INFO - Setting next_dagrun for example_trigger_controller_dag to 2021-01-01T00:00:00+00:00, run_after=2021-01-01T00:00:00+00:00
[2025-01-22 20:31:20,965] {processor.py:161} INFO - Processing /mnt/c/Users/ander/Desktop/airflow-spark/airflow-spark/curso2/ambientX/lib/python3.9/site-packages/airflow/example_dags/example_trigger_controller_dag.py took 0.654 seconds
[2025-01-22 20:32:17,140] {processor.py:153} INFO - Started process (PID=9722) to work on /mnt/c/Users/ander/Desktop/airflow-spark/airflow-spark/curso2/ambientX/lib/python3.9/site-packages/airflow/example_dags/example_trigger_controller_dag.py
[2025-01-22 20:32:17,141] {processor.py:641} INFO - Processing file /mnt/c/Users/ander/Desktop/airflow-spark/airflow-spark/curso2/ambientX/lib/python3.9/site-packages/airflow/example_dags/example_trigger_controller_dag.py for tasks to queue
[2025-01-22 20:32:17,142] {logging_mixin.py:115} INFO - [2025-01-22 20:32:17,142] {dagbag.py:507} INFO - Filling up the DagBag from /mnt/c/Users/ander/Desktop/airflow-spark/airflow-spark/curso2/ambientX/lib/python3.9/site-packages/airflow/example_dags/example_trigger_controller_dag.py
[2025-01-22 20:32:17,168] {processor.py:651} INFO - DAG(s) dict_keys(['example_trigger_controller_dag']) retrieved from /mnt/c/Users/ander/Desktop/airflow-spark/airflow-spark/curso2/ambientX/lib/python3.9/site-packages/airflow/example_dags/example_trigger_controller_dag.py
[2025-01-22 20:32:17,209] {logging_mixin.py:115} INFO - [2025-01-22 20:32:17,209] {dag.py:2379} INFO - Sync 1 DAGs
[2025-01-22 20:32:17,240] {logging_mixin.py:115} INFO - [2025-01-22 20:32:17,239] {dag.py:2927} INFO - Setting next_dagrun for example_trigger_controller_dag to 2021-01-01T00:00:00+00:00, run_after=2021-01-01T00:00:00+00:00
[2025-01-22 20:32:17,284] {processor.py:161} INFO - Processing /mnt/c/Users/ander/Desktop/airflow-spark/airflow-spark/curso2/ambientX/lib/python3.9/site-packages/airflow/example_dags/example_trigger_controller_dag.py took 0.148 seconds
[2025-01-22 20:32:59,933] {processor.py:153} INFO - Started process (PID=9877) to work on /mnt/c/Users/ander/Desktop/airflow-spark/airflow-spark/curso2/ambientX/lib/python3.9/site-packages/airflow/example_dags/example_trigger_controller_dag.py
[2025-01-22 20:32:59,934] {processor.py:641} INFO - Processing file /mnt/c/Users/ander/Desktop/airflow-spark/airflow-spark/curso2/ambientX/lib/python3.9/site-packages/airflow/example_dags/example_trigger_controller_dag.py for tasks to queue
[2025-01-22 20:32:59,936] {logging_mixin.py:115} INFO - [2025-01-22 20:32:59,936] {dagbag.py:507} INFO - Filling up the DagBag from /mnt/c/Users/ander/Desktop/airflow-spark/airflow-spark/curso2/ambientX/lib/python3.9/site-packages/airflow/example_dags/example_trigger_controller_dag.py
[2025-01-22 20:32:59,965] {processor.py:651} INFO - DAG(s) dict_keys(['example_trigger_controller_dag']) retrieved from /mnt/c/Users/ander/Desktop/airflow-spark/airflow-spark/curso2/ambientX/lib/python3.9/site-packages/airflow/example_dags/example_trigger_controller_dag.py
[2025-01-22 20:33:00,010] {logging_mixin.py:115} INFO - [2025-01-22 20:33:00,010] {dag.py:2379} INFO - Sync 1 DAGs
[2025-01-22 20:33:00,039] {logging_mixin.py:115} INFO - [2025-01-22 20:33:00,039] {dag.py:2927} INFO - Setting next_dagrun for example_trigger_controller_dag to 2021-01-01T00:00:00+00:00, run_after=2021-01-01T00:00:00+00:00
[2025-01-22 20:33:00,106] {processor.py:161} INFO - Processing /mnt/c/Users/ander/Desktop/airflow-spark/airflow-spark/curso2/ambientX/lib/python3.9/site-packages/airflow/example_dags/example_trigger_controller_dag.py took 0.176 seconds
[2025-01-22 20:35:07,496] {processor.py:153} INFO - Started process (PID=10826) to work on /mnt/c/Users/ander/Desktop/airflow-spark/airflow-spark/curso2/ambientX/lib/python3.9/site-packages/airflow/example_dags/example_trigger_controller_dag.py
[2025-01-22 20:35:07,497] {processor.py:641} INFO - Processing file /mnt/c/Users/ander/Desktop/airflow-spark/airflow-spark/curso2/ambientX/lib/python3.9/site-packages/airflow/example_dags/example_trigger_controller_dag.py for tasks to queue
[2025-01-22 20:35:07,499] {logging_mixin.py:115} INFO - [2025-01-22 20:35:07,499] {dagbag.py:507} INFO - Filling up the DagBag from /mnt/c/Users/ander/Desktop/airflow-spark/airflow-spark/curso2/ambientX/lib/python3.9/site-packages/airflow/example_dags/example_trigger_controller_dag.py
[2025-01-22 20:35:07,547] {processor.py:651} INFO - DAG(s) dict_keys(['example_trigger_controller_dag']) retrieved from /mnt/c/Users/ander/Desktop/airflow-spark/airflow-spark/curso2/ambientX/lib/python3.9/site-packages/airflow/example_dags/example_trigger_controller_dag.py
[2025-01-22 20:35:07,650] {logging_mixin.py:115} INFO - [2025-01-22 20:35:07,649] {dag.py:2379} INFO - Sync 1 DAGs
[2025-01-22 20:35:07,728] {logging_mixin.py:115} INFO - [2025-01-22 20:35:07,728] {dag.py:2927} INFO - Setting next_dagrun for example_trigger_controller_dag to 2021-01-01T00:00:00+00:00, run_after=2021-01-01T00:00:00+00:00
[2025-01-22 20:35:07,846] {processor.py:161} INFO - Processing /mnt/c/Users/ander/Desktop/airflow-spark/airflow-spark/curso2/ambientX/lib/python3.9/site-packages/airflow/example_dags/example_trigger_controller_dag.py took 0.357 seconds
