[2025-01-22 20:31:34,490] {processor.py:153} INFO - Started process (PID=9482) to work on /mnt/c/Users/ander/Desktop/airflow-spark/airflow-spark/curso2/ambientX/lib/python3.9/site-packages/airflow/example_dags/example_short_circuit_operator.py
[2025-01-22 20:31:34,491] {processor.py:641} INFO - Processing file /mnt/c/Users/ander/Desktop/airflow-spark/airflow-spark/curso2/ambientX/lib/python3.9/site-packages/airflow/example_dags/example_short_circuit_operator.py for tasks to queue
[2025-01-22 20:31:34,493] {logging_mixin.py:115} INFO - [2025-01-22 20:31:34,492] {dagbag.py:507} INFO - Filling up the DagBag from /mnt/c/Users/ander/Desktop/airflow-spark/airflow-spark/curso2/ambientX/lib/python3.9/site-packages/airflow/example_dags/example_short_circuit_operator.py
[2025-01-22 20:31:34,534] {processor.py:651} INFO - DAG(s) dict_keys(['example_short_circuit_operator']) retrieved from /mnt/c/Users/ander/Desktop/airflow-spark/airflow-spark/curso2/ambientX/lib/python3.9/site-packages/airflow/example_dags/example_short_circuit_operator.py
[2025-01-22 20:31:34,774] {logging_mixin.py:115} INFO - [2025-01-22 20:31:34,773] {manager.py:508} INFO - Created Permission View: can read on DAG:example_short_circuit_operator
[2025-01-22 20:31:34,813] {logging_mixin.py:115} INFO - [2025-01-22 20:31:34,813] {manager.py:508} INFO - Created Permission View: can delete on DAG:example_short_circuit_operator
[2025-01-22 20:31:34,896] {logging_mixin.py:115} INFO - [2025-01-22 20:31:34,895] {manager.py:508} INFO - Created Permission View: can edit on DAG:example_short_circuit_operator
[2025-01-22 20:31:34,896] {logging_mixin.py:115} INFO - [2025-01-22 20:31:34,896] {dag.py:2379} INFO - Sync 1 DAGs
[2025-01-22 20:31:34,938] {logging_mixin.py:115} INFO - [2025-01-22 20:31:34,938] {dag.py:2398} INFO - Creating ORM DAG for example_short_circuit_operator
[2025-01-22 20:31:34,997] {logging_mixin.py:115} INFO - [2025-01-22 20:31:34,997] {dag.py:2927} INFO - Setting next_dagrun for example_short_circuit_operator to 2025-01-21T23:31:34.996241+00:00, run_after=2025-01-22T23:31:34.996241+00:00
[2025-01-22 20:31:35,063] {processor.py:161} INFO - Processing /mnt/c/Users/ander/Desktop/airflow-spark/airflow-spark/curso2/ambientX/lib/python3.9/site-packages/airflow/example_dags/example_short_circuit_operator.py took 0.576 seconds
[2025-01-22 20:32:23,821] {processor.py:153} INFO - Started process (PID=9747) to work on /mnt/c/Users/ander/Desktop/airflow-spark/airflow-spark/curso2/ambientX/lib/python3.9/site-packages/airflow/example_dags/example_short_circuit_operator.py
[2025-01-22 20:32:23,823] {processor.py:641} INFO - Processing file /mnt/c/Users/ander/Desktop/airflow-spark/airflow-spark/curso2/ambientX/lib/python3.9/site-packages/airflow/example_dags/example_short_circuit_operator.py for tasks to queue
[2025-01-22 20:32:23,824] {logging_mixin.py:115} INFO - [2025-01-22 20:32:23,824] {dagbag.py:507} INFO - Filling up the DagBag from /mnt/c/Users/ander/Desktop/airflow-spark/airflow-spark/curso2/ambientX/lib/python3.9/site-packages/airflow/example_dags/example_short_circuit_operator.py
[2025-01-22 20:32:23,872] {processor.py:651} INFO - DAG(s) dict_keys(['example_short_circuit_operator']) retrieved from /mnt/c/Users/ander/Desktop/airflow-spark/airflow-spark/curso2/ambientX/lib/python3.9/site-packages/airflow/example_dags/example_short_circuit_operator.py
[2025-01-22 20:32:23,921] {logging_mixin.py:115} INFO - [2025-01-22 20:32:23,921] {dag.py:2379} INFO - Sync 1 DAGs
[2025-01-22 20:32:23,965] {logging_mixin.py:115} INFO - [2025-01-22 20:32:23,965] {dag.py:2927} INFO - Setting next_dagrun for example_short_circuit_operator to 2025-01-21T23:32:23.964615+00:00, run_after=2025-01-22T23:32:23.964615+00:00
[2025-01-22 20:32:24,038] {processor.py:161} INFO - Processing /mnt/c/Users/ander/Desktop/airflow-spark/airflow-spark/curso2/ambientX/lib/python3.9/site-packages/airflow/example_dags/example_short_circuit_operator.py took 0.220 seconds
[2025-01-22 20:33:09,420] {processor.py:153} INFO - Started process (PID=9914) to work on /mnt/c/Users/ander/Desktop/airflow-spark/airflow-spark/curso2/ambientX/lib/python3.9/site-packages/airflow/example_dags/example_short_circuit_operator.py
[2025-01-22 20:33:09,422] {processor.py:641} INFO - Processing file /mnt/c/Users/ander/Desktop/airflow-spark/airflow-spark/curso2/ambientX/lib/python3.9/site-packages/airflow/example_dags/example_short_circuit_operator.py for tasks to queue
[2025-01-22 20:33:09,423] {logging_mixin.py:115} INFO - [2025-01-22 20:33:09,422] {dagbag.py:507} INFO - Filling up the DagBag from /mnt/c/Users/ander/Desktop/airflow-spark/airflow-spark/curso2/ambientX/lib/python3.9/site-packages/airflow/example_dags/example_short_circuit_operator.py
[2025-01-22 20:33:09,473] {processor.py:651} INFO - DAG(s) dict_keys(['example_short_circuit_operator']) retrieved from /mnt/c/Users/ander/Desktop/airflow-spark/airflow-spark/curso2/ambientX/lib/python3.9/site-packages/airflow/example_dags/example_short_circuit_operator.py
[2025-01-22 20:33:09,517] {logging_mixin.py:115} INFO - [2025-01-22 20:33:09,517] {dag.py:2379} INFO - Sync 1 DAGs
[2025-01-22 20:33:09,547] {logging_mixin.py:115} INFO - [2025-01-22 20:33:09,547] {dag.py:2927} INFO - Setting next_dagrun for example_short_circuit_operator to 2025-01-21T23:33:09.547044+00:00, run_after=2025-01-22T23:33:09.547044+00:00
[2025-01-22 20:33:09,595] {processor.py:161} INFO - Processing /mnt/c/Users/ander/Desktop/airflow-spark/airflow-spark/curso2/ambientX/lib/python3.9/site-packages/airflow/example_dags/example_short_circuit_operator.py took 0.178 seconds
[2025-01-22 20:35:20,945] {processor.py:153} INFO - Started process (PID=11049) to work on /mnt/c/Users/ander/Desktop/airflow-spark/airflow-spark/curso2/ambientX/lib/python3.9/site-packages/airflow/example_dags/example_short_circuit_operator.py
[2025-01-22 20:35:20,953] {processor.py:641} INFO - Processing file /mnt/c/Users/ander/Desktop/airflow-spark/airflow-spark/curso2/ambientX/lib/python3.9/site-packages/airflow/example_dags/example_short_circuit_operator.py for tasks to queue
[2025-01-22 20:35:20,962] {logging_mixin.py:115} INFO - [2025-01-22 20:35:20,962] {dagbag.py:507} INFO - Filling up the DagBag from /mnt/c/Users/ander/Desktop/airflow-spark/airflow-spark/curso2/ambientX/lib/python3.9/site-packages/airflow/example_dags/example_short_circuit_operator.py
[2025-01-22 20:35:21,034] {processor.py:651} INFO - DAG(s) dict_keys(['example_short_circuit_operator']) retrieved from /mnt/c/Users/ander/Desktop/airflow-spark/airflow-spark/curso2/ambientX/lib/python3.9/site-packages/airflow/example_dags/example_short_circuit_operator.py
[2025-01-22 20:35:21,138] {logging_mixin.py:115} INFO - [2025-01-22 20:35:21,138] {dag.py:2379} INFO - Sync 1 DAGs
[2025-01-22 20:35:21,242] {logging_mixin.py:115} INFO - [2025-01-22 20:35:21,242] {dag.py:2927} INFO - Setting next_dagrun for example_short_circuit_operator to 2025-01-21T23:35:21.241693+00:00, run_after=2025-01-22T23:35:21.241693+00:00
[2025-01-22 20:35:21,333] {processor.py:161} INFO - Processing /mnt/c/Users/ander/Desktop/airflow-spark/airflow-spark/curso2/ambientX/lib/python3.9/site-packages/airflow/example_dags/example_short_circuit_operator.py took 0.399 seconds
