[2025-01-22 20:31:41,867] {processor.py:153} INFO - Started process (PID=9603) to work on /mnt/c/Users/ander/Desktop/airflow-spark/airflow-spark/curso2/ambientX/lib/python3.9/site-packages/airflow/example_dags/example_latest_only_with_trigger.py
[2025-01-22 20:31:41,869] {processor.py:641} INFO - Processing file /mnt/c/Users/ander/Desktop/airflow-spark/airflow-spark/curso2/ambientX/lib/python3.9/site-packages/airflow/example_dags/example_latest_only_with_trigger.py for tasks to queue
[2025-01-22 20:31:41,870] {logging_mixin.py:115} INFO - [2025-01-22 20:31:41,869] {dagbag.py:507} INFO - Filling up the DagBag from /mnt/c/Users/ander/Desktop/airflow-spark/airflow-spark/curso2/ambientX/lib/python3.9/site-packages/airflow/example_dags/example_latest_only_with_trigger.py
[2025-01-22 20:31:41,945] {processor.py:651} INFO - DAG(s) dict_keys(['latest_only_with_trigger']) retrieved from /mnt/c/Users/ander/Desktop/airflow-spark/airflow-spark/curso2/ambientX/lib/python3.9/site-packages/airflow/example_dags/example_latest_only_with_trigger.py
[2025-01-22 20:31:42,107] {logging_mixin.py:115} INFO - [2025-01-22 20:31:42,107] {manager.py:508} INFO - Created Permission View: can read on DAG:latest_only_with_trigger
[2025-01-22 20:31:42,145] {logging_mixin.py:115} INFO - [2025-01-22 20:31:42,145] {manager.py:508} INFO - Created Permission View: can delete on DAG:latest_only_with_trigger
[2025-01-22 20:31:42,188] {logging_mixin.py:115} INFO - [2025-01-22 20:31:42,188] {manager.py:508} INFO - Created Permission View: can edit on DAG:latest_only_with_trigger
[2025-01-22 20:31:42,189] {logging_mixin.py:115} INFO - [2025-01-22 20:31:42,189] {dag.py:2379} INFO - Sync 1 DAGs
[2025-01-22 20:31:42,208] {logging_mixin.py:115} INFO - [2025-01-22 20:31:42,208] {dag.py:2398} INFO - Creating ORM DAG for latest_only_with_trigger
[2025-01-22 20:31:42,223] {logging_mixin.py:115} INFO - [2025-01-22 20:31:42,223] {dag.py:2927} INFO - Setting next_dagrun for latest_only_with_trigger to 2025-01-22T19:31:42.223103+00:00, run_after=2025-01-22T23:31:42.223103+00:00
[2025-01-22 20:31:42,275] {processor.py:161} INFO - Processing /mnt/c/Users/ander/Desktop/airflow-spark/airflow-spark/curso2/ambientX/lib/python3.9/site-packages/airflow/example_dags/example_latest_only_with_trigger.py took 0.411 seconds
[2025-01-22 20:32:30,720] {processor.py:153} INFO - Started process (PID=9776) to work on /mnt/c/Users/ander/Desktop/airflow-spark/airflow-spark/curso2/ambientX/lib/python3.9/site-packages/airflow/example_dags/example_latest_only_with_trigger.py
[2025-01-22 20:32:30,722] {processor.py:641} INFO - Processing file /mnt/c/Users/ander/Desktop/airflow-spark/airflow-spark/curso2/ambientX/lib/python3.9/site-packages/airflow/example_dags/example_latest_only_with_trigger.py for tasks to queue
[2025-01-22 20:32:30,723] {logging_mixin.py:115} INFO - [2025-01-22 20:32:30,723] {dagbag.py:507} INFO - Filling up the DagBag from /mnt/c/Users/ander/Desktop/airflow-spark/airflow-spark/curso2/ambientX/lib/python3.9/site-packages/airflow/example_dags/example_latest_only_with_trigger.py
[2025-01-22 20:32:30,769] {processor.py:651} INFO - DAG(s) dict_keys(['latest_only_with_trigger']) retrieved from /mnt/c/Users/ander/Desktop/airflow-spark/airflow-spark/curso2/ambientX/lib/python3.9/site-packages/airflow/example_dags/example_latest_only_with_trigger.py
[2025-01-22 20:32:30,811] {logging_mixin.py:115} INFO - [2025-01-22 20:32:30,811] {dag.py:2379} INFO - Sync 1 DAGs
[2025-01-22 20:32:30,842] {logging_mixin.py:115} INFO - [2025-01-22 20:32:30,841] {dag.py:2927} INFO - Setting next_dagrun for latest_only_with_trigger to 2025-01-22T19:32:30.841514+00:00, run_after=2025-01-22T23:32:30.841514+00:00
[2025-01-22 20:32:30,893] {processor.py:161} INFO - Processing /mnt/c/Users/ander/Desktop/airflow-spark/airflow-spark/curso2/ambientX/lib/python3.9/site-packages/airflow/example_dags/example_latest_only_with_trigger.py took 0.177 seconds
[2025-01-22 20:33:16,451] {processor.py:153} INFO - Started process (PID=9937) to work on /mnt/c/Users/ander/Desktop/airflow-spark/airflow-spark/curso2/ambientX/lib/python3.9/site-packages/airflow/example_dags/example_latest_only_with_trigger.py
[2025-01-22 20:33:16,452] {processor.py:641} INFO - Processing file /mnt/c/Users/ander/Desktop/airflow-spark/airflow-spark/curso2/ambientX/lib/python3.9/site-packages/airflow/example_dags/example_latest_only_with_trigger.py for tasks to queue
[2025-01-22 20:33:16,453] {logging_mixin.py:115} INFO - [2025-01-22 20:33:16,453] {dagbag.py:507} INFO - Filling up the DagBag from /mnt/c/Users/ander/Desktop/airflow-spark/airflow-spark/curso2/ambientX/lib/python3.9/site-packages/airflow/example_dags/example_latest_only_with_trigger.py
[2025-01-22 20:33:16,497] {processor.py:651} INFO - DAG(s) dict_keys(['latest_only_with_trigger']) retrieved from /mnt/c/Users/ander/Desktop/airflow-spark/airflow-spark/curso2/ambientX/lib/python3.9/site-packages/airflow/example_dags/example_latest_only_with_trigger.py
[2025-01-22 20:33:16,540] {logging_mixin.py:115} INFO - [2025-01-22 20:33:16,540] {dag.py:2379} INFO - Sync 1 DAGs
[2025-01-22 20:33:16,570] {logging_mixin.py:115} INFO - [2025-01-22 20:33:16,570] {dag.py:2927} INFO - Setting next_dagrun for latest_only_with_trigger to 2025-01-22T19:33:16.570172+00:00, run_after=2025-01-22T23:33:16.570172+00:00
[2025-01-22 20:33:16,621] {processor.py:161} INFO - Processing /mnt/c/Users/ander/Desktop/airflow-spark/airflow-spark/curso2/ambientX/lib/python3.9/site-packages/airflow/example_dags/example_latest_only_with_trigger.py took 0.173 seconds
[2025-01-22 20:35:28,297] {processor.py:153} INFO - Started process (PID=11133) to work on /mnt/c/Users/ander/Desktop/airflow-spark/airflow-spark/curso2/ambientX/lib/python3.9/site-packages/airflow/example_dags/example_latest_only_with_trigger.py
[2025-01-22 20:35:28,301] {processor.py:641} INFO - Processing file /mnt/c/Users/ander/Desktop/airflow-spark/airflow-spark/curso2/ambientX/lib/python3.9/site-packages/airflow/example_dags/example_latest_only_with_trigger.py for tasks to queue
[2025-01-22 20:35:28,304] {logging_mixin.py:115} INFO - [2025-01-22 20:35:28,303] {dagbag.py:507} INFO - Filling up the DagBag from /mnt/c/Users/ander/Desktop/airflow-spark/airflow-spark/curso2/ambientX/lib/python3.9/site-packages/airflow/example_dags/example_latest_only_with_trigger.py
[2025-01-22 20:35:28,376] {processor.py:651} INFO - DAG(s) dict_keys(['latest_only_with_trigger']) retrieved from /mnt/c/Users/ander/Desktop/airflow-spark/airflow-spark/curso2/ambientX/lib/python3.9/site-packages/airflow/example_dags/example_latest_only_with_trigger.py
[2025-01-22 20:35:28,473] {logging_mixin.py:115} INFO - [2025-01-22 20:35:28,473] {dag.py:2379} INFO - Sync 1 DAGs
[2025-01-22 20:35:28,558] {logging_mixin.py:115} INFO - [2025-01-22 20:35:28,558] {dag.py:2927} INFO - Setting next_dagrun for latest_only_with_trigger to 2025-01-22T19:35:28.556630+00:00, run_after=2025-01-22T23:35:28.556630+00:00
[2025-01-22 20:35:28,670] {processor.py:161} INFO - Processing /mnt/c/Users/ander/Desktop/airflow-spark/airflow-spark/curso2/ambientX/lib/python3.9/site-packages/airflow/example_dags/example_latest_only_with_trigger.py took 0.394 seconds
