[2025-01-22 20:31:43,014] {processor.py:153} INFO - Started process (PID=9604) to work on /mnt/c/Users/ander/Desktop/airflow-spark/airflow-spark/curso2/ambientX/lib/python3.9/site-packages/airflow/example_dags/example_latest_only.py
[2025-01-22 20:31:43,015] {processor.py:641} INFO - Processing file /mnt/c/Users/ander/Desktop/airflow-spark/airflow-spark/curso2/ambientX/lib/python3.9/site-packages/airflow/example_dags/example_latest_only.py for tasks to queue
[2025-01-22 20:31:43,017] {logging_mixin.py:115} INFO - [2025-01-22 20:31:43,016] {dagbag.py:507} INFO - Filling up the DagBag from /mnt/c/Users/ander/Desktop/airflow-spark/airflow-spark/curso2/ambientX/lib/python3.9/site-packages/airflow/example_dags/example_latest_only.py
[2025-01-22 20:31:43,065] {processor.py:651} INFO - DAG(s) dict_keys(['latest_only']) retrieved from /mnt/c/Users/ander/Desktop/airflow-spark/airflow-spark/curso2/ambientX/lib/python3.9/site-packages/airflow/example_dags/example_latest_only.py
[2025-01-22 20:31:43,258] {logging_mixin.py:115} INFO - [2025-01-22 20:31:43,258] {manager.py:508} INFO - Created Permission View: can read on DAG:latest_only
[2025-01-22 20:31:43,301] {logging_mixin.py:115} INFO - [2025-01-22 20:31:43,301] {manager.py:508} INFO - Created Permission View: can delete on DAG:latest_only
[2025-01-22 20:31:43,343] {logging_mixin.py:115} INFO - [2025-01-22 20:31:43,343] {manager.py:508} INFO - Created Permission View: can edit on DAG:latest_only
[2025-01-22 20:31:43,344] {logging_mixin.py:115} INFO - [2025-01-22 20:31:43,344] {dag.py:2379} INFO - Sync 1 DAGs
[2025-01-22 20:31:43,364] {logging_mixin.py:115} INFO - [2025-01-22 20:31:43,364] {dag.py:2398} INFO - Creating ORM DAG for latest_only
[2025-01-22 20:31:43,381] {logging_mixin.py:115} INFO - [2025-01-22 20:31:43,381] {dag.py:2927} INFO - Setting next_dagrun for latest_only to 2025-01-22T19:31:43.381231+00:00, run_after=2025-01-22T23:31:43.381231+00:00
[2025-01-22 20:31:43,441] {processor.py:161} INFO - Processing /mnt/c/Users/ander/Desktop/airflow-spark/airflow-spark/curso2/ambientX/lib/python3.9/site-packages/airflow/example_dags/example_latest_only.py took 0.430 seconds
[2025-01-22 20:32:32,006] {processor.py:153} INFO - Started process (PID=9777) to work on /mnt/c/Users/ander/Desktop/airflow-spark/airflow-spark/curso2/ambientX/lib/python3.9/site-packages/airflow/example_dags/example_latest_only.py
[2025-01-22 20:32:32,008] {processor.py:641} INFO - Processing file /mnt/c/Users/ander/Desktop/airflow-spark/airflow-spark/curso2/ambientX/lib/python3.9/site-packages/airflow/example_dags/example_latest_only.py for tasks to queue
[2025-01-22 20:32:32,009] {logging_mixin.py:115} INFO - [2025-01-22 20:32:32,009] {dagbag.py:507} INFO - Filling up the DagBag from /mnt/c/Users/ander/Desktop/airflow-spark/airflow-spark/curso2/ambientX/lib/python3.9/site-packages/airflow/example_dags/example_latest_only.py
[2025-01-22 20:32:32,053] {processor.py:651} INFO - DAG(s) dict_keys(['latest_only']) retrieved from /mnt/c/Users/ander/Desktop/airflow-spark/airflow-spark/curso2/ambientX/lib/python3.9/site-packages/airflow/example_dags/example_latest_only.py
[2025-01-22 20:32:32,096] {logging_mixin.py:115} INFO - [2025-01-22 20:32:32,096] {dag.py:2379} INFO - Sync 1 DAGs
[2025-01-22 20:32:32,128] {logging_mixin.py:115} INFO - [2025-01-22 20:32:32,128] {dag.py:2927} INFO - Setting next_dagrun for latest_only to 2025-01-22T19:32:32.127534+00:00, run_after=2025-01-22T23:32:32.127534+00:00
[2025-01-22 20:32:32,180] {processor.py:161} INFO - Processing /mnt/c/Users/ander/Desktop/airflow-spark/airflow-spark/curso2/ambientX/lib/python3.9/site-packages/airflow/example_dags/example_latest_only.py took 0.177 seconds
[2025-01-22 20:33:17,743] {processor.py:153} INFO - Started process (PID=9944) to work on /mnt/c/Users/ander/Desktop/airflow-spark/airflow-spark/curso2/ambientX/lib/python3.9/site-packages/airflow/example_dags/example_latest_only.py
[2025-01-22 20:33:17,744] {processor.py:641} INFO - Processing file /mnt/c/Users/ander/Desktop/airflow-spark/airflow-spark/curso2/ambientX/lib/python3.9/site-packages/airflow/example_dags/example_latest_only.py for tasks to queue
[2025-01-22 20:33:17,745] {logging_mixin.py:115} INFO - [2025-01-22 20:33:17,745] {dagbag.py:507} INFO - Filling up the DagBag from /mnt/c/Users/ander/Desktop/airflow-spark/airflow-spark/curso2/ambientX/lib/python3.9/site-packages/airflow/example_dags/example_latest_only.py
[2025-01-22 20:33:17,791] {processor.py:651} INFO - DAG(s) dict_keys(['latest_only']) retrieved from /mnt/c/Users/ander/Desktop/airflow-spark/airflow-spark/curso2/ambientX/lib/python3.9/site-packages/airflow/example_dags/example_latest_only.py
[2025-01-22 20:33:17,835] {logging_mixin.py:115} INFO - [2025-01-22 20:33:17,835] {dag.py:2379} INFO - Sync 1 DAGs
[2025-01-22 20:33:17,865] {logging_mixin.py:115} INFO - [2025-01-22 20:33:17,865] {dag.py:2927} INFO - Setting next_dagrun for latest_only to 2025-01-22T19:33:17.864961+00:00, run_after=2025-01-22T23:33:17.864961+00:00
[2025-01-22 20:33:17,914] {processor.py:161} INFO - Processing /mnt/c/Users/ander/Desktop/airflow-spark/airflow-spark/curso2/ambientX/lib/python3.9/site-packages/airflow/example_dags/example_latest_only.py took 0.174 seconds
[2025-01-22 20:35:29,908] {processor.py:153} INFO - Started process (PID=11166) to work on /mnt/c/Users/ander/Desktop/airflow-spark/airflow-spark/curso2/ambientX/lib/python3.9/site-packages/airflow/example_dags/example_latest_only.py
[2025-01-22 20:35:29,910] {processor.py:641} INFO - Processing file /mnt/c/Users/ander/Desktop/airflow-spark/airflow-spark/curso2/ambientX/lib/python3.9/site-packages/airflow/example_dags/example_latest_only.py for tasks to queue
[2025-01-22 20:35:29,912] {logging_mixin.py:115} INFO - [2025-01-22 20:35:29,912] {dagbag.py:507} INFO - Filling up the DagBag from /mnt/c/Users/ander/Desktop/airflow-spark/airflow-spark/curso2/ambientX/lib/python3.9/site-packages/airflow/example_dags/example_latest_only.py
[2025-01-22 20:35:30,032] {processor.py:651} INFO - DAG(s) dict_keys(['latest_only']) retrieved from /mnt/c/Users/ander/Desktop/airflow-spark/airflow-spark/curso2/ambientX/lib/python3.9/site-packages/airflow/example_dags/example_latest_only.py
[2025-01-22 20:35:30,076] {logging_mixin.py:115} INFO - [2025-01-22 20:35:30,076] {dag.py:2379} INFO - Sync 1 DAGs
[2025-01-22 20:35:30,116] {logging_mixin.py:115} INFO - [2025-01-22 20:35:30,116] {dag.py:2927} INFO - Setting next_dagrun for latest_only to 2025-01-22T19:35:30.115747+00:00, run_after=2025-01-22T23:35:30.115747+00:00
[2025-01-22 20:35:30,188] {processor.py:161} INFO - Processing /mnt/c/Users/ander/Desktop/airflow-spark/airflow-spark/curso2/ambientX/lib/python3.9/site-packages/airflow/example_dags/example_latest_only.py took 0.285 seconds
