[2025-01-22 20:31:51,935] {processor.py:153} INFO - Started process (PID=9637) to work on /mnt/c/Users/ander/Desktop/airflow-spark/airflow-spark/curso2/ambientX/lib/python3.9/site-packages/airflow/example_dags/example_branch_operator_decorator.py
[2025-01-22 20:31:51,936] {processor.py:641} INFO - Processing file /mnt/c/Users/ander/Desktop/airflow-spark/airflow-spark/curso2/ambientX/lib/python3.9/site-packages/airflow/example_dags/example_branch_operator_decorator.py for tasks to queue
[2025-01-22 20:31:51,937] {logging_mixin.py:115} INFO - [2025-01-22 20:31:51,937] {dagbag.py:507} INFO - Filling up the DagBag from /mnt/c/Users/ander/Desktop/airflow-spark/airflow-spark/curso2/ambientX/lib/python3.9/site-packages/airflow/example_dags/example_branch_operator_decorator.py
[2025-01-22 20:31:52,071] {processor.py:651} INFO - DAG(s) dict_keys(['example_branch_python_operator_decorator']) retrieved from /mnt/c/Users/ander/Desktop/airflow-spark/airflow-spark/curso2/ambientX/lib/python3.9/site-packages/airflow/example_dags/example_branch_operator_decorator.py
[2025-01-22 20:31:52,264] {logging_mixin.py:115} INFO - [2025-01-22 20:31:52,263] {manager.py:508} INFO - Created Permission View: can read on DAG:example_branch_python_operator_decorator
[2025-01-22 20:31:52,306] {logging_mixin.py:115} INFO - [2025-01-22 20:31:52,306] {manager.py:508} INFO - Created Permission View: can delete on DAG:example_branch_python_operator_decorator
[2025-01-22 20:31:52,352] {logging_mixin.py:115} INFO - [2025-01-22 20:31:52,352] {manager.py:508} INFO - Created Permission View: can edit on DAG:example_branch_python_operator_decorator
[2025-01-22 20:31:52,353] {logging_mixin.py:115} INFO - [2025-01-22 20:31:52,353] {dag.py:2379} INFO - Sync 1 DAGs
[2025-01-22 20:31:52,375] {logging_mixin.py:115} INFO - [2025-01-22 20:31:52,375] {dag.py:2398} INFO - Creating ORM DAG for example_branch_python_operator_decorator
[2025-01-22 20:31:52,398] {logging_mixin.py:115} INFO - [2025-01-22 20:31:52,398] {dag.py:2927} INFO - Setting next_dagrun for example_branch_python_operator_decorator to 2025-01-21T00:00:00+00:00, run_after=2025-01-22T00:00:00+00:00
[2025-01-22 20:31:52,447] {processor.py:161} INFO - Processing /mnt/c/Users/ander/Desktop/airflow-spark/airflow-spark/curso2/ambientX/lib/python3.9/site-packages/airflow/example_dags/example_branch_operator_decorator.py took 0.516 seconds
[2025-01-22 20:32:40,630] {processor.py:153} INFO - Started process (PID=9807) to work on /mnt/c/Users/ander/Desktop/airflow-spark/airflow-spark/curso2/ambientX/lib/python3.9/site-packages/airflow/example_dags/example_branch_operator_decorator.py
[2025-01-22 20:32:40,631] {processor.py:641} INFO - Processing file /mnt/c/Users/ander/Desktop/airflow-spark/airflow-spark/curso2/ambientX/lib/python3.9/site-packages/airflow/example_dags/example_branch_operator_decorator.py for tasks to queue
[2025-01-22 20:32:40,633] {logging_mixin.py:115} INFO - [2025-01-22 20:32:40,632] {dagbag.py:507} INFO - Filling up the DagBag from /mnt/c/Users/ander/Desktop/airflow-spark/airflow-spark/curso2/ambientX/lib/python3.9/site-packages/airflow/example_dags/example_branch_operator_decorator.py
[2025-01-22 20:32:40,740] {processor.py:651} INFO - DAG(s) dict_keys(['example_branch_python_operator_decorator']) retrieved from /mnt/c/Users/ander/Desktop/airflow-spark/airflow-spark/curso2/ambientX/lib/python3.9/site-packages/airflow/example_dags/example_branch_operator_decorator.py
[2025-01-22 20:32:40,782] {logging_mixin.py:115} INFO - [2025-01-22 20:32:40,782] {dag.py:2379} INFO - Sync 1 DAGs
[2025-01-22 20:32:40,820] {logging_mixin.py:115} INFO - [2025-01-22 20:32:40,820] {dag.py:2927} INFO - Setting next_dagrun for example_branch_python_operator_decorator to 2025-01-21T00:00:00+00:00, run_after=2025-01-22T00:00:00+00:00
[2025-01-22 20:32:40,895] {processor.py:161} INFO - Processing /mnt/c/Users/ander/Desktop/airflow-spark/airflow-spark/curso2/ambientX/lib/python3.9/site-packages/airflow/example_dags/example_branch_operator_decorator.py took 0.268 seconds
[2025-01-22 20:33:24,727] {processor.py:153} INFO - Started process (PID=9968) to work on /mnt/c/Users/ander/Desktop/airflow-spark/airflow-spark/curso2/ambientX/lib/python3.9/site-packages/airflow/example_dags/example_branch_operator_decorator.py
[2025-01-22 20:33:24,728] {processor.py:641} INFO - Processing file /mnt/c/Users/ander/Desktop/airflow-spark/airflow-spark/curso2/ambientX/lib/python3.9/site-packages/airflow/example_dags/example_branch_operator_decorator.py for tasks to queue
[2025-01-22 20:33:24,729] {logging_mixin.py:115} INFO - [2025-01-22 20:33:24,729] {dagbag.py:507} INFO - Filling up the DagBag from /mnt/c/Users/ander/Desktop/airflow-spark/airflow-spark/curso2/ambientX/lib/python3.9/site-packages/airflow/example_dags/example_branch_operator_decorator.py
[2025-01-22 20:33:24,849] {processor.py:651} INFO - DAG(s) dict_keys(['example_branch_python_operator_decorator']) retrieved from /mnt/c/Users/ander/Desktop/airflow-spark/airflow-spark/curso2/ambientX/lib/python3.9/site-packages/airflow/example_dags/example_branch_operator_decorator.py
[2025-01-22 20:33:24,896] {logging_mixin.py:115} INFO - [2025-01-22 20:33:24,896] {dag.py:2379} INFO - Sync 1 DAGs
[2025-01-22 20:33:24,927] {logging_mixin.py:115} INFO - [2025-01-22 20:33:24,927] {dag.py:2927} INFO - Setting next_dagrun for example_branch_python_operator_decorator to 2025-01-21T00:00:00+00:00, run_after=2025-01-22T00:00:00+00:00
[2025-01-22 20:33:24,975] {processor.py:161} INFO - Processing /mnt/c/Users/ander/Desktop/airflow-spark/airflow-spark/curso2/ambientX/lib/python3.9/site-packages/airflow/example_dags/example_branch_operator_decorator.py took 0.251 seconds
[2025-01-22 20:35:37,760] {processor.py:153} INFO - Started process (PID=11229) to work on /mnt/c/Users/ander/Desktop/airflow-spark/airflow-spark/curso2/ambientX/lib/python3.9/site-packages/airflow/example_dags/example_branch_operator_decorator.py
[2025-01-22 20:35:37,762] {processor.py:641} INFO - Processing file /mnt/c/Users/ander/Desktop/airflow-spark/airflow-spark/curso2/ambientX/lib/python3.9/site-packages/airflow/example_dags/example_branch_operator_decorator.py for tasks to queue
[2025-01-22 20:35:37,762] {logging_mixin.py:115} INFO - [2025-01-22 20:35:37,762] {dagbag.py:507} INFO - Filling up the DagBag from /mnt/c/Users/ander/Desktop/airflow-spark/airflow-spark/curso2/ambientX/lib/python3.9/site-packages/airflow/example_dags/example_branch_operator_decorator.py
[2025-01-22 20:35:37,915] {processor.py:651} INFO - DAG(s) dict_keys(['example_branch_python_operator_decorator']) retrieved from /mnt/c/Users/ander/Desktop/airflow-spark/airflow-spark/curso2/ambientX/lib/python3.9/site-packages/airflow/example_dags/example_branch_operator_decorator.py
[2025-01-22 20:35:37,950] {logging_mixin.py:115} INFO - [2025-01-22 20:35:37,950] {dag.py:2379} INFO - Sync 1 DAGs
[2025-01-22 20:35:37,980] {logging_mixin.py:115} INFO - [2025-01-22 20:35:37,979] {dag.py:2927} INFO - Setting next_dagrun for example_branch_python_operator_decorator to 2025-01-21T00:00:00+00:00, run_after=2025-01-22T00:00:00+00:00
[2025-01-22 20:35:38,026] {processor.py:161} INFO - Processing /mnt/c/Users/ander/Desktop/airflow-spark/airflow-spark/curso2/ambientX/lib/python3.9/site-packages/airflow/example_dags/example_branch_operator_decorator.py took 0.270 seconds
