[2025-01-22 20:31:18,124] {processor.py:153} INFO - Started process (PID=9259) to work on /mnt/c/Users/ander/Desktop/airflow-spark/airflow-spark/curso2/ambientX/lib/python3.9/site-packages/airflow/example_dags/example_trigger_target_dag.py
[2025-01-22 20:31:18,127] {processor.py:641} INFO - Processing file /mnt/c/Users/ander/Desktop/airflow-spark/airflow-spark/curso2/ambientX/lib/python3.9/site-packages/airflow/example_dags/example_trigger_target_dag.py for tasks to queue
[2025-01-22 20:31:18,128] {logging_mixin.py:115} INFO - [2025-01-22 20:31:18,128] {dagbag.py:507} INFO - Filling up the DagBag from /mnt/c/Users/ander/Desktop/airflow-spark/airflow-spark/curso2/ambientX/lib/python3.9/site-packages/airflow/example_dags/example_trigger_target_dag.py
[2025-01-22 20:31:18,378] {processor.py:651} INFO - DAG(s) dict_keys(['example_trigger_target_dag']) retrieved from /mnt/c/Users/ander/Desktop/airflow-spark/airflow-spark/curso2/ambientX/lib/python3.9/site-packages/airflow/example_dags/example_trigger_target_dag.py
[2025-01-22 20:31:18,738] {logging_mixin.py:115} INFO - [2025-01-22 20:31:18,738] {manager.py:508} INFO - Created Permission View: can read on DAG:example_trigger_target_dag
[2025-01-22 20:31:18,809] {logging_mixin.py:115} INFO - [2025-01-22 20:31:18,808] {manager.py:508} INFO - Created Permission View: can delete on DAG:example_trigger_target_dag
[2025-01-22 20:31:18,855] {logging_mixin.py:115} INFO - [2025-01-22 20:31:18,855] {manager.py:508} INFO - Created Permission View: can edit on DAG:example_trigger_target_dag
[2025-01-22 20:31:18,855] {logging_mixin.py:115} INFO - [2025-01-22 20:31:18,855] {dag.py:2379} INFO - Sync 1 DAGs
[2025-01-22 20:31:18,880] {logging_mixin.py:115} INFO - [2025-01-22 20:31:18,879] {dag.py:2398} INFO - Creating ORM DAG for example_trigger_target_dag
[2025-01-22 20:31:18,906] {logging_mixin.py:115} INFO - [2025-01-22 20:31:18,906] {dag.py:2927} INFO - Setting next_dagrun for example_trigger_target_dag to None, run_after=None
[2025-01-22 20:31:18,987] {processor.py:161} INFO - Processing /mnt/c/Users/ander/Desktop/airflow-spark/airflow-spark/curso2/ambientX/lib/python3.9/site-packages/airflow/example_dags/example_trigger_target_dag.py took 0.872 seconds
[2025-01-22 20:32:15,657] {processor.py:153} INFO - Started process (PID=9718) to work on /mnt/c/Users/ander/Desktop/airflow-spark/airflow-spark/curso2/ambientX/lib/python3.9/site-packages/airflow/example_dags/example_trigger_target_dag.py
[2025-01-22 20:32:15,659] {processor.py:641} INFO - Processing file /mnt/c/Users/ander/Desktop/airflow-spark/airflow-spark/curso2/ambientX/lib/python3.9/site-packages/airflow/example_dags/example_trigger_target_dag.py for tasks to queue
[2025-01-22 20:32:15,660] {logging_mixin.py:115} INFO - [2025-01-22 20:32:15,660] {dagbag.py:507} INFO - Filling up the DagBag from /mnt/c/Users/ander/Desktop/airflow-spark/airflow-spark/curso2/ambientX/lib/python3.9/site-packages/airflow/example_dags/example_trigger_target_dag.py
[2025-01-22 20:32:15,809] {processor.py:651} INFO - DAG(s) dict_keys(['example_trigger_target_dag']) retrieved from /mnt/c/Users/ander/Desktop/airflow-spark/airflow-spark/curso2/ambientX/lib/python3.9/site-packages/airflow/example_dags/example_trigger_target_dag.py
[2025-01-22 20:32:15,853] {logging_mixin.py:115} INFO - [2025-01-22 20:32:15,853] {dag.py:2379} INFO - Sync 1 DAGs
[2025-01-22 20:32:15,884] {logging_mixin.py:115} INFO - [2025-01-22 20:32:15,884] {dag.py:2927} INFO - Setting next_dagrun for example_trigger_target_dag to None, run_after=None
[2025-01-22 20:32:15,933] {processor.py:161} INFO - Processing /mnt/c/Users/ander/Desktop/airflow-spark/airflow-spark/curso2/ambientX/lib/python3.9/site-packages/airflow/example_dags/example_trigger_target_dag.py took 0.280 seconds
[2025-01-22 20:32:59,507] {processor.py:153} INFO - Started process (PID=9876) to work on /mnt/c/Users/ander/Desktop/airflow-spark/airflow-spark/curso2/ambientX/lib/python3.9/site-packages/airflow/example_dags/example_trigger_target_dag.py
[2025-01-22 20:32:59,508] {processor.py:641} INFO - Processing file /mnt/c/Users/ander/Desktop/airflow-spark/airflow-spark/curso2/ambientX/lib/python3.9/site-packages/airflow/example_dags/example_trigger_target_dag.py for tasks to queue
[2025-01-22 20:32:59,509] {logging_mixin.py:115} INFO - [2025-01-22 20:32:59,509] {dagbag.py:507} INFO - Filling up the DagBag from /mnt/c/Users/ander/Desktop/airflow-spark/airflow-spark/curso2/ambientX/lib/python3.9/site-packages/airflow/example_dags/example_trigger_target_dag.py
[2025-01-22 20:32:59,662] {processor.py:651} INFO - DAG(s) dict_keys(['example_trigger_target_dag']) retrieved from /mnt/c/Users/ander/Desktop/airflow-spark/airflow-spark/curso2/ambientX/lib/python3.9/site-packages/airflow/example_dags/example_trigger_target_dag.py
[2025-01-22 20:32:59,701] {logging_mixin.py:115} INFO - [2025-01-22 20:32:59,701] {dag.py:2379} INFO - Sync 1 DAGs
[2025-01-22 20:32:59,730] {logging_mixin.py:115} INFO - [2025-01-22 20:32:59,730] {dag.py:2927} INFO - Setting next_dagrun for example_trigger_target_dag to None, run_after=None
[2025-01-22 20:32:59,777] {processor.py:161} INFO - Processing /mnt/c/Users/ander/Desktop/airflow-spark/airflow-spark/curso2/ambientX/lib/python3.9/site-packages/airflow/example_dags/example_trigger_target_dag.py took 0.274 seconds
[2025-01-22 20:33:46,024] {processor.py:153} INFO - Started process (PID=10220) to work on /mnt/c/Users/ander/Desktop/airflow-spark/airflow-spark/curso2/ambientX/lib/python3.9/site-packages/airflow/example_dags/example_trigger_target_dag.py
[2025-01-22 20:33:46,025] {processor.py:641} INFO - Processing file /mnt/c/Users/ander/Desktop/airflow-spark/airflow-spark/curso2/ambientX/lib/python3.9/site-packages/airflow/example_dags/example_trigger_target_dag.py for tasks to queue
[2025-01-22 20:33:46,026] {logging_mixin.py:115} INFO - [2025-01-22 20:33:46,026] {dagbag.py:507} INFO - Filling up the DagBag from /mnt/c/Users/ander/Desktop/airflow-spark/airflow-spark/curso2/ambientX/lib/python3.9/site-packages/airflow/example_dags/example_trigger_target_dag.py
[2025-01-22 20:33:46,176] {processor.py:651} INFO - DAG(s) dict_keys(['example_trigger_target_dag']) retrieved from /mnt/c/Users/ander/Desktop/airflow-spark/airflow-spark/curso2/ambientX/lib/python3.9/site-packages/airflow/example_dags/example_trigger_target_dag.py
[2025-01-22 20:33:46,217] {logging_mixin.py:115} INFO - [2025-01-22 20:33:46,216] {dag.py:2379} INFO - Sync 1 DAGs
[2025-01-22 20:33:46,246] {logging_mixin.py:115} INFO - [2025-01-22 20:33:46,245] {dag.py:2927} INFO - Setting next_dagrun for example_trigger_target_dag to None, run_after=None
[2025-01-22 20:33:46,294] {processor.py:161} INFO - Processing /mnt/c/Users/ander/Desktop/airflow-spark/airflow-spark/curso2/ambientX/lib/python3.9/site-packages/airflow/example_dags/example_trigger_target_dag.py took 0.273 seconds
[2025-01-22 20:35:05,961] {processor.py:153} INFO - Started process (PID=10815) to work on /mnt/c/Users/ander/Desktop/airflow-spark/airflow-spark/curso2/ambientX/lib/python3.9/site-packages/airflow/example_dags/example_trigger_target_dag.py
[2025-01-22 20:35:05,962] {processor.py:641} INFO - Processing file /mnt/c/Users/ander/Desktop/airflow-spark/airflow-spark/curso2/ambientX/lib/python3.9/site-packages/airflow/example_dags/example_trigger_target_dag.py for tasks to queue
[2025-01-22 20:35:05,963] {logging_mixin.py:115} INFO - [2025-01-22 20:35:05,963] {dagbag.py:507} INFO - Filling up the DagBag from /mnt/c/Users/ander/Desktop/airflow-spark/airflow-spark/curso2/ambientX/lib/python3.9/site-packages/airflow/example_dags/example_trigger_target_dag.py
[2025-01-22 20:35:06,113] {processor.py:651} INFO - DAG(s) dict_keys(['example_trigger_target_dag']) retrieved from /mnt/c/Users/ander/Desktop/airflow-spark/airflow-spark/curso2/ambientX/lib/python3.9/site-packages/airflow/example_dags/example_trigger_target_dag.py
[2025-01-22 20:35:06,158] {logging_mixin.py:115} INFO - [2025-01-22 20:35:06,158] {dag.py:2379} INFO - Sync 1 DAGs
[2025-01-22 20:35:06,189] {logging_mixin.py:115} INFO - [2025-01-22 20:35:06,188] {dag.py:2927} INFO - Setting next_dagrun for example_trigger_target_dag to None, run_after=None
[2025-01-22 20:35:06,276] {processor.py:161} INFO - Processing /mnt/c/Users/ander/Desktop/airflow-spark/airflow-spark/curso2/ambientX/lib/python3.9/site-packages/airflow/example_dags/example_trigger_target_dag.py took 0.321 seconds
