[2025-01-22 20:31:56,129] {processor.py:153} INFO - Started process (PID=9652) to work on /mnt/c/Users/ander/Desktop/airflow-spark/airflow-spark/curso2/ambientX/lib/python3.9/site-packages/airflow/example_dags/example_branch_day_of_week_operator.py
[2025-01-22 20:31:56,131] {processor.py:641} INFO - Processing file /mnt/c/Users/ander/Desktop/airflow-spark/airflow-spark/curso2/ambientX/lib/python3.9/site-packages/airflow/example_dags/example_branch_day_of_week_operator.py for tasks to queue
[2025-01-22 20:31:56,133] {logging_mixin.py:115} INFO - [2025-01-22 20:31:56,132] {dagbag.py:507} INFO - Filling up the DagBag from /mnt/c/Users/ander/Desktop/airflow-spark/airflow-spark/curso2/ambientX/lib/python3.9/site-packages/airflow/example_dags/example_branch_day_of_week_operator.py
[2025-01-22 20:31:56,207] {processor.py:651} INFO - DAG(s) dict_keys(['example_weekday_branch_operator']) retrieved from /mnt/c/Users/ander/Desktop/airflow-spark/airflow-spark/curso2/ambientX/lib/python3.9/site-packages/airflow/example_dags/example_branch_day_of_week_operator.py
[2025-01-22 20:31:56,390] {logging_mixin.py:115} INFO - [2025-01-22 20:31:56,389] {manager.py:508} INFO - Created Permission View: can read on DAG:example_weekday_branch_operator
[2025-01-22 20:31:56,433] {logging_mixin.py:115} INFO - [2025-01-22 20:31:56,433] {manager.py:508} INFO - Created Permission View: can delete on DAG:example_weekday_branch_operator
[2025-01-22 20:31:56,479] {logging_mixin.py:115} INFO - [2025-01-22 20:31:56,478] {manager.py:508} INFO - Created Permission View: can edit on DAG:example_weekday_branch_operator
[2025-01-22 20:31:56,479] {logging_mixin.py:115} INFO - [2025-01-22 20:31:56,479] {dag.py:2379} INFO - Sync 1 DAGs
[2025-01-22 20:31:56,500] {logging_mixin.py:115} INFO - [2025-01-22 20:31:56,499] {dag.py:2398} INFO - Creating ORM DAG for example_weekday_branch_operator
[2025-01-22 20:31:56,517] {logging_mixin.py:115} INFO - [2025-01-22 20:31:56,517] {dag.py:2927} INFO - Setting next_dagrun for example_weekday_branch_operator to 2025-01-21T00:00:00+00:00, run_after=2025-01-22T00:00:00+00:00
[2025-01-22 20:31:56,575] {processor.py:161} INFO - Processing /mnt/c/Users/ander/Desktop/airflow-spark/airflow-spark/curso2/ambientX/lib/python3.9/site-packages/airflow/example_dags/example_branch_day_of_week_operator.py took 0.449 seconds
[2025-01-22 20:32:53,260] {processor.py:153} INFO - Started process (PID=9853) to work on /mnt/c/Users/ander/Desktop/airflow-spark/airflow-spark/curso2/ambientX/lib/python3.9/site-packages/airflow/example_dags/example_branch_day_of_week_operator.py
[2025-01-22 20:32:53,261] {processor.py:641} INFO - Processing file /mnt/c/Users/ander/Desktop/airflow-spark/airflow-spark/curso2/ambientX/lib/python3.9/site-packages/airflow/example_dags/example_branch_day_of_week_operator.py for tasks to queue
[2025-01-22 20:32:53,262] {logging_mixin.py:115} INFO - [2025-01-22 20:32:53,262] {dagbag.py:507} INFO - Filling up the DagBag from /mnt/c/Users/ander/Desktop/airflow-spark/airflow-spark/curso2/ambientX/lib/python3.9/site-packages/airflow/example_dags/example_branch_day_of_week_operator.py
[2025-01-22 20:32:53,327] {processor.py:651} INFO - DAG(s) dict_keys(['example_weekday_branch_operator']) retrieved from /mnt/c/Users/ander/Desktop/airflow-spark/airflow-spark/curso2/ambientX/lib/python3.9/site-packages/airflow/example_dags/example_branch_day_of_week_operator.py
[2025-01-22 20:32:53,369] {logging_mixin.py:115} INFO - [2025-01-22 20:32:53,369] {dag.py:2379} INFO - Sync 1 DAGs
[2025-01-22 20:32:53,402] {logging_mixin.py:115} INFO - [2025-01-22 20:32:53,401] {dag.py:2927} INFO - Setting next_dagrun for example_weekday_branch_operator to 2025-01-21T00:00:00+00:00, run_after=2025-01-22T00:00:00+00:00
[2025-01-22 20:32:53,451] {processor.py:161} INFO - Processing /mnt/c/Users/ander/Desktop/airflow-spark/airflow-spark/curso2/ambientX/lib/python3.9/site-packages/airflow/example_dags/example_branch_day_of_week_operator.py took 0.195 seconds
[2025-01-22 20:33:38,547] {processor.py:153} INFO - Started process (PID=10132) to work on /mnt/c/Users/ander/Desktop/airflow-spark/airflow-spark/curso2/ambientX/lib/python3.9/site-packages/airflow/example_dags/example_branch_day_of_week_operator.py
[2025-01-22 20:33:38,548] {processor.py:641} INFO - Processing file /mnt/c/Users/ander/Desktop/airflow-spark/airflow-spark/curso2/ambientX/lib/python3.9/site-packages/airflow/example_dags/example_branch_day_of_week_operator.py for tasks to queue
[2025-01-22 20:33:38,549] {logging_mixin.py:115} INFO - [2025-01-22 20:33:38,549] {dagbag.py:507} INFO - Filling up the DagBag from /mnt/c/Users/ander/Desktop/airflow-spark/airflow-spark/curso2/ambientX/lib/python3.9/site-packages/airflow/example_dags/example_branch_day_of_week_operator.py
[2025-01-22 20:33:38,624] {processor.py:651} INFO - DAG(s) dict_keys(['example_weekday_branch_operator']) retrieved from /mnt/c/Users/ander/Desktop/airflow-spark/airflow-spark/curso2/ambientX/lib/python3.9/site-packages/airflow/example_dags/example_branch_day_of_week_operator.py
[2025-01-22 20:33:38,664] {logging_mixin.py:115} INFO - [2025-01-22 20:33:38,664] {dag.py:2379} INFO - Sync 1 DAGs
[2025-01-22 20:33:38,695] {logging_mixin.py:115} INFO - [2025-01-22 20:33:38,695] {dag.py:2927} INFO - Setting next_dagrun for example_weekday_branch_operator to 2025-01-21T00:00:00+00:00, run_after=2025-01-22T00:00:00+00:00
[2025-01-22 20:33:38,742] {processor.py:161} INFO - Processing /mnt/c/Users/ander/Desktop/airflow-spark/airflow-spark/curso2/ambientX/lib/python3.9/site-packages/airflow/example_dags/example_branch_day_of_week_operator.py took 0.199 seconds
[2025-01-22 20:35:41,499] {processor.py:153} INFO - Started process (PID=11238) to work on /mnt/c/Users/ander/Desktop/airflow-spark/airflow-spark/curso2/ambientX/lib/python3.9/site-packages/airflow/example_dags/example_branch_day_of_week_operator.py
[2025-01-22 20:35:41,501] {processor.py:641} INFO - Processing file /mnt/c/Users/ander/Desktop/airflow-spark/airflow-spark/curso2/ambientX/lib/python3.9/site-packages/airflow/example_dags/example_branch_day_of_week_operator.py for tasks to queue
[2025-01-22 20:35:41,503] {logging_mixin.py:115} INFO - [2025-01-22 20:35:41,502] {dagbag.py:507} INFO - Filling up the DagBag from /mnt/c/Users/ander/Desktop/airflow-spark/airflow-spark/curso2/ambientX/lib/python3.9/site-packages/airflow/example_dags/example_branch_day_of_week_operator.py
[2025-01-22 20:35:41,612] {processor.py:651} INFO - DAG(s) dict_keys(['example_weekday_branch_operator']) retrieved from /mnt/c/Users/ander/Desktop/airflow-spark/airflow-spark/curso2/ambientX/lib/python3.9/site-packages/airflow/example_dags/example_branch_day_of_week_operator.py
[2025-01-22 20:35:41,660] {logging_mixin.py:115} INFO - [2025-01-22 20:35:41,660] {dag.py:2379} INFO - Sync 1 DAGs
[2025-01-22 20:35:41,691] {logging_mixin.py:115} INFO - [2025-01-22 20:35:41,691] {dag.py:2927} INFO - Setting next_dagrun for example_weekday_branch_operator to 2025-01-21T00:00:00+00:00, run_after=2025-01-22T00:00:00+00:00
[2025-01-22 20:35:41,737] {processor.py:161} INFO - Processing /mnt/c/Users/ander/Desktop/airflow-spark/airflow-spark/curso2/ambientX/lib/python3.9/site-packages/airflow/example_dags/example_branch_day_of_week_operator.py took 0.243 seconds
