[2025-01-22 20:31:29,570] {processor.py:153} INFO - Started process (PID=9409) to work on /mnt/c/Users/ander/Desktop/airflow-spark/airflow-spark/curso2/ambientX/lib/python3.9/site-packages/airflow/example_dags/example_subdag_operator.py
[2025-01-22 20:31:29,572] {processor.py:641} INFO - Processing file /mnt/c/Users/ander/Desktop/airflow-spark/airflow-spark/curso2/ambientX/lib/python3.9/site-packages/airflow/example_dags/example_subdag_operator.py for tasks to queue
[2025-01-22 20:31:29,573] {logging_mixin.py:115} INFO - [2025-01-22 20:31:29,573] {dagbag.py:507} INFO - Filling up the DagBag from /mnt/c/Users/ander/Desktop/airflow-spark/airflow-spark/curso2/ambientX/lib/python3.9/site-packages/airflow/example_dags/example_subdag_operator.py
[2025-01-22 20:31:29,773] {processor.py:651} INFO - DAG(s) dict_keys(['example_subdag_operator.section-1', 'example_subdag_operator.section-2', 'example_subdag_operator']) retrieved from /mnt/c/Users/ander/Desktop/airflow-spark/airflow-spark/curso2/ambientX/lib/python3.9/site-packages/airflow/example_dags/example_subdag_operator.py
[2025-01-22 20:31:30,432] {logging_mixin.py:115} INFO - [2025-01-22 20:31:30,431] {manager.py:508} INFO - Created Permission View: can read on DAG:example_subdag_operator
[2025-01-22 20:31:30,584] {logging_mixin.py:115} INFO - [2025-01-22 20:31:30,583] {manager.py:508} INFO - Created Permission View: can delete on DAG:example_subdag_operator
[2025-01-22 20:31:30,662] {logging_mixin.py:115} INFO - [2025-01-22 20:31:30,662] {manager.py:508} INFO - Created Permission View: can edit on DAG:example_subdag_operator
[2025-01-22 20:31:30,663] {logging_mixin.py:115} INFO - [2025-01-22 20:31:30,663] {dag.py:2379} INFO - Sync 3 DAGs
[2025-01-22 20:31:30,712] {logging_mixin.py:115} INFO - [2025-01-22 20:31:30,711] {dag.py:2398} INFO - Creating ORM DAG for example_subdag_operator.section-1
[2025-01-22 20:31:30,721] {logging_mixin.py:115} INFO - [2025-01-22 20:31:30,720] {dag.py:2398} INFO - Creating ORM DAG for example_subdag_operator
[2025-01-22 20:31:30,726] {logging_mixin.py:115} INFO - [2025-01-22 20:31:30,726] {dag.py:2398} INFO - Creating ORM DAG for example_subdag_operator.section-2
[2025-01-22 20:31:30,759] {logging_mixin.py:115} INFO - [2025-01-22 20:31:30,759] {dag.py:2927} INFO - Setting next_dagrun for example_subdag_operator to 2022-01-01T00:00:00+00:00, run_after=2022-01-01T00:00:00+00:00
[2025-01-22 20:31:30,761] {logging_mixin.py:115} INFO - [2025-01-22 20:31:30,761] {dag.py:2927} INFO - Setting next_dagrun for example_subdag_operator.section-1 to None, run_after=None
[2025-01-22 20:31:30,762] {logging_mixin.py:115} INFO - [2025-01-22 20:31:30,762] {dag.py:2927} INFO - Setting next_dagrun for example_subdag_operator.section-2 to None, run_after=None
[2025-01-22 20:31:30,802] {logging_mixin.py:115} INFO - [2025-01-22 20:31:30,802] {dag.py:2379} INFO - Sync 2 DAGs
[2025-01-22 20:31:30,816] {logging_mixin.py:115} INFO - [2025-01-22 20:31:30,816] {dag.py:2927} INFO - Setting next_dagrun for example_subdag_operator.section-1 to None, run_after=None
[2025-01-22 20:31:30,821] {logging_mixin.py:115} INFO - [2025-01-22 20:31:30,821] {dag.py:2927} INFO - Setting next_dagrun for example_subdag_operator.section-2 to None, run_after=None
[2025-01-22 20:31:30,922] {processor.py:161} INFO - Processing /mnt/c/Users/ander/Desktop/airflow-spark/airflow-spark/curso2/ambientX/lib/python3.9/site-packages/airflow/example_dags/example_subdag_operator.py took 1.355 seconds
[2025-01-22 20:32:21,202] {processor.py:153} INFO - Started process (PID=9738) to work on /mnt/c/Users/ander/Desktop/airflow-spark/airflow-spark/curso2/ambientX/lib/python3.9/site-packages/airflow/example_dags/example_subdag_operator.py
[2025-01-22 20:32:21,204] {processor.py:641} INFO - Processing file /mnt/c/Users/ander/Desktop/airflow-spark/airflow-spark/curso2/ambientX/lib/python3.9/site-packages/airflow/example_dags/example_subdag_operator.py for tasks to queue
[2025-01-22 20:32:21,205] {logging_mixin.py:115} INFO - [2025-01-22 20:32:21,205] {dagbag.py:507} INFO - Filling up the DagBag from /mnt/c/Users/ander/Desktop/airflow-spark/airflow-spark/curso2/ambientX/lib/python3.9/site-packages/airflow/example_dags/example_subdag_operator.py
[2025-01-22 20:32:21,303] {processor.py:651} INFO - DAG(s) dict_keys(['example_subdag_operator.section-1', 'example_subdag_operator.section-2', 'example_subdag_operator']) retrieved from /mnt/c/Users/ander/Desktop/airflow-spark/airflow-spark/curso2/ambientX/lib/python3.9/site-packages/airflow/example_dags/example_subdag_operator.py
[2025-01-22 20:32:21,479] {logging_mixin.py:115} INFO - [2025-01-22 20:32:21,479] {dag.py:2379} INFO - Sync 3 DAGs
[2025-01-22 20:32:21,507] {logging_mixin.py:115} INFO - [2025-01-22 20:32:21,507] {dag.py:2927} INFO - Setting next_dagrun for example_subdag_operator to 2022-01-01T00:00:00+00:00, run_after=2022-01-01T00:00:00+00:00
[2025-01-22 20:32:21,507] {logging_mixin.py:115} INFO - [2025-01-22 20:32:21,507] {dag.py:2927} INFO - Setting next_dagrun for example_subdag_operator.section-1 to None, run_after=None
[2025-01-22 20:32:21,508] {logging_mixin.py:115} INFO - [2025-01-22 20:32:21,508] {dag.py:2927} INFO - Setting next_dagrun for example_subdag_operator.section-2 to None, run_after=None
[2025-01-22 20:32:21,524] {logging_mixin.py:115} INFO - [2025-01-22 20:32:21,524] {dag.py:2379} INFO - Sync 2 DAGs
[2025-01-22 20:32:21,529] {logging_mixin.py:115} INFO - [2025-01-22 20:32:21,529] {dag.py:2927} INFO - Setting next_dagrun for example_subdag_operator.section-1 to None, run_after=None
[2025-01-22 20:32:21,530] {logging_mixin.py:115} INFO - [2025-01-22 20:32:21,530] {dag.py:2927} INFO - Setting next_dagrun for example_subdag_operator.section-2 to None, run_after=None
[2025-01-22 20:32:21,561] {processor.py:161} INFO - Processing /mnt/c/Users/ander/Desktop/airflow-spark/airflow-spark/curso2/ambientX/lib/python3.9/site-packages/airflow/example_dags/example_subdag_operator.py took 0.363 seconds
[2025-01-22 20:33:04,684] {processor.py:153} INFO - Started process (PID=9899) to work on /mnt/c/Users/ander/Desktop/airflow-spark/airflow-spark/curso2/ambientX/lib/python3.9/site-packages/airflow/example_dags/example_subdag_operator.py
[2025-01-22 20:33:04,685] {processor.py:641} INFO - Processing file /mnt/c/Users/ander/Desktop/airflow-spark/airflow-spark/curso2/ambientX/lib/python3.9/site-packages/airflow/example_dags/example_subdag_operator.py for tasks to queue
[2025-01-22 20:33:04,686] {logging_mixin.py:115} INFO - [2025-01-22 20:33:04,686] {dagbag.py:507} INFO - Filling up the DagBag from /mnt/c/Users/ander/Desktop/airflow-spark/airflow-spark/curso2/ambientX/lib/python3.9/site-packages/airflow/example_dags/example_subdag_operator.py
[2025-01-22 20:33:04,805] {processor.py:651} INFO - DAG(s) dict_keys(['example_subdag_operator.section-1', 'example_subdag_operator.section-2', 'example_subdag_operator']) retrieved from /mnt/c/Users/ander/Desktop/airflow-spark/airflow-spark/curso2/ambientX/lib/python3.9/site-packages/airflow/example_dags/example_subdag_operator.py
[2025-01-22 20:33:05,035] {logging_mixin.py:115} INFO - [2025-01-22 20:33:05,035] {dag.py:2379} INFO - Sync 3 DAGs
[2025-01-22 20:33:05,064] {logging_mixin.py:115} INFO - [2025-01-22 20:33:05,064] {dag.py:2927} INFO - Setting next_dagrun for example_subdag_operator to 2022-01-01T00:00:00+00:00, run_after=2022-01-01T00:00:00+00:00
[2025-01-22 20:33:05,065] {logging_mixin.py:115} INFO - [2025-01-22 20:33:05,065] {dag.py:2927} INFO - Setting next_dagrun for example_subdag_operator.section-1 to None, run_after=None
[2025-01-22 20:33:05,065] {logging_mixin.py:115} INFO - [2025-01-22 20:33:05,065] {dag.py:2927} INFO - Setting next_dagrun for example_subdag_operator.section-2 to None, run_after=None
[2025-01-22 20:33:05,083] {logging_mixin.py:115} INFO - [2025-01-22 20:33:05,083] {dag.py:2379} INFO - Sync 2 DAGs
[2025-01-22 20:33:05,088] {logging_mixin.py:115} INFO - [2025-01-22 20:33:05,088] {dag.py:2927} INFO - Setting next_dagrun for example_subdag_operator.section-1 to None, run_after=None
[2025-01-22 20:33:05,089] {logging_mixin.py:115} INFO - [2025-01-22 20:33:05,088] {dag.py:2927} INFO - Setting next_dagrun for example_subdag_operator.section-2 to None, run_after=None
[2025-01-22 20:33:05,125] {processor.py:161} INFO - Processing /mnt/c/Users/ander/Desktop/airflow-spark/airflow-spark/curso2/ambientX/lib/python3.9/site-packages/airflow/example_dags/example_subdag_operator.py took 0.444 seconds
[2025-01-22 20:35:14,690] {processor.py:153} INFO - Started process (PID=10965) to work on /mnt/c/Users/ander/Desktop/airflow-spark/airflow-spark/curso2/ambientX/lib/python3.9/site-packages/airflow/example_dags/example_subdag_operator.py
[2025-01-22 20:35:14,692] {processor.py:641} INFO - Processing file /mnt/c/Users/ander/Desktop/airflow-spark/airflow-spark/curso2/ambientX/lib/python3.9/site-packages/airflow/example_dags/example_subdag_operator.py for tasks to queue
[2025-01-22 20:35:14,694] {logging_mixin.py:115} INFO - [2025-01-22 20:35:14,694] {dagbag.py:507} INFO - Filling up the DagBag from /mnt/c/Users/ander/Desktop/airflow-spark/airflow-spark/curso2/ambientX/lib/python3.9/site-packages/airflow/example_dags/example_subdag_operator.py
[2025-01-22 20:35:14,874] {processor.py:651} INFO - DAG(s) dict_keys(['example_subdag_operator.section-1', 'example_subdag_operator.section-2', 'example_subdag_operator']) retrieved from /mnt/c/Users/ander/Desktop/airflow-spark/airflow-spark/curso2/ambientX/lib/python3.9/site-packages/airflow/example_dags/example_subdag_operator.py
[2025-01-22 20:35:15,208] {logging_mixin.py:115} INFO - [2025-01-22 20:35:15,208] {dag.py:2379} INFO - Sync 3 DAGs
[2025-01-22 20:35:15,268] {logging_mixin.py:115} INFO - [2025-01-22 20:35:15,268] {dag.py:2927} INFO - Setting next_dagrun for example_subdag_operator to 2022-01-01T00:00:00+00:00, run_after=2022-01-01T00:00:00+00:00
[2025-01-22 20:35:15,270] {logging_mixin.py:115} INFO - [2025-01-22 20:35:15,270] {dag.py:2927} INFO - Setting next_dagrun for example_subdag_operator.section-1 to None, run_after=None
[2025-01-22 20:35:15,271] {logging_mixin.py:115} INFO - [2025-01-22 20:35:15,271] {dag.py:2927} INFO - Setting next_dagrun for example_subdag_operator.section-2 to None, run_after=None
[2025-01-22 20:35:15,296] {logging_mixin.py:115} INFO - [2025-01-22 20:35:15,296] {dag.py:2379} INFO - Sync 2 DAGs
[2025-01-22 20:35:15,305] {logging_mixin.py:115} INFO - [2025-01-22 20:35:15,305] {dag.py:2927} INFO - Setting next_dagrun for example_subdag_operator.section-1 to None, run_after=None
[2025-01-22 20:35:15,306] {logging_mixin.py:115} INFO - [2025-01-22 20:35:15,306] {dag.py:2927} INFO - Setting next_dagrun for example_subdag_operator.section-2 to None, run_after=None
[2025-01-22 20:35:15,349] {processor.py:161} INFO - Processing /mnt/c/Users/ander/Desktop/airflow-spark/airflow-spark/curso2/ambientX/lib/python3.9/site-packages/airflow/example_dags/example_subdag_operator.py took 0.664 seconds
