[2025-01-22 20:31:31,306] {processor.py:153} INFO - Started process (PID=9449) to work on /mnt/c/Users/ander/Desktop/airflow-spark/airflow-spark/curso2/ambientX/lib/python3.9/site-packages/airflow/example_dags/example_sla_dag.py
[2025-01-22 20:31:31,308] {processor.py:641} INFO - Processing file /mnt/c/Users/ander/Desktop/airflow-spark/airflow-spark/curso2/ambientX/lib/python3.9/site-packages/airflow/example_dags/example_sla_dag.py for tasks to queue
[2025-01-22 20:31:31,309] {logging_mixin.py:115} INFO - [2025-01-22 20:31:31,309] {dagbag.py:507} INFO - Filling up the DagBag from /mnt/c/Users/ander/Desktop/airflow-spark/airflow-spark/curso2/ambientX/lib/python3.9/site-packages/airflow/example_dags/example_sla_dag.py
[2025-01-22 20:31:31,449] {processor.py:651} INFO - DAG(s) dict_keys(['example_sla_dag']) retrieved from /mnt/c/Users/ander/Desktop/airflow-spark/airflow-spark/curso2/ambientX/lib/python3.9/site-packages/airflow/example_dags/example_sla_dag.py
[2025-01-22 20:31:31,780] {logging_mixin.py:115} INFO - [2025-01-22 20:31:31,779] {manager.py:508} INFO - Created Permission View: can read on DAG:example_sla_dag
[2025-01-22 20:31:31,827] {logging_mixin.py:115} INFO - [2025-01-22 20:31:31,827] {manager.py:508} INFO - Created Permission View: can delete on DAG:example_sla_dag
[2025-01-22 20:31:31,871] {logging_mixin.py:115} INFO - [2025-01-22 20:31:31,871] {manager.py:508} INFO - Created Permission View: can edit on DAG:example_sla_dag
[2025-01-22 20:31:31,872] {logging_mixin.py:115} INFO - [2025-01-22 20:31:31,872] {dag.py:2379} INFO - Sync 1 DAGs
[2025-01-22 20:31:31,893] {logging_mixin.py:115} INFO - [2025-01-22 20:31:31,893] {dag.py:2398} INFO - Creating ORM DAG for example_sla_dag
[2025-01-22 20:31:31,929] {logging_mixin.py:115} INFO - [2025-01-22 20:31:31,929] {dag.py:2927} INFO - Setting next_dagrun for example_sla_dag to 2025-01-22T23:28:00+00:00, run_after=2025-01-22T23:30:00+00:00
[2025-01-22 20:31:31,985] {processor.py:161} INFO - Processing /mnt/c/Users/ander/Desktop/airflow-spark/airflow-spark/curso2/ambientX/lib/python3.9/site-packages/airflow/example_dags/example_sla_dag.py took 0.684 seconds
[2025-01-22 20:32:21,740] {processor.py:153} INFO - Started process (PID=9739) to work on /mnt/c/Users/ander/Desktop/airflow-spark/airflow-spark/curso2/ambientX/lib/python3.9/site-packages/airflow/example_dags/example_sla_dag.py
[2025-01-22 20:32:21,742] {processor.py:641} INFO - Processing file /mnt/c/Users/ander/Desktop/airflow-spark/airflow-spark/curso2/ambientX/lib/python3.9/site-packages/airflow/example_dags/example_sla_dag.py for tasks to queue
[2025-01-22 20:32:21,743] {logging_mixin.py:115} INFO - [2025-01-22 20:32:21,742] {dagbag.py:507} INFO - Filling up the DagBag from /mnt/c/Users/ander/Desktop/airflow-spark/airflow-spark/curso2/ambientX/lib/python3.9/site-packages/airflow/example_dags/example_sla_dag.py
[2025-01-22 20:32:21,872] {processor.py:651} INFO - DAG(s) dict_keys(['example_sla_dag']) retrieved from /mnt/c/Users/ander/Desktop/airflow-spark/airflow-spark/curso2/ambientX/lib/python3.9/site-packages/airflow/example_dags/example_sla_dag.py
[2025-01-22 20:32:21,918] {logging_mixin.py:115} INFO - [2025-01-22 20:32:21,917] {dag.py:2379} INFO - Sync 1 DAGs
[2025-01-22 20:32:21,950] {logging_mixin.py:115} INFO - [2025-01-22 20:32:21,950] {dag.py:2927} INFO - Setting next_dagrun for example_sla_dag to 2025-01-22T23:30:00+00:00, run_after=2025-01-22T23:32:00+00:00
[2025-01-22 20:32:21,997] {processor.py:161} INFO - Processing /mnt/c/Users/ander/Desktop/airflow-spark/airflow-spark/curso2/ambientX/lib/python3.9/site-packages/airflow/example_dags/example_sla_dag.py took 0.261 seconds
[2025-01-22 20:33:06,271] {processor.py:153} INFO - Started process (PID=9900) to work on /mnt/c/Users/ander/Desktop/airflow-spark/airflow-spark/curso2/ambientX/lib/python3.9/site-packages/airflow/example_dags/example_sla_dag.py
[2025-01-22 20:33:06,272] {processor.py:641} INFO - Processing file /mnt/c/Users/ander/Desktop/airflow-spark/airflow-spark/curso2/ambientX/lib/python3.9/site-packages/airflow/example_dags/example_sla_dag.py for tasks to queue
[2025-01-22 20:33:06,273] {logging_mixin.py:115} INFO - [2025-01-22 20:33:06,273] {dagbag.py:507} INFO - Filling up the DagBag from /mnt/c/Users/ander/Desktop/airflow-spark/airflow-spark/curso2/ambientX/lib/python3.9/site-packages/airflow/example_dags/example_sla_dag.py
[2025-01-22 20:33:06,417] {processor.py:651} INFO - DAG(s) dict_keys(['example_sla_dag']) retrieved from /mnt/c/Users/ander/Desktop/airflow-spark/airflow-spark/curso2/ambientX/lib/python3.9/site-packages/airflow/example_dags/example_sla_dag.py
[2025-01-22 20:33:06,458] {logging_mixin.py:115} INFO - [2025-01-22 20:33:06,458] {dag.py:2379} INFO - Sync 1 DAGs
[2025-01-22 20:33:06,492] {logging_mixin.py:115} INFO - [2025-01-22 20:33:06,492] {dag.py:2927} INFO - Setting next_dagrun for example_sla_dag to 2025-01-22T23:30:00+00:00, run_after=2025-01-22T23:32:00+00:00
[2025-01-22 20:33:06,546] {processor.py:161} INFO - Processing /mnt/c/Users/ander/Desktop/airflow-spark/airflow-spark/curso2/ambientX/lib/python3.9/site-packages/airflow/example_dags/example_sla_dag.py took 0.279 seconds
[2025-01-22 20:35:16,697] {processor.py:153} INFO - Started process (PID=10972) to work on /mnt/c/Users/ander/Desktop/airflow-spark/airflow-spark/curso2/ambientX/lib/python3.9/site-packages/airflow/example_dags/example_sla_dag.py
[2025-01-22 20:35:16,707] {processor.py:641} INFO - Processing file /mnt/c/Users/ander/Desktop/airflow-spark/airflow-spark/curso2/ambientX/lib/python3.9/site-packages/airflow/example_dags/example_sla_dag.py for tasks to queue
[2025-01-22 20:35:16,708] {logging_mixin.py:115} INFO - [2025-01-22 20:35:16,708] {dagbag.py:507} INFO - Filling up the DagBag from /mnt/c/Users/ander/Desktop/airflow-spark/airflow-spark/curso2/ambientX/lib/python3.9/site-packages/airflow/example_dags/example_sla_dag.py
[2025-01-22 20:35:16,923] {processor.py:651} INFO - DAG(s) dict_keys(['example_sla_dag']) retrieved from /mnt/c/Users/ander/Desktop/airflow-spark/airflow-spark/curso2/ambientX/lib/python3.9/site-packages/airflow/example_dags/example_sla_dag.py
[2025-01-22 20:35:17,023] {logging_mixin.py:115} INFO - [2025-01-22 20:35:17,022] {dag.py:2379} INFO - Sync 1 DAGs
[2025-01-22 20:35:17,104] {logging_mixin.py:115} INFO - [2025-01-22 20:35:17,104] {dag.py:2927} INFO - Setting next_dagrun for example_sla_dag to 2025-01-22T23:32:00+00:00, run_after=2025-01-22T23:34:00+00:00
[2025-01-22 20:35:17,195] {processor.py:161} INFO - Processing /mnt/c/Users/ander/Desktop/airflow-spark/airflow-spark/curso2/ambientX/lib/python3.9/site-packages/airflow/example_dags/example_sla_dag.py took 0.508 seconds
