[2025-01-22 20:31:36,260] {processor.py:153} INFO - Started process (PID=9523) to work on /mnt/c/Users/ander/Desktop/airflow-spark/airflow-spark/curso2/ambientX/lib/python3.9/site-packages/airflow/example_dags/example_python_operator.py
[2025-01-22 20:31:36,262] {processor.py:641} INFO - Processing file /mnt/c/Users/ander/Desktop/airflow-spark/airflow-spark/curso2/ambientX/lib/python3.9/site-packages/airflow/example_dags/example_python_operator.py for tasks to queue
[2025-01-22 20:31:36,264] {logging_mixin.py:115} INFO - [2025-01-22 20:31:36,263] {dagbag.py:507} INFO - Filling up the DagBag from /mnt/c/Users/ander/Desktop/airflow-spark/airflow-spark/curso2/ambientX/lib/python3.9/site-packages/airflow/example_dags/example_python_operator.py
[2025-01-22 20:31:36,452] {logging_mixin.py:115} INFO - [2025-01-22 20:31:36,452] {example_python_operator.py:68} WARNING - The virtalenv_python example task requires virtualenv, please install it.
[2025-01-22 20:31:36,453] {processor.py:651} INFO - DAG(s) dict_keys(['example_python_operator']) retrieved from /mnt/c/Users/ander/Desktop/airflow-spark/airflow-spark/curso2/ambientX/lib/python3.9/site-packages/airflow/example_dags/example_python_operator.py
[2025-01-22 20:31:36,745] {logging_mixin.py:115} INFO - [2025-01-22 20:31:36,745] {manager.py:508} INFO - Created Permission View: can read on DAG:example_python_operator
[2025-01-22 20:31:36,787] {logging_mixin.py:115} INFO - [2025-01-22 20:31:36,787] {manager.py:508} INFO - Created Permission View: can delete on DAG:example_python_operator
[2025-01-22 20:31:36,831] {logging_mixin.py:115} INFO - [2025-01-22 20:31:36,831] {manager.py:508} INFO - Created Permission View: can edit on DAG:example_python_operator
[2025-01-22 20:31:36,832] {logging_mixin.py:115} INFO - [2025-01-22 20:31:36,832] {dag.py:2379} INFO - Sync 1 DAGs
[2025-01-22 20:31:36,872] {logging_mixin.py:115} INFO - [2025-01-22 20:31:36,871] {dag.py:2398} INFO - Creating ORM DAG for example_python_operator
[2025-01-22 20:31:36,916] {logging_mixin.py:115} INFO - [2025-01-22 20:31:36,916] {dag.py:2927} INFO - Setting next_dagrun for example_python_operator to None, run_after=None
[2025-01-22 20:31:36,993] {processor.py:161} INFO - Processing /mnt/c/Users/ander/Desktop/airflow-spark/airflow-spark/curso2/ambientX/lib/python3.9/site-packages/airflow/example_dags/example_python_operator.py took 0.736 seconds
[2025-01-22 20:32:25,323] {processor.py:153} INFO - Started process (PID=9754) to work on /mnt/c/Users/ander/Desktop/airflow-spark/airflow-spark/curso2/ambientX/lib/python3.9/site-packages/airflow/example_dags/example_python_operator.py
[2025-01-22 20:32:25,325] {processor.py:641} INFO - Processing file /mnt/c/Users/ander/Desktop/airflow-spark/airflow-spark/curso2/ambientX/lib/python3.9/site-packages/airflow/example_dags/example_python_operator.py for tasks to queue
[2025-01-22 20:32:25,326] {logging_mixin.py:115} INFO - [2025-01-22 20:32:25,326] {dagbag.py:507} INFO - Filling up the DagBag from /mnt/c/Users/ander/Desktop/airflow-spark/airflow-spark/curso2/ambientX/lib/python3.9/site-packages/airflow/example_dags/example_python_operator.py
[2025-01-22 20:32:25,493] {logging_mixin.py:115} INFO - [2025-01-22 20:32:25,493] {example_python_operator.py:68} WARNING - The virtalenv_python example task requires virtualenv, please install it.
[2025-01-22 20:32:25,494] {processor.py:651} INFO - DAG(s) dict_keys(['example_python_operator']) retrieved from /mnt/c/Users/ander/Desktop/airflow-spark/airflow-spark/curso2/ambientX/lib/python3.9/site-packages/airflow/example_dags/example_python_operator.py
[2025-01-22 20:32:25,534] {logging_mixin.py:115} INFO - [2025-01-22 20:32:25,534] {dag.py:2379} INFO - Sync 1 DAGs
[2025-01-22 20:32:25,563] {logging_mixin.py:115} INFO - [2025-01-22 20:32:25,563] {dag.py:2927} INFO - Setting next_dagrun for example_python_operator to None, run_after=None
[2025-01-22 20:32:25,613] {processor.py:161} INFO - Processing /mnt/c/Users/ander/Desktop/airflow-spark/airflow-spark/curso2/ambientX/lib/python3.9/site-packages/airflow/example_dags/example_python_operator.py took 0.293 seconds
[2025-01-22 20:33:10,727] {processor.py:153} INFO - Started process (PID=9915) to work on /mnt/c/Users/ander/Desktop/airflow-spark/airflow-spark/curso2/ambientX/lib/python3.9/site-packages/airflow/example_dags/example_python_operator.py
[2025-01-22 20:33:10,728] {processor.py:641} INFO - Processing file /mnt/c/Users/ander/Desktop/airflow-spark/airflow-spark/curso2/ambientX/lib/python3.9/site-packages/airflow/example_dags/example_python_operator.py for tasks to queue
[2025-01-22 20:33:10,729] {logging_mixin.py:115} INFO - [2025-01-22 20:33:10,729] {dagbag.py:507} INFO - Filling up the DagBag from /mnt/c/Users/ander/Desktop/airflow-spark/airflow-spark/curso2/ambientX/lib/python3.9/site-packages/airflow/example_dags/example_python_operator.py
[2025-01-22 20:33:10,906] {logging_mixin.py:115} INFO - [2025-01-22 20:33:10,906] {example_python_operator.py:68} WARNING - The virtalenv_python example task requires virtualenv, please install it.
[2025-01-22 20:33:10,907] {processor.py:651} INFO - DAG(s) dict_keys(['example_python_operator']) retrieved from /mnt/c/Users/ander/Desktop/airflow-spark/airflow-spark/curso2/ambientX/lib/python3.9/site-packages/airflow/example_dags/example_python_operator.py
[2025-01-22 20:33:10,941] {logging_mixin.py:115} INFO - [2025-01-22 20:33:10,941] {dag.py:2379} INFO - Sync 1 DAGs
[2025-01-22 20:33:10,968] {logging_mixin.py:115} INFO - [2025-01-22 20:33:10,968] {dag.py:2927} INFO - Setting next_dagrun for example_python_operator to None, run_after=None
[2025-01-22 20:33:11,017] {processor.py:161} INFO - Processing /mnt/c/Users/ander/Desktop/airflow-spark/airflow-spark/curso2/ambientX/lib/python3.9/site-packages/airflow/example_dags/example_python_operator.py took 0.294 seconds
[2025-01-22 20:35:22,601] {processor.py:153} INFO - Started process (PID=11056) to work on /mnt/c/Users/ander/Desktop/airflow-spark/airflow-spark/curso2/ambientX/lib/python3.9/site-packages/airflow/example_dags/example_python_operator.py
[2025-01-22 20:35:22,603] {processor.py:641} INFO - Processing file /mnt/c/Users/ander/Desktop/airflow-spark/airflow-spark/curso2/ambientX/lib/python3.9/site-packages/airflow/example_dags/example_python_operator.py for tasks to queue
[2025-01-22 20:35:22,603] {logging_mixin.py:115} INFO - [2025-01-22 20:35:22,603] {dagbag.py:507} INFO - Filling up the DagBag from /mnt/c/Users/ander/Desktop/airflow-spark/airflow-spark/curso2/ambientX/lib/python3.9/site-packages/airflow/example_dags/example_python_operator.py
[2025-01-22 20:35:22,746] {logging_mixin.py:115} INFO - [2025-01-22 20:35:22,746] {example_python_operator.py:68} WARNING - The virtalenv_python example task requires virtualenv, please install it.
[2025-01-22 20:35:22,746] {processor.py:651} INFO - DAG(s) dict_keys(['example_python_operator']) retrieved from /mnt/c/Users/ander/Desktop/airflow-spark/airflow-spark/curso2/ambientX/lib/python3.9/site-packages/airflow/example_dags/example_python_operator.py
[2025-01-22 20:35:22,832] {logging_mixin.py:115} INFO - [2025-01-22 20:35:22,832] {dag.py:2379} INFO - Sync 1 DAGs
[2025-01-22 20:35:22,918] {logging_mixin.py:115} INFO - [2025-01-22 20:35:22,917] {dag.py:2927} INFO - Setting next_dagrun for example_python_operator to None, run_after=None
[2025-01-22 20:35:22,971] {processor.py:161} INFO - Processing /mnt/c/Users/ander/Desktop/airflow-spark/airflow-spark/curso2/ambientX/lib/python3.9/site-packages/airflow/example_dags/example_python_operator.py took 0.373 seconds
