[2025-01-22 20:31:57,737] {processor.py:153} INFO - Started process (PID=9656) to work on /mnt/c/Users/ander/Desktop/airflow-spark/airflow-spark/curso2/ambientX/lib/python3.9/site-packages/airflow/example_dags/example_branch_datetime_operator.py
[2025-01-22 20:31:57,739] {processor.py:641} INFO - Processing file /mnt/c/Users/ander/Desktop/airflow-spark/airflow-spark/curso2/ambientX/lib/python3.9/site-packages/airflow/example_dags/example_branch_datetime_operator.py for tasks to queue
[2025-01-22 20:31:57,740] {logging_mixin.py:115} INFO - [2025-01-22 20:31:57,740] {dagbag.py:507} INFO - Filling up the DagBag from /mnt/c/Users/ander/Desktop/airflow-spark/airflow-spark/curso2/ambientX/lib/python3.9/site-packages/airflow/example_dags/example_branch_datetime_operator.py
[2025-01-22 20:31:57,811] {processor.py:651} INFO - DAG(s) dict_keys(['example_branch_datetime_operator_2']) retrieved from /mnt/c/Users/ander/Desktop/airflow-spark/airflow-spark/curso2/ambientX/lib/python3.9/site-packages/airflow/example_dags/example_branch_datetime_operator.py
[2025-01-22 20:31:57,998] {logging_mixin.py:115} INFO - [2025-01-22 20:31:57,998] {manager.py:508} INFO - Created Permission View: can read on DAG:example_branch_datetime_operator_2
[2025-01-22 20:31:58,044] {logging_mixin.py:115} INFO - [2025-01-22 20:31:58,044] {manager.py:508} INFO - Created Permission View: can delete on DAG:example_branch_datetime_operator_2
[2025-01-22 20:31:58,087] {logging_mixin.py:115} INFO - [2025-01-22 20:31:58,087] {manager.py:508} INFO - Created Permission View: can edit on DAG:example_branch_datetime_operator_2
[2025-01-22 20:31:58,088] {logging_mixin.py:115} INFO - [2025-01-22 20:31:58,088] {dag.py:2379} INFO - Sync 1 DAGs
[2025-01-22 20:31:58,109] {logging_mixin.py:115} INFO - [2025-01-22 20:31:58,109] {dag.py:2398} INFO - Creating ORM DAG for example_branch_datetime_operator_2
[2025-01-22 20:31:58,127] {logging_mixin.py:115} INFO - [2025-01-22 20:31:58,127] {dag.py:2927} INFO - Setting next_dagrun for example_branch_datetime_operator_2 to 2025-01-21T00:00:00+00:00, run_after=2025-01-22T00:00:00+00:00
[2025-01-22 20:31:58,193] {processor.py:161} INFO - Processing /mnt/c/Users/ander/Desktop/airflow-spark/airflow-spark/curso2/ambientX/lib/python3.9/site-packages/airflow/example_dags/example_branch_datetime_operator.py took 0.459 seconds
[2025-01-22 20:32:54,663] {processor.py:153} INFO - Started process (PID=9860) to work on /mnt/c/Users/ander/Desktop/airflow-spark/airflow-spark/curso2/ambientX/lib/python3.9/site-packages/airflow/example_dags/example_branch_datetime_operator.py
[2025-01-22 20:32:54,665] {processor.py:641} INFO - Processing file /mnt/c/Users/ander/Desktop/airflow-spark/airflow-spark/curso2/ambientX/lib/python3.9/site-packages/airflow/example_dags/example_branch_datetime_operator.py for tasks to queue
[2025-01-22 20:32:54,666] {logging_mixin.py:115} INFO - [2025-01-22 20:32:54,666] {dagbag.py:507} INFO - Filling up the DagBag from /mnt/c/Users/ander/Desktop/airflow-spark/airflow-spark/curso2/ambientX/lib/python3.9/site-packages/airflow/example_dags/example_branch_datetime_operator.py
[2025-01-22 20:32:54,726] {processor.py:651} INFO - DAG(s) dict_keys(['example_branch_datetime_operator_2']) retrieved from /mnt/c/Users/ander/Desktop/airflow-spark/airflow-spark/curso2/ambientX/lib/python3.9/site-packages/airflow/example_dags/example_branch_datetime_operator.py
[2025-01-22 20:32:54,766] {logging_mixin.py:115} INFO - [2025-01-22 20:32:54,765] {dag.py:2379} INFO - Sync 1 DAGs
[2025-01-22 20:32:54,798] {logging_mixin.py:115} INFO - [2025-01-22 20:32:54,798] {dag.py:2927} INFO - Setting next_dagrun for example_branch_datetime_operator_2 to 2025-01-21T00:00:00+00:00, run_after=2025-01-22T00:00:00+00:00
[2025-01-22 20:32:54,846] {processor.py:161} INFO - Processing /mnt/c/Users/ander/Desktop/airflow-spark/airflow-spark/curso2/ambientX/lib/python3.9/site-packages/airflow/example_dags/example_branch_datetime_operator.py took 0.187 seconds
[2025-01-22 20:33:40,683] {processor.py:153} INFO - Started process (PID=10163) to work on /mnt/c/Users/ander/Desktop/airflow-spark/airflow-spark/curso2/ambientX/lib/python3.9/site-packages/airflow/example_dags/example_branch_datetime_operator.py
[2025-01-22 20:33:40,684] {processor.py:641} INFO - Processing file /mnt/c/Users/ander/Desktop/airflow-spark/airflow-spark/curso2/ambientX/lib/python3.9/site-packages/airflow/example_dags/example_branch_datetime_operator.py for tasks to queue
[2025-01-22 20:33:40,685] {logging_mixin.py:115} INFO - [2025-01-22 20:33:40,685] {dagbag.py:507} INFO - Filling up the DagBag from /mnt/c/Users/ander/Desktop/airflow-spark/airflow-spark/curso2/ambientX/lib/python3.9/site-packages/airflow/example_dags/example_branch_datetime_operator.py
[2025-01-22 20:33:40,741] {processor.py:651} INFO - DAG(s) dict_keys(['example_branch_datetime_operator_2']) retrieved from /mnt/c/Users/ander/Desktop/airflow-spark/airflow-spark/curso2/ambientX/lib/python3.9/site-packages/airflow/example_dags/example_branch_datetime_operator.py
[2025-01-22 20:33:40,787] {logging_mixin.py:115} INFO - [2025-01-22 20:33:40,787] {dag.py:2379} INFO - Sync 1 DAGs
[2025-01-22 20:33:40,819] {logging_mixin.py:115} INFO - [2025-01-22 20:33:40,819] {dag.py:2927} INFO - Setting next_dagrun for example_branch_datetime_operator_2 to 2025-01-21T00:00:00+00:00, run_after=2025-01-22T00:00:00+00:00
[2025-01-22 20:33:40,868] {processor.py:161} INFO - Processing /mnt/c/Users/ander/Desktop/airflow-spark/airflow-spark/curso2/ambientX/lib/python3.9/site-packages/airflow/example_dags/example_branch_datetime_operator.py took 0.189 seconds
[2025-01-22 20:35:42,909] {processor.py:153} INFO - Started process (PID=11247) to work on /mnt/c/Users/ander/Desktop/airflow-spark/airflow-spark/curso2/ambientX/lib/python3.9/site-packages/airflow/example_dags/example_branch_datetime_operator.py
[2025-01-22 20:35:42,910] {processor.py:641} INFO - Processing file /mnt/c/Users/ander/Desktop/airflow-spark/airflow-spark/curso2/ambientX/lib/python3.9/site-packages/airflow/example_dags/example_branch_datetime_operator.py for tasks to queue
[2025-01-22 20:35:42,912] {logging_mixin.py:115} INFO - [2025-01-22 20:35:42,911] {dagbag.py:507} INFO - Filling up the DagBag from /mnt/c/Users/ander/Desktop/airflow-spark/airflow-spark/curso2/ambientX/lib/python3.9/site-packages/airflow/example_dags/example_branch_datetime_operator.py
[2025-01-22 20:35:42,966] {processor.py:651} INFO - DAG(s) dict_keys(['example_branch_datetime_operator_2']) retrieved from /mnt/c/Users/ander/Desktop/airflow-spark/airflow-spark/curso2/ambientX/lib/python3.9/site-packages/airflow/example_dags/example_branch_datetime_operator.py
[2025-01-22 20:35:43,006] {logging_mixin.py:115} INFO - [2025-01-22 20:35:43,006] {dag.py:2379} INFO - Sync 1 DAGs
[2025-01-22 20:35:43,040] {logging_mixin.py:115} INFO - [2025-01-22 20:35:43,039] {dag.py:2927} INFO - Setting next_dagrun for example_branch_datetime_operator_2 to 2025-01-21T00:00:00+00:00, run_after=2025-01-22T00:00:00+00:00
[2025-01-22 20:35:43,165] {processor.py:161} INFO - Processing /mnt/c/Users/ander/Desktop/airflow-spark/airflow-spark/curso2/ambientX/lib/python3.9/site-packages/airflow/example_dags/example_branch_datetime_operator.py took 0.262 seconds
