[2025-01-22 20:31:24,318] {processor.py:153} INFO - Started process (PID=9371) to work on /mnt/c/Users/ander/Desktop/airflow-spark/airflow-spark/curso2/ambientX/lib/python3.9/site-packages/airflow/example_dags/example_task_group_decorator.py
[2025-01-22 20:31:24,319] {processor.py:641} INFO - Processing file /mnt/c/Users/ander/Desktop/airflow-spark/airflow-spark/curso2/ambientX/lib/python3.9/site-packages/airflow/example_dags/example_task_group_decorator.py for tasks to queue
[2025-01-22 20:31:24,321] {logging_mixin.py:115} INFO - [2025-01-22 20:31:24,320] {dagbag.py:507} INFO - Filling up the DagBag from /mnt/c/Users/ander/Desktop/airflow-spark/airflow-spark/curso2/ambientX/lib/python3.9/site-packages/airflow/example_dags/example_task_group_decorator.py
[2025-01-22 20:31:24,509] {processor.py:651} INFO - DAG(s) dict_keys(['example_task_group_decorator']) retrieved from /mnt/c/Users/ander/Desktop/airflow-spark/airflow-spark/curso2/ambientX/lib/python3.9/site-packages/airflow/example_dags/example_task_group_decorator.py
[2025-01-22 20:31:24,871] {logging_mixin.py:115} INFO - [2025-01-22 20:31:24,870] {manager.py:508} INFO - Created Permission View: can read on DAG:example_task_group_decorator
[2025-01-22 20:31:24,955] {logging_mixin.py:115} INFO - [2025-01-22 20:31:24,955] {manager.py:508} INFO - Created Permission View: can delete on DAG:example_task_group_decorator
[2025-01-22 20:31:25,076] {logging_mixin.py:115} INFO - [2025-01-22 20:31:25,076] {manager.py:508} INFO - Created Permission View: can edit on DAG:example_task_group_decorator
[2025-01-22 20:31:25,077] {logging_mixin.py:115} INFO - [2025-01-22 20:31:25,077] {dag.py:2379} INFO - Sync 1 DAGs
[2025-01-22 20:31:25,123] {logging_mixin.py:115} INFO - [2025-01-22 20:31:25,123] {dag.py:2398} INFO - Creating ORM DAG for example_task_group_decorator
[2025-01-22 20:31:25,150] {logging_mixin.py:115} INFO - [2025-01-22 20:31:25,150] {dag.py:2927} INFO - Setting next_dagrun for example_task_group_decorator to 2025-01-21T23:31:25.149985+00:00, run_after=2025-01-22T23:31:25.149985+00:00
[2025-01-22 20:31:25,271] {processor.py:161} INFO - Processing /mnt/c/Users/ander/Desktop/airflow-spark/airflow-spark/curso2/ambientX/lib/python3.9/site-packages/airflow/example_dags/example_task_group_decorator.py took 0.959 seconds
[2025-01-22 20:32:18,276] {processor.py:153} INFO - Started process (PID=9730) to work on /mnt/c/Users/ander/Desktop/airflow-spark/airflow-spark/curso2/ambientX/lib/python3.9/site-packages/airflow/example_dags/example_task_group_decorator.py
[2025-01-22 20:32:18,278] {processor.py:641} INFO - Processing file /mnt/c/Users/ander/Desktop/airflow-spark/airflow-spark/curso2/ambientX/lib/python3.9/site-packages/airflow/example_dags/example_task_group_decorator.py for tasks to queue
[2025-01-22 20:32:18,278] {logging_mixin.py:115} INFO - [2025-01-22 20:32:18,278] {dagbag.py:507} INFO - Filling up the DagBag from /mnt/c/Users/ander/Desktop/airflow-spark/airflow-spark/curso2/ambientX/lib/python3.9/site-packages/airflow/example_dags/example_task_group_decorator.py
[2025-01-22 20:32:18,422] {processor.py:651} INFO - DAG(s) dict_keys(['example_task_group_decorator']) retrieved from /mnt/c/Users/ander/Desktop/airflow-spark/airflow-spark/curso2/ambientX/lib/python3.9/site-packages/airflow/example_dags/example_task_group_decorator.py
[2025-01-22 20:32:18,511] {logging_mixin.py:115} INFO - [2025-01-22 20:32:18,511] {dag.py:2379} INFO - Sync 1 DAGs
[2025-01-22 20:32:18,534] {logging_mixin.py:115} INFO - [2025-01-22 20:32:18,534] {dag.py:2927} INFO - Setting next_dagrun for example_task_group_decorator to 2025-01-21T23:32:18.534358+00:00, run_after=2025-01-22T23:32:18.534358+00:00
[2025-01-22 20:32:18,589] {processor.py:161} INFO - Processing /mnt/c/Users/ander/Desktop/airflow-spark/airflow-spark/curso2/ambientX/lib/python3.9/site-packages/airflow/example_dags/example_task_group_decorator.py took 0.317 seconds
[2025-01-22 20:33:01,944] {processor.py:153} INFO - Started process (PID=9885) to work on /mnt/c/Users/ander/Desktop/airflow-spark/airflow-spark/curso2/ambientX/lib/python3.9/site-packages/airflow/example_dags/example_task_group_decorator.py
[2025-01-22 20:33:01,945] {processor.py:641} INFO - Processing file /mnt/c/Users/ander/Desktop/airflow-spark/airflow-spark/curso2/ambientX/lib/python3.9/site-packages/airflow/example_dags/example_task_group_decorator.py for tasks to queue
[2025-01-22 20:33:01,946] {logging_mixin.py:115} INFO - [2025-01-22 20:33:01,946] {dagbag.py:507} INFO - Filling up the DagBag from /mnt/c/Users/ander/Desktop/airflow-spark/airflow-spark/curso2/ambientX/lib/python3.9/site-packages/airflow/example_dags/example_task_group_decorator.py
[2025-01-22 20:33:02,059] {processor.py:651} INFO - DAG(s) dict_keys(['example_task_group_decorator']) retrieved from /mnt/c/Users/ander/Desktop/airflow-spark/airflow-spark/curso2/ambientX/lib/python3.9/site-packages/airflow/example_dags/example_task_group_decorator.py
[2025-01-22 20:33:02,099] {logging_mixin.py:115} INFO - [2025-01-22 20:33:02,099] {dag.py:2379} INFO - Sync 1 DAGs
[2025-01-22 20:33:02,128] {logging_mixin.py:115} INFO - [2025-01-22 20:33:02,128] {dag.py:2927} INFO - Setting next_dagrun for example_task_group_decorator to 2025-01-21T23:33:02.127817+00:00, run_after=2025-01-22T23:33:02.127817+00:00
[2025-01-22 20:33:02,181] {processor.py:161} INFO - Processing /mnt/c/Users/ander/Desktop/airflow-spark/airflow-spark/curso2/ambientX/lib/python3.9/site-packages/airflow/example_dags/example_task_group_decorator.py took 0.240 seconds
[2025-01-22 20:35:11,366] {processor.py:153} INFO - Started process (PID=10899) to work on /mnt/c/Users/ander/Desktop/airflow-spark/airflow-spark/curso2/ambientX/lib/python3.9/site-packages/airflow/example_dags/example_task_group_decorator.py
[2025-01-22 20:35:11,368] {processor.py:641} INFO - Processing file /mnt/c/Users/ander/Desktop/airflow-spark/airflow-spark/curso2/ambientX/lib/python3.9/site-packages/airflow/example_dags/example_task_group_decorator.py for tasks to queue
[2025-01-22 20:35:11,370] {logging_mixin.py:115} INFO - [2025-01-22 20:35:11,370] {dagbag.py:507} INFO - Filling up the DagBag from /mnt/c/Users/ander/Desktop/airflow-spark/airflow-spark/curso2/ambientX/lib/python3.9/site-packages/airflow/example_dags/example_task_group_decorator.py
[2025-01-22 20:35:11,588] {processor.py:651} INFO - DAG(s) dict_keys(['example_task_group_decorator']) retrieved from /mnt/c/Users/ander/Desktop/airflow-spark/airflow-spark/curso2/ambientX/lib/python3.9/site-packages/airflow/example_dags/example_task_group_decorator.py
[2025-01-22 20:35:11,797] {logging_mixin.py:115} INFO - [2025-01-22 20:35:11,797] {dag.py:2379} INFO - Sync 1 DAGs
[2025-01-22 20:35:11,846] {logging_mixin.py:115} INFO - [2025-01-22 20:35:11,846] {dag.py:2927} INFO - Setting next_dagrun for example_task_group_decorator to 2025-01-21T23:35:11.845300+00:00, run_after=2025-01-22T23:35:11.845300+00:00
[2025-01-22 20:35:11,939] {processor.py:161} INFO - Processing /mnt/c/Users/ander/Desktop/airflow-spark/airflow-spark/curso2/ambientX/lib/python3.9/site-packages/airflow/example_dags/example_task_group_decorator.py took 0.580 seconds
