[2025-01-22 20:31:59,299] {processor.py:153} INFO - Started process (PID=9663) to work on /mnt/c/Users/ander/Desktop/airflow-spark/airflow-spark/curso2/ambientX/lib/python3.9/site-packages/airflow/example_dags/example_bash_operator.py
[2025-01-22 20:31:59,301] {processor.py:641} INFO - Processing file /mnt/c/Users/ander/Desktop/airflow-spark/airflow-spark/curso2/ambientX/lib/python3.9/site-packages/airflow/example_dags/example_bash_operator.py for tasks to queue
[2025-01-22 20:31:59,302] {logging_mixin.py:115} INFO - [2025-01-22 20:31:59,301] {dagbag.py:507} INFO - Filling up the DagBag from /mnt/c/Users/ander/Desktop/airflow-spark/airflow-spark/curso2/ambientX/lib/python3.9/site-packages/airflow/example_dags/example_bash_operator.py
[2025-01-22 20:31:59,373] {processor.py:651} INFO - DAG(s) dict_keys(['example_bash_operator']) retrieved from /mnt/c/Users/ander/Desktop/airflow-spark/airflow-spark/curso2/ambientX/lib/python3.9/site-packages/airflow/example_dags/example_bash_operator.py
[2025-01-22 20:32:00,736] {logging_mixin.py:115} INFO - [2025-01-22 20:32:00,735] {manager.py:508} INFO - Created Permission View: can read on DAG:example_bash_operator
[2025-01-22 20:32:00,791] {logging_mixin.py:115} INFO - [2025-01-22 20:32:00,791] {manager.py:508} INFO - Created Permission View: can delete on DAG:example_bash_operator
[2025-01-22 20:32:00,857] {logging_mixin.py:115} INFO - [2025-01-22 20:32:00,857] {manager.py:508} INFO - Created Permission View: can edit on DAG:example_bash_operator
[2025-01-22 20:32:00,858] {logging_mixin.py:115} INFO - [2025-01-22 20:32:00,858] {dag.py:2379} INFO - Sync 1 DAGs
[2025-01-22 20:32:00,883] {logging_mixin.py:115} INFO - [2025-01-22 20:32:00,883] {dag.py:2398} INFO - Creating ORM DAG for example_bash_operator
[2025-01-22 20:32:00,919] {logging_mixin.py:115} INFO - [2025-01-22 20:32:00,919] {dag.py:2927} INFO - Setting next_dagrun for example_bash_operator to 2025-01-21T00:00:00+00:00, run_after=2025-01-22T00:00:00+00:00
[2025-01-22 20:32:02,008] {processor.py:161} INFO - Processing /mnt/c/Users/ander/Desktop/airflow-spark/airflow-spark/curso2/ambientX/lib/python3.9/site-packages/airflow/example_dags/example_bash_operator.py took 2.083 seconds
[2025-01-22 20:32:56,055] {processor.py:153} INFO - Started process (PID=9867) to work on /mnt/c/Users/ander/Desktop/airflow-spark/airflow-spark/curso2/ambientX/lib/python3.9/site-packages/airflow/example_dags/example_bash_operator.py
[2025-01-22 20:32:56,056] {processor.py:641} INFO - Processing file /mnt/c/Users/ander/Desktop/airflow-spark/airflow-spark/curso2/ambientX/lib/python3.9/site-packages/airflow/example_dags/example_bash_operator.py for tasks to queue
[2025-01-22 20:32:56,057] {logging_mixin.py:115} INFO - [2025-01-22 20:32:56,057] {dagbag.py:507} INFO - Filling up the DagBag from /mnt/c/Users/ander/Desktop/airflow-spark/airflow-spark/curso2/ambientX/lib/python3.9/site-packages/airflow/example_dags/example_bash_operator.py
[2025-01-22 20:32:56,113] {processor.py:651} INFO - DAG(s) dict_keys(['example_bash_operator']) retrieved from /mnt/c/Users/ander/Desktop/airflow-spark/airflow-spark/curso2/ambientX/lib/python3.9/site-packages/airflow/example_dags/example_bash_operator.py
[2025-01-22 20:32:56,154] {logging_mixin.py:115} INFO - [2025-01-22 20:32:56,154] {dag.py:2379} INFO - Sync 1 DAGs
[2025-01-22 20:32:56,185] {logging_mixin.py:115} INFO - [2025-01-22 20:32:56,185] {dag.py:2927} INFO - Setting next_dagrun for example_bash_operator to 2025-01-21T00:00:00+00:00, run_after=2025-01-22T00:00:00+00:00
[2025-01-22 20:32:56,233] {processor.py:161} INFO - Processing /mnt/c/Users/ander/Desktop/airflow-spark/airflow-spark/curso2/ambientX/lib/python3.9/site-packages/airflow/example_dags/example_bash_operator.py took 0.182 seconds
[2025-01-22 20:33:41,860] {processor.py:153} INFO - Started process (PID=10203) to work on /mnt/c/Users/ander/Desktop/airflow-spark/airflow-spark/curso2/ambientX/lib/python3.9/site-packages/airflow/example_dags/example_bash_operator.py
[2025-01-22 20:33:41,861] {processor.py:641} INFO - Processing file /mnt/c/Users/ander/Desktop/airflow-spark/airflow-spark/curso2/ambientX/lib/python3.9/site-packages/airflow/example_dags/example_bash_operator.py for tasks to queue
[2025-01-22 20:33:41,862] {logging_mixin.py:115} INFO - [2025-01-22 20:33:41,862] {dagbag.py:507} INFO - Filling up the DagBag from /mnt/c/Users/ander/Desktop/airflow-spark/airflow-spark/curso2/ambientX/lib/python3.9/site-packages/airflow/example_dags/example_bash_operator.py
[2025-01-22 20:33:41,911] {processor.py:651} INFO - DAG(s) dict_keys(['example_bash_operator']) retrieved from /mnt/c/Users/ander/Desktop/airflow-spark/airflow-spark/curso2/ambientX/lib/python3.9/site-packages/airflow/example_dags/example_bash_operator.py
[2025-01-22 20:33:41,951] {logging_mixin.py:115} INFO - [2025-01-22 20:33:41,951] {dag.py:2379} INFO - Sync 1 DAGs
[2025-01-22 20:33:41,979] {logging_mixin.py:115} INFO - [2025-01-22 20:33:41,979] {dag.py:2927} INFO - Setting next_dagrun for example_bash_operator to 2025-01-21T00:00:00+00:00, run_after=2025-01-22T00:00:00+00:00
[2025-01-22 20:33:42,021] {processor.py:161} INFO - Processing /mnt/c/Users/ander/Desktop/airflow-spark/airflow-spark/curso2/ambientX/lib/python3.9/site-packages/airflow/example_dags/example_bash_operator.py took 0.165 seconds
[2025-01-22 20:35:44,872] {processor.py:153} INFO - Started process (PID=11312) to work on /mnt/c/Users/ander/Desktop/airflow-spark/airflow-spark/curso2/ambientX/lib/python3.9/site-packages/airflow/example_dags/example_bash_operator.py
[2025-01-22 20:35:44,873] {processor.py:641} INFO - Processing file /mnt/c/Users/ander/Desktop/airflow-spark/airflow-spark/curso2/ambientX/lib/python3.9/site-packages/airflow/example_dags/example_bash_operator.py for tasks to queue
[2025-01-22 20:35:44,874] {logging_mixin.py:115} INFO - [2025-01-22 20:35:44,874] {dagbag.py:507} INFO - Filling up the DagBag from /mnt/c/Users/ander/Desktop/airflow-spark/airflow-spark/curso2/ambientX/lib/python3.9/site-packages/airflow/example_dags/example_bash_operator.py
[2025-01-22 20:35:44,983] {processor.py:651} INFO - DAG(s) dict_keys(['example_bash_operator']) retrieved from /mnt/c/Users/ander/Desktop/airflow-spark/airflow-spark/curso2/ambientX/lib/python3.9/site-packages/airflow/example_dags/example_bash_operator.py
[2025-01-22 20:35:45,113] {logging_mixin.py:115} INFO - [2025-01-22 20:35:45,113] {dag.py:2379} INFO - Sync 1 DAGs
[2025-01-22 20:35:45,156] {logging_mixin.py:115} INFO - [2025-01-22 20:35:45,155] {dag.py:2927} INFO - Setting next_dagrun for example_bash_operator to 2025-01-21T00:00:00+00:00, run_after=2025-01-22T00:00:00+00:00
[2025-01-22 20:35:45,249] {processor.py:161} INFO - Processing /mnt/c/Users/ander/Desktop/airflow-spark/airflow-spark/curso2/ambientX/lib/python3.9/site-packages/airflow/example_dags/example_bash_operator.py took 0.382 seconds
