[2025-01-22 20:31:55,291] {processor.py:153} INFO - Started process (PID=9648) to work on /mnt/c/Users/ander/Desktop/airflow-spark/airflow-spark/curso2/ambientX/lib/python3.9/site-packages/airflow/example_dags/example_branch_labels.py
[2025-01-22 20:31:55,293] {processor.py:641} INFO - Processing file /mnt/c/Users/ander/Desktop/airflow-spark/airflow-spark/curso2/ambientX/lib/python3.9/site-packages/airflow/example_dags/example_branch_labels.py for tasks to queue
[2025-01-22 20:31:55,294] {logging_mixin.py:115} INFO - [2025-01-22 20:31:55,294] {dagbag.py:507} INFO - Filling up the DagBag from /mnt/c/Users/ander/Desktop/airflow-spark/airflow-spark/curso2/ambientX/lib/python3.9/site-packages/airflow/example_dags/example_branch_labels.py
[2025-01-22 20:31:55,330] {processor.py:651} INFO - DAG(s) dict_keys(['example_branch_labels']) retrieved from /mnt/c/Users/ander/Desktop/airflow-spark/airflow-spark/curso2/ambientX/lib/python3.9/site-packages/airflow/example_dags/example_branch_labels.py
[2025-01-22 20:31:55,512] {logging_mixin.py:115} INFO - [2025-01-22 20:31:55,512] {manager.py:508} INFO - Created Permission View: can read on DAG:example_branch_labels
[2025-01-22 20:31:55,558] {logging_mixin.py:115} INFO - [2025-01-22 20:31:55,558] {manager.py:508} INFO - Created Permission View: can delete on DAG:example_branch_labels
[2025-01-22 20:31:55,596] {logging_mixin.py:115} INFO - [2025-01-22 20:31:55,595] {manager.py:508} INFO - Created Permission View: can edit on DAG:example_branch_labels
[2025-01-22 20:31:55,598] {logging_mixin.py:115} INFO - [2025-01-22 20:31:55,598] {dag.py:2379} INFO - Sync 1 DAGs
[2025-01-22 20:31:55,617] {logging_mixin.py:115} INFO - [2025-01-22 20:31:55,617] {dag.py:2398} INFO - Creating ORM DAG for example_branch_labels
[2025-01-22 20:31:55,632] {logging_mixin.py:115} INFO - [2025-01-22 20:31:55,632] {dag.py:2927} INFO - Setting next_dagrun for example_branch_labels to 2025-01-21T00:00:00+00:00, run_after=2025-01-22T00:00:00+00:00
[2025-01-22 20:31:55,685] {processor.py:161} INFO - Processing /mnt/c/Users/ander/Desktop/airflow-spark/airflow-spark/curso2/ambientX/lib/python3.9/site-packages/airflow/example_dags/example_branch_labels.py took 0.397 seconds
[2025-01-22 20:32:52,487] {processor.py:153} INFO - Started process (PID=9852) to work on /mnt/c/Users/ander/Desktop/airflow-spark/airflow-spark/curso2/ambientX/lib/python3.9/site-packages/airflow/example_dags/example_branch_labels.py
[2025-01-22 20:32:52,488] {processor.py:641} INFO - Processing file /mnt/c/Users/ander/Desktop/airflow-spark/airflow-spark/curso2/ambientX/lib/python3.9/site-packages/airflow/example_dags/example_branch_labels.py for tasks to queue
[2025-01-22 20:32:52,489] {logging_mixin.py:115} INFO - [2025-01-22 20:32:52,489] {dagbag.py:507} INFO - Filling up the DagBag from /mnt/c/Users/ander/Desktop/airflow-spark/airflow-spark/curso2/ambientX/lib/python3.9/site-packages/airflow/example_dags/example_branch_labels.py
[2025-01-22 20:32:52,520] {processor.py:651} INFO - DAG(s) dict_keys(['example_branch_labels']) retrieved from /mnt/c/Users/ander/Desktop/airflow-spark/airflow-spark/curso2/ambientX/lib/python3.9/site-packages/airflow/example_dags/example_branch_labels.py
[2025-01-22 20:32:52,563] {logging_mixin.py:115} INFO - [2025-01-22 20:32:52,563] {dag.py:2379} INFO - Sync 1 DAGs
[2025-01-22 20:32:52,599] {logging_mixin.py:115} INFO - [2025-01-22 20:32:52,599] {dag.py:2927} INFO - Setting next_dagrun for example_branch_labels to 2025-01-21T00:00:00+00:00, run_after=2025-01-22T00:00:00+00:00
[2025-01-22 20:32:52,646] {processor.py:161} INFO - Processing /mnt/c/Users/ander/Desktop/airflow-spark/airflow-spark/curso2/ambientX/lib/python3.9/site-packages/airflow/example_dags/example_branch_labels.py took 0.162 seconds
[2025-01-22 20:33:37,133] {processor.py:153} INFO - Started process (PID=10131) to work on /mnt/c/Users/ander/Desktop/airflow-spark/airflow-spark/curso2/ambientX/lib/python3.9/site-packages/airflow/example_dags/example_branch_labels.py
[2025-01-22 20:33:37,134] {processor.py:641} INFO - Processing file /mnt/c/Users/ander/Desktop/airflow-spark/airflow-spark/curso2/ambientX/lib/python3.9/site-packages/airflow/example_dags/example_branch_labels.py for tasks to queue
[2025-01-22 20:33:37,135] {logging_mixin.py:115} INFO - [2025-01-22 20:33:37,135] {dagbag.py:507} INFO - Filling up the DagBag from /mnt/c/Users/ander/Desktop/airflow-spark/airflow-spark/curso2/ambientX/lib/python3.9/site-packages/airflow/example_dags/example_branch_labels.py
[2025-01-22 20:33:37,173] {processor.py:651} INFO - DAG(s) dict_keys(['example_branch_labels']) retrieved from /mnt/c/Users/ander/Desktop/airflow-spark/airflow-spark/curso2/ambientX/lib/python3.9/site-packages/airflow/example_dags/example_branch_labels.py
[2025-01-22 20:33:37,222] {logging_mixin.py:115} INFO - [2025-01-22 20:33:37,222] {dag.py:2379} INFO - Sync 1 DAGs
[2025-01-22 20:33:37,259] {logging_mixin.py:115} INFO - [2025-01-22 20:33:37,259] {dag.py:2927} INFO - Setting next_dagrun for example_branch_labels to 2025-01-21T00:00:00+00:00, run_after=2025-01-22T00:00:00+00:00
[2025-01-22 20:33:37,306] {processor.py:161} INFO - Processing /mnt/c/Users/ander/Desktop/airflow-spark/airflow-spark/curso2/ambientX/lib/python3.9/site-packages/airflow/example_dags/example_branch_labels.py took 0.177 seconds
[2025-01-22 20:35:40,607] {processor.py:153} INFO - Started process (PID=11237) to work on /mnt/c/Users/ander/Desktop/airflow-spark/airflow-spark/curso2/ambientX/lib/python3.9/site-packages/airflow/example_dags/example_branch_labels.py
[2025-01-22 20:35:40,608] {processor.py:641} INFO - Processing file /mnt/c/Users/ander/Desktop/airflow-spark/airflow-spark/curso2/ambientX/lib/python3.9/site-packages/airflow/example_dags/example_branch_labels.py for tasks to queue
[2025-01-22 20:35:40,609] {logging_mixin.py:115} INFO - [2025-01-22 20:35:40,609] {dagbag.py:507} INFO - Filling up the DagBag from /mnt/c/Users/ander/Desktop/airflow-spark/airflow-spark/curso2/ambientX/lib/python3.9/site-packages/airflow/example_dags/example_branch_labels.py
[2025-01-22 20:35:40,636] {processor.py:651} INFO - DAG(s) dict_keys(['example_branch_labels']) retrieved from /mnt/c/Users/ander/Desktop/airflow-spark/airflow-spark/curso2/ambientX/lib/python3.9/site-packages/airflow/example_dags/example_branch_labels.py
[2025-01-22 20:35:40,671] {logging_mixin.py:115} INFO - [2025-01-22 20:35:40,671] {dag.py:2379} INFO - Sync 1 DAGs
[2025-01-22 20:35:40,703] {logging_mixin.py:115} INFO - [2025-01-22 20:35:40,702] {dag.py:2927} INFO - Setting next_dagrun for example_branch_labels to 2025-01-21T00:00:00+00:00, run_after=2025-01-22T00:00:00+00:00
[2025-01-22 20:35:40,741] {processor.py:161} INFO - Processing /mnt/c/Users/ander/Desktop/airflow-spark/airflow-spark/curso2/ambientX/lib/python3.9/site-packages/airflow/example_dags/example_branch_labels.py took 0.138 seconds
