[2025-01-22 20:31:09,276] {processor.py:153} INFO - Started process (PID=9156) to work on /mnt/c/Users/ander/Desktop/airflow-spark/airflow-spark/curso2/ambientX/lib/python3.9/site-packages/airflow/example_dags/tutorial_taskflow_api_etl.py
[2025-01-22 20:31:09,277] {processor.py:641} INFO - Processing file /mnt/c/Users/ander/Desktop/airflow-spark/airflow-spark/curso2/ambientX/lib/python3.9/site-packages/airflow/example_dags/tutorial_taskflow_api_etl.py for tasks to queue
[2025-01-22 20:31:09,279] {logging_mixin.py:115} INFO - [2025-01-22 20:31:09,279] {dagbag.py:507} INFO - Filling up the DagBag from /mnt/c/Users/ander/Desktop/airflow-spark/airflow-spark/curso2/ambientX/lib/python3.9/site-packages/airflow/example_dags/tutorial_taskflow_api_etl.py
[2025-01-22 20:31:09,420] {processor.py:651} INFO - DAG(s) dict_keys(['tutorial_taskflow_api_etl']) retrieved from /mnt/c/Users/ander/Desktop/airflow-spark/airflow-spark/curso2/ambientX/lib/python3.9/site-packages/airflow/example_dags/tutorial_taskflow_api_etl.py
[2025-01-22 20:31:09,663] {logging_mixin.py:115} INFO - [2025-01-22 20:31:09,663] {manager.py:508} INFO - Created Permission View: can read on DAG:tutorial_taskflow_api_etl
[2025-01-22 20:31:09,710] {logging_mixin.py:115} INFO - [2025-01-22 20:31:09,710] {manager.py:508} INFO - Created Permission View: can delete on DAG:tutorial_taskflow_api_etl
[2025-01-22 20:31:09,761] {logging_mixin.py:115} INFO - [2025-01-22 20:31:09,761] {manager.py:508} INFO - Created Permission View: can edit on DAG:tutorial_taskflow_api_etl
[2025-01-22 20:31:09,762] {logging_mixin.py:115} INFO - [2025-01-22 20:31:09,762] {dag.py:2379} INFO - Sync 1 DAGs
[2025-01-22 20:31:09,782] {logging_mixin.py:115} INFO - [2025-01-22 20:31:09,782] {dag.py:2398} INFO - Creating ORM DAG for tutorial_taskflow_api_etl
[2025-01-22 20:31:09,798] {logging_mixin.py:115} INFO - [2025-01-22 20:31:09,798] {dag.py:2927} INFO - Setting next_dagrun for tutorial_taskflow_api_etl to None, run_after=None
[2025-01-22 20:31:09,867] {processor.py:161} INFO - Processing /mnt/c/Users/ander/Desktop/airflow-spark/airflow-spark/curso2/ambientX/lib/python3.9/site-packages/airflow/example_dags/tutorial_taskflow_api_etl.py took 0.597 seconds
[2025-01-22 20:32:08,740] {processor.py:153} INFO - Started process (PID=9692) to work on /mnt/c/Users/ander/Desktop/airflow-spark/airflow-spark/curso2/ambientX/lib/python3.9/site-packages/airflow/example_dags/tutorial_taskflow_api_etl.py
[2025-01-22 20:32:08,741] {processor.py:641} INFO - Processing file /mnt/c/Users/ander/Desktop/airflow-spark/airflow-spark/curso2/ambientX/lib/python3.9/site-packages/airflow/example_dags/tutorial_taskflow_api_etl.py for tasks to queue
[2025-01-22 20:32:08,742] {logging_mixin.py:115} INFO - [2025-01-22 20:32:08,742] {dagbag.py:507} INFO - Filling up the DagBag from /mnt/c/Users/ander/Desktop/airflow-spark/airflow-spark/curso2/ambientX/lib/python3.9/site-packages/airflow/example_dags/tutorial_taskflow_api_etl.py
[2025-01-22 20:32:08,877] {processor.py:651} INFO - DAG(s) dict_keys(['tutorial_taskflow_api_etl']) retrieved from /mnt/c/Users/ander/Desktop/airflow-spark/airflow-spark/curso2/ambientX/lib/python3.9/site-packages/airflow/example_dags/tutorial_taskflow_api_etl.py
[2025-01-22 20:32:08,977] {logging_mixin.py:115} INFO - [2025-01-22 20:32:08,976] {dag.py:2379} INFO - Sync 1 DAGs
[2025-01-22 20:32:09,008] {logging_mixin.py:115} INFO - [2025-01-22 20:32:09,008] {dag.py:2927} INFO - Setting next_dagrun for tutorial_taskflow_api_etl to None, run_after=None
[2025-01-22 20:32:09,057] {processor.py:161} INFO - Processing /mnt/c/Users/ander/Desktop/airflow-spark/airflow-spark/curso2/ambientX/lib/python3.9/site-packages/airflow/example_dags/tutorial_taskflow_api_etl.py took 0.321 seconds
[2025-01-22 20:32:47,214] {processor.py:153} INFO - Started process (PID=9830) to work on /mnt/c/Users/ander/Desktop/airflow-spark/airflow-spark/curso2/ambientX/lib/python3.9/site-packages/airflow/example_dags/tutorial_taskflow_api_etl.py
[2025-01-22 20:32:47,215] {processor.py:641} INFO - Processing file /mnt/c/Users/ander/Desktop/airflow-spark/airflow-spark/curso2/ambientX/lib/python3.9/site-packages/airflow/example_dags/tutorial_taskflow_api_etl.py for tasks to queue
[2025-01-22 20:32:47,216] {logging_mixin.py:115} INFO - [2025-01-22 20:32:47,216] {dagbag.py:507} INFO - Filling up the DagBag from /mnt/c/Users/ander/Desktop/airflow-spark/airflow-spark/curso2/ambientX/lib/python3.9/site-packages/airflow/example_dags/tutorial_taskflow_api_etl.py
[2025-01-22 20:32:47,324] {processor.py:651} INFO - DAG(s) dict_keys(['tutorial_taskflow_api_etl']) retrieved from /mnt/c/Users/ander/Desktop/airflow-spark/airflow-spark/curso2/ambientX/lib/python3.9/site-packages/airflow/example_dags/tutorial_taskflow_api_etl.py
[2025-01-22 20:32:47,404] {logging_mixin.py:115} INFO - [2025-01-22 20:32:47,404] {dag.py:2379} INFO - Sync 1 DAGs
[2025-01-22 20:32:47,430] {logging_mixin.py:115} INFO - [2025-01-22 20:32:47,430] {dag.py:2927} INFO - Setting next_dagrun for tutorial_taskflow_api_etl to None, run_after=None
[2025-01-22 20:32:47,476] {processor.py:161} INFO - Processing /mnt/c/Users/ander/Desktop/airflow-spark/airflow-spark/curso2/ambientX/lib/python3.9/site-packages/airflow/example_dags/tutorial_taskflow_api_etl.py took 0.266 seconds
[2025-01-22 20:33:31,737] {processor.py:153} INFO - Started process (PID=10051) to work on /mnt/c/Users/ander/Desktop/airflow-spark/airflow-spark/curso2/ambientX/lib/python3.9/site-packages/airflow/example_dags/tutorial_taskflow_api_etl.py
[2025-01-22 20:33:31,738] {processor.py:641} INFO - Processing file /mnt/c/Users/ander/Desktop/airflow-spark/airflow-spark/curso2/ambientX/lib/python3.9/site-packages/airflow/example_dags/tutorial_taskflow_api_etl.py for tasks to queue
[2025-01-22 20:33:31,739] {logging_mixin.py:115} INFO - [2025-01-22 20:33:31,739] {dagbag.py:507} INFO - Filling up the DagBag from /mnt/c/Users/ander/Desktop/airflow-spark/airflow-spark/curso2/ambientX/lib/python3.9/site-packages/airflow/example_dags/tutorial_taskflow_api_etl.py
[2025-01-22 20:33:31,841] {processor.py:651} INFO - DAG(s) dict_keys(['tutorial_taskflow_api_etl']) retrieved from /mnt/c/Users/ander/Desktop/airflow-spark/airflow-spark/curso2/ambientX/lib/python3.9/site-packages/airflow/example_dags/tutorial_taskflow_api_etl.py
[2025-01-22 20:33:31,928] {logging_mixin.py:115} INFO - [2025-01-22 20:33:31,927] {dag.py:2379} INFO - Sync 1 DAGs
[2025-01-22 20:33:31,955] {logging_mixin.py:115} INFO - [2025-01-22 20:33:31,955] {dag.py:2927} INFO - Setting next_dagrun for tutorial_taskflow_api_etl to None, run_after=None
[2025-01-22 20:33:31,999] {processor.py:161} INFO - Processing /mnt/c/Users/ander/Desktop/airflow-spark/airflow-spark/curso2/ambientX/lib/python3.9/site-packages/airflow/example_dags/tutorial_taskflow_api_etl.py took 0.265 seconds
[2025-01-22 20:34:59,073] {processor.py:153} INFO - Started process (PID=10720) to work on /mnt/c/Users/ander/Desktop/airflow-spark/airflow-spark/curso2/ambientX/lib/python3.9/site-packages/airflow/example_dags/tutorial_taskflow_api_etl.py
[2025-01-22 20:34:59,074] {processor.py:641} INFO - Processing file /mnt/c/Users/ander/Desktop/airflow-spark/airflow-spark/curso2/ambientX/lib/python3.9/site-packages/airflow/example_dags/tutorial_taskflow_api_etl.py for tasks to queue
[2025-01-22 20:34:59,075] {logging_mixin.py:115} INFO - [2025-01-22 20:34:59,075] {dagbag.py:507} INFO - Filling up the DagBag from /mnt/c/Users/ander/Desktop/airflow-spark/airflow-spark/curso2/ambientX/lib/python3.9/site-packages/airflow/example_dags/tutorial_taskflow_api_etl.py
[2025-01-22 20:34:59,190] {processor.py:651} INFO - DAG(s) dict_keys(['tutorial_taskflow_api_etl']) retrieved from /mnt/c/Users/ander/Desktop/airflow-spark/airflow-spark/curso2/ambientX/lib/python3.9/site-packages/airflow/example_dags/tutorial_taskflow_api_etl.py
[2025-01-22 20:34:59,284] {logging_mixin.py:115} INFO - [2025-01-22 20:34:59,284] {dag.py:2379} INFO - Sync 1 DAGs
[2025-01-22 20:34:59,323] {logging_mixin.py:115} INFO - [2025-01-22 20:34:59,323] {dag.py:2927} INFO - Setting next_dagrun for tutorial_taskflow_api_etl to None, run_after=None
[2025-01-22 20:34:59,379] {processor.py:161} INFO - Processing /mnt/c/Users/ander/Desktop/airflow-spark/airflow-spark/curso2/ambientX/lib/python3.9/site-packages/airflow/example_dags/tutorial_taskflow_api_etl.py took 0.311 seconds
