[2025-01-22 20:31:11,057] {processor.py:153} INFO - Started process (PID=9163) to work on /mnt/c/Users/ander/Desktop/airflow-spark/airflow-spark/curso2/ambientX/lib/python3.9/site-packages/airflow/example_dags/tutorial_etl_dag.py
[2025-01-22 20:31:11,058] {processor.py:641} INFO - Processing file /mnt/c/Users/ander/Desktop/airflow-spark/airflow-spark/curso2/ambientX/lib/python3.9/site-packages/airflow/example_dags/tutorial_etl_dag.py for tasks to queue
[2025-01-22 20:31:11,059] {logging_mixin.py:115} INFO - [2025-01-22 20:31:11,059] {dagbag.py:507} INFO - Filling up the DagBag from /mnt/c/Users/ander/Desktop/airflow-spark/airflow-spark/curso2/ambientX/lib/python3.9/site-packages/airflow/example_dags/tutorial_etl_dag.py
[2025-01-22 20:31:11,109] {processor.py:651} INFO - DAG(s) dict_keys(['tutorial_etl_dag']) retrieved from /mnt/c/Users/ander/Desktop/airflow-spark/airflow-spark/curso2/ambientX/lib/python3.9/site-packages/airflow/example_dags/tutorial_etl_dag.py
[2025-01-22 20:31:11,335] {logging_mixin.py:115} INFO - [2025-01-22 20:31:11,334] {manager.py:508} INFO - Created Permission View: can read on DAG:tutorial_etl_dag
[2025-01-22 20:31:11,385] {logging_mixin.py:115} INFO - [2025-01-22 20:31:11,385] {manager.py:508} INFO - Created Permission View: can delete on DAG:tutorial_etl_dag
[2025-01-22 20:31:11,431] {logging_mixin.py:115} INFO - [2025-01-22 20:31:11,430] {manager.py:508} INFO - Created Permission View: can edit on DAG:tutorial_etl_dag
[2025-01-22 20:31:11,431] {logging_mixin.py:115} INFO - [2025-01-22 20:31:11,431] {dag.py:2379} INFO - Sync 1 DAGs
[2025-01-22 20:31:11,463] {logging_mixin.py:115} INFO - [2025-01-22 20:31:11,463] {dag.py:2398} INFO - Creating ORM DAG for tutorial_etl_dag
[2025-01-22 20:31:11,477] {logging_mixin.py:115} INFO - [2025-01-22 20:31:11,477] {dag.py:2927} INFO - Setting next_dagrun for tutorial_etl_dag to None, run_after=None
[2025-01-22 20:31:11,537] {processor.py:161} INFO - Processing /mnt/c/Users/ander/Desktop/airflow-spark/airflow-spark/curso2/ambientX/lib/python3.9/site-packages/airflow/example_dags/tutorial_etl_dag.py took 0.486 seconds
[2025-01-22 20:32:10,225] {processor.py:153} INFO - Started process (PID=9699) to work on /mnt/c/Users/ander/Desktop/airflow-spark/airflow-spark/curso2/ambientX/lib/python3.9/site-packages/airflow/example_dags/tutorial_etl_dag.py
[2025-01-22 20:32:10,227] {processor.py:641} INFO - Processing file /mnt/c/Users/ander/Desktop/airflow-spark/airflow-spark/curso2/ambientX/lib/python3.9/site-packages/airflow/example_dags/tutorial_etl_dag.py for tasks to queue
[2025-01-22 20:32:10,228] {logging_mixin.py:115} INFO - [2025-01-22 20:32:10,228] {dagbag.py:507} INFO - Filling up the DagBag from /mnt/c/Users/ander/Desktop/airflow-spark/airflow-spark/curso2/ambientX/lib/python3.9/site-packages/airflow/example_dags/tutorial_etl_dag.py
[2025-01-22 20:32:10,269] {processor.py:651} INFO - DAG(s) dict_keys(['tutorial_etl_dag']) retrieved from /mnt/c/Users/ander/Desktop/airflow-spark/airflow-spark/curso2/ambientX/lib/python3.9/site-packages/airflow/example_dags/tutorial_etl_dag.py
[2025-01-22 20:32:10,307] {logging_mixin.py:115} INFO - [2025-01-22 20:32:10,307] {dag.py:2379} INFO - Sync 1 DAGs
[2025-01-22 20:32:10,335] {logging_mixin.py:115} INFO - [2025-01-22 20:32:10,335] {dag.py:2927} INFO - Setting next_dagrun for tutorial_etl_dag to None, run_after=None
[2025-01-22 20:32:10,377] {processor.py:161} INFO - Processing /mnt/c/Users/ander/Desktop/airflow-spark/airflow-spark/curso2/ambientX/lib/python3.9/site-packages/airflow/example_dags/tutorial_etl_dag.py took 0.155 seconds
[2025-01-22 20:32:48,595] {processor.py:153} INFO - Started process (PID=9837) to work on /mnt/c/Users/ander/Desktop/airflow-spark/airflow-spark/curso2/ambientX/lib/python3.9/site-packages/airflow/example_dags/tutorial_etl_dag.py
[2025-01-22 20:32:48,596] {processor.py:641} INFO - Processing file /mnt/c/Users/ander/Desktop/airflow-spark/airflow-spark/curso2/ambientX/lib/python3.9/site-packages/airflow/example_dags/tutorial_etl_dag.py for tasks to queue
[2025-01-22 20:32:48,597] {logging_mixin.py:115} INFO - [2025-01-22 20:32:48,597] {dagbag.py:507} INFO - Filling up the DagBag from /mnt/c/Users/ander/Desktop/airflow-spark/airflow-spark/curso2/ambientX/lib/python3.9/site-packages/airflow/example_dags/tutorial_etl_dag.py
[2025-01-22 20:32:48,647] {processor.py:651} INFO - DAG(s) dict_keys(['tutorial_etl_dag']) retrieved from /mnt/c/Users/ander/Desktop/airflow-spark/airflow-spark/curso2/ambientX/lib/python3.9/site-packages/airflow/example_dags/tutorial_etl_dag.py
[2025-01-22 20:32:48,685] {logging_mixin.py:115} INFO - [2025-01-22 20:32:48,685] {dag.py:2379} INFO - Sync 1 DAGs
[2025-01-22 20:32:48,713] {logging_mixin.py:115} INFO - [2025-01-22 20:32:48,713] {dag.py:2927} INFO - Setting next_dagrun for tutorial_etl_dag to None, run_after=None
[2025-01-22 20:32:48,755] {processor.py:161} INFO - Processing /mnt/c/Users/ander/Desktop/airflow-spark/airflow-spark/curso2/ambientX/lib/python3.9/site-packages/airflow/example_dags/tutorial_etl_dag.py took 0.164 seconds
[2025-01-22 20:33:33,167] {processor.py:153} INFO - Started process (PID=10058) to work on /mnt/c/Users/ander/Desktop/airflow-spark/airflow-spark/curso2/ambientX/lib/python3.9/site-packages/airflow/example_dags/tutorial_etl_dag.py
[2025-01-22 20:33:33,168] {processor.py:641} INFO - Processing file /mnt/c/Users/ander/Desktop/airflow-spark/airflow-spark/curso2/ambientX/lib/python3.9/site-packages/airflow/example_dags/tutorial_etl_dag.py for tasks to queue
[2025-01-22 20:33:33,170] {logging_mixin.py:115} INFO - [2025-01-22 20:33:33,170] {dagbag.py:507} INFO - Filling up the DagBag from /mnt/c/Users/ander/Desktop/airflow-spark/airflow-spark/curso2/ambientX/lib/python3.9/site-packages/airflow/example_dags/tutorial_etl_dag.py
[2025-01-22 20:33:33,221] {processor.py:651} INFO - DAG(s) dict_keys(['tutorial_etl_dag']) retrieved from /mnt/c/Users/ander/Desktop/airflow-spark/airflow-spark/curso2/ambientX/lib/python3.9/site-packages/airflow/example_dags/tutorial_etl_dag.py
[2025-01-22 20:33:33,258] {logging_mixin.py:115} INFO - [2025-01-22 20:33:33,258] {dag.py:2379} INFO - Sync 1 DAGs
[2025-01-22 20:33:33,290] {logging_mixin.py:115} INFO - [2025-01-22 20:33:33,290] {dag.py:2927} INFO - Setting next_dagrun for tutorial_etl_dag to None, run_after=None
[2025-01-22 20:33:33,357] {processor.py:161} INFO - Processing /mnt/c/Users/ander/Desktop/airflow-spark/airflow-spark/curso2/ambientX/lib/python3.9/site-packages/airflow/example_dags/tutorial_etl_dag.py took 0.194 seconds
[2025-01-22 20:35:00,584] {processor.py:153} INFO - Started process (PID=10752) to work on /mnt/c/Users/ander/Desktop/airflow-spark/airflow-spark/curso2/ambientX/lib/python3.9/site-packages/airflow/example_dags/tutorial_etl_dag.py
[2025-01-22 20:35:00,586] {processor.py:641} INFO - Processing file /mnt/c/Users/ander/Desktop/airflow-spark/airflow-spark/curso2/ambientX/lib/python3.9/site-packages/airflow/example_dags/tutorial_etl_dag.py for tasks to queue
[2025-01-22 20:35:00,587] {logging_mixin.py:115} INFO - [2025-01-22 20:35:00,587] {dagbag.py:507} INFO - Filling up the DagBag from /mnt/c/Users/ander/Desktop/airflow-spark/airflow-spark/curso2/ambientX/lib/python3.9/site-packages/airflow/example_dags/tutorial_etl_dag.py
[2025-01-22 20:35:00,628] {processor.py:651} INFO - DAG(s) dict_keys(['tutorial_etl_dag']) retrieved from /mnt/c/Users/ander/Desktop/airflow-spark/airflow-spark/curso2/ambientX/lib/python3.9/site-packages/airflow/example_dags/tutorial_etl_dag.py
[2025-01-22 20:35:00,667] {logging_mixin.py:115} INFO - [2025-01-22 20:35:00,667] {dag.py:2379} INFO - Sync 1 DAGs
[2025-01-22 20:35:00,707] {logging_mixin.py:115} INFO - [2025-01-22 20:35:00,707] {dag.py:2927} INFO - Setting next_dagrun for tutorial_etl_dag to None, run_after=None
[2025-01-22 20:35:00,757] {processor.py:161} INFO - Processing /mnt/c/Users/ander/Desktop/airflow-spark/airflow-spark/curso2/ambientX/lib/python3.9/site-packages/airflow/example_dags/tutorial_etl_dag.py took 0.178 seconds
