[2025-01-26T10:26:02.639-0300] {processor.py:186} INFO - Started process (PID=2562) to work on /mnt/c/Users/ander/Desktop/airflow-spark/airflow-spark/curso2/ambientX/lib/python3.9/site-packages/airflow/example_dags/example_inlet_event_extra.py
[2025-01-26T10:26:02.640-0300] {processor.py:914} INFO - Processing file /mnt/c/Users/ander/Desktop/airflow-spark/airflow-spark/curso2/ambientX/lib/python3.9/site-packages/airflow/example_dags/example_inlet_event_extra.py for tasks to queue
[2025-01-26T10:26:02.645-0300] {logging_mixin.py:190} INFO - [2025-01-26T10:26:02.644-0300] {dagbag.py:588} INFO - Filling up the DagBag from /mnt/c/Users/ander/Desktop/airflow-spark/airflow-spark/curso2/ambientX/lib/python3.9/site-packages/airflow/example_dags/example_inlet_event_extra.py
[2025-01-26T10:26:02.780-0300] {processor.py:925} INFO - DAG(s) 'read_dataset_event', 'read_dataset_event_from_classic' retrieved from /mnt/c/Users/ander/Desktop/airflow-spark/airflow-spark/curso2/ambientX/lib/python3.9/site-packages/airflow/example_dags/example_inlet_event_extra.py
[2025-01-26T10:26:02.850-0300] {logging_mixin.py:190} INFO - [2025-01-26T10:26:02.850-0300] {dag.py:3239} INFO - Sync 2 DAGs
[2025-01-26T10:26:02.891-0300] {logging_mixin.py:190} INFO - [2025-01-26T10:26:02.891-0300] {dag.py:4180} INFO - Setting next_dagrun for read_dataset_event to 2025-01-25T00:00:00+00:00, run_after=2025-01-26T00:00:00+00:00
[2025-01-26T10:26:02.901-0300] {logging_mixin.py:190} INFO - [2025-01-26T10:26:02.900-0300] {dag.py:4180} INFO - Setting next_dagrun for read_dataset_event_from_classic to 2025-01-25T00:00:00+00:00, run_after=2025-01-26T00:00:00+00:00
[2025-01-26T10:26:02.975-0300] {processor.py:208} INFO - Processing /mnt/c/Users/ander/Desktop/airflow-spark/airflow-spark/curso2/ambientX/lib/python3.9/site-packages/airflow/example_dags/example_inlet_event_extra.py took 0.352 seconds
[2025-01-26T10:39:10.375-0300] {processor.py:186} INFO - Started process (PID=8162) to work on /mnt/c/Users/ander/Desktop/airflow-spark/airflow-spark/curso2/ambientX/lib/python3.9/site-packages/airflow/example_dags/example_inlet_event_extra.py
[2025-01-26T10:39:10.377-0300] {processor.py:914} INFO - Processing file /mnt/c/Users/ander/Desktop/airflow-spark/airflow-spark/curso2/ambientX/lib/python3.9/site-packages/airflow/example_dags/example_inlet_event_extra.py for tasks to queue
[2025-01-26T10:39:10.379-0300] {logging_mixin.py:190} INFO - [2025-01-26T10:39:10.378-0300] {dagbag.py:588} INFO - Filling up the DagBag from /mnt/c/Users/ander/Desktop/airflow-spark/airflow-spark/curso2/ambientX/lib/python3.9/site-packages/airflow/example_dags/example_inlet_event_extra.py
[2025-01-26T10:39:10.493-0300] {processor.py:925} INFO - DAG(s) 'read_dataset_event', 'read_dataset_event_from_classic' retrieved from /mnt/c/Users/ander/Desktop/airflow-spark/airflow-spark/curso2/ambientX/lib/python3.9/site-packages/airflow/example_dags/example_inlet_event_extra.py
[2025-01-26T10:39:10.555-0300] {logging_mixin.py:190} INFO - [2025-01-26T10:39:10.555-0300] {dag.py:3239} INFO - Sync 2 DAGs
[2025-01-26T10:39:10.595-0300] {logging_mixin.py:190} INFO - [2025-01-26T10:39:10.595-0300] {dag.py:4180} INFO - Setting next_dagrun for read_dataset_event to 2025-01-25T00:00:00+00:00, run_after=2025-01-26T00:00:00+00:00
[2025-01-26T10:39:10.606-0300] {logging_mixin.py:190} INFO - [2025-01-26T10:39:10.605-0300] {dag.py:4180} INFO - Setting next_dagrun for read_dataset_event_from_classic to 2025-01-25T00:00:00+00:00, run_after=2025-01-26T00:00:00+00:00
[2025-01-26T10:39:10.685-0300] {processor.py:208} INFO - Processing /mnt/c/Users/ander/Desktop/airflow-spark/airflow-spark/curso2/ambientX/lib/python3.9/site-packages/airflow/example_dags/example_inlet_event_extra.py took 0.332 seconds
[2025-01-26T10:40:39.537-0300] {processor.py:186} INFO - Started process (PID=8656) to work on /mnt/c/Users/ander/Desktop/airflow-spark/airflow-spark/curso2/ambientX/lib/python3.9/site-packages/airflow/example_dags/example_inlet_event_extra.py
[2025-01-26T10:40:39.539-0300] {processor.py:914} INFO - Processing file /mnt/c/Users/ander/Desktop/airflow-spark/airflow-spark/curso2/ambientX/lib/python3.9/site-packages/airflow/example_dags/example_inlet_event_extra.py for tasks to queue
[2025-01-26T10:40:39.541-0300] {logging_mixin.py:190} INFO - [2025-01-26T10:40:39.540-0300] {dagbag.py:588} INFO - Filling up the DagBag from /mnt/c/Users/ander/Desktop/airflow-spark/airflow-spark/curso2/ambientX/lib/python3.9/site-packages/airflow/example_dags/example_inlet_event_extra.py
[2025-01-26T10:40:39.671-0300] {processor.py:925} INFO - DAG(s) 'read_dataset_event_from_classic', 'read_dataset_event' retrieved from /mnt/c/Users/ander/Desktop/airflow-spark/airflow-spark/curso2/ambientX/lib/python3.9/site-packages/airflow/example_dags/example_inlet_event_extra.py
[2025-01-26T10:40:39.729-0300] {logging_mixin.py:190} INFO - [2025-01-26T10:40:39.729-0300] {dag.py:3239} INFO - Sync 2 DAGs
[2025-01-26T10:40:39.770-0300] {logging_mixin.py:190} INFO - [2025-01-26T10:40:39.770-0300] {dag.py:4180} INFO - Setting next_dagrun for read_dataset_event to 2025-01-25T00:00:00+00:00, run_after=2025-01-26T00:00:00+00:00
[2025-01-26T10:40:39.778-0300] {logging_mixin.py:190} INFO - [2025-01-26T10:40:39.777-0300] {dag.py:4180} INFO - Setting next_dagrun for read_dataset_event_from_classic to 2025-01-25T00:00:00+00:00, run_after=2025-01-26T00:00:00+00:00
[2025-01-26T10:40:39.870-0300] {processor.py:208} INFO - Processing /mnt/c/Users/ander/Desktop/airflow-spark/airflow-spark/curso2/ambientX/lib/python3.9/site-packages/airflow/example_dags/example_inlet_event_extra.py took 0.356 seconds
[2025-01-26T10:42:28.693-0300] {processor.py:186} INFO - Started process (PID=9150) to work on /mnt/c/Users/ander/Desktop/airflow-spark/airflow-spark/curso2/ambientX/lib/python3.9/site-packages/airflow/example_dags/example_inlet_event_extra.py
[2025-01-26T10:42:28.695-0300] {processor.py:914} INFO - Processing file /mnt/c/Users/ander/Desktop/airflow-spark/airflow-spark/curso2/ambientX/lib/python3.9/site-packages/airflow/example_dags/example_inlet_event_extra.py for tasks to queue
[2025-01-26T10:42:28.697-0300] {logging_mixin.py:190} INFO - [2025-01-26T10:42:28.696-0300] {dagbag.py:588} INFO - Filling up the DagBag from /mnt/c/Users/ander/Desktop/airflow-spark/airflow-spark/curso2/ambientX/lib/python3.9/site-packages/airflow/example_dags/example_inlet_event_extra.py
[2025-01-26T10:42:28.819-0300] {processor.py:925} INFO - DAG(s) 'read_dataset_event_from_classic', 'read_dataset_event' retrieved from /mnt/c/Users/ander/Desktop/airflow-spark/airflow-spark/curso2/ambientX/lib/python3.9/site-packages/airflow/example_dags/example_inlet_event_extra.py
[2025-01-26T10:42:28.872-0300] {logging_mixin.py:190} INFO - [2025-01-26T10:42:28.872-0300] {dag.py:3239} INFO - Sync 2 DAGs
[2025-01-26T10:42:28.913-0300] {logging_mixin.py:190} INFO - [2025-01-26T10:42:28.912-0300] {dag.py:4180} INFO - Setting next_dagrun for read_dataset_event to 2025-01-25T00:00:00+00:00, run_after=2025-01-26T00:00:00+00:00
[2025-01-26T10:42:28.921-0300] {logging_mixin.py:190} INFO - [2025-01-26T10:42:28.921-0300] {dag.py:4180} INFO - Setting next_dagrun for read_dataset_event_from_classic to 2025-01-25T00:00:00+00:00, run_after=2025-01-26T00:00:00+00:00
[2025-01-26T10:42:29.007-0300] {processor.py:208} INFO - Processing /mnt/c/Users/ander/Desktop/airflow-spark/airflow-spark/curso2/ambientX/lib/python3.9/site-packages/airflow/example_dags/example_inlet_event_extra.py took 0.338 seconds
[2025-01-26T10:44:25.670-0300] {processor.py:186} INFO - Started process (PID=9566) to work on /mnt/c/Users/ander/Desktop/airflow-spark/airflow-spark/curso2/ambientX/lib/python3.9/site-packages/airflow/example_dags/example_inlet_event_extra.py
[2025-01-26T10:44:25.671-0300] {processor.py:914} INFO - Processing file /mnt/c/Users/ander/Desktop/airflow-spark/airflow-spark/curso2/ambientX/lib/python3.9/site-packages/airflow/example_dags/example_inlet_event_extra.py for tasks to queue
[2025-01-26T10:44:25.673-0300] {logging_mixin.py:190} INFO - [2025-01-26T10:44:25.672-0300] {dagbag.py:588} INFO - Filling up the DagBag from /mnt/c/Users/ander/Desktop/airflow-spark/airflow-spark/curso2/ambientX/lib/python3.9/site-packages/airflow/example_dags/example_inlet_event_extra.py
[2025-01-26T10:44:25.766-0300] {processor.py:925} INFO - DAG(s) 'read_dataset_event', 'read_dataset_event_from_classic' retrieved from /mnt/c/Users/ander/Desktop/airflow-spark/airflow-spark/curso2/ambientX/lib/python3.9/site-packages/airflow/example_dags/example_inlet_event_extra.py
[2025-01-26T10:44:25.812-0300] {logging_mixin.py:190} INFO - [2025-01-26T10:44:25.812-0300] {dag.py:3239} INFO - Sync 2 DAGs
[2025-01-26T10:44:25.849-0300] {logging_mixin.py:190} INFO - [2025-01-26T10:44:25.849-0300] {dag.py:4180} INFO - Setting next_dagrun for read_dataset_event to 2025-01-25T00:00:00+00:00, run_after=2025-01-26T00:00:00+00:00
[2025-01-26T10:44:25.856-0300] {logging_mixin.py:190} INFO - [2025-01-26T10:44:25.855-0300] {dag.py:4180} INFO - Setting next_dagrun for read_dataset_event_from_classic to 2025-01-25T00:00:00+00:00, run_after=2025-01-26T00:00:00+00:00
[2025-01-26T10:44:25.912-0300] {processor.py:208} INFO - Processing /mnt/c/Users/ander/Desktop/airflow-spark/airflow-spark/curso2/ambientX/lib/python3.9/site-packages/airflow/example_dags/example_inlet_event_extra.py took 0.260 seconds
[2025-01-26T10:46:15.090-0300] {processor.py:186} INFO - Started process (PID=10051) to work on /mnt/c/Users/ander/Desktop/airflow-spark/airflow-spark/curso2/ambientX/lib/python3.9/site-packages/airflow/example_dags/example_inlet_event_extra.py
[2025-01-26T10:46:15.091-0300] {processor.py:914} INFO - Processing file /mnt/c/Users/ander/Desktop/airflow-spark/airflow-spark/curso2/ambientX/lib/python3.9/site-packages/airflow/example_dags/example_inlet_event_extra.py for tasks to queue
[2025-01-26T10:46:15.093-0300] {logging_mixin.py:190} INFO - [2025-01-26T10:46:15.093-0300] {dagbag.py:588} INFO - Filling up the DagBag from /mnt/c/Users/ander/Desktop/airflow-spark/airflow-spark/curso2/ambientX/lib/python3.9/site-packages/airflow/example_dags/example_inlet_event_extra.py
[2025-01-26T10:46:15.169-0300] {processor.py:925} INFO - DAG(s) 'read_dataset_event', 'read_dataset_event_from_classic' retrieved from /mnt/c/Users/ander/Desktop/airflow-spark/airflow-spark/curso2/ambientX/lib/python3.9/site-packages/airflow/example_dags/example_inlet_event_extra.py
[2025-01-26T10:46:15.210-0300] {logging_mixin.py:190} INFO - [2025-01-26T10:46:15.210-0300] {dag.py:3239} INFO - Sync 2 DAGs
[2025-01-26T10:46:15.242-0300] {logging_mixin.py:190} INFO - [2025-01-26T10:46:15.242-0300] {dag.py:4180} INFO - Setting next_dagrun for read_dataset_event to 2025-01-25T00:00:00+00:00, run_after=2025-01-26T00:00:00+00:00
[2025-01-26T10:46:15.249-0300] {logging_mixin.py:190} INFO - [2025-01-26T10:46:15.249-0300] {dag.py:4180} INFO - Setting next_dagrun for read_dataset_event_from_classic to 2025-01-25T00:00:00+00:00, run_after=2025-01-26T00:00:00+00:00
[2025-01-26T10:46:15.304-0300] {processor.py:208} INFO - Processing /mnt/c/Users/ander/Desktop/airflow-spark/airflow-spark/curso2/ambientX/lib/python3.9/site-packages/airflow/example_dags/example_inlet_event_extra.py took 0.231 seconds
[2025-01-26T10:47:56.900-0300] {processor.py:186} INFO - Started process (PID=10467) to work on /mnt/c/Users/ander/Desktop/airflow-spark/airflow-spark/curso2/ambientX/lib/python3.9/site-packages/airflow/example_dags/example_inlet_event_extra.py
[2025-01-26T10:47:56.902-0300] {processor.py:914} INFO - Processing file /mnt/c/Users/ander/Desktop/airflow-spark/airflow-spark/curso2/ambientX/lib/python3.9/site-packages/airflow/example_dags/example_inlet_event_extra.py for tasks to queue
[2025-01-26T10:47:56.903-0300] {logging_mixin.py:190} INFO - [2025-01-26T10:47:56.903-0300] {dagbag.py:588} INFO - Filling up the DagBag from /mnt/c/Users/ander/Desktop/airflow-spark/airflow-spark/curso2/ambientX/lib/python3.9/site-packages/airflow/example_dags/example_inlet_event_extra.py
[2025-01-26T10:47:56.996-0300] {processor.py:925} INFO - DAG(s) 'read_dataset_event', 'read_dataset_event_from_classic' retrieved from /mnt/c/Users/ander/Desktop/airflow-spark/airflow-spark/curso2/ambientX/lib/python3.9/site-packages/airflow/example_dags/example_inlet_event_extra.py
[2025-01-26T10:47:57.044-0300] {logging_mixin.py:190} INFO - [2025-01-26T10:47:57.044-0300] {dag.py:3239} INFO - Sync 2 DAGs
[2025-01-26T10:47:57.081-0300] {logging_mixin.py:190} INFO - [2025-01-26T10:47:57.081-0300] {dag.py:4180} INFO - Setting next_dagrun for read_dataset_event to 2025-01-25T00:00:00+00:00, run_after=2025-01-26T00:00:00+00:00
[2025-01-26T10:47:57.088-0300] {logging_mixin.py:190} INFO - [2025-01-26T10:47:57.088-0300] {dag.py:4180} INFO - Setting next_dagrun for read_dataset_event_from_classic to 2025-01-25T00:00:00+00:00, run_after=2025-01-26T00:00:00+00:00
[2025-01-26T10:47:57.150-0300] {processor.py:208} INFO - Processing /mnt/c/Users/ander/Desktop/airflow-spark/airflow-spark/curso2/ambientX/lib/python3.9/site-packages/airflow/example_dags/example_inlet_event_extra.py took 0.268 seconds
[2025-01-26T10:49:50.093-0300] {processor.py:186} INFO - Started process (PID=11016) to work on /mnt/c/Users/ander/Desktop/airflow-spark/airflow-spark/curso2/ambientX/lib/python3.9/site-packages/airflow/example_dags/example_inlet_event_extra.py
[2025-01-26T10:49:50.094-0300] {processor.py:914} INFO - Processing file /mnt/c/Users/ander/Desktop/airflow-spark/airflow-spark/curso2/ambientX/lib/python3.9/site-packages/airflow/example_dags/example_inlet_event_extra.py for tasks to queue
[2025-01-26T10:49:50.096-0300] {logging_mixin.py:190} INFO - [2025-01-26T10:49:50.096-0300] {dagbag.py:588} INFO - Filling up the DagBag from /mnt/c/Users/ander/Desktop/airflow-spark/airflow-spark/curso2/ambientX/lib/python3.9/site-packages/airflow/example_dags/example_inlet_event_extra.py
[2025-01-26T10:49:50.198-0300] {processor.py:925} INFO - DAG(s) 'read_dataset_event_from_classic', 'read_dataset_event' retrieved from /mnt/c/Users/ander/Desktop/airflow-spark/airflow-spark/curso2/ambientX/lib/python3.9/site-packages/airflow/example_dags/example_inlet_event_extra.py
[2025-01-26T10:49:50.253-0300] {logging_mixin.py:190} INFO - [2025-01-26T10:49:50.252-0300] {dag.py:3239} INFO - Sync 2 DAGs
[2025-01-26T10:49:50.294-0300] {logging_mixin.py:190} INFO - [2025-01-26T10:49:50.294-0300] {dag.py:4180} INFO - Setting next_dagrun for read_dataset_event to 2025-01-25T00:00:00+00:00, run_after=2025-01-26T00:00:00+00:00
[2025-01-26T10:49:50.303-0300] {logging_mixin.py:190} INFO - [2025-01-26T10:49:50.302-0300] {dag.py:4180} INFO - Setting next_dagrun for read_dataset_event_from_classic to 2025-01-25T00:00:00+00:00, run_after=2025-01-26T00:00:00+00:00
[2025-01-26T10:49:50.392-0300] {processor.py:208} INFO - Processing /mnt/c/Users/ander/Desktop/airflow-spark/airflow-spark/curso2/ambientX/lib/python3.9/site-packages/airflow/example_dags/example_inlet_event_extra.py took 0.318 seconds
[2025-01-26T10:51:37.328-0300] {processor.py:186} INFO - Started process (PID=11450) to work on /mnt/c/Users/ander/Desktop/airflow-spark/airflow-spark/curso2/ambientX/lib/python3.9/site-packages/airflow/example_dags/example_inlet_event_extra.py
[2025-01-26T10:51:37.329-0300] {processor.py:914} INFO - Processing file /mnt/c/Users/ander/Desktop/airflow-spark/airflow-spark/curso2/ambientX/lib/python3.9/site-packages/airflow/example_dags/example_inlet_event_extra.py for tasks to queue
[2025-01-26T10:51:37.332-0300] {logging_mixin.py:190} INFO - [2025-01-26T10:51:37.331-0300] {dagbag.py:588} INFO - Filling up the DagBag from /mnt/c/Users/ander/Desktop/airflow-spark/airflow-spark/curso2/ambientX/lib/python3.9/site-packages/airflow/example_dags/example_inlet_event_extra.py
[2025-01-26T10:51:37.428-0300] {processor.py:925} INFO - DAG(s) 'read_dataset_event', 'read_dataset_event_from_classic' retrieved from /mnt/c/Users/ander/Desktop/airflow-spark/airflow-spark/curso2/ambientX/lib/python3.9/site-packages/airflow/example_dags/example_inlet_event_extra.py
[2025-01-26T10:51:37.480-0300] {logging_mixin.py:190} INFO - [2025-01-26T10:51:37.480-0300] {dag.py:3239} INFO - Sync 2 DAGs
[2025-01-26T10:51:37.520-0300] {logging_mixin.py:190} INFO - [2025-01-26T10:51:37.520-0300] {dag.py:4180} INFO - Setting next_dagrun for read_dataset_event to 2025-01-25T00:00:00+00:00, run_after=2025-01-26T00:00:00+00:00
[2025-01-26T10:51:37.529-0300] {logging_mixin.py:190} INFO - [2025-01-26T10:51:37.529-0300] {dag.py:4180} INFO - Setting next_dagrun for read_dataset_event_from_classic to 2025-01-25T00:00:00+00:00, run_after=2025-01-26T00:00:00+00:00
[2025-01-26T10:51:37.644-0300] {processor.py:208} INFO - Processing /mnt/c/Users/ander/Desktop/airflow-spark/airflow-spark/curso2/ambientX/lib/python3.9/site-packages/airflow/example_dags/example_inlet_event_extra.py took 0.336 seconds
[2025-01-26T10:53:31.415-0300] {processor.py:186} INFO - Started process (PID=11913) to work on /mnt/c/Users/ander/Desktop/airflow-spark/airflow-spark/curso2/ambientX/lib/python3.9/site-packages/airflow/example_dags/example_inlet_event_extra.py
[2025-01-26T10:53:31.416-0300] {processor.py:914} INFO - Processing file /mnt/c/Users/ander/Desktop/airflow-spark/airflow-spark/curso2/ambientX/lib/python3.9/site-packages/airflow/example_dags/example_inlet_event_extra.py for tasks to queue
[2025-01-26T10:53:31.419-0300] {logging_mixin.py:190} INFO - [2025-01-26T10:53:31.418-0300] {dagbag.py:588} INFO - Filling up the DagBag from /mnt/c/Users/ander/Desktop/airflow-spark/airflow-spark/curso2/ambientX/lib/python3.9/site-packages/airflow/example_dags/example_inlet_event_extra.py
[2025-01-26T10:53:31.514-0300] {processor.py:925} INFO - DAG(s) 'read_dataset_event_from_classic', 'read_dataset_event' retrieved from /mnt/c/Users/ander/Desktop/airflow-spark/airflow-spark/curso2/ambientX/lib/python3.9/site-packages/airflow/example_dags/example_inlet_event_extra.py
[2025-01-26T10:53:31.571-0300] {logging_mixin.py:190} INFO - [2025-01-26T10:53:31.571-0300] {dag.py:3239} INFO - Sync 2 DAGs
[2025-01-26T10:53:31.611-0300] {logging_mixin.py:190} INFO - [2025-01-26T10:53:31.611-0300] {dag.py:4180} INFO - Setting next_dagrun for read_dataset_event to 2025-01-25T00:00:00+00:00, run_after=2025-01-26T00:00:00+00:00
[2025-01-26T10:53:31.618-0300] {logging_mixin.py:190} INFO - [2025-01-26T10:53:31.618-0300] {dag.py:4180} INFO - Setting next_dagrun for read_dataset_event_from_classic to 2025-01-25T00:00:00+00:00, run_after=2025-01-26T00:00:00+00:00
[2025-01-26T10:53:31.687-0300] {processor.py:208} INFO - Processing /mnt/c/Users/ander/Desktop/airflow-spark/airflow-spark/curso2/ambientX/lib/python3.9/site-packages/airflow/example_dags/example_inlet_event_extra.py took 0.290 seconds
[2025-01-26T10:55:23.018-0300] {processor.py:186} INFO - Started process (PID=12369) to work on /mnt/c/Users/ander/Desktop/airflow-spark/airflow-spark/curso2/ambientX/lib/python3.9/site-packages/airflow/example_dags/example_inlet_event_extra.py
[2025-01-26T10:55:23.019-0300] {processor.py:914} INFO - Processing file /mnt/c/Users/ander/Desktop/airflow-spark/airflow-spark/curso2/ambientX/lib/python3.9/site-packages/airflow/example_dags/example_inlet_event_extra.py for tasks to queue
[2025-01-26T10:55:23.021-0300] {logging_mixin.py:190} INFO - [2025-01-26T10:55:23.021-0300] {dagbag.py:588} INFO - Filling up the DagBag from /mnt/c/Users/ander/Desktop/airflow-spark/airflow-spark/curso2/ambientX/lib/python3.9/site-packages/airflow/example_dags/example_inlet_event_extra.py
[2025-01-26T10:55:23.123-0300] {processor.py:925} INFO - DAG(s) 'read_dataset_event', 'read_dataset_event_from_classic' retrieved from /mnt/c/Users/ander/Desktop/airflow-spark/airflow-spark/curso2/ambientX/lib/python3.9/site-packages/airflow/example_dags/example_inlet_event_extra.py
[2025-01-26T10:55:23.176-0300] {logging_mixin.py:190} INFO - [2025-01-26T10:55:23.176-0300] {dag.py:3239} INFO - Sync 2 DAGs
[2025-01-26T10:55:23.216-0300] {logging_mixin.py:190} INFO - [2025-01-26T10:55:23.216-0300] {dag.py:4180} INFO - Setting next_dagrun for read_dataset_event to 2025-01-25T00:00:00+00:00, run_after=2025-01-26T00:00:00+00:00
[2025-01-26T10:55:23.225-0300] {logging_mixin.py:190} INFO - [2025-01-26T10:55:23.224-0300] {dag.py:4180} INFO - Setting next_dagrun for read_dataset_event_from_classic to 2025-01-25T00:00:00+00:00, run_after=2025-01-26T00:00:00+00:00
[2025-01-26T10:55:23.296-0300] {processor.py:208} INFO - Processing /mnt/c/Users/ander/Desktop/airflow-spark/airflow-spark/curso2/ambientX/lib/python3.9/site-packages/airflow/example_dags/example_inlet_event_extra.py took 0.300 seconds
[2025-01-26T10:57:10.692-0300] {processor.py:186} INFO - Started process (PID=12884) to work on /mnt/c/Users/ander/Desktop/airflow-spark/airflow-spark/curso2/ambientX/lib/python3.9/site-packages/airflow/example_dags/example_inlet_event_extra.py
[2025-01-26T10:57:10.694-0300] {processor.py:914} INFO - Processing file /mnt/c/Users/ander/Desktop/airflow-spark/airflow-spark/curso2/ambientX/lib/python3.9/site-packages/airflow/example_dags/example_inlet_event_extra.py for tasks to queue
[2025-01-26T10:57:10.696-0300] {logging_mixin.py:190} INFO - [2025-01-26T10:57:10.695-0300] {dagbag.py:588} INFO - Filling up the DagBag from /mnt/c/Users/ander/Desktop/airflow-spark/airflow-spark/curso2/ambientX/lib/python3.9/site-packages/airflow/example_dags/example_inlet_event_extra.py
[2025-01-26T10:57:10.835-0300] {processor.py:925} INFO - DAG(s) 'read_dataset_event_from_classic', 'read_dataset_event' retrieved from /mnt/c/Users/ander/Desktop/airflow-spark/airflow-spark/curso2/ambientX/lib/python3.9/site-packages/airflow/example_dags/example_inlet_event_extra.py
[2025-01-26T10:57:10.880-0300] {logging_mixin.py:190} INFO - [2025-01-26T10:57:10.880-0300] {dag.py:3239} INFO - Sync 2 DAGs
[2025-01-26T10:57:10.929-0300] {logging_mixin.py:190} INFO - [2025-01-26T10:57:10.928-0300] {dag.py:4180} INFO - Setting next_dagrun for read_dataset_event to 2025-01-25T00:00:00+00:00, run_after=2025-01-26T00:00:00+00:00
[2025-01-26T10:57:10.940-0300] {logging_mixin.py:190} INFO - [2025-01-26T10:57:10.939-0300] {dag.py:4180} INFO - Setting next_dagrun for read_dataset_event_from_classic to 2025-01-25T00:00:00+00:00, run_after=2025-01-26T00:00:00+00:00
[2025-01-26T10:57:11.015-0300] {processor.py:208} INFO - Processing /mnt/c/Users/ander/Desktop/airflow-spark/airflow-spark/curso2/ambientX/lib/python3.9/site-packages/airflow/example_dags/example_inlet_event_extra.py took 0.347 seconds
[2025-01-26T10:59:05.150-0300] {processor.py:186} INFO - Started process (PID=13419) to work on /mnt/c/Users/ander/Desktop/airflow-spark/airflow-spark/curso2/ambientX/lib/python3.9/site-packages/airflow/example_dags/example_inlet_event_extra.py
[2025-01-26T10:59:05.153-0300] {processor.py:914} INFO - Processing file /mnt/c/Users/ander/Desktop/airflow-spark/airflow-spark/curso2/ambientX/lib/python3.9/site-packages/airflow/example_dags/example_inlet_event_extra.py for tasks to queue
[2025-01-26T10:59:05.155-0300] {logging_mixin.py:190} INFO - [2025-01-26T10:59:05.155-0300] {dagbag.py:588} INFO - Filling up the DagBag from /mnt/c/Users/ander/Desktop/airflow-spark/airflow-spark/curso2/ambientX/lib/python3.9/site-packages/airflow/example_dags/example_inlet_event_extra.py
[2025-01-26T10:59:05.277-0300] {processor.py:925} INFO - DAG(s) 'read_dataset_event', 'read_dataset_event_from_classic' retrieved from /mnt/c/Users/ander/Desktop/airflow-spark/airflow-spark/curso2/ambientX/lib/python3.9/site-packages/airflow/example_dags/example_inlet_event_extra.py
[2025-01-26T10:59:05.327-0300] {logging_mixin.py:190} INFO - [2025-01-26T10:59:05.327-0300] {dag.py:3239} INFO - Sync 2 DAGs
[2025-01-26T10:59:05.370-0300] {logging_mixin.py:190} INFO - [2025-01-26T10:59:05.370-0300] {dag.py:4180} INFO - Setting next_dagrun for read_dataset_event to 2025-01-25T00:00:00+00:00, run_after=2025-01-26T00:00:00+00:00
[2025-01-26T10:59:05.379-0300] {logging_mixin.py:190} INFO - [2025-01-26T10:59:05.379-0300] {dag.py:4180} INFO - Setting next_dagrun for read_dataset_event_from_classic to 2025-01-25T00:00:00+00:00, run_after=2025-01-26T00:00:00+00:00
[2025-01-26T10:59:05.460-0300] {processor.py:208} INFO - Processing /mnt/c/Users/ander/Desktop/airflow-spark/airflow-spark/curso2/ambientX/lib/python3.9/site-packages/airflow/example_dags/example_inlet_event_extra.py took 0.331 seconds
[2025-01-26T11:01:03.265-0300] {processor.py:186} INFO - Started process (PID=13992) to work on /mnt/c/Users/ander/Desktop/airflow-spark/airflow-spark/curso2/ambientX/lib/python3.9/site-packages/airflow/example_dags/example_inlet_event_extra.py
[2025-01-26T11:01:03.277-0300] {processor.py:914} INFO - Processing file /mnt/c/Users/ander/Desktop/airflow-spark/airflow-spark/curso2/ambientX/lib/python3.9/site-packages/airflow/example_dags/example_inlet_event_extra.py for tasks to queue
[2025-01-26T11:01:03.279-0300] {logging_mixin.py:190} INFO - [2025-01-26T11:01:03.278-0300] {dagbag.py:588} INFO - Filling up the DagBag from /mnt/c/Users/ander/Desktop/airflow-spark/airflow-spark/curso2/ambientX/lib/python3.9/site-packages/airflow/example_dags/example_inlet_event_extra.py
[2025-01-26T11:01:03.349-0300] {processor.py:925} INFO - DAG(s) 'read_dataset_event_from_classic', 'read_dataset_event' retrieved from /mnt/c/Users/ander/Desktop/airflow-spark/airflow-spark/curso2/ambientX/lib/python3.9/site-packages/airflow/example_dags/example_inlet_event_extra.py
[2025-01-26T11:01:03.390-0300] {logging_mixin.py:190} INFO - [2025-01-26T11:01:03.389-0300] {dag.py:3239} INFO - Sync 2 DAGs
[2025-01-26T11:01:03.430-0300] {logging_mixin.py:190} INFO - [2025-01-26T11:01:03.430-0300] {dag.py:4180} INFO - Setting next_dagrun for read_dataset_event to 2025-01-25T00:00:00+00:00, run_after=2025-01-26T00:00:00+00:00
[2025-01-26T11:01:03.440-0300] {logging_mixin.py:190} INFO - [2025-01-26T11:01:03.440-0300] {dag.py:4180} INFO - Setting next_dagrun for read_dataset_event_from_classic to 2025-01-25T00:00:00+00:00, run_after=2025-01-26T00:00:00+00:00
[2025-01-26T11:01:03.503-0300] {processor.py:208} INFO - Processing /mnt/c/Users/ander/Desktop/airflow-spark/airflow-spark/curso2/ambientX/lib/python3.9/site-packages/airflow/example_dags/example_inlet_event_extra.py took 0.278 seconds
[2025-01-26T11:02:55.739-0300] {processor.py:186} INFO - Started process (PID=14969) to work on /mnt/c/Users/ander/Desktop/airflow-spark/airflow-spark/curso2/ambientX/lib/python3.9/site-packages/airflow/example_dags/example_inlet_event_extra.py
[2025-01-26T11:02:55.741-0300] {processor.py:914} INFO - Processing file /mnt/c/Users/ander/Desktop/airflow-spark/airflow-spark/curso2/ambientX/lib/python3.9/site-packages/airflow/example_dags/example_inlet_event_extra.py for tasks to queue
[2025-01-26T11:02:55.743-0300] {logging_mixin.py:190} INFO - [2025-01-26T11:02:55.743-0300] {dagbag.py:588} INFO - Filling up the DagBag from /mnt/c/Users/ander/Desktop/airflow-spark/airflow-spark/curso2/ambientX/lib/python3.9/site-packages/airflow/example_dags/example_inlet_event_extra.py
[2025-01-26T11:02:55.875-0300] {processor.py:925} INFO - DAG(s) 'read_dataset_event_from_classic', 'read_dataset_event' retrieved from /mnt/c/Users/ander/Desktop/airflow-spark/airflow-spark/curso2/ambientX/lib/python3.9/site-packages/airflow/example_dags/example_inlet_event_extra.py
[2025-01-26T11:02:56.051-0300] {logging_mixin.py:190} INFO - [2025-01-26T11:02:56.050-0300] {dag.py:3239} INFO - Sync 2 DAGs
[2025-01-26T11:02:56.122-0300] {logging_mixin.py:190} INFO - [2025-01-26T11:02:56.121-0300] {dag.py:4180} INFO - Setting next_dagrun for read_dataset_event to 2025-01-25T00:00:00+00:00, run_after=2025-01-26T00:00:00+00:00
[2025-01-26T11:02:56.138-0300] {logging_mixin.py:190} INFO - [2025-01-26T11:02:56.138-0300] {dag.py:4180} INFO - Setting next_dagrun for read_dataset_event_from_classic to 2025-01-25T00:00:00+00:00, run_after=2025-01-26T00:00:00+00:00
[2025-01-26T11:02:56.211-0300] {processor.py:208} INFO - Processing /mnt/c/Users/ander/Desktop/airflow-spark/airflow-spark/curso2/ambientX/lib/python3.9/site-packages/airflow/example_dags/example_inlet_event_extra.py took 0.495 seconds
[2025-01-26T11:04:45.496-0300] {processor.py:186} INFO - Started process (PID=15395) to work on /mnt/c/Users/ander/Desktop/airflow-spark/airflow-spark/curso2/ambientX/lib/python3.9/site-packages/airflow/example_dags/example_inlet_event_extra.py
[2025-01-26T11:04:45.498-0300] {processor.py:914} INFO - Processing file /mnt/c/Users/ander/Desktop/airflow-spark/airflow-spark/curso2/ambientX/lib/python3.9/site-packages/airflow/example_dags/example_inlet_event_extra.py for tasks to queue
[2025-01-26T11:04:45.500-0300] {logging_mixin.py:190} INFO - [2025-01-26T11:04:45.499-0300] {dagbag.py:588} INFO - Filling up the DagBag from /mnt/c/Users/ander/Desktop/airflow-spark/airflow-spark/curso2/ambientX/lib/python3.9/site-packages/airflow/example_dags/example_inlet_event_extra.py
[2025-01-26T11:04:45.611-0300] {processor.py:925} INFO - DAG(s) 'read_dataset_event_from_classic', 'read_dataset_event' retrieved from /mnt/c/Users/ander/Desktop/airflow-spark/airflow-spark/curso2/ambientX/lib/python3.9/site-packages/airflow/example_dags/example_inlet_event_extra.py
[2025-01-26T11:04:45.662-0300] {logging_mixin.py:190} INFO - [2025-01-26T11:04:45.662-0300] {dag.py:3239} INFO - Sync 2 DAGs
[2025-01-26T11:04:45.697-0300] {logging_mixin.py:190} INFO - [2025-01-26T11:04:45.697-0300] {dag.py:4180} INFO - Setting next_dagrun for read_dataset_event to 2025-01-25T00:00:00+00:00, run_after=2025-01-26T00:00:00+00:00
[2025-01-26T11:04:45.705-0300] {logging_mixin.py:190} INFO - [2025-01-26T11:04:45.704-0300] {dag.py:4180} INFO - Setting next_dagrun for read_dataset_event_from_classic to 2025-01-25T00:00:00+00:00, run_after=2025-01-26T00:00:00+00:00
[2025-01-26T11:04:45.770-0300] {processor.py:208} INFO - Processing /mnt/c/Users/ander/Desktop/airflow-spark/airflow-spark/curso2/ambientX/lib/python3.9/site-packages/airflow/example_dags/example_inlet_event_extra.py took 0.293 seconds
[2025-01-26T11:06:24.728-0300] {processor.py:186} INFO - Started process (PID=15800) to work on /mnt/c/Users/ander/Desktop/airflow-spark/airflow-spark/curso2/ambientX/lib/python3.9/site-packages/airflow/example_dags/example_inlet_event_extra.py
[2025-01-26T11:06:24.730-0300] {processor.py:914} INFO - Processing file /mnt/c/Users/ander/Desktop/airflow-spark/airflow-spark/curso2/ambientX/lib/python3.9/site-packages/airflow/example_dags/example_inlet_event_extra.py for tasks to queue
[2025-01-26T11:06:24.731-0300] {logging_mixin.py:190} INFO - [2025-01-26T11:06:24.731-0300] {dagbag.py:588} INFO - Filling up the DagBag from /mnt/c/Users/ander/Desktop/airflow-spark/airflow-spark/curso2/ambientX/lib/python3.9/site-packages/airflow/example_dags/example_inlet_event_extra.py
[2025-01-26T11:06:24.841-0300] {processor.py:925} INFO - DAG(s) 'read_dataset_event', 'read_dataset_event_from_classic' retrieved from /mnt/c/Users/ander/Desktop/airflow-spark/airflow-spark/curso2/ambientX/lib/python3.9/site-packages/airflow/example_dags/example_inlet_event_extra.py
[2025-01-26T11:06:24.899-0300] {logging_mixin.py:190} INFO - [2025-01-26T11:06:24.898-0300] {dag.py:3239} INFO - Sync 2 DAGs
[2025-01-26T11:06:24.933-0300] {logging_mixin.py:190} INFO - [2025-01-26T11:06:24.933-0300] {dag.py:4180} INFO - Setting next_dagrun for read_dataset_event to 2025-01-25T00:00:00+00:00, run_after=2025-01-26T00:00:00+00:00
[2025-01-26T11:06:24.940-0300] {logging_mixin.py:190} INFO - [2025-01-26T11:06:24.940-0300] {dag.py:4180} INFO - Setting next_dagrun for read_dataset_event_from_classic to 2025-01-25T00:00:00+00:00, run_after=2025-01-26T00:00:00+00:00
[2025-01-26T11:06:25.002-0300] {processor.py:208} INFO - Processing /mnt/c/Users/ander/Desktop/airflow-spark/airflow-spark/curso2/ambientX/lib/python3.9/site-packages/airflow/example_dags/example_inlet_event_extra.py took 0.291 seconds
[2025-01-26T11:08:06.764-0300] {processor.py:186} INFO - Started process (PID=16300) to work on /mnt/c/Users/ander/Desktop/airflow-spark/airflow-spark/curso2/ambientX/lib/python3.9/site-packages/airflow/example_dags/example_inlet_event_extra.py
[2025-01-26T11:08:06.765-0300] {processor.py:914} INFO - Processing file /mnt/c/Users/ander/Desktop/airflow-spark/airflow-spark/curso2/ambientX/lib/python3.9/site-packages/airflow/example_dags/example_inlet_event_extra.py for tasks to queue
[2025-01-26T11:08:06.767-0300] {logging_mixin.py:190} INFO - [2025-01-26T11:08:06.767-0300] {dagbag.py:588} INFO - Filling up the DagBag from /mnt/c/Users/ander/Desktop/airflow-spark/airflow-spark/curso2/ambientX/lib/python3.9/site-packages/airflow/example_dags/example_inlet_event_extra.py
[2025-01-26T11:08:06.862-0300] {processor.py:925} INFO - DAG(s) 'read_dataset_event', 'read_dataset_event_from_classic' retrieved from /mnt/c/Users/ander/Desktop/airflow-spark/airflow-spark/curso2/ambientX/lib/python3.9/site-packages/airflow/example_dags/example_inlet_event_extra.py
[2025-01-26T11:08:06.905-0300] {logging_mixin.py:190} INFO - [2025-01-26T11:08:06.904-0300] {dag.py:3239} INFO - Sync 2 DAGs
[2025-01-26T11:08:06.938-0300] {logging_mixin.py:190} INFO - [2025-01-26T11:08:06.938-0300] {dag.py:4180} INFO - Setting next_dagrun for read_dataset_event to 2025-01-25T00:00:00+00:00, run_after=2025-01-26T00:00:00+00:00
[2025-01-26T11:08:06.946-0300] {logging_mixin.py:190} INFO - [2025-01-26T11:08:06.945-0300] {dag.py:4180} INFO - Setting next_dagrun for read_dataset_event_from_classic to 2025-01-25T00:00:00+00:00, run_after=2025-01-26T00:00:00+00:00
[2025-01-26T11:08:07.008-0300] {processor.py:208} INFO - Processing /mnt/c/Users/ander/Desktop/airflow-spark/airflow-spark/curso2/ambientX/lib/python3.9/site-packages/airflow/example_dags/example_inlet_event_extra.py took 0.263 seconds
[2025-01-26T11:09:49.928-0300] {processor.py:186} INFO - Started process (PID=16688) to work on /mnt/c/Users/ander/Desktop/airflow-spark/airflow-spark/curso2/ambientX/lib/python3.9/site-packages/airflow/example_dags/example_inlet_event_extra.py
[2025-01-26T11:09:49.930-0300] {processor.py:914} INFO - Processing file /mnt/c/Users/ander/Desktop/airflow-spark/airflow-spark/curso2/ambientX/lib/python3.9/site-packages/airflow/example_dags/example_inlet_event_extra.py for tasks to queue
[2025-01-26T11:09:49.932-0300] {logging_mixin.py:190} INFO - [2025-01-26T11:09:49.932-0300] {dagbag.py:588} INFO - Filling up the DagBag from /mnt/c/Users/ander/Desktop/airflow-spark/airflow-spark/curso2/ambientX/lib/python3.9/site-packages/airflow/example_dags/example_inlet_event_extra.py
[2025-01-26T11:09:50.019-0300] {processor.py:925} INFO - DAG(s) 'read_dataset_event_from_classic', 'read_dataset_event' retrieved from /mnt/c/Users/ander/Desktop/airflow-spark/airflow-spark/curso2/ambientX/lib/python3.9/site-packages/airflow/example_dags/example_inlet_event_extra.py
[2025-01-26T11:09:50.075-0300] {logging_mixin.py:190} INFO - [2025-01-26T11:09:50.074-0300] {dag.py:3239} INFO - Sync 2 DAGs
[2025-01-26T11:09:50.113-0300] {logging_mixin.py:190} INFO - [2025-01-26T11:09:50.113-0300] {dag.py:4180} INFO - Setting next_dagrun for read_dataset_event to 2025-01-25T00:00:00+00:00, run_after=2025-01-26T00:00:00+00:00
[2025-01-26T11:09:50.122-0300] {logging_mixin.py:190} INFO - [2025-01-26T11:09:50.122-0300] {dag.py:4180} INFO - Setting next_dagrun for read_dataset_event_from_classic to 2025-01-25T00:00:00+00:00, run_after=2025-01-26T00:00:00+00:00
[2025-01-26T11:09:50.208-0300] {processor.py:208} INFO - Processing /mnt/c/Users/ander/Desktop/airflow-spark/airflow-spark/curso2/ambientX/lib/python3.9/site-packages/airflow/example_dags/example_inlet_event_extra.py took 0.298 seconds
[2025-01-26T11:12:03.565-0300] {processor.py:186} INFO - Started process (PID=17263) to work on /mnt/c/Users/ander/Desktop/airflow-spark/airflow-spark/curso2/ambientX/lib/python3.9/site-packages/airflow/example_dags/example_inlet_event_extra.py
[2025-01-26T11:12:03.590-0300] {processor.py:914} INFO - Processing file /mnt/c/Users/ander/Desktop/airflow-spark/airflow-spark/curso2/ambientX/lib/python3.9/site-packages/airflow/example_dags/example_inlet_event_extra.py for tasks to queue
[2025-01-26T11:12:03.592-0300] {logging_mixin.py:190} INFO - [2025-01-26T11:12:03.592-0300] {dagbag.py:588} INFO - Filling up the DagBag from /mnt/c/Users/ander/Desktop/airflow-spark/airflow-spark/curso2/ambientX/lib/python3.9/site-packages/airflow/example_dags/example_inlet_event_extra.py
[2025-01-26T11:12:03.796-0300] {processor.py:925} INFO - DAG(s) 'read_dataset_event', 'read_dataset_event_from_classic' retrieved from /mnt/c/Users/ander/Desktop/airflow-spark/airflow-spark/curso2/ambientX/lib/python3.9/site-packages/airflow/example_dags/example_inlet_event_extra.py
[2025-01-26T11:12:03.880-0300] {logging_mixin.py:190} INFO - [2025-01-26T11:12:03.880-0300] {dag.py:3239} INFO - Sync 2 DAGs
[2025-01-26T11:12:03.918-0300] {logging_mixin.py:190} INFO - [2025-01-26T11:12:03.918-0300] {dag.py:4180} INFO - Setting next_dagrun for read_dataset_event to 2025-01-25T00:00:00+00:00, run_after=2025-01-26T00:00:00+00:00
[2025-01-26T11:12:03.926-0300] {logging_mixin.py:190} INFO - [2025-01-26T11:12:03.926-0300] {dag.py:4180} INFO - Setting next_dagrun for read_dataset_event_from_classic to 2025-01-25T00:00:00+00:00, run_after=2025-01-26T00:00:00+00:00
[2025-01-26T11:12:04.638-0300] {processor.py:208} INFO - Processing /mnt/c/Users/ander/Desktop/airflow-spark/airflow-spark/curso2/ambientX/lib/python3.9/site-packages/airflow/example_dags/example_inlet_event_extra.py took 1.091 seconds
[2025-01-26T11:15:36.326-0300] {processor.py:186} INFO - Started process (PID=18299) to work on /mnt/c/Users/ander/Desktop/airflow-spark/airflow-spark/curso2/ambientX/lib/python3.9/site-packages/airflow/example_dags/example_inlet_event_extra.py
[2025-01-26T11:15:36.328-0300] {processor.py:914} INFO - Processing file /mnt/c/Users/ander/Desktop/airflow-spark/airflow-spark/curso2/ambientX/lib/python3.9/site-packages/airflow/example_dags/example_inlet_event_extra.py for tasks to queue
[2025-01-26T11:15:36.330-0300] {logging_mixin.py:190} INFO - [2025-01-26T11:15:36.329-0300] {dagbag.py:588} INFO - Filling up the DagBag from /mnt/c/Users/ander/Desktop/airflow-spark/airflow-spark/curso2/ambientX/lib/python3.9/site-packages/airflow/example_dags/example_inlet_event_extra.py
[2025-01-26T11:15:36.472-0300] {processor.py:925} INFO - DAG(s) 'read_dataset_event_from_classic', 'read_dataset_event' retrieved from /mnt/c/Users/ander/Desktop/airflow-spark/airflow-spark/curso2/ambientX/lib/python3.9/site-packages/airflow/example_dags/example_inlet_event_extra.py
[2025-01-26T11:15:36.606-0300] {logging_mixin.py:190} INFO - [2025-01-26T11:15:36.605-0300] {dag.py:3239} INFO - Sync 2 DAGs
[2025-01-26T11:15:36.641-0300] {logging_mixin.py:190} INFO - [2025-01-26T11:15:36.640-0300] {dag.py:4180} INFO - Setting next_dagrun for read_dataset_event to 2025-01-25T00:00:00+00:00, run_after=2025-01-26T00:00:00+00:00
[2025-01-26T11:15:36.648-0300] {logging_mixin.py:190} INFO - [2025-01-26T11:15:36.647-0300] {dag.py:4180} INFO - Setting next_dagrun for read_dataset_event_from_classic to 2025-01-25T00:00:00+00:00, run_after=2025-01-26T00:00:00+00:00
[2025-01-26T11:15:37.416-0300] {processor.py:208} INFO - Processing /mnt/c/Users/ander/Desktop/airflow-spark/airflow-spark/curso2/ambientX/lib/python3.9/site-packages/airflow/example_dags/example_inlet_event_extra.py took 1.108 seconds
[2025-01-26T11:18:51.993-0300] {processor.py:186} INFO - Started process (PID=19189) to work on /mnt/c/Users/ander/Desktop/airflow-spark/airflow-spark/curso2/ambientX/lib/python3.9/site-packages/airflow/example_dags/example_inlet_event_extra.py
[2025-01-26T11:18:51.994-0300] {processor.py:914} INFO - Processing file /mnt/c/Users/ander/Desktop/airflow-spark/airflow-spark/curso2/ambientX/lib/python3.9/site-packages/airflow/example_dags/example_inlet_event_extra.py for tasks to queue
[2025-01-26T11:18:51.996-0300] {logging_mixin.py:190} INFO - [2025-01-26T11:18:51.996-0300] {dagbag.py:588} INFO - Filling up the DagBag from /mnt/c/Users/ander/Desktop/airflow-spark/airflow-spark/curso2/ambientX/lib/python3.9/site-packages/airflow/example_dags/example_inlet_event_extra.py
[2025-01-26T11:18:52.069-0300] {processor.py:925} INFO - DAG(s) 'read_dataset_event', 'read_dataset_event_from_classic' retrieved from /mnt/c/Users/ander/Desktop/airflow-spark/airflow-spark/curso2/ambientX/lib/python3.9/site-packages/airflow/example_dags/example_inlet_event_extra.py
[2025-01-26T11:18:52.112-0300] {logging_mixin.py:190} INFO - [2025-01-26T11:18:52.111-0300] {dag.py:3239} INFO - Sync 2 DAGs
[2025-01-26T11:18:52.145-0300] {logging_mixin.py:190} INFO - [2025-01-26T11:18:52.145-0300] {dag.py:4180} INFO - Setting next_dagrun for read_dataset_event to 2025-01-25T00:00:00+00:00, run_after=2025-01-26T00:00:00+00:00
[2025-01-26T11:18:52.152-0300] {logging_mixin.py:190} INFO - [2025-01-26T11:18:52.152-0300] {dag.py:4180} INFO - Setting next_dagrun for read_dataset_event_from_classic to 2025-01-25T00:00:00+00:00, run_after=2025-01-26T00:00:00+00:00
[2025-01-26T11:18:52.811-0300] {processor.py:208} INFO - Processing /mnt/c/Users/ander/Desktop/airflow-spark/airflow-spark/curso2/ambientX/lib/python3.9/site-packages/airflow/example_dags/example_inlet_event_extra.py took 0.836 seconds
[2025-01-26T11:22:42.578-0300] {processor.py:186} INFO - Started process (PID=20107) to work on /mnt/c/Users/ander/Desktop/airflow-spark/airflow-spark/curso2/ambientX/lib/python3.9/site-packages/airflow/example_dags/example_inlet_event_extra.py
[2025-01-26T11:22:42.579-0300] {processor.py:914} INFO - Processing file /mnt/c/Users/ander/Desktop/airflow-spark/airflow-spark/curso2/ambientX/lib/python3.9/site-packages/airflow/example_dags/example_inlet_event_extra.py for tasks to queue
[2025-01-26T11:22:42.581-0300] {logging_mixin.py:190} INFO - [2025-01-26T11:22:42.581-0300] {dagbag.py:588} INFO - Filling up the DagBag from /mnt/c/Users/ander/Desktop/airflow-spark/airflow-spark/curso2/ambientX/lib/python3.9/site-packages/airflow/example_dags/example_inlet_event_extra.py
[2025-01-26T11:22:42.660-0300] {processor.py:925} INFO - DAG(s) 'read_dataset_event_from_classic', 'read_dataset_event' retrieved from /mnt/c/Users/ander/Desktop/airflow-spark/airflow-spark/curso2/ambientX/lib/python3.9/site-packages/airflow/example_dags/example_inlet_event_extra.py
[2025-01-26T11:22:42.704-0300] {logging_mixin.py:190} INFO - [2025-01-26T11:22:42.704-0300] {dag.py:3239} INFO - Sync 2 DAGs
[2025-01-26T11:22:42.740-0300] {logging_mixin.py:190} INFO - [2025-01-26T11:22:42.740-0300] {dag.py:4180} INFO - Setting next_dagrun for read_dataset_event to 2025-01-25T00:00:00+00:00, run_after=2025-01-26T00:00:00+00:00
[2025-01-26T11:22:42.748-0300] {logging_mixin.py:190} INFO - [2025-01-26T11:22:42.748-0300] {dag.py:4180} INFO - Setting next_dagrun for read_dataset_event_from_classic to 2025-01-25T00:00:00+00:00, run_after=2025-01-26T00:00:00+00:00
[2025-01-26T11:22:42.816-0300] {processor.py:208} INFO - Processing /mnt/c/Users/ander/Desktop/airflow-spark/airflow-spark/curso2/ambientX/lib/python3.9/site-packages/airflow/example_dags/example_inlet_event_extra.py took 0.254 seconds
[2025-01-26T11:25:09.298-0300] {processor.py:186} INFO - Started process (PID=20873) to work on /mnt/c/Users/ander/Desktop/airflow-spark/airflow-spark/curso2/ambientX/lib/python3.9/site-packages/airflow/example_dags/example_inlet_event_extra.py
[2025-01-26T11:25:09.300-0300] {processor.py:914} INFO - Processing file /mnt/c/Users/ander/Desktop/airflow-spark/airflow-spark/curso2/ambientX/lib/python3.9/site-packages/airflow/example_dags/example_inlet_event_extra.py for tasks to queue
[2025-01-26T11:25:09.302-0300] {logging_mixin.py:190} INFO - [2025-01-26T11:25:09.301-0300] {dagbag.py:588} INFO - Filling up the DagBag from /mnt/c/Users/ander/Desktop/airflow-spark/airflow-spark/curso2/ambientX/lib/python3.9/site-packages/airflow/example_dags/example_inlet_event_extra.py
[2025-01-26T11:25:09.400-0300] {processor.py:925} INFO - DAG(s) 'read_dataset_event_from_classic', 'read_dataset_event' retrieved from /mnt/c/Users/ander/Desktop/airflow-spark/airflow-spark/curso2/ambientX/lib/python3.9/site-packages/airflow/example_dags/example_inlet_event_extra.py
[2025-01-26T11:25:09.445-0300] {logging_mixin.py:190} INFO - [2025-01-26T11:25:09.445-0300] {dag.py:3239} INFO - Sync 2 DAGs
[2025-01-26T11:25:09.480-0300] {logging_mixin.py:190} INFO - [2025-01-26T11:25:09.480-0300] {dag.py:4180} INFO - Setting next_dagrun for read_dataset_event to 2025-01-25T00:00:00+00:00, run_after=2025-01-26T00:00:00+00:00
[2025-01-26T11:25:09.488-0300] {logging_mixin.py:190} INFO - [2025-01-26T11:25:09.488-0300] {dag.py:4180} INFO - Setting next_dagrun for read_dataset_event_from_classic to 2025-01-25T00:00:00+00:00, run_after=2025-01-26T00:00:00+00:00
[2025-01-26T11:25:10.006-0300] {processor.py:208} INFO - Processing /mnt/c/Users/ander/Desktop/airflow-spark/airflow-spark/curso2/ambientX/lib/python3.9/site-packages/airflow/example_dags/example_inlet_event_extra.py took 0.727 seconds
[2025-01-26T11:27:34.497-0300] {processor.py:186} INFO - Started process (PID=21574) to work on /mnt/c/Users/ander/Desktop/airflow-spark/airflow-spark/curso2/ambientX/lib/python3.9/site-packages/airflow/example_dags/example_inlet_event_extra.py
[2025-01-26T11:27:34.498-0300] {processor.py:914} INFO - Processing file /mnt/c/Users/ander/Desktop/airflow-spark/airflow-spark/curso2/ambientX/lib/python3.9/site-packages/airflow/example_dags/example_inlet_event_extra.py for tasks to queue
[2025-01-26T11:27:34.500-0300] {logging_mixin.py:190} INFO - [2025-01-26T11:27:34.500-0300] {dagbag.py:588} INFO - Filling up the DagBag from /mnt/c/Users/ander/Desktop/airflow-spark/airflow-spark/curso2/ambientX/lib/python3.9/site-packages/airflow/example_dags/example_inlet_event_extra.py
[2025-01-26T11:27:34.597-0300] {processor.py:925} INFO - DAG(s) 'read_dataset_event_from_classic', 'read_dataset_event' retrieved from /mnt/c/Users/ander/Desktop/airflow-spark/airflow-spark/curso2/ambientX/lib/python3.9/site-packages/airflow/example_dags/example_inlet_event_extra.py
[2025-01-26T11:27:34.640-0300] {logging_mixin.py:190} INFO - [2025-01-26T11:27:34.640-0300] {dag.py:3239} INFO - Sync 2 DAGs
[2025-01-26T11:27:34.672-0300] {logging_mixin.py:190} INFO - [2025-01-26T11:27:34.672-0300] {dag.py:4180} INFO - Setting next_dagrun for read_dataset_event to 2025-01-25T00:00:00+00:00, run_after=2025-01-26T00:00:00+00:00
[2025-01-26T11:27:34.680-0300] {logging_mixin.py:190} INFO - [2025-01-26T11:27:34.679-0300] {dag.py:4180} INFO - Setting next_dagrun for read_dataset_event_from_classic to 2025-01-25T00:00:00+00:00, run_after=2025-01-26T00:00:00+00:00
[2025-01-26T11:27:34.747-0300] {processor.py:208} INFO - Processing /mnt/c/Users/ander/Desktop/airflow-spark/airflow-spark/curso2/ambientX/lib/python3.9/site-packages/airflow/example_dags/example_inlet_event_extra.py took 0.268 seconds
[2025-01-26T11:30:07.249-0300] {processor.py:186} INFO - Started process (PID=22400) to work on /mnt/c/Users/ander/Desktop/airflow-spark/airflow-spark/curso2/ambientX/lib/python3.9/site-packages/airflow/example_dags/example_inlet_event_extra.py
[2025-01-26T11:30:07.251-0300] {processor.py:914} INFO - Processing file /mnt/c/Users/ander/Desktop/airflow-spark/airflow-spark/curso2/ambientX/lib/python3.9/site-packages/airflow/example_dags/example_inlet_event_extra.py for tasks to queue
[2025-01-26T11:30:07.253-0300] {logging_mixin.py:190} INFO - [2025-01-26T11:30:07.253-0300] {dagbag.py:588} INFO - Filling up the DagBag from /mnt/c/Users/ander/Desktop/airflow-spark/airflow-spark/curso2/ambientX/lib/python3.9/site-packages/airflow/example_dags/example_inlet_event_extra.py
[2025-01-26T11:30:07.350-0300] {processor.py:925} INFO - DAG(s) 'read_dataset_event_from_classic', 'read_dataset_event' retrieved from /mnt/c/Users/ander/Desktop/airflow-spark/airflow-spark/curso2/ambientX/lib/python3.9/site-packages/airflow/example_dags/example_inlet_event_extra.py
[2025-01-26T11:30:07.391-0300] {logging_mixin.py:190} INFO - [2025-01-26T11:30:07.391-0300] {dag.py:3239} INFO - Sync 2 DAGs
[2025-01-26T11:30:07.424-0300] {logging_mixin.py:190} INFO - [2025-01-26T11:30:07.424-0300] {dag.py:4180} INFO - Setting next_dagrun for read_dataset_event to 2025-01-25T00:00:00+00:00, run_after=2025-01-26T00:00:00+00:00
[2025-01-26T11:30:07.433-0300] {logging_mixin.py:190} INFO - [2025-01-26T11:30:07.433-0300] {dag.py:4180} INFO - Setting next_dagrun for read_dataset_event_from_classic to 2025-01-25T00:00:00+00:00, run_after=2025-01-26T00:00:00+00:00
[2025-01-26T11:30:07.589-0300] {processor.py:208} INFO - Processing /mnt/c/Users/ander/Desktop/airflow-spark/airflow-spark/curso2/ambientX/lib/python3.9/site-packages/airflow/example_dags/example_inlet_event_extra.py took 0.359 seconds
[2025-01-26T11:33:10.379-0300] {processor.py:186} INFO - Started process (PID=23204) to work on /mnt/c/Users/ander/Desktop/airflow-spark/airflow-spark/curso2/ambientX/lib/python3.9/site-packages/airflow/example_dags/example_inlet_event_extra.py
[2025-01-26T11:33:10.380-0300] {processor.py:914} INFO - Processing file /mnt/c/Users/ander/Desktop/airflow-spark/airflow-spark/curso2/ambientX/lib/python3.9/site-packages/airflow/example_dags/example_inlet_event_extra.py for tasks to queue
[2025-01-26T11:33:10.383-0300] {logging_mixin.py:190} INFO - [2025-01-26T11:33:10.382-0300] {dagbag.py:588} INFO - Filling up the DagBag from /mnt/c/Users/ander/Desktop/airflow-spark/airflow-spark/curso2/ambientX/lib/python3.9/site-packages/airflow/example_dags/example_inlet_event_extra.py
[2025-01-26T11:33:10.485-0300] {processor.py:925} INFO - DAG(s) 'read_dataset_event', 'read_dataset_event_from_classic' retrieved from /mnt/c/Users/ander/Desktop/airflow-spark/airflow-spark/curso2/ambientX/lib/python3.9/site-packages/airflow/example_dags/example_inlet_event_extra.py
[2025-01-26T11:33:10.530-0300] {logging_mixin.py:190} INFO - [2025-01-26T11:33:10.530-0300] {dag.py:3239} INFO - Sync 2 DAGs
[2025-01-26T11:33:10.563-0300] {logging_mixin.py:190} INFO - [2025-01-26T11:33:10.563-0300] {dag.py:4180} INFO - Setting next_dagrun for read_dataset_event to 2025-01-25T00:00:00+00:00, run_after=2025-01-26T00:00:00+00:00
[2025-01-26T11:33:10.571-0300] {logging_mixin.py:190} INFO - [2025-01-26T11:33:10.571-0300] {dag.py:4180} INFO - Setting next_dagrun for read_dataset_event_from_classic to 2025-01-25T00:00:00+00:00, run_after=2025-01-26T00:00:00+00:00
[2025-01-26T11:33:10.813-0300] {processor.py:208} INFO - Processing /mnt/c/Users/ander/Desktop/airflow-spark/airflow-spark/curso2/ambientX/lib/python3.9/site-packages/airflow/example_dags/example_inlet_event_extra.py took 0.453 seconds
[2025-01-26T11:35:01.368-0300] {processor.py:186} INFO - Started process (PID=23685) to work on /mnt/c/Users/ander/Desktop/airflow-spark/airflow-spark/curso2/ambientX/lib/python3.9/site-packages/airflow/example_dags/example_inlet_event_extra.py
[2025-01-26T11:35:01.370-0300] {processor.py:914} INFO - Processing file /mnt/c/Users/ander/Desktop/airflow-spark/airflow-spark/curso2/ambientX/lib/python3.9/site-packages/airflow/example_dags/example_inlet_event_extra.py for tasks to queue
[2025-01-26T11:35:01.372-0300] {logging_mixin.py:190} INFO - [2025-01-26T11:35:01.372-0300] {dagbag.py:588} INFO - Filling up the DagBag from /mnt/c/Users/ander/Desktop/airflow-spark/airflow-spark/curso2/ambientX/lib/python3.9/site-packages/airflow/example_dags/example_inlet_event_extra.py
[2025-01-26T11:35:01.469-0300] {processor.py:925} INFO - DAG(s) 'read_dataset_event_from_classic', 'read_dataset_event' retrieved from /mnt/c/Users/ander/Desktop/airflow-spark/airflow-spark/curso2/ambientX/lib/python3.9/site-packages/airflow/example_dags/example_inlet_event_extra.py
[2025-01-26T11:35:01.514-0300] {logging_mixin.py:190} INFO - [2025-01-26T11:35:01.513-0300] {dag.py:3239} INFO - Sync 2 DAGs
[2025-01-26T11:35:01.547-0300] {logging_mixin.py:190} INFO - [2025-01-26T11:35:01.547-0300] {dag.py:4180} INFO - Setting next_dagrun for read_dataset_event to 2025-01-25T00:00:00+00:00, run_after=2025-01-26T00:00:00+00:00
[2025-01-26T11:35:01.554-0300] {logging_mixin.py:190} INFO - [2025-01-26T11:35:01.554-0300] {dag.py:4180} INFO - Setting next_dagrun for read_dataset_event_from_classic to 2025-01-25T00:00:00+00:00, run_after=2025-01-26T00:00:00+00:00
[2025-01-26T11:35:01.613-0300] {processor.py:208} INFO - Processing /mnt/c/Users/ander/Desktop/airflow-spark/airflow-spark/curso2/ambientX/lib/python3.9/site-packages/airflow/example_dags/example_inlet_event_extra.py took 0.262 seconds
[2025-01-26T11:36:42.958-0300] {processor.py:186} INFO - Started process (PID=24258) to work on /mnt/c/Users/ander/Desktop/airflow-spark/airflow-spark/curso2/ambientX/lib/python3.9/site-packages/airflow/example_dags/example_inlet_event_extra.py
[2025-01-26T11:36:42.959-0300] {processor.py:914} INFO - Processing file /mnt/c/Users/ander/Desktop/airflow-spark/airflow-spark/curso2/ambientX/lib/python3.9/site-packages/airflow/example_dags/example_inlet_event_extra.py for tasks to queue
[2025-01-26T11:36:42.961-0300] {logging_mixin.py:190} INFO - [2025-01-26T11:36:42.961-0300] {dagbag.py:588} INFO - Filling up the DagBag from /mnt/c/Users/ander/Desktop/airflow-spark/airflow-spark/curso2/ambientX/lib/python3.9/site-packages/airflow/example_dags/example_inlet_event_extra.py
[2025-01-26T11:36:43.059-0300] {processor.py:925} INFO - DAG(s) 'read_dataset_event_from_classic', 'read_dataset_event' retrieved from /mnt/c/Users/ander/Desktop/airflow-spark/airflow-spark/curso2/ambientX/lib/python3.9/site-packages/airflow/example_dags/example_inlet_event_extra.py
[2025-01-26T11:36:43.102-0300] {logging_mixin.py:190} INFO - [2025-01-26T11:36:43.102-0300] {dag.py:3239} INFO - Sync 2 DAGs
[2025-01-26T11:36:43.134-0300] {logging_mixin.py:190} INFO - [2025-01-26T11:36:43.134-0300] {dag.py:4180} INFO - Setting next_dagrun for read_dataset_event to 2025-01-25T00:00:00+00:00, run_after=2025-01-26T00:00:00+00:00
[2025-01-26T11:36:43.141-0300] {logging_mixin.py:190} INFO - [2025-01-26T11:36:43.141-0300] {dag.py:4180} INFO - Setting next_dagrun for read_dataset_event_from_classic to 2025-01-25T00:00:00+00:00, run_after=2025-01-26T00:00:00+00:00
[2025-01-26T11:36:43.208-0300] {processor.py:208} INFO - Processing /mnt/c/Users/ander/Desktop/airflow-spark/airflow-spark/curso2/ambientX/lib/python3.9/site-packages/airflow/example_dags/example_inlet_event_extra.py took 0.268 seconds
[2025-01-26T11:38:26.221-0300] {processor.py:186} INFO - Started process (PID=24776) to work on /mnt/c/Users/ander/Desktop/airflow-spark/airflow-spark/curso2/ambientX/lib/python3.9/site-packages/airflow/example_dags/example_inlet_event_extra.py
[2025-01-26T11:38:26.222-0300] {processor.py:914} INFO - Processing file /mnt/c/Users/ander/Desktop/airflow-spark/airflow-spark/curso2/ambientX/lib/python3.9/site-packages/airflow/example_dags/example_inlet_event_extra.py for tasks to queue
[2025-01-26T11:38:26.224-0300] {logging_mixin.py:190} INFO - [2025-01-26T11:38:26.224-0300] {dagbag.py:588} INFO - Filling up the DagBag from /mnt/c/Users/ander/Desktop/airflow-spark/airflow-spark/curso2/ambientX/lib/python3.9/site-packages/airflow/example_dags/example_inlet_event_extra.py
[2025-01-26T11:38:26.312-0300] {processor.py:925} INFO - DAG(s) 'read_dataset_event_from_classic', 'read_dataset_event' retrieved from /mnt/c/Users/ander/Desktop/airflow-spark/airflow-spark/curso2/ambientX/lib/python3.9/site-packages/airflow/example_dags/example_inlet_event_extra.py
[2025-01-26T11:38:26.353-0300] {logging_mixin.py:190} INFO - [2025-01-26T11:38:26.353-0300] {dag.py:3239} INFO - Sync 2 DAGs
[2025-01-26T11:38:26.385-0300] {logging_mixin.py:190} INFO - [2025-01-26T11:38:26.385-0300] {dag.py:4180} INFO - Setting next_dagrun for read_dataset_event to 2025-01-25T00:00:00+00:00, run_after=2025-01-26T00:00:00+00:00
[2025-01-26T11:38:26.392-0300] {logging_mixin.py:190} INFO - [2025-01-26T11:38:26.392-0300] {dag.py:4180} INFO - Setting next_dagrun for read_dataset_event_from_classic to 2025-01-25T00:00:00+00:00, run_after=2025-01-26T00:00:00+00:00
[2025-01-26T11:38:26.451-0300] {processor.py:208} INFO - Processing /mnt/c/Users/ander/Desktop/airflow-spark/airflow-spark/curso2/ambientX/lib/python3.9/site-packages/airflow/example_dags/example_inlet_event_extra.py took 0.249 seconds
[2025-01-26T11:40:03.643-0300] {processor.py:186} INFO - Started process (PID=25156) to work on /mnt/c/Users/ander/Desktop/airflow-spark/airflow-spark/curso2/ambientX/lib/python3.9/site-packages/airflow/example_dags/example_inlet_event_extra.py
[2025-01-26T11:40:03.644-0300] {processor.py:914} INFO - Processing file /mnt/c/Users/ander/Desktop/airflow-spark/airflow-spark/curso2/ambientX/lib/python3.9/site-packages/airflow/example_dags/example_inlet_event_extra.py for tasks to queue
[2025-01-26T11:40:03.646-0300] {logging_mixin.py:190} INFO - [2025-01-26T11:40:03.646-0300] {dagbag.py:588} INFO - Filling up the DagBag from /mnt/c/Users/ander/Desktop/airflow-spark/airflow-spark/curso2/ambientX/lib/python3.9/site-packages/airflow/example_dags/example_inlet_event_extra.py
[2025-01-26T11:40:03.723-0300] {processor.py:925} INFO - DAG(s) 'read_dataset_event', 'read_dataset_event_from_classic' retrieved from /mnt/c/Users/ander/Desktop/airflow-spark/airflow-spark/curso2/ambientX/lib/python3.9/site-packages/airflow/example_dags/example_inlet_event_extra.py
[2025-01-26T11:40:03.767-0300] {logging_mixin.py:190} INFO - [2025-01-26T11:40:03.766-0300] {dag.py:3239} INFO - Sync 2 DAGs
[2025-01-26T11:40:03.799-0300] {logging_mixin.py:190} INFO - [2025-01-26T11:40:03.799-0300] {dag.py:4180} INFO - Setting next_dagrun for read_dataset_event to 2025-01-25T00:00:00+00:00, run_after=2025-01-26T00:00:00+00:00
[2025-01-26T11:40:03.806-0300] {logging_mixin.py:190} INFO - [2025-01-26T11:40:03.806-0300] {dag.py:4180} INFO - Setting next_dagrun for read_dataset_event_from_classic to 2025-01-25T00:00:00+00:00, run_after=2025-01-26T00:00:00+00:00
[2025-01-26T11:40:03.866-0300] {processor.py:208} INFO - Processing /mnt/c/Users/ander/Desktop/airflow-spark/airflow-spark/curso2/ambientX/lib/python3.9/site-packages/airflow/example_dags/example_inlet_event_extra.py took 0.240 seconds
[2025-01-26T11:41:38.352-0300] {processor.py:186} INFO - Started process (PID=25717) to work on /mnt/c/Users/ander/Desktop/airflow-spark/airflow-spark/curso2/ambientX/lib/python3.9/site-packages/airflow/example_dags/example_inlet_event_extra.py
[2025-01-26T11:41:38.353-0300] {processor.py:914} INFO - Processing file /mnt/c/Users/ander/Desktop/airflow-spark/airflow-spark/curso2/ambientX/lib/python3.9/site-packages/airflow/example_dags/example_inlet_event_extra.py for tasks to queue
[2025-01-26T11:41:38.355-0300] {logging_mixin.py:190} INFO - [2025-01-26T11:41:38.355-0300] {dagbag.py:588} INFO - Filling up the DagBag from /mnt/c/Users/ander/Desktop/airflow-spark/airflow-spark/curso2/ambientX/lib/python3.9/site-packages/airflow/example_dags/example_inlet_event_extra.py
[2025-01-26T11:41:38.444-0300] {processor.py:925} INFO - DAG(s) 'read_dataset_event', 'read_dataset_event_from_classic' retrieved from /mnt/c/Users/ander/Desktop/airflow-spark/airflow-spark/curso2/ambientX/lib/python3.9/site-packages/airflow/example_dags/example_inlet_event_extra.py
[2025-01-26T11:41:38.488-0300] {logging_mixin.py:190} INFO - [2025-01-26T11:41:38.487-0300] {dag.py:3239} INFO - Sync 2 DAGs
[2025-01-26T11:41:38.521-0300] {logging_mixin.py:190} INFO - [2025-01-26T11:41:38.521-0300] {dag.py:4180} INFO - Setting next_dagrun for read_dataset_event to 2025-01-25T00:00:00+00:00, run_after=2025-01-26T00:00:00+00:00
[2025-01-26T11:41:38.529-0300] {logging_mixin.py:190} INFO - [2025-01-26T11:41:38.528-0300] {dag.py:4180} INFO - Setting next_dagrun for read_dataset_event_from_classic to 2025-01-25T00:00:00+00:00, run_after=2025-01-26T00:00:00+00:00
[2025-01-26T11:41:38.603-0300] {processor.py:208} INFO - Processing /mnt/c/Users/ander/Desktop/airflow-spark/airflow-spark/curso2/ambientX/lib/python3.9/site-packages/airflow/example_dags/example_inlet_event_extra.py took 0.270 seconds
[2025-01-26T11:43:25.792-0300] {processor.py:186} INFO - Started process (PID=26317) to work on /mnt/c/Users/ander/Desktop/airflow-spark/airflow-spark/curso2/ambientX/lib/python3.9/site-packages/airflow/example_dags/example_inlet_event_extra.py
[2025-01-26T11:43:25.793-0300] {processor.py:914} INFO - Processing file /mnt/c/Users/ander/Desktop/airflow-spark/airflow-spark/curso2/ambientX/lib/python3.9/site-packages/airflow/example_dags/example_inlet_event_extra.py for tasks to queue
[2025-01-26T11:43:25.795-0300] {logging_mixin.py:190} INFO - [2025-01-26T11:43:25.794-0300] {dagbag.py:588} INFO - Filling up the DagBag from /mnt/c/Users/ander/Desktop/airflow-spark/airflow-spark/curso2/ambientX/lib/python3.9/site-packages/airflow/example_dags/example_inlet_event_extra.py
[2025-01-26T11:43:25.872-0300] {processor.py:925} INFO - DAG(s) 'read_dataset_event', 'read_dataset_event_from_classic' retrieved from /mnt/c/Users/ander/Desktop/airflow-spark/airflow-spark/curso2/ambientX/lib/python3.9/site-packages/airflow/example_dags/example_inlet_event_extra.py
[2025-01-26T11:43:25.913-0300] {logging_mixin.py:190} INFO - [2025-01-26T11:43:25.913-0300] {dag.py:3239} INFO - Sync 2 DAGs
[2025-01-26T11:43:25.946-0300] {logging_mixin.py:190} INFO - [2025-01-26T11:43:25.946-0300] {dag.py:4180} INFO - Setting next_dagrun for read_dataset_event to 2025-01-25T00:00:00+00:00, run_after=2025-01-26T00:00:00+00:00
[2025-01-26T11:43:25.953-0300] {logging_mixin.py:190} INFO - [2025-01-26T11:43:25.953-0300] {dag.py:4180} INFO - Setting next_dagrun for read_dataset_event_from_classic to 2025-01-25T00:00:00+00:00, run_after=2025-01-26T00:00:00+00:00
[2025-01-26T11:43:26.011-0300] {processor.py:208} INFO - Processing /mnt/c/Users/ander/Desktop/airflow-spark/airflow-spark/curso2/ambientX/lib/python3.9/site-packages/airflow/example_dags/example_inlet_event_extra.py took 0.236 seconds
[2025-01-26T11:45:11.090-0300] {processor.py:186} INFO - Started process (PID=26723) to work on /mnt/c/Users/ander/Desktop/airflow-spark/airflow-spark/curso2/ambientX/lib/python3.9/site-packages/airflow/example_dags/example_inlet_event_extra.py
[2025-01-26T11:45:11.092-0300] {processor.py:914} INFO - Processing file /mnt/c/Users/ander/Desktop/airflow-spark/airflow-spark/curso2/ambientX/lib/python3.9/site-packages/airflow/example_dags/example_inlet_event_extra.py for tasks to queue
[2025-01-26T11:45:11.094-0300] {logging_mixin.py:190} INFO - [2025-01-26T11:45:11.093-0300] {dagbag.py:588} INFO - Filling up the DagBag from /mnt/c/Users/ander/Desktop/airflow-spark/airflow-spark/curso2/ambientX/lib/python3.9/site-packages/airflow/example_dags/example_inlet_event_extra.py
[2025-01-26T11:45:11.174-0300] {processor.py:925} INFO - DAG(s) 'read_dataset_event', 'read_dataset_event_from_classic' retrieved from /mnt/c/Users/ander/Desktop/airflow-spark/airflow-spark/curso2/ambientX/lib/python3.9/site-packages/airflow/example_dags/example_inlet_event_extra.py
[2025-01-26T11:45:11.218-0300] {logging_mixin.py:190} INFO - [2025-01-26T11:45:11.218-0300] {dag.py:3239} INFO - Sync 2 DAGs
[2025-01-26T11:45:11.251-0300] {logging_mixin.py:190} INFO - [2025-01-26T11:45:11.251-0300] {dag.py:4180} INFO - Setting next_dagrun for read_dataset_event to 2025-01-25T00:00:00+00:00, run_after=2025-01-26T00:00:00+00:00
[2025-01-26T11:45:11.259-0300] {logging_mixin.py:190} INFO - [2025-01-26T11:45:11.259-0300] {dag.py:4180} INFO - Setting next_dagrun for read_dataset_event_from_classic to 2025-01-25T00:00:00+00:00, run_after=2025-01-26T00:00:00+00:00
[2025-01-26T11:45:11.324-0300] {processor.py:208} INFO - Processing /mnt/c/Users/ander/Desktop/airflow-spark/airflow-spark/curso2/ambientX/lib/python3.9/site-packages/airflow/example_dags/example_inlet_event_extra.py took 0.251 seconds
