[2025-01-26T10:25:48.060-0300] {processor.py:186} INFO - Started process (PID=2372) to work on /mnt/c/Users/ander/Desktop/airflow-spark/airflow-spark/curso2/ambientX/lib/python3.9/site-packages/airflow/example_dags/example_params_ui_tutorial.py
[2025-01-26T10:25:48.062-0300] {processor.py:914} INFO - Processing file /mnt/c/Users/ander/Desktop/airflow-spark/airflow-spark/curso2/ambientX/lib/python3.9/site-packages/airflow/example_dags/example_params_ui_tutorial.py for tasks to queue
[2025-01-26T10:25:48.070-0300] {logging_mixin.py:190} INFO - [2025-01-26T10:25:48.069-0300] {dagbag.py:588} INFO - Filling up the DagBag from /mnt/c/Users/ander/Desktop/airflow-spark/airflow-spark/curso2/ambientX/lib/python3.9/site-packages/airflow/example_dags/example_params_ui_tutorial.py
[2025-01-26T10:25:48.225-0300] {processor.py:925} INFO - DAG(s) 'example_params_ui_tutorial' retrieved from /mnt/c/Users/ander/Desktop/airflow-spark/airflow-spark/curso2/ambientX/lib/python3.9/site-packages/airflow/example_dags/example_params_ui_tutorial.py
[2025-01-26T10:25:50.273-0300] {logging_mixin.py:190} INFO - [2025-01-26T10:25:50.273-0300] {dag.py:3239} INFO - Sync 1 DAGs
[2025-01-26T10:25:50.302-0300] {logging_mixin.py:190} INFO - [2025-01-26T10:25:50.301-0300] {dag.py:4180} INFO - Setting next_dagrun for example_params_ui_tutorial to None, run_after=None
[2025-01-26T10:25:50.409-0300] {processor.py:208} INFO - Processing /mnt/c/Users/ander/Desktop/airflow-spark/airflow-spark/curso2/ambientX/lib/python3.9/site-packages/airflow/example_dags/example_params_ui_tutorial.py took 2.371 seconds
[2025-01-26T10:38:58.637-0300] {processor.py:186} INFO - Started process (PID=8124) to work on /mnt/c/Users/ander/Desktop/airflow-spark/airflow-spark/curso2/ambientX/lib/python3.9/site-packages/airflow/example_dags/example_params_ui_tutorial.py
[2025-01-26T10:38:58.640-0300] {processor.py:914} INFO - Processing file /mnt/c/Users/ander/Desktop/airflow-spark/airflow-spark/curso2/ambientX/lib/python3.9/site-packages/airflow/example_dags/example_params_ui_tutorial.py for tasks to queue
[2025-01-26T10:38:58.642-0300] {logging_mixin.py:190} INFO - [2025-01-26T10:38:58.642-0300] {dagbag.py:588} INFO - Filling up the DagBag from /mnt/c/Users/ander/Desktop/airflow-spark/airflow-spark/curso2/ambientX/lib/python3.9/site-packages/airflow/example_dags/example_params_ui_tutorial.py
[2025-01-26T10:38:58.676-0300] {processor.py:925} INFO - DAG(s) 'example_params_ui_tutorial' retrieved from /mnt/c/Users/ander/Desktop/airflow-spark/airflow-spark/curso2/ambientX/lib/python3.9/site-packages/airflow/example_dags/example_params_ui_tutorial.py
[2025-01-26T10:38:58.806-0300] {logging_mixin.py:190} INFO - [2025-01-26T10:38:58.806-0300] {dag.py:3239} INFO - Sync 1 DAGs
[2025-01-26T10:38:58.837-0300] {logging_mixin.py:190} INFO - [2025-01-26T10:38:58.836-0300] {dag.py:4180} INFO - Setting next_dagrun for example_params_ui_tutorial to None, run_after=None
[2025-01-26T10:38:58.924-0300] {processor.py:208} INFO - Processing /mnt/c/Users/ander/Desktop/airflow-spark/airflow-spark/curso2/ambientX/lib/python3.9/site-packages/airflow/example_dags/example_params_ui_tutorial.py took 0.308 seconds
[2025-01-26T10:40:27.304-0300] {processor.py:186} INFO - Started process (PID=8587) to work on /mnt/c/Users/ander/Desktop/airflow-spark/airflow-spark/curso2/ambientX/lib/python3.9/site-packages/airflow/example_dags/example_params_ui_tutorial.py
[2025-01-26T10:40:27.306-0300] {processor.py:914} INFO - Processing file /mnt/c/Users/ander/Desktop/airflow-spark/airflow-spark/curso2/ambientX/lib/python3.9/site-packages/airflow/example_dags/example_params_ui_tutorial.py for tasks to queue
[2025-01-26T10:40:27.308-0300] {logging_mixin.py:190} INFO - [2025-01-26T10:40:27.307-0300] {dagbag.py:588} INFO - Filling up the DagBag from /mnt/c/Users/ander/Desktop/airflow-spark/airflow-spark/curso2/ambientX/lib/python3.9/site-packages/airflow/example_dags/example_params_ui_tutorial.py
[2025-01-26T10:40:27.338-0300] {processor.py:925} INFO - DAG(s) 'example_params_ui_tutorial' retrieved from /mnt/c/Users/ander/Desktop/airflow-spark/airflow-spark/curso2/ambientX/lib/python3.9/site-packages/airflow/example_dags/example_params_ui_tutorial.py
[2025-01-26T10:40:27.424-0300] {logging_mixin.py:190} INFO - [2025-01-26T10:40:27.424-0300] {dag.py:3239} INFO - Sync 1 DAGs
[2025-01-26T10:40:27.444-0300] {logging_mixin.py:190} INFO - [2025-01-26T10:40:27.444-0300] {dag.py:4180} INFO - Setting next_dagrun for example_params_ui_tutorial to None, run_after=None
[2025-01-26T10:40:27.518-0300] {processor.py:208} INFO - Processing /mnt/c/Users/ander/Desktop/airflow-spark/airflow-spark/curso2/ambientX/lib/python3.9/site-packages/airflow/example_dags/example_params_ui_tutorial.py took 0.232 seconds
[2025-01-26T10:42:14.461-0300] {processor.py:186} INFO - Started process (PID=9049) to work on /mnt/c/Users/ander/Desktop/airflow-spark/airflow-spark/curso2/ambientX/lib/python3.9/site-packages/airflow/example_dags/example_params_ui_tutorial.py
[2025-01-26T10:42:14.463-0300] {processor.py:914} INFO - Processing file /mnt/c/Users/ander/Desktop/airflow-spark/airflow-spark/curso2/ambientX/lib/python3.9/site-packages/airflow/example_dags/example_params_ui_tutorial.py for tasks to queue
[2025-01-26T10:42:14.466-0300] {logging_mixin.py:190} INFO - [2025-01-26T10:42:14.465-0300] {dagbag.py:588} INFO - Filling up the DagBag from /mnt/c/Users/ander/Desktop/airflow-spark/airflow-spark/curso2/ambientX/lib/python3.9/site-packages/airflow/example_dags/example_params_ui_tutorial.py
[2025-01-26T10:42:14.507-0300] {processor.py:925} INFO - DAG(s) 'example_params_ui_tutorial' retrieved from /mnt/c/Users/ander/Desktop/airflow-spark/airflow-spark/curso2/ambientX/lib/python3.9/site-packages/airflow/example_dags/example_params_ui_tutorial.py
[2025-01-26T10:42:14.605-0300] {logging_mixin.py:190} INFO - [2025-01-26T10:42:14.605-0300] {dag.py:3239} INFO - Sync 1 DAGs
[2025-01-26T10:42:14.627-0300] {logging_mixin.py:190} INFO - [2025-01-26T10:42:14.627-0300] {dag.py:4180} INFO - Setting next_dagrun for example_params_ui_tutorial to None, run_after=None
[2025-01-26T10:42:15.020-0300] {processor.py:208} INFO - Processing /mnt/c/Users/ander/Desktop/airflow-spark/airflow-spark/curso2/ambientX/lib/python3.9/site-packages/airflow/example_dags/example_params_ui_tutorial.py took 0.579 seconds
[2025-01-26T10:44:13.539-0300] {processor.py:186} INFO - Started process (PID=9506) to work on /mnt/c/Users/ander/Desktop/airflow-spark/airflow-spark/curso2/ambientX/lib/python3.9/site-packages/airflow/example_dags/example_params_ui_tutorial.py
[2025-01-26T10:44:13.540-0300] {processor.py:914} INFO - Processing file /mnt/c/Users/ander/Desktop/airflow-spark/airflow-spark/curso2/ambientX/lib/python3.9/site-packages/airflow/example_dags/example_params_ui_tutorial.py for tasks to queue
[2025-01-26T10:44:13.543-0300] {logging_mixin.py:190} INFO - [2025-01-26T10:44:13.542-0300] {dagbag.py:588} INFO - Filling up the DagBag from /mnt/c/Users/ander/Desktop/airflow-spark/airflow-spark/curso2/ambientX/lib/python3.9/site-packages/airflow/example_dags/example_params_ui_tutorial.py
[2025-01-26T10:44:13.569-0300] {processor.py:925} INFO - DAG(s) 'example_params_ui_tutorial' retrieved from /mnt/c/Users/ander/Desktop/airflow-spark/airflow-spark/curso2/ambientX/lib/python3.9/site-packages/airflow/example_dags/example_params_ui_tutorial.py
[2025-01-26T10:44:13.832-0300] {logging_mixin.py:190} INFO - [2025-01-26T10:44:13.831-0300] {dag.py:3239} INFO - Sync 1 DAGs
[2025-01-26T10:44:13.852-0300] {logging_mixin.py:190} INFO - [2025-01-26T10:44:13.852-0300] {dag.py:4180} INFO - Setting next_dagrun for example_params_ui_tutorial to None, run_after=None
[2025-01-26T10:44:14.081-0300] {processor.py:208} INFO - Processing /mnt/c/Users/ander/Desktop/airflow-spark/airflow-spark/curso2/ambientX/lib/python3.9/site-packages/airflow/example_dags/example_params_ui_tutorial.py took 0.564 seconds
[2025-01-26T10:46:04.445-0300] {processor.py:186} INFO - Started process (PID=9953) to work on /mnt/c/Users/ander/Desktop/airflow-spark/airflow-spark/curso2/ambientX/lib/python3.9/site-packages/airflow/example_dags/example_params_ui_tutorial.py
[2025-01-26T10:46:04.446-0300] {processor.py:914} INFO - Processing file /mnt/c/Users/ander/Desktop/airflow-spark/airflow-spark/curso2/ambientX/lib/python3.9/site-packages/airflow/example_dags/example_params_ui_tutorial.py for tasks to queue
[2025-01-26T10:46:04.448-0300] {logging_mixin.py:190} INFO - [2025-01-26T10:46:04.447-0300] {dagbag.py:588} INFO - Filling up the DagBag from /mnt/c/Users/ander/Desktop/airflow-spark/airflow-spark/curso2/ambientX/lib/python3.9/site-packages/airflow/example_dags/example_params_ui_tutorial.py
[2025-01-26T10:46:04.474-0300] {processor.py:925} INFO - DAG(s) 'example_params_ui_tutorial' retrieved from /mnt/c/Users/ander/Desktop/airflow-spark/airflow-spark/curso2/ambientX/lib/python3.9/site-packages/airflow/example_dags/example_params_ui_tutorial.py
[2025-01-26T10:46:04.553-0300] {logging_mixin.py:190} INFO - [2025-01-26T10:46:04.553-0300] {dag.py:3239} INFO - Sync 1 DAGs
[2025-01-26T10:46:04.573-0300] {logging_mixin.py:190} INFO - [2025-01-26T10:46:04.573-0300] {dag.py:4180} INFO - Setting next_dagrun for example_params_ui_tutorial to None, run_after=None
[2025-01-26T10:46:04.635-0300] {processor.py:208} INFO - Processing /mnt/c/Users/ander/Desktop/airflow-spark/airflow-spark/curso2/ambientX/lib/python3.9/site-packages/airflow/example_dags/example_params_ui_tutorial.py took 0.208 seconds
[2025-01-26T10:47:46.093-0300] {processor.py:186} INFO - Started process (PID=10434) to work on /mnt/c/Users/ander/Desktop/airflow-spark/airflow-spark/curso2/ambientX/lib/python3.9/site-packages/airflow/example_dags/example_params_ui_tutorial.py
[2025-01-26T10:47:46.095-0300] {processor.py:914} INFO - Processing file /mnt/c/Users/ander/Desktop/airflow-spark/airflow-spark/curso2/ambientX/lib/python3.9/site-packages/airflow/example_dags/example_params_ui_tutorial.py for tasks to queue
[2025-01-26T10:47:46.097-0300] {logging_mixin.py:190} INFO - [2025-01-26T10:47:46.096-0300] {dagbag.py:588} INFO - Filling up the DagBag from /mnt/c/Users/ander/Desktop/airflow-spark/airflow-spark/curso2/ambientX/lib/python3.9/site-packages/airflow/example_dags/example_params_ui_tutorial.py
[2025-01-26T10:47:46.132-0300] {processor.py:925} INFO - DAG(s) 'example_params_ui_tutorial' retrieved from /mnt/c/Users/ander/Desktop/airflow-spark/airflow-spark/curso2/ambientX/lib/python3.9/site-packages/airflow/example_dags/example_params_ui_tutorial.py
[2025-01-26T10:47:46.230-0300] {logging_mixin.py:190} INFO - [2025-01-26T10:47:46.230-0300] {dag.py:3239} INFO - Sync 1 DAGs
[2025-01-26T10:47:46.256-0300] {logging_mixin.py:190} INFO - [2025-01-26T10:47:46.255-0300] {dag.py:4180} INFO - Setting next_dagrun for example_params_ui_tutorial to None, run_after=None
[2025-01-26T10:47:46.343-0300] {processor.py:208} INFO - Processing /mnt/c/Users/ander/Desktop/airflow-spark/airflow-spark/curso2/ambientX/lib/python3.9/site-packages/airflow/example_dags/example_params_ui_tutorial.py took 0.272 seconds
[2025-01-26T10:49:39.600-0300] {processor.py:186} INFO - Started process (PID=10978) to work on /mnt/c/Users/ander/Desktop/airflow-spark/airflow-spark/curso2/ambientX/lib/python3.9/site-packages/airflow/example_dags/example_params_ui_tutorial.py
[2025-01-26T10:49:39.603-0300] {processor.py:914} INFO - Processing file /mnt/c/Users/ander/Desktop/airflow-spark/airflow-spark/curso2/ambientX/lib/python3.9/site-packages/airflow/example_dags/example_params_ui_tutorial.py for tasks to queue
[2025-01-26T10:49:39.606-0300] {logging_mixin.py:190} INFO - [2025-01-26T10:49:39.605-0300] {dagbag.py:588} INFO - Filling up the DagBag from /mnt/c/Users/ander/Desktop/airflow-spark/airflow-spark/curso2/ambientX/lib/python3.9/site-packages/airflow/example_dags/example_params_ui_tutorial.py
[2025-01-26T10:49:39.640-0300] {processor.py:925} INFO - DAG(s) 'example_params_ui_tutorial' retrieved from /mnt/c/Users/ander/Desktop/airflow-spark/airflow-spark/curso2/ambientX/lib/python3.9/site-packages/airflow/example_dags/example_params_ui_tutorial.py
[2025-01-26T10:49:39.740-0300] {logging_mixin.py:190} INFO - [2025-01-26T10:49:39.740-0300] {dag.py:3239} INFO - Sync 1 DAGs
[2025-01-26T10:49:39.771-0300] {logging_mixin.py:190} INFO - [2025-01-26T10:49:39.771-0300] {dag.py:4180} INFO - Setting next_dagrun for example_params_ui_tutorial to None, run_after=None
[2025-01-26T10:49:39.857-0300] {processor.py:208} INFO - Processing /mnt/c/Users/ander/Desktop/airflow-spark/airflow-spark/curso2/ambientX/lib/python3.9/site-packages/airflow/example_dags/example_params_ui_tutorial.py took 0.274 seconds
[2025-01-26T10:51:26.870-0300] {processor.py:186} INFO - Started process (PID=11358) to work on /mnt/c/Users/ander/Desktop/airflow-spark/airflow-spark/curso2/ambientX/lib/python3.9/site-packages/airflow/example_dags/example_params_ui_tutorial.py
[2025-01-26T10:51:26.871-0300] {processor.py:914} INFO - Processing file /mnt/c/Users/ander/Desktop/airflow-spark/airflow-spark/curso2/ambientX/lib/python3.9/site-packages/airflow/example_dags/example_params_ui_tutorial.py for tasks to queue
[2025-01-26T10:51:26.873-0300] {logging_mixin.py:190} INFO - [2025-01-26T10:51:26.873-0300] {dagbag.py:588} INFO - Filling up the DagBag from /mnt/c/Users/ander/Desktop/airflow-spark/airflow-spark/curso2/ambientX/lib/python3.9/site-packages/airflow/example_dags/example_params_ui_tutorial.py
[2025-01-26T10:51:26.904-0300] {processor.py:925} INFO - DAG(s) 'example_params_ui_tutorial' retrieved from /mnt/c/Users/ander/Desktop/airflow-spark/airflow-spark/curso2/ambientX/lib/python3.9/site-packages/airflow/example_dags/example_params_ui_tutorial.py
[2025-01-26T10:51:27.004-0300] {logging_mixin.py:190} INFO - [2025-01-26T10:51:27.003-0300] {dag.py:3239} INFO - Sync 1 DAGs
[2025-01-26T10:51:27.028-0300] {logging_mixin.py:190} INFO - [2025-01-26T10:51:27.028-0300] {dag.py:4180} INFO - Setting next_dagrun for example_params_ui_tutorial to None, run_after=None
[2025-01-26T10:51:27.114-0300] {processor.py:208} INFO - Processing /mnt/c/Users/ander/Desktop/airflow-spark/airflow-spark/curso2/ambientX/lib/python3.9/site-packages/airflow/example_dags/example_params_ui_tutorial.py took 0.263 seconds
[2025-01-26T10:53:17.623-0300] {processor.py:186} INFO - Started process (PID=11875) to work on /mnt/c/Users/ander/Desktop/airflow-spark/airflow-spark/curso2/ambientX/lib/python3.9/site-packages/airflow/example_dags/example_params_ui_tutorial.py
[2025-01-26T10:53:17.625-0300] {processor.py:914} INFO - Processing file /mnt/c/Users/ander/Desktop/airflow-spark/airflow-spark/curso2/ambientX/lib/python3.9/site-packages/airflow/example_dags/example_params_ui_tutorial.py for tasks to queue
[2025-01-26T10:53:17.627-0300] {logging_mixin.py:190} INFO - [2025-01-26T10:53:17.627-0300] {dagbag.py:588} INFO - Filling up the DagBag from /mnt/c/Users/ander/Desktop/airflow-spark/airflow-spark/curso2/ambientX/lib/python3.9/site-packages/airflow/example_dags/example_params_ui_tutorial.py
[2025-01-26T10:53:17.664-0300] {processor.py:925} INFO - DAG(s) 'example_params_ui_tutorial' retrieved from /mnt/c/Users/ander/Desktop/airflow-spark/airflow-spark/curso2/ambientX/lib/python3.9/site-packages/airflow/example_dags/example_params_ui_tutorial.py
[2025-01-26T10:53:17.761-0300] {logging_mixin.py:190} INFO - [2025-01-26T10:53:17.760-0300] {dag.py:3239} INFO - Sync 1 DAGs
[2025-01-26T10:53:17.786-0300] {logging_mixin.py:190} INFO - [2025-01-26T10:53:17.786-0300] {dag.py:4180} INFO - Setting next_dagrun for example_params_ui_tutorial to None, run_after=None
[2025-01-26T10:53:17.877-0300] {processor.py:208} INFO - Processing /mnt/c/Users/ander/Desktop/airflow-spark/airflow-spark/curso2/ambientX/lib/python3.9/site-packages/airflow/example_dags/example_params_ui_tutorial.py took 0.276 seconds
[2025-01-26T10:55:12.562-0300] {processor.py:186} INFO - Started process (PID=12337) to work on /mnt/c/Users/ander/Desktop/airflow-spark/airflow-spark/curso2/ambientX/lib/python3.9/site-packages/airflow/example_dags/example_params_ui_tutorial.py
[2025-01-26T10:55:12.564-0300] {processor.py:914} INFO - Processing file /mnt/c/Users/ander/Desktop/airflow-spark/airflow-spark/curso2/ambientX/lib/python3.9/site-packages/airflow/example_dags/example_params_ui_tutorial.py for tasks to queue
[2025-01-26T10:55:12.566-0300] {logging_mixin.py:190} INFO - [2025-01-26T10:55:12.565-0300] {dagbag.py:588} INFO - Filling up the DagBag from /mnt/c/Users/ander/Desktop/airflow-spark/airflow-spark/curso2/ambientX/lib/python3.9/site-packages/airflow/example_dags/example_params_ui_tutorial.py
[2025-01-26T10:55:12.607-0300] {processor.py:925} INFO - DAG(s) 'example_params_ui_tutorial' retrieved from /mnt/c/Users/ander/Desktop/airflow-spark/airflow-spark/curso2/ambientX/lib/python3.9/site-packages/airflow/example_dags/example_params_ui_tutorial.py
[2025-01-26T10:55:12.707-0300] {logging_mixin.py:190} INFO - [2025-01-26T10:55:12.707-0300] {dag.py:3239} INFO - Sync 1 DAGs
[2025-01-26T10:55:12.739-0300] {logging_mixin.py:190} INFO - [2025-01-26T10:55:12.738-0300] {dag.py:4180} INFO - Setting next_dagrun for example_params_ui_tutorial to None, run_after=None
[2025-01-26T10:55:12.815-0300] {processor.py:208} INFO - Processing /mnt/c/Users/ander/Desktop/airflow-spark/airflow-spark/curso2/ambientX/lib/python3.9/site-packages/airflow/example_dags/example_params_ui_tutorial.py took 0.270 seconds
[2025-01-26T10:56:59.252-0300] {processor.py:186} INFO - Started process (PID=12791) to work on /mnt/c/Users/ander/Desktop/airflow-spark/airflow-spark/curso2/ambientX/lib/python3.9/site-packages/airflow/example_dags/example_params_ui_tutorial.py
[2025-01-26T10:56:59.255-0300] {processor.py:914} INFO - Processing file /mnt/c/Users/ander/Desktop/airflow-spark/airflow-spark/curso2/ambientX/lib/python3.9/site-packages/airflow/example_dags/example_params_ui_tutorial.py for tasks to queue
[2025-01-26T10:56:59.258-0300] {logging_mixin.py:190} INFO - [2025-01-26T10:56:59.258-0300] {dagbag.py:588} INFO - Filling up the DagBag from /mnt/c/Users/ander/Desktop/airflow-spark/airflow-spark/curso2/ambientX/lib/python3.9/site-packages/airflow/example_dags/example_params_ui_tutorial.py
[2025-01-26T10:56:59.290-0300] {processor.py:925} INFO - DAG(s) 'example_params_ui_tutorial' retrieved from /mnt/c/Users/ander/Desktop/airflow-spark/airflow-spark/curso2/ambientX/lib/python3.9/site-packages/airflow/example_dags/example_params_ui_tutorial.py
[2025-01-26T10:56:59.384-0300] {logging_mixin.py:190} INFO - [2025-01-26T10:56:59.383-0300] {dag.py:3239} INFO - Sync 1 DAGs
[2025-01-26T10:56:59.406-0300] {logging_mixin.py:190} INFO - [2025-01-26T10:56:59.406-0300] {dag.py:4180} INFO - Setting next_dagrun for example_params_ui_tutorial to None, run_after=None
[2025-01-26T10:56:59.488-0300] {processor.py:208} INFO - Processing /mnt/c/Users/ander/Desktop/airflow-spark/airflow-spark/curso2/ambientX/lib/python3.9/site-packages/airflow/example_dags/example_params_ui_tutorial.py took 0.257 seconds
[2025-01-26T10:58:54.058-0300] {processor.py:186} INFO - Started process (PID=13370) to work on /mnt/c/Users/ander/Desktop/airflow-spark/airflow-spark/curso2/ambientX/lib/python3.9/site-packages/airflow/example_dags/example_params_ui_tutorial.py
[2025-01-26T10:58:54.060-0300] {processor.py:914} INFO - Processing file /mnt/c/Users/ander/Desktop/airflow-spark/airflow-spark/curso2/ambientX/lib/python3.9/site-packages/airflow/example_dags/example_params_ui_tutorial.py for tasks to queue
[2025-01-26T10:58:54.062-0300] {logging_mixin.py:190} INFO - [2025-01-26T10:58:54.062-0300] {dagbag.py:588} INFO - Filling up the DagBag from /mnt/c/Users/ander/Desktop/airflow-spark/airflow-spark/curso2/ambientX/lib/python3.9/site-packages/airflow/example_dags/example_params_ui_tutorial.py
[2025-01-26T10:58:54.113-0300] {processor.py:925} INFO - DAG(s) 'example_params_ui_tutorial' retrieved from /mnt/c/Users/ander/Desktop/airflow-spark/airflow-spark/curso2/ambientX/lib/python3.9/site-packages/airflow/example_dags/example_params_ui_tutorial.py
[2025-01-26T10:58:54.296-0300] {logging_mixin.py:190} INFO - [2025-01-26T10:58:54.295-0300] {dag.py:3239} INFO - Sync 1 DAGs
[2025-01-26T10:58:54.327-0300] {logging_mixin.py:190} INFO - [2025-01-26T10:58:54.327-0300] {dag.py:4180} INFO - Setting next_dagrun for example_params_ui_tutorial to None, run_after=None
[2025-01-26T10:58:54.422-0300] {processor.py:208} INFO - Processing /mnt/c/Users/ander/Desktop/airflow-spark/airflow-spark/curso2/ambientX/lib/python3.9/site-packages/airflow/example_dags/example_params_ui_tutorial.py took 0.389 seconds
[2025-01-26T11:00:48.546-0300] {processor.py:186} INFO - Started process (PID=13937) to work on /mnt/c/Users/ander/Desktop/airflow-spark/airflow-spark/curso2/ambientX/lib/python3.9/site-packages/airflow/example_dags/example_params_ui_tutorial.py
[2025-01-26T11:00:48.547-0300] {processor.py:914} INFO - Processing file /mnt/c/Users/ander/Desktop/airflow-spark/airflow-spark/curso2/ambientX/lib/python3.9/site-packages/airflow/example_dags/example_params_ui_tutorial.py for tasks to queue
[2025-01-26T11:00:48.549-0300] {logging_mixin.py:190} INFO - [2025-01-26T11:00:48.549-0300] {dagbag.py:588} INFO - Filling up the DagBag from /mnt/c/Users/ander/Desktop/airflow-spark/airflow-spark/curso2/ambientX/lib/python3.9/site-packages/airflow/example_dags/example_params_ui_tutorial.py
[2025-01-26T11:00:48.577-0300] {processor.py:925} INFO - DAG(s) 'example_params_ui_tutorial' retrieved from /mnt/c/Users/ander/Desktop/airflow-spark/airflow-spark/curso2/ambientX/lib/python3.9/site-packages/airflow/example_dags/example_params_ui_tutorial.py
[2025-01-26T11:00:48.662-0300] {logging_mixin.py:190} INFO - [2025-01-26T11:00:48.662-0300] {dag.py:3239} INFO - Sync 1 DAGs
[2025-01-26T11:00:48.682-0300] {logging_mixin.py:190} INFO - [2025-01-26T11:00:48.682-0300] {dag.py:4180} INFO - Setting next_dagrun for example_params_ui_tutorial to None, run_after=None
[2025-01-26T11:00:48.764-0300] {processor.py:208} INFO - Processing /mnt/c/Users/ander/Desktop/airflow-spark/airflow-spark/curso2/ambientX/lib/python3.9/site-packages/airflow/example_dags/example_params_ui_tutorial.py took 0.237 seconds
[2025-01-26T11:02:45.012-0300] {processor.py:186} INFO - Started process (PID=14564) to work on /mnt/c/Users/ander/Desktop/airflow-spark/airflow-spark/curso2/ambientX/lib/python3.9/site-packages/airflow/example_dags/example_params_ui_tutorial.py
[2025-01-26T11:02:45.025-0300] {processor.py:914} INFO - Processing file /mnt/c/Users/ander/Desktop/airflow-spark/airflow-spark/curso2/ambientX/lib/python3.9/site-packages/airflow/example_dags/example_params_ui_tutorial.py for tasks to queue
[2025-01-26T11:02:45.029-0300] {logging_mixin.py:190} INFO - [2025-01-26T11:02:45.029-0300] {dagbag.py:588} INFO - Filling up the DagBag from /mnt/c/Users/ander/Desktop/airflow-spark/airflow-spark/curso2/ambientX/lib/python3.9/site-packages/airflow/example_dags/example_params_ui_tutorial.py
[2025-01-26T11:02:45.366-0300] {processor.py:925} INFO - DAG(s) 'example_params_ui_tutorial' retrieved from /mnt/c/Users/ander/Desktop/airflow-spark/airflow-spark/curso2/ambientX/lib/python3.9/site-packages/airflow/example_dags/example_params_ui_tutorial.py
[2025-01-26T11:02:45.722-0300] {logging_mixin.py:190} INFO - [2025-01-26T11:02:45.721-0300] {dag.py:3239} INFO - Sync 1 DAGs
[2025-01-26T11:02:45.782-0300] {logging_mixin.py:190} INFO - [2025-01-26T11:02:45.782-0300] {dag.py:4180} INFO - Setting next_dagrun for example_params_ui_tutorial to None, run_after=None
[2025-01-26T11:02:45.897-0300] {processor.py:208} INFO - Processing /mnt/c/Users/ander/Desktop/airflow-spark/airflow-spark/curso2/ambientX/lib/python3.9/site-packages/airflow/example_dags/example_params_ui_tutorial.py took 0.963 seconds
[2025-01-26T11:04:35.067-0300] {processor.py:186} INFO - Started process (PID=15332) to work on /mnt/c/Users/ander/Desktop/airflow-spark/airflow-spark/curso2/ambientX/lib/python3.9/site-packages/airflow/example_dags/example_params_ui_tutorial.py
[2025-01-26T11:04:35.069-0300] {processor.py:914} INFO - Processing file /mnt/c/Users/ander/Desktop/airflow-spark/airflow-spark/curso2/ambientX/lib/python3.9/site-packages/airflow/example_dags/example_params_ui_tutorial.py for tasks to queue
[2025-01-26T11:04:35.071-0300] {logging_mixin.py:190} INFO - [2025-01-26T11:04:35.070-0300] {dagbag.py:588} INFO - Filling up the DagBag from /mnt/c/Users/ander/Desktop/airflow-spark/airflow-spark/curso2/ambientX/lib/python3.9/site-packages/airflow/example_dags/example_params_ui_tutorial.py
[2025-01-26T11:04:35.098-0300] {processor.py:925} INFO - DAG(s) 'example_params_ui_tutorial' retrieved from /mnt/c/Users/ander/Desktop/airflow-spark/airflow-spark/curso2/ambientX/lib/python3.9/site-packages/airflow/example_dags/example_params_ui_tutorial.py
[2025-01-26T11:04:35.182-0300] {logging_mixin.py:190} INFO - [2025-01-26T11:04:35.182-0300] {dag.py:3239} INFO - Sync 1 DAGs
[2025-01-26T11:04:35.201-0300] {logging_mixin.py:190} INFO - [2025-01-26T11:04:35.201-0300] {dag.py:4180} INFO - Setting next_dagrun for example_params_ui_tutorial to None, run_after=None
[2025-01-26T11:04:35.263-0300] {processor.py:208} INFO - Processing /mnt/c/Users/ander/Desktop/airflow-spark/airflow-spark/curso2/ambientX/lib/python3.9/site-packages/airflow/example_dags/example_params_ui_tutorial.py took 0.213 seconds
[2025-01-26T11:06:14.855-0300] {processor.py:186} INFO - Started process (PID=15768) to work on /mnt/c/Users/ander/Desktop/airflow-spark/airflow-spark/curso2/ambientX/lib/python3.9/site-packages/airflow/example_dags/example_params_ui_tutorial.py
[2025-01-26T11:06:14.857-0300] {processor.py:914} INFO - Processing file /mnt/c/Users/ander/Desktop/airflow-spark/airflow-spark/curso2/ambientX/lib/python3.9/site-packages/airflow/example_dags/example_params_ui_tutorial.py for tasks to queue
[2025-01-26T11:06:14.858-0300] {logging_mixin.py:190} INFO - [2025-01-26T11:06:14.858-0300] {dagbag.py:588} INFO - Filling up the DagBag from /mnt/c/Users/ander/Desktop/airflow-spark/airflow-spark/curso2/ambientX/lib/python3.9/site-packages/airflow/example_dags/example_params_ui_tutorial.py
[2025-01-26T11:06:14.883-0300] {processor.py:925} INFO - DAG(s) 'example_params_ui_tutorial' retrieved from /mnt/c/Users/ander/Desktop/airflow-spark/airflow-spark/curso2/ambientX/lib/python3.9/site-packages/airflow/example_dags/example_params_ui_tutorial.py
[2025-01-26T11:06:14.967-0300] {logging_mixin.py:190} INFO - [2025-01-26T11:06:14.967-0300] {dag.py:3239} INFO - Sync 1 DAGs
[2025-01-26T11:06:14.987-0300] {logging_mixin.py:190} INFO - [2025-01-26T11:06:14.987-0300] {dag.py:4180} INFO - Setting next_dagrun for example_params_ui_tutorial to None, run_after=None
[2025-01-26T11:06:15.056-0300] {processor.py:208} INFO - Processing /mnt/c/Users/ander/Desktop/airflow-spark/airflow-spark/curso2/ambientX/lib/python3.9/site-packages/airflow/example_dags/example_params_ui_tutorial.py took 0.217 seconds
[2025-01-26T11:07:53.623-0300] {processor.py:186} INFO - Started process (PID=16268) to work on /mnt/c/Users/ander/Desktop/airflow-spark/airflow-spark/curso2/ambientX/lib/python3.9/site-packages/airflow/example_dags/example_params_ui_tutorial.py
[2025-01-26T11:07:53.625-0300] {processor.py:914} INFO - Processing file /mnt/c/Users/ander/Desktop/airflow-spark/airflow-spark/curso2/ambientX/lib/python3.9/site-packages/airflow/example_dags/example_params_ui_tutorial.py for tasks to queue
[2025-01-26T11:07:53.627-0300] {logging_mixin.py:190} INFO - [2025-01-26T11:07:53.627-0300] {dagbag.py:588} INFO - Filling up the DagBag from /mnt/c/Users/ander/Desktop/airflow-spark/airflow-spark/curso2/ambientX/lib/python3.9/site-packages/airflow/example_dags/example_params_ui_tutorial.py
[2025-01-26T11:07:53.655-0300] {processor.py:925} INFO - DAG(s) 'example_params_ui_tutorial' retrieved from /mnt/c/Users/ander/Desktop/airflow-spark/airflow-spark/curso2/ambientX/lib/python3.9/site-packages/airflow/example_dags/example_params_ui_tutorial.py
[2025-01-26T11:07:56.495-0300] {logging_mixin.py:190} INFO - [2025-01-26T11:07:56.494-0300] {dag.py:3239} INFO - Sync 1 DAGs
[2025-01-26T11:07:56.514-0300] {logging_mixin.py:190} INFO - [2025-01-26T11:07:56.514-0300] {dag.py:4180} INFO - Setting next_dagrun for example_params_ui_tutorial to None, run_after=None
[2025-01-26T11:07:56.586-0300] {processor.py:208} INFO - Processing /mnt/c/Users/ander/Desktop/airflow-spark/airflow-spark/curso2/ambientX/lib/python3.9/site-packages/airflow/example_dags/example_params_ui_tutorial.py took 0.228 seconds
[2025-01-26T11:09:36.690-0300] {processor.py:186} INFO - Started process (PID=16650) to work on /mnt/c/Users/ander/Desktop/airflow-spark/airflow-spark/curso2/ambientX/lib/python3.9/site-packages/airflow/example_dags/example_params_ui_tutorial.py
[2025-01-26T11:09:36.691-0300] {processor.py:914} INFO - Processing file /mnt/c/Users/ander/Desktop/airflow-spark/airflow-spark/curso2/ambientX/lib/python3.9/site-packages/airflow/example_dags/example_params_ui_tutorial.py for tasks to queue
[2025-01-26T11:09:36.694-0300] {logging_mixin.py:190} INFO - [2025-01-26T11:09:36.693-0300] {dagbag.py:588} INFO - Filling up the DagBag from /mnt/c/Users/ander/Desktop/airflow-spark/airflow-spark/curso2/ambientX/lib/python3.9/site-packages/airflow/example_dags/example_params_ui_tutorial.py
[2025-01-26T11:09:36.724-0300] {processor.py:925} INFO - DAG(s) 'example_params_ui_tutorial' retrieved from /mnt/c/Users/ander/Desktop/airflow-spark/airflow-spark/curso2/ambientX/lib/python3.9/site-packages/airflow/example_dags/example_params_ui_tutorial.py
[2025-01-26T11:09:36.803-0300] {logging_mixin.py:190} INFO - [2025-01-26T11:09:36.802-0300] {dag.py:3239} INFO - Sync 1 DAGs
[2025-01-26T11:09:36.822-0300] {logging_mixin.py:190} INFO - [2025-01-26T11:09:36.821-0300] {dag.py:4180} INFO - Setting next_dagrun for example_params_ui_tutorial to None, run_after=None
[2025-01-26T11:09:36.885-0300] {processor.py:208} INFO - Processing /mnt/c/Users/ander/Desktop/airflow-spark/airflow-spark/curso2/ambientX/lib/python3.9/site-packages/airflow/example_dags/example_params_ui_tutorial.py took 0.211 seconds
[2025-01-26T11:11:43.608-0300] {processor.py:186} INFO - Started process (PID=17153) to work on /mnt/c/Users/ander/Desktop/airflow-spark/airflow-spark/curso2/ambientX/lib/python3.9/site-packages/airflow/example_dags/example_params_ui_tutorial.py
[2025-01-26T11:11:43.612-0300] {processor.py:914} INFO - Processing file /mnt/c/Users/ander/Desktop/airflow-spark/airflow-spark/curso2/ambientX/lib/python3.9/site-packages/airflow/example_dags/example_params_ui_tutorial.py for tasks to queue
[2025-01-26T11:11:43.615-0300] {logging_mixin.py:190} INFO - [2025-01-26T11:11:43.615-0300] {dagbag.py:588} INFO - Filling up the DagBag from /mnt/c/Users/ander/Desktop/airflow-spark/airflow-spark/curso2/ambientX/lib/python3.9/site-packages/airflow/example_dags/example_params_ui_tutorial.py
[2025-01-26T11:11:43.655-0300] {processor.py:925} INFO - DAG(s) 'example_params_ui_tutorial' retrieved from /mnt/c/Users/ander/Desktop/airflow-spark/airflow-spark/curso2/ambientX/lib/python3.9/site-packages/airflow/example_dags/example_params_ui_tutorial.py
[2025-01-26T11:11:43.785-0300] {logging_mixin.py:190} INFO - [2025-01-26T11:11:43.785-0300] {dag.py:3239} INFO - Sync 1 DAGs
[2025-01-26T11:11:43.805-0300] {logging_mixin.py:190} INFO - [2025-01-26T11:11:43.805-0300] {dag.py:4180} INFO - Setting next_dagrun for example_params_ui_tutorial to None, run_after=None
[2025-01-26T11:11:43.928-0300] {processor.py:208} INFO - Processing /mnt/c/Users/ander/Desktop/airflow-spark/airflow-spark/curso2/ambientX/lib/python3.9/site-packages/airflow/example_dags/example_params_ui_tutorial.py took 0.343 seconds
[2025-01-26T11:15:15.703-0300] {processor.py:186} INFO - Started process (PID=18181) to work on /mnt/c/Users/ander/Desktop/airflow-spark/airflow-spark/curso2/ambientX/lib/python3.9/site-packages/airflow/example_dags/example_params_ui_tutorial.py
[2025-01-26T11:15:15.705-0300] {processor.py:914} INFO - Processing file /mnt/c/Users/ander/Desktop/airflow-spark/airflow-spark/curso2/ambientX/lib/python3.9/site-packages/airflow/example_dags/example_params_ui_tutorial.py for tasks to queue
[2025-01-26T11:15:15.707-0300] {logging_mixin.py:190} INFO - [2025-01-26T11:15:15.706-0300] {dagbag.py:588} INFO - Filling up the DagBag from /mnt/c/Users/ander/Desktop/airflow-spark/airflow-spark/curso2/ambientX/lib/python3.9/site-packages/airflow/example_dags/example_params_ui_tutorial.py
[2025-01-26T11:15:15.735-0300] {processor.py:925} INFO - DAG(s) 'example_params_ui_tutorial' retrieved from /mnt/c/Users/ander/Desktop/airflow-spark/airflow-spark/curso2/ambientX/lib/python3.9/site-packages/airflow/example_dags/example_params_ui_tutorial.py
[2025-01-26T11:15:15.825-0300] {logging_mixin.py:190} INFO - [2025-01-26T11:15:15.824-0300] {dag.py:3239} INFO - Sync 1 DAGs
[2025-01-26T11:15:15.849-0300] {logging_mixin.py:190} INFO - [2025-01-26T11:15:15.849-0300] {dag.py:4180} INFO - Setting next_dagrun for example_params_ui_tutorial to None, run_after=None
[2025-01-26T11:15:16.549-0300] {processor.py:208} INFO - Processing /mnt/c/Users/ander/Desktop/airflow-spark/airflow-spark/curso2/ambientX/lib/python3.9/site-packages/airflow/example_dags/example_params_ui_tutorial.py took 0.863 seconds
[2025-01-26T11:17:04.710-0300] {processor.py:186} INFO - Started process (PID=18689) to work on /mnt/c/Users/ander/Desktop/airflow-spark/airflow-spark/curso2/ambientX/lib/python3.9/site-packages/airflow/example_dags/example_params_ui_tutorial.py
[2025-01-26T11:17:04.711-0300] {processor.py:914} INFO - Processing file /mnt/c/Users/ander/Desktop/airflow-spark/airflow-spark/curso2/ambientX/lib/python3.9/site-packages/airflow/example_dags/example_params_ui_tutorial.py for tasks to queue
[2025-01-26T11:17:04.713-0300] {logging_mixin.py:190} INFO - [2025-01-26T11:17:04.712-0300] {dagbag.py:588} INFO - Filling up the DagBag from /mnt/c/Users/ander/Desktop/airflow-spark/airflow-spark/curso2/ambientX/lib/python3.9/site-packages/airflow/example_dags/example_params_ui_tutorial.py
[2025-01-26T11:17:04.739-0300] {processor.py:925} INFO - DAG(s) 'example_params_ui_tutorial' retrieved from /mnt/c/Users/ander/Desktop/airflow-spark/airflow-spark/curso2/ambientX/lib/python3.9/site-packages/airflow/example_dags/example_params_ui_tutorial.py
[2025-01-26T11:17:04.829-0300] {logging_mixin.py:190} INFO - [2025-01-26T11:17:04.828-0300] {dag.py:3239} INFO - Sync 1 DAGs
[2025-01-26T11:17:04.847-0300] {logging_mixin.py:190} INFO - [2025-01-26T11:17:04.847-0300] {dag.py:4180} INFO - Setting next_dagrun for example_params_ui_tutorial to None, run_after=None
[2025-01-26T11:17:05.561-0300] {processor.py:208} INFO - Processing /mnt/c/Users/ander/Desktop/airflow-spark/airflow-spark/curso2/ambientX/lib/python3.9/site-packages/airflow/example_dags/example_params_ui_tutorial.py took 0.869 seconds
[2025-01-26T11:18:41.726-0300] {processor.py:186} INFO - Started process (PID=19100) to work on /mnt/c/Users/ander/Desktop/airflow-spark/airflow-spark/curso2/ambientX/lib/python3.9/site-packages/airflow/example_dags/example_params_ui_tutorial.py
[2025-01-26T11:18:41.728-0300] {processor.py:914} INFO - Processing file /mnt/c/Users/ander/Desktop/airflow-spark/airflow-spark/curso2/ambientX/lib/python3.9/site-packages/airflow/example_dags/example_params_ui_tutorial.py for tasks to queue
[2025-01-26T11:18:41.730-0300] {logging_mixin.py:190} INFO - [2025-01-26T11:18:41.729-0300] {dagbag.py:588} INFO - Filling up the DagBag from /mnt/c/Users/ander/Desktop/airflow-spark/airflow-spark/curso2/ambientX/lib/python3.9/site-packages/airflow/example_dags/example_params_ui_tutorial.py
[2025-01-26T11:18:41.755-0300] {processor.py:925} INFO - DAG(s) 'example_params_ui_tutorial' retrieved from /mnt/c/Users/ander/Desktop/airflow-spark/airflow-spark/curso2/ambientX/lib/python3.9/site-packages/airflow/example_dags/example_params_ui_tutorial.py
[2025-01-26T11:18:41.858-0300] {logging_mixin.py:190} INFO - [2025-01-26T11:18:41.857-0300] {dag.py:3239} INFO - Sync 1 DAGs
[2025-01-26T11:18:41.884-0300] {logging_mixin.py:190} INFO - [2025-01-26T11:18:41.884-0300] {dag.py:4180} INFO - Setting next_dagrun for example_params_ui_tutorial to None, run_after=None
[2025-01-26T11:18:41.980-0300] {processor.py:208} INFO - Processing /mnt/c/Users/ander/Desktop/airflow-spark/airflow-spark/curso2/ambientX/lib/python3.9/site-packages/airflow/example_dags/example_params_ui_tutorial.py took 0.272 seconds
[2025-01-26T11:22:22.257-0300] {processor.py:186} INFO - Started process (PID=20045) to work on /mnt/c/Users/ander/Desktop/airflow-spark/airflow-spark/curso2/ambientX/lib/python3.9/site-packages/airflow/example_dags/example_params_ui_tutorial.py
[2025-01-26T11:22:22.258-0300] {processor.py:914} INFO - Processing file /mnt/c/Users/ander/Desktop/airflow-spark/airflow-spark/curso2/ambientX/lib/python3.9/site-packages/airflow/example_dags/example_params_ui_tutorial.py for tasks to queue
[2025-01-26T11:22:22.260-0300] {logging_mixin.py:190} INFO - [2025-01-26T11:22:22.260-0300] {dagbag.py:588} INFO - Filling up the DagBag from /mnt/c/Users/ander/Desktop/airflow-spark/airflow-spark/curso2/ambientX/lib/python3.9/site-packages/airflow/example_dags/example_params_ui_tutorial.py
[2025-01-26T11:22:22.291-0300] {processor.py:925} INFO - DAG(s) 'example_params_ui_tutorial' retrieved from /mnt/c/Users/ander/Desktop/airflow-spark/airflow-spark/curso2/ambientX/lib/python3.9/site-packages/airflow/example_dags/example_params_ui_tutorial.py
[2025-01-26T11:22:22.377-0300] {logging_mixin.py:190} INFO - [2025-01-26T11:22:22.377-0300] {dag.py:3239} INFO - Sync 1 DAGs
[2025-01-26T11:22:22.396-0300] {logging_mixin.py:190} INFO - [2025-01-26T11:22:22.396-0300] {dag.py:4180} INFO - Setting next_dagrun for example_params_ui_tutorial to None, run_after=None
[2025-01-26T11:22:23.467-0300] {processor.py:208} INFO - Processing /mnt/c/Users/ander/Desktop/airflow-spark/airflow-spark/curso2/ambientX/lib/python3.9/site-packages/airflow/example_dags/example_params_ui_tutorial.py took 1.229 seconds
[2025-01-26T11:23:53.334-0300] {processor.py:186} INFO - Started process (PID=20384) to work on /mnt/c/Users/ander/Desktop/airflow-spark/airflow-spark/curso2/ambientX/lib/python3.9/site-packages/airflow/example_dags/example_params_ui_tutorial.py
[2025-01-26T11:23:53.335-0300] {processor.py:914} INFO - Processing file /mnt/c/Users/ander/Desktop/airflow-spark/airflow-spark/curso2/ambientX/lib/python3.9/site-packages/airflow/example_dags/example_params_ui_tutorial.py for tasks to queue
[2025-01-26T11:23:53.337-0300] {logging_mixin.py:190} INFO - [2025-01-26T11:23:53.337-0300] {dagbag.py:588} INFO - Filling up the DagBag from /mnt/c/Users/ander/Desktop/airflow-spark/airflow-spark/curso2/ambientX/lib/python3.9/site-packages/airflow/example_dags/example_params_ui_tutorial.py
[2025-01-26T11:23:53.366-0300] {processor.py:925} INFO - DAG(s) 'example_params_ui_tutorial' retrieved from /mnt/c/Users/ander/Desktop/airflow-spark/airflow-spark/curso2/ambientX/lib/python3.9/site-packages/airflow/example_dags/example_params_ui_tutorial.py
[2025-01-26T11:23:53.496-0300] {logging_mixin.py:190} INFO - [2025-01-26T11:23:53.496-0300] {dag.py:3239} INFO - Sync 1 DAGs
[2025-01-26T11:23:53.517-0300] {logging_mixin.py:190} INFO - [2025-01-26T11:23:53.517-0300] {dag.py:4180} INFO - Setting next_dagrun for example_params_ui_tutorial to None, run_after=None
[2025-01-26T11:23:53.573-0300] {processor.py:208} INFO - Processing /mnt/c/Users/ander/Desktop/airflow-spark/airflow-spark/curso2/ambientX/lib/python3.9/site-packages/airflow/example_dags/example_params_ui_tutorial.py took 0.254 seconds
[2025-01-26T11:26:20.643-0300] {processor.py:186} INFO - Started process (PID=21215) to work on /mnt/c/Users/ander/Desktop/airflow-spark/airflow-spark/curso2/ambientX/lib/python3.9/site-packages/airflow/example_dags/example_params_ui_tutorial.py
[2025-01-26T11:26:20.645-0300] {processor.py:914} INFO - Processing file /mnt/c/Users/ander/Desktop/airflow-spark/airflow-spark/curso2/ambientX/lib/python3.9/site-packages/airflow/example_dags/example_params_ui_tutorial.py for tasks to queue
[2025-01-26T11:26:20.646-0300] {logging_mixin.py:190} INFO - [2025-01-26T11:26:20.646-0300] {dagbag.py:588} INFO - Filling up the DagBag from /mnt/c/Users/ander/Desktop/airflow-spark/airflow-spark/curso2/ambientX/lib/python3.9/site-packages/airflow/example_dags/example_params_ui_tutorial.py
[2025-01-26T11:26:20.676-0300] {processor.py:925} INFO - DAG(s) 'example_params_ui_tutorial' retrieved from /mnt/c/Users/ander/Desktop/airflow-spark/airflow-spark/curso2/ambientX/lib/python3.9/site-packages/airflow/example_dags/example_params_ui_tutorial.py
[2025-01-26T11:26:20.757-0300] {logging_mixin.py:190} INFO - [2025-01-26T11:26:20.757-0300] {dag.py:3239} INFO - Sync 1 DAGs
[2025-01-26T11:26:20.777-0300] {logging_mixin.py:190} INFO - [2025-01-26T11:26:20.777-0300] {dag.py:4180} INFO - Setting next_dagrun for example_params_ui_tutorial to None, run_after=None
[2025-01-26T11:26:21.265-0300] {processor.py:208} INFO - Processing /mnt/c/Users/ander/Desktop/airflow-spark/airflow-spark/curso2/ambientX/lib/python3.9/site-packages/airflow/example_dags/example_params_ui_tutorial.py took 0.640 seconds
[2025-01-26T11:28:40.594-0300] {processor.py:186} INFO - Started process (PID=21901) to work on /mnt/c/Users/ander/Desktop/airflow-spark/airflow-spark/curso2/ambientX/lib/python3.9/site-packages/airflow/example_dags/example_params_ui_tutorial.py
[2025-01-26T11:28:40.596-0300] {processor.py:914} INFO - Processing file /mnt/c/Users/ander/Desktop/airflow-spark/airflow-spark/curso2/ambientX/lib/python3.9/site-packages/airflow/example_dags/example_params_ui_tutorial.py for tasks to queue
[2025-01-26T11:28:40.598-0300] {logging_mixin.py:190} INFO - [2025-01-26T11:28:40.597-0300] {dagbag.py:588} INFO - Filling up the DagBag from /mnt/c/Users/ander/Desktop/airflow-spark/airflow-spark/curso2/ambientX/lib/python3.9/site-packages/airflow/example_dags/example_params_ui_tutorial.py
[2025-01-26T11:28:40.627-0300] {processor.py:925} INFO - DAG(s) 'example_params_ui_tutorial' retrieved from /mnt/c/Users/ander/Desktop/airflow-spark/airflow-spark/curso2/ambientX/lib/python3.9/site-packages/airflow/example_dags/example_params_ui_tutorial.py
[2025-01-26T11:28:40.712-0300] {logging_mixin.py:190} INFO - [2025-01-26T11:28:40.711-0300] {dag.py:3239} INFO - Sync 1 DAGs
[2025-01-26T11:28:40.732-0300] {logging_mixin.py:190} INFO - [2025-01-26T11:28:40.732-0300] {dag.py:4180} INFO - Setting next_dagrun for example_params_ui_tutorial to None, run_after=None
[2025-01-26T11:28:40.808-0300] {processor.py:208} INFO - Processing /mnt/c/Users/ander/Desktop/airflow-spark/airflow-spark/curso2/ambientX/lib/python3.9/site-packages/airflow/example_dags/example_params_ui_tutorial.py took 0.232 seconds
[2025-01-26T11:31:36.823-0300] {processor.py:186} INFO - Started process (PID=22796) to work on /mnt/c/Users/ander/Desktop/airflow-spark/airflow-spark/curso2/ambientX/lib/python3.9/site-packages/airflow/example_dags/example_params_ui_tutorial.py
[2025-01-26T11:31:36.825-0300] {processor.py:914} INFO - Processing file /mnt/c/Users/ander/Desktop/airflow-spark/airflow-spark/curso2/ambientX/lib/python3.9/site-packages/airflow/example_dags/example_params_ui_tutorial.py for tasks to queue
[2025-01-26T11:31:36.826-0300] {logging_mixin.py:190} INFO - [2025-01-26T11:31:36.826-0300] {dagbag.py:588} INFO - Filling up the DagBag from /mnt/c/Users/ander/Desktop/airflow-spark/airflow-spark/curso2/ambientX/lib/python3.9/site-packages/airflow/example_dags/example_params_ui_tutorial.py
[2025-01-26T11:31:36.851-0300] {processor.py:925} INFO - DAG(s) 'example_params_ui_tutorial' retrieved from /mnt/c/Users/ander/Desktop/airflow-spark/airflow-spark/curso2/ambientX/lib/python3.9/site-packages/airflow/example_dags/example_params_ui_tutorial.py
[2025-01-26T11:31:36.933-0300] {logging_mixin.py:190} INFO - [2025-01-26T11:31:36.933-0300] {dag.py:3239} INFO - Sync 1 DAGs
[2025-01-26T11:31:36.952-0300] {logging_mixin.py:190} INFO - [2025-01-26T11:31:36.952-0300] {dag.py:4180} INFO - Setting next_dagrun for example_params_ui_tutorial to None, run_after=None
[2025-01-26T11:31:37.682-0300] {processor.py:208} INFO - Processing /mnt/c/Users/ander/Desktop/airflow-spark/airflow-spark/curso2/ambientX/lib/python3.9/site-packages/airflow/example_dags/example_params_ui_tutorial.py took 0.875 seconds
[2025-01-26T11:34:04.973-0300] {processor.py:186} INFO - Started process (PID=23446) to work on /mnt/c/Users/ander/Desktop/airflow-spark/airflow-spark/curso2/ambientX/lib/python3.9/site-packages/airflow/example_dags/example_params_ui_tutorial.py
[2025-01-26T11:34:04.975-0300] {processor.py:914} INFO - Processing file /mnt/c/Users/ander/Desktop/airflow-spark/airflow-spark/curso2/ambientX/lib/python3.9/site-packages/airflow/example_dags/example_params_ui_tutorial.py for tasks to queue
[2025-01-26T11:34:04.977-0300] {logging_mixin.py:190} INFO - [2025-01-26T11:34:04.977-0300] {dagbag.py:588} INFO - Filling up the DagBag from /mnt/c/Users/ander/Desktop/airflow-spark/airflow-spark/curso2/ambientX/lib/python3.9/site-packages/airflow/example_dags/example_params_ui_tutorial.py
[2025-01-26T11:34:05.005-0300] {processor.py:925} INFO - DAG(s) 'example_params_ui_tutorial' retrieved from /mnt/c/Users/ander/Desktop/airflow-spark/airflow-spark/curso2/ambientX/lib/python3.9/site-packages/airflow/example_dags/example_params_ui_tutorial.py
[2025-01-26T11:34:05.087-0300] {logging_mixin.py:190} INFO - [2025-01-26T11:34:05.087-0300] {dag.py:3239} INFO - Sync 1 DAGs
[2025-01-26T11:34:05.106-0300] {logging_mixin.py:190} INFO - [2025-01-26T11:34:05.106-0300] {dag.py:4180} INFO - Setting next_dagrun for example_params_ui_tutorial to None, run_after=None
[2025-01-26T11:34:05.169-0300] {processor.py:208} INFO - Processing /mnt/c/Users/ander/Desktop/airflow-spark/airflow-spark/curso2/ambientX/lib/python3.9/site-packages/airflow/example_dags/example_params_ui_tutorial.py took 0.213 seconds
[2025-01-26T11:35:45.526-0300] {processor.py:186} INFO - Started process (PID=24012) to work on /mnt/c/Users/ander/Desktop/airflow-spark/airflow-spark/curso2/ambientX/lib/python3.9/site-packages/airflow/example_dags/example_params_ui_tutorial.py
[2025-01-26T11:35:45.528-0300] {processor.py:914} INFO - Processing file /mnt/c/Users/ander/Desktop/airflow-spark/airflow-spark/curso2/ambientX/lib/python3.9/site-packages/airflow/example_dags/example_params_ui_tutorial.py for tasks to queue
[2025-01-26T11:35:45.529-0300] {logging_mixin.py:190} INFO - [2025-01-26T11:35:45.529-0300] {dagbag.py:588} INFO - Filling up the DagBag from /mnt/c/Users/ander/Desktop/airflow-spark/airflow-spark/curso2/ambientX/lib/python3.9/site-packages/airflow/example_dags/example_params_ui_tutorial.py
[2025-01-26T11:35:45.558-0300] {processor.py:925} INFO - DAG(s) 'example_params_ui_tutorial' retrieved from /mnt/c/Users/ander/Desktop/airflow-spark/airflow-spark/curso2/ambientX/lib/python3.9/site-packages/airflow/example_dags/example_params_ui_tutorial.py
[2025-01-26T11:35:45.641-0300] {logging_mixin.py:190} INFO - [2025-01-26T11:35:45.641-0300] {dag.py:3239} INFO - Sync 1 DAGs
[2025-01-26T11:35:45.661-0300] {logging_mixin.py:190} INFO - [2025-01-26T11:35:45.661-0300] {dag.py:4180} INFO - Setting next_dagrun for example_params_ui_tutorial to None, run_after=None
[2025-01-26T11:35:45.729-0300] {processor.py:208} INFO - Processing /mnt/c/Users/ander/Desktop/airflow-spark/airflow-spark/curso2/ambientX/lib/python3.9/site-packages/airflow/example_dags/example_params_ui_tutorial.py took 0.220 seconds
[2025-01-26T11:37:29.151-0300] {processor.py:186} INFO - Started process (PID=24472) to work on /mnt/c/Users/ander/Desktop/airflow-spark/airflow-spark/curso2/ambientX/lib/python3.9/site-packages/airflow/example_dags/example_params_ui_tutorial.py
[2025-01-26T11:37:29.153-0300] {processor.py:914} INFO - Processing file /mnt/c/Users/ander/Desktop/airflow-spark/airflow-spark/curso2/ambientX/lib/python3.9/site-packages/airflow/example_dags/example_params_ui_tutorial.py for tasks to queue
[2025-01-26T11:37:29.156-0300] {logging_mixin.py:190} INFO - [2025-01-26T11:37:29.155-0300] {dagbag.py:588} INFO - Filling up the DagBag from /mnt/c/Users/ander/Desktop/airflow-spark/airflow-spark/curso2/ambientX/lib/python3.9/site-packages/airflow/example_dags/example_params_ui_tutorial.py
[2025-01-26T11:37:29.185-0300] {processor.py:925} INFO - DAG(s) 'example_params_ui_tutorial' retrieved from /mnt/c/Users/ander/Desktop/airflow-spark/airflow-spark/curso2/ambientX/lib/python3.9/site-packages/airflow/example_dags/example_params_ui_tutorial.py
[2025-01-26T11:37:29.264-0300] {logging_mixin.py:190} INFO - [2025-01-26T11:37:29.264-0300] {dag.py:3239} INFO - Sync 1 DAGs
[2025-01-26T11:37:29.283-0300] {logging_mixin.py:190} INFO - [2025-01-26T11:37:29.283-0300] {dag.py:4180} INFO - Setting next_dagrun for example_params_ui_tutorial to None, run_after=None
[2025-01-26T11:37:29.346-0300] {processor.py:208} INFO - Processing /mnt/c/Users/ander/Desktop/airflow-spark/airflow-spark/curso2/ambientX/lib/python3.9/site-packages/airflow/example_dags/example_params_ui_tutorial.py took 0.214 seconds
[2025-01-26T11:39:09.713-0300] {processor.py:186} INFO - Started process (PID=24924) to work on /mnt/c/Users/ander/Desktop/airflow-spark/airflow-spark/curso2/ambientX/lib/python3.9/site-packages/airflow/example_dags/example_params_ui_tutorial.py
[2025-01-26T11:39:09.714-0300] {processor.py:914} INFO - Processing file /mnt/c/Users/ander/Desktop/airflow-spark/airflow-spark/curso2/ambientX/lib/python3.9/site-packages/airflow/example_dags/example_params_ui_tutorial.py for tasks to queue
[2025-01-26T11:39:09.716-0300] {logging_mixin.py:190} INFO - [2025-01-26T11:39:09.716-0300] {dagbag.py:588} INFO - Filling up the DagBag from /mnt/c/Users/ander/Desktop/airflow-spark/airflow-spark/curso2/ambientX/lib/python3.9/site-packages/airflow/example_dags/example_params_ui_tutorial.py
[2025-01-26T11:39:09.745-0300] {processor.py:925} INFO - DAG(s) 'example_params_ui_tutorial' retrieved from /mnt/c/Users/ander/Desktop/airflow-spark/airflow-spark/curso2/ambientX/lib/python3.9/site-packages/airflow/example_dags/example_params_ui_tutorial.py
[2025-01-26T11:39:09.826-0300] {logging_mixin.py:190} INFO - [2025-01-26T11:39:09.826-0300] {dag.py:3239} INFO - Sync 1 DAGs
[2025-01-26T11:39:09.846-0300] {logging_mixin.py:190} INFO - [2025-01-26T11:39:09.846-0300] {dag.py:4180} INFO - Setting next_dagrun for example_params_ui_tutorial to None, run_after=None
[2025-01-26T11:39:09.909-0300] {processor.py:208} INFO - Processing /mnt/c/Users/ander/Desktop/airflow-spark/airflow-spark/curso2/ambientX/lib/python3.9/site-packages/airflow/example_dags/example_params_ui_tutorial.py took 0.216 seconds
[2025-01-26T11:40:47.023-0300] {processor.py:186} INFO - Started process (PID=25423) to work on /mnt/c/Users/ander/Desktop/airflow-spark/airflow-spark/curso2/ambientX/lib/python3.9/site-packages/airflow/example_dags/example_params_ui_tutorial.py
[2025-01-26T11:40:47.024-0300] {processor.py:914} INFO - Processing file /mnt/c/Users/ander/Desktop/airflow-spark/airflow-spark/curso2/ambientX/lib/python3.9/site-packages/airflow/example_dags/example_params_ui_tutorial.py for tasks to queue
[2025-01-26T11:40:47.026-0300] {logging_mixin.py:190} INFO - [2025-01-26T11:40:47.026-0300] {dagbag.py:588} INFO - Filling up the DagBag from /mnt/c/Users/ander/Desktop/airflow-spark/airflow-spark/curso2/ambientX/lib/python3.9/site-packages/airflow/example_dags/example_params_ui_tutorial.py
[2025-01-26T11:40:47.053-0300] {processor.py:925} INFO - DAG(s) 'example_params_ui_tutorial' retrieved from /mnt/c/Users/ander/Desktop/airflow-spark/airflow-spark/curso2/ambientX/lib/python3.9/site-packages/airflow/example_dags/example_params_ui_tutorial.py
[2025-01-26T11:40:47.134-0300] {logging_mixin.py:190} INFO - [2025-01-26T11:40:47.134-0300] {dag.py:3239} INFO - Sync 1 DAGs
[2025-01-26T11:40:47.153-0300] {logging_mixin.py:190} INFO - [2025-01-26T11:40:47.153-0300] {dag.py:4180} INFO - Setting next_dagrun for example_params_ui_tutorial to None, run_after=None
[2025-01-26T11:40:47.219-0300] {processor.py:208} INFO - Processing /mnt/c/Users/ander/Desktop/airflow-spark/airflow-spark/curso2/ambientX/lib/python3.9/site-packages/airflow/example_dags/example_params_ui_tutorial.py took 0.214 seconds
[2025-01-26T11:42:29.485-0300] {processor.py:186} INFO - Started process (PID=25998) to work on /mnt/c/Users/ander/Desktop/airflow-spark/airflow-spark/curso2/ambientX/lib/python3.9/site-packages/airflow/example_dags/example_params_ui_tutorial.py
[2025-01-26T11:42:29.486-0300] {processor.py:914} INFO - Processing file /mnt/c/Users/ander/Desktop/airflow-spark/airflow-spark/curso2/ambientX/lib/python3.9/site-packages/airflow/example_dags/example_params_ui_tutorial.py for tasks to queue
[2025-01-26T11:42:29.488-0300] {logging_mixin.py:190} INFO - [2025-01-26T11:42:29.487-0300] {dagbag.py:588} INFO - Filling up the DagBag from /mnt/c/Users/ander/Desktop/airflow-spark/airflow-spark/curso2/ambientX/lib/python3.9/site-packages/airflow/example_dags/example_params_ui_tutorial.py
[2025-01-26T11:42:29.517-0300] {processor.py:925} INFO - DAG(s) 'example_params_ui_tutorial' retrieved from /mnt/c/Users/ander/Desktop/airflow-spark/airflow-spark/curso2/ambientX/lib/python3.9/site-packages/airflow/example_dags/example_params_ui_tutorial.py
[2025-01-26T11:42:29.604-0300] {logging_mixin.py:190} INFO - [2025-01-26T11:42:29.604-0300] {dag.py:3239} INFO - Sync 1 DAGs
[2025-01-26T11:42:29.625-0300] {logging_mixin.py:190} INFO - [2025-01-26T11:42:29.624-0300] {dag.py:4180} INFO - Setting next_dagrun for example_params_ui_tutorial to None, run_after=None
[2025-01-26T11:42:29.684-0300] {processor.py:208} INFO - Processing /mnt/c/Users/ander/Desktop/airflow-spark/airflow-spark/curso2/ambientX/lib/python3.9/site-packages/airflow/example_dags/example_params_ui_tutorial.py took 0.215 seconds
[2025-01-26T11:44:17.376-0300] {processor.py:186} INFO - Started process (PID=26479) to work on /mnt/c/Users/ander/Desktop/airflow-spark/airflow-spark/curso2/ambientX/lib/python3.9/site-packages/airflow/example_dags/example_params_ui_tutorial.py
[2025-01-26T11:44:17.377-0300] {processor.py:914} INFO - Processing file /mnt/c/Users/ander/Desktop/airflow-spark/airflow-spark/curso2/ambientX/lib/python3.9/site-packages/airflow/example_dags/example_params_ui_tutorial.py for tasks to queue
[2025-01-26T11:44:17.379-0300] {logging_mixin.py:190} INFO - [2025-01-26T11:44:17.379-0300] {dagbag.py:588} INFO - Filling up the DagBag from /mnt/c/Users/ander/Desktop/airflow-spark/airflow-spark/curso2/ambientX/lib/python3.9/site-packages/airflow/example_dags/example_params_ui_tutorial.py
[2025-01-26T11:44:17.406-0300] {processor.py:925} INFO - DAG(s) 'example_params_ui_tutorial' retrieved from /mnt/c/Users/ander/Desktop/airflow-spark/airflow-spark/curso2/ambientX/lib/python3.9/site-packages/airflow/example_dags/example_params_ui_tutorial.py
[2025-01-26T11:44:17.486-0300] {logging_mixin.py:190} INFO - [2025-01-26T11:44:17.486-0300] {dag.py:3239} INFO - Sync 1 DAGs
[2025-01-26T11:44:17.505-0300] {logging_mixin.py:190} INFO - [2025-01-26T11:44:17.505-0300] {dag.py:4180} INFO - Setting next_dagrun for example_params_ui_tutorial to None, run_after=None
[2025-01-26T11:44:17.566-0300] {processor.py:208} INFO - Processing /mnt/c/Users/ander/Desktop/airflow-spark/airflow-spark/curso2/ambientX/lib/python3.9/site-packages/airflow/example_dags/example_params_ui_tutorial.py took 0.207 seconds
