[2025-01-26T10:25:24.332-0300] {processor.py:186} INFO - Started process (PID=2061) to work on /mnt/c/Users/ander/Desktop/airflow-spark/airflow-spark/curso2/ambientX/lib/python3.9/site-packages/airflow/example_dags/example_time_delta_sensor_async.py
[2025-01-26T10:25:24.333-0300] {processor.py:914} INFO - Processing file /mnt/c/Users/ander/Desktop/airflow-spark/airflow-spark/curso2/ambientX/lib/python3.9/site-packages/airflow/example_dags/example_time_delta_sensor_async.py for tasks to queue
[2025-01-26T10:25:24.340-0300] {logging_mixin.py:190} INFO - [2025-01-26T10:25:24.339-0300] {dagbag.py:588} INFO - Filling up the DagBag from /mnt/c/Users/ander/Desktop/airflow-spark/airflow-spark/curso2/ambientX/lib/python3.9/site-packages/airflow/example_dags/example_time_delta_sensor_async.py
[2025-01-26T10:25:24.483-0300] {processor.py:925} INFO - DAG(s) 'example_time_delta_sensor_async' retrieved from /mnt/c/Users/ander/Desktop/airflow-spark/airflow-spark/curso2/ambientX/lib/python3.9/site-packages/airflow/example_dags/example_time_delta_sensor_async.py
[2025-01-26T10:25:24.538-0300] {logging_mixin.py:190} INFO - [2025-01-26T10:25:24.538-0300] {dag.py:3239} INFO - Sync 1 DAGs
[2025-01-26T10:25:24.567-0300] {logging_mixin.py:190} INFO - [2025-01-26T10:25:24.567-0300] {dag.py:4180} INFO - Setting next_dagrun for example_time_delta_sensor_async to None, run_after=None
[2025-01-26T10:25:24.702-0300] {processor.py:208} INFO - Processing /mnt/c/Users/ander/Desktop/airflow-spark/airflow-spark/curso2/ambientX/lib/python3.9/site-packages/airflow/example_dags/example_time_delta_sensor_async.py took 0.388 seconds
[2025-01-26T10:38:36.671-0300] {processor.py:186} INFO - Started process (PID=8067) to work on /mnt/c/Users/ander/Desktop/airflow-spark/airflow-spark/curso2/ambientX/lib/python3.9/site-packages/airflow/example_dags/example_time_delta_sensor_async.py
[2025-01-26T10:38:36.673-0300] {processor.py:914} INFO - Processing file /mnt/c/Users/ander/Desktop/airflow-spark/airflow-spark/curso2/ambientX/lib/python3.9/site-packages/airflow/example_dags/example_time_delta_sensor_async.py for tasks to queue
[2025-01-26T10:38:36.676-0300] {logging_mixin.py:190} INFO - [2025-01-26T10:38:36.675-0300] {dagbag.py:588} INFO - Filling up the DagBag from /mnt/c/Users/ander/Desktop/airflow-spark/airflow-spark/curso2/ambientX/lib/python3.9/site-packages/airflow/example_dags/example_time_delta_sensor_async.py
[2025-01-26T10:38:36.704-0300] {processor.py:925} INFO - DAG(s) 'example_time_delta_sensor_async' retrieved from /mnt/c/Users/ander/Desktop/airflow-spark/airflow-spark/curso2/ambientX/lib/python3.9/site-packages/airflow/example_dags/example_time_delta_sensor_async.py
[2025-01-26T10:38:36.765-0300] {logging_mixin.py:190} INFO - [2025-01-26T10:38:36.765-0300] {dag.py:3239} INFO - Sync 1 DAGs
[2025-01-26T10:38:36.796-0300] {logging_mixin.py:190} INFO - [2025-01-26T10:38:36.796-0300] {dag.py:4180} INFO - Setting next_dagrun for example_time_delta_sensor_async to None, run_after=None
[2025-01-26T10:38:36.877-0300] {processor.py:208} INFO - Processing /mnt/c/Users/ander/Desktop/airflow-spark/airflow-spark/curso2/ambientX/lib/python3.9/site-packages/airflow/example_dags/example_time_delta_sensor_async.py took 0.222 seconds
[2025-01-26T10:40:07.335-0300] {processor.py:186} INFO - Started process (PID=8377) to work on /mnt/c/Users/ander/Desktop/airflow-spark/airflow-spark/curso2/ambientX/lib/python3.9/site-packages/airflow/example_dags/example_time_delta_sensor_async.py
[2025-01-26T10:40:07.337-0300] {processor.py:914} INFO - Processing file /mnt/c/Users/ander/Desktop/airflow-spark/airflow-spark/curso2/ambientX/lib/python3.9/site-packages/airflow/example_dags/example_time_delta_sensor_async.py for tasks to queue
[2025-01-26T10:40:07.339-0300] {logging_mixin.py:190} INFO - [2025-01-26T10:40:07.339-0300] {dagbag.py:588} INFO - Filling up the DagBag from /mnt/c/Users/ander/Desktop/airflow-spark/airflow-spark/curso2/ambientX/lib/python3.9/site-packages/airflow/example_dags/example_time_delta_sensor_async.py
[2025-01-26T10:40:07.369-0300] {processor.py:925} INFO - DAG(s) 'example_time_delta_sensor_async' retrieved from /mnt/c/Users/ander/Desktop/airflow-spark/airflow-spark/curso2/ambientX/lib/python3.9/site-packages/airflow/example_dags/example_time_delta_sensor_async.py
[2025-01-26T10:40:07.438-0300] {logging_mixin.py:190} INFO - [2025-01-26T10:40:07.438-0300] {dag.py:3239} INFO - Sync 1 DAGs
[2025-01-26T10:40:07.474-0300] {logging_mixin.py:190} INFO - [2025-01-26T10:40:07.473-0300] {dag.py:4180} INFO - Setting next_dagrun for example_time_delta_sensor_async to None, run_after=None
[2025-01-26T10:40:07.569-0300] {processor.py:208} INFO - Processing /mnt/c/Users/ander/Desktop/airflow-spark/airflow-spark/curso2/ambientX/lib/python3.9/site-packages/airflow/example_dags/example_time_delta_sensor_async.py took 0.255 seconds
[2025-01-26T10:41:03.584-0300] {processor.py:186} INFO - Started process (PID=8790) to work on /mnt/c/Users/ander/Desktop/airflow-spark/airflow-spark/curso2/ambientX/lib/python3.9/site-packages/airflow/example_dags/example_time_delta_sensor_async.py
[2025-01-26T10:41:03.585-0300] {processor.py:914} INFO - Processing file /mnt/c/Users/ander/Desktop/airflow-spark/airflow-spark/curso2/ambientX/lib/python3.9/site-packages/airflow/example_dags/example_time_delta_sensor_async.py for tasks to queue
[2025-01-26T10:41:03.587-0300] {logging_mixin.py:190} INFO - [2025-01-26T10:41:03.587-0300] {dagbag.py:588} INFO - Filling up the DagBag from /mnt/c/Users/ander/Desktop/airflow-spark/airflow-spark/curso2/ambientX/lib/python3.9/site-packages/airflow/example_dags/example_time_delta_sensor_async.py
[2025-01-26T10:41:03.612-0300] {processor.py:925} INFO - DAG(s) 'example_time_delta_sensor_async' retrieved from /mnt/c/Users/ander/Desktop/airflow-spark/airflow-spark/curso2/ambientX/lib/python3.9/site-packages/airflow/example_dags/example_time_delta_sensor_async.py
[2025-01-26T10:41:03.656-0300] {logging_mixin.py:190} INFO - [2025-01-26T10:41:03.655-0300] {dag.py:3239} INFO - Sync 1 DAGs
[2025-01-26T10:41:03.677-0300] {logging_mixin.py:190} INFO - [2025-01-26T10:41:03.677-0300] {dag.py:4180} INFO - Setting next_dagrun for example_time_delta_sensor_async to None, run_after=None
[2025-01-26T10:41:03.744-0300] {processor.py:208} INFO - Processing /mnt/c/Users/ander/Desktop/airflow-spark/airflow-spark/curso2/ambientX/lib/python3.9/site-packages/airflow/example_dags/example_time_delta_sensor_async.py took 0.179 seconds
[2025-01-26T10:42:51.677-0300] {processor.py:186} INFO - Started process (PID=9222) to work on /mnt/c/Users/ander/Desktop/airflow-spark/airflow-spark/curso2/ambientX/lib/python3.9/site-packages/airflow/example_dags/example_time_delta_sensor_async.py
[2025-01-26T10:42:51.678-0300] {processor.py:914} INFO - Processing file /mnt/c/Users/ander/Desktop/airflow-spark/airflow-spark/curso2/ambientX/lib/python3.9/site-packages/airflow/example_dags/example_time_delta_sensor_async.py for tasks to queue
[2025-01-26T10:42:51.680-0300] {logging_mixin.py:190} INFO - [2025-01-26T10:42:51.680-0300] {dagbag.py:588} INFO - Filling up the DagBag from /mnt/c/Users/ander/Desktop/airflow-spark/airflow-spark/curso2/ambientX/lib/python3.9/site-packages/airflow/example_dags/example_time_delta_sensor_async.py
[2025-01-26T10:42:51.706-0300] {processor.py:925} INFO - DAG(s) 'example_time_delta_sensor_async' retrieved from /mnt/c/Users/ander/Desktop/airflow-spark/airflow-spark/curso2/ambientX/lib/python3.9/site-packages/airflow/example_dags/example_time_delta_sensor_async.py
[2025-01-26T10:42:51.744-0300] {logging_mixin.py:190} INFO - [2025-01-26T10:42:51.744-0300] {dag.py:3239} INFO - Sync 1 DAGs
[2025-01-26T10:42:51.769-0300] {logging_mixin.py:190} INFO - [2025-01-26T10:42:51.768-0300] {dag.py:4180} INFO - Setting next_dagrun for example_time_delta_sensor_async to None, run_after=None
[2025-01-26T10:42:51.837-0300] {processor.py:208} INFO - Processing /mnt/c/Users/ander/Desktop/airflow-spark/airflow-spark/curso2/ambientX/lib/python3.9/site-packages/airflow/example_dags/example_time_delta_sensor_async.py took 0.188 seconds
[2025-01-26T10:43:49.515-0300] {processor.py:186} INFO - Started process (PID=9441) to work on /mnt/c/Users/ander/Desktop/airflow-spark/airflow-spark/curso2/ambientX/lib/python3.9/site-packages/airflow/example_dags/example_time_delta_sensor_async.py
[2025-01-26T10:43:49.516-0300] {processor.py:914} INFO - Processing file /mnt/c/Users/ander/Desktop/airflow-spark/airflow-spark/curso2/ambientX/lib/python3.9/site-packages/airflow/example_dags/example_time_delta_sensor_async.py for tasks to queue
[2025-01-26T10:43:49.518-0300] {logging_mixin.py:190} INFO - [2025-01-26T10:43:49.518-0300] {dagbag.py:588} INFO - Filling up the DagBag from /mnt/c/Users/ander/Desktop/airflow-spark/airflow-spark/curso2/ambientX/lib/python3.9/site-packages/airflow/example_dags/example_time_delta_sensor_async.py
[2025-01-26T10:43:49.545-0300] {processor.py:925} INFO - DAG(s) 'example_time_delta_sensor_async' retrieved from /mnt/c/Users/ander/Desktop/airflow-spark/airflow-spark/curso2/ambientX/lib/python3.9/site-packages/airflow/example_dags/example_time_delta_sensor_async.py
[2025-01-26T10:43:49.584-0300] {logging_mixin.py:190} INFO - [2025-01-26T10:43:49.584-0300] {dag.py:3239} INFO - Sync 1 DAGs
[2025-01-26T10:43:49.604-0300] {logging_mixin.py:190} INFO - [2025-01-26T10:43:49.604-0300] {dag.py:4180} INFO - Setting next_dagrun for example_time_delta_sensor_async to None, run_after=None
[2025-01-26T10:43:49.867-0300] {processor.py:208} INFO - Processing /mnt/c/Users/ander/Desktop/airflow-spark/airflow-spark/curso2/ambientX/lib/python3.9/site-packages/airflow/example_dags/example_time_delta_sensor_async.py took 0.369 seconds
[2025-01-26T10:44:50.149-0300] {processor.py:186} INFO - Started process (PID=9673) to work on /mnt/c/Users/ander/Desktop/airflow-spark/airflow-spark/curso2/ambientX/lib/python3.9/site-packages/airflow/example_dags/example_time_delta_sensor_async.py
[2025-01-26T10:44:50.150-0300] {processor.py:914} INFO - Processing file /mnt/c/Users/ander/Desktop/airflow-spark/airflow-spark/curso2/ambientX/lib/python3.9/site-packages/airflow/example_dags/example_time_delta_sensor_async.py for tasks to queue
[2025-01-26T10:44:50.153-0300] {logging_mixin.py:190} INFO - [2025-01-26T10:44:50.152-0300] {dagbag.py:588} INFO - Filling up the DagBag from /mnt/c/Users/ander/Desktop/airflow-spark/airflow-spark/curso2/ambientX/lib/python3.9/site-packages/airflow/example_dags/example_time_delta_sensor_async.py
[2025-01-26T10:44:50.183-0300] {processor.py:925} INFO - DAG(s) 'example_time_delta_sensor_async' retrieved from /mnt/c/Users/ander/Desktop/airflow-spark/airflow-spark/curso2/ambientX/lib/python3.9/site-packages/airflow/example_dags/example_time_delta_sensor_async.py
[2025-01-26T10:44:50.225-0300] {logging_mixin.py:190} INFO - [2025-01-26T10:44:50.224-0300] {dag.py:3239} INFO - Sync 1 DAGs
[2025-01-26T10:44:50.246-0300] {logging_mixin.py:190} INFO - [2025-01-26T10:44:50.246-0300] {dag.py:4180} INFO - Setting next_dagrun for example_time_delta_sensor_async to None, run_after=None
[2025-01-26T10:44:50.319-0300] {processor.py:208} INFO - Processing /mnt/c/Users/ander/Desktop/airflow-spark/airflow-spark/curso2/ambientX/lib/python3.9/site-packages/airflow/example_dags/example_time_delta_sensor_async.py took 0.191 seconds
[2025-01-26T10:45:46.378-0300] {processor.py:186} INFO - Started process (PID=9905) to work on /mnt/c/Users/ander/Desktop/airflow-spark/airflow-spark/curso2/ambientX/lib/python3.9/site-packages/airflow/example_dags/example_time_delta_sensor_async.py
[2025-01-26T10:45:46.379-0300] {processor.py:914} INFO - Processing file /mnt/c/Users/ander/Desktop/airflow-spark/airflow-spark/curso2/ambientX/lib/python3.9/site-packages/airflow/example_dags/example_time_delta_sensor_async.py for tasks to queue
[2025-01-26T10:45:46.381-0300] {logging_mixin.py:190} INFO - [2025-01-26T10:45:46.381-0300] {dagbag.py:588} INFO - Filling up the DagBag from /mnt/c/Users/ander/Desktop/airflow-spark/airflow-spark/curso2/ambientX/lib/python3.9/site-packages/airflow/example_dags/example_time_delta_sensor_async.py
[2025-01-26T10:45:46.405-0300] {processor.py:925} INFO - DAG(s) 'example_time_delta_sensor_async' retrieved from /mnt/c/Users/ander/Desktop/airflow-spark/airflow-spark/curso2/ambientX/lib/python3.9/site-packages/airflow/example_dags/example_time_delta_sensor_async.py
[2025-01-26T10:45:46.444-0300] {logging_mixin.py:190} INFO - [2025-01-26T10:45:46.444-0300] {dag.py:3239} INFO - Sync 1 DAGs
[2025-01-26T10:45:46.464-0300] {logging_mixin.py:190} INFO - [2025-01-26T10:45:46.464-0300] {dag.py:4180} INFO - Setting next_dagrun for example_time_delta_sensor_async to None, run_after=None
[2025-01-26T10:45:46.532-0300] {processor.py:208} INFO - Processing /mnt/c/Users/ander/Desktop/airflow-spark/airflow-spark/curso2/ambientX/lib/python3.9/site-packages/airflow/example_dags/example_time_delta_sensor_async.py took 0.172 seconds
[2025-01-26T10:47:26.606-0300] {processor.py:186} INFO - Started process (PID=10320) to work on /mnt/c/Users/ander/Desktop/airflow-spark/airflow-spark/curso2/ambientX/lib/python3.9/site-packages/airflow/example_dags/example_time_delta_sensor_async.py
[2025-01-26T10:47:26.607-0300] {processor.py:914} INFO - Processing file /mnt/c/Users/ander/Desktop/airflow-spark/airflow-spark/curso2/ambientX/lib/python3.9/site-packages/airflow/example_dags/example_time_delta_sensor_async.py for tasks to queue
[2025-01-26T10:47:26.610-0300] {logging_mixin.py:190} INFO - [2025-01-26T10:47:26.609-0300] {dagbag.py:588} INFO - Filling up the DagBag from /mnt/c/Users/ander/Desktop/airflow-spark/airflow-spark/curso2/ambientX/lib/python3.9/site-packages/airflow/example_dags/example_time_delta_sensor_async.py
[2025-01-26T10:47:26.640-0300] {processor.py:925} INFO - DAG(s) 'example_time_delta_sensor_async' retrieved from /mnt/c/Users/ander/Desktop/airflow-spark/airflow-spark/curso2/ambientX/lib/python3.9/site-packages/airflow/example_dags/example_time_delta_sensor_async.py
[2025-01-26T10:47:26.683-0300] {logging_mixin.py:190} INFO - [2025-01-26T10:47:26.683-0300] {dag.py:3239} INFO - Sync 1 DAGs
[2025-01-26T10:47:26.710-0300] {logging_mixin.py:190} INFO - [2025-01-26T10:47:26.709-0300] {dag.py:4180} INFO - Setting next_dagrun for example_time_delta_sensor_async to None, run_after=None
[2025-01-26T10:47:26.792-0300] {processor.py:208} INFO - Processing /mnt/c/Users/ander/Desktop/airflow-spark/airflow-spark/curso2/ambientX/lib/python3.9/site-packages/airflow/example_dags/example_time_delta_sensor_async.py took 0.209 seconds
[2025-01-26T10:48:23.694-0300] {processor.py:186} INFO - Started process (PID=10545) to work on /mnt/c/Users/ander/Desktop/airflow-spark/airflow-spark/curso2/ambientX/lib/python3.9/site-packages/airflow/example_dags/example_time_delta_sensor_async.py
[2025-01-26T10:48:23.696-0300] {processor.py:914} INFO - Processing file /mnt/c/Users/ander/Desktop/airflow-spark/airflow-spark/curso2/ambientX/lib/python3.9/site-packages/airflow/example_dags/example_time_delta_sensor_async.py for tasks to queue
[2025-01-26T10:48:23.699-0300] {logging_mixin.py:190} INFO - [2025-01-26T10:48:23.698-0300] {dagbag.py:588} INFO - Filling up the DagBag from /mnt/c/Users/ander/Desktop/airflow-spark/airflow-spark/curso2/ambientX/lib/python3.9/site-packages/airflow/example_dags/example_time_delta_sensor_async.py
[2025-01-26T10:48:23.732-0300] {processor.py:925} INFO - DAG(s) 'example_time_delta_sensor_async' retrieved from /mnt/c/Users/ander/Desktop/airflow-spark/airflow-spark/curso2/ambientX/lib/python3.9/site-packages/airflow/example_dags/example_time_delta_sensor_async.py
[2025-01-26T10:48:23.775-0300] {logging_mixin.py:190} INFO - [2025-01-26T10:48:23.775-0300] {dag.py:3239} INFO - Sync 1 DAGs
[2025-01-26T10:48:23.801-0300] {logging_mixin.py:190} INFO - [2025-01-26T10:48:23.800-0300] {dag.py:4180} INFO - Setting next_dagrun for example_time_delta_sensor_async to None, run_after=None
[2025-01-26T10:48:23.890-0300] {processor.py:208} INFO - Processing /mnt/c/Users/ander/Desktop/airflow-spark/airflow-spark/curso2/ambientX/lib/python3.9/site-packages/airflow/example_dags/example_time_delta_sensor_async.py took 0.218 seconds
[2025-01-26T10:49:23.186-0300] {processor.py:186} INFO - Started process (PID=10793) to work on /mnt/c/Users/ander/Desktop/airflow-spark/airflow-spark/curso2/ambientX/lib/python3.9/site-packages/airflow/example_dags/example_time_delta_sensor_async.py
[2025-01-26T10:49:23.188-0300] {processor.py:914} INFO - Processing file /mnt/c/Users/ander/Desktop/airflow-spark/airflow-spark/curso2/ambientX/lib/python3.9/site-packages/airflow/example_dags/example_time_delta_sensor_async.py for tasks to queue
[2025-01-26T10:49:23.195-0300] {logging_mixin.py:190} INFO - [2025-01-26T10:49:23.194-0300] {dagbag.py:588} INFO - Filling up the DagBag from /mnt/c/Users/ander/Desktop/airflow-spark/airflow-spark/curso2/ambientX/lib/python3.9/site-packages/airflow/example_dags/example_time_delta_sensor_async.py
[2025-01-26T10:49:23.223-0300] {processor.py:925} INFO - DAG(s) 'example_time_delta_sensor_async' retrieved from /mnt/c/Users/ander/Desktop/airflow-spark/airflow-spark/curso2/ambientX/lib/python3.9/site-packages/airflow/example_dags/example_time_delta_sensor_async.py
[2025-01-26T10:49:23.275-0300] {logging_mixin.py:190} INFO - [2025-01-26T10:49:23.275-0300] {dag.py:3239} INFO - Sync 1 DAGs
[2025-01-26T10:49:23.308-0300] {logging_mixin.py:190} INFO - [2025-01-26T10:49:23.308-0300] {dag.py:4180} INFO - Setting next_dagrun for example_time_delta_sensor_async to None, run_after=None
[2025-01-26T10:49:23.390-0300] {processor.py:208} INFO - Processing /mnt/c/Users/ander/Desktop/airflow-spark/airflow-spark/curso2/ambientX/lib/python3.9/site-packages/airflow/example_dags/example_time_delta_sensor_async.py took 0.235 seconds
[2025-01-26T10:51:09.686-0300] {processor.py:186} INFO - Started process (PID=11303) to work on /mnt/c/Users/ander/Desktop/airflow-spark/airflow-spark/curso2/ambientX/lib/python3.9/site-packages/airflow/example_dags/example_time_delta_sensor_async.py
[2025-01-26T10:51:09.688-0300] {processor.py:914} INFO - Processing file /mnt/c/Users/ander/Desktop/airflow-spark/airflow-spark/curso2/ambientX/lib/python3.9/site-packages/airflow/example_dags/example_time_delta_sensor_async.py for tasks to queue
[2025-01-26T10:51:09.690-0300] {logging_mixin.py:190} INFO - [2025-01-26T10:51:09.690-0300] {dagbag.py:588} INFO - Filling up the DagBag from /mnt/c/Users/ander/Desktop/airflow-spark/airflow-spark/curso2/ambientX/lib/python3.9/site-packages/airflow/example_dags/example_time_delta_sensor_async.py
[2025-01-26T10:51:09.723-0300] {processor.py:925} INFO - DAG(s) 'example_time_delta_sensor_async' retrieved from /mnt/c/Users/ander/Desktop/airflow-spark/airflow-spark/curso2/ambientX/lib/python3.9/site-packages/airflow/example_dags/example_time_delta_sensor_async.py
[2025-01-26T10:51:09.773-0300] {logging_mixin.py:190} INFO - [2025-01-26T10:51:09.773-0300] {dag.py:3239} INFO - Sync 1 DAGs
[2025-01-26T10:51:09.794-0300] {logging_mixin.py:190} INFO - [2025-01-26T10:51:09.794-0300] {dag.py:4180} INFO - Setting next_dagrun for example_time_delta_sensor_async to None, run_after=None
[2025-01-26T10:51:09.887-0300] {processor.py:208} INFO - Processing /mnt/c/Users/ander/Desktop/airflow-spark/airflow-spark/curso2/ambientX/lib/python3.9/site-packages/airflow/example_dags/example_time_delta_sensor_async.py took 0.224 seconds
[2025-01-26T10:52:03.147-0300] {processor.py:186} INFO - Started process (PID=11588) to work on /mnt/c/Users/ander/Desktop/airflow-spark/airflow-spark/curso2/ambientX/lib/python3.9/site-packages/airflow/example_dags/example_time_delta_sensor_async.py
[2025-01-26T10:52:03.148-0300] {processor.py:914} INFO - Processing file /mnt/c/Users/ander/Desktop/airflow-spark/airflow-spark/curso2/ambientX/lib/python3.9/site-packages/airflow/example_dags/example_time_delta_sensor_async.py for tasks to queue
[2025-01-26T10:52:03.150-0300] {logging_mixin.py:190} INFO - [2025-01-26T10:52:03.150-0300] {dagbag.py:588} INFO - Filling up the DagBag from /mnt/c/Users/ander/Desktop/airflow-spark/airflow-spark/curso2/ambientX/lib/python3.9/site-packages/airflow/example_dags/example_time_delta_sensor_async.py
[2025-01-26T10:52:03.179-0300] {processor.py:925} INFO - DAG(s) 'example_time_delta_sensor_async' retrieved from /mnt/c/Users/ander/Desktop/airflow-spark/airflow-spark/curso2/ambientX/lib/python3.9/site-packages/airflow/example_dags/example_time_delta_sensor_async.py
[2025-01-26T10:52:03.224-0300] {logging_mixin.py:190} INFO - [2025-01-26T10:52:03.223-0300] {dag.py:3239} INFO - Sync 1 DAGs
[2025-01-26T10:52:03.247-0300] {logging_mixin.py:190} INFO - [2025-01-26T10:52:03.247-0300] {dag.py:4180} INFO - Setting next_dagrun for example_time_delta_sensor_async to None, run_after=None
[2025-01-26T10:52:03.324-0300] {processor.py:208} INFO - Processing /mnt/c/Users/ander/Desktop/airflow-spark/airflow-spark/curso2/ambientX/lib/python3.9/site-packages/airflow/example_dags/example_time_delta_sensor_async.py took 0.201 seconds
[2025-01-26T10:52:59.255-0300] {processor.py:186} INFO - Started process (PID=11813) to work on /mnt/c/Users/ander/Desktop/airflow-spark/airflow-spark/curso2/ambientX/lib/python3.9/site-packages/airflow/example_dags/example_time_delta_sensor_async.py
[2025-01-26T10:52:59.259-0300] {processor.py:914} INFO - Processing file /mnt/c/Users/ander/Desktop/airflow-spark/airflow-spark/curso2/ambientX/lib/python3.9/site-packages/airflow/example_dags/example_time_delta_sensor_async.py for tasks to queue
[2025-01-26T10:52:59.262-0300] {logging_mixin.py:190} INFO - [2025-01-26T10:52:59.261-0300] {dagbag.py:588} INFO - Filling up the DagBag from /mnt/c/Users/ander/Desktop/airflow-spark/airflow-spark/curso2/ambientX/lib/python3.9/site-packages/airflow/example_dags/example_time_delta_sensor_async.py
[2025-01-26T10:52:59.288-0300] {processor.py:925} INFO - DAG(s) 'example_time_delta_sensor_async' retrieved from /mnt/c/Users/ander/Desktop/airflow-spark/airflow-spark/curso2/ambientX/lib/python3.9/site-packages/airflow/example_dags/example_time_delta_sensor_async.py
[2025-01-26T10:52:59.331-0300] {logging_mixin.py:190} INFO - [2025-01-26T10:52:59.331-0300] {dag.py:3239} INFO - Sync 1 DAGs
[2025-01-26T10:52:59.355-0300] {logging_mixin.py:190} INFO - [2025-01-26T10:52:59.355-0300] {dag.py:4180} INFO - Setting next_dagrun for example_time_delta_sensor_async to None, run_after=None
[2025-01-26T10:52:59.440-0300] {processor.py:208} INFO - Processing /mnt/c/Users/ander/Desktop/airflow-spark/airflow-spark/curso2/ambientX/lib/python3.9/site-packages/airflow/example_dags/example_time_delta_sensor_async.py took 0.201 seconds
[2025-01-26T10:53:54.260-0300] {processor.py:186} INFO - Started process (PID=12045) to work on /mnt/c/Users/ander/Desktop/airflow-spark/airflow-spark/curso2/ambientX/lib/python3.9/site-packages/airflow/example_dags/example_time_delta_sensor_async.py
[2025-01-26T10:53:54.261-0300] {processor.py:914} INFO - Processing file /mnt/c/Users/ander/Desktop/airflow-spark/airflow-spark/curso2/ambientX/lib/python3.9/site-packages/airflow/example_dags/example_time_delta_sensor_async.py for tasks to queue
[2025-01-26T10:53:54.264-0300] {logging_mixin.py:190} INFO - [2025-01-26T10:53:54.263-0300] {dagbag.py:588} INFO - Filling up the DagBag from /mnt/c/Users/ander/Desktop/airflow-spark/airflow-spark/curso2/ambientX/lib/python3.9/site-packages/airflow/example_dags/example_time_delta_sensor_async.py
[2025-01-26T10:53:54.293-0300] {processor.py:925} INFO - DAG(s) 'example_time_delta_sensor_async' retrieved from /mnt/c/Users/ander/Desktop/airflow-spark/airflow-spark/curso2/ambientX/lib/python3.9/site-packages/airflow/example_dags/example_time_delta_sensor_async.py
[2025-01-26T10:53:54.337-0300] {logging_mixin.py:190} INFO - [2025-01-26T10:53:54.336-0300] {dag.py:3239} INFO - Sync 1 DAGs
[2025-01-26T10:53:54.362-0300] {logging_mixin.py:190} INFO - [2025-01-26T10:53:54.362-0300] {dag.py:4180} INFO - Setting next_dagrun for example_time_delta_sensor_async to None, run_after=None
[2025-01-26T10:53:54.440-0300] {processor.py:208} INFO - Processing /mnt/c/Users/ander/Desktop/airflow-spark/airflow-spark/curso2/ambientX/lib/python3.9/site-packages/airflow/example_dags/example_time_delta_sensor_async.py took 0.201 seconds
[2025-01-26T10:54:53.104-0300] {processor.py:186} INFO - Started process (PID=12282) to work on /mnt/c/Users/ander/Desktop/airflow-spark/airflow-spark/curso2/ambientX/lib/python3.9/site-packages/airflow/example_dags/example_time_delta_sensor_async.py
[2025-01-26T10:54:53.106-0300] {processor.py:914} INFO - Processing file /mnt/c/Users/ander/Desktop/airflow-spark/airflow-spark/curso2/ambientX/lib/python3.9/site-packages/airflow/example_dags/example_time_delta_sensor_async.py for tasks to queue
[2025-01-26T10:54:53.109-0300] {logging_mixin.py:190} INFO - [2025-01-26T10:54:53.108-0300] {dagbag.py:588} INFO - Filling up the DagBag from /mnt/c/Users/ander/Desktop/airflow-spark/airflow-spark/curso2/ambientX/lib/python3.9/site-packages/airflow/example_dags/example_time_delta_sensor_async.py
[2025-01-26T10:54:53.140-0300] {processor.py:925} INFO - DAG(s) 'example_time_delta_sensor_async' retrieved from /mnt/c/Users/ander/Desktop/airflow-spark/airflow-spark/curso2/ambientX/lib/python3.9/site-packages/airflow/example_dags/example_time_delta_sensor_async.py
[2025-01-26T10:54:53.185-0300] {logging_mixin.py:190} INFO - [2025-01-26T10:54:53.185-0300] {dag.py:3239} INFO - Sync 1 DAGs
[2025-01-26T10:54:53.207-0300] {logging_mixin.py:190} INFO - [2025-01-26T10:54:53.207-0300] {dag.py:4180} INFO - Setting next_dagrun for example_time_delta_sensor_async to None, run_after=None
[2025-01-26T10:54:53.281-0300] {processor.py:208} INFO - Processing /mnt/c/Users/ander/Desktop/airflow-spark/airflow-spark/curso2/ambientX/lib/python3.9/site-packages/airflow/example_dags/example_time_delta_sensor_async.py took 0.199 seconds
[2025-01-26T10:55:49.363-0300] {processor.py:186} INFO - Started process (PID=12507) to work on /mnt/c/Users/ander/Desktop/airflow-spark/airflow-spark/curso2/ambientX/lib/python3.9/site-packages/airflow/example_dags/example_time_delta_sensor_async.py
[2025-01-26T10:55:49.365-0300] {processor.py:914} INFO - Processing file /mnt/c/Users/ander/Desktop/airflow-spark/airflow-spark/curso2/ambientX/lib/python3.9/site-packages/airflow/example_dags/example_time_delta_sensor_async.py for tasks to queue
[2025-01-26T10:55:49.367-0300] {logging_mixin.py:190} INFO - [2025-01-26T10:55:49.366-0300] {dagbag.py:588} INFO - Filling up the DagBag from /mnt/c/Users/ander/Desktop/airflow-spark/airflow-spark/curso2/ambientX/lib/python3.9/site-packages/airflow/example_dags/example_time_delta_sensor_async.py
[2025-01-26T10:55:49.396-0300] {processor.py:925} INFO - DAG(s) 'example_time_delta_sensor_async' retrieved from /mnt/c/Users/ander/Desktop/airflow-spark/airflow-spark/curso2/ambientX/lib/python3.9/site-packages/airflow/example_dags/example_time_delta_sensor_async.py
[2025-01-26T10:55:49.437-0300] {logging_mixin.py:190} INFO - [2025-01-26T10:55:49.436-0300] {dag.py:3239} INFO - Sync 1 DAGs
[2025-01-26T10:55:49.463-0300] {logging_mixin.py:190} INFO - [2025-01-26T10:55:49.463-0300] {dag.py:4180} INFO - Setting next_dagrun for example_time_delta_sensor_async to None, run_after=None
[2025-01-26T10:55:49.551-0300] {processor.py:208} INFO - Processing /mnt/c/Users/ander/Desktop/airflow-spark/airflow-spark/curso2/ambientX/lib/python3.9/site-packages/airflow/example_dags/example_time_delta_sensor_async.py took 0.208 seconds
[2025-01-26T10:57:37.275-0300] {processor.py:186} INFO - Started process (PID=12987) to work on /mnt/c/Users/ander/Desktop/airflow-spark/airflow-spark/curso2/ambientX/lib/python3.9/site-packages/airflow/example_dags/example_time_delta_sensor_async.py
[2025-01-26T10:57:37.277-0300] {processor.py:914} INFO - Processing file /mnt/c/Users/ander/Desktop/airflow-spark/airflow-spark/curso2/ambientX/lib/python3.9/site-packages/airflow/example_dags/example_time_delta_sensor_async.py for tasks to queue
[2025-01-26T10:57:37.279-0300] {logging_mixin.py:190} INFO - [2025-01-26T10:57:37.279-0300] {dagbag.py:588} INFO - Filling up the DagBag from /mnt/c/Users/ander/Desktop/airflow-spark/airflow-spark/curso2/ambientX/lib/python3.9/site-packages/airflow/example_dags/example_time_delta_sensor_async.py
[2025-01-26T10:57:37.309-0300] {processor.py:925} INFO - DAG(s) 'example_time_delta_sensor_async' retrieved from /mnt/c/Users/ander/Desktop/airflow-spark/airflow-spark/curso2/ambientX/lib/python3.9/site-packages/airflow/example_dags/example_time_delta_sensor_async.py
[2025-01-26T10:57:37.349-0300] {logging_mixin.py:190} INFO - [2025-01-26T10:57:37.349-0300] {dag.py:3239} INFO - Sync 1 DAGs
[2025-01-26T10:57:37.374-0300] {logging_mixin.py:190} INFO - [2025-01-26T10:57:37.373-0300] {dag.py:4180} INFO - Setting next_dagrun for example_time_delta_sensor_async to None, run_after=None
[2025-01-26T10:57:37.444-0300] {processor.py:208} INFO - Processing /mnt/c/Users/ander/Desktop/airflow-spark/airflow-spark/curso2/ambientX/lib/python3.9/site-packages/airflow/example_dags/example_time_delta_sensor_async.py took 0.192 seconds
[2025-01-26T10:58:32.690-0300] {processor.py:186} INFO - Started process (PID=13229) to work on /mnt/c/Users/ander/Desktop/airflow-spark/airflow-spark/curso2/ambientX/lib/python3.9/site-packages/airflow/example_dags/example_time_delta_sensor_async.py
[2025-01-26T10:58:32.694-0300] {processor.py:914} INFO - Processing file /mnt/c/Users/ander/Desktop/airflow-spark/airflow-spark/curso2/ambientX/lib/python3.9/site-packages/airflow/example_dags/example_time_delta_sensor_async.py for tasks to queue
[2025-01-26T10:58:32.699-0300] {logging_mixin.py:190} INFO - [2025-01-26T10:58:32.698-0300] {dagbag.py:588} INFO - Filling up the DagBag from /mnt/c/Users/ander/Desktop/airflow-spark/airflow-spark/curso2/ambientX/lib/python3.9/site-packages/airflow/example_dags/example_time_delta_sensor_async.py
[2025-01-26T10:58:32.729-0300] {processor.py:925} INFO - DAG(s) 'example_time_delta_sensor_async' retrieved from /mnt/c/Users/ander/Desktop/airflow-spark/airflow-spark/curso2/ambientX/lib/python3.9/site-packages/airflow/example_dags/example_time_delta_sensor_async.py
[2025-01-26T10:58:32.784-0300] {logging_mixin.py:190} INFO - [2025-01-26T10:58:32.783-0300] {dag.py:3239} INFO - Sync 1 DAGs
[2025-01-26T10:58:32.814-0300] {logging_mixin.py:190} INFO - [2025-01-26T10:58:32.814-0300] {dag.py:4180} INFO - Setting next_dagrun for example_time_delta_sensor_async to None, run_after=None
[2025-01-26T10:58:32.888-0300] {processor.py:208} INFO - Processing /mnt/c/Users/ander/Desktop/airflow-spark/airflow-spark/curso2/ambientX/lib/python3.9/site-packages/airflow/example_dags/example_time_delta_sensor_async.py took 0.223 seconds
[2025-01-26T10:59:30.586-0300] {processor.py:186} INFO - Started process (PID=13497) to work on /mnt/c/Users/ander/Desktop/airflow-spark/airflow-spark/curso2/ambientX/lib/python3.9/site-packages/airflow/example_dags/example_time_delta_sensor_async.py
[2025-01-26T10:59:30.588-0300] {processor.py:914} INFO - Processing file /mnt/c/Users/ander/Desktop/airflow-spark/airflow-spark/curso2/ambientX/lib/python3.9/site-packages/airflow/example_dags/example_time_delta_sensor_async.py for tasks to queue
[2025-01-26T10:59:30.590-0300] {logging_mixin.py:190} INFO - [2025-01-26T10:59:30.589-0300] {dagbag.py:588} INFO - Filling up the DagBag from /mnt/c/Users/ander/Desktop/airflow-spark/airflow-spark/curso2/ambientX/lib/python3.9/site-packages/airflow/example_dags/example_time_delta_sensor_async.py
[2025-01-26T10:59:30.621-0300] {processor.py:925} INFO - DAG(s) 'example_time_delta_sensor_async' retrieved from /mnt/c/Users/ander/Desktop/airflow-spark/airflow-spark/curso2/ambientX/lib/python3.9/site-packages/airflow/example_dags/example_time_delta_sensor_async.py
[2025-01-26T10:59:30.665-0300] {logging_mixin.py:190} INFO - [2025-01-26T10:59:30.664-0300] {dag.py:3239} INFO - Sync 1 DAGs
[2025-01-26T10:59:30.689-0300] {logging_mixin.py:190} INFO - [2025-01-26T10:59:30.689-0300] {dag.py:4180} INFO - Setting next_dagrun for example_time_delta_sensor_async to None, run_after=None
[2025-01-26T10:59:30.778-0300] {processor.py:208} INFO - Processing /mnt/c/Users/ander/Desktop/airflow-spark/airflow-spark/curso2/ambientX/lib/python3.9/site-packages/airflow/example_dags/example_time_delta_sensor_async.py took 0.214 seconds
[2025-01-26T11:00:31.073-0300] {processor.py:186} INFO - Started process (PID=13813) to work on /mnt/c/Users/ander/Desktop/airflow-spark/airflow-spark/curso2/ambientX/lib/python3.9/site-packages/airflow/example_dags/example_time_delta_sensor_async.py
[2025-01-26T11:00:31.074-0300] {processor.py:914} INFO - Processing file /mnt/c/Users/ander/Desktop/airflow-spark/airflow-spark/curso2/ambientX/lib/python3.9/site-packages/airflow/example_dags/example_time_delta_sensor_async.py for tasks to queue
[2025-01-26T11:00:31.077-0300] {logging_mixin.py:190} INFO - [2025-01-26T11:00:31.076-0300] {dagbag.py:588} INFO - Filling up the DagBag from /mnt/c/Users/ander/Desktop/airflow-spark/airflow-spark/curso2/ambientX/lib/python3.9/site-packages/airflow/example_dags/example_time_delta_sensor_async.py
[2025-01-26T11:00:31.110-0300] {processor.py:925} INFO - DAG(s) 'example_time_delta_sensor_async' retrieved from /mnt/c/Users/ander/Desktop/airflow-spark/airflow-spark/curso2/ambientX/lib/python3.9/site-packages/airflow/example_dags/example_time_delta_sensor_async.py
[2025-01-26T11:00:31.159-0300] {logging_mixin.py:190} INFO - [2025-01-26T11:00:31.159-0300] {dag.py:3239} INFO - Sync 1 DAGs
[2025-01-26T11:00:31.184-0300] {logging_mixin.py:190} INFO - [2025-01-26T11:00:31.183-0300] {dag.py:4180} INFO - Setting next_dagrun for example_time_delta_sensor_async to None, run_after=None
[2025-01-26T11:00:31.261-0300] {processor.py:208} INFO - Processing /mnt/c/Users/ander/Desktop/airflow-spark/airflow-spark/curso2/ambientX/lib/python3.9/site-packages/airflow/example_dags/example_time_delta_sensor_async.py took 0.216 seconds
[2025-01-26T11:01:28.228-0300] {processor.py:186} INFO - Started process (PID=14078) to work on /mnt/c/Users/ander/Desktop/airflow-spark/airflow-spark/curso2/ambientX/lib/python3.9/site-packages/airflow/example_dags/example_time_delta_sensor_async.py
[2025-01-26T11:01:28.230-0300] {processor.py:914} INFO - Processing file /mnt/c/Users/ander/Desktop/airflow-spark/airflow-spark/curso2/ambientX/lib/python3.9/site-packages/airflow/example_dags/example_time_delta_sensor_async.py for tasks to queue
[2025-01-26T11:01:28.232-0300] {logging_mixin.py:190} INFO - [2025-01-26T11:01:28.231-0300] {dagbag.py:588} INFO - Filling up the DagBag from /mnt/c/Users/ander/Desktop/airflow-spark/airflow-spark/curso2/ambientX/lib/python3.9/site-packages/airflow/example_dags/example_time_delta_sensor_async.py
[2025-01-26T11:01:28.255-0300] {processor.py:925} INFO - DAG(s) 'example_time_delta_sensor_async' retrieved from /mnt/c/Users/ander/Desktop/airflow-spark/airflow-spark/curso2/ambientX/lib/python3.9/site-packages/airflow/example_dags/example_time_delta_sensor_async.py
[2025-01-26T11:01:28.293-0300] {logging_mixin.py:190} INFO - [2025-01-26T11:01:28.293-0300] {dag.py:3239} INFO - Sync 1 DAGs
[2025-01-26T11:01:28.314-0300] {logging_mixin.py:190} INFO - [2025-01-26T11:01:28.313-0300] {dag.py:4180} INFO - Setting next_dagrun for example_time_delta_sensor_async to None, run_after=None
[2025-01-26T11:01:28.383-0300] {processor.py:208} INFO - Processing /mnt/c/Users/ander/Desktop/airflow-spark/airflow-spark/curso2/ambientX/lib/python3.9/site-packages/airflow/example_dags/example_time_delta_sensor_async.py took 0.170 seconds
[2025-01-26T11:02:25.919-0300] {processor.py:186} INFO - Started process (PID=14369) to work on /mnt/c/Users/ander/Desktop/airflow-spark/airflow-spark/curso2/ambientX/lib/python3.9/site-packages/airflow/example_dags/example_time_delta_sensor_async.py
[2025-01-26T11:02:25.920-0300] {processor.py:914} INFO - Processing file /mnt/c/Users/ander/Desktop/airflow-spark/airflow-spark/curso2/ambientX/lib/python3.9/site-packages/airflow/example_dags/example_time_delta_sensor_async.py for tasks to queue
[2025-01-26T11:02:25.923-0300] {logging_mixin.py:190} INFO - [2025-01-26T11:02:25.922-0300] {dagbag.py:588} INFO - Filling up the DagBag from /mnt/c/Users/ander/Desktop/airflow-spark/airflow-spark/curso2/ambientX/lib/python3.9/site-packages/airflow/example_dags/example_time_delta_sensor_async.py
[2025-01-26T11:02:25.959-0300] {processor.py:925} INFO - DAG(s) 'example_time_delta_sensor_async' retrieved from /mnt/c/Users/ander/Desktop/airflow-spark/airflow-spark/curso2/ambientX/lib/python3.9/site-packages/airflow/example_dags/example_time_delta_sensor_async.py
[2025-01-26T11:02:26.005-0300] {logging_mixin.py:190} INFO - [2025-01-26T11:02:26.005-0300] {dag.py:3239} INFO - Sync 1 DAGs
[2025-01-26T11:02:26.028-0300] {logging_mixin.py:190} INFO - [2025-01-26T11:02:26.028-0300] {dag.py:4180} INFO - Setting next_dagrun for example_time_delta_sensor_async to None, run_after=None
[2025-01-26T11:02:26.114-0300] {processor.py:208} INFO - Processing /mnt/c/Users/ander/Desktop/airflow-spark/airflow-spark/curso2/ambientX/lib/python3.9/site-packages/airflow/example_dags/example_time_delta_sensor_async.py took 0.218 seconds
[2025-01-26T11:03:24.316-0300] {processor.py:186} INFO - Started process (PID=15053) to work on /mnt/c/Users/ander/Desktop/airflow-spark/airflow-spark/curso2/ambientX/lib/python3.9/site-packages/airflow/example_dags/example_time_delta_sensor_async.py
[2025-01-26T11:03:24.318-0300] {processor.py:914} INFO - Processing file /mnt/c/Users/ander/Desktop/airflow-spark/airflow-spark/curso2/ambientX/lib/python3.9/site-packages/airflow/example_dags/example_time_delta_sensor_async.py for tasks to queue
[2025-01-26T11:03:24.320-0300] {logging_mixin.py:190} INFO - [2025-01-26T11:03:24.320-0300] {dagbag.py:588} INFO - Filling up the DagBag from /mnt/c/Users/ander/Desktop/airflow-spark/airflow-spark/curso2/ambientX/lib/python3.9/site-packages/airflow/example_dags/example_time_delta_sensor_async.py
[2025-01-26T11:03:24.354-0300] {processor.py:925} INFO - DAG(s) 'example_time_delta_sensor_async' retrieved from /mnt/c/Users/ander/Desktop/airflow-spark/airflow-spark/curso2/ambientX/lib/python3.9/site-packages/airflow/example_dags/example_time_delta_sensor_async.py
[2025-01-26T11:03:24.398-0300] {logging_mixin.py:190} INFO - [2025-01-26T11:03:24.398-0300] {dag.py:3239} INFO - Sync 1 DAGs
[2025-01-26T11:03:24.419-0300] {logging_mixin.py:190} INFO - [2025-01-26T11:03:24.419-0300] {dag.py:4180} INFO - Setting next_dagrun for example_time_delta_sensor_async to None, run_after=None
[2025-01-26T11:03:24.484-0300] {processor.py:208} INFO - Processing /mnt/c/Users/ander/Desktop/airflow-spark/airflow-spark/curso2/ambientX/lib/python3.9/site-packages/airflow/example_dags/example_time_delta_sensor_async.py took 0.186 seconds
[2025-01-26T11:04:16.737-0300] {processor.py:186} INFO - Started process (PID=15284) to work on /mnt/c/Users/ander/Desktop/airflow-spark/airflow-spark/curso2/ambientX/lib/python3.9/site-packages/airflow/example_dags/example_time_delta_sensor_async.py
[2025-01-26T11:04:16.738-0300] {processor.py:914} INFO - Processing file /mnt/c/Users/ander/Desktop/airflow-spark/airflow-spark/curso2/ambientX/lib/python3.9/site-packages/airflow/example_dags/example_time_delta_sensor_async.py for tasks to queue
[2025-01-26T11:04:16.740-0300] {logging_mixin.py:190} INFO - [2025-01-26T11:04:16.740-0300] {dagbag.py:588} INFO - Filling up the DagBag from /mnt/c/Users/ander/Desktop/airflow-spark/airflow-spark/curso2/ambientX/lib/python3.9/site-packages/airflow/example_dags/example_time_delta_sensor_async.py
[2025-01-26T11:04:16.765-0300] {processor.py:925} INFO - DAG(s) 'example_time_delta_sensor_async' retrieved from /mnt/c/Users/ander/Desktop/airflow-spark/airflow-spark/curso2/ambientX/lib/python3.9/site-packages/airflow/example_dags/example_time_delta_sensor_async.py
[2025-01-26T11:04:16.803-0300] {logging_mixin.py:190} INFO - [2025-01-26T11:04:16.803-0300] {dag.py:3239} INFO - Sync 1 DAGs
[2025-01-26T11:04:16.824-0300] {logging_mixin.py:190} INFO - [2025-01-26T11:04:16.823-0300] {dag.py:4180} INFO - Setting next_dagrun for example_time_delta_sensor_async to None, run_after=None
[2025-01-26T11:04:16.889-0300] {processor.py:208} INFO - Processing /mnt/c/Users/ander/Desktop/airflow-spark/airflow-spark/curso2/ambientX/lib/python3.9/site-packages/airflow/example_dags/example_time_delta_sensor_async.py took 0.171 seconds
[2025-01-26T11:05:56.930-0300] {processor.py:186} INFO - Started process (PID=15714) to work on /mnt/c/Users/ander/Desktop/airflow-spark/airflow-spark/curso2/ambientX/lib/python3.9/site-packages/airflow/example_dags/example_time_delta_sensor_async.py
[2025-01-26T11:05:56.931-0300] {processor.py:914} INFO - Processing file /mnt/c/Users/ander/Desktop/airflow-spark/airflow-spark/curso2/ambientX/lib/python3.9/site-packages/airflow/example_dags/example_time_delta_sensor_async.py for tasks to queue
[2025-01-26T11:05:56.933-0300] {logging_mixin.py:190} INFO - [2025-01-26T11:05:56.933-0300] {dagbag.py:588} INFO - Filling up the DagBag from /mnt/c/Users/ander/Desktop/airflow-spark/airflow-spark/curso2/ambientX/lib/python3.9/site-packages/airflow/example_dags/example_time_delta_sensor_async.py
[2025-01-26T11:05:56.956-0300] {processor.py:925} INFO - DAG(s) 'example_time_delta_sensor_async' retrieved from /mnt/c/Users/ander/Desktop/airflow-spark/airflow-spark/curso2/ambientX/lib/python3.9/site-packages/airflow/example_dags/example_time_delta_sensor_async.py
[2025-01-26T11:05:56.994-0300] {logging_mixin.py:190} INFO - [2025-01-26T11:05:56.993-0300] {dag.py:3239} INFO - Sync 1 DAGs
[2025-01-26T11:05:57.014-0300] {logging_mixin.py:190} INFO - [2025-01-26T11:05:57.013-0300] {dag.py:4180} INFO - Setting next_dagrun for example_time_delta_sensor_async to None, run_after=None
[2025-01-26T11:05:57.077-0300] {processor.py:208} INFO - Processing /mnt/c/Users/ander/Desktop/airflow-spark/airflow-spark/curso2/ambientX/lib/python3.9/site-packages/airflow/example_dags/example_time_delta_sensor_async.py took 0.165 seconds
[2025-01-26T11:07:37.741-0300] {processor.py:186} INFO - Started process (PID=16092) to work on /mnt/c/Users/ander/Desktop/airflow-spark/airflow-spark/curso2/ambientX/lib/python3.9/site-packages/airflow/example_dags/example_time_delta_sensor_async.py
[2025-01-26T11:07:37.746-0300] {processor.py:914} INFO - Processing file /mnt/c/Users/ander/Desktop/airflow-spark/airflow-spark/curso2/ambientX/lib/python3.9/site-packages/airflow/example_dags/example_time_delta_sensor_async.py for tasks to queue
[2025-01-26T11:07:37.748-0300] {logging_mixin.py:190} INFO - [2025-01-26T11:07:37.747-0300] {dagbag.py:588} INFO - Filling up the DagBag from /mnt/c/Users/ander/Desktop/airflow-spark/airflow-spark/curso2/ambientX/lib/python3.9/site-packages/airflow/example_dags/example_time_delta_sensor_async.py
[2025-01-26T11:07:37.773-0300] {processor.py:925} INFO - DAG(s) 'example_time_delta_sensor_async' retrieved from /mnt/c/Users/ander/Desktop/airflow-spark/airflow-spark/curso2/ambientX/lib/python3.9/site-packages/airflow/example_dags/example_time_delta_sensor_async.py
[2025-01-26T11:07:37.814-0300] {logging_mixin.py:190} INFO - [2025-01-26T11:07:37.814-0300] {dag.py:3239} INFO - Sync 1 DAGs
[2025-01-26T11:07:37.834-0300] {logging_mixin.py:190} INFO - [2025-01-26T11:07:37.833-0300] {dag.py:4180} INFO - Setting next_dagrun for example_time_delta_sensor_async to None, run_after=None
[2025-01-26T11:07:37.905-0300] {processor.py:208} INFO - Processing /mnt/c/Users/ander/Desktop/airflow-spark/airflow-spark/curso2/ambientX/lib/python3.9/site-packages/airflow/example_dags/example_time_delta_sensor_async.py took 0.182 seconds
[2025-01-26T11:08:32.353-0300] {processor.py:186} INFO - Started process (PID=16379) to work on /mnt/c/Users/ander/Desktop/airflow-spark/airflow-spark/curso2/ambientX/lib/python3.9/site-packages/airflow/example_dags/example_time_delta_sensor_async.py
[2025-01-26T11:08:32.355-0300] {processor.py:914} INFO - Processing file /mnt/c/Users/ander/Desktop/airflow-spark/airflow-spark/curso2/ambientX/lib/python3.9/site-packages/airflow/example_dags/example_time_delta_sensor_async.py for tasks to queue
[2025-01-26T11:08:32.358-0300] {logging_mixin.py:190} INFO - [2025-01-26T11:08:32.357-0300] {dagbag.py:588} INFO - Filling up the DagBag from /mnt/c/Users/ander/Desktop/airflow-spark/airflow-spark/curso2/ambientX/lib/python3.9/site-packages/airflow/example_dags/example_time_delta_sensor_async.py
[2025-01-26T11:08:32.390-0300] {processor.py:925} INFO - DAG(s) 'example_time_delta_sensor_async' retrieved from /mnt/c/Users/ander/Desktop/airflow-spark/airflow-spark/curso2/ambientX/lib/python3.9/site-packages/airflow/example_dags/example_time_delta_sensor_async.py
[2025-01-26T11:08:32.437-0300] {logging_mixin.py:190} INFO - [2025-01-26T11:08:32.436-0300] {dag.py:3239} INFO - Sync 1 DAGs
[2025-01-26T11:08:32.466-0300] {logging_mixin.py:190} INFO - [2025-01-26T11:08:32.466-0300] {dag.py:4180} INFO - Setting next_dagrun for example_time_delta_sensor_async to None, run_after=None
[2025-01-26T11:08:32.544-0300] {processor.py:208} INFO - Processing /mnt/c/Users/ander/Desktop/airflow-spark/airflow-spark/curso2/ambientX/lib/python3.9/site-packages/airflow/example_dags/example_time_delta_sensor_async.py took 0.211 seconds
[2025-01-26T11:10:11.437-0300] {processor.py:186} INFO - Started process (PID=16820) to work on /mnt/c/Users/ander/Desktop/airflow-spark/airflow-spark/curso2/ambientX/lib/python3.9/site-packages/airflow/example_dags/example_time_delta_sensor_async.py
[2025-01-26T11:10:11.439-0300] {processor.py:914} INFO - Processing file /mnt/c/Users/ander/Desktop/airflow-spark/airflow-spark/curso2/ambientX/lib/python3.9/site-packages/airflow/example_dags/example_time_delta_sensor_async.py for tasks to queue
[2025-01-26T11:10:11.442-0300] {logging_mixin.py:190} INFO - [2025-01-26T11:10:11.441-0300] {dagbag.py:588} INFO - Filling up the DagBag from /mnt/c/Users/ander/Desktop/airflow-spark/airflow-spark/curso2/ambientX/lib/python3.9/site-packages/airflow/example_dags/example_time_delta_sensor_async.py
[2025-01-26T11:10:11.464-0300] {processor.py:925} INFO - DAG(s) 'example_time_delta_sensor_async' retrieved from /mnt/c/Users/ander/Desktop/airflow-spark/airflow-spark/curso2/ambientX/lib/python3.9/site-packages/airflow/example_dags/example_time_delta_sensor_async.py
[2025-01-26T11:10:11.501-0300] {logging_mixin.py:190} INFO - [2025-01-26T11:10:11.501-0300] {dag.py:3239} INFO - Sync 1 DAGs
[2025-01-26T11:10:11.522-0300] {logging_mixin.py:190} INFO - [2025-01-26T11:10:11.521-0300] {dag.py:4180} INFO - Setting next_dagrun for example_time_delta_sensor_async to None, run_after=None
[2025-01-26T11:10:11.610-0300] {processor.py:208} INFO - Processing /mnt/c/Users/ander/Desktop/airflow-spark/airflow-spark/curso2/ambientX/lib/python3.9/site-packages/airflow/example_dags/example_time_delta_sensor_async.py took 0.190 seconds
[2025-01-26T11:11:12.402-0300] {processor.py:186} INFO - Started process (PID=17062) to work on /mnt/c/Users/ander/Desktop/airflow-spark/airflow-spark/curso2/ambientX/lib/python3.9/site-packages/airflow/example_dags/example_time_delta_sensor_async.py
[2025-01-26T11:11:12.424-0300] {processor.py:914} INFO - Processing file /mnt/c/Users/ander/Desktop/airflow-spark/airflow-spark/curso2/ambientX/lib/python3.9/site-packages/airflow/example_dags/example_time_delta_sensor_async.py for tasks to queue
[2025-01-26T11:11:12.426-0300] {logging_mixin.py:190} INFO - [2025-01-26T11:11:12.426-0300] {dagbag.py:588} INFO - Filling up the DagBag from /mnt/c/Users/ander/Desktop/airflow-spark/airflow-spark/curso2/ambientX/lib/python3.9/site-packages/airflow/example_dags/example_time_delta_sensor_async.py
[2025-01-26T11:11:12.456-0300] {processor.py:925} INFO - DAG(s) 'example_time_delta_sensor_async' retrieved from /mnt/c/Users/ander/Desktop/airflow-spark/airflow-spark/curso2/ambientX/lib/python3.9/site-packages/airflow/example_dags/example_time_delta_sensor_async.py
[2025-01-26T11:11:12.509-0300] {logging_mixin.py:190} INFO - [2025-01-26T11:11:12.509-0300] {dag.py:3239} INFO - Sync 1 DAGs
[2025-01-26T11:11:12.529-0300] {logging_mixin.py:190} INFO - [2025-01-26T11:11:12.529-0300] {dag.py:4180} INFO - Setting next_dagrun for example_time_delta_sensor_async to None, run_after=None
[2025-01-26T11:11:12.632-0300] {processor.py:208} INFO - Processing /mnt/c/Users/ander/Desktop/airflow-spark/airflow-spark/curso2/ambientX/lib/python3.9/site-packages/airflow/example_dags/example_time_delta_sensor_async.py took 0.249 seconds
[2025-01-26T11:12:44.339-0300] {processor.py:186} INFO - Started process (PID=17383) to work on /mnt/c/Users/ander/Desktop/airflow-spark/airflow-spark/curso2/ambientX/lib/python3.9/site-packages/airflow/example_dags/example_time_delta_sensor_async.py
[2025-01-26T11:12:44.340-0300] {processor.py:914} INFO - Processing file /mnt/c/Users/ander/Desktop/airflow-spark/airflow-spark/curso2/ambientX/lib/python3.9/site-packages/airflow/example_dags/example_time_delta_sensor_async.py for tasks to queue
[2025-01-26T11:12:44.342-0300] {logging_mixin.py:190} INFO - [2025-01-26T11:12:44.342-0300] {dagbag.py:588} INFO - Filling up the DagBag from /mnt/c/Users/ander/Desktop/airflow-spark/airflow-spark/curso2/ambientX/lib/python3.9/site-packages/airflow/example_dags/example_time_delta_sensor_async.py
[2025-01-26T11:12:44.366-0300] {processor.py:925} INFO - DAG(s) 'example_time_delta_sensor_async' retrieved from /mnt/c/Users/ander/Desktop/airflow-spark/airflow-spark/curso2/ambientX/lib/python3.9/site-packages/airflow/example_dags/example_time_delta_sensor_async.py
[2025-01-26T11:12:44.404-0300] {logging_mixin.py:190} INFO - [2025-01-26T11:12:44.404-0300] {dag.py:3239} INFO - Sync 1 DAGs
[2025-01-26T11:12:44.424-0300] {logging_mixin.py:190} INFO - [2025-01-26T11:12:44.423-0300] {dag.py:4180} INFO - Setting next_dagrun for example_time_delta_sensor_async to None, run_after=None
[2025-01-26T11:12:44.920-0300] {processor.py:208} INFO - Processing /mnt/c/Users/ander/Desktop/airflow-spark/airflow-spark/curso2/ambientX/lib/python3.9/site-packages/airflow/example_dags/example_time_delta_sensor_async.py took 0.598 seconds
[2025-01-26T11:14:36.960-0300] {processor.py:186} INFO - Started process (PID=17949) to work on /mnt/c/Users/ander/Desktop/airflow-spark/airflow-spark/curso2/ambientX/lib/python3.9/site-packages/airflow/example_dags/example_time_delta_sensor_async.py
[2025-01-26T11:14:36.961-0300] {processor.py:914} INFO - Processing file /mnt/c/Users/ander/Desktop/airflow-spark/airflow-spark/curso2/ambientX/lib/python3.9/site-packages/airflow/example_dags/example_time_delta_sensor_async.py for tasks to queue
[2025-01-26T11:14:36.963-0300] {logging_mixin.py:190} INFO - [2025-01-26T11:14:36.963-0300] {dagbag.py:588} INFO - Filling up the DagBag from /mnt/c/Users/ander/Desktop/airflow-spark/airflow-spark/curso2/ambientX/lib/python3.9/site-packages/airflow/example_dags/example_time_delta_sensor_async.py
[2025-01-26T11:14:36.989-0300] {processor.py:925} INFO - DAG(s) 'example_time_delta_sensor_async' retrieved from /mnt/c/Users/ander/Desktop/airflow-spark/airflow-spark/curso2/ambientX/lib/python3.9/site-packages/airflow/example_dags/example_time_delta_sensor_async.py
[2025-01-26T11:14:37.029-0300] {logging_mixin.py:190} INFO - [2025-01-26T11:14:37.029-0300] {dag.py:3239} INFO - Sync 1 DAGs
[2025-01-26T11:14:37.050-0300] {logging_mixin.py:190} INFO - [2025-01-26T11:14:37.050-0300] {dag.py:4180} INFO - Setting next_dagrun for example_time_delta_sensor_async to None, run_after=None
[2025-01-26T11:14:37.659-0300] {processor.py:208} INFO - Processing /mnt/c/Users/ander/Desktop/airflow-spark/airflow-spark/curso2/ambientX/lib/python3.9/site-packages/airflow/example_dags/example_time_delta_sensor_async.py took 0.718 seconds
[2025-01-26T11:16:31.210-0300] {processor.py:186} INFO - Started process (PID=18528) to work on /mnt/c/Users/ander/Desktop/airflow-spark/airflow-spark/curso2/ambientX/lib/python3.9/site-packages/airflow/example_dags/example_time_delta_sensor_async.py
[2025-01-26T11:16:31.211-0300] {processor.py:914} INFO - Processing file /mnt/c/Users/ander/Desktop/airflow-spark/airflow-spark/curso2/ambientX/lib/python3.9/site-packages/airflow/example_dags/example_time_delta_sensor_async.py for tasks to queue
[2025-01-26T11:16:31.214-0300] {logging_mixin.py:190} INFO - [2025-01-26T11:16:31.214-0300] {dagbag.py:588} INFO - Filling up the DagBag from /mnt/c/Users/ander/Desktop/airflow-spark/airflow-spark/curso2/ambientX/lib/python3.9/site-packages/airflow/example_dags/example_time_delta_sensor_async.py
[2025-01-26T11:16:31.237-0300] {processor.py:925} INFO - DAG(s) 'example_time_delta_sensor_async' retrieved from /mnt/c/Users/ander/Desktop/airflow-spark/airflow-spark/curso2/ambientX/lib/python3.9/site-packages/airflow/example_dags/example_time_delta_sensor_async.py
[2025-01-26T11:16:31.271-0300] {logging_mixin.py:190} INFO - [2025-01-26T11:16:31.271-0300] {dag.py:3239} INFO - Sync 1 DAGs
[2025-01-26T11:16:31.296-0300] {logging_mixin.py:190} INFO - [2025-01-26T11:16:31.296-0300] {dag.py:4180} INFO - Setting next_dagrun for example_time_delta_sensor_async to None, run_after=None
[2025-01-26T11:16:32.003-0300] {processor.py:208} INFO - Processing /mnt/c/Users/ander/Desktop/airflow-spark/airflow-spark/curso2/ambientX/lib/python3.9/site-packages/airflow/example_dags/example_time_delta_sensor_async.py took 0.812 seconds
[2025-01-26T11:18:10.285-0300] {processor.py:186} INFO - Started process (PID=19007) to work on /mnt/c/Users/ander/Desktop/airflow-spark/airflow-spark/curso2/ambientX/lib/python3.9/site-packages/airflow/example_dags/example_time_delta_sensor_async.py
[2025-01-26T11:18:10.287-0300] {processor.py:914} INFO - Processing file /mnt/c/Users/ander/Desktop/airflow-spark/airflow-spark/curso2/ambientX/lib/python3.9/site-packages/airflow/example_dags/example_time_delta_sensor_async.py for tasks to queue
[2025-01-26T11:18:10.289-0300] {logging_mixin.py:190} INFO - [2025-01-26T11:18:10.288-0300] {dagbag.py:588} INFO - Filling up the DagBag from /mnt/c/Users/ander/Desktop/airflow-spark/airflow-spark/curso2/ambientX/lib/python3.9/site-packages/airflow/example_dags/example_time_delta_sensor_async.py
[2025-01-26T11:18:10.316-0300] {processor.py:925} INFO - DAG(s) 'example_time_delta_sensor_async' retrieved from /mnt/c/Users/ander/Desktop/airflow-spark/airflow-spark/curso2/ambientX/lib/python3.9/site-packages/airflow/example_dags/example_time_delta_sensor_async.py
[2025-01-26T11:18:10.365-0300] {logging_mixin.py:190} INFO - [2025-01-26T11:18:10.364-0300] {dag.py:3239} INFO - Sync 1 DAGs
[2025-01-26T11:18:10.388-0300] {logging_mixin.py:190} INFO - [2025-01-26T11:18:10.388-0300] {dag.py:4180} INFO - Setting next_dagrun for example_time_delta_sensor_async to None, run_after=None
[2025-01-26T11:18:10.458-0300] {processor.py:208} INFO - Processing /mnt/c/Users/ander/Desktop/airflow-spark/airflow-spark/curso2/ambientX/lib/python3.9/site-packages/airflow/example_dags/example_time_delta_sensor_async.py took 0.191 seconds
[2025-01-26T11:19:43.392-0300] {processor.py:186} INFO - Started process (PID=19402) to work on /mnt/c/Users/ander/Desktop/airflow-spark/airflow-spark/curso2/ambientX/lib/python3.9/site-packages/airflow/example_dags/example_time_delta_sensor_async.py
[2025-01-26T11:19:43.394-0300] {processor.py:914} INFO - Processing file /mnt/c/Users/ander/Desktop/airflow-spark/airflow-spark/curso2/ambientX/lib/python3.9/site-packages/airflow/example_dags/example_time_delta_sensor_async.py for tasks to queue
[2025-01-26T11:19:43.396-0300] {logging_mixin.py:190} INFO - [2025-01-26T11:19:43.395-0300] {dagbag.py:588} INFO - Filling up the DagBag from /mnt/c/Users/ander/Desktop/airflow-spark/airflow-spark/curso2/ambientX/lib/python3.9/site-packages/airflow/example_dags/example_time_delta_sensor_async.py
[2025-01-26T11:19:43.419-0300] {processor.py:925} INFO - DAG(s) 'example_time_delta_sensor_async' retrieved from /mnt/c/Users/ander/Desktop/airflow-spark/airflow-spark/curso2/ambientX/lib/python3.9/site-packages/airflow/example_dags/example_time_delta_sensor_async.py
[2025-01-26T11:19:43.460-0300] {logging_mixin.py:190} INFO - [2025-01-26T11:19:43.459-0300] {dag.py:3239} INFO - Sync 1 DAGs
[2025-01-26T11:19:43.491-0300] {logging_mixin.py:190} INFO - [2025-01-26T11:19:43.491-0300] {dag.py:4180} INFO - Setting next_dagrun for example_time_delta_sensor_async to None, run_after=None
[2025-01-26T11:19:43.625-0300] {processor.py:208} INFO - Processing /mnt/c/Users/ander/Desktop/airflow-spark/airflow-spark/curso2/ambientX/lib/python3.9/site-packages/airflow/example_dags/example_time_delta_sensor_async.py took 0.251 seconds
[2025-01-26T11:21:44.289-0300] {processor.py:186} INFO - Started process (PID=19874) to work on /mnt/c/Users/ander/Desktop/airflow-spark/airflow-spark/curso2/ambientX/lib/python3.9/site-packages/airflow/example_dags/example_time_delta_sensor_async.py
[2025-01-26T11:21:44.290-0300] {processor.py:914} INFO - Processing file /mnt/c/Users/ander/Desktop/airflow-spark/airflow-spark/curso2/ambientX/lib/python3.9/site-packages/airflow/example_dags/example_time_delta_sensor_async.py for tasks to queue
[2025-01-26T11:21:44.292-0300] {logging_mixin.py:190} INFO - [2025-01-26T11:21:44.292-0300] {dagbag.py:588} INFO - Filling up the DagBag from /mnt/c/Users/ander/Desktop/airflow-spark/airflow-spark/curso2/ambientX/lib/python3.9/site-packages/airflow/example_dags/example_time_delta_sensor_async.py
[2025-01-26T11:21:44.313-0300] {processor.py:925} INFO - DAG(s) 'example_time_delta_sensor_async' retrieved from /mnt/c/Users/ander/Desktop/airflow-spark/airflow-spark/curso2/ambientX/lib/python3.9/site-packages/airflow/example_dags/example_time_delta_sensor_async.py
[2025-01-26T11:21:44.350-0300] {logging_mixin.py:190} INFO - [2025-01-26T11:21:44.350-0300] {dag.py:3239} INFO - Sync 1 DAGs
[2025-01-26T11:21:44.370-0300] {logging_mixin.py:190} INFO - [2025-01-26T11:21:44.370-0300] {dag.py:4180} INFO - Setting next_dagrun for example_time_delta_sensor_async to None, run_after=None
[2025-01-26T11:21:44.741-0300] {processor.py:208} INFO - Processing /mnt/c/Users/ander/Desktop/airflow-spark/airflow-spark/curso2/ambientX/lib/python3.9/site-packages/airflow/example_dags/example_time_delta_sensor_async.py took 0.469 seconds
[2025-01-26T11:23:26.416-0300] {processor.py:186} INFO - Started process (PID=20303) to work on /mnt/c/Users/ander/Desktop/airflow-spark/airflow-spark/curso2/ambientX/lib/python3.9/site-packages/airflow/example_dags/example_time_delta_sensor_async.py
[2025-01-26T11:23:26.417-0300] {processor.py:914} INFO - Processing file /mnt/c/Users/ander/Desktop/airflow-spark/airflow-spark/curso2/ambientX/lib/python3.9/site-packages/airflow/example_dags/example_time_delta_sensor_async.py for tasks to queue
[2025-01-26T11:23:26.419-0300] {logging_mixin.py:190} INFO - [2025-01-26T11:23:26.419-0300] {dagbag.py:588} INFO - Filling up the DagBag from /mnt/c/Users/ander/Desktop/airflow-spark/airflow-spark/curso2/ambientX/lib/python3.9/site-packages/airflow/example_dags/example_time_delta_sensor_async.py
[2025-01-26T11:23:26.449-0300] {processor.py:925} INFO - DAG(s) 'example_time_delta_sensor_async' retrieved from /mnt/c/Users/ander/Desktop/airflow-spark/airflow-spark/curso2/ambientX/lib/python3.9/site-packages/airflow/example_dags/example_time_delta_sensor_async.py
[2025-01-26T11:23:26.491-0300] {logging_mixin.py:190} INFO - [2025-01-26T11:23:26.491-0300] {dag.py:3239} INFO - Sync 1 DAGs
[2025-01-26T11:23:26.512-0300] {logging_mixin.py:190} INFO - [2025-01-26T11:23:26.512-0300] {dag.py:4180} INFO - Setting next_dagrun for example_time_delta_sensor_async to None, run_after=None
[2025-01-26T11:23:26.590-0300] {processor.py:208} INFO - Processing /mnt/c/Users/ander/Desktop/airflow-spark/airflow-spark/curso2/ambientX/lib/python3.9/site-packages/airflow/example_dags/example_time_delta_sensor_async.py took 0.193 seconds
[2025-01-26T11:24:39.665-0300] {processor.py:186} INFO - Started process (PID=20653) to work on /mnt/c/Users/ander/Desktop/airflow-spark/airflow-spark/curso2/ambientX/lib/python3.9/site-packages/airflow/example_dags/example_time_delta_sensor_async.py
[2025-01-26T11:24:39.666-0300] {processor.py:914} INFO - Processing file /mnt/c/Users/ander/Desktop/airflow-spark/airflow-spark/curso2/ambientX/lib/python3.9/site-packages/airflow/example_dags/example_time_delta_sensor_async.py for tasks to queue
[2025-01-26T11:24:39.669-0300] {logging_mixin.py:190} INFO - [2025-01-26T11:24:39.669-0300] {dagbag.py:588} INFO - Filling up the DagBag from /mnt/c/Users/ander/Desktop/airflow-spark/airflow-spark/curso2/ambientX/lib/python3.9/site-packages/airflow/example_dags/example_time_delta_sensor_async.py
[2025-01-26T11:24:39.694-0300] {processor.py:925} INFO - DAG(s) 'example_time_delta_sensor_async' retrieved from /mnt/c/Users/ander/Desktop/airflow-spark/airflow-spark/curso2/ambientX/lib/python3.9/site-packages/airflow/example_dags/example_time_delta_sensor_async.py
[2025-01-26T11:24:39.732-0300] {logging_mixin.py:190} INFO - [2025-01-26T11:24:39.732-0300] {dag.py:3239} INFO - Sync 1 DAGs
[2025-01-26T11:24:39.752-0300] {logging_mixin.py:190} INFO - [2025-01-26T11:24:39.752-0300] {dag.py:4180} INFO - Setting next_dagrun for example_time_delta_sensor_async to None, run_after=None
[2025-01-26T11:24:39.826-0300] {processor.py:208} INFO - Processing /mnt/c/Users/ander/Desktop/airflow-spark/airflow-spark/curso2/ambientX/lib/python3.9/site-packages/airflow/example_dags/example_time_delta_sensor_async.py took 0.179 seconds
[2025-01-26T11:25:59.333-0300] {processor.py:186} INFO - Started process (PID=21080) to work on /mnt/c/Users/ander/Desktop/airflow-spark/airflow-spark/curso2/ambientX/lib/python3.9/site-packages/airflow/example_dags/example_time_delta_sensor_async.py
[2025-01-26T11:25:59.335-0300] {processor.py:914} INFO - Processing file /mnt/c/Users/ander/Desktop/airflow-spark/airflow-spark/curso2/ambientX/lib/python3.9/site-packages/airflow/example_dags/example_time_delta_sensor_async.py for tasks to queue
[2025-01-26T11:25:59.337-0300] {logging_mixin.py:190} INFO - [2025-01-26T11:25:59.336-0300] {dagbag.py:588} INFO - Filling up the DagBag from /mnt/c/Users/ander/Desktop/airflow-spark/airflow-spark/curso2/ambientX/lib/python3.9/site-packages/airflow/example_dags/example_time_delta_sensor_async.py
[2025-01-26T11:25:59.359-0300] {processor.py:925} INFO - DAG(s) 'example_time_delta_sensor_async' retrieved from /mnt/c/Users/ander/Desktop/airflow-spark/airflow-spark/curso2/ambientX/lib/python3.9/site-packages/airflow/example_dags/example_time_delta_sensor_async.py
[2025-01-26T11:25:59.396-0300] {logging_mixin.py:190} INFO - [2025-01-26T11:25:59.395-0300] {dag.py:3239} INFO - Sync 1 DAGs
[2025-01-26T11:25:59.416-0300] {logging_mixin.py:190} INFO - [2025-01-26T11:25:59.415-0300] {dag.py:4180} INFO - Setting next_dagrun for example_time_delta_sensor_async to None, run_after=None
[2025-01-26T11:25:59.495-0300] {processor.py:208} INFO - Processing /mnt/c/Users/ander/Desktop/airflow-spark/airflow-spark/curso2/ambientX/lib/python3.9/site-packages/airflow/example_dags/example_time_delta_sensor_async.py took 0.178 seconds
[2025-01-26T11:27:09.716-0300] {processor.py:186} INFO - Started process (PID=21486) to work on /mnt/c/Users/ander/Desktop/airflow-spark/airflow-spark/curso2/ambientX/lib/python3.9/site-packages/airflow/example_dags/example_time_delta_sensor_async.py
[2025-01-26T11:27:09.717-0300] {processor.py:914} INFO - Processing file /mnt/c/Users/ander/Desktop/airflow-spark/airflow-spark/curso2/ambientX/lib/python3.9/site-packages/airflow/example_dags/example_time_delta_sensor_async.py for tasks to queue
[2025-01-26T11:27:09.719-0300] {logging_mixin.py:190} INFO - [2025-01-26T11:27:09.719-0300] {dagbag.py:588} INFO - Filling up the DagBag from /mnt/c/Users/ander/Desktop/airflow-spark/airflow-spark/curso2/ambientX/lib/python3.9/site-packages/airflow/example_dags/example_time_delta_sensor_async.py
[2025-01-26T11:27:09.742-0300] {processor.py:925} INFO - DAG(s) 'example_time_delta_sensor_async' retrieved from /mnt/c/Users/ander/Desktop/airflow-spark/airflow-spark/curso2/ambientX/lib/python3.9/site-packages/airflow/example_dags/example_time_delta_sensor_async.py
[2025-01-26T11:27:09.780-0300] {logging_mixin.py:190} INFO - [2025-01-26T11:27:09.779-0300] {dag.py:3239} INFO - Sync 1 DAGs
[2025-01-26T11:27:09.801-0300] {logging_mixin.py:190} INFO - [2025-01-26T11:27:09.801-0300] {dag.py:4180} INFO - Setting next_dagrun for example_time_delta_sensor_async to None, run_after=None
[2025-01-26T11:27:09.870-0300] {processor.py:208} INFO - Processing /mnt/c/Users/ander/Desktop/airflow-spark/airflow-spark/curso2/ambientX/lib/python3.9/site-packages/airflow/example_dags/example_time_delta_sensor_async.py took 0.170 seconds
[2025-01-26T11:28:15.334-0300] {processor.py:186} INFO - Started process (PID=21822) to work on /mnt/c/Users/ander/Desktop/airflow-spark/airflow-spark/curso2/ambientX/lib/python3.9/site-packages/airflow/example_dags/example_time_delta_sensor_async.py
[2025-01-26T11:28:15.336-0300] {processor.py:914} INFO - Processing file /mnt/c/Users/ander/Desktop/airflow-spark/airflow-spark/curso2/ambientX/lib/python3.9/site-packages/airflow/example_dags/example_time_delta_sensor_async.py for tasks to queue
[2025-01-26T11:28:15.338-0300] {logging_mixin.py:190} INFO - [2025-01-26T11:28:15.338-0300] {dagbag.py:588} INFO - Filling up the DagBag from /mnt/c/Users/ander/Desktop/airflow-spark/airflow-spark/curso2/ambientX/lib/python3.9/site-packages/airflow/example_dags/example_time_delta_sensor_async.py
[2025-01-26T11:28:15.363-0300] {processor.py:925} INFO - DAG(s) 'example_time_delta_sensor_async' retrieved from /mnt/c/Users/ander/Desktop/airflow-spark/airflow-spark/curso2/ambientX/lib/python3.9/site-packages/airflow/example_dags/example_time_delta_sensor_async.py
[2025-01-26T11:28:15.401-0300] {logging_mixin.py:190} INFO - [2025-01-26T11:28:15.401-0300] {dag.py:3239} INFO - Sync 1 DAGs
[2025-01-26T11:28:15.423-0300] {logging_mixin.py:190} INFO - [2025-01-26T11:28:15.423-0300] {dag.py:4180} INFO - Setting next_dagrun for example_time_delta_sensor_async to None, run_after=None
[2025-01-26T11:28:15.490-0300] {processor.py:208} INFO - Processing /mnt/c/Users/ander/Desktop/airflow-spark/airflow-spark/curso2/ambientX/lib/python3.9/site-packages/airflow/example_dags/example_time_delta_sensor_async.py took 0.172 seconds
[2025-01-26T11:29:36.729-0300] {processor.py:186} INFO - Started process (PID=22130) to work on /mnt/c/Users/ander/Desktop/airflow-spark/airflow-spark/curso2/ambientX/lib/python3.9/site-packages/airflow/example_dags/example_time_delta_sensor_async.py
[2025-01-26T11:29:36.730-0300] {processor.py:914} INFO - Processing file /mnt/c/Users/ander/Desktop/airflow-spark/airflow-spark/curso2/ambientX/lib/python3.9/site-packages/airflow/example_dags/example_time_delta_sensor_async.py for tasks to queue
[2025-01-26T11:29:36.732-0300] {logging_mixin.py:190} INFO - [2025-01-26T11:29:36.732-0300] {dagbag.py:588} INFO - Filling up the DagBag from /mnt/c/Users/ander/Desktop/airflow-spark/airflow-spark/curso2/ambientX/lib/python3.9/site-packages/airflow/example_dags/example_time_delta_sensor_async.py
[2025-01-26T11:29:36.757-0300] {processor.py:925} INFO - DAG(s) 'example_time_delta_sensor_async' retrieved from /mnt/c/Users/ander/Desktop/airflow-spark/airflow-spark/curso2/ambientX/lib/python3.9/site-packages/airflow/example_dags/example_time_delta_sensor_async.py
[2025-01-26T11:29:36.802-0300] {logging_mixin.py:190} INFO - [2025-01-26T11:29:36.802-0300] {dag.py:3239} INFO - Sync 1 DAGs
[2025-01-26T11:29:36.823-0300] {logging_mixin.py:190} INFO - [2025-01-26T11:29:36.823-0300] {dag.py:4180} INFO - Setting next_dagrun for example_time_delta_sensor_async to None, run_after=None
[2025-01-26T11:29:37.478-0300] {processor.py:208} INFO - Processing /mnt/c/Users/ander/Desktop/airflow-spark/airflow-spark/curso2/ambientX/lib/python3.9/site-packages/airflow/example_dags/example_time_delta_sensor_async.py took 0.767 seconds
[2025-01-26T11:31:00.023-0300] {processor.py:186} INFO - Started process (PID=22624) to work on /mnt/c/Users/ander/Desktop/airflow-spark/airflow-spark/curso2/ambientX/lib/python3.9/site-packages/airflow/example_dags/example_time_delta_sensor_async.py
[2025-01-26T11:31:00.024-0300] {processor.py:914} INFO - Processing file /mnt/c/Users/ander/Desktop/airflow-spark/airflow-spark/curso2/ambientX/lib/python3.9/site-packages/airflow/example_dags/example_time_delta_sensor_async.py for tasks to queue
[2025-01-26T11:31:00.026-0300] {logging_mixin.py:190} INFO - [2025-01-26T11:31:00.026-0300] {dagbag.py:588} INFO - Filling up the DagBag from /mnt/c/Users/ander/Desktop/airflow-spark/airflow-spark/curso2/ambientX/lib/python3.9/site-packages/airflow/example_dags/example_time_delta_sensor_async.py
[2025-01-26T11:31:00.055-0300] {processor.py:925} INFO - DAG(s) 'example_time_delta_sensor_async' retrieved from /mnt/c/Users/ander/Desktop/airflow-spark/airflow-spark/curso2/ambientX/lib/python3.9/site-packages/airflow/example_dags/example_time_delta_sensor_async.py
[2025-01-26T11:31:00.095-0300] {logging_mixin.py:190} INFO - [2025-01-26T11:31:00.095-0300] {dag.py:3239} INFO - Sync 1 DAGs
[2025-01-26T11:31:00.116-0300] {logging_mixin.py:190} INFO - [2025-01-26T11:31:00.116-0300] {dag.py:4180} INFO - Setting next_dagrun for example_time_delta_sensor_async to None, run_after=None
[2025-01-26T11:31:01.197-0300] {processor.py:208} INFO - Processing /mnt/c/Users/ander/Desktop/airflow-spark/airflow-spark/curso2/ambientX/lib/python3.9/site-packages/airflow/example_dags/example_time_delta_sensor_async.py took 1.189 seconds
[2025-01-26T11:32:36.761-0300] {processor.py:186} INFO - Started process (PID=23036) to work on /mnt/c/Users/ander/Desktop/airflow-spark/airflow-spark/curso2/ambientX/lib/python3.9/site-packages/airflow/example_dags/example_time_delta_sensor_async.py
[2025-01-26T11:32:36.763-0300] {processor.py:914} INFO - Processing file /mnt/c/Users/ander/Desktop/airflow-spark/airflow-spark/curso2/ambientX/lib/python3.9/site-packages/airflow/example_dags/example_time_delta_sensor_async.py for tasks to queue
[2025-01-26T11:32:36.765-0300] {logging_mixin.py:190} INFO - [2025-01-26T11:32:36.764-0300] {dagbag.py:588} INFO - Filling up the DagBag from /mnt/c/Users/ander/Desktop/airflow-spark/airflow-spark/curso2/ambientX/lib/python3.9/site-packages/airflow/example_dags/example_time_delta_sensor_async.py
[2025-01-26T11:32:36.789-0300] {processor.py:925} INFO - DAG(s) 'example_time_delta_sensor_async' retrieved from /mnt/c/Users/ander/Desktop/airflow-spark/airflow-spark/curso2/ambientX/lib/python3.9/site-packages/airflow/example_dags/example_time_delta_sensor_async.py
[2025-01-26T11:32:36.828-0300] {logging_mixin.py:190} INFO - [2025-01-26T11:32:36.827-0300] {dag.py:3239} INFO - Sync 1 DAGs
[2025-01-26T11:32:36.848-0300] {logging_mixin.py:190} INFO - [2025-01-26T11:32:36.848-0300] {dag.py:4180} INFO - Setting next_dagrun for example_time_delta_sensor_async to None, run_after=None
[2025-01-26T11:32:37.201-0300] {processor.py:208} INFO - Processing /mnt/c/Users/ander/Desktop/airflow-spark/airflow-spark/curso2/ambientX/lib/python3.9/site-packages/airflow/example_dags/example_time_delta_sensor_async.py took 0.457 seconds
[2025-01-26T11:33:49.530-0300] {processor.py:186} INFO - Started process (PID=23392) to work on /mnt/c/Users/ander/Desktop/airflow-spark/airflow-spark/curso2/ambientX/lib/python3.9/site-packages/airflow/example_dags/example_time_delta_sensor_async.py
[2025-01-26T11:33:49.532-0300] {processor.py:914} INFO - Processing file /mnt/c/Users/ander/Desktop/airflow-spark/airflow-spark/curso2/ambientX/lib/python3.9/site-packages/airflow/example_dags/example_time_delta_sensor_async.py for tasks to queue
[2025-01-26T11:33:49.534-0300] {logging_mixin.py:190} INFO - [2025-01-26T11:33:49.533-0300] {dagbag.py:588} INFO - Filling up the DagBag from /mnt/c/Users/ander/Desktop/airflow-spark/airflow-spark/curso2/ambientX/lib/python3.9/site-packages/airflow/example_dags/example_time_delta_sensor_async.py
[2025-01-26T11:33:49.560-0300] {processor.py:925} INFO - DAG(s) 'example_time_delta_sensor_async' retrieved from /mnt/c/Users/ander/Desktop/airflow-spark/airflow-spark/curso2/ambientX/lib/python3.9/site-packages/airflow/example_dags/example_time_delta_sensor_async.py
[2025-01-26T11:33:49.599-0300] {logging_mixin.py:190} INFO - [2025-01-26T11:33:49.599-0300] {dag.py:3239} INFO - Sync 1 DAGs
[2025-01-26T11:33:49.619-0300] {logging_mixin.py:190} INFO - [2025-01-26T11:33:49.619-0300] {dag.py:4180} INFO - Setting next_dagrun for example_time_delta_sensor_async to None, run_after=None
[2025-01-26T11:33:49.694-0300] {processor.py:208} INFO - Processing /mnt/c/Users/ander/Desktop/airflow-spark/airflow-spark/curso2/ambientX/lib/python3.9/site-packages/airflow/example_dags/example_time_delta_sensor_async.py took 0.183 seconds
[2025-01-26T11:34:48.220-0300] {processor.py:186} INFO - Started process (PID=23638) to work on /mnt/c/Users/ander/Desktop/airflow-spark/airflow-spark/curso2/ambientX/lib/python3.9/site-packages/airflow/example_dags/example_time_delta_sensor_async.py
[2025-01-26T11:34:48.221-0300] {processor.py:914} INFO - Processing file /mnt/c/Users/ander/Desktop/airflow-spark/airflow-spark/curso2/ambientX/lib/python3.9/site-packages/airflow/example_dags/example_time_delta_sensor_async.py for tasks to queue
[2025-01-26T11:34:48.223-0300] {logging_mixin.py:190} INFO - [2025-01-26T11:34:48.223-0300] {dagbag.py:588} INFO - Filling up the DagBag from /mnt/c/Users/ander/Desktop/airflow-spark/airflow-spark/curso2/ambientX/lib/python3.9/site-packages/airflow/example_dags/example_time_delta_sensor_async.py
[2025-01-26T11:34:48.244-0300] {processor.py:925} INFO - DAG(s) 'example_time_delta_sensor_async' retrieved from /mnt/c/Users/ander/Desktop/airflow-spark/airflow-spark/curso2/ambientX/lib/python3.9/site-packages/airflow/example_dags/example_time_delta_sensor_async.py
[2025-01-26T11:34:48.281-0300] {logging_mixin.py:190} INFO - [2025-01-26T11:34:48.281-0300] {dag.py:3239} INFO - Sync 1 DAGs
[2025-01-26T11:34:48.301-0300] {logging_mixin.py:190} INFO - [2025-01-26T11:34:48.300-0300] {dag.py:4180} INFO - Setting next_dagrun for example_time_delta_sensor_async to None, run_after=None
[2025-01-26T11:34:48.358-0300] {processor.py:208} INFO - Processing /mnt/c/Users/ander/Desktop/airflow-spark/airflow-spark/curso2/ambientX/lib/python3.9/site-packages/airflow/example_dags/example_time_delta_sensor_async.py took 0.155 seconds
[2025-01-26T11:36:25.651-0300] {processor.py:186} INFO - Started process (PID=24204) to work on /mnt/c/Users/ander/Desktop/airflow-spark/airflow-spark/curso2/ambientX/lib/python3.9/site-packages/airflow/example_dags/example_time_delta_sensor_async.py
[2025-01-26T11:36:25.652-0300] {processor.py:914} INFO - Processing file /mnt/c/Users/ander/Desktop/airflow-spark/airflow-spark/curso2/ambientX/lib/python3.9/site-packages/airflow/example_dags/example_time_delta_sensor_async.py for tasks to queue
[2025-01-26T11:36:25.654-0300] {logging_mixin.py:190} INFO - [2025-01-26T11:36:25.654-0300] {dagbag.py:588} INFO - Filling up the DagBag from /mnt/c/Users/ander/Desktop/airflow-spark/airflow-spark/curso2/ambientX/lib/python3.9/site-packages/airflow/example_dags/example_time_delta_sensor_async.py
[2025-01-26T11:36:25.680-0300] {processor.py:925} INFO - DAG(s) 'example_time_delta_sensor_async' retrieved from /mnt/c/Users/ander/Desktop/airflow-spark/airflow-spark/curso2/ambientX/lib/python3.9/site-packages/airflow/example_dags/example_time_delta_sensor_async.py
[2025-01-26T11:36:25.720-0300] {logging_mixin.py:190} INFO - [2025-01-26T11:36:25.719-0300] {dag.py:3239} INFO - Sync 1 DAGs
[2025-01-26T11:36:25.740-0300] {logging_mixin.py:190} INFO - [2025-01-26T11:36:25.740-0300] {dag.py:4180} INFO - Setting next_dagrun for example_time_delta_sensor_async to None, run_after=None
[2025-01-26T11:36:25.816-0300] {processor.py:208} INFO - Processing /mnt/c/Users/ander/Desktop/airflow-spark/airflow-spark/curso2/ambientX/lib/python3.9/site-packages/airflow/example_dags/example_time_delta_sensor_async.py took 0.183 seconds
[2025-01-26T11:38:08.503-0300] {processor.py:186} INFO - Started process (PID=24663) to work on /mnt/c/Users/ander/Desktop/airflow-spark/airflow-spark/curso2/ambientX/lib/python3.9/site-packages/airflow/example_dags/example_time_delta_sensor_async.py
[2025-01-26T11:38:08.505-0300] {processor.py:914} INFO - Processing file /mnt/c/Users/ander/Desktop/airflow-spark/airflow-spark/curso2/ambientX/lib/python3.9/site-packages/airflow/example_dags/example_time_delta_sensor_async.py for tasks to queue
[2025-01-26T11:38:08.507-0300] {logging_mixin.py:190} INFO - [2025-01-26T11:38:08.506-0300] {dagbag.py:588} INFO - Filling up the DagBag from /mnt/c/Users/ander/Desktop/airflow-spark/airflow-spark/curso2/ambientX/lib/python3.9/site-packages/airflow/example_dags/example_time_delta_sensor_async.py
[2025-01-26T11:38:08.530-0300] {processor.py:925} INFO - DAG(s) 'example_time_delta_sensor_async' retrieved from /mnt/c/Users/ander/Desktop/airflow-spark/airflow-spark/curso2/ambientX/lib/python3.9/site-packages/airflow/example_dags/example_time_delta_sensor_async.py
[2025-01-26T11:38:08.568-0300] {logging_mixin.py:190} INFO - [2025-01-26T11:38:08.568-0300] {dag.py:3239} INFO - Sync 1 DAGs
[2025-01-26T11:38:08.587-0300] {logging_mixin.py:190} INFO - [2025-01-26T11:38:08.587-0300] {dag.py:4180} INFO - Setting next_dagrun for example_time_delta_sensor_async to None, run_after=None
[2025-01-26T11:38:08.647-0300] {processor.py:208} INFO - Processing /mnt/c/Users/ander/Desktop/airflow-spark/airflow-spark/curso2/ambientX/lib/python3.9/site-packages/airflow/example_dags/example_time_delta_sensor_async.py took 0.161 seconds
[2025-01-26T11:39:48.487-0300] {processor.py:186} INFO - Started process (PID=25109) to work on /mnt/c/Users/ander/Desktop/airflow-spark/airflow-spark/curso2/ambientX/lib/python3.9/site-packages/airflow/example_dags/example_time_delta_sensor_async.py
[2025-01-26T11:39:48.488-0300] {processor.py:914} INFO - Processing file /mnt/c/Users/ander/Desktop/airflow-spark/airflow-spark/curso2/ambientX/lib/python3.9/site-packages/airflow/example_dags/example_time_delta_sensor_async.py for tasks to queue
[2025-01-26T11:39:48.490-0300] {logging_mixin.py:190} INFO - [2025-01-26T11:39:48.489-0300] {dagbag.py:588} INFO - Filling up the DagBag from /mnt/c/Users/ander/Desktop/airflow-spark/airflow-spark/curso2/ambientX/lib/python3.9/site-packages/airflow/example_dags/example_time_delta_sensor_async.py
[2025-01-26T11:39:48.516-0300] {processor.py:925} INFO - DAG(s) 'example_time_delta_sensor_async' retrieved from /mnt/c/Users/ander/Desktop/airflow-spark/airflow-spark/curso2/ambientX/lib/python3.9/site-packages/airflow/example_dags/example_time_delta_sensor_async.py
[2025-01-26T11:39:48.552-0300] {logging_mixin.py:190} INFO - [2025-01-26T11:39:48.552-0300] {dag.py:3239} INFO - Sync 1 DAGs
[2025-01-26T11:39:48.572-0300] {logging_mixin.py:190} INFO - [2025-01-26T11:39:48.572-0300] {dag.py:4180} INFO - Setting next_dagrun for example_time_delta_sensor_async to None, run_after=None
[2025-01-26T11:39:48.635-0300] {processor.py:208} INFO - Processing /mnt/c/Users/ander/Desktop/airflow-spark/airflow-spark/curso2/ambientX/lib/python3.9/site-packages/airflow/example_dags/example_time_delta_sensor_async.py took 0.165 seconds
[2025-01-26T11:41:25.015-0300] {processor.py:186} INFO - Started process (PID=25635) to work on /mnt/c/Users/ander/Desktop/airflow-spark/airflow-spark/curso2/ambientX/lib/python3.9/site-packages/airflow/example_dags/example_time_delta_sensor_async.py
[2025-01-26T11:41:25.016-0300] {processor.py:914} INFO - Processing file /mnt/c/Users/ander/Desktop/airflow-spark/airflow-spark/curso2/ambientX/lib/python3.9/site-packages/airflow/example_dags/example_time_delta_sensor_async.py for tasks to queue
[2025-01-26T11:41:25.019-0300] {logging_mixin.py:190} INFO - [2025-01-26T11:41:25.018-0300] {dagbag.py:588} INFO - Filling up the DagBag from /mnt/c/Users/ander/Desktop/airflow-spark/airflow-spark/curso2/ambientX/lib/python3.9/site-packages/airflow/example_dags/example_time_delta_sensor_async.py
[2025-01-26T11:41:25.040-0300] {processor.py:925} INFO - DAG(s) 'example_time_delta_sensor_async' retrieved from /mnt/c/Users/ander/Desktop/airflow-spark/airflow-spark/curso2/ambientX/lib/python3.9/site-packages/airflow/example_dags/example_time_delta_sensor_async.py
[2025-01-26T11:41:25.073-0300] {logging_mixin.py:190} INFO - [2025-01-26T11:41:25.073-0300] {dag.py:3239} INFO - Sync 1 DAGs
[2025-01-26T11:41:25.092-0300] {logging_mixin.py:190} INFO - [2025-01-26T11:41:25.091-0300] {dag.py:4180} INFO - Setting next_dagrun for example_time_delta_sensor_async to None, run_after=None
[2025-01-26T11:41:25.149-0300] {processor.py:208} INFO - Processing /mnt/c/Users/ander/Desktop/airflow-spark/airflow-spark/curso2/ambientX/lib/python3.9/site-packages/airflow/example_dags/example_time_delta_sensor_async.py took 0.151 seconds
[2025-01-26T11:43:09.873-0300] {processor.py:186} INFO - Started process (PID=26198) to work on /mnt/c/Users/ander/Desktop/airflow-spark/airflow-spark/curso2/ambientX/lib/python3.9/site-packages/airflow/example_dags/example_time_delta_sensor_async.py
[2025-01-26T11:43:09.874-0300] {processor.py:914} INFO - Processing file /mnt/c/Users/ander/Desktop/airflow-spark/airflow-spark/curso2/ambientX/lib/python3.9/site-packages/airflow/example_dags/example_time_delta_sensor_async.py for tasks to queue
[2025-01-26T11:43:09.877-0300] {logging_mixin.py:190} INFO - [2025-01-26T11:43:09.876-0300] {dagbag.py:588} INFO - Filling up the DagBag from /mnt/c/Users/ander/Desktop/airflow-spark/airflow-spark/curso2/ambientX/lib/python3.9/site-packages/airflow/example_dags/example_time_delta_sensor_async.py
[2025-01-26T11:43:09.899-0300] {processor.py:925} INFO - DAG(s) 'example_time_delta_sensor_async' retrieved from /mnt/c/Users/ander/Desktop/airflow-spark/airflow-spark/curso2/ambientX/lib/python3.9/site-packages/airflow/example_dags/example_time_delta_sensor_async.py
[2025-01-26T11:43:09.935-0300] {logging_mixin.py:190} INFO - [2025-01-26T11:43:09.934-0300] {dag.py:3239} INFO - Sync 1 DAGs
[2025-01-26T11:43:09.954-0300] {logging_mixin.py:190} INFO - [2025-01-26T11:43:09.954-0300] {dag.py:4180} INFO - Setting next_dagrun for example_time_delta_sensor_async to None, run_after=None
[2025-01-26T11:43:10.011-0300] {processor.py:208} INFO - Processing /mnt/c/Users/ander/Desktop/airflow-spark/airflow-spark/curso2/ambientX/lib/python3.9/site-packages/airflow/example_dags/example_time_delta_sensor_async.py took 0.158 seconds
[2025-01-26T11:44:02.638-0300] {processor.py:186} INFO - Started process (PID=26433) to work on /mnt/c/Users/ander/Desktop/airflow-spark/airflow-spark/curso2/ambientX/lib/python3.9/site-packages/airflow/example_dags/example_time_delta_sensor_async.py
[2025-01-26T11:44:02.639-0300] {processor.py:914} INFO - Processing file /mnt/c/Users/ander/Desktop/airflow-spark/airflow-spark/curso2/ambientX/lib/python3.9/site-packages/airflow/example_dags/example_time_delta_sensor_async.py for tasks to queue
[2025-01-26T11:44:02.641-0300] {logging_mixin.py:190} INFO - [2025-01-26T11:44:02.641-0300] {dagbag.py:588} INFO - Filling up the DagBag from /mnt/c/Users/ander/Desktop/airflow-spark/airflow-spark/curso2/ambientX/lib/python3.9/site-packages/airflow/example_dags/example_time_delta_sensor_async.py
[2025-01-26T11:44:02.667-0300] {processor.py:925} INFO - DAG(s) 'example_time_delta_sensor_async' retrieved from /mnt/c/Users/ander/Desktop/airflow-spark/airflow-spark/curso2/ambientX/lib/python3.9/site-packages/airflow/example_dags/example_time_delta_sensor_async.py
[2025-01-26T11:44:02.707-0300] {logging_mixin.py:190} INFO - [2025-01-26T11:44:02.706-0300] {dag.py:3239} INFO - Sync 1 DAGs
[2025-01-26T11:44:02.726-0300] {logging_mixin.py:190} INFO - [2025-01-26T11:44:02.726-0300] {dag.py:4180} INFO - Setting next_dagrun for example_time_delta_sensor_async to None, run_after=None
[2025-01-26T11:44:02.802-0300] {processor.py:208} INFO - Processing /mnt/c/Users/ander/Desktop/airflow-spark/airflow-spark/curso2/ambientX/lib/python3.9/site-packages/airflow/example_dags/example_time_delta_sensor_async.py took 0.182 seconds
[2025-01-26T11:44:58.790-0300] {processor.py:186} INFO - Started process (PID=26677) to work on /mnt/c/Users/ander/Desktop/airflow-spark/airflow-spark/curso2/ambientX/lib/python3.9/site-packages/airflow/example_dags/example_time_delta_sensor_async.py
[2025-01-26T11:44:58.795-0300] {processor.py:914} INFO - Processing file /mnt/c/Users/ander/Desktop/airflow-spark/airflow-spark/curso2/ambientX/lib/python3.9/site-packages/airflow/example_dags/example_time_delta_sensor_async.py for tasks to queue
[2025-01-26T11:44:58.797-0300] {logging_mixin.py:190} INFO - [2025-01-26T11:44:58.797-0300] {dagbag.py:588} INFO - Filling up the DagBag from /mnt/c/Users/ander/Desktop/airflow-spark/airflow-spark/curso2/ambientX/lib/python3.9/site-packages/airflow/example_dags/example_time_delta_sensor_async.py
[2025-01-26T11:44:58.823-0300] {processor.py:925} INFO - DAG(s) 'example_time_delta_sensor_async' retrieved from /mnt/c/Users/ander/Desktop/airflow-spark/airflow-spark/curso2/ambientX/lib/python3.9/site-packages/airflow/example_dags/example_time_delta_sensor_async.py
[2025-01-26T11:44:58.864-0300] {logging_mixin.py:190} INFO - [2025-01-26T11:44:58.864-0300] {dag.py:3239} INFO - Sync 1 DAGs
[2025-01-26T11:44:58.884-0300] {logging_mixin.py:190} INFO - [2025-01-26T11:44:58.884-0300] {dag.py:4180} INFO - Setting next_dagrun for example_time_delta_sensor_async to None, run_after=None
[2025-01-26T11:44:58.958-0300] {processor.py:208} INFO - Processing /mnt/c/Users/ander/Desktop/airflow-spark/airflow-spark/curso2/ambientX/lib/python3.9/site-packages/airflow/example_dags/example_time_delta_sensor_async.py took 0.187 seconds
