[2025-01-26T10:25:33.046-0300] {processor.py:186} INFO - Started process (PID=2203) to work on /mnt/c/Users/ander/Desktop/airflow-spark/airflow-spark/curso2/ambientX/lib/python3.9/site-packages/airflow/example_dags/example_short_circuit_operator.py
[2025-01-26T10:25:33.049-0300] {processor.py:914} INFO - Processing file /mnt/c/Users/ander/Desktop/airflow-spark/airflow-spark/curso2/ambientX/lib/python3.9/site-packages/airflow/example_dags/example_short_circuit_operator.py for tasks to queue
[2025-01-26T10:25:33.052-0300] {logging_mixin.py:190} INFO - [2025-01-26T10:25:33.052-0300] {dagbag.py:588} INFO - Filling up the DagBag from /mnt/c/Users/ander/Desktop/airflow-spark/airflow-spark/curso2/ambientX/lib/python3.9/site-packages/airflow/example_dags/example_short_circuit_operator.py
[2025-01-26T10:25:33.109-0300] {processor.py:925} INFO - DAG(s) 'example_short_circuit_operator' retrieved from /mnt/c/Users/ander/Desktop/airflow-spark/airflow-spark/curso2/ambientX/lib/python3.9/site-packages/airflow/example_dags/example_short_circuit_operator.py
[2025-01-26T10:25:33.163-0300] {logging_mixin.py:190} INFO - [2025-01-26T10:25:33.163-0300] {dag.py:3239} INFO - Sync 1 DAGs
[2025-01-26T10:25:33.185-0300] {logging_mixin.py:190} INFO - [2025-01-26T10:25:33.185-0300] {dag.py:4180} INFO - Setting next_dagrun for example_short_circuit_operator to None, run_after=None
[2025-01-26T10:25:33.243-0300] {processor.py:208} INFO - Processing /mnt/c/Users/ander/Desktop/airflow-spark/airflow-spark/curso2/ambientX/lib/python3.9/site-packages/airflow/example_dags/example_short_circuit_operator.py took 0.215 seconds
[2025-01-26T10:38:44.608-0300] {processor.py:186} INFO - Started process (PID=8091) to work on /mnt/c/Users/ander/Desktop/airflow-spark/airflow-spark/curso2/ambientX/lib/python3.9/site-packages/airflow/example_dags/example_short_circuit_operator.py
[2025-01-26T10:38:44.610-0300] {processor.py:914} INFO - Processing file /mnt/c/Users/ander/Desktop/airflow-spark/airflow-spark/curso2/ambientX/lib/python3.9/site-packages/airflow/example_dags/example_short_circuit_operator.py for tasks to queue
[2025-01-26T10:38:44.612-0300] {logging_mixin.py:190} INFO - [2025-01-26T10:38:44.611-0300] {dagbag.py:588} INFO - Filling up the DagBag from /mnt/c/Users/ander/Desktop/airflow-spark/airflow-spark/curso2/ambientX/lib/python3.9/site-packages/airflow/example_dags/example_short_circuit_operator.py
[2025-01-26T10:38:44.645-0300] {processor.py:925} INFO - DAG(s) 'example_short_circuit_operator' retrieved from /mnt/c/Users/ander/Desktop/airflow-spark/airflow-spark/curso2/ambientX/lib/python3.9/site-packages/airflow/example_dags/example_short_circuit_operator.py
[2025-01-26T10:38:44.714-0300] {logging_mixin.py:190} INFO - [2025-01-26T10:38:44.713-0300] {dag.py:3239} INFO - Sync 1 DAGs
[2025-01-26T10:38:44.740-0300] {logging_mixin.py:190} INFO - [2025-01-26T10:38:44.740-0300] {dag.py:4180} INFO - Setting next_dagrun for example_short_circuit_operator to None, run_after=None
[2025-01-26T10:38:44.828-0300] {processor.py:208} INFO - Processing /mnt/c/Users/ander/Desktop/airflow-spark/airflow-spark/curso2/ambientX/lib/python3.9/site-packages/airflow/example_dags/example_short_circuit_operator.py took 0.242 seconds
[2025-01-26T10:40:15.400-0300] {processor.py:186} INFO - Started process (PID=8432) to work on /mnt/c/Users/ander/Desktop/airflow-spark/airflow-spark/curso2/ambientX/lib/python3.9/site-packages/airflow/example_dags/example_short_circuit_operator.py
[2025-01-26T10:40:15.403-0300] {processor.py:914} INFO - Processing file /mnt/c/Users/ander/Desktop/airflow-spark/airflow-spark/curso2/ambientX/lib/python3.9/site-packages/airflow/example_dags/example_short_circuit_operator.py for tasks to queue
[2025-01-26T10:40:15.407-0300] {logging_mixin.py:190} INFO - [2025-01-26T10:40:15.406-0300] {dagbag.py:588} INFO - Filling up the DagBag from /mnt/c/Users/ander/Desktop/airflow-spark/airflow-spark/curso2/ambientX/lib/python3.9/site-packages/airflow/example_dags/example_short_circuit_operator.py
[2025-01-26T10:40:15.452-0300] {processor.py:925} INFO - DAG(s) 'example_short_circuit_operator' retrieved from /mnt/c/Users/ander/Desktop/airflow-spark/airflow-spark/curso2/ambientX/lib/python3.9/site-packages/airflow/example_dags/example_short_circuit_operator.py
[2025-01-26T10:40:15.515-0300] {logging_mixin.py:190} INFO - [2025-01-26T10:40:15.515-0300] {dag.py:3239} INFO - Sync 1 DAGs
[2025-01-26T10:40:15.544-0300] {logging_mixin.py:190} INFO - [2025-01-26T10:40:15.544-0300] {dag.py:4180} INFO - Setting next_dagrun for example_short_circuit_operator to None, run_after=None
[2025-01-26T10:40:15.620-0300] {processor.py:208} INFO - Processing /mnt/c/Users/ander/Desktop/airflow-spark/airflow-spark/curso2/ambientX/lib/python3.9/site-packages/airflow/example_dags/example_short_circuit_operator.py took 0.250 seconds
[2025-01-26T10:42:03.551-0300] {processor.py:186} INFO - Started process (PID=9016) to work on /mnt/c/Users/ander/Desktop/airflow-spark/airflow-spark/curso2/ambientX/lib/python3.9/site-packages/airflow/example_dags/example_short_circuit_operator.py
[2025-01-26T10:42:03.553-0300] {processor.py:914} INFO - Processing file /mnt/c/Users/ander/Desktop/airflow-spark/airflow-spark/curso2/ambientX/lib/python3.9/site-packages/airflow/example_dags/example_short_circuit_operator.py for tasks to queue
[2025-01-26T10:42:03.555-0300] {logging_mixin.py:190} INFO - [2025-01-26T10:42:03.554-0300] {dagbag.py:588} INFO - Filling up the DagBag from /mnt/c/Users/ander/Desktop/airflow-spark/airflow-spark/curso2/ambientX/lib/python3.9/site-packages/airflow/example_dags/example_short_circuit_operator.py
[2025-01-26T10:42:03.581-0300] {processor.py:925} INFO - DAG(s) 'example_short_circuit_operator' retrieved from /mnt/c/Users/ander/Desktop/airflow-spark/airflow-spark/curso2/ambientX/lib/python3.9/site-packages/airflow/example_dags/example_short_circuit_operator.py
[2025-01-26T10:42:03.624-0300] {logging_mixin.py:190} INFO - [2025-01-26T10:42:03.624-0300] {dag.py:3239} INFO - Sync 1 DAGs
[2025-01-26T10:42:03.647-0300] {logging_mixin.py:190} INFO - [2025-01-26T10:42:03.646-0300] {dag.py:4180} INFO - Setting next_dagrun for example_short_circuit_operator to None, run_after=None
[2025-01-26T10:42:03.711-0300] {processor.py:208} INFO - Processing /mnt/c/Users/ander/Desktop/airflow-spark/airflow-spark/curso2/ambientX/lib/python3.9/site-packages/airflow/example_dags/example_short_circuit_operator.py took 0.177 seconds
[2025-01-26T10:43:56.749-0300] {processor.py:186} INFO - Started process (PID=9464) to work on /mnt/c/Users/ander/Desktop/airflow-spark/airflow-spark/curso2/ambientX/lib/python3.9/site-packages/airflow/example_dags/example_short_circuit_operator.py
[2025-01-26T10:43:56.751-0300] {processor.py:914} INFO - Processing file /mnt/c/Users/ander/Desktop/airflow-spark/airflow-spark/curso2/ambientX/lib/python3.9/site-packages/airflow/example_dags/example_short_circuit_operator.py for tasks to queue
[2025-01-26T10:43:56.752-0300] {logging_mixin.py:190} INFO - [2025-01-26T10:43:56.752-0300] {dagbag.py:588} INFO - Filling up the DagBag from /mnt/c/Users/ander/Desktop/airflow-spark/airflow-spark/curso2/ambientX/lib/python3.9/site-packages/airflow/example_dags/example_short_circuit_operator.py
[2025-01-26T10:43:56.781-0300] {processor.py:925} INFO - DAG(s) 'example_short_circuit_operator' retrieved from /mnt/c/Users/ander/Desktop/airflow-spark/airflow-spark/curso2/ambientX/lib/python3.9/site-packages/airflow/example_dags/example_short_circuit_operator.py
[2025-01-26T10:43:56.831-0300] {logging_mixin.py:190} INFO - [2025-01-26T10:43:56.831-0300] {dag.py:3239} INFO - Sync 1 DAGs
[2025-01-26T10:43:56.855-0300] {logging_mixin.py:190} INFO - [2025-01-26T10:43:56.854-0300] {dag.py:4180} INFO - Setting next_dagrun for example_short_circuit_operator to None, run_after=None
[2025-01-26T10:43:57.071-0300] {processor.py:208} INFO - Processing /mnt/c/Users/ander/Desktop/airflow-spark/airflow-spark/curso2/ambientX/lib/python3.9/site-packages/airflow/example_dags/example_short_circuit_operator.py took 0.339 seconds
[2025-01-26T10:45:52.774-0300] {processor.py:186} INFO - Started process (PID=9914) to work on /mnt/c/Users/ander/Desktop/airflow-spark/airflow-spark/curso2/ambientX/lib/python3.9/site-packages/airflow/example_dags/example_short_circuit_operator.py
[2025-01-26T10:45:52.776-0300] {processor.py:914} INFO - Processing file /mnt/c/Users/ander/Desktop/airflow-spark/airflow-spark/curso2/ambientX/lib/python3.9/site-packages/airflow/example_dags/example_short_circuit_operator.py for tasks to queue
[2025-01-26T10:45:52.778-0300] {logging_mixin.py:190} INFO - [2025-01-26T10:45:52.777-0300] {dagbag.py:588} INFO - Filling up the DagBag from /mnt/c/Users/ander/Desktop/airflow-spark/airflow-spark/curso2/ambientX/lib/python3.9/site-packages/airflow/example_dags/example_short_circuit_operator.py
[2025-01-26T10:45:52.800-0300] {processor.py:925} INFO - DAG(s) 'example_short_circuit_operator' retrieved from /mnt/c/Users/ander/Desktop/airflow-spark/airflow-spark/curso2/ambientX/lib/python3.9/site-packages/airflow/example_dags/example_short_circuit_operator.py
[2025-01-26T10:45:52.849-0300] {logging_mixin.py:190} INFO - [2025-01-26T10:45:52.849-0300] {dag.py:3239} INFO - Sync 1 DAGs
[2025-01-26T10:45:52.871-0300] {logging_mixin.py:190} INFO - [2025-01-26T10:45:52.871-0300] {dag.py:4180} INFO - Setting next_dagrun for example_short_circuit_operator to None, run_after=None
[2025-01-26T10:45:52.939-0300] {processor.py:208} INFO - Processing /mnt/c/Users/ander/Desktop/airflow-spark/airflow-spark/curso2/ambientX/lib/python3.9/site-packages/airflow/example_dags/example_short_circuit_operator.py took 0.181 seconds
[2025-01-26T10:47:30.615-0300] {processor.py:186} INFO - Started process (PID=10388) to work on /mnt/c/Users/ander/Desktop/airflow-spark/airflow-spark/curso2/ambientX/lib/python3.9/site-packages/airflow/example_dags/example_short_circuit_operator.py
[2025-01-26T10:47:30.617-0300] {processor.py:914} INFO - Processing file /mnt/c/Users/ander/Desktop/airflow-spark/airflow-spark/curso2/ambientX/lib/python3.9/site-packages/airflow/example_dags/example_short_circuit_operator.py for tasks to queue
[2025-01-26T10:47:30.619-0300] {logging_mixin.py:190} INFO - [2025-01-26T10:47:30.619-0300] {dagbag.py:588} INFO - Filling up the DagBag from /mnt/c/Users/ander/Desktop/airflow-spark/airflow-spark/curso2/ambientX/lib/python3.9/site-packages/airflow/example_dags/example_short_circuit_operator.py
[2025-01-26T10:47:30.651-0300] {processor.py:925} INFO - DAG(s) 'example_short_circuit_operator' retrieved from /mnt/c/Users/ander/Desktop/airflow-spark/airflow-spark/curso2/ambientX/lib/python3.9/site-packages/airflow/example_dags/example_short_circuit_operator.py
[2025-01-26T10:47:30.709-0300] {logging_mixin.py:190} INFO - [2025-01-26T10:47:30.708-0300] {dag.py:3239} INFO - Sync 1 DAGs
[2025-01-26T10:47:30.739-0300] {logging_mixin.py:190} INFO - [2025-01-26T10:47:30.739-0300] {dag.py:4180} INFO - Setting next_dagrun for example_short_circuit_operator to None, run_after=None
[2025-01-26T10:47:30.809-0300] {processor.py:208} INFO - Processing /mnt/c/Users/ander/Desktop/airflow-spark/airflow-spark/curso2/ambientX/lib/python3.9/site-packages/airflow/example_dags/example_short_circuit_operator.py took 0.216 seconds
[2025-01-26T10:49:28.636-0300] {processor.py:186} INFO - Started process (PID=10873) to work on /mnt/c/Users/ander/Desktop/airflow-spark/airflow-spark/curso2/ambientX/lib/python3.9/site-packages/airflow/example_dags/example_short_circuit_operator.py
[2025-01-26T10:49:28.638-0300] {processor.py:914} INFO - Processing file /mnt/c/Users/ander/Desktop/airflow-spark/airflow-spark/curso2/ambientX/lib/python3.9/site-packages/airflow/example_dags/example_short_circuit_operator.py for tasks to queue
[2025-01-26T10:49:28.640-0300] {logging_mixin.py:190} INFO - [2025-01-26T10:49:28.640-0300] {dagbag.py:588} INFO - Filling up the DagBag from /mnt/c/Users/ander/Desktop/airflow-spark/airflow-spark/curso2/ambientX/lib/python3.9/site-packages/airflow/example_dags/example_short_circuit_operator.py
[2025-01-26T10:49:28.678-0300] {processor.py:925} INFO - DAG(s) 'example_short_circuit_operator' retrieved from /mnt/c/Users/ander/Desktop/airflow-spark/airflow-spark/curso2/ambientX/lib/python3.9/site-packages/airflow/example_dags/example_short_circuit_operator.py
[2025-01-26T10:49:28.736-0300] {logging_mixin.py:190} INFO - [2025-01-26T10:49:28.736-0300] {dag.py:3239} INFO - Sync 1 DAGs
[2025-01-26T10:49:28.759-0300] {logging_mixin.py:190} INFO - [2025-01-26T10:49:28.758-0300] {dag.py:4180} INFO - Setting next_dagrun for example_short_circuit_operator to None, run_after=None
[2025-01-26T10:49:28.828-0300] {processor.py:208} INFO - Processing /mnt/c/Users/ander/Desktop/airflow-spark/airflow-spark/curso2/ambientX/lib/python3.9/site-packages/airflow/example_dags/example_short_circuit_operator.py took 0.216 seconds
[2025-01-26T10:51:14.817-0300] {processor.py:186} INFO - Started process (PID=11319) to work on /mnt/c/Users/ander/Desktop/airflow-spark/airflow-spark/curso2/ambientX/lib/python3.9/site-packages/airflow/example_dags/example_short_circuit_operator.py
[2025-01-26T10:51:14.819-0300] {processor.py:914} INFO - Processing file /mnt/c/Users/ander/Desktop/airflow-spark/airflow-spark/curso2/ambientX/lib/python3.9/site-packages/airflow/example_dags/example_short_circuit_operator.py for tasks to queue
[2025-01-26T10:51:14.821-0300] {logging_mixin.py:190} INFO - [2025-01-26T10:51:14.821-0300] {dagbag.py:588} INFO - Filling up the DagBag from /mnt/c/Users/ander/Desktop/airflow-spark/airflow-spark/curso2/ambientX/lib/python3.9/site-packages/airflow/example_dags/example_short_circuit_operator.py
[2025-01-26T10:51:14.859-0300] {processor.py:925} INFO - DAG(s) 'example_short_circuit_operator' retrieved from /mnt/c/Users/ander/Desktop/airflow-spark/airflow-spark/curso2/ambientX/lib/python3.9/site-packages/airflow/example_dags/example_short_circuit_operator.py
[2025-01-26T10:51:14.912-0300] {logging_mixin.py:190} INFO - [2025-01-26T10:51:14.912-0300] {dag.py:3239} INFO - Sync 1 DAGs
[2025-01-26T10:51:14.939-0300] {logging_mixin.py:190} INFO - [2025-01-26T10:51:14.939-0300] {dag.py:4180} INFO - Setting next_dagrun for example_short_circuit_operator to None, run_after=None
[2025-01-26T10:51:15.037-0300] {processor.py:208} INFO - Processing /mnt/c/Users/ander/Desktop/airflow-spark/airflow-spark/curso2/ambientX/lib/python3.9/site-packages/airflow/example_dags/example_short_circuit_operator.py took 0.238 seconds
[2025-01-26T10:53:04.833-0300] {processor.py:186} INFO - Started process (PID=11835) to work on /mnt/c/Users/ander/Desktop/airflow-spark/airflow-spark/curso2/ambientX/lib/python3.9/site-packages/airflow/example_dags/example_short_circuit_operator.py
[2025-01-26T10:53:04.834-0300] {processor.py:914} INFO - Processing file /mnt/c/Users/ander/Desktop/airflow-spark/airflow-spark/curso2/ambientX/lib/python3.9/site-packages/airflow/example_dags/example_short_circuit_operator.py for tasks to queue
[2025-01-26T10:53:04.836-0300] {logging_mixin.py:190} INFO - [2025-01-26T10:53:04.836-0300] {dagbag.py:588} INFO - Filling up the DagBag from /mnt/c/Users/ander/Desktop/airflow-spark/airflow-spark/curso2/ambientX/lib/python3.9/site-packages/airflow/example_dags/example_short_circuit_operator.py
[2025-01-26T10:53:04.873-0300] {processor.py:925} INFO - DAG(s) 'example_short_circuit_operator' retrieved from /mnt/c/Users/ander/Desktop/airflow-spark/airflow-spark/curso2/ambientX/lib/python3.9/site-packages/airflow/example_dags/example_short_circuit_operator.py
[2025-01-26T10:53:04.924-0300] {logging_mixin.py:190} INFO - [2025-01-26T10:53:04.924-0300] {dag.py:3239} INFO - Sync 1 DAGs
[2025-01-26T10:53:04.949-0300] {logging_mixin.py:190} INFO - [2025-01-26T10:53:04.948-0300] {dag.py:4180} INFO - Setting next_dagrun for example_short_circuit_operator to None, run_after=None
[2025-01-26T10:53:05.054-0300] {processor.py:208} INFO - Processing /mnt/c/Users/ander/Desktop/airflow-spark/airflow-spark/curso2/ambientX/lib/python3.9/site-packages/airflow/example_dags/example_short_circuit_operator.py took 0.241 seconds
[2025-01-26T10:54:58.080-0300] {processor.py:186} INFO - Started process (PID=12298) to work on /mnt/c/Users/ander/Desktop/airflow-spark/airflow-spark/curso2/ambientX/lib/python3.9/site-packages/airflow/example_dags/example_short_circuit_operator.py
[2025-01-26T10:54:58.082-0300] {processor.py:914} INFO - Processing file /mnt/c/Users/ander/Desktop/airflow-spark/airflow-spark/curso2/ambientX/lib/python3.9/site-packages/airflow/example_dags/example_short_circuit_operator.py for tasks to queue
[2025-01-26T10:54:58.084-0300] {logging_mixin.py:190} INFO - [2025-01-26T10:54:58.084-0300] {dagbag.py:588} INFO - Filling up the DagBag from /mnt/c/Users/ander/Desktop/airflow-spark/airflow-spark/curso2/ambientX/lib/python3.9/site-packages/airflow/example_dags/example_short_circuit_operator.py
[2025-01-26T10:54:58.146-0300] {processor.py:925} INFO - DAG(s) 'example_short_circuit_operator' retrieved from /mnt/c/Users/ander/Desktop/airflow-spark/airflow-spark/curso2/ambientX/lib/python3.9/site-packages/airflow/example_dags/example_short_circuit_operator.py
[2025-01-26T10:54:58.266-0300] {logging_mixin.py:190} INFO - [2025-01-26T10:54:58.266-0300] {dag.py:3239} INFO - Sync 1 DAGs
[2025-01-26T10:54:58.289-0300] {logging_mixin.py:190} INFO - [2025-01-26T10:54:58.289-0300] {dag.py:4180} INFO - Setting next_dagrun for example_short_circuit_operator to None, run_after=None
[2025-01-26T10:54:58.364-0300] {processor.py:208} INFO - Processing /mnt/c/Users/ander/Desktop/airflow-spark/airflow-spark/curso2/ambientX/lib/python3.9/site-packages/airflow/example_dags/example_short_circuit_operator.py took 0.302 seconds
[2025-01-26T10:56:44.023-0300] {processor.py:186} INFO - Started process (PID=12747) to work on /mnt/c/Users/ander/Desktop/airflow-spark/airflow-spark/curso2/ambientX/lib/python3.9/site-packages/airflow/example_dags/example_short_circuit_operator.py
[2025-01-26T10:56:44.025-0300] {processor.py:914} INFO - Processing file /mnt/c/Users/ander/Desktop/airflow-spark/airflow-spark/curso2/ambientX/lib/python3.9/site-packages/airflow/example_dags/example_short_circuit_operator.py for tasks to queue
[2025-01-26T10:56:44.028-0300] {logging_mixin.py:190} INFO - [2025-01-26T10:56:44.027-0300] {dagbag.py:588} INFO - Filling up the DagBag from /mnt/c/Users/ander/Desktop/airflow-spark/airflow-spark/curso2/ambientX/lib/python3.9/site-packages/airflow/example_dags/example_short_circuit_operator.py
[2025-01-26T10:56:44.056-0300] {processor.py:925} INFO - DAG(s) 'example_short_circuit_operator' retrieved from /mnt/c/Users/ander/Desktop/airflow-spark/airflow-spark/curso2/ambientX/lib/python3.9/site-packages/airflow/example_dags/example_short_circuit_operator.py
[2025-01-26T10:56:44.108-0300] {logging_mixin.py:190} INFO - [2025-01-26T10:56:44.107-0300] {dag.py:3239} INFO - Sync 1 DAGs
[2025-01-26T10:56:44.133-0300] {logging_mixin.py:190} INFO - [2025-01-26T10:56:44.132-0300] {dag.py:4180} INFO - Setting next_dagrun for example_short_circuit_operator to None, run_after=None
[2025-01-26T10:56:44.212-0300] {processor.py:208} INFO - Processing /mnt/c/Users/ander/Desktop/airflow-spark/airflow-spark/curso2/ambientX/lib/python3.9/site-packages/airflow/example_dags/example_short_circuit_operator.py took 0.205 seconds
[2025-01-26T10:58:39.346-0300] {processor.py:186} INFO - Started process (PID=13244) to work on /mnt/c/Users/ander/Desktop/airflow-spark/airflow-spark/curso2/ambientX/lib/python3.9/site-packages/airflow/example_dags/example_short_circuit_operator.py
[2025-01-26T10:58:39.348-0300] {processor.py:914} INFO - Processing file /mnt/c/Users/ander/Desktop/airflow-spark/airflow-spark/curso2/ambientX/lib/python3.9/site-packages/airflow/example_dags/example_short_circuit_operator.py for tasks to queue
[2025-01-26T10:58:39.360-0300] {logging_mixin.py:190} INFO - [2025-01-26T10:58:39.352-0300] {dagbag.py:588} INFO - Filling up the DagBag from /mnt/c/Users/ander/Desktop/airflow-spark/airflow-spark/curso2/ambientX/lib/python3.9/site-packages/airflow/example_dags/example_short_circuit_operator.py
[2025-01-26T10:58:39.432-0300] {processor.py:925} INFO - DAG(s) 'example_short_circuit_operator' retrieved from /mnt/c/Users/ander/Desktop/airflow-spark/airflow-spark/curso2/ambientX/lib/python3.9/site-packages/airflow/example_dags/example_short_circuit_operator.py
[2025-01-26T10:58:39.649-0300] {logging_mixin.py:190} INFO - [2025-01-26T10:58:39.648-0300] {dag.py:3239} INFO - Sync 1 DAGs
[2025-01-26T10:58:39.728-0300] {logging_mixin.py:190} INFO - [2025-01-26T10:58:39.728-0300] {dag.py:4180} INFO - Setting next_dagrun for example_short_circuit_operator to None, run_after=None
[2025-01-26T10:58:39.910-0300] {processor.py:208} INFO - Processing /mnt/c/Users/ander/Desktop/airflow-spark/airflow-spark/curso2/ambientX/lib/python3.9/site-packages/airflow/example_dags/example_short_circuit_operator.py took 0.673 seconds
[2025-01-26T11:00:36.713-0300] {processor.py:186} INFO - Started process (PID=13835) to work on /mnt/c/Users/ander/Desktop/airflow-spark/airflow-spark/curso2/ambientX/lib/python3.9/site-packages/airflow/example_dags/example_short_circuit_operator.py
[2025-01-26T11:00:36.716-0300] {processor.py:914} INFO - Processing file /mnt/c/Users/ander/Desktop/airflow-spark/airflow-spark/curso2/ambientX/lib/python3.9/site-packages/airflow/example_dags/example_short_circuit_operator.py for tasks to queue
[2025-01-26T11:00:36.718-0300] {logging_mixin.py:190} INFO - [2025-01-26T11:00:36.717-0300] {dagbag.py:588} INFO - Filling up the DagBag from /mnt/c/Users/ander/Desktop/airflow-spark/airflow-spark/curso2/ambientX/lib/python3.9/site-packages/airflow/example_dags/example_short_circuit_operator.py
[2025-01-26T11:00:36.749-0300] {processor.py:925} INFO - DAG(s) 'example_short_circuit_operator' retrieved from /mnt/c/Users/ander/Desktop/airflow-spark/airflow-spark/curso2/ambientX/lib/python3.9/site-packages/airflow/example_dags/example_short_circuit_operator.py
[2025-01-26T11:00:36.795-0300] {logging_mixin.py:190} INFO - [2025-01-26T11:00:36.794-0300] {dag.py:3239} INFO - Sync 1 DAGs
[2025-01-26T11:00:36.819-0300] {logging_mixin.py:190} INFO - [2025-01-26T11:00:36.819-0300] {dag.py:4180} INFO - Setting next_dagrun for example_short_circuit_operator to None, run_after=None
[2025-01-26T11:00:36.879-0300] {processor.py:208} INFO - Processing /mnt/c/Users/ander/Desktop/airflow-spark/airflow-spark/curso2/ambientX/lib/python3.9/site-packages/airflow/example_dags/example_short_circuit_operator.py took 0.183 seconds
[2025-01-26T11:02:29.917-0300] {processor.py:186} INFO - Started process (PID=14384) to work on /mnt/c/Users/ander/Desktop/airflow-spark/airflow-spark/curso2/ambientX/lib/python3.9/site-packages/airflow/example_dags/example_short_circuit_operator.py
[2025-01-26T11:02:29.919-0300] {processor.py:914} INFO - Processing file /mnt/c/Users/ander/Desktop/airflow-spark/airflow-spark/curso2/ambientX/lib/python3.9/site-packages/airflow/example_dags/example_short_circuit_operator.py for tasks to queue
[2025-01-26T11:02:29.922-0300] {logging_mixin.py:190} INFO - [2025-01-26T11:02:29.922-0300] {dagbag.py:588} INFO - Filling up the DagBag from /mnt/c/Users/ander/Desktop/airflow-spark/airflow-spark/curso2/ambientX/lib/python3.9/site-packages/airflow/example_dags/example_short_circuit_operator.py
[2025-01-26T11:02:29.957-0300] {processor.py:925} INFO - DAG(s) 'example_short_circuit_operator' retrieved from /mnt/c/Users/ander/Desktop/airflow-spark/airflow-spark/curso2/ambientX/lib/python3.9/site-packages/airflow/example_dags/example_short_circuit_operator.py
[2025-01-26T11:02:30.017-0300] {logging_mixin.py:190} INFO - [2025-01-26T11:02:30.017-0300] {dag.py:3239} INFO - Sync 1 DAGs
[2025-01-26T11:02:30.037-0300] {logging_mixin.py:190} INFO - [2025-01-26T11:02:30.037-0300] {dag.py:4180} INFO - Setting next_dagrun for example_short_circuit_operator to None, run_after=None
[2025-01-26T11:02:30.119-0300] {processor.py:208} INFO - Processing /mnt/c/Users/ander/Desktop/airflow-spark/airflow-spark/curso2/ambientX/lib/python3.9/site-packages/airflow/example_dags/example_short_circuit_operator.py took 0.222 seconds
[2025-01-26T11:04:20.517-0300] {processor.py:186} INFO - Started process (PID=15293) to work on /mnt/c/Users/ander/Desktop/airflow-spark/airflow-spark/curso2/ambientX/lib/python3.9/site-packages/airflow/example_dags/example_short_circuit_operator.py
[2025-01-26T11:04:20.518-0300] {processor.py:914} INFO - Processing file /mnt/c/Users/ander/Desktop/airflow-spark/airflow-spark/curso2/ambientX/lib/python3.9/site-packages/airflow/example_dags/example_short_circuit_operator.py for tasks to queue
[2025-01-26T11:04:20.520-0300] {logging_mixin.py:190} INFO - [2025-01-26T11:04:20.520-0300] {dagbag.py:588} INFO - Filling up the DagBag from /mnt/c/Users/ander/Desktop/airflow-spark/airflow-spark/curso2/ambientX/lib/python3.9/site-packages/airflow/example_dags/example_short_circuit_operator.py
[2025-01-26T11:04:20.548-0300] {processor.py:925} INFO - DAG(s) 'example_short_circuit_operator' retrieved from /mnt/c/Users/ander/Desktop/airflow-spark/airflow-spark/curso2/ambientX/lib/python3.9/site-packages/airflow/example_dags/example_short_circuit_operator.py
[2025-01-26T11:04:20.595-0300] {logging_mixin.py:190} INFO - [2025-01-26T11:04:20.595-0300] {dag.py:3239} INFO - Sync 1 DAGs
[2025-01-26T11:04:20.616-0300] {logging_mixin.py:190} INFO - [2025-01-26T11:04:20.616-0300] {dag.py:4180} INFO - Setting next_dagrun for example_short_circuit_operator to None, run_after=None
[2025-01-26T11:04:20.703-0300] {processor.py:208} INFO - Processing /mnt/c/Users/ander/Desktop/airflow-spark/airflow-spark/curso2/ambientX/lib/python3.9/site-packages/airflow/example_dags/example_short_circuit_operator.py took 0.205 seconds
[2025-01-26T11:06:00.930-0300] {processor.py:186} INFO - Started process (PID=15729) to work on /mnt/c/Users/ander/Desktop/airflow-spark/airflow-spark/curso2/ambientX/lib/python3.9/site-packages/airflow/example_dags/example_short_circuit_operator.py
[2025-01-26T11:06:00.931-0300] {processor.py:914} INFO - Processing file /mnt/c/Users/ander/Desktop/airflow-spark/airflow-spark/curso2/ambientX/lib/python3.9/site-packages/airflow/example_dags/example_short_circuit_operator.py for tasks to queue
[2025-01-26T11:06:00.933-0300] {logging_mixin.py:190} INFO - [2025-01-26T11:06:00.933-0300] {dagbag.py:588} INFO - Filling up the DagBag from /mnt/c/Users/ander/Desktop/airflow-spark/airflow-spark/curso2/ambientX/lib/python3.9/site-packages/airflow/example_dags/example_short_circuit_operator.py
[2025-01-26T11:06:00.962-0300] {processor.py:925} INFO - DAG(s) 'example_short_circuit_operator' retrieved from /mnt/c/Users/ander/Desktop/airflow-spark/airflow-spark/curso2/ambientX/lib/python3.9/site-packages/airflow/example_dags/example_short_circuit_operator.py
[2025-01-26T11:06:01.014-0300] {logging_mixin.py:190} INFO - [2025-01-26T11:06:01.014-0300] {dag.py:3239} INFO - Sync 1 DAGs
[2025-01-26T11:06:01.035-0300] {logging_mixin.py:190} INFO - [2025-01-26T11:06:01.035-0300] {dag.py:4180} INFO - Setting next_dagrun for example_short_circuit_operator to None, run_after=None
[2025-01-26T11:06:01.105-0300] {processor.py:208} INFO - Processing /mnt/c/Users/ander/Desktop/airflow-spark/airflow-spark/curso2/ambientX/lib/python3.9/site-packages/airflow/example_dags/example_short_circuit_operator.py took 0.193 seconds
[2025-01-26T11:07:41.854-0300] {processor.py:186} INFO - Started process (PID=16107) to work on /mnt/c/Users/ander/Desktop/airflow-spark/airflow-spark/curso2/ambientX/lib/python3.9/site-packages/airflow/example_dags/example_short_circuit_operator.py
[2025-01-26T11:07:41.856-0300] {processor.py:914} INFO - Processing file /mnt/c/Users/ander/Desktop/airflow-spark/airflow-spark/curso2/ambientX/lib/python3.9/site-packages/airflow/example_dags/example_short_circuit_operator.py for tasks to queue
[2025-01-26T11:07:41.858-0300] {logging_mixin.py:190} INFO - [2025-01-26T11:07:41.857-0300] {dagbag.py:588} INFO - Filling up the DagBag from /mnt/c/Users/ander/Desktop/airflow-spark/airflow-spark/curso2/ambientX/lib/python3.9/site-packages/airflow/example_dags/example_short_circuit_operator.py
[2025-01-26T11:07:41.888-0300] {processor.py:925} INFO - DAG(s) 'example_short_circuit_operator' retrieved from /mnt/c/Users/ander/Desktop/airflow-spark/airflow-spark/curso2/ambientX/lib/python3.9/site-packages/airflow/example_dags/example_short_circuit_operator.py
[2025-01-26T11:07:41.936-0300] {logging_mixin.py:190} INFO - [2025-01-26T11:07:41.935-0300] {dag.py:3239} INFO - Sync 1 DAGs
[2025-01-26T11:07:41.954-0300] {logging_mixin.py:190} INFO - [2025-01-26T11:07:41.954-0300] {dag.py:4180} INFO - Setting next_dagrun for example_short_circuit_operator to None, run_after=None
[2025-01-26T11:07:42.015-0300] {processor.py:208} INFO - Processing /mnt/c/Users/ander/Desktop/airflow-spark/airflow-spark/curso2/ambientX/lib/python3.9/site-packages/airflow/example_dags/example_short_circuit_operator.py took 0.180 seconds
[2025-01-26T11:09:24.917-0300] {processor.py:186} INFO - Started process (PID=16610) to work on /mnt/c/Users/ander/Desktop/airflow-spark/airflow-spark/curso2/ambientX/lib/python3.9/site-packages/airflow/example_dags/example_short_circuit_operator.py
[2025-01-26T11:09:24.919-0300] {processor.py:914} INFO - Processing file /mnt/c/Users/ander/Desktop/airflow-spark/airflow-spark/curso2/ambientX/lib/python3.9/site-packages/airflow/example_dags/example_short_circuit_operator.py for tasks to queue
[2025-01-26T11:09:24.921-0300] {logging_mixin.py:190} INFO - [2025-01-26T11:09:24.920-0300] {dagbag.py:588} INFO - Filling up the DagBag from /mnt/c/Users/ander/Desktop/airflow-spark/airflow-spark/curso2/ambientX/lib/python3.9/site-packages/airflow/example_dags/example_short_circuit_operator.py
[2025-01-26T11:09:24.945-0300] {processor.py:925} INFO - DAG(s) 'example_short_circuit_operator' retrieved from /mnt/c/Users/ander/Desktop/airflow-spark/airflow-spark/curso2/ambientX/lib/python3.9/site-packages/airflow/example_dags/example_short_circuit_operator.py
[2025-01-26T11:09:24.988-0300] {logging_mixin.py:190} INFO - [2025-01-26T11:09:24.988-0300] {dag.py:3239} INFO - Sync 1 DAGs
[2025-01-26T11:09:25.008-0300] {logging_mixin.py:190} INFO - [2025-01-26T11:09:25.008-0300] {dag.py:4180} INFO - Setting next_dagrun for example_short_circuit_operator to None, run_after=None
[2025-01-26T11:09:25.072-0300] {processor.py:208} INFO - Processing /mnt/c/Users/ander/Desktop/airflow-spark/airflow-spark/curso2/ambientX/lib/python3.9/site-packages/airflow/example_dags/example_short_circuit_operator.py took 0.173 seconds
[2025-01-26T11:11:19.062-0300] {processor.py:186} INFO - Started process (PID=17084) to work on /mnt/c/Users/ander/Desktop/airflow-spark/airflow-spark/curso2/ambientX/lib/python3.9/site-packages/airflow/example_dags/example_short_circuit_operator.py
[2025-01-26T11:11:19.071-0300] {processor.py:914} INFO - Processing file /mnt/c/Users/ander/Desktop/airflow-spark/airflow-spark/curso2/ambientX/lib/python3.9/site-packages/airflow/example_dags/example_short_circuit_operator.py for tasks to queue
[2025-01-26T11:11:19.074-0300] {logging_mixin.py:190} INFO - [2025-01-26T11:11:19.073-0300] {dagbag.py:588} INFO - Filling up the DagBag from /mnt/c/Users/ander/Desktop/airflow-spark/airflow-spark/curso2/ambientX/lib/python3.9/site-packages/airflow/example_dags/example_short_circuit_operator.py
[2025-01-26T11:11:19.202-0300] {processor.py:925} INFO - DAG(s) 'example_short_circuit_operator' retrieved from /mnt/c/Users/ander/Desktop/airflow-spark/airflow-spark/curso2/ambientX/lib/python3.9/site-packages/airflow/example_dags/example_short_circuit_operator.py
[2025-01-26T11:11:19.286-0300] {logging_mixin.py:190} INFO - [2025-01-26T11:11:19.285-0300] {dag.py:3239} INFO - Sync 1 DAGs
[2025-01-26T11:11:19.561-0300] {logging_mixin.py:190} INFO - [2025-01-26T11:11:19.561-0300] {dag.py:4180} INFO - Setting next_dagrun for example_short_circuit_operator to None, run_after=None
[2025-01-26T11:11:19.732-0300] {processor.py:208} INFO - Processing /mnt/c/Users/ander/Desktop/airflow-spark/airflow-spark/curso2/ambientX/lib/python3.9/site-packages/airflow/example_dags/example_short_circuit_operator.py took 0.689 seconds
[2025-01-26T11:13:01.314-0300] {processor.py:186} INFO - Started process (PID=17499) to work on /mnt/c/Users/ander/Desktop/airflow-spark/airflow-spark/curso2/ambientX/lib/python3.9/site-packages/airflow/example_dags/example_short_circuit_operator.py
[2025-01-26T11:13:01.315-0300] {processor.py:914} INFO - Processing file /mnt/c/Users/ander/Desktop/airflow-spark/airflow-spark/curso2/ambientX/lib/python3.9/site-packages/airflow/example_dags/example_short_circuit_operator.py for tasks to queue
[2025-01-26T11:13:01.317-0300] {logging_mixin.py:190} INFO - [2025-01-26T11:13:01.317-0300] {dagbag.py:588} INFO - Filling up the DagBag from /mnt/c/Users/ander/Desktop/airflow-spark/airflow-spark/curso2/ambientX/lib/python3.9/site-packages/airflow/example_dags/example_short_circuit_operator.py
[2025-01-26T11:13:01.341-0300] {processor.py:925} INFO - DAG(s) 'example_short_circuit_operator' retrieved from /mnt/c/Users/ander/Desktop/airflow-spark/airflow-spark/curso2/ambientX/lib/python3.9/site-packages/airflow/example_dags/example_short_circuit_operator.py
[2025-01-26T11:13:01.383-0300] {logging_mixin.py:190} INFO - [2025-01-26T11:13:01.383-0300] {dag.py:3239} INFO - Sync 1 DAGs
[2025-01-26T11:13:01.402-0300] {logging_mixin.py:190} INFO - [2025-01-26T11:13:01.401-0300] {dag.py:4180} INFO - Setting next_dagrun for example_short_circuit_operator to None, run_after=None
[2025-01-26T11:13:01.985-0300] {processor.py:208} INFO - Processing /mnt/c/Users/ander/Desktop/airflow-spark/airflow-spark/curso2/ambientX/lib/python3.9/site-packages/airflow/example_dags/example_short_circuit_operator.py took 0.687 seconds
[2025-01-26T11:14:47.441-0300] {processor.py:186} INFO - Started process (PID=18045) to work on /mnt/c/Users/ander/Desktop/airflow-spark/airflow-spark/curso2/ambientX/lib/python3.9/site-packages/airflow/example_dags/example_short_circuit_operator.py
[2025-01-26T11:14:47.443-0300] {processor.py:914} INFO - Processing file /mnt/c/Users/ander/Desktop/airflow-spark/airflow-spark/curso2/ambientX/lib/python3.9/site-packages/airflow/example_dags/example_short_circuit_operator.py for tasks to queue
[2025-01-26T11:14:47.445-0300] {logging_mixin.py:190} INFO - [2025-01-26T11:14:47.444-0300] {dagbag.py:588} INFO - Filling up the DagBag from /mnt/c/Users/ander/Desktop/airflow-spark/airflow-spark/curso2/ambientX/lib/python3.9/site-packages/airflow/example_dags/example_short_circuit_operator.py
[2025-01-26T11:14:47.475-0300] {processor.py:925} INFO - DAG(s) 'example_short_circuit_operator' retrieved from /mnt/c/Users/ander/Desktop/airflow-spark/airflow-spark/curso2/ambientX/lib/python3.9/site-packages/airflow/example_dags/example_short_circuit_operator.py
[2025-01-26T11:14:47.523-0300] {logging_mixin.py:190} INFO - [2025-01-26T11:14:47.523-0300] {dag.py:3239} INFO - Sync 1 DAGs
[2025-01-26T11:14:47.544-0300] {logging_mixin.py:190} INFO - [2025-01-26T11:14:47.544-0300] {dag.py:4180} INFO - Setting next_dagrun for example_short_circuit_operator to None, run_after=None
[2025-01-26T11:14:47.696-0300] {processor.py:208} INFO - Processing /mnt/c/Users/ander/Desktop/airflow-spark/airflow-spark/curso2/ambientX/lib/python3.9/site-packages/airflow/example_dags/example_short_circuit_operator.py took 0.275 seconds
[2025-01-26T11:16:50.766-0300] {processor.py:186} INFO - Started process (PID=18579) to work on /mnt/c/Users/ander/Desktop/airflow-spark/airflow-spark/curso2/ambientX/lib/python3.9/site-packages/airflow/example_dags/example_short_circuit_operator.py
[2025-01-26T11:16:50.768-0300] {processor.py:914} INFO - Processing file /mnt/c/Users/ander/Desktop/airflow-spark/airflow-spark/curso2/ambientX/lib/python3.9/site-packages/airflow/example_dags/example_short_circuit_operator.py for tasks to queue
[2025-01-26T11:16:50.770-0300] {logging_mixin.py:190} INFO - [2025-01-26T11:16:50.770-0300] {dagbag.py:588} INFO - Filling up the DagBag from /mnt/c/Users/ander/Desktop/airflow-spark/airflow-spark/curso2/ambientX/lib/python3.9/site-packages/airflow/example_dags/example_short_circuit_operator.py
[2025-01-26T11:16:50.796-0300] {processor.py:925} INFO - DAG(s) 'example_short_circuit_operator' retrieved from /mnt/c/Users/ander/Desktop/airflow-spark/airflow-spark/curso2/ambientX/lib/python3.9/site-packages/airflow/example_dags/example_short_circuit_operator.py
[2025-01-26T11:16:50.840-0300] {logging_mixin.py:190} INFO - [2025-01-26T11:16:50.840-0300] {dag.py:3239} INFO - Sync 1 DAGs
[2025-01-26T11:16:50.860-0300] {logging_mixin.py:190} INFO - [2025-01-26T11:16:50.860-0300] {dag.py:4180} INFO - Setting next_dagrun for example_short_circuit_operator to None, run_after=None
[2025-01-26T11:16:51.575-0300] {processor.py:208} INFO - Processing /mnt/c/Users/ander/Desktop/airflow-spark/airflow-spark/curso2/ambientX/lib/python3.9/site-packages/airflow/example_dags/example_short_circuit_operator.py took 0.828 seconds
[2025-01-26T11:18:22.544-0300] {processor.py:186} INFO - Started process (PID=19043) to work on /mnt/c/Users/ander/Desktop/airflow-spark/airflow-spark/curso2/ambientX/lib/python3.9/site-packages/airflow/example_dags/example_short_circuit_operator.py
[2025-01-26T11:18:22.545-0300] {processor.py:914} INFO - Processing file /mnt/c/Users/ander/Desktop/airflow-spark/airflow-spark/curso2/ambientX/lib/python3.9/site-packages/airflow/example_dags/example_short_circuit_operator.py for tasks to queue
[2025-01-26T11:18:22.548-0300] {logging_mixin.py:190} INFO - [2025-01-26T11:18:22.547-0300] {dagbag.py:588} INFO - Filling up the DagBag from /mnt/c/Users/ander/Desktop/airflow-spark/airflow-spark/curso2/ambientX/lib/python3.9/site-packages/airflow/example_dags/example_short_circuit_operator.py
[2025-01-26T11:18:22.572-0300] {processor.py:925} INFO - DAG(s) 'example_short_circuit_operator' retrieved from /mnt/c/Users/ander/Desktop/airflow-spark/airflow-spark/curso2/ambientX/lib/python3.9/site-packages/airflow/example_dags/example_short_circuit_operator.py
[2025-01-26T11:18:22.613-0300] {logging_mixin.py:190} INFO - [2025-01-26T11:18:22.613-0300] {dag.py:3239} INFO - Sync 1 DAGs
[2025-01-26T11:18:22.633-0300] {logging_mixin.py:190} INFO - [2025-01-26T11:18:22.633-0300] {dag.py:4180} INFO - Setting next_dagrun for example_short_circuit_operator to None, run_after=None
[2025-01-26T11:18:25.917-0300] {processor.py:208} INFO - Processing /mnt/c/Users/ander/Desktop/airflow-spark/airflow-spark/curso2/ambientX/lib/python3.9/site-packages/airflow/example_dags/example_short_circuit_operator.py took 0.870 seconds
[2025-01-26T11:20:00.943-0300] {processor.py:186} INFO - Started process (PID=19516) to work on /mnt/c/Users/ander/Desktop/airflow-spark/airflow-spark/curso2/ambientX/lib/python3.9/site-packages/airflow/example_dags/example_short_circuit_operator.py
[2025-01-26T11:20:00.945-0300] {processor.py:914} INFO - Processing file /mnt/c/Users/ander/Desktop/airflow-spark/airflow-spark/curso2/ambientX/lib/python3.9/site-packages/airflow/example_dags/example_short_circuit_operator.py for tasks to queue
[2025-01-26T11:20:00.948-0300] {logging_mixin.py:190} INFO - [2025-01-26T11:20:00.947-0300] {dagbag.py:588} INFO - Filling up the DagBag from /mnt/c/Users/ander/Desktop/airflow-spark/airflow-spark/curso2/ambientX/lib/python3.9/site-packages/airflow/example_dags/example_short_circuit_operator.py
[2025-01-26T11:20:00.980-0300] {processor.py:925} INFO - DAG(s) 'example_short_circuit_operator' retrieved from /mnt/c/Users/ander/Desktop/airflow-spark/airflow-spark/curso2/ambientX/lib/python3.9/site-packages/airflow/example_dags/example_short_circuit_operator.py
[2025-01-26T11:20:01.027-0300] {logging_mixin.py:190} INFO - [2025-01-26T11:20:01.027-0300] {dag.py:3239} INFO - Sync 1 DAGs
[2025-01-26T11:20:01.047-0300] {logging_mixin.py:190} INFO - [2025-01-26T11:20:01.047-0300] {dag.py:4180} INFO - Setting next_dagrun for example_short_circuit_operator to None, run_after=None
[2025-01-26T11:20:01.162-0300] {processor.py:208} INFO - Processing /mnt/c/Users/ander/Desktop/airflow-spark/airflow-spark/curso2/ambientX/lib/python3.9/site-packages/airflow/example_dags/example_short_circuit_operator.py took 0.238 seconds
[2025-01-26T11:21:57.770-0300] {processor.py:186} INFO - Started process (PID=19935) to work on /mnt/c/Users/ander/Desktop/airflow-spark/airflow-spark/curso2/ambientX/lib/python3.9/site-packages/airflow/example_dags/example_short_circuit_operator.py
[2025-01-26T11:21:57.843-0300] {processor.py:914} INFO - Processing file /mnt/c/Users/ander/Desktop/airflow-spark/airflow-spark/curso2/ambientX/lib/python3.9/site-packages/airflow/example_dags/example_short_circuit_operator.py for tasks to queue
[2025-01-26T11:21:57.845-0300] {logging_mixin.py:190} INFO - [2025-01-26T11:21:57.845-0300] {dagbag.py:588} INFO - Filling up the DagBag from /mnt/c/Users/ander/Desktop/airflow-spark/airflow-spark/curso2/ambientX/lib/python3.9/site-packages/airflow/example_dags/example_short_circuit_operator.py
[2025-01-26T11:21:57.869-0300] {processor.py:925} INFO - DAG(s) 'example_short_circuit_operator' retrieved from /mnt/c/Users/ander/Desktop/airflow-spark/airflow-spark/curso2/ambientX/lib/python3.9/site-packages/airflow/example_dags/example_short_circuit_operator.py
[2025-01-26T11:21:57.912-0300] {logging_mixin.py:190} INFO - [2025-01-26T11:21:57.912-0300] {dag.py:3239} INFO - Sync 1 DAGs
[2025-01-26T11:21:57.932-0300] {logging_mixin.py:190} INFO - [2025-01-26T11:21:57.932-0300] {dag.py:4180} INFO - Setting next_dagrun for example_short_circuit_operator to None, run_after=None
[2025-01-26T11:21:59.711-0300] {processor.py:208} INFO - Processing /mnt/c/Users/ander/Desktop/airflow-spark/airflow-spark/curso2/ambientX/lib/python3.9/site-packages/airflow/example_dags/example_short_circuit_operator.py took 1.959 seconds
[2025-01-26T11:23:41.964-0300] {processor.py:186} INFO - Started process (PID=20345) to work on /mnt/c/Users/ander/Desktop/airflow-spark/airflow-spark/curso2/ambientX/lib/python3.9/site-packages/airflow/example_dags/example_short_circuit_operator.py
[2025-01-26T11:23:41.966-0300] {processor.py:914} INFO - Processing file /mnt/c/Users/ander/Desktop/airflow-spark/airflow-spark/curso2/ambientX/lib/python3.9/site-packages/airflow/example_dags/example_short_circuit_operator.py for tasks to queue
[2025-01-26T11:23:41.968-0300] {logging_mixin.py:190} INFO - [2025-01-26T11:23:41.967-0300] {dagbag.py:588} INFO - Filling up the DagBag from /mnt/c/Users/ander/Desktop/airflow-spark/airflow-spark/curso2/ambientX/lib/python3.9/site-packages/airflow/example_dags/example_short_circuit_operator.py
[2025-01-26T11:23:41.997-0300] {processor.py:925} INFO - DAG(s) 'example_short_circuit_operator' retrieved from /mnt/c/Users/ander/Desktop/airflow-spark/airflow-spark/curso2/ambientX/lib/python3.9/site-packages/airflow/example_dags/example_short_circuit_operator.py
[2025-01-26T11:23:42.045-0300] {logging_mixin.py:190} INFO - [2025-01-26T11:23:42.045-0300] {dag.py:3239} INFO - Sync 1 DAGs
[2025-01-26T11:23:42.066-0300] {logging_mixin.py:190} INFO - [2025-01-26T11:23:42.066-0300] {dag.py:4180} INFO - Setting next_dagrun for example_short_circuit_operator to None, run_after=None
[2025-01-26T11:23:42.695-0300] {processor.py:208} INFO - Processing /mnt/c/Users/ander/Desktop/airflow-spark/airflow-spark/curso2/ambientX/lib/python3.9/site-packages/airflow/example_dags/example_short_circuit_operator.py took 0.756 seconds
[2025-01-26T11:24:51.769-0300] {processor.py:186} INFO - Started process (PID=20750) to work on /mnt/c/Users/ander/Desktop/airflow-spark/airflow-spark/curso2/ambientX/lib/python3.9/site-packages/airflow/example_dags/example_short_circuit_operator.py
[2025-01-26T11:24:51.770-0300] {processor.py:914} INFO - Processing file /mnt/c/Users/ander/Desktop/airflow-spark/airflow-spark/curso2/ambientX/lib/python3.9/site-packages/airflow/example_dags/example_short_circuit_operator.py for tasks to queue
[2025-01-26T11:24:51.773-0300] {logging_mixin.py:190} INFO - [2025-01-26T11:24:51.772-0300] {dagbag.py:588} INFO - Filling up the DagBag from /mnt/c/Users/ander/Desktop/airflow-spark/airflow-spark/curso2/ambientX/lib/python3.9/site-packages/airflow/example_dags/example_short_circuit_operator.py
[2025-01-26T11:24:51.810-0300] {processor.py:925} INFO - DAG(s) 'example_short_circuit_operator' retrieved from /mnt/c/Users/ander/Desktop/airflow-spark/airflow-spark/curso2/ambientX/lib/python3.9/site-packages/airflow/example_dags/example_short_circuit_operator.py
[2025-01-26T11:24:51.856-0300] {logging_mixin.py:190} INFO - [2025-01-26T11:24:51.856-0300] {dag.py:3239} INFO - Sync 1 DAGs
[2025-01-26T11:24:51.875-0300] {logging_mixin.py:190} INFO - [2025-01-26T11:24:51.875-0300] {dag.py:4180} INFO - Setting next_dagrun for example_short_circuit_operator to None, run_after=None
[2025-01-26T11:24:52.237-0300] {processor.py:208} INFO - Processing /mnt/c/Users/ander/Desktop/airflow-spark/airflow-spark/curso2/ambientX/lib/python3.9/site-packages/airflow/example_dags/example_short_circuit_operator.py took 0.486 seconds
[2025-01-26T11:26:06.404-0300] {processor.py:186} INFO - Started process (PID=21170) to work on /mnt/c/Users/ander/Desktop/airflow-spark/airflow-spark/curso2/ambientX/lib/python3.9/site-packages/airflow/example_dags/example_short_circuit_operator.py
[2025-01-26T11:26:06.406-0300] {processor.py:914} INFO - Processing file /mnt/c/Users/ander/Desktop/airflow-spark/airflow-spark/curso2/ambientX/lib/python3.9/site-packages/airflow/example_dags/example_short_circuit_operator.py for tasks to queue
[2025-01-26T11:26:06.408-0300] {logging_mixin.py:190} INFO - [2025-01-26T11:26:06.407-0300] {dagbag.py:588} INFO - Filling up the DagBag from /mnt/c/Users/ander/Desktop/airflow-spark/airflow-spark/curso2/ambientX/lib/python3.9/site-packages/airflow/example_dags/example_short_circuit_operator.py
[2025-01-26T11:26:06.435-0300] {processor.py:925} INFO - DAG(s) 'example_short_circuit_operator' retrieved from /mnt/c/Users/ander/Desktop/airflow-spark/airflow-spark/curso2/ambientX/lib/python3.9/site-packages/airflow/example_dags/example_short_circuit_operator.py
[2025-01-26T11:26:06.477-0300] {logging_mixin.py:190} INFO - [2025-01-26T11:26:06.477-0300] {dag.py:3239} INFO - Sync 1 DAGs
[2025-01-26T11:26:06.499-0300] {logging_mixin.py:190} INFO - [2025-01-26T11:26:06.498-0300] {dag.py:4180} INFO - Setting next_dagrun for example_short_circuit_operator to None, run_after=None
[2025-01-26T11:26:06.564-0300] {processor.py:208} INFO - Processing /mnt/c/Users/ander/Desktop/airflow-spark/airflow-spark/curso2/ambientX/lib/python3.9/site-packages/airflow/example_dags/example_short_circuit_operator.py took 0.175 seconds
[2025-01-26T11:27:17.581-0300] {processor.py:186} INFO - Started process (PID=21516) to work on /mnt/c/Users/ander/Desktop/airflow-spark/airflow-spark/curso2/ambientX/lib/python3.9/site-packages/airflow/example_dags/example_short_circuit_operator.py
[2025-01-26T11:27:17.583-0300] {processor.py:914} INFO - Processing file /mnt/c/Users/ander/Desktop/airflow-spark/airflow-spark/curso2/ambientX/lib/python3.9/site-packages/airflow/example_dags/example_short_circuit_operator.py for tasks to queue
[2025-01-26T11:27:17.585-0300] {logging_mixin.py:190} INFO - [2025-01-26T11:27:17.584-0300] {dagbag.py:588} INFO - Filling up the DagBag from /mnt/c/Users/ander/Desktop/airflow-spark/airflow-spark/curso2/ambientX/lib/python3.9/site-packages/airflow/example_dags/example_short_circuit_operator.py
[2025-01-26T11:27:17.612-0300] {processor.py:925} INFO - DAG(s) 'example_short_circuit_operator' retrieved from /mnt/c/Users/ander/Desktop/airflow-spark/airflow-spark/curso2/ambientX/lib/python3.9/site-packages/airflow/example_dags/example_short_circuit_operator.py
[2025-01-26T11:27:17.657-0300] {logging_mixin.py:190} INFO - [2025-01-26T11:27:17.657-0300] {dag.py:3239} INFO - Sync 1 DAGs
[2025-01-26T11:27:17.677-0300] {logging_mixin.py:190} INFO - [2025-01-26T11:27:17.676-0300] {dag.py:4180} INFO - Setting next_dagrun for example_short_circuit_operator to None, run_after=None
[2025-01-26T11:27:17.751-0300] {processor.py:208} INFO - Processing /mnt/c/Users/ander/Desktop/airflow-spark/airflow-spark/curso2/ambientX/lib/python3.9/site-packages/airflow/example_dags/example_short_circuit_operator.py took 0.187 seconds
[2025-01-26T11:28:29.338-0300] {processor.py:186} INFO - Started process (PID=21858) to work on /mnt/c/Users/ander/Desktop/airflow-spark/airflow-spark/curso2/ambientX/lib/python3.9/site-packages/airflow/example_dags/example_short_circuit_operator.py
[2025-01-26T11:28:29.339-0300] {processor.py:914} INFO - Processing file /mnt/c/Users/ander/Desktop/airflow-spark/airflow-spark/curso2/ambientX/lib/python3.9/site-packages/airflow/example_dags/example_short_circuit_operator.py for tasks to queue
[2025-01-26T11:28:29.341-0300] {logging_mixin.py:190} INFO - [2025-01-26T11:28:29.341-0300] {dagbag.py:588} INFO - Filling up the DagBag from /mnt/c/Users/ander/Desktop/airflow-spark/airflow-spark/curso2/ambientX/lib/python3.9/site-packages/airflow/example_dags/example_short_circuit_operator.py
[2025-01-26T11:28:29.376-0300] {processor.py:925} INFO - DAG(s) 'example_short_circuit_operator' retrieved from /mnt/c/Users/ander/Desktop/airflow-spark/airflow-spark/curso2/ambientX/lib/python3.9/site-packages/airflow/example_dags/example_short_circuit_operator.py
[2025-01-26T11:28:29.422-0300] {logging_mixin.py:190} INFO - [2025-01-26T11:28:29.421-0300] {dag.py:3239} INFO - Sync 1 DAGs
[2025-01-26T11:28:29.441-0300] {logging_mixin.py:190} INFO - [2025-01-26T11:28:29.441-0300] {dag.py:4180} INFO - Setting next_dagrun for example_short_circuit_operator to None, run_after=None
[2025-01-26T11:28:29.918-0300] {processor.py:208} INFO - Processing /mnt/c/Users/ander/Desktop/airflow-spark/airflow-spark/curso2/ambientX/lib/python3.9/site-packages/airflow/example_dags/example_short_circuit_operator.py took 0.600 seconds
[2025-01-26T11:29:46.309-0300] {processor.py:186} INFO - Started process (PID=22280) to work on /mnt/c/Users/ander/Desktop/airflow-spark/airflow-spark/curso2/ambientX/lib/python3.9/site-packages/airflow/example_dags/example_short_circuit_operator.py
[2025-01-26T11:29:46.311-0300] {processor.py:914} INFO - Processing file /mnt/c/Users/ander/Desktop/airflow-spark/airflow-spark/curso2/ambientX/lib/python3.9/site-packages/airflow/example_dags/example_short_circuit_operator.py for tasks to queue
[2025-01-26T11:29:46.313-0300] {logging_mixin.py:190} INFO - [2025-01-26T11:29:46.312-0300] {dagbag.py:588} INFO - Filling up the DagBag from /mnt/c/Users/ander/Desktop/airflow-spark/airflow-spark/curso2/ambientX/lib/python3.9/site-packages/airflow/example_dags/example_short_circuit_operator.py
[2025-01-26T11:29:46.340-0300] {processor.py:925} INFO - DAG(s) 'example_short_circuit_operator' retrieved from /mnt/c/Users/ander/Desktop/airflow-spark/airflow-spark/curso2/ambientX/lib/python3.9/site-packages/airflow/example_dags/example_short_circuit_operator.py
[2025-01-26T11:29:46.384-0300] {logging_mixin.py:190} INFO - [2025-01-26T11:29:46.384-0300] {dag.py:3239} INFO - Sync 1 DAGs
[2025-01-26T11:29:46.403-0300] {logging_mixin.py:190} INFO - [2025-01-26T11:29:46.403-0300] {dag.py:4180} INFO - Setting next_dagrun for example_short_circuit_operator to None, run_after=None
[2025-01-26T11:29:46.611-0300] {processor.py:208} INFO - Processing /mnt/c/Users/ander/Desktop/airflow-spark/airflow-spark/curso2/ambientX/lib/python3.9/site-packages/airflow/example_dags/example_short_circuit_operator.py took 0.319 seconds
[2025-01-26T11:31:16.046-0300] {processor.py:186} INFO - Started process (PID=22733) to work on /mnt/c/Users/ander/Desktop/airflow-spark/airflow-spark/curso2/ambientX/lib/python3.9/site-packages/airflow/example_dags/example_short_circuit_operator.py
[2025-01-26T11:31:16.048-0300] {processor.py:914} INFO - Processing file /mnt/c/Users/ander/Desktop/airflow-spark/airflow-spark/curso2/ambientX/lib/python3.9/site-packages/airflow/example_dags/example_short_circuit_operator.py for tasks to queue
[2025-01-26T11:31:16.050-0300] {logging_mixin.py:190} INFO - [2025-01-26T11:31:16.049-0300] {dagbag.py:588} INFO - Filling up the DagBag from /mnt/c/Users/ander/Desktop/airflow-spark/airflow-spark/curso2/ambientX/lib/python3.9/site-packages/airflow/example_dags/example_short_circuit_operator.py
[2025-01-26T11:31:16.078-0300] {processor.py:925} INFO - DAG(s) 'example_short_circuit_operator' retrieved from /mnt/c/Users/ander/Desktop/airflow-spark/airflow-spark/curso2/ambientX/lib/python3.9/site-packages/airflow/example_dags/example_short_circuit_operator.py
[2025-01-26T11:31:16.122-0300] {logging_mixin.py:190} INFO - [2025-01-26T11:31:16.122-0300] {dag.py:3239} INFO - Sync 1 DAGs
[2025-01-26T11:31:16.142-0300] {logging_mixin.py:190} INFO - [2025-01-26T11:31:16.142-0300] {dag.py:4180} INFO - Setting next_dagrun for example_short_circuit_operator to None, run_after=None
[2025-01-26T11:31:16.742-0300] {processor.py:208} INFO - Processing /mnt/c/Users/ander/Desktop/airflow-spark/airflow-spark/curso2/ambientX/lib/python3.9/site-packages/airflow/example_dags/example_short_circuit_operator.py took 0.711 seconds
[2025-01-26T11:32:50.697-0300] {processor.py:186} INFO - Started process (PID=23084) to work on /mnt/c/Users/ander/Desktop/airflow-spark/airflow-spark/curso2/ambientX/lib/python3.9/site-packages/airflow/example_dags/example_short_circuit_operator.py
[2025-01-26T11:32:50.699-0300] {processor.py:914} INFO - Processing file /mnt/c/Users/ander/Desktop/airflow-spark/airflow-spark/curso2/ambientX/lib/python3.9/site-packages/airflow/example_dags/example_short_circuit_operator.py for tasks to queue
[2025-01-26T11:32:50.701-0300] {logging_mixin.py:190} INFO - [2025-01-26T11:32:50.700-0300] {dagbag.py:588} INFO - Filling up the DagBag from /mnt/c/Users/ander/Desktop/airflow-spark/airflow-spark/curso2/ambientX/lib/python3.9/site-packages/airflow/example_dags/example_short_circuit_operator.py
[2025-01-26T11:32:50.729-0300] {processor.py:925} INFO - DAG(s) 'example_short_circuit_operator' retrieved from /mnt/c/Users/ander/Desktop/airflow-spark/airflow-spark/curso2/ambientX/lib/python3.9/site-packages/airflow/example_dags/example_short_circuit_operator.py
[2025-01-26T11:32:50.773-0300] {logging_mixin.py:190} INFO - [2025-01-26T11:32:50.772-0300] {dag.py:3239} INFO - Sync 1 DAGs
[2025-01-26T11:32:50.795-0300] {logging_mixin.py:190} INFO - [2025-01-26T11:32:50.794-0300] {dag.py:4180} INFO - Setting next_dagrun for example_short_circuit_operator to None, run_after=None
[2025-01-26T11:32:51.306-0300] {processor.py:208} INFO - Processing /mnt/c/Users/ander/Desktop/airflow-spark/airflow-spark/curso2/ambientX/lib/python3.9/site-packages/airflow/example_dags/example_short_circuit_operator.py took 0.626 seconds
[2025-01-26T11:33:57.120-0300] {processor.py:186} INFO - Started process (PID=23416) to work on /mnt/c/Users/ander/Desktop/airflow-spark/airflow-spark/curso2/ambientX/lib/python3.9/site-packages/airflow/example_dags/example_short_circuit_operator.py
[2025-01-26T11:33:57.122-0300] {processor.py:914} INFO - Processing file /mnt/c/Users/ander/Desktop/airflow-spark/airflow-spark/curso2/ambientX/lib/python3.9/site-packages/airflow/example_dags/example_short_circuit_operator.py for tasks to queue
[2025-01-26T11:33:57.124-0300] {logging_mixin.py:190} INFO - [2025-01-26T11:33:57.123-0300] {dagbag.py:588} INFO - Filling up the DagBag from /mnt/c/Users/ander/Desktop/airflow-spark/airflow-spark/curso2/ambientX/lib/python3.9/site-packages/airflow/example_dags/example_short_circuit_operator.py
[2025-01-26T11:33:57.153-0300] {processor.py:925} INFO - DAG(s) 'example_short_circuit_operator' retrieved from /mnt/c/Users/ander/Desktop/airflow-spark/airflow-spark/curso2/ambientX/lib/python3.9/site-packages/airflow/example_dags/example_short_circuit_operator.py
[2025-01-26T11:33:57.199-0300] {logging_mixin.py:190} INFO - [2025-01-26T11:33:57.198-0300] {dag.py:3239} INFO - Sync 1 DAGs
[2025-01-26T11:33:57.219-0300] {logging_mixin.py:190} INFO - [2025-01-26T11:33:57.219-0300] {dag.py:4180} INFO - Setting next_dagrun for example_short_circuit_operator to None, run_after=None
[2025-01-26T11:33:57.291-0300] {processor.py:208} INFO - Processing /mnt/c/Users/ander/Desktop/airflow-spark/airflow-spark/curso2/ambientX/lib/python3.9/site-packages/airflow/example_dags/example_short_circuit_operator.py took 0.189 seconds
[2025-01-26T11:35:38.072-0300] {processor.py:186} INFO - Started process (PID=23928) to work on /mnt/c/Users/ander/Desktop/airflow-spark/airflow-spark/curso2/ambientX/lib/python3.9/site-packages/airflow/example_dags/example_short_circuit_operator.py
[2025-01-26T11:35:38.074-0300] {processor.py:914} INFO - Processing file /mnt/c/Users/ander/Desktop/airflow-spark/airflow-spark/curso2/ambientX/lib/python3.9/site-packages/airflow/example_dags/example_short_circuit_operator.py for tasks to queue
[2025-01-26T11:35:38.076-0300] {logging_mixin.py:190} INFO - [2025-01-26T11:35:38.075-0300] {dagbag.py:588} INFO - Filling up the DagBag from /mnt/c/Users/ander/Desktop/airflow-spark/airflow-spark/curso2/ambientX/lib/python3.9/site-packages/airflow/example_dags/example_short_circuit_operator.py
[2025-01-26T11:35:38.105-0300] {processor.py:925} INFO - DAG(s) 'example_short_circuit_operator' retrieved from /mnt/c/Users/ander/Desktop/airflow-spark/airflow-spark/curso2/ambientX/lib/python3.9/site-packages/airflow/example_dags/example_short_circuit_operator.py
[2025-01-26T11:35:38.151-0300] {logging_mixin.py:190} INFO - [2025-01-26T11:35:38.151-0300] {dag.py:3239} INFO - Sync 1 DAGs
[2025-01-26T11:35:38.172-0300] {logging_mixin.py:190} INFO - [2025-01-26T11:35:38.171-0300] {dag.py:4180} INFO - Setting next_dagrun for example_short_circuit_operator to None, run_after=None
[2025-01-26T11:35:38.237-0300] {processor.py:208} INFO - Processing /mnt/c/Users/ander/Desktop/airflow-spark/airflow-spark/curso2/ambientX/lib/python3.9/site-packages/airflow/example_dags/example_short_circuit_operator.py took 0.184 seconds
[2025-01-26T11:37:22.804-0300] {processor.py:186} INFO - Started process (PID=24448) to work on /mnt/c/Users/ander/Desktop/airflow-spark/airflow-spark/curso2/ambientX/lib/python3.9/site-packages/airflow/example_dags/example_short_circuit_operator.py
[2025-01-26T11:37:22.805-0300] {processor.py:914} INFO - Processing file /mnt/c/Users/ander/Desktop/airflow-spark/airflow-spark/curso2/ambientX/lib/python3.9/site-packages/airflow/example_dags/example_short_circuit_operator.py for tasks to queue
[2025-01-26T11:37:22.807-0300] {logging_mixin.py:190} INFO - [2025-01-26T11:37:22.807-0300] {dagbag.py:588} INFO - Filling up the DagBag from /mnt/c/Users/ander/Desktop/airflow-spark/airflow-spark/curso2/ambientX/lib/python3.9/site-packages/airflow/example_dags/example_short_circuit_operator.py
[2025-01-26T11:37:22.835-0300] {processor.py:925} INFO - DAG(s) 'example_short_circuit_operator' retrieved from /mnt/c/Users/ander/Desktop/airflow-spark/airflow-spark/curso2/ambientX/lib/python3.9/site-packages/airflow/example_dags/example_short_circuit_operator.py
[2025-01-26T11:37:22.881-0300] {logging_mixin.py:190} INFO - [2025-01-26T11:37:22.880-0300] {dag.py:3239} INFO - Sync 1 DAGs
[2025-01-26T11:37:22.901-0300] {logging_mixin.py:190} INFO - [2025-01-26T11:37:22.901-0300] {dag.py:4180} INFO - Setting next_dagrun for example_short_circuit_operator to None, run_after=None
[2025-01-26T11:37:22.972-0300] {processor.py:208} INFO - Processing /mnt/c/Users/ander/Desktop/airflow-spark/airflow-spark/curso2/ambientX/lib/python3.9/site-packages/airflow/example_dags/example_short_circuit_operator.py took 0.192 seconds
[2025-01-26T11:39:04.172-0300] {processor.py:186} INFO - Started process (PID=24900) to work on /mnt/c/Users/ander/Desktop/airflow-spark/airflow-spark/curso2/ambientX/lib/python3.9/site-packages/airflow/example_dags/example_short_circuit_operator.py
[2025-01-26T11:39:04.173-0300] {processor.py:914} INFO - Processing file /mnt/c/Users/ander/Desktop/airflow-spark/airflow-spark/curso2/ambientX/lib/python3.9/site-packages/airflow/example_dags/example_short_circuit_operator.py for tasks to queue
[2025-01-26T11:39:04.175-0300] {logging_mixin.py:190} INFO - [2025-01-26T11:39:04.175-0300] {dagbag.py:588} INFO - Filling up the DagBag from /mnt/c/Users/ander/Desktop/airflow-spark/airflow-spark/curso2/ambientX/lib/python3.9/site-packages/airflow/example_dags/example_short_circuit_operator.py
[2025-01-26T11:39:04.207-0300] {processor.py:925} INFO - DAG(s) 'example_short_circuit_operator' retrieved from /mnt/c/Users/ander/Desktop/airflow-spark/airflow-spark/curso2/ambientX/lib/python3.9/site-packages/airflow/example_dags/example_short_circuit_operator.py
[2025-01-26T11:39:04.252-0300] {logging_mixin.py:190} INFO - [2025-01-26T11:39:04.252-0300] {dag.py:3239} INFO - Sync 1 DAGs
[2025-01-26T11:39:04.272-0300] {logging_mixin.py:190} INFO - [2025-01-26T11:39:04.272-0300] {dag.py:4180} INFO - Setting next_dagrun for example_short_circuit_operator to None, run_after=None
[2025-01-26T11:39:04.335-0300] {processor.py:208} INFO - Processing /mnt/c/Users/ander/Desktop/airflow-spark/airflow-spark/curso2/ambientX/lib/python3.9/site-packages/airflow/example_dags/example_short_circuit_operator.py took 0.181 seconds
[2025-01-26T11:40:39.349-0300] {processor.py:186} INFO - Started process (PID=25393) to work on /mnt/c/Users/ander/Desktop/airflow-spark/airflow-spark/curso2/ambientX/lib/python3.9/site-packages/airflow/example_dags/example_short_circuit_operator.py
[2025-01-26T11:40:39.351-0300] {processor.py:914} INFO - Processing file /mnt/c/Users/ander/Desktop/airflow-spark/airflow-spark/curso2/ambientX/lib/python3.9/site-packages/airflow/example_dags/example_short_circuit_operator.py for tasks to queue
[2025-01-26T11:40:39.353-0300] {logging_mixin.py:190} INFO - [2025-01-26T11:40:39.352-0300] {dagbag.py:588} INFO - Filling up the DagBag from /mnt/c/Users/ander/Desktop/airflow-spark/airflow-spark/curso2/ambientX/lib/python3.9/site-packages/airflow/example_dags/example_short_circuit_operator.py
[2025-01-26T11:40:39.382-0300] {processor.py:925} INFO - DAG(s) 'example_short_circuit_operator' retrieved from /mnt/c/Users/ander/Desktop/airflow-spark/airflow-spark/curso2/ambientX/lib/python3.9/site-packages/airflow/example_dags/example_short_circuit_operator.py
[2025-01-26T11:40:39.429-0300] {logging_mixin.py:190} INFO - [2025-01-26T11:40:39.429-0300] {dag.py:3239} INFO - Sync 1 DAGs
[2025-01-26T11:40:39.450-0300] {logging_mixin.py:190} INFO - [2025-01-26T11:40:39.450-0300] {dag.py:4180} INFO - Setting next_dagrun for example_short_circuit_operator to None, run_after=None
[2025-01-26T11:40:39.516-0300] {processor.py:208} INFO - Processing /mnt/c/Users/ander/Desktop/airflow-spark/airflow-spark/curso2/ambientX/lib/python3.9/site-packages/airflow/example_dags/example_short_circuit_operator.py took 0.185 seconds
[2025-01-26T11:42:18.319-0300] {processor.py:186} INFO - Started process (PID=25914) to work on /mnt/c/Users/ander/Desktop/airflow-spark/airflow-spark/curso2/ambientX/lib/python3.9/site-packages/airflow/example_dags/example_short_circuit_operator.py
[2025-01-26T11:42:18.320-0300] {processor.py:914} INFO - Processing file /mnt/c/Users/ander/Desktop/airflow-spark/airflow-spark/curso2/ambientX/lib/python3.9/site-packages/airflow/example_dags/example_short_circuit_operator.py for tasks to queue
[2025-01-26T11:42:18.322-0300] {logging_mixin.py:190} INFO - [2025-01-26T11:42:18.322-0300] {dagbag.py:588} INFO - Filling up the DagBag from /mnt/c/Users/ander/Desktop/airflow-spark/airflow-spark/curso2/ambientX/lib/python3.9/site-packages/airflow/example_dags/example_short_circuit_operator.py
[2025-01-26T11:42:18.344-0300] {processor.py:925} INFO - DAG(s) 'example_short_circuit_operator' retrieved from /mnt/c/Users/ander/Desktop/airflow-spark/airflow-spark/curso2/ambientX/lib/python3.9/site-packages/airflow/example_dags/example_short_circuit_operator.py
[2025-01-26T11:42:18.399-0300] {logging_mixin.py:190} INFO - [2025-01-26T11:42:18.398-0300] {dag.py:3239} INFO - Sync 1 DAGs
[2025-01-26T11:42:18.422-0300] {logging_mixin.py:190} INFO - [2025-01-26T11:42:18.421-0300] {dag.py:4180} INFO - Setting next_dagrun for example_short_circuit_operator to None, run_after=None
[2025-01-26T11:42:18.488-0300] {processor.py:208} INFO - Processing /mnt/c/Users/ander/Desktop/airflow-spark/airflow-spark/curso2/ambientX/lib/python3.9/site-packages/airflow/example_dags/example_short_circuit_operator.py took 0.185 seconds
[2025-01-26T11:44:10.496-0300] {processor.py:186} INFO - Started process (PID=26455) to work on /mnt/c/Users/ander/Desktop/airflow-spark/airflow-spark/curso2/ambientX/lib/python3.9/site-packages/airflow/example_dags/example_short_circuit_operator.py
[2025-01-26T11:44:10.497-0300] {processor.py:914} INFO - Processing file /mnt/c/Users/ander/Desktop/airflow-spark/airflow-spark/curso2/ambientX/lib/python3.9/site-packages/airflow/example_dags/example_short_circuit_operator.py for tasks to queue
[2025-01-26T11:44:10.499-0300] {logging_mixin.py:190} INFO - [2025-01-26T11:44:10.499-0300] {dagbag.py:588} INFO - Filling up the DagBag from /mnt/c/Users/ander/Desktop/airflow-spark/airflow-spark/curso2/ambientX/lib/python3.9/site-packages/airflow/example_dags/example_short_circuit_operator.py
[2025-01-26T11:44:10.527-0300] {processor.py:925} INFO - DAG(s) 'example_short_circuit_operator' retrieved from /mnt/c/Users/ander/Desktop/airflow-spark/airflow-spark/curso2/ambientX/lib/python3.9/site-packages/airflow/example_dags/example_short_circuit_operator.py
[2025-01-26T11:44:10.576-0300] {logging_mixin.py:190} INFO - [2025-01-26T11:44:10.576-0300] {dag.py:3239} INFO - Sync 1 DAGs
[2025-01-26T11:44:10.597-0300] {logging_mixin.py:190} INFO - [2025-01-26T11:44:10.597-0300] {dag.py:4180} INFO - Setting next_dagrun for example_short_circuit_operator to None, run_after=None
[2025-01-26T11:44:10.660-0300] {processor.py:208} INFO - Processing /mnt/c/Users/ander/Desktop/airflow-spark/airflow-spark/curso2/ambientX/lib/python3.9/site-packages/airflow/example_dags/example_short_circuit_operator.py took 0.183 seconds
