[2025-01-26T10:26:28.001-0300] {processor.py:186} INFO - Started process (PID=2918) to work on /mnt/c/Users/ander/Desktop/airflow-spark/airflow-spark/curso2/ambientX/lib/python3.9/site-packages/airflow/example_dags/example_bash_operator.py
[2025-01-26T10:26:28.002-0300] {processor.py:914} INFO - Processing file /mnt/c/Users/ander/Desktop/airflow-spark/airflow-spark/curso2/ambientX/lib/python3.9/site-packages/airflow/example_dags/example_bash_operator.py for tasks to queue
[2025-01-26T10:26:28.008-0300] {logging_mixin.py:190} INFO - [2025-01-26T10:26:28.007-0300] {dagbag.py:588} INFO - Filling up the DagBag from /mnt/c/Users/ander/Desktop/airflow-spark/airflow-spark/curso2/ambientX/lib/python3.9/site-packages/airflow/example_dags/example_bash_operator.py
[2025-01-26T10:26:28.097-0300] {processor.py:925} INFO - DAG(s) 'example_bash_operator' retrieved from /mnt/c/Users/ander/Desktop/airflow-spark/airflow-spark/curso2/ambientX/lib/python3.9/site-packages/airflow/example_dags/example_bash_operator.py
[2025-01-26T10:26:28.140-0300] {logging_mixin.py:190} INFO - [2025-01-26T10:26:28.140-0300] {dag.py:3239} INFO - Sync 1 DAGs
[2025-01-26T10:26:28.175-0300] {logging_mixin.py:190} INFO - [2025-01-26T10:26:28.175-0300] {dag.py:4180} INFO - Setting next_dagrun for example_bash_operator to 2025-01-25T00:00:00+00:00, run_after=2025-01-26T00:00:00+00:00
[2025-01-26T10:26:28.245-0300] {processor.py:208} INFO - Processing /mnt/c/Users/ander/Desktop/airflow-spark/airflow-spark/curso2/ambientX/lib/python3.9/site-packages/airflow/example_dags/example_bash_operator.py took 0.264 seconds
[2025-01-26T10:39:37.592-0300] {processor.py:186} INFO - Started process (PID=8298) to work on /mnt/c/Users/ander/Desktop/airflow-spark/airflow-spark/curso2/ambientX/lib/python3.9/site-packages/airflow/example_dags/example_bash_operator.py
[2025-01-26T10:39:37.594-0300] {processor.py:914} INFO - Processing file /mnt/c/Users/ander/Desktop/airflow-spark/airflow-spark/curso2/ambientX/lib/python3.9/site-packages/airflow/example_dags/example_bash_operator.py for tasks to queue
[2025-01-26T10:39:37.597-0300] {logging_mixin.py:190} INFO - [2025-01-26T10:39:37.596-0300] {dagbag.py:588} INFO - Filling up the DagBag from /mnt/c/Users/ander/Desktop/airflow-spark/airflow-spark/curso2/ambientX/lib/python3.9/site-packages/airflow/example_dags/example_bash_operator.py
[2025-01-26T10:39:37.648-0300] {processor.py:925} INFO - DAG(s) 'example_bash_operator' retrieved from /mnt/c/Users/ander/Desktop/airflow-spark/airflow-spark/curso2/ambientX/lib/python3.9/site-packages/airflow/example_dags/example_bash_operator.py
[2025-01-26T10:39:37.720-0300] {logging_mixin.py:190} INFO - [2025-01-26T10:39:37.720-0300] {dag.py:3239} INFO - Sync 1 DAGs
[2025-01-26T10:39:37.831-0300] {logging_mixin.py:190} INFO - [2025-01-26T10:39:37.831-0300] {dag.py:4180} INFO - Setting next_dagrun for example_bash_operator to 2025-01-25T00:00:00+00:00, run_after=2025-01-26T00:00:00+00:00
[2025-01-26T10:39:37.973-0300] {processor.py:208} INFO - Processing /mnt/c/Users/ander/Desktop/airflow-spark/airflow-spark/curso2/ambientX/lib/python3.9/site-packages/airflow/example_dags/example_bash_operator.py took 0.409 seconds
[2025-01-26T10:41:31.008-0300] {processor.py:186} INFO - Started process (PID=8928) to work on /mnt/c/Users/ander/Desktop/airflow-spark/airflow-spark/curso2/ambientX/lib/python3.9/site-packages/airflow/example_dags/example_bash_operator.py
[2025-01-26T10:41:31.010-0300] {processor.py:914} INFO - Processing file /mnt/c/Users/ander/Desktop/airflow-spark/airflow-spark/curso2/ambientX/lib/python3.9/site-packages/airflow/example_dags/example_bash_operator.py for tasks to queue
[2025-01-26T10:41:31.012-0300] {logging_mixin.py:190} INFO - [2025-01-26T10:41:31.011-0300] {dagbag.py:588} INFO - Filling up the DagBag from /mnt/c/Users/ander/Desktop/airflow-spark/airflow-spark/curso2/ambientX/lib/python3.9/site-packages/airflow/example_dags/example_bash_operator.py
[2025-01-26T10:41:31.056-0300] {processor.py:925} INFO - DAG(s) 'example_bash_operator' retrieved from /mnt/c/Users/ander/Desktop/airflow-spark/airflow-spark/curso2/ambientX/lib/python3.9/site-packages/airflow/example_dags/example_bash_operator.py
[2025-01-26T10:41:31.133-0300] {logging_mixin.py:190} INFO - [2025-01-26T10:41:31.133-0300] {dag.py:3239} INFO - Sync 1 DAGs
[2025-01-26T10:41:31.175-0300] {logging_mixin.py:190} INFO - [2025-01-26T10:41:31.174-0300] {dag.py:4180} INFO - Setting next_dagrun for example_bash_operator to 2025-01-25T00:00:00+00:00, run_after=2025-01-26T00:00:00+00:00
[2025-01-26T10:41:31.252-0300] {processor.py:208} INFO - Processing /mnt/c/Users/ander/Desktop/airflow-spark/airflow-spark/curso2/ambientX/lib/python3.9/site-packages/airflow/example_dags/example_bash_operator.py took 0.262 seconds
[2025-01-26T10:43:21.824-0300] {processor.py:186} INFO - Started process (PID=9300) to work on /mnt/c/Users/ander/Desktop/airflow-spark/airflow-spark/curso2/ambientX/lib/python3.9/site-packages/airflow/example_dags/example_bash_operator.py
[2025-01-26T10:43:21.825-0300] {processor.py:914} INFO - Processing file /mnt/c/Users/ander/Desktop/airflow-spark/airflow-spark/curso2/ambientX/lib/python3.9/site-packages/airflow/example_dags/example_bash_operator.py for tasks to queue
[2025-01-26T10:43:21.827-0300] {logging_mixin.py:190} INFO - [2025-01-26T10:43:21.827-0300] {dagbag.py:588} INFO - Filling up the DagBag from /mnt/c/Users/ander/Desktop/airflow-spark/airflow-spark/curso2/ambientX/lib/python3.9/site-packages/airflow/example_dags/example_bash_operator.py
[2025-01-26T10:43:21.879-0300] {processor.py:925} INFO - DAG(s) 'example_bash_operator' retrieved from /mnt/c/Users/ander/Desktop/airflow-spark/airflow-spark/curso2/ambientX/lib/python3.9/site-packages/airflow/example_dags/example_bash_operator.py
[2025-01-26T10:43:21.938-0300] {logging_mixin.py:190} INFO - [2025-01-26T10:43:21.937-0300] {dag.py:3239} INFO - Sync 1 DAGs
[2025-01-26T10:43:21.975-0300] {logging_mixin.py:190} INFO - [2025-01-26T10:43:21.975-0300] {dag.py:4180} INFO - Setting next_dagrun for example_bash_operator to 2025-01-25T00:00:00+00:00, run_after=2025-01-26T00:00:00+00:00
[2025-01-26T10:43:22.056-0300] {processor.py:208} INFO - Processing /mnt/c/Users/ander/Desktop/airflow-spark/airflow-spark/curso2/ambientX/lib/python3.9/site-packages/airflow/example_dags/example_bash_operator.py took 0.248 seconds
[2025-01-26T10:45:21.451-0300] {processor.py:186} INFO - Started process (PID=9766) to work on /mnt/c/Users/ander/Desktop/airflow-spark/airflow-spark/curso2/ambientX/lib/python3.9/site-packages/airflow/example_dags/example_bash_operator.py
[2025-01-26T10:45:21.453-0300] {processor.py:914} INFO - Processing file /mnt/c/Users/ander/Desktop/airflow-spark/airflow-spark/curso2/ambientX/lib/python3.9/site-packages/airflow/example_dags/example_bash_operator.py for tasks to queue
[2025-01-26T10:45:21.454-0300] {logging_mixin.py:190} INFO - [2025-01-26T10:45:21.454-0300] {dagbag.py:588} INFO - Filling up the DagBag from /mnt/c/Users/ander/Desktop/airflow-spark/airflow-spark/curso2/ambientX/lib/python3.9/site-packages/airflow/example_dags/example_bash_operator.py
[2025-01-26T10:45:21.490-0300] {processor.py:925} INFO - DAG(s) 'example_bash_operator' retrieved from /mnt/c/Users/ander/Desktop/airflow-spark/airflow-spark/curso2/ambientX/lib/python3.9/site-packages/airflow/example_dags/example_bash_operator.py
[2025-01-26T10:45:21.541-0300] {logging_mixin.py:190} INFO - [2025-01-26T10:45:21.541-0300] {dag.py:3239} INFO - Sync 1 DAGs
[2025-01-26T10:45:21.575-0300] {logging_mixin.py:190} INFO - [2025-01-26T10:45:21.575-0300] {dag.py:4180} INFO - Setting next_dagrun for example_bash_operator to 2025-01-25T00:00:00+00:00, run_after=2025-01-26T00:00:00+00:00
[2025-01-26T10:45:21.664-0300] {processor.py:208} INFO - Processing /mnt/c/Users/ander/Desktop/airflow-spark/airflow-spark/curso2/ambientX/lib/python3.9/site-packages/airflow/example_dags/example_bash_operator.py took 0.229 seconds
[2025-01-26T10:47:04.143-0300] {processor.py:186} INFO - Started process (PID=10249) to work on /mnt/c/Users/ander/Desktop/airflow-spark/airflow-spark/curso2/ambientX/lib/python3.9/site-packages/airflow/example_dags/example_bash_operator.py
[2025-01-26T10:47:04.144-0300] {processor.py:914} INFO - Processing file /mnt/c/Users/ander/Desktop/airflow-spark/airflow-spark/curso2/ambientX/lib/python3.9/site-packages/airflow/example_dags/example_bash_operator.py for tasks to queue
[2025-01-26T10:47:04.146-0300] {logging_mixin.py:190} INFO - [2025-01-26T10:47:04.146-0300] {dagbag.py:588} INFO - Filling up the DagBag from /mnt/c/Users/ander/Desktop/airflow-spark/airflow-spark/curso2/ambientX/lib/python3.9/site-packages/airflow/example_dags/example_bash_operator.py
[2025-01-26T10:47:04.189-0300] {processor.py:925} INFO - DAG(s) 'example_bash_operator' retrieved from /mnt/c/Users/ander/Desktop/airflow-spark/airflow-spark/curso2/ambientX/lib/python3.9/site-packages/airflow/example_dags/example_bash_operator.py
[2025-01-26T10:47:04.240-0300] {logging_mixin.py:190} INFO - [2025-01-26T10:47:04.239-0300] {dag.py:3239} INFO - Sync 1 DAGs
[2025-01-26T10:47:04.273-0300] {logging_mixin.py:190} INFO - [2025-01-26T10:47:04.273-0300] {dag.py:4180} INFO - Setting next_dagrun for example_bash_operator to 2025-01-25T00:00:00+00:00, run_after=2025-01-26T00:00:00+00:00
[2025-01-26T10:47:04.336-0300] {processor.py:208} INFO - Processing /mnt/c/Users/ander/Desktop/airflow-spark/airflow-spark/curso2/ambientX/lib/python3.9/site-packages/airflow/example_dags/example_bash_operator.py took 0.212 seconds
[2025-01-26T10:48:53.445-0300] {processor.py:186} INFO - Started process (PID=10690) to work on /mnt/c/Users/ander/Desktop/airflow-spark/airflow-spark/curso2/ambientX/lib/python3.9/site-packages/airflow/example_dags/example_bash_operator.py
[2025-01-26T10:48:53.447-0300] {processor.py:914} INFO - Processing file /mnt/c/Users/ander/Desktop/airflow-spark/airflow-spark/curso2/ambientX/lib/python3.9/site-packages/airflow/example_dags/example_bash_operator.py for tasks to queue
[2025-01-26T10:48:53.449-0300] {logging_mixin.py:190} INFO - [2025-01-26T10:48:53.449-0300] {dagbag.py:588} INFO - Filling up the DagBag from /mnt/c/Users/ander/Desktop/airflow-spark/airflow-spark/curso2/ambientX/lib/python3.9/site-packages/airflow/example_dags/example_bash_operator.py
[2025-01-26T10:48:53.483-0300] {processor.py:925} INFO - DAG(s) 'example_bash_operator' retrieved from /mnt/c/Users/ander/Desktop/airflow-spark/airflow-spark/curso2/ambientX/lib/python3.9/site-packages/airflow/example_dags/example_bash_operator.py
[2025-01-26T10:48:53.534-0300] {logging_mixin.py:190} INFO - [2025-01-26T10:48:53.534-0300] {dag.py:3239} INFO - Sync 1 DAGs
[2025-01-26T10:48:53.575-0300] {logging_mixin.py:190} INFO - [2025-01-26T10:48:53.575-0300] {dag.py:4180} INFO - Setting next_dagrun for example_bash_operator to 2025-01-25T00:00:00+00:00, run_after=2025-01-26T00:00:00+00:00
[2025-01-26T10:48:53.644-0300] {processor.py:208} INFO - Processing /mnt/c/Users/ander/Desktop/airflow-spark/airflow-spark/curso2/ambientX/lib/python3.9/site-packages/airflow/example_dags/example_bash_operator.py took 0.216 seconds
[2025-01-26T10:50:42.552-0300] {processor.py:186} INFO - Started process (PID=11224) to work on /mnt/c/Users/ander/Desktop/airflow-spark/airflow-spark/curso2/ambientX/lib/python3.9/site-packages/airflow/example_dags/example_bash_operator.py
[2025-01-26T10:50:42.554-0300] {processor.py:914} INFO - Processing file /mnt/c/Users/ander/Desktop/airflow-spark/airflow-spark/curso2/ambientX/lib/python3.9/site-packages/airflow/example_dags/example_bash_operator.py for tasks to queue
[2025-01-26T10:50:42.557-0300] {logging_mixin.py:190} INFO - [2025-01-26T10:50:42.556-0300] {dagbag.py:588} INFO - Filling up the DagBag from /mnt/c/Users/ander/Desktop/airflow-spark/airflow-spark/curso2/ambientX/lib/python3.9/site-packages/airflow/example_dags/example_bash_operator.py
[2025-01-26T10:50:42.593-0300] {processor.py:925} INFO - DAG(s) 'example_bash_operator' retrieved from /mnt/c/Users/ander/Desktop/airflow-spark/airflow-spark/curso2/ambientX/lib/python3.9/site-packages/airflow/example_dags/example_bash_operator.py
[2025-01-26T10:50:42.651-0300] {logging_mixin.py:190} INFO - [2025-01-26T10:50:42.651-0300] {dag.py:3239} INFO - Sync 1 DAGs
[2025-01-26T10:50:42.692-0300] {logging_mixin.py:190} INFO - [2025-01-26T10:50:42.691-0300] {dag.py:4180} INFO - Setting next_dagrun for example_bash_operator to 2025-01-25T00:00:00+00:00, run_after=2025-01-26T00:00:00+00:00
[2025-01-26T10:50:42.773-0300] {processor.py:208} INFO - Processing /mnt/c/Users/ander/Desktop/airflow-spark/airflow-spark/curso2/ambientX/lib/python3.9/site-packages/airflow/example_dags/example_bash_operator.py took 0.246 seconds
[2025-01-26T10:52:31.339-0300] {processor.py:186} INFO - Started process (PID=11672) to work on /mnt/c/Users/ander/Desktop/airflow-spark/airflow-spark/curso2/ambientX/lib/python3.9/site-packages/airflow/example_dags/example_bash_operator.py
[2025-01-26T10:52:31.341-0300] {processor.py:914} INFO - Processing file /mnt/c/Users/ander/Desktop/airflow-spark/airflow-spark/curso2/ambientX/lib/python3.9/site-packages/airflow/example_dags/example_bash_operator.py for tasks to queue
[2025-01-26T10:52:31.343-0300] {logging_mixin.py:190} INFO - [2025-01-26T10:52:31.342-0300] {dagbag.py:588} INFO - Filling up the DagBag from /mnt/c/Users/ander/Desktop/airflow-spark/airflow-spark/curso2/ambientX/lib/python3.9/site-packages/airflow/example_dags/example_bash_operator.py
[2025-01-26T10:52:31.385-0300] {processor.py:925} INFO - DAG(s) 'example_bash_operator' retrieved from /mnt/c/Users/ander/Desktop/airflow-spark/airflow-spark/curso2/ambientX/lib/python3.9/site-packages/airflow/example_dags/example_bash_operator.py
[2025-01-26T10:52:31.441-0300] {logging_mixin.py:190} INFO - [2025-01-26T10:52:31.440-0300] {dag.py:3239} INFO - Sync 1 DAGs
[2025-01-26T10:52:31.478-0300] {logging_mixin.py:190} INFO - [2025-01-26T10:52:31.477-0300] {dag.py:4180} INFO - Setting next_dagrun for example_bash_operator to 2025-01-25T00:00:00+00:00, run_after=2025-01-26T00:00:00+00:00
[2025-01-26T10:52:31.553-0300] {processor.py:208} INFO - Processing /mnt/c/Users/ander/Desktop/airflow-spark/airflow-spark/curso2/ambientX/lib/python3.9/site-packages/airflow/example_dags/example_bash_operator.py took 0.235 seconds
[2025-01-26T10:54:25.746-0300] {processor.py:186} INFO - Started process (PID=12137) to work on /mnt/c/Users/ander/Desktop/airflow-spark/airflow-spark/curso2/ambientX/lib/python3.9/site-packages/airflow/example_dags/example_bash_operator.py
[2025-01-26T10:54:25.748-0300] {processor.py:914} INFO - Processing file /mnt/c/Users/ander/Desktop/airflow-spark/airflow-spark/curso2/ambientX/lib/python3.9/site-packages/airflow/example_dags/example_bash_operator.py for tasks to queue
[2025-01-26T10:54:25.751-0300] {logging_mixin.py:190} INFO - [2025-01-26T10:54:25.750-0300] {dagbag.py:588} INFO - Filling up the DagBag from /mnt/c/Users/ander/Desktop/airflow-spark/airflow-spark/curso2/ambientX/lib/python3.9/site-packages/airflow/example_dags/example_bash_operator.py
[2025-01-26T10:54:25.791-0300] {processor.py:925} INFO - DAG(s) 'example_bash_operator' retrieved from /mnt/c/Users/ander/Desktop/airflow-spark/airflow-spark/curso2/ambientX/lib/python3.9/site-packages/airflow/example_dags/example_bash_operator.py
[2025-01-26T10:54:25.852-0300] {logging_mixin.py:190} INFO - [2025-01-26T10:54:25.851-0300] {dag.py:3239} INFO - Sync 1 DAGs
[2025-01-26T10:54:25.892-0300] {logging_mixin.py:190} INFO - [2025-01-26T10:54:25.892-0300] {dag.py:4180} INFO - Setting next_dagrun for example_bash_operator to 2025-01-25T00:00:00+00:00, run_after=2025-01-26T00:00:00+00:00
[2025-01-26T10:54:25.965-0300] {processor.py:208} INFO - Processing /mnt/c/Users/ander/Desktop/airflow-spark/airflow-spark/curso2/ambientX/lib/python3.9/site-packages/airflow/example_dags/example_bash_operator.py took 0.244 seconds
[2025-01-26T10:56:13.533-0300] {processor.py:186} INFO - Started process (PID=12591) to work on /mnt/c/Users/ander/Desktop/airflow-spark/airflow-spark/curso2/ambientX/lib/python3.9/site-packages/airflow/example_dags/example_bash_operator.py
[2025-01-26T10:56:13.534-0300] {processor.py:914} INFO - Processing file /mnt/c/Users/ander/Desktop/airflow-spark/airflow-spark/curso2/ambientX/lib/python3.9/site-packages/airflow/example_dags/example_bash_operator.py for tasks to queue
[2025-01-26T10:56:13.537-0300] {logging_mixin.py:190} INFO - [2025-01-26T10:56:13.536-0300] {dagbag.py:588} INFO - Filling up the DagBag from /mnt/c/Users/ander/Desktop/airflow-spark/airflow-spark/curso2/ambientX/lib/python3.9/site-packages/airflow/example_dags/example_bash_operator.py
[2025-01-26T10:56:13.574-0300] {processor.py:925} INFO - DAG(s) 'example_bash_operator' retrieved from /mnt/c/Users/ander/Desktop/airflow-spark/airflow-spark/curso2/ambientX/lib/python3.9/site-packages/airflow/example_dags/example_bash_operator.py
[2025-01-26T10:56:13.634-0300] {logging_mixin.py:190} INFO - [2025-01-26T10:56:13.633-0300] {dag.py:3239} INFO - Sync 1 DAGs
[2025-01-26T10:56:13.676-0300] {logging_mixin.py:190} INFO - [2025-01-26T10:56:13.675-0300] {dag.py:4180} INFO - Setting next_dagrun for example_bash_operator to 2025-01-25T00:00:00+00:00, run_after=2025-01-26T00:00:00+00:00
[2025-01-26T10:56:13.773-0300] {processor.py:208} INFO - Processing /mnt/c/Users/ander/Desktop/airflow-spark/airflow-spark/curso2/ambientX/lib/python3.9/site-packages/airflow/example_dags/example_bash_operator.py took 0.266 seconds
[2025-01-26T10:58:05.589-0300] {processor.py:186} INFO - Started process (PID=13109) to work on /mnt/c/Users/ander/Desktop/airflow-spark/airflow-spark/curso2/ambientX/lib/python3.9/site-packages/airflow/example_dags/example_bash_operator.py
[2025-01-26T10:58:05.591-0300] {processor.py:914} INFO - Processing file /mnt/c/Users/ander/Desktop/airflow-spark/airflow-spark/curso2/ambientX/lib/python3.9/site-packages/airflow/example_dags/example_bash_operator.py for tasks to queue
[2025-01-26T10:58:05.593-0300] {logging_mixin.py:190} INFO - [2025-01-26T10:58:05.593-0300] {dagbag.py:588} INFO - Filling up the DagBag from /mnt/c/Users/ander/Desktop/airflow-spark/airflow-spark/curso2/ambientX/lib/python3.9/site-packages/airflow/example_dags/example_bash_operator.py
[2025-01-26T10:58:05.629-0300] {processor.py:925} INFO - DAG(s) 'example_bash_operator' retrieved from /mnt/c/Users/ander/Desktop/airflow-spark/airflow-spark/curso2/ambientX/lib/python3.9/site-packages/airflow/example_dags/example_bash_operator.py
[2025-01-26T10:58:05.680-0300] {logging_mixin.py:190} INFO - [2025-01-26T10:58:05.680-0300] {dag.py:3239} INFO - Sync 1 DAGs
[2025-01-26T10:58:05.716-0300] {logging_mixin.py:190} INFO - [2025-01-26T10:58:05.716-0300] {dag.py:4180} INFO - Setting next_dagrun for example_bash_operator to 2025-01-25T00:00:00+00:00, run_after=2025-01-26T00:00:00+00:00
[2025-01-26T10:58:05.793-0300] {processor.py:208} INFO - Processing /mnt/c/Users/ander/Desktop/airflow-spark/airflow-spark/curso2/ambientX/lib/python3.9/site-packages/airflow/example_dags/example_bash_operator.py took 0.223 seconds
[2025-01-26T11:00:02.368-0300] {processor.py:186} INFO - Started process (PID=13671) to work on /mnt/c/Users/ander/Desktop/airflow-spark/airflow-spark/curso2/ambientX/lib/python3.9/site-packages/airflow/example_dags/example_bash_operator.py
[2025-01-26T11:00:02.370-0300] {processor.py:914} INFO - Processing file /mnt/c/Users/ander/Desktop/airflow-spark/airflow-spark/curso2/ambientX/lib/python3.9/site-packages/airflow/example_dags/example_bash_operator.py for tasks to queue
[2025-01-26T11:00:02.373-0300] {logging_mixin.py:190} INFO - [2025-01-26T11:00:02.372-0300] {dagbag.py:588} INFO - Filling up the DagBag from /mnt/c/Users/ander/Desktop/airflow-spark/airflow-spark/curso2/ambientX/lib/python3.9/site-packages/airflow/example_dags/example_bash_operator.py
[2025-01-26T11:00:02.415-0300] {processor.py:925} INFO - DAG(s) 'example_bash_operator' retrieved from /mnt/c/Users/ander/Desktop/airflow-spark/airflow-spark/curso2/ambientX/lib/python3.9/site-packages/airflow/example_dags/example_bash_operator.py
[2025-01-26T11:00:02.494-0300] {logging_mixin.py:190} INFO - [2025-01-26T11:00:02.493-0300] {dag.py:3239} INFO - Sync 1 DAGs
[2025-01-26T11:00:02.556-0300] {logging_mixin.py:190} INFO - [2025-01-26T11:00:02.555-0300] {dag.py:4180} INFO - Setting next_dagrun for example_bash_operator to 2025-01-25T00:00:00+00:00, run_after=2025-01-26T00:00:00+00:00
[2025-01-26T11:00:02.689-0300] {processor.py:208} INFO - Processing /mnt/c/Users/ander/Desktop/airflow-spark/airflow-spark/curso2/ambientX/lib/python3.9/site-packages/airflow/example_dags/example_bash_operator.py took 0.344 seconds
[2025-01-26T11:01:59.050-0300] {processor.py:186} INFO - Started process (PID=14230) to work on /mnt/c/Users/ander/Desktop/airflow-spark/airflow-spark/curso2/ambientX/lib/python3.9/site-packages/airflow/example_dags/example_bash_operator.py
[2025-01-26T11:01:59.052-0300] {processor.py:914} INFO - Processing file /mnt/c/Users/ander/Desktop/airflow-spark/airflow-spark/curso2/ambientX/lib/python3.9/site-packages/airflow/example_dags/example_bash_operator.py for tasks to queue
[2025-01-26T11:01:59.055-0300] {logging_mixin.py:190} INFO - [2025-01-26T11:01:59.055-0300] {dagbag.py:588} INFO - Filling up the DagBag from /mnt/c/Users/ander/Desktop/airflow-spark/airflow-spark/curso2/ambientX/lib/python3.9/site-packages/airflow/example_dags/example_bash_operator.py
[2025-01-26T11:01:59.098-0300] {processor.py:925} INFO - DAG(s) 'example_bash_operator' retrieved from /mnt/c/Users/ander/Desktop/airflow-spark/airflow-spark/curso2/ambientX/lib/python3.9/site-packages/airflow/example_dags/example_bash_operator.py
[2025-01-26T11:01:59.159-0300] {logging_mixin.py:190} INFO - [2025-01-26T11:01:59.159-0300] {dag.py:3239} INFO - Sync 1 DAGs
[2025-01-26T11:01:59.201-0300] {logging_mixin.py:190} INFO - [2025-01-26T11:01:59.201-0300] {dag.py:4180} INFO - Setting next_dagrun for example_bash_operator to 2025-01-25T00:00:00+00:00, run_after=2025-01-26T00:00:00+00:00
[2025-01-26T11:01:59.288-0300] {processor.py:208} INFO - Processing /mnt/c/Users/ander/Desktop/airflow-spark/airflow-spark/curso2/ambientX/lib/python3.9/site-packages/airflow/example_dags/example_bash_operator.py took 0.257 seconds
[2025-01-26T11:03:52.304-0300] {processor.py:186} INFO - Started process (PID=15198) to work on /mnt/c/Users/ander/Desktop/airflow-spark/airflow-spark/curso2/ambientX/lib/python3.9/site-packages/airflow/example_dags/example_bash_operator.py
[2025-01-26T11:03:52.305-0300] {processor.py:914} INFO - Processing file /mnt/c/Users/ander/Desktop/airflow-spark/airflow-spark/curso2/ambientX/lib/python3.9/site-packages/airflow/example_dags/example_bash_operator.py for tasks to queue
[2025-01-26T11:03:52.307-0300] {logging_mixin.py:190} INFO - [2025-01-26T11:03:52.307-0300] {dagbag.py:588} INFO - Filling up the DagBag from /mnt/c/Users/ander/Desktop/airflow-spark/airflow-spark/curso2/ambientX/lib/python3.9/site-packages/airflow/example_dags/example_bash_operator.py
[2025-01-26T11:03:52.343-0300] {processor.py:925} INFO - DAG(s) 'example_bash_operator' retrieved from /mnt/c/Users/ander/Desktop/airflow-spark/airflow-spark/curso2/ambientX/lib/python3.9/site-packages/airflow/example_dags/example_bash_operator.py
[2025-01-26T11:03:52.394-0300] {logging_mixin.py:190} INFO - [2025-01-26T11:03:52.393-0300] {dag.py:3239} INFO - Sync 1 DAGs
[2025-01-26T11:03:52.429-0300] {logging_mixin.py:190} INFO - [2025-01-26T11:03:52.429-0300] {dag.py:4180} INFO - Setting next_dagrun for example_bash_operator to 2025-01-25T00:00:00+00:00, run_after=2025-01-26T00:00:00+00:00
[2025-01-26T11:03:52.503-0300] {processor.py:208} INFO - Processing /mnt/c/Users/ander/Desktop/airflow-spark/airflow-spark/curso2/ambientX/lib/python3.9/site-packages/airflow/example_dags/example_bash_operator.py took 0.217 seconds
[2025-01-26T11:05:33.021-0300] {processor.py:186} INFO - Started process (PID=15580) to work on /mnt/c/Users/ander/Desktop/airflow-spark/airflow-spark/curso2/ambientX/lib/python3.9/site-packages/airflow/example_dags/example_bash_operator.py
[2025-01-26T11:05:33.022-0300] {processor.py:914} INFO - Processing file /mnt/c/Users/ander/Desktop/airflow-spark/airflow-spark/curso2/ambientX/lib/python3.9/site-packages/airflow/example_dags/example_bash_operator.py for tasks to queue
[2025-01-26T11:05:33.025-0300] {logging_mixin.py:190} INFO - [2025-01-26T11:05:33.025-0300] {dagbag.py:588} INFO - Filling up the DagBag from /mnt/c/Users/ander/Desktop/airflow-spark/airflow-spark/curso2/ambientX/lib/python3.9/site-packages/airflow/example_dags/example_bash_operator.py
[2025-01-26T11:05:33.062-0300] {processor.py:925} INFO - DAG(s) 'example_bash_operator' retrieved from /mnt/c/Users/ander/Desktop/airflow-spark/airflow-spark/curso2/ambientX/lib/python3.9/site-packages/airflow/example_dags/example_bash_operator.py
[2025-01-26T11:05:33.117-0300] {logging_mixin.py:190} INFO - [2025-01-26T11:05:33.117-0300] {dag.py:3239} INFO - Sync 1 DAGs
[2025-01-26T11:05:33.156-0300] {logging_mixin.py:190} INFO - [2025-01-26T11:05:33.156-0300] {dag.py:4180} INFO - Setting next_dagrun for example_bash_operator to 2025-01-25T00:00:00+00:00, run_after=2025-01-26T00:00:00+00:00
[2025-01-26T11:05:33.226-0300] {processor.py:208} INFO - Processing /mnt/c/Users/ander/Desktop/airflow-spark/airflow-spark/curso2/ambientX/lib/python3.9/site-packages/airflow/example_dags/example_bash_operator.py took 0.225 seconds
[2025-01-26T11:07:13.876-0300] {processor.py:186} INFO - Started process (PID=16018) to work on /mnt/c/Users/ander/Desktop/airflow-spark/airflow-spark/curso2/ambientX/lib/python3.9/site-packages/airflow/example_dags/example_bash_operator.py
[2025-01-26T11:07:13.878-0300] {processor.py:914} INFO - Processing file /mnt/c/Users/ander/Desktop/airflow-spark/airflow-spark/curso2/ambientX/lib/python3.9/site-packages/airflow/example_dags/example_bash_operator.py for tasks to queue
[2025-01-26T11:07:13.880-0300] {logging_mixin.py:190} INFO - [2025-01-26T11:07:13.879-0300] {dagbag.py:588} INFO - Filling up the DagBag from /mnt/c/Users/ander/Desktop/airflow-spark/airflow-spark/curso2/ambientX/lib/python3.9/site-packages/airflow/example_dags/example_bash_operator.py
[2025-01-26T11:07:13.914-0300] {processor.py:925} INFO - DAG(s) 'example_bash_operator' retrieved from /mnt/c/Users/ander/Desktop/airflow-spark/airflow-spark/curso2/ambientX/lib/python3.9/site-packages/airflow/example_dags/example_bash_operator.py
[2025-01-26T11:07:13.966-0300] {logging_mixin.py:190} INFO - [2025-01-26T11:07:13.965-0300] {dag.py:3239} INFO - Sync 1 DAGs
[2025-01-26T11:07:13.999-0300] {logging_mixin.py:190} INFO - [2025-01-26T11:07:13.999-0300] {dag.py:4180} INFO - Setting next_dagrun for example_bash_operator to 2025-01-25T00:00:00+00:00, run_after=2025-01-26T00:00:00+00:00
[2025-01-26T11:07:14.074-0300] {processor.py:208} INFO - Processing /mnt/c/Users/ander/Desktop/airflow-spark/airflow-spark/curso2/ambientX/lib/python3.9/site-packages/airflow/example_dags/example_bash_operator.py took 0.217 seconds
[2025-01-26T11:08:57.656-0300] {processor.py:186} INFO - Started process (PID=16524) to work on /mnt/c/Users/ander/Desktop/airflow-spark/airflow-spark/curso2/ambientX/lib/python3.9/site-packages/airflow/example_dags/example_bash_operator.py
[2025-01-26T11:08:57.657-0300] {processor.py:914} INFO - Processing file /mnt/c/Users/ander/Desktop/airflow-spark/airflow-spark/curso2/ambientX/lib/python3.9/site-packages/airflow/example_dags/example_bash_operator.py for tasks to queue
[2025-01-26T11:08:57.659-0300] {logging_mixin.py:190} INFO - [2025-01-26T11:08:57.659-0300] {dagbag.py:588} INFO - Filling up the DagBag from /mnt/c/Users/ander/Desktop/airflow-spark/airflow-spark/curso2/ambientX/lib/python3.9/site-packages/airflow/example_dags/example_bash_operator.py
[2025-01-26T11:08:57.690-0300] {processor.py:925} INFO - DAG(s) 'example_bash_operator' retrieved from /mnt/c/Users/ander/Desktop/airflow-spark/airflow-spark/curso2/ambientX/lib/python3.9/site-packages/airflow/example_dags/example_bash_operator.py
[2025-01-26T11:08:57.739-0300] {logging_mixin.py:190} INFO - [2025-01-26T11:08:57.739-0300] {dag.py:3239} INFO - Sync 1 DAGs
[2025-01-26T11:08:57.771-0300] {logging_mixin.py:190} INFO - [2025-01-26T11:08:57.771-0300] {dag.py:4180} INFO - Setting next_dagrun for example_bash_operator to 2025-01-25T00:00:00+00:00, run_after=2025-01-26T00:00:00+00:00
[2025-01-26T11:08:57.837-0300] {processor.py:208} INFO - Processing /mnt/c/Users/ander/Desktop/airflow-spark/airflow-spark/curso2/ambientX/lib/python3.9/site-packages/airflow/example_dags/example_bash_operator.py took 0.197 seconds
[2025-01-26T11:10:42.148-0300] {processor.py:186} INFO - Started process (PID=16911) to work on /mnt/c/Users/ander/Desktop/airflow-spark/airflow-spark/curso2/ambientX/lib/python3.9/site-packages/airflow/example_dags/example_bash_operator.py
[2025-01-26T11:10:42.149-0300] {processor.py:914} INFO - Processing file /mnt/c/Users/ander/Desktop/airflow-spark/airflow-spark/curso2/ambientX/lib/python3.9/site-packages/airflow/example_dags/example_bash_operator.py for tasks to queue
[2025-01-26T11:10:42.151-0300] {logging_mixin.py:190} INFO - [2025-01-26T11:10:42.151-0300] {dagbag.py:588} INFO - Filling up the DagBag from /mnt/c/Users/ander/Desktop/airflow-spark/airflow-spark/curso2/ambientX/lib/python3.9/site-packages/airflow/example_dags/example_bash_operator.py
[2025-01-26T11:10:42.190-0300] {processor.py:925} INFO - DAG(s) 'example_bash_operator' retrieved from /mnt/c/Users/ander/Desktop/airflow-spark/airflow-spark/curso2/ambientX/lib/python3.9/site-packages/airflow/example_dags/example_bash_operator.py
[2025-01-26T11:10:42.252-0300] {logging_mixin.py:190} INFO - [2025-01-26T11:10:42.252-0300] {dag.py:3239} INFO - Sync 1 DAGs
[2025-01-26T11:10:42.291-0300] {logging_mixin.py:190} INFO - [2025-01-26T11:10:42.291-0300] {dag.py:4180} INFO - Setting next_dagrun for example_bash_operator to 2025-01-25T00:00:00+00:00, run_after=2025-01-26T00:00:00+00:00
[2025-01-26T11:10:42.404-0300] {processor.py:208} INFO - Processing /mnt/c/Users/ander/Desktop/airflow-spark/airflow-spark/curso2/ambientX/lib/python3.9/site-packages/airflow/example_dags/example_bash_operator.py took 0.273 seconds
[2025-01-26T11:13:55.054-0300] {processor.py:186} INFO - Started process (PID=17790) to work on /mnt/c/Users/ander/Desktop/airflow-spark/airflow-spark/curso2/ambientX/lib/python3.9/site-packages/airflow/example_dags/example_bash_operator.py
[2025-01-26T11:13:55.112-0300] {processor.py:914} INFO - Processing file /mnt/c/Users/ander/Desktop/airflow-spark/airflow-spark/curso2/ambientX/lib/python3.9/site-packages/airflow/example_dags/example_bash_operator.py for tasks to queue
[2025-01-26T11:13:55.114-0300] {logging_mixin.py:190} INFO - [2025-01-26T11:13:55.114-0300] {dagbag.py:588} INFO - Filling up the DagBag from /mnt/c/Users/ander/Desktop/airflow-spark/airflow-spark/curso2/ambientX/lib/python3.9/site-packages/airflow/example_dags/example_bash_operator.py
[2025-01-26T11:13:55.149-0300] {processor.py:925} INFO - DAG(s) 'example_bash_operator' retrieved from /mnt/c/Users/ander/Desktop/airflow-spark/airflow-spark/curso2/ambientX/lib/python3.9/site-packages/airflow/example_dags/example_bash_operator.py
[2025-01-26T11:13:55.566-0300] {logging_mixin.py:190} INFO - [2025-01-26T11:13:55.566-0300] {dag.py:3239} INFO - Sync 1 DAGs
[2025-01-26T11:13:55.599-0300] {logging_mixin.py:190} INFO - [2025-01-26T11:13:55.598-0300] {dag.py:4180} INFO - Setting next_dagrun for example_bash_operator to 2025-01-25T00:00:00+00:00, run_after=2025-01-26T00:00:00+00:00
[2025-01-26T11:13:58.029-0300] {processor.py:208} INFO - Processing /mnt/c/Users/ander/Desktop/airflow-spark/airflow-spark/curso2/ambientX/lib/python3.9/site-packages/airflow/example_dags/example_bash_operator.py took 2.988 seconds
[2025-01-26T11:17:37.839-0300] {processor.py:186} INFO - Started process (PID=18787) to work on /mnt/c/Users/ander/Desktop/airflow-spark/airflow-spark/curso2/ambientX/lib/python3.9/site-packages/airflow/example_dags/example_bash_operator.py
[2025-01-26T11:17:37.841-0300] {processor.py:914} INFO - Processing file /mnt/c/Users/ander/Desktop/airflow-spark/airflow-spark/curso2/ambientX/lib/python3.9/site-packages/airflow/example_dags/example_bash_operator.py for tasks to queue
[2025-01-26T11:17:37.843-0300] {logging_mixin.py:190} INFO - [2025-01-26T11:17:37.843-0300] {dagbag.py:588} INFO - Filling up the DagBag from /mnt/c/Users/ander/Desktop/airflow-spark/airflow-spark/curso2/ambientX/lib/python3.9/site-packages/airflow/example_dags/example_bash_operator.py
[2025-01-26T11:17:37.877-0300] {processor.py:925} INFO - DAG(s) 'example_bash_operator' retrieved from /mnt/c/Users/ander/Desktop/airflow-spark/airflow-spark/curso2/ambientX/lib/python3.9/site-packages/airflow/example_dags/example_bash_operator.py
[2025-01-26T11:17:37.924-0300] {logging_mixin.py:190} INFO - [2025-01-26T11:17:37.924-0300] {dag.py:3239} INFO - Sync 1 DAGs
[2025-01-26T11:17:37.957-0300] {logging_mixin.py:190} INFO - [2025-01-26T11:17:37.956-0300] {dag.py:4180} INFO - Setting next_dagrun for example_bash_operator to 2025-01-25T00:00:00+00:00, run_after=2025-01-26T00:00:00+00:00
[2025-01-26T11:17:38.731-0300] {processor.py:208} INFO - Processing /mnt/c/Users/ander/Desktop/airflow-spark/airflow-spark/curso2/ambientX/lib/python3.9/site-packages/airflow/example_dags/example_bash_operator.py took 0.911 seconds
[2025-01-26T11:21:00.156-0300] {processor.py:186} INFO - Started process (PID=19741) to work on /mnt/c/Users/ander/Desktop/airflow-spark/airflow-spark/curso2/ambientX/lib/python3.9/site-packages/airflow/example_dags/example_bash_operator.py
[2025-01-26T11:21:00.157-0300] {processor.py:914} INFO - Processing file /mnt/c/Users/ander/Desktop/airflow-spark/airflow-spark/curso2/ambientX/lib/python3.9/site-packages/airflow/example_dags/example_bash_operator.py for tasks to queue
[2025-01-26T11:21:00.159-0300] {logging_mixin.py:190} INFO - [2025-01-26T11:21:00.159-0300] {dagbag.py:588} INFO - Filling up the DagBag from /mnt/c/Users/ander/Desktop/airflow-spark/airflow-spark/curso2/ambientX/lib/python3.9/site-packages/airflow/example_dags/example_bash_operator.py
[2025-01-26T11:21:00.192-0300] {processor.py:925} INFO - DAG(s) 'example_bash_operator' retrieved from /mnt/c/Users/ander/Desktop/airflow-spark/airflow-spark/curso2/ambientX/lib/python3.9/site-packages/airflow/example_dags/example_bash_operator.py
[2025-01-26T11:21:00.243-0300] {logging_mixin.py:190} INFO - [2025-01-26T11:21:00.243-0300] {dag.py:3239} INFO - Sync 1 DAGs
[2025-01-26T11:21:00.277-0300] {logging_mixin.py:190} INFO - [2025-01-26T11:21:00.277-0300] {dag.py:4180} INFO - Setting next_dagrun for example_bash_operator to 2025-01-25T00:00:00+00:00, run_after=2025-01-26T00:00:00+00:00
[2025-01-26T11:21:00.895-0300] {processor.py:208} INFO - Processing /mnt/c/Users/ander/Desktop/airflow-spark/airflow-spark/curso2/ambientX/lib/python3.9/site-packages/airflow/example_dags/example_bash_operator.py took 0.757 seconds
[2025-01-26T11:24:17.176-0300] {processor.py:186} INFO - Started process (PID=20573) to work on /mnt/c/Users/ander/Desktop/airflow-spark/airflow-spark/curso2/ambientX/lib/python3.9/site-packages/airflow/example_dags/example_bash_operator.py
[2025-01-26T11:24:17.178-0300] {processor.py:914} INFO - Processing file /mnt/c/Users/ander/Desktop/airflow-spark/airflow-spark/curso2/ambientX/lib/python3.9/site-packages/airflow/example_dags/example_bash_operator.py for tasks to queue
[2025-01-26T11:24:17.180-0300] {logging_mixin.py:190} INFO - [2025-01-26T11:24:17.179-0300] {dagbag.py:588} INFO - Filling up the DagBag from /mnt/c/Users/ander/Desktop/airflow-spark/airflow-spark/curso2/ambientX/lib/python3.9/site-packages/airflow/example_dags/example_bash_operator.py
[2025-01-26T11:24:17.214-0300] {processor.py:925} INFO - DAG(s) 'example_bash_operator' retrieved from /mnt/c/Users/ander/Desktop/airflow-spark/airflow-spark/curso2/ambientX/lib/python3.9/site-packages/airflow/example_dags/example_bash_operator.py
[2025-01-26T11:24:17.264-0300] {logging_mixin.py:190} INFO - [2025-01-26T11:24:17.264-0300] {dag.py:3239} INFO - Sync 1 DAGs
[2025-01-26T11:24:17.296-0300] {logging_mixin.py:190} INFO - [2025-01-26T11:24:17.296-0300] {dag.py:4180} INFO - Setting next_dagrun for example_bash_operator to 2025-01-25T00:00:00+00:00, run_after=2025-01-26T00:00:00+00:00
[2025-01-26T11:24:17.752-0300] {processor.py:208} INFO - Processing /mnt/c/Users/ander/Desktop/airflow-spark/airflow-spark/curso2/ambientX/lib/python3.9/site-packages/airflow/example_dags/example_bash_operator.py took 0.593 seconds
[2025-01-26T11:26:38.953-0300] {processor.py:186} INFO - Started process (PID=21267) to work on /mnt/c/Users/ander/Desktop/airflow-spark/airflow-spark/curso2/ambientX/lib/python3.9/site-packages/airflow/example_dags/example_bash_operator.py
[2025-01-26T11:26:38.955-0300] {processor.py:914} INFO - Processing file /mnt/c/Users/ander/Desktop/airflow-spark/airflow-spark/curso2/ambientX/lib/python3.9/site-packages/airflow/example_dags/example_bash_operator.py for tasks to queue
[2025-01-26T11:26:38.958-0300] {logging_mixin.py:190} INFO - [2025-01-26T11:26:38.957-0300] {dagbag.py:588} INFO - Filling up the DagBag from /mnt/c/Users/ander/Desktop/airflow-spark/airflow-spark/curso2/ambientX/lib/python3.9/site-packages/airflow/example_dags/example_bash_operator.py
[2025-01-26T11:26:39.003-0300] {processor.py:925} INFO - DAG(s) 'example_bash_operator' retrieved from /mnt/c/Users/ander/Desktop/airflow-spark/airflow-spark/curso2/ambientX/lib/python3.9/site-packages/airflow/example_dags/example_bash_operator.py
[2025-01-26T11:26:39.053-0300] {logging_mixin.py:190} INFO - [2025-01-26T11:26:39.053-0300] {dag.py:3239} INFO - Sync 1 DAGs
[2025-01-26T11:26:39.086-0300] {logging_mixin.py:190} INFO - [2025-01-26T11:26:39.086-0300] {dag.py:4180} INFO - Setting next_dagrun for example_bash_operator to 2025-01-25T00:00:00+00:00, run_after=2025-01-26T00:00:00+00:00
[2025-01-26T11:26:39.161-0300] {processor.py:208} INFO - Processing /mnt/c/Users/ander/Desktop/airflow-spark/airflow-spark/curso2/ambientX/lib/python3.9/site-packages/airflow/example_dags/example_bash_operator.py took 0.224 seconds
[2025-01-26T11:29:02.769-0300] {processor.py:186} INFO - Started process (PID=21960) to work on /mnt/c/Users/ander/Desktop/airflow-spark/airflow-spark/curso2/ambientX/lib/python3.9/site-packages/airflow/example_dags/example_bash_operator.py
[2025-01-26T11:29:02.771-0300] {processor.py:914} INFO - Processing file /mnt/c/Users/ander/Desktop/airflow-spark/airflow-spark/curso2/ambientX/lib/python3.9/site-packages/airflow/example_dags/example_bash_operator.py for tasks to queue
[2025-01-26T11:29:02.774-0300] {logging_mixin.py:190} INFO - [2025-01-26T11:29:02.773-0300] {dagbag.py:588} INFO - Filling up the DagBag from /mnt/c/Users/ander/Desktop/airflow-spark/airflow-spark/curso2/ambientX/lib/python3.9/site-packages/airflow/example_dags/example_bash_operator.py
[2025-01-26T11:29:02.817-0300] {processor.py:925} INFO - DAG(s) 'example_bash_operator' retrieved from /mnt/c/Users/ander/Desktop/airflow-spark/airflow-spark/curso2/ambientX/lib/python3.9/site-packages/airflow/example_dags/example_bash_operator.py
[2025-01-26T11:29:02.865-0300] {logging_mixin.py:190} INFO - [2025-01-26T11:29:02.865-0300] {dag.py:3239} INFO - Sync 1 DAGs
[2025-01-26T11:29:02.898-0300] {logging_mixin.py:190} INFO - [2025-01-26T11:29:02.898-0300] {dag.py:4180} INFO - Setting next_dagrun for example_bash_operator to 2025-01-25T00:00:00+00:00, run_after=2025-01-26T00:00:00+00:00
[2025-01-26T11:29:03.549-0300] {processor.py:208} INFO - Processing /mnt/c/Users/ander/Desktop/airflow-spark/airflow-spark/curso2/ambientX/lib/python3.9/site-packages/airflow/example_dags/example_bash_operator.py took 0.799 seconds
[2025-01-26T11:31:56.124-0300] {processor.py:186} INFO - Started process (PID=22855) to work on /mnt/c/Users/ander/Desktop/airflow-spark/airflow-spark/curso2/ambientX/lib/python3.9/site-packages/airflow/example_dags/example_bash_operator.py
[2025-01-26T11:31:56.125-0300] {processor.py:914} INFO - Processing file /mnt/c/Users/ander/Desktop/airflow-spark/airflow-spark/curso2/ambientX/lib/python3.9/site-packages/airflow/example_dags/example_bash_operator.py for tasks to queue
[2025-01-26T11:31:56.127-0300] {logging_mixin.py:190} INFO - [2025-01-26T11:31:56.127-0300] {dagbag.py:588} INFO - Filling up the DagBag from /mnt/c/Users/ander/Desktop/airflow-spark/airflow-spark/curso2/ambientX/lib/python3.9/site-packages/airflow/example_dags/example_bash_operator.py
[2025-01-26T11:31:56.156-0300] {processor.py:925} INFO - DAG(s) 'example_bash_operator' retrieved from /mnt/c/Users/ander/Desktop/airflow-spark/airflow-spark/curso2/ambientX/lib/python3.9/site-packages/airflow/example_dags/example_bash_operator.py
[2025-01-26T11:31:56.205-0300] {logging_mixin.py:190} INFO - [2025-01-26T11:31:56.204-0300] {dag.py:3239} INFO - Sync 1 DAGs
[2025-01-26T11:31:56.237-0300] {logging_mixin.py:190} INFO - [2025-01-26T11:31:56.237-0300] {dag.py:4180} INFO - Setting next_dagrun for example_bash_operator to 2025-01-25T00:00:00+00:00, run_after=2025-01-26T00:00:00+00:00
[2025-01-26T11:31:57.048-0300] {processor.py:208} INFO - Processing /mnt/c/Users/ander/Desktop/airflow-spark/airflow-spark/curso2/ambientX/lib/python3.9/site-packages/airflow/example_dags/example_bash_operator.py took 0.941 seconds
[2025-01-26T11:34:21.797-0300] {processor.py:186} INFO - Started process (PID=23553) to work on /mnt/c/Users/ander/Desktop/airflow-spark/airflow-spark/curso2/ambientX/lib/python3.9/site-packages/airflow/example_dags/example_bash_operator.py
[2025-01-26T11:34:21.799-0300] {processor.py:914} INFO - Processing file /mnt/c/Users/ander/Desktop/airflow-spark/airflow-spark/curso2/ambientX/lib/python3.9/site-packages/airflow/example_dags/example_bash_operator.py for tasks to queue
[2025-01-26T11:34:21.801-0300] {logging_mixin.py:190} INFO - [2025-01-26T11:34:21.800-0300] {dagbag.py:588} INFO - Filling up the DagBag from /mnt/c/Users/ander/Desktop/airflow-spark/airflow-spark/curso2/ambientX/lib/python3.9/site-packages/airflow/example_dags/example_bash_operator.py
[2025-01-26T11:34:21.831-0300] {processor.py:925} INFO - DAG(s) 'example_bash_operator' retrieved from /mnt/c/Users/ander/Desktop/airflow-spark/airflow-spark/curso2/ambientX/lib/python3.9/site-packages/airflow/example_dags/example_bash_operator.py
[2025-01-26T11:34:21.883-0300] {logging_mixin.py:190} INFO - [2025-01-26T11:34:21.883-0300] {dag.py:3239} INFO - Sync 1 DAGs
[2025-01-26T11:34:21.915-0300] {logging_mixin.py:190} INFO - [2025-01-26T11:34:21.915-0300] {dag.py:4180} INFO - Setting next_dagrun for example_bash_operator to 2025-01-25T00:00:00+00:00, run_after=2025-01-26T00:00:00+00:00
[2025-01-26T11:34:21.971-0300] {processor.py:208} INFO - Processing /mnt/c/Users/ander/Desktop/airflow-spark/airflow-spark/curso2/ambientX/lib/python3.9/site-packages/airflow/example_dags/example_bash_operator.py took 0.190 seconds
[2025-01-26T11:36:02.620-0300] {processor.py:186} INFO - Started process (PID=24065) to work on /mnt/c/Users/ander/Desktop/airflow-spark/airflow-spark/curso2/ambientX/lib/python3.9/site-packages/airflow/example_dags/example_bash_operator.py
[2025-01-26T11:36:02.621-0300] {processor.py:914} INFO - Processing file /mnt/c/Users/ander/Desktop/airflow-spark/airflow-spark/curso2/ambientX/lib/python3.9/site-packages/airflow/example_dags/example_bash_operator.py for tasks to queue
[2025-01-26T11:36:02.623-0300] {logging_mixin.py:190} INFO - [2025-01-26T11:36:02.622-0300] {dagbag.py:588} INFO - Filling up the DagBag from /mnt/c/Users/ander/Desktop/airflow-spark/airflow-spark/curso2/ambientX/lib/python3.9/site-packages/airflow/example_dags/example_bash_operator.py
[2025-01-26T11:36:02.659-0300] {processor.py:925} INFO - DAG(s) 'example_bash_operator' retrieved from /mnt/c/Users/ander/Desktop/airflow-spark/airflow-spark/curso2/ambientX/lib/python3.9/site-packages/airflow/example_dags/example_bash_operator.py
[2025-01-26T11:36:02.723-0300] {logging_mixin.py:190} INFO - [2025-01-26T11:36:02.722-0300] {dag.py:3239} INFO - Sync 1 DAGs
[2025-01-26T11:36:02.754-0300] {logging_mixin.py:190} INFO - [2025-01-26T11:36:02.754-0300] {dag.py:4180} INFO - Setting next_dagrun for example_bash_operator to 2025-01-25T00:00:00+00:00, run_after=2025-01-26T00:00:00+00:00
[2025-01-26T11:36:02.820-0300] {processor.py:208} INFO - Processing /mnt/c/Users/ander/Desktop/airflow-spark/airflow-spark/curso2/ambientX/lib/python3.9/site-packages/airflow/example_dags/example_bash_operator.py took 0.218 seconds
[2025-01-26T11:37:45.650-0300] {processor.py:186} INFO - Started process (PID=24519) to work on /mnt/c/Users/ander/Desktop/airflow-spark/airflow-spark/curso2/ambientX/lib/python3.9/site-packages/airflow/example_dags/example_bash_operator.py
[2025-01-26T11:37:45.651-0300] {processor.py:914} INFO - Processing file /mnt/c/Users/ander/Desktop/airflow-spark/airflow-spark/curso2/ambientX/lib/python3.9/site-packages/airflow/example_dags/example_bash_operator.py for tasks to queue
[2025-01-26T11:37:45.653-0300] {logging_mixin.py:190} INFO - [2025-01-26T11:37:45.653-0300] {dagbag.py:588} INFO - Filling up the DagBag from /mnt/c/Users/ander/Desktop/airflow-spark/airflow-spark/curso2/ambientX/lib/python3.9/site-packages/airflow/example_dags/example_bash_operator.py
[2025-01-26T11:37:45.683-0300] {processor.py:925} INFO - DAG(s) 'example_bash_operator' retrieved from /mnt/c/Users/ander/Desktop/airflow-spark/airflow-spark/curso2/ambientX/lib/python3.9/site-packages/airflow/example_dags/example_bash_operator.py
[2025-01-26T11:37:45.738-0300] {logging_mixin.py:190} INFO - [2025-01-26T11:37:45.738-0300] {dag.py:3239} INFO - Sync 1 DAGs
[2025-01-26T11:37:45.778-0300] {logging_mixin.py:190} INFO - [2025-01-26T11:37:45.778-0300] {dag.py:4180} INFO - Setting next_dagrun for example_bash_operator to 2025-01-25T00:00:00+00:00, run_after=2025-01-26T00:00:00+00:00
[2025-01-26T11:37:45.864-0300] {processor.py:208} INFO - Processing /mnt/c/Users/ander/Desktop/airflow-spark/airflow-spark/curso2/ambientX/lib/python3.9/site-packages/airflow/example_dags/example_bash_operator.py took 0.230 seconds
[2025-01-26T11:39:27.457-0300] {processor.py:186} INFO - Started process (PID=25031) to work on /mnt/c/Users/ander/Desktop/airflow-spark/airflow-spark/curso2/ambientX/lib/python3.9/site-packages/airflow/example_dags/example_bash_operator.py
[2025-01-26T11:39:27.459-0300] {processor.py:914} INFO - Processing file /mnt/c/Users/ander/Desktop/airflow-spark/airflow-spark/curso2/ambientX/lib/python3.9/site-packages/airflow/example_dags/example_bash_operator.py for tasks to queue
[2025-01-26T11:39:27.461-0300] {logging_mixin.py:190} INFO - [2025-01-26T11:39:27.460-0300] {dagbag.py:588} INFO - Filling up the DagBag from /mnt/c/Users/ander/Desktop/airflow-spark/airflow-spark/curso2/ambientX/lib/python3.9/site-packages/airflow/example_dags/example_bash_operator.py
[2025-01-26T11:39:27.497-0300] {processor.py:925} INFO - DAG(s) 'example_bash_operator' retrieved from /mnt/c/Users/ander/Desktop/airflow-spark/airflow-spark/curso2/ambientX/lib/python3.9/site-packages/airflow/example_dags/example_bash_operator.py
[2025-01-26T11:39:27.548-0300] {logging_mixin.py:190} INFO - [2025-01-26T11:39:27.548-0300] {dag.py:3239} INFO - Sync 1 DAGs
[2025-01-26T11:39:27.590-0300] {logging_mixin.py:190} INFO - [2025-01-26T11:39:27.589-0300] {dag.py:4180} INFO - Setting next_dagrun for example_bash_operator to 2025-01-25T00:00:00+00:00, run_after=2025-01-26T00:00:00+00:00
[2025-01-26T11:39:27.654-0300] {processor.py:208} INFO - Processing /mnt/c/Users/ander/Desktop/airflow-spark/airflow-spark/curso2/ambientX/lib/python3.9/site-packages/airflow/example_dags/example_bash_operator.py took 0.216 seconds
[2025-01-26T11:41:01.259-0300] {processor.py:186} INFO - Started process (PID=25470) to work on /mnt/c/Users/ander/Desktop/airflow-spark/airflow-spark/curso2/ambientX/lib/python3.9/site-packages/airflow/example_dags/example_bash_operator.py
[2025-01-26T11:41:01.261-0300] {processor.py:914} INFO - Processing file /mnt/c/Users/ander/Desktop/airflow-spark/airflow-spark/curso2/ambientX/lib/python3.9/site-packages/airflow/example_dags/example_bash_operator.py for tasks to queue
[2025-01-26T11:41:01.264-0300] {logging_mixin.py:190} INFO - [2025-01-26T11:41:01.263-0300] {dagbag.py:588} INFO - Filling up the DagBag from /mnt/c/Users/ander/Desktop/airflow-spark/airflow-spark/curso2/ambientX/lib/python3.9/site-packages/airflow/example_dags/example_bash_operator.py
[2025-01-26T11:41:01.296-0300] {processor.py:925} INFO - DAG(s) 'example_bash_operator' retrieved from /mnt/c/Users/ander/Desktop/airflow-spark/airflow-spark/curso2/ambientX/lib/python3.9/site-packages/airflow/example_dags/example_bash_operator.py
[2025-01-26T11:41:01.356-0300] {logging_mixin.py:190} INFO - [2025-01-26T11:41:01.356-0300] {dag.py:3239} INFO - Sync 1 DAGs
[2025-01-26T11:41:01.387-0300] {logging_mixin.py:190} INFO - [2025-01-26T11:41:01.387-0300] {dag.py:4180} INFO - Setting next_dagrun for example_bash_operator to 2025-01-25T00:00:00+00:00, run_after=2025-01-26T00:00:00+00:00
[2025-01-26T11:41:01.441-0300] {processor.py:208} INFO - Processing /mnt/c/Users/ander/Desktop/airflow-spark/airflow-spark/curso2/ambientX/lib/python3.9/site-packages/airflow/example_dags/example_bash_operator.py took 0.197 seconds
[2025-01-26T11:42:43.001-0300] {processor.py:186} INFO - Started process (PID=26051) to work on /mnt/c/Users/ander/Desktop/airflow-spark/airflow-spark/curso2/ambientX/lib/python3.9/site-packages/airflow/example_dags/example_bash_operator.py
[2025-01-26T11:42:43.003-0300] {processor.py:914} INFO - Processing file /mnt/c/Users/ander/Desktop/airflow-spark/airflow-spark/curso2/ambientX/lib/python3.9/site-packages/airflow/example_dags/example_bash_operator.py for tasks to queue
[2025-01-26T11:42:43.004-0300] {logging_mixin.py:190} INFO - [2025-01-26T11:42:43.004-0300] {dagbag.py:588} INFO - Filling up the DagBag from /mnt/c/Users/ander/Desktop/airflow-spark/airflow-spark/curso2/ambientX/lib/python3.9/site-packages/airflow/example_dags/example_bash_operator.py
[2025-01-26T11:42:43.037-0300] {processor.py:925} INFO - DAG(s) 'example_bash_operator' retrieved from /mnt/c/Users/ander/Desktop/airflow-spark/airflow-spark/curso2/ambientX/lib/python3.9/site-packages/airflow/example_dags/example_bash_operator.py
[2025-01-26T11:42:43.087-0300] {logging_mixin.py:190} INFO - [2025-01-26T11:42:43.087-0300] {dag.py:3239} INFO - Sync 1 DAGs
[2025-01-26T11:42:43.119-0300] {logging_mixin.py:190} INFO - [2025-01-26T11:42:43.119-0300] {dag.py:4180} INFO - Setting next_dagrun for example_bash_operator to 2025-01-25T00:00:00+00:00, run_after=2025-01-26T00:00:00+00:00
[2025-01-26T11:42:43.179-0300] {processor.py:208} INFO - Processing /mnt/c/Users/ander/Desktop/airflow-spark/airflow-spark/curso2/ambientX/lib/python3.9/site-packages/airflow/example_dags/example_bash_operator.py took 0.195 seconds
[2025-01-26T11:44:32.191-0300] {processor.py:186} INFO - Started process (PID=26592) to work on /mnt/c/Users/ander/Desktop/airflow-spark/airflow-spark/curso2/ambientX/lib/python3.9/site-packages/airflow/example_dags/example_bash_operator.py
[2025-01-26T11:44:32.192-0300] {processor.py:914} INFO - Processing file /mnt/c/Users/ander/Desktop/airflow-spark/airflow-spark/curso2/ambientX/lib/python3.9/site-packages/airflow/example_dags/example_bash_operator.py for tasks to queue
[2025-01-26T11:44:32.195-0300] {logging_mixin.py:190} INFO - [2025-01-26T11:44:32.194-0300] {dagbag.py:588} INFO - Filling up the DagBag from /mnt/c/Users/ander/Desktop/airflow-spark/airflow-spark/curso2/ambientX/lib/python3.9/site-packages/airflow/example_dags/example_bash_operator.py
[2025-01-26T11:44:32.228-0300] {processor.py:925} INFO - DAG(s) 'example_bash_operator' retrieved from /mnt/c/Users/ander/Desktop/airflow-spark/airflow-spark/curso2/ambientX/lib/python3.9/site-packages/airflow/example_dags/example_bash_operator.py
[2025-01-26T11:44:32.279-0300] {logging_mixin.py:190} INFO - [2025-01-26T11:44:32.278-0300] {dag.py:3239} INFO - Sync 1 DAGs
[2025-01-26T11:44:32.311-0300] {logging_mixin.py:190} INFO - [2025-01-26T11:44:32.311-0300] {dag.py:4180} INFO - Setting next_dagrun for example_bash_operator to 2025-01-25T00:00:00+00:00, run_after=2025-01-26T00:00:00+00:00
[2025-01-26T11:44:32.377-0300] {processor.py:208} INFO - Processing /mnt/c/Users/ander/Desktop/airflow-spark/airflow-spark/curso2/ambientX/lib/python3.9/site-packages/airflow/example_dags/example_bash_operator.py took 0.208 seconds
