[2025-01-26T10:25:51.844-0300] {processor.py:186} INFO - Started process (PID=2421) to work on /mnt/c/Users/ander/Desktop/airflow-spark/airflow-spark/curso2/ambientX/lib/python3.9/site-packages/airflow/example_dags/example_params_trigger_ui.py
[2025-01-26T10:25:51.846-0300] {processor.py:914} INFO - Processing file /mnt/c/Users/ander/Desktop/airflow-spark/airflow-spark/curso2/ambientX/lib/python3.9/site-packages/airflow/example_dags/example_params_trigger_ui.py for tasks to queue
[2025-01-26T10:25:51.850-0300] {logging_mixin.py:190} INFO - [2025-01-26T10:25:51.849-0300] {dagbag.py:588} INFO - Filling up the DagBag from /mnt/c/Users/ander/Desktop/airflow-spark/airflow-spark/curso2/ambientX/lib/python3.9/site-packages/airflow/example_dags/example_params_trigger_ui.py
[2025-01-26T10:25:51.954-0300] {processor.py:925} INFO - DAG(s) 'example_params_trigger_ui' retrieved from /mnt/c/Users/ander/Desktop/airflow-spark/airflow-spark/curso2/ambientX/lib/python3.9/site-packages/airflow/example_dags/example_params_trigger_ui.py
[2025-01-26T10:25:52.075-0300] {logging_mixin.py:190} INFO - [2025-01-26T10:25:52.075-0300] {dag.py:3239} INFO - Sync 1 DAGs
[2025-01-26T10:25:52.113-0300] {logging_mixin.py:190} INFO - [2025-01-26T10:25:52.113-0300] {dag.py:4180} INFO - Setting next_dagrun for example_params_trigger_ui to None, run_after=None
[2025-01-26T10:25:52.189-0300] {processor.py:208} INFO - Processing /mnt/c/Users/ander/Desktop/airflow-spark/airflow-spark/curso2/ambientX/lib/python3.9/site-packages/airflow/example_dags/example_params_trigger_ui.py took 0.368 seconds
[2025-01-26T10:39:00.221-0300] {processor.py:186} INFO - Started process (PID=8131) to work on /mnt/c/Users/ander/Desktop/airflow-spark/airflow-spark/curso2/ambientX/lib/python3.9/site-packages/airflow/example_dags/example_params_trigger_ui.py
[2025-01-26T10:39:00.223-0300] {processor.py:914} INFO - Processing file /mnt/c/Users/ander/Desktop/airflow-spark/airflow-spark/curso2/ambientX/lib/python3.9/site-packages/airflow/example_dags/example_params_trigger_ui.py for tasks to queue
[2025-01-26T10:39:00.227-0300] {logging_mixin.py:190} INFO - [2025-01-26T10:39:00.225-0300] {dagbag.py:588} INFO - Filling up the DagBag from /mnt/c/Users/ander/Desktop/airflow-spark/airflow-spark/curso2/ambientX/lib/python3.9/site-packages/airflow/example_dags/example_params_trigger_ui.py
[2025-01-26T10:39:00.268-0300] {processor.py:925} INFO - DAG(s) 'example_params_trigger_ui' retrieved from /mnt/c/Users/ander/Desktop/airflow-spark/airflow-spark/curso2/ambientX/lib/python3.9/site-packages/airflow/example_dags/example_params_trigger_ui.py
[2025-01-26T10:39:00.382-0300] {logging_mixin.py:190} INFO - [2025-01-26T10:39:00.381-0300] {dag.py:3239} INFO - Sync 1 DAGs
[2025-01-26T10:39:00.408-0300] {logging_mixin.py:190} INFO - [2025-01-26T10:39:00.407-0300] {dag.py:4180} INFO - Setting next_dagrun for example_params_trigger_ui to None, run_after=None
[2025-01-26T10:39:00.501-0300] {processor.py:208} INFO - Processing /mnt/c/Users/ander/Desktop/airflow-spark/airflow-spark/curso2/ambientX/lib/python3.9/site-packages/airflow/example_dags/example_params_trigger_ui.py took 0.300 seconds
[2025-01-26T10:40:28.739-0300] {processor.py:186} INFO - Started process (PID=8629) to work on /mnt/c/Users/ander/Desktop/airflow-spark/airflow-spark/curso2/ambientX/lib/python3.9/site-packages/airflow/example_dags/example_params_trigger_ui.py
[2025-01-26T10:40:28.740-0300] {processor.py:914} INFO - Processing file /mnt/c/Users/ander/Desktop/airflow-spark/airflow-spark/curso2/ambientX/lib/python3.9/site-packages/airflow/example_dags/example_params_trigger_ui.py for tasks to queue
[2025-01-26T10:40:28.742-0300] {logging_mixin.py:190} INFO - [2025-01-26T10:40:28.742-0300] {dagbag.py:588} INFO - Filling up the DagBag from /mnt/c/Users/ander/Desktop/airflow-spark/airflow-spark/curso2/ambientX/lib/python3.9/site-packages/airflow/example_dags/example_params_trigger_ui.py
[2025-01-26T10:40:28.777-0300] {processor.py:925} INFO - DAG(s) 'example_params_trigger_ui' retrieved from /mnt/c/Users/ander/Desktop/airflow-spark/airflow-spark/curso2/ambientX/lib/python3.9/site-packages/airflow/example_dags/example_params_trigger_ui.py
[2025-01-26T10:40:28.865-0300] {logging_mixin.py:190} INFO - [2025-01-26T10:40:28.864-0300] {dag.py:3239} INFO - Sync 1 DAGs
[2025-01-26T10:40:28.934-0300] {logging_mixin.py:190} INFO - [2025-01-26T10:40:28.934-0300] {dag.py:4180} INFO - Setting next_dagrun for example_params_trigger_ui to None, run_after=None
[2025-01-26T10:40:29.008-0300] {processor.py:208} INFO - Processing /mnt/c/Users/ander/Desktop/airflow-spark/airflow-spark/curso2/ambientX/lib/python3.9/site-packages/airflow/example_dags/example_params_trigger_ui.py took 0.288 seconds
[2025-01-26T10:42:15.943-0300] {processor.py:186} INFO - Started process (PID=9056) to work on /mnt/c/Users/ander/Desktop/airflow-spark/airflow-spark/curso2/ambientX/lib/python3.9/site-packages/airflow/example_dags/example_params_trigger_ui.py
[2025-01-26T10:42:15.946-0300] {processor.py:914} INFO - Processing file /mnt/c/Users/ander/Desktop/airflow-spark/airflow-spark/curso2/ambientX/lib/python3.9/site-packages/airflow/example_dags/example_params_trigger_ui.py for tasks to queue
[2025-01-26T10:42:15.958-0300] {logging_mixin.py:190} INFO - [2025-01-26T10:42:15.956-0300] {dagbag.py:588} INFO - Filling up the DagBag from /mnt/c/Users/ander/Desktop/airflow-spark/airflow-spark/curso2/ambientX/lib/python3.9/site-packages/airflow/example_dags/example_params_trigger_ui.py
[2025-01-26T10:42:16.008-0300] {processor.py:925} INFO - DAG(s) 'example_params_trigger_ui' retrieved from /mnt/c/Users/ander/Desktop/airflow-spark/airflow-spark/curso2/ambientX/lib/python3.9/site-packages/airflow/example_dags/example_params_trigger_ui.py
[2025-01-26T10:42:16.189-0300] {logging_mixin.py:190} INFO - [2025-01-26T10:42:16.188-0300] {dag.py:3239} INFO - Sync 1 DAGs
[2025-01-26T10:42:16.225-0300] {logging_mixin.py:190} INFO - [2025-01-26T10:42:16.224-0300] {dag.py:4180} INFO - Setting next_dagrun for example_params_trigger_ui to None, run_after=None
[2025-01-26T10:42:16.353-0300] {processor.py:208} INFO - Processing /mnt/c/Users/ander/Desktop/airflow-spark/airflow-spark/curso2/ambientX/lib/python3.9/site-packages/airflow/example_dags/example_params_trigger_ui.py took 0.431 seconds
[2025-01-26T10:44:14.370-0300] {processor.py:186} INFO - Started process (PID=9510) to work on /mnt/c/Users/ander/Desktop/airflow-spark/airflow-spark/curso2/ambientX/lib/python3.9/site-packages/airflow/example_dags/example_params_trigger_ui.py
[2025-01-26T10:44:14.371-0300] {processor.py:914} INFO - Processing file /mnt/c/Users/ander/Desktop/airflow-spark/airflow-spark/curso2/ambientX/lib/python3.9/site-packages/airflow/example_dags/example_params_trigger_ui.py for tasks to queue
[2025-01-26T10:44:14.373-0300] {logging_mixin.py:190} INFO - [2025-01-26T10:44:14.373-0300] {dagbag.py:588} INFO - Filling up the DagBag from /mnt/c/Users/ander/Desktop/airflow-spark/airflow-spark/curso2/ambientX/lib/python3.9/site-packages/airflow/example_dags/example_params_trigger_ui.py
[2025-01-26T10:44:14.402-0300] {processor.py:925} INFO - DAG(s) 'example_params_trigger_ui' retrieved from /mnt/c/Users/ander/Desktop/airflow-spark/airflow-spark/curso2/ambientX/lib/python3.9/site-packages/airflow/example_dags/example_params_trigger_ui.py
[2025-01-26T10:44:14.480-0300] {logging_mixin.py:190} INFO - [2025-01-26T10:44:14.479-0300] {dag.py:3239} INFO - Sync 1 DAGs
[2025-01-26T10:44:14.500-0300] {logging_mixin.py:190} INFO - [2025-01-26T10:44:14.500-0300] {dag.py:4180} INFO - Setting next_dagrun for example_params_trigger_ui to None, run_after=None
[2025-01-26T10:44:15.207-0300] {processor.py:208} INFO - Processing /mnt/c/Users/ander/Desktop/airflow-spark/airflow-spark/curso2/ambientX/lib/python3.9/site-packages/airflow/example_dags/example_params_trigger_ui.py took 0.854 seconds
[2025-01-26T10:46:05.469-0300] {processor.py:186} INFO - Started process (PID=9960) to work on /mnt/c/Users/ander/Desktop/airflow-spark/airflow-spark/curso2/ambientX/lib/python3.9/site-packages/airflow/example_dags/example_params_trigger_ui.py
[2025-01-26T10:46:05.471-0300] {processor.py:914} INFO - Processing file /mnt/c/Users/ander/Desktop/airflow-spark/airflow-spark/curso2/ambientX/lib/python3.9/site-packages/airflow/example_dags/example_params_trigger_ui.py for tasks to queue
[2025-01-26T10:46:05.472-0300] {logging_mixin.py:190} INFO - [2025-01-26T10:46:05.472-0300] {dagbag.py:588} INFO - Filling up the DagBag from /mnt/c/Users/ander/Desktop/airflow-spark/airflow-spark/curso2/ambientX/lib/python3.9/site-packages/airflow/example_dags/example_params_trigger_ui.py
[2025-01-26T10:46:05.498-0300] {processor.py:925} INFO - DAG(s) 'example_params_trigger_ui' retrieved from /mnt/c/Users/ander/Desktop/airflow-spark/airflow-spark/curso2/ambientX/lib/python3.9/site-packages/airflow/example_dags/example_params_trigger_ui.py
[2025-01-26T10:46:05.570-0300] {logging_mixin.py:190} INFO - [2025-01-26T10:46:05.570-0300] {dag.py:3239} INFO - Sync 1 DAGs
[2025-01-26T10:46:05.589-0300] {logging_mixin.py:190} INFO - [2025-01-26T10:46:05.589-0300] {dag.py:4180} INFO - Setting next_dagrun for example_params_trigger_ui to None, run_after=None
[2025-01-26T10:46:05.648-0300] {processor.py:208} INFO - Processing /mnt/c/Users/ander/Desktop/airflow-spark/airflow-spark/curso2/ambientX/lib/python3.9/site-packages/airflow/example_dags/example_params_trigger_ui.py took 0.193 seconds
[2025-01-26T10:47:47.585-0300] {processor.py:186} INFO - Started process (PID=10435) to work on /mnt/c/Users/ander/Desktop/airflow-spark/airflow-spark/curso2/ambientX/lib/python3.9/site-packages/airflow/example_dags/example_params_trigger_ui.py
[2025-01-26T10:47:47.595-0300] {processor.py:914} INFO - Processing file /mnt/c/Users/ander/Desktop/airflow-spark/airflow-spark/curso2/ambientX/lib/python3.9/site-packages/airflow/example_dags/example_params_trigger_ui.py for tasks to queue
[2025-01-26T10:47:47.598-0300] {logging_mixin.py:190} INFO - [2025-01-26T10:47:47.598-0300] {dagbag.py:588} INFO - Filling up the DagBag from /mnt/c/Users/ander/Desktop/airflow-spark/airflow-spark/curso2/ambientX/lib/python3.9/site-packages/airflow/example_dags/example_params_trigger_ui.py
[2025-01-26T10:47:47.664-0300] {processor.py:925} INFO - DAG(s) 'example_params_trigger_ui' retrieved from /mnt/c/Users/ander/Desktop/airflow-spark/airflow-spark/curso2/ambientX/lib/python3.9/site-packages/airflow/example_dags/example_params_trigger_ui.py
[2025-01-26T10:47:47.801-0300] {logging_mixin.py:190} INFO - [2025-01-26T10:47:47.800-0300] {dag.py:3239} INFO - Sync 1 DAGs
[2025-01-26T10:47:47.841-0300] {logging_mixin.py:190} INFO - [2025-01-26T10:47:47.840-0300] {dag.py:4180} INFO - Setting next_dagrun for example_params_trigger_ui to None, run_after=None
[2025-01-26T10:47:47.934-0300] {processor.py:208} INFO - Processing /mnt/c/Users/ander/Desktop/airflow-spark/airflow-spark/curso2/ambientX/lib/python3.9/site-packages/airflow/example_dags/example_params_trigger_ui.py took 0.384 seconds
[2025-01-26T10:49:41.045-0300] {processor.py:186} INFO - Started process (PID=10985) to work on /mnt/c/Users/ander/Desktop/airflow-spark/airflow-spark/curso2/ambientX/lib/python3.9/site-packages/airflow/example_dags/example_params_trigger_ui.py
[2025-01-26T10:49:41.047-0300] {processor.py:914} INFO - Processing file /mnt/c/Users/ander/Desktop/airflow-spark/airflow-spark/curso2/ambientX/lib/python3.9/site-packages/airflow/example_dags/example_params_trigger_ui.py for tasks to queue
[2025-01-26T10:49:41.049-0300] {logging_mixin.py:190} INFO - [2025-01-26T10:49:41.048-0300] {dagbag.py:588} INFO - Filling up the DagBag from /mnt/c/Users/ander/Desktop/airflow-spark/airflow-spark/curso2/ambientX/lib/python3.9/site-packages/airflow/example_dags/example_params_trigger_ui.py
[2025-01-26T10:49:41.087-0300] {processor.py:925} INFO - DAG(s) 'example_params_trigger_ui' retrieved from /mnt/c/Users/ander/Desktop/airflow-spark/airflow-spark/curso2/ambientX/lib/python3.9/site-packages/airflow/example_dags/example_params_trigger_ui.py
[2025-01-26T10:49:41.176-0300] {logging_mixin.py:190} INFO - [2025-01-26T10:49:41.176-0300] {dag.py:3239} INFO - Sync 1 DAGs
[2025-01-26T10:49:41.203-0300] {logging_mixin.py:190} INFO - [2025-01-26T10:49:41.202-0300] {dag.py:4180} INFO - Setting next_dagrun for example_params_trigger_ui to None, run_after=None
[2025-01-26T10:49:41.295-0300] {processor.py:208} INFO - Processing /mnt/c/Users/ander/Desktop/airflow-spark/airflow-spark/curso2/ambientX/lib/python3.9/site-packages/airflow/example_dags/example_params_trigger_ui.py took 0.273 seconds
[2025-01-26T10:51:27.371-0300] {processor.py:186} INFO - Started process (PID=11359) to work on /mnt/c/Users/ander/Desktop/airflow-spark/airflow-spark/curso2/ambientX/lib/python3.9/site-packages/airflow/example_dags/example_params_trigger_ui.py
[2025-01-26T10:51:27.373-0300] {processor.py:914} INFO - Processing file /mnt/c/Users/ander/Desktop/airflow-spark/airflow-spark/curso2/ambientX/lib/python3.9/site-packages/airflow/example_dags/example_params_trigger_ui.py for tasks to queue
[2025-01-26T10:51:27.375-0300] {logging_mixin.py:190} INFO - [2025-01-26T10:51:27.374-0300] {dagbag.py:588} INFO - Filling up the DagBag from /mnt/c/Users/ander/Desktop/airflow-spark/airflow-spark/curso2/ambientX/lib/python3.9/site-packages/airflow/example_dags/example_params_trigger_ui.py
[2025-01-26T10:51:27.416-0300] {processor.py:925} INFO - DAG(s) 'example_params_trigger_ui' retrieved from /mnt/c/Users/ander/Desktop/airflow-spark/airflow-spark/curso2/ambientX/lib/python3.9/site-packages/airflow/example_dags/example_params_trigger_ui.py
[2025-01-26T10:51:27.512-0300] {logging_mixin.py:190} INFO - [2025-01-26T10:51:27.511-0300] {dag.py:3239} INFO - Sync 1 DAGs
[2025-01-26T10:51:27.534-0300] {logging_mixin.py:190} INFO - [2025-01-26T10:51:27.533-0300] {dag.py:4180} INFO - Setting next_dagrun for example_params_trigger_ui to None, run_after=None
[2025-01-26T10:51:27.620-0300] {processor.py:208} INFO - Processing /mnt/c/Users/ander/Desktop/airflow-spark/airflow-spark/curso2/ambientX/lib/python3.9/site-packages/airflow/example_dags/example_params_trigger_ui.py took 0.271 seconds
[2025-01-26T10:53:19.142-0300] {processor.py:186} INFO - Started process (PID=11882) to work on /mnt/c/Users/ander/Desktop/airflow-spark/airflow-spark/curso2/ambientX/lib/python3.9/site-packages/airflow/example_dags/example_params_trigger_ui.py
[2025-01-26T10:53:19.143-0300] {processor.py:914} INFO - Processing file /mnt/c/Users/ander/Desktop/airflow-spark/airflow-spark/curso2/ambientX/lib/python3.9/site-packages/airflow/example_dags/example_params_trigger_ui.py for tasks to queue
[2025-01-26T10:53:19.145-0300] {logging_mixin.py:190} INFO - [2025-01-26T10:53:19.145-0300] {dagbag.py:588} INFO - Filling up the DagBag from /mnt/c/Users/ander/Desktop/airflow-spark/airflow-spark/curso2/ambientX/lib/python3.9/site-packages/airflow/example_dags/example_params_trigger_ui.py
[2025-01-26T10:53:19.186-0300] {processor.py:925} INFO - DAG(s) 'example_params_trigger_ui' retrieved from /mnt/c/Users/ander/Desktop/airflow-spark/airflow-spark/curso2/ambientX/lib/python3.9/site-packages/airflow/example_dags/example_params_trigger_ui.py
[2025-01-26T10:53:19.275-0300] {logging_mixin.py:190} INFO - [2025-01-26T10:53:19.274-0300] {dag.py:3239} INFO - Sync 1 DAGs
[2025-01-26T10:53:19.298-0300] {logging_mixin.py:190} INFO - [2025-01-26T10:53:19.297-0300] {dag.py:4180} INFO - Setting next_dagrun for example_params_trigger_ui to None, run_after=None
[2025-01-26T10:53:19.384-0300] {processor.py:208} INFO - Processing /mnt/c/Users/ander/Desktop/airflow-spark/airflow-spark/curso2/ambientX/lib/python3.9/site-packages/airflow/example_dags/example_params_trigger_ui.py took 0.272 seconds
[2025-01-26T10:55:14.031-0300] {processor.py:186} INFO - Started process (PID=12342) to work on /mnt/c/Users/ander/Desktop/airflow-spark/airflow-spark/curso2/ambientX/lib/python3.9/site-packages/airflow/example_dags/example_params_trigger_ui.py
[2025-01-26T10:55:14.034-0300] {processor.py:914} INFO - Processing file /mnt/c/Users/ander/Desktop/airflow-spark/airflow-spark/curso2/ambientX/lib/python3.9/site-packages/airflow/example_dags/example_params_trigger_ui.py for tasks to queue
[2025-01-26T10:55:14.037-0300] {logging_mixin.py:190} INFO - [2025-01-26T10:55:14.036-0300] {dagbag.py:588} INFO - Filling up the DagBag from /mnt/c/Users/ander/Desktop/airflow-spark/airflow-spark/curso2/ambientX/lib/python3.9/site-packages/airflow/example_dags/example_params_trigger_ui.py
[2025-01-26T10:55:14.074-0300] {processor.py:925} INFO - DAG(s) 'example_params_trigger_ui' retrieved from /mnt/c/Users/ander/Desktop/airflow-spark/airflow-spark/curso2/ambientX/lib/python3.9/site-packages/airflow/example_dags/example_params_trigger_ui.py
[2025-01-26T10:55:14.165-0300] {logging_mixin.py:190} INFO - [2025-01-26T10:55:14.164-0300] {dag.py:3239} INFO - Sync 1 DAGs
[2025-01-26T10:55:14.189-0300] {logging_mixin.py:190} INFO - [2025-01-26T10:55:14.188-0300] {dag.py:4180} INFO - Setting next_dagrun for example_params_trigger_ui to None, run_after=None
[2025-01-26T10:55:14.267-0300] {processor.py:208} INFO - Processing /mnt/c/Users/ander/Desktop/airflow-spark/airflow-spark/curso2/ambientX/lib/python3.9/site-packages/airflow/example_dags/example_params_trigger_ui.py took 0.254 seconds
[2025-01-26T10:57:00.715-0300] {processor.py:186} INFO - Started process (PID=12847) to work on /mnt/c/Users/ander/Desktop/airflow-spark/airflow-spark/curso2/ambientX/lib/python3.9/site-packages/airflow/example_dags/example_params_trigger_ui.py
[2025-01-26T10:57:00.716-0300] {processor.py:914} INFO - Processing file /mnt/c/Users/ander/Desktop/airflow-spark/airflow-spark/curso2/ambientX/lib/python3.9/site-packages/airflow/example_dags/example_params_trigger_ui.py for tasks to queue
[2025-01-26T10:57:00.718-0300] {logging_mixin.py:190} INFO - [2025-01-26T10:57:00.718-0300] {dagbag.py:588} INFO - Filling up the DagBag from /mnt/c/Users/ander/Desktop/airflow-spark/airflow-spark/curso2/ambientX/lib/python3.9/site-packages/airflow/example_dags/example_params_trigger_ui.py
[2025-01-26T10:57:00.757-0300] {processor.py:925} INFO - DAG(s) 'example_params_trigger_ui' retrieved from /mnt/c/Users/ander/Desktop/airflow-spark/airflow-spark/curso2/ambientX/lib/python3.9/site-packages/airflow/example_dags/example_params_trigger_ui.py
[2025-01-26T10:57:00.849-0300] {logging_mixin.py:190} INFO - [2025-01-26T10:57:00.849-0300] {dag.py:3239} INFO - Sync 1 DAGs
[2025-01-26T10:57:00.872-0300] {logging_mixin.py:190} INFO - [2025-01-26T10:57:00.872-0300] {dag.py:4180} INFO - Setting next_dagrun for example_params_trigger_ui to None, run_after=None
[2025-01-26T10:57:00.950-0300] {processor.py:208} INFO - Processing /mnt/c/Users/ander/Desktop/airflow-spark/airflow-spark/curso2/ambientX/lib/python3.9/site-packages/airflow/example_dags/example_params_trigger_ui.py took 0.258 seconds
[2025-01-26T10:58:55.215-0300] {processor.py:186} INFO - Started process (PID=13377) to work on /mnt/c/Users/ander/Desktop/airflow-spark/airflow-spark/curso2/ambientX/lib/python3.9/site-packages/airflow/example_dags/example_params_trigger_ui.py
[2025-01-26T10:58:55.216-0300] {processor.py:914} INFO - Processing file /mnt/c/Users/ander/Desktop/airflow-spark/airflow-spark/curso2/ambientX/lib/python3.9/site-packages/airflow/example_dags/example_params_trigger_ui.py for tasks to queue
[2025-01-26T10:58:55.222-0300] {logging_mixin.py:190} INFO - [2025-01-26T10:58:55.221-0300] {dagbag.py:588} INFO - Filling up the DagBag from /mnt/c/Users/ander/Desktop/airflow-spark/airflow-spark/curso2/ambientX/lib/python3.9/site-packages/airflow/example_dags/example_params_trigger_ui.py
[2025-01-26T10:58:55.274-0300] {processor.py:925} INFO - DAG(s) 'example_params_trigger_ui' retrieved from /mnt/c/Users/ander/Desktop/airflow-spark/airflow-spark/curso2/ambientX/lib/python3.9/site-packages/airflow/example_dags/example_params_trigger_ui.py
[2025-01-26T10:58:55.426-0300] {logging_mixin.py:190} INFO - [2025-01-26T10:58:55.424-0300] {dag.py:3239} INFO - Sync 1 DAGs
[2025-01-26T10:58:55.469-0300] {logging_mixin.py:190} INFO - [2025-01-26T10:58:55.469-0300] {dag.py:4180} INFO - Setting next_dagrun for example_params_trigger_ui to None, run_after=None
[2025-01-26T10:58:55.613-0300] {processor.py:208} INFO - Processing /mnt/c/Users/ander/Desktop/airflow-spark/airflow-spark/curso2/ambientX/lib/python3.9/site-packages/airflow/example_dags/example_params_trigger_ui.py took 0.427 seconds
[2025-01-26T11:00:49.991-0300] {processor.py:186} INFO - Started process (PID=13939) to work on /mnt/c/Users/ander/Desktop/airflow-spark/airflow-spark/curso2/ambientX/lib/python3.9/site-packages/airflow/example_dags/example_params_trigger_ui.py
[2025-01-26T11:00:49.993-0300] {processor.py:914} INFO - Processing file /mnt/c/Users/ander/Desktop/airflow-spark/airflow-spark/curso2/ambientX/lib/python3.9/site-packages/airflow/example_dags/example_params_trigger_ui.py for tasks to queue
[2025-01-26T11:00:49.997-0300] {logging_mixin.py:190} INFO - [2025-01-26T11:00:49.997-0300] {dagbag.py:588} INFO - Filling up the DagBag from /mnt/c/Users/ander/Desktop/airflow-spark/airflow-spark/curso2/ambientX/lib/python3.9/site-packages/airflow/example_dags/example_params_trigger_ui.py
[2025-01-26T11:00:50.030-0300] {processor.py:925} INFO - DAG(s) 'example_params_trigger_ui' retrieved from /mnt/c/Users/ander/Desktop/airflow-spark/airflow-spark/curso2/ambientX/lib/python3.9/site-packages/airflow/example_dags/example_params_trigger_ui.py
[2025-01-26T11:00:50.230-0300] {logging_mixin.py:190} INFO - [2025-01-26T11:00:50.230-0300] {dag.py:3239} INFO - Sync 1 DAGs
[2025-01-26T11:00:50.253-0300] {logging_mixin.py:190} INFO - [2025-01-26T11:00:50.253-0300] {dag.py:4180} INFO - Setting next_dagrun for example_params_trigger_ui to None, run_after=None
[2025-01-26T11:00:50.317-0300] {processor.py:208} INFO - Processing /mnt/c/Users/ander/Desktop/airflow-spark/airflow-spark/curso2/ambientX/lib/python3.9/site-packages/airflow/example_dags/example_params_trigger_ui.py took 0.341 seconds
[2025-01-26T11:02:47.269-0300] {processor.py:186} INFO - Started process (PID=14824) to work on /mnt/c/Users/ander/Desktop/airflow-spark/airflow-spark/curso2/ambientX/lib/python3.9/site-packages/airflow/example_dags/example_params_trigger_ui.py
[2025-01-26T11:02:47.270-0300] {processor.py:914} INFO - Processing file /mnt/c/Users/ander/Desktop/airflow-spark/airflow-spark/curso2/ambientX/lib/python3.9/site-packages/airflow/example_dags/example_params_trigger_ui.py for tasks to queue
[2025-01-26T11:02:47.272-0300] {logging_mixin.py:190} INFO - [2025-01-26T11:02:47.272-0300] {dagbag.py:588} INFO - Filling up the DagBag from /mnt/c/Users/ander/Desktop/airflow-spark/airflow-spark/curso2/ambientX/lib/python3.9/site-packages/airflow/example_dags/example_params_trigger_ui.py
[2025-01-26T11:02:47.301-0300] {processor.py:925} INFO - DAG(s) 'example_params_trigger_ui' retrieved from /mnt/c/Users/ander/Desktop/airflow-spark/airflow-spark/curso2/ambientX/lib/python3.9/site-packages/airflow/example_dags/example_params_trigger_ui.py
[2025-01-26T11:02:47.407-0300] {logging_mixin.py:190} INFO - [2025-01-26T11:02:47.407-0300] {dag.py:3239} INFO - Sync 1 DAGs
[2025-01-26T11:02:47.430-0300] {logging_mixin.py:190} INFO - [2025-01-26T11:02:47.430-0300] {dag.py:4180} INFO - Setting next_dagrun for example_params_trigger_ui to None, run_after=None
[2025-01-26T11:02:47.511-0300] {processor.py:208} INFO - Processing /mnt/c/Users/ander/Desktop/airflow-spark/airflow-spark/curso2/ambientX/lib/python3.9/site-packages/airflow/example_dags/example_params_trigger_ui.py took 0.259 seconds
[2025-01-26T11:04:36.540-0300] {processor.py:186} INFO - Started process (PID=15339) to work on /mnt/c/Users/ander/Desktop/airflow-spark/airflow-spark/curso2/ambientX/lib/python3.9/site-packages/airflow/example_dags/example_params_trigger_ui.py
[2025-01-26T11:04:36.542-0300] {processor.py:914} INFO - Processing file /mnt/c/Users/ander/Desktop/airflow-spark/airflow-spark/curso2/ambientX/lib/python3.9/site-packages/airflow/example_dags/example_params_trigger_ui.py for tasks to queue
[2025-01-26T11:04:36.544-0300] {logging_mixin.py:190} INFO - [2025-01-26T11:04:36.543-0300] {dagbag.py:588} INFO - Filling up the DagBag from /mnt/c/Users/ander/Desktop/airflow-spark/airflow-spark/curso2/ambientX/lib/python3.9/site-packages/airflow/example_dags/example_params_trigger_ui.py
[2025-01-26T11:04:36.575-0300] {processor.py:925} INFO - DAG(s) 'example_params_trigger_ui' retrieved from /mnt/c/Users/ander/Desktop/airflow-spark/airflow-spark/curso2/ambientX/lib/python3.9/site-packages/airflow/example_dags/example_params_trigger_ui.py
[2025-01-26T11:04:36.651-0300] {logging_mixin.py:190} INFO - [2025-01-26T11:04:36.650-0300] {dag.py:3239} INFO - Sync 1 DAGs
[2025-01-26T11:04:36.670-0300] {logging_mixin.py:190} INFO - [2025-01-26T11:04:36.670-0300] {dag.py:4180} INFO - Setting next_dagrun for example_params_trigger_ui to None, run_after=None
[2025-01-26T11:04:36.736-0300] {processor.py:208} INFO - Processing /mnt/c/Users/ander/Desktop/airflow-spark/airflow-spark/curso2/ambientX/lib/python3.9/site-packages/airflow/example_dags/example_params_trigger_ui.py took 0.213 seconds
[2025-01-26T11:06:16.290-0300] {processor.py:186} INFO - Started process (PID=15775) to work on /mnt/c/Users/ander/Desktop/airflow-spark/airflow-spark/curso2/ambientX/lib/python3.9/site-packages/airflow/example_dags/example_params_trigger_ui.py
[2025-01-26T11:06:16.292-0300] {processor.py:914} INFO - Processing file /mnt/c/Users/ander/Desktop/airflow-spark/airflow-spark/curso2/ambientX/lib/python3.9/site-packages/airflow/example_dags/example_params_trigger_ui.py for tasks to queue
[2025-01-26T11:06:16.294-0300] {logging_mixin.py:190} INFO - [2025-01-26T11:06:16.293-0300] {dagbag.py:588} INFO - Filling up the DagBag from /mnt/c/Users/ander/Desktop/airflow-spark/airflow-spark/curso2/ambientX/lib/python3.9/site-packages/airflow/example_dags/example_params_trigger_ui.py
[2025-01-26T11:06:16.323-0300] {processor.py:925} INFO - DAG(s) 'example_params_trigger_ui' retrieved from /mnt/c/Users/ander/Desktop/airflow-spark/airflow-spark/curso2/ambientX/lib/python3.9/site-packages/airflow/example_dags/example_params_trigger_ui.py
[2025-01-26T11:06:16.401-0300] {logging_mixin.py:190} INFO - [2025-01-26T11:06:16.400-0300] {dag.py:3239} INFO - Sync 1 DAGs
[2025-01-26T11:06:16.420-0300] {logging_mixin.py:190} INFO - [2025-01-26T11:06:16.420-0300] {dag.py:4180} INFO - Setting next_dagrun for example_params_trigger_ui to None, run_after=None
[2025-01-26T11:06:16.479-0300] {processor.py:208} INFO - Processing /mnt/c/Users/ander/Desktop/airflow-spark/airflow-spark/curso2/ambientX/lib/python3.9/site-packages/airflow/example_dags/example_params_trigger_ui.py took 0.206 seconds
[2025-01-26T11:07:57.862-0300] {processor.py:186} INFO - Started process (PID=16269) to work on /mnt/c/Users/ander/Desktop/airflow-spark/airflow-spark/curso2/ambientX/lib/python3.9/site-packages/airflow/example_dags/example_params_trigger_ui.py
[2025-01-26T11:07:57.864-0300] {processor.py:914} INFO - Processing file /mnt/c/Users/ander/Desktop/airflow-spark/airflow-spark/curso2/ambientX/lib/python3.9/site-packages/airflow/example_dags/example_params_trigger_ui.py for tasks to queue
[2025-01-26T11:07:57.866-0300] {logging_mixin.py:190} INFO - [2025-01-26T11:07:57.865-0300] {dagbag.py:588} INFO - Filling up the DagBag from /mnt/c/Users/ander/Desktop/airflow-spark/airflow-spark/curso2/ambientX/lib/python3.9/site-packages/airflow/example_dags/example_params_trigger_ui.py
[2025-01-26T11:07:57.899-0300] {processor.py:925} INFO - DAG(s) 'example_params_trigger_ui' retrieved from /mnt/c/Users/ander/Desktop/airflow-spark/airflow-spark/curso2/ambientX/lib/python3.9/site-packages/airflow/example_dags/example_params_trigger_ui.py
[2025-01-26T11:07:57.980-0300] {logging_mixin.py:190} INFO - [2025-01-26T11:07:57.980-0300] {dag.py:3239} INFO - Sync 1 DAGs
[2025-01-26T11:07:58.002-0300] {logging_mixin.py:190} INFO - [2025-01-26T11:07:58.001-0300] {dag.py:4180} INFO - Setting next_dagrun for example_params_trigger_ui to None, run_after=None
[2025-01-26T11:07:58.079-0300] {processor.py:208} INFO - Processing /mnt/c/Users/ander/Desktop/airflow-spark/airflow-spark/curso2/ambientX/lib/python3.9/site-packages/airflow/example_dags/example_params_trigger_ui.py took 0.235 seconds
[2025-01-26T11:09:38.119-0300] {processor.py:186} INFO - Started process (PID=16657) to work on /mnt/c/Users/ander/Desktop/airflow-spark/airflow-spark/curso2/ambientX/lib/python3.9/site-packages/airflow/example_dags/example_params_trigger_ui.py
[2025-01-26T11:09:38.121-0300] {processor.py:914} INFO - Processing file /mnt/c/Users/ander/Desktop/airflow-spark/airflow-spark/curso2/ambientX/lib/python3.9/site-packages/airflow/example_dags/example_params_trigger_ui.py for tasks to queue
[2025-01-26T11:09:38.123-0300] {logging_mixin.py:190} INFO - [2025-01-26T11:09:38.123-0300] {dagbag.py:588} INFO - Filling up the DagBag from /mnt/c/Users/ander/Desktop/airflow-spark/airflow-spark/curso2/ambientX/lib/python3.9/site-packages/airflow/example_dags/example_params_trigger_ui.py
[2025-01-26T11:09:38.158-0300] {processor.py:925} INFO - DAG(s) 'example_params_trigger_ui' retrieved from /mnt/c/Users/ander/Desktop/airflow-spark/airflow-spark/curso2/ambientX/lib/python3.9/site-packages/airflow/example_dags/example_params_trigger_ui.py
[2025-01-26T11:09:38.234-0300] {logging_mixin.py:190} INFO - [2025-01-26T11:09:38.234-0300] {dag.py:3239} INFO - Sync 1 DAGs
[2025-01-26T11:09:38.253-0300] {logging_mixin.py:190} INFO - [2025-01-26T11:09:38.253-0300] {dag.py:4180} INFO - Setting next_dagrun for example_params_trigger_ui to None, run_after=None
[2025-01-26T11:09:38.317-0300] {processor.py:208} INFO - Processing /mnt/c/Users/ander/Desktop/airflow-spark/airflow-spark/curso2/ambientX/lib/python3.9/site-packages/airflow/example_dags/example_params_trigger_ui.py took 0.214 seconds
[2025-01-26T11:11:45.029-0300] {processor.py:186} INFO - Started process (PID=17154) to work on /mnt/c/Users/ander/Desktop/airflow-spark/airflow-spark/curso2/ambientX/lib/python3.9/site-packages/airflow/example_dags/example_params_trigger_ui.py
[2025-01-26T11:11:45.032-0300] {processor.py:914} INFO - Processing file /mnt/c/Users/ander/Desktop/airflow-spark/airflow-spark/curso2/ambientX/lib/python3.9/site-packages/airflow/example_dags/example_params_trigger_ui.py for tasks to queue
[2025-01-26T11:11:45.035-0300] {logging_mixin.py:190} INFO - [2025-01-26T11:11:45.034-0300] {dagbag.py:588} INFO - Filling up the DagBag from /mnt/c/Users/ander/Desktop/airflow-spark/airflow-spark/curso2/ambientX/lib/python3.9/site-packages/airflow/example_dags/example_params_trigger_ui.py
[2025-01-26T11:11:45.066-0300] {processor.py:925} INFO - DAG(s) 'example_params_trigger_ui' retrieved from /mnt/c/Users/ander/Desktop/airflow-spark/airflow-spark/curso2/ambientX/lib/python3.9/site-packages/airflow/example_dags/example_params_trigger_ui.py
[2025-01-26T11:11:45.144-0300] {logging_mixin.py:190} INFO - [2025-01-26T11:11:45.143-0300] {dag.py:3239} INFO - Sync 1 DAGs
[2025-01-26T11:11:45.164-0300] {logging_mixin.py:190} INFO - [2025-01-26T11:11:45.163-0300] {dag.py:4180} INFO - Setting next_dagrun for example_params_trigger_ui to None, run_after=None
[2025-01-26T11:11:45.259-0300] {processor.py:208} INFO - Processing /mnt/c/Users/ander/Desktop/airflow-spark/airflow-spark/curso2/ambientX/lib/python3.9/site-packages/airflow/example_dags/example_params_trigger_ui.py took 0.248 seconds
[2025-01-26T11:15:18.451-0300] {processor.py:186} INFO - Started process (PID=18194) to work on /mnt/c/Users/ander/Desktop/airflow-spark/airflow-spark/curso2/ambientX/lib/python3.9/site-packages/airflow/example_dags/example_params_trigger_ui.py
[2025-01-26T11:15:18.453-0300] {processor.py:914} INFO - Processing file /mnt/c/Users/ander/Desktop/airflow-spark/airflow-spark/curso2/ambientX/lib/python3.9/site-packages/airflow/example_dags/example_params_trigger_ui.py for tasks to queue
[2025-01-26T11:15:18.455-0300] {logging_mixin.py:190} INFO - [2025-01-26T11:15:18.454-0300] {dagbag.py:588} INFO - Filling up the DagBag from /mnt/c/Users/ander/Desktop/airflow-spark/airflow-spark/curso2/ambientX/lib/python3.9/site-packages/airflow/example_dags/example_params_trigger_ui.py
[2025-01-26T11:15:18.483-0300] {processor.py:925} INFO - DAG(s) 'example_params_trigger_ui' retrieved from /mnt/c/Users/ander/Desktop/airflow-spark/airflow-spark/curso2/ambientX/lib/python3.9/site-packages/airflow/example_dags/example_params_trigger_ui.py
[2025-01-26T11:15:18.562-0300] {logging_mixin.py:190} INFO - [2025-01-26T11:15:18.561-0300] {dag.py:3239} INFO - Sync 1 DAGs
[2025-01-26T11:15:18.582-0300] {logging_mixin.py:190} INFO - [2025-01-26T11:15:18.582-0300] {dag.py:4180} INFO - Setting next_dagrun for example_params_trigger_ui to None, run_after=None
[2025-01-26T11:15:19.158-0300] {processor.py:208} INFO - Processing /mnt/c/Users/ander/Desktop/airflow-spark/airflow-spark/curso2/ambientX/lib/python3.9/site-packages/airflow/example_dags/example_params_trigger_ui.py took 0.723 seconds
[2025-01-26T11:17:07.636-0300] {processor.py:186} INFO - Started process (PID=18699) to work on /mnt/c/Users/ander/Desktop/airflow-spark/airflow-spark/curso2/ambientX/lib/python3.9/site-packages/airflow/example_dags/example_params_trigger_ui.py
[2025-01-26T11:17:07.648-0300] {processor.py:914} INFO - Processing file /mnt/c/Users/ander/Desktop/airflow-spark/airflow-spark/curso2/ambientX/lib/python3.9/site-packages/airflow/example_dags/example_params_trigger_ui.py for tasks to queue
[2025-01-26T11:17:07.654-0300] {logging_mixin.py:190} INFO - [2025-01-26T11:17:07.654-0300] {dagbag.py:588} INFO - Filling up the DagBag from /mnt/c/Users/ander/Desktop/airflow-spark/airflow-spark/curso2/ambientX/lib/python3.9/site-packages/airflow/example_dags/example_params_trigger_ui.py
[2025-01-26T11:17:07.699-0300] {processor.py:925} INFO - DAG(s) 'example_params_trigger_ui' retrieved from /mnt/c/Users/ander/Desktop/airflow-spark/airflow-spark/curso2/ambientX/lib/python3.9/site-packages/airflow/example_dags/example_params_trigger_ui.py
[2025-01-26T11:17:07.783-0300] {logging_mixin.py:190} INFO - [2025-01-26T11:17:07.783-0300] {dag.py:3239} INFO - Sync 1 DAGs
[2025-01-26T11:17:07.803-0300] {logging_mixin.py:190} INFO - [2025-01-26T11:17:07.803-0300] {dag.py:4180} INFO - Setting next_dagrun for example_params_trigger_ui to None, run_after=None
[2025-01-26T11:17:08.564-0300] {processor.py:208} INFO - Processing /mnt/c/Users/ander/Desktop/airflow-spark/airflow-spark/curso2/ambientX/lib/python3.9/site-packages/airflow/example_dags/example_params_trigger_ui.py took 0.945 seconds
[2025-01-26T11:18:43.153-0300] {processor.py:186} INFO - Started process (PID=19101) to work on /mnt/c/Users/ander/Desktop/airflow-spark/airflow-spark/curso2/ambientX/lib/python3.9/site-packages/airflow/example_dags/example_params_trigger_ui.py
[2025-01-26T11:18:43.154-0300] {processor.py:914} INFO - Processing file /mnt/c/Users/ander/Desktop/airflow-spark/airflow-spark/curso2/ambientX/lib/python3.9/site-packages/airflow/example_dags/example_params_trigger_ui.py for tasks to queue
[2025-01-26T11:18:43.156-0300] {logging_mixin.py:190} INFO - [2025-01-26T11:18:43.155-0300] {dagbag.py:588} INFO - Filling up the DagBag from /mnt/c/Users/ander/Desktop/airflow-spark/airflow-spark/curso2/ambientX/lib/python3.9/site-packages/airflow/example_dags/example_params_trigger_ui.py
[2025-01-26T11:18:43.185-0300] {processor.py:925} INFO - DAG(s) 'example_params_trigger_ui' retrieved from /mnt/c/Users/ander/Desktop/airflow-spark/airflow-spark/curso2/ambientX/lib/python3.9/site-packages/airflow/example_dags/example_params_trigger_ui.py
[2025-01-26T11:18:43.269-0300] {logging_mixin.py:190} INFO - [2025-01-26T11:18:43.269-0300] {dag.py:3239} INFO - Sync 1 DAGs
[2025-01-26T11:18:43.288-0300] {logging_mixin.py:190} INFO - [2025-01-26T11:18:43.288-0300] {dag.py:4180} INFO - Setting next_dagrun for example_params_trigger_ui to None, run_after=None
[2025-01-26T11:18:43.357-0300] {processor.py:208} INFO - Processing /mnt/c/Users/ander/Desktop/airflow-spark/airflow-spark/curso2/ambientX/lib/python3.9/site-packages/airflow/example_dags/example_params_trigger_ui.py took 0.222 seconds
[2025-01-26T11:22:26.276-0300] {processor.py:186} INFO - Started process (PID=20058) to work on /mnt/c/Users/ander/Desktop/airflow-spark/airflow-spark/curso2/ambientX/lib/python3.9/site-packages/airflow/example_dags/example_params_trigger_ui.py
[2025-01-26T11:22:26.277-0300] {processor.py:914} INFO - Processing file /mnt/c/Users/ander/Desktop/airflow-spark/airflow-spark/curso2/ambientX/lib/python3.9/site-packages/airflow/example_dags/example_params_trigger_ui.py for tasks to queue
[2025-01-26T11:22:26.279-0300] {logging_mixin.py:190} INFO - [2025-01-26T11:22:26.279-0300] {dagbag.py:588} INFO - Filling up the DagBag from /mnt/c/Users/ander/Desktop/airflow-spark/airflow-spark/curso2/ambientX/lib/python3.9/site-packages/airflow/example_dags/example_params_trigger_ui.py
[2025-01-26T11:22:26.317-0300] {processor.py:925} INFO - DAG(s) 'example_params_trigger_ui' retrieved from /mnt/c/Users/ander/Desktop/airflow-spark/airflow-spark/curso2/ambientX/lib/python3.9/site-packages/airflow/example_dags/example_params_trigger_ui.py
[2025-01-26T11:22:26.395-0300] {logging_mixin.py:190} INFO - [2025-01-26T11:22:26.395-0300] {dag.py:3239} INFO - Sync 1 DAGs
[2025-01-26T11:22:26.415-0300] {logging_mixin.py:190} INFO - [2025-01-26T11:22:26.414-0300] {dag.py:4180} INFO - Setting next_dagrun for example_params_trigger_ui to None, run_after=None
[2025-01-26T11:22:29.796-0300] {processor.py:208} INFO - Processing /mnt/c/Users/ander/Desktop/airflow-spark/airflow-spark/curso2/ambientX/lib/python3.9/site-packages/airflow/example_dags/example_params_trigger_ui.py took 1.216 seconds
[2025-01-26T11:25:00.293-0300] {processor.py:186} INFO - Started process (PID=20842) to work on /mnt/c/Users/ander/Desktop/airflow-spark/airflow-spark/curso2/ambientX/lib/python3.9/site-packages/airflow/example_dags/example_params_trigger_ui.py
[2025-01-26T11:25:00.295-0300] {processor.py:914} INFO - Processing file /mnt/c/Users/ander/Desktop/airflow-spark/airflow-spark/curso2/ambientX/lib/python3.9/site-packages/airflow/example_dags/example_params_trigger_ui.py for tasks to queue
[2025-01-26T11:25:00.297-0300] {logging_mixin.py:190} INFO - [2025-01-26T11:25:00.297-0300] {dagbag.py:588} INFO - Filling up the DagBag from /mnt/c/Users/ander/Desktop/airflow-spark/airflow-spark/curso2/ambientX/lib/python3.9/site-packages/airflow/example_dags/example_params_trigger_ui.py
[2025-01-26T11:25:00.337-0300] {processor.py:925} INFO - DAG(s) 'example_params_trigger_ui' retrieved from /mnt/c/Users/ander/Desktop/airflow-spark/airflow-spark/curso2/ambientX/lib/python3.9/site-packages/airflow/example_dags/example_params_trigger_ui.py
[2025-01-26T11:25:00.423-0300] {logging_mixin.py:190} INFO - [2025-01-26T11:25:00.423-0300] {dag.py:3239} INFO - Sync 1 DAGs
[2025-01-26T11:25:00.443-0300] {logging_mixin.py:190} INFO - [2025-01-26T11:25:00.443-0300] {dag.py:4180} INFO - Setting next_dagrun for example_params_trigger_ui to None, run_after=None
[2025-01-26T11:25:00.515-0300] {processor.py:208} INFO - Processing /mnt/c/Users/ander/Desktop/airflow-spark/airflow-spark/curso2/ambientX/lib/python3.9/site-packages/airflow/example_dags/example_params_trigger_ui.py took 0.242 seconds
[2025-01-26T11:26:22.470-0300] {processor.py:186} INFO - Started process (PID=21222) to work on /mnt/c/Users/ander/Desktop/airflow-spark/airflow-spark/curso2/ambientX/lib/python3.9/site-packages/airflow/example_dags/example_params_trigger_ui.py
[2025-01-26T11:26:22.471-0300] {processor.py:914} INFO - Processing file /mnt/c/Users/ander/Desktop/airflow-spark/airflow-spark/curso2/ambientX/lib/python3.9/site-packages/airflow/example_dags/example_params_trigger_ui.py for tasks to queue
[2025-01-26T11:26:22.473-0300] {logging_mixin.py:190} INFO - [2025-01-26T11:26:22.473-0300] {dagbag.py:588} INFO - Filling up the DagBag from /mnt/c/Users/ander/Desktop/airflow-spark/airflow-spark/curso2/ambientX/lib/python3.9/site-packages/airflow/example_dags/example_params_trigger_ui.py
[2025-01-26T11:26:22.506-0300] {processor.py:925} INFO - DAG(s) 'example_params_trigger_ui' retrieved from /mnt/c/Users/ander/Desktop/airflow-spark/airflow-spark/curso2/ambientX/lib/python3.9/site-packages/airflow/example_dags/example_params_trigger_ui.py
[2025-01-26T11:26:22.587-0300] {logging_mixin.py:190} INFO - [2025-01-26T11:26:22.586-0300] {dag.py:3239} INFO - Sync 1 DAGs
[2025-01-26T11:26:22.606-0300] {logging_mixin.py:190} INFO - [2025-01-26T11:26:22.606-0300] {dag.py:4180} INFO - Setting next_dagrun for example_params_trigger_ui to None, run_after=None
[2025-01-26T11:26:23.160-0300] {processor.py:208} INFO - Processing /mnt/c/Users/ander/Desktop/airflow-spark/airflow-spark/curso2/ambientX/lib/python3.9/site-packages/airflow/example_dags/example_params_trigger_ui.py took 0.709 seconds
[2025-01-26T11:28:42.026-0300] {processor.py:186} INFO - Started process (PID=21902) to work on /mnt/c/Users/ander/Desktop/airflow-spark/airflow-spark/curso2/ambientX/lib/python3.9/site-packages/airflow/example_dags/example_params_trigger_ui.py
[2025-01-26T11:28:42.027-0300] {processor.py:914} INFO - Processing file /mnt/c/Users/ander/Desktop/airflow-spark/airflow-spark/curso2/ambientX/lib/python3.9/site-packages/airflow/example_dags/example_params_trigger_ui.py for tasks to queue
[2025-01-26T11:28:42.029-0300] {logging_mixin.py:190} INFO - [2025-01-26T11:28:42.029-0300] {dagbag.py:588} INFO - Filling up the DagBag from /mnt/c/Users/ander/Desktop/airflow-spark/airflow-spark/curso2/ambientX/lib/python3.9/site-packages/airflow/example_dags/example_params_trigger_ui.py
[2025-01-26T11:28:42.062-0300] {processor.py:925} INFO - DAG(s) 'example_params_trigger_ui' retrieved from /mnt/c/Users/ander/Desktop/airflow-spark/airflow-spark/curso2/ambientX/lib/python3.9/site-packages/airflow/example_dags/example_params_trigger_ui.py
[2025-01-26T11:28:42.145-0300] {logging_mixin.py:190} INFO - [2025-01-26T11:28:42.145-0300] {dag.py:3239} INFO - Sync 1 DAGs
[2025-01-26T11:28:42.165-0300] {logging_mixin.py:190} INFO - [2025-01-26T11:28:42.164-0300] {dag.py:4180} INFO - Setting next_dagrun for example_params_trigger_ui to None, run_after=None
[2025-01-26T11:28:42.236-0300] {processor.py:208} INFO - Processing /mnt/c/Users/ander/Desktop/airflow-spark/airflow-spark/curso2/ambientX/lib/python3.9/site-packages/airflow/example_dags/example_params_trigger_ui.py took 0.227 seconds
[2025-01-26T11:31:38.835-0300] {processor.py:186} INFO - Started process (PID=22803) to work on /mnt/c/Users/ander/Desktop/airflow-spark/airflow-spark/curso2/ambientX/lib/python3.9/site-packages/airflow/example_dags/example_params_trigger_ui.py
[2025-01-26T11:31:38.836-0300] {processor.py:914} INFO - Processing file /mnt/c/Users/ander/Desktop/airflow-spark/airflow-spark/curso2/ambientX/lib/python3.9/site-packages/airflow/example_dags/example_params_trigger_ui.py for tasks to queue
[2025-01-26T11:31:38.838-0300] {logging_mixin.py:190} INFO - [2025-01-26T11:31:38.837-0300] {dagbag.py:588} INFO - Filling up the DagBag from /mnt/c/Users/ander/Desktop/airflow-spark/airflow-spark/curso2/ambientX/lib/python3.9/site-packages/airflow/example_dags/example_params_trigger_ui.py
[2025-01-26T11:31:38.864-0300] {processor.py:925} INFO - DAG(s) 'example_params_trigger_ui' retrieved from /mnt/c/Users/ander/Desktop/airflow-spark/airflow-spark/curso2/ambientX/lib/python3.9/site-packages/airflow/example_dags/example_params_trigger_ui.py
[2025-01-26T11:31:38.939-0300] {logging_mixin.py:190} INFO - [2025-01-26T11:31:38.938-0300] {dag.py:3239} INFO - Sync 1 DAGs
[2025-01-26T11:31:38.957-0300] {logging_mixin.py:190} INFO - [2025-01-26T11:31:38.957-0300] {dag.py:4180} INFO - Setting next_dagrun for example_params_trigger_ui to None, run_after=None
[2025-01-26T11:31:39.586-0300] {processor.py:208} INFO - Processing /mnt/c/Users/ander/Desktop/airflow-spark/airflow-spark/curso2/ambientX/lib/python3.9/site-packages/airflow/example_dags/example_params_trigger_ui.py took 0.768 seconds
[2025-01-26T11:34:06.397-0300] {processor.py:186} INFO - Started process (PID=23453) to work on /mnt/c/Users/ander/Desktop/airflow-spark/airflow-spark/curso2/ambientX/lib/python3.9/site-packages/airflow/example_dags/example_params_trigger_ui.py
[2025-01-26T11:34:06.398-0300] {processor.py:914} INFO - Processing file /mnt/c/Users/ander/Desktop/airflow-spark/airflow-spark/curso2/ambientX/lib/python3.9/site-packages/airflow/example_dags/example_params_trigger_ui.py for tasks to queue
[2025-01-26T11:34:06.400-0300] {logging_mixin.py:190} INFO - [2025-01-26T11:34:06.399-0300] {dagbag.py:588} INFO - Filling up the DagBag from /mnt/c/Users/ander/Desktop/airflow-spark/airflow-spark/curso2/ambientX/lib/python3.9/site-packages/airflow/example_dags/example_params_trigger_ui.py
[2025-01-26T11:34:06.427-0300] {processor.py:925} INFO - DAG(s) 'example_params_trigger_ui' retrieved from /mnt/c/Users/ander/Desktop/airflow-spark/airflow-spark/curso2/ambientX/lib/python3.9/site-packages/airflow/example_dags/example_params_trigger_ui.py
[2025-01-26T11:34:06.503-0300] {logging_mixin.py:190} INFO - [2025-01-26T11:34:06.503-0300] {dag.py:3239} INFO - Sync 1 DAGs
[2025-01-26T11:34:06.523-0300] {logging_mixin.py:190} INFO - [2025-01-26T11:34:06.523-0300] {dag.py:4180} INFO - Setting next_dagrun for example_params_trigger_ui to None, run_after=None
[2025-01-26T11:34:06.587-0300] {processor.py:208} INFO - Processing /mnt/c/Users/ander/Desktop/airflow-spark/airflow-spark/curso2/ambientX/lib/python3.9/site-packages/airflow/example_dags/example_params_trigger_ui.py took 0.206 seconds
[2025-01-26T11:35:46.967-0300] {processor.py:186} INFO - Started process (PID=24019) to work on /mnt/c/Users/ander/Desktop/airflow-spark/airflow-spark/curso2/ambientX/lib/python3.9/site-packages/airflow/example_dags/example_params_trigger_ui.py
[2025-01-26T11:35:46.968-0300] {processor.py:914} INFO - Processing file /mnt/c/Users/ander/Desktop/airflow-spark/airflow-spark/curso2/ambientX/lib/python3.9/site-packages/airflow/example_dags/example_params_trigger_ui.py for tasks to queue
[2025-01-26T11:35:46.971-0300] {logging_mixin.py:190} INFO - [2025-01-26T11:35:46.970-0300] {dagbag.py:588} INFO - Filling up the DagBag from /mnt/c/Users/ander/Desktop/airflow-spark/airflow-spark/curso2/ambientX/lib/python3.9/site-packages/airflow/example_dags/example_params_trigger_ui.py
[2025-01-26T11:35:47.008-0300] {processor.py:925} INFO - DAG(s) 'example_params_trigger_ui' retrieved from /mnt/c/Users/ander/Desktop/airflow-spark/airflow-spark/curso2/ambientX/lib/python3.9/site-packages/airflow/example_dags/example_params_trigger_ui.py
[2025-01-26T11:35:47.089-0300] {logging_mixin.py:190} INFO - [2025-01-26T11:35:47.089-0300] {dag.py:3239} INFO - Sync 1 DAGs
[2025-01-26T11:35:47.110-0300] {logging_mixin.py:190} INFO - [2025-01-26T11:35:47.110-0300] {dag.py:4180} INFO - Setting next_dagrun for example_params_trigger_ui to None, run_after=None
[2025-01-26T11:35:47.173-0300] {processor.py:208} INFO - Processing /mnt/c/Users/ander/Desktop/airflow-spark/airflow-spark/curso2/ambientX/lib/python3.9/site-packages/airflow/example_dags/example_params_trigger_ui.py took 0.223 seconds
[2025-01-26T11:37:30.563-0300] {processor.py:186} INFO - Started process (PID=24479) to work on /mnt/c/Users/ander/Desktop/airflow-spark/airflow-spark/curso2/ambientX/lib/python3.9/site-packages/airflow/example_dags/example_params_trigger_ui.py
[2025-01-26T11:37:30.564-0300] {processor.py:914} INFO - Processing file /mnt/c/Users/ander/Desktop/airflow-spark/airflow-spark/curso2/ambientX/lib/python3.9/site-packages/airflow/example_dags/example_params_trigger_ui.py for tasks to queue
[2025-01-26T11:37:30.566-0300] {logging_mixin.py:190} INFO - [2025-01-26T11:37:30.566-0300] {dagbag.py:588} INFO - Filling up the DagBag from /mnt/c/Users/ander/Desktop/airflow-spark/airflow-spark/curso2/ambientX/lib/python3.9/site-packages/airflow/example_dags/example_params_trigger_ui.py
[2025-01-26T11:37:30.595-0300] {processor.py:925} INFO - DAG(s) 'example_params_trigger_ui' retrieved from /mnt/c/Users/ander/Desktop/airflow-spark/airflow-spark/curso2/ambientX/lib/python3.9/site-packages/airflow/example_dags/example_params_trigger_ui.py
[2025-01-26T11:37:30.669-0300] {logging_mixin.py:190} INFO - [2025-01-26T11:37:30.669-0300] {dag.py:3239} INFO - Sync 1 DAGs
[2025-01-26T11:37:30.688-0300] {logging_mixin.py:190} INFO - [2025-01-26T11:37:30.688-0300] {dag.py:4180} INFO - Setting next_dagrun for example_params_trigger_ui to None, run_after=None
[2025-01-26T11:37:30.752-0300] {processor.py:208} INFO - Processing /mnt/c/Users/ander/Desktop/airflow-spark/airflow-spark/curso2/ambientX/lib/python3.9/site-packages/airflow/example_dags/example_params_trigger_ui.py took 0.207 seconds
[2025-01-26T11:39:11.137-0300] {processor.py:186} INFO - Started process (PID=24925) to work on /mnt/c/Users/ander/Desktop/airflow-spark/airflow-spark/curso2/ambientX/lib/python3.9/site-packages/airflow/example_dags/example_params_trigger_ui.py
[2025-01-26T11:39:11.138-0300] {processor.py:914} INFO - Processing file /mnt/c/Users/ander/Desktop/airflow-spark/airflow-spark/curso2/ambientX/lib/python3.9/site-packages/airflow/example_dags/example_params_trigger_ui.py for tasks to queue
[2025-01-26T11:39:11.140-0300] {logging_mixin.py:190} INFO - [2025-01-26T11:39:11.140-0300] {dagbag.py:588} INFO - Filling up the DagBag from /mnt/c/Users/ander/Desktop/airflow-spark/airflow-spark/curso2/ambientX/lib/python3.9/site-packages/airflow/example_dags/example_params_trigger_ui.py
[2025-01-26T11:39:11.171-0300] {processor.py:925} INFO - DAG(s) 'example_params_trigger_ui' retrieved from /mnt/c/Users/ander/Desktop/airflow-spark/airflow-spark/curso2/ambientX/lib/python3.9/site-packages/airflow/example_dags/example_params_trigger_ui.py
[2025-01-26T11:39:11.245-0300] {logging_mixin.py:190} INFO - [2025-01-26T11:39:11.245-0300] {dag.py:3239} INFO - Sync 1 DAGs
[2025-01-26T11:39:11.264-0300] {logging_mixin.py:190} INFO - [2025-01-26T11:39:11.264-0300] {dag.py:4180} INFO - Setting next_dagrun for example_params_trigger_ui to None, run_after=None
[2025-01-26T11:39:11.327-0300] {processor.py:208} INFO - Processing /mnt/c/Users/ander/Desktop/airflow-spark/airflow-spark/curso2/ambientX/lib/python3.9/site-packages/airflow/example_dags/example_params_trigger_ui.py took 0.208 seconds
[2025-01-26T11:40:48.158-0300] {processor.py:186} INFO - Started process (PID=25424) to work on /mnt/c/Users/ander/Desktop/airflow-spark/airflow-spark/curso2/ambientX/lib/python3.9/site-packages/airflow/example_dags/example_params_trigger_ui.py
[2025-01-26T11:40:48.159-0300] {processor.py:914} INFO - Processing file /mnt/c/Users/ander/Desktop/airflow-spark/airflow-spark/curso2/ambientX/lib/python3.9/site-packages/airflow/example_dags/example_params_trigger_ui.py for tasks to queue
[2025-01-26T11:40:48.161-0300] {logging_mixin.py:190} INFO - [2025-01-26T11:40:48.160-0300] {dagbag.py:588} INFO - Filling up the DagBag from /mnt/c/Users/ander/Desktop/airflow-spark/airflow-spark/curso2/ambientX/lib/python3.9/site-packages/airflow/example_dags/example_params_trigger_ui.py
[2025-01-26T11:40:48.191-0300] {processor.py:925} INFO - DAG(s) 'example_params_trigger_ui' retrieved from /mnt/c/Users/ander/Desktop/airflow-spark/airflow-spark/curso2/ambientX/lib/python3.9/site-packages/airflow/example_dags/example_params_trigger_ui.py
[2025-01-26T11:40:48.267-0300] {logging_mixin.py:190} INFO - [2025-01-26T11:40:48.267-0300] {dag.py:3239} INFO - Sync 1 DAGs
[2025-01-26T11:40:48.287-0300] {logging_mixin.py:190} INFO - [2025-01-26T11:40:48.286-0300] {dag.py:4180} INFO - Setting next_dagrun for example_params_trigger_ui to None, run_after=None
[2025-01-26T11:40:48.351-0300] {processor.py:208} INFO - Processing /mnt/c/Users/ander/Desktop/airflow-spark/airflow-spark/curso2/ambientX/lib/python3.9/site-packages/airflow/example_dags/example_params_trigger_ui.py took 0.211 seconds
[2025-01-26T11:42:30.034-0300] {processor.py:186} INFO - Started process (PID=26005) to work on /mnt/c/Users/ander/Desktop/airflow-spark/airflow-spark/curso2/ambientX/lib/python3.9/site-packages/airflow/example_dags/example_params_trigger_ui.py
[2025-01-26T11:42:30.035-0300] {processor.py:914} INFO - Processing file /mnt/c/Users/ander/Desktop/airflow-spark/airflow-spark/curso2/ambientX/lib/python3.9/site-packages/airflow/example_dags/example_params_trigger_ui.py for tasks to queue
[2025-01-26T11:42:30.037-0300] {logging_mixin.py:190} INFO - [2025-01-26T11:42:30.037-0300] {dagbag.py:588} INFO - Filling up the DagBag from /mnt/c/Users/ander/Desktop/airflow-spark/airflow-spark/curso2/ambientX/lib/python3.9/site-packages/airflow/example_dags/example_params_trigger_ui.py
[2025-01-26T11:42:30.066-0300] {processor.py:925} INFO - DAG(s) 'example_params_trigger_ui' retrieved from /mnt/c/Users/ander/Desktop/airflow-spark/airflow-spark/curso2/ambientX/lib/python3.9/site-packages/airflow/example_dags/example_params_trigger_ui.py
[2025-01-26T11:42:30.139-0300] {logging_mixin.py:190} INFO - [2025-01-26T11:42:30.138-0300] {dag.py:3239} INFO - Sync 1 DAGs
[2025-01-26T11:42:30.158-0300] {logging_mixin.py:190} INFO - [2025-01-26T11:42:30.158-0300] {dag.py:4180} INFO - Setting next_dagrun for example_params_trigger_ui to None, run_after=None
[2025-01-26T11:42:30.217-0300] {processor.py:208} INFO - Processing /mnt/c/Users/ander/Desktop/airflow-spark/airflow-spark/curso2/ambientX/lib/python3.9/site-packages/airflow/example_dags/example_params_trigger_ui.py took 0.200 seconds
[2025-01-26T11:44:18.787-0300] {processor.py:186} INFO - Started process (PID=26486) to work on /mnt/c/Users/ander/Desktop/airflow-spark/airflow-spark/curso2/ambientX/lib/python3.9/site-packages/airflow/example_dags/example_params_trigger_ui.py
[2025-01-26T11:44:18.788-0300] {processor.py:914} INFO - Processing file /mnt/c/Users/ander/Desktop/airflow-spark/airflow-spark/curso2/ambientX/lib/python3.9/site-packages/airflow/example_dags/example_params_trigger_ui.py for tasks to queue
[2025-01-26T11:44:18.790-0300] {logging_mixin.py:190} INFO - [2025-01-26T11:44:18.790-0300] {dagbag.py:588} INFO - Filling up the DagBag from /mnt/c/Users/ander/Desktop/airflow-spark/airflow-spark/curso2/ambientX/lib/python3.9/site-packages/airflow/example_dags/example_params_trigger_ui.py
[2025-01-26T11:44:18.819-0300] {processor.py:925} INFO - DAG(s) 'example_params_trigger_ui' retrieved from /mnt/c/Users/ander/Desktop/airflow-spark/airflow-spark/curso2/ambientX/lib/python3.9/site-packages/airflow/example_dags/example_params_trigger_ui.py
[2025-01-26T11:44:18.892-0300] {logging_mixin.py:190} INFO - [2025-01-26T11:44:18.891-0300] {dag.py:3239} INFO - Sync 1 DAGs
[2025-01-26T11:44:18.910-0300] {logging_mixin.py:190} INFO - [2025-01-26T11:44:18.910-0300] {dag.py:4180} INFO - Setting next_dagrun for example_params_trigger_ui to None, run_after=None
[2025-01-26T11:44:18.973-0300] {processor.py:208} INFO - Processing /mnt/c/Users/ander/Desktop/airflow-spark/airflow-spark/curso2/ambientX/lib/python3.9/site-packages/airflow/example_dags/example_params_trigger_ui.py took 0.202 seconds
