[2025-01-26T10:25:59.012-0300] {processor.py:186} INFO - Started process (PID=2519) to work on /mnt/c/Users/ander/Desktop/airflow-spark/airflow-spark/curso2/ambientX/lib/python3.9/site-packages/airflow/example_dags/example_latest_only.py
[2025-01-26T10:25:59.025-0300] {processor.py:914} INFO - Processing file /mnt/c/Users/ander/Desktop/airflow-spark/airflow-spark/curso2/ambientX/lib/python3.9/site-packages/airflow/example_dags/example_latest_only.py for tasks to queue
[2025-01-26T10:25:59.044-0300] {logging_mixin.py:190} INFO - [2025-01-26T10:25:59.044-0300] {dagbag.py:588} INFO - Filling up the DagBag from /mnt/c/Users/ander/Desktop/airflow-spark/airflow-spark/curso2/ambientX/lib/python3.9/site-packages/airflow/example_dags/example_latest_only.py
[2025-01-26T10:25:59.220-0300] {processor.py:925} INFO - DAG(s) 'latest_only' retrieved from /mnt/c/Users/ander/Desktop/airflow-spark/airflow-spark/curso2/ambientX/lib/python3.9/site-packages/airflow/example_dags/example_latest_only.py
[2025-01-26T10:25:59.443-0300] {logging_mixin.py:190} INFO - [2025-01-26T10:25:59.442-0300] {dag.py:3239} INFO - Sync 1 DAGs
[2025-01-26T10:25:59.535-0300] {logging_mixin.py:190} INFO - [2025-01-26T10:25:59.535-0300] {dag.py:4180} INFO - Setting next_dagrun for latest_only to 2025-01-26T08:00:00+00:00, run_after=2025-01-26T12:00:00+00:00
[2025-01-26T10:25:59.650-0300] {processor.py:208} INFO - Processing /mnt/c/Users/ander/Desktop/airflow-spark/airflow-spark/curso2/ambientX/lib/python3.9/site-packages/airflow/example_dags/example_latest_only.py took 0.710 seconds
[2025-01-26T10:39:07.432-0300] {processor.py:186} INFO - Started process (PID=8154) to work on /mnt/c/Users/ander/Desktop/airflow-spark/airflow-spark/curso2/ambientX/lib/python3.9/site-packages/airflow/example_dags/example_latest_only.py
[2025-01-26T10:39:07.433-0300] {processor.py:914} INFO - Processing file /mnt/c/Users/ander/Desktop/airflow-spark/airflow-spark/curso2/ambientX/lib/python3.9/site-packages/airflow/example_dags/example_latest_only.py for tasks to queue
[2025-01-26T10:39:07.435-0300] {logging_mixin.py:190} INFO - [2025-01-26T10:39:07.435-0300] {dagbag.py:588} INFO - Filling up the DagBag from /mnt/c/Users/ander/Desktop/airflow-spark/airflow-spark/curso2/ambientX/lib/python3.9/site-packages/airflow/example_dags/example_latest_only.py
[2025-01-26T10:39:07.466-0300] {processor.py:925} INFO - DAG(s) 'latest_only' retrieved from /mnt/c/Users/ander/Desktop/airflow-spark/airflow-spark/curso2/ambientX/lib/python3.9/site-packages/airflow/example_dags/example_latest_only.py
[2025-01-26T10:39:07.523-0300] {logging_mixin.py:190} INFO - [2025-01-26T10:39:07.522-0300] {dag.py:3239} INFO - Sync 1 DAGs
[2025-01-26T10:39:07.559-0300] {logging_mixin.py:190} INFO - [2025-01-26T10:39:07.559-0300] {dag.py:4180} INFO - Setting next_dagrun for latest_only to 2025-01-26T08:00:00+00:00, run_after=2025-01-26T12:00:00+00:00
[2025-01-26T10:39:07.642-0300] {processor.py:208} INFO - Processing /mnt/c/Users/ander/Desktop/airflow-spark/airflow-spark/curso2/ambientX/lib/python3.9/site-packages/airflow/example_dags/example_latest_only.py took 0.233 seconds
[2025-01-26T10:40:34.851-0300] {processor.py:186} INFO - Started process (PID=8648) to work on /mnt/c/Users/ander/Desktop/airflow-spark/airflow-spark/curso2/ambientX/lib/python3.9/site-packages/airflow/example_dags/example_latest_only.py
[2025-01-26T10:40:34.852-0300] {processor.py:914} INFO - Processing file /mnt/c/Users/ander/Desktop/airflow-spark/airflow-spark/curso2/ambientX/lib/python3.9/site-packages/airflow/example_dags/example_latest_only.py for tasks to queue
[2025-01-26T10:40:34.854-0300] {logging_mixin.py:190} INFO - [2025-01-26T10:40:34.854-0300] {dagbag.py:588} INFO - Filling up the DagBag from /mnt/c/Users/ander/Desktop/airflow-spark/airflow-spark/curso2/ambientX/lib/python3.9/site-packages/airflow/example_dags/example_latest_only.py
[2025-01-26T10:40:34.888-0300] {processor.py:925} INFO - DAG(s) 'latest_only' retrieved from /mnt/c/Users/ander/Desktop/airflow-spark/airflow-spark/curso2/ambientX/lib/python3.9/site-packages/airflow/example_dags/example_latest_only.py
[2025-01-26T10:40:34.936-0300] {logging_mixin.py:190} INFO - [2025-01-26T10:40:34.936-0300] {dag.py:3239} INFO - Sync 1 DAGs
[2025-01-26T10:40:34.975-0300] {logging_mixin.py:190} INFO - [2025-01-26T10:40:34.975-0300] {dag.py:4180} INFO - Setting next_dagrun for latest_only to 2025-01-26T08:00:00+00:00, run_after=2025-01-26T12:00:00+00:00
[2025-01-26T10:40:35.065-0300] {processor.py:208} INFO - Processing /mnt/c/Users/ander/Desktop/airflow-spark/airflow-spark/curso2/ambientX/lib/python3.9/site-packages/airflow/example_dags/example_latest_only.py took 0.237 seconds
[2025-01-26T10:42:26.303-0300] {processor.py:186} INFO - Started process (PID=9142) to work on /mnt/c/Users/ander/Desktop/airflow-spark/airflow-spark/curso2/ambientX/lib/python3.9/site-packages/airflow/example_dags/example_latest_only.py
[2025-01-26T10:42:26.305-0300] {processor.py:914} INFO - Processing file /mnt/c/Users/ander/Desktop/airflow-spark/airflow-spark/curso2/ambientX/lib/python3.9/site-packages/airflow/example_dags/example_latest_only.py for tasks to queue
[2025-01-26T10:42:26.308-0300] {logging_mixin.py:190} INFO - [2025-01-26T10:42:26.307-0300] {dagbag.py:588} INFO - Filling up the DagBag from /mnt/c/Users/ander/Desktop/airflow-spark/airflow-spark/curso2/ambientX/lib/python3.9/site-packages/airflow/example_dags/example_latest_only.py
[2025-01-26T10:42:26.344-0300] {processor.py:925} INFO - DAG(s) 'latest_only' retrieved from /mnt/c/Users/ander/Desktop/airflow-spark/airflow-spark/curso2/ambientX/lib/python3.9/site-packages/airflow/example_dags/example_latest_only.py
[2025-01-26T10:42:26.392-0300] {logging_mixin.py:190} INFO - [2025-01-26T10:42:26.392-0300] {dag.py:3239} INFO - Sync 1 DAGs
[2025-01-26T10:42:26.429-0300] {logging_mixin.py:190} INFO - [2025-01-26T10:42:26.429-0300] {dag.py:4180} INFO - Setting next_dagrun for latest_only to 2025-01-26T08:00:00+00:00, run_after=2025-01-26T12:00:00+00:00
[2025-01-26T10:42:26.540-0300] {processor.py:208} INFO - Processing /mnt/c/Users/ander/Desktop/airflow-spark/airflow-spark/curso2/ambientX/lib/python3.9/site-packages/airflow/example_dags/example_latest_only.py took 0.256 seconds
[2025-01-26T10:44:22.502-0300] {processor.py:186} INFO - Started process (PID=9533) to work on /mnt/c/Users/ander/Desktop/airflow-spark/airflow-spark/curso2/ambientX/lib/python3.9/site-packages/airflow/example_dags/example_latest_only.py
[2025-01-26T10:44:22.504-0300] {processor.py:914} INFO - Processing file /mnt/c/Users/ander/Desktop/airflow-spark/airflow-spark/curso2/ambientX/lib/python3.9/site-packages/airflow/example_dags/example_latest_only.py for tasks to queue
[2025-01-26T10:44:22.506-0300] {logging_mixin.py:190} INFO - [2025-01-26T10:44:22.505-0300] {dagbag.py:588} INFO - Filling up the DagBag from /mnt/c/Users/ander/Desktop/airflow-spark/airflow-spark/curso2/ambientX/lib/python3.9/site-packages/airflow/example_dags/example_latest_only.py
[2025-01-26T10:44:22.533-0300] {processor.py:925} INFO - DAG(s) 'latest_only' retrieved from /mnt/c/Users/ander/Desktop/airflow-spark/airflow-spark/curso2/ambientX/lib/python3.9/site-packages/airflow/example_dags/example_latest_only.py
[2025-01-26T10:44:22.572-0300] {logging_mixin.py:190} INFO - [2025-01-26T10:44:22.572-0300] {dag.py:3239} INFO - Sync 1 DAGs
[2025-01-26T10:44:22.603-0300] {logging_mixin.py:190} INFO - [2025-01-26T10:44:22.603-0300] {dag.py:4180} INFO - Setting next_dagrun for latest_only to 2025-01-26T08:00:00+00:00, run_after=2025-01-26T12:00:00+00:00
[2025-01-26T10:44:22.870-0300] {processor.py:208} INFO - Processing /mnt/c/Users/ander/Desktop/airflow-spark/airflow-spark/curso2/ambientX/lib/python3.9/site-packages/airflow/example_dags/example_latest_only.py took 0.385 seconds
[2025-01-26T10:46:12.356-0300] {processor.py:186} INFO - Started process (PID=10043) to work on /mnt/c/Users/ander/Desktop/airflow-spark/airflow-spark/curso2/ambientX/lib/python3.9/site-packages/airflow/example_dags/example_latest_only.py
[2025-01-26T10:46:12.357-0300] {processor.py:914} INFO - Processing file /mnt/c/Users/ander/Desktop/airflow-spark/airflow-spark/curso2/ambientX/lib/python3.9/site-packages/airflow/example_dags/example_latest_only.py for tasks to queue
[2025-01-26T10:46:12.359-0300] {logging_mixin.py:190} INFO - [2025-01-26T10:46:12.359-0300] {dagbag.py:588} INFO - Filling up the DagBag from /mnt/c/Users/ander/Desktop/airflow-spark/airflow-spark/curso2/ambientX/lib/python3.9/site-packages/airflow/example_dags/example_latest_only.py
[2025-01-26T10:46:12.387-0300] {processor.py:925} INFO - DAG(s) 'latest_only' retrieved from /mnt/c/Users/ander/Desktop/airflow-spark/airflow-spark/curso2/ambientX/lib/python3.9/site-packages/airflow/example_dags/example_latest_only.py
[2025-01-26T10:46:12.423-0300] {logging_mixin.py:190} INFO - [2025-01-26T10:46:12.423-0300] {dag.py:3239} INFO - Sync 1 DAGs
[2025-01-26T10:46:12.453-0300] {logging_mixin.py:190} INFO - [2025-01-26T10:46:12.453-0300] {dag.py:4180} INFO - Setting next_dagrun for latest_only to 2025-01-26T08:00:00+00:00, run_after=2025-01-26T12:00:00+00:00
[2025-01-26T10:46:12.513-0300] {processor.py:208} INFO - Processing /mnt/c/Users/ander/Desktop/airflow-spark/airflow-spark/curso2/ambientX/lib/python3.9/site-packages/airflow/example_dags/example_latest_only.py took 0.174 seconds
[2025-01-26T10:47:54.632-0300] {processor.py:186} INFO - Started process (PID=10459) to work on /mnt/c/Users/ander/Desktop/airflow-spark/airflow-spark/curso2/ambientX/lib/python3.9/site-packages/airflow/example_dags/example_latest_only.py
[2025-01-26T10:47:54.634-0300] {processor.py:914} INFO - Processing file /mnt/c/Users/ander/Desktop/airflow-spark/airflow-spark/curso2/ambientX/lib/python3.9/site-packages/airflow/example_dags/example_latest_only.py for tasks to queue
[2025-01-26T10:47:54.637-0300] {logging_mixin.py:190} INFO - [2025-01-26T10:47:54.636-0300] {dagbag.py:588} INFO - Filling up the DagBag from /mnt/c/Users/ander/Desktop/airflow-spark/airflow-spark/curso2/ambientX/lib/python3.9/site-packages/airflow/example_dags/example_latest_only.py
[2025-01-26T10:47:54.671-0300] {processor.py:925} INFO - DAG(s) 'latest_only' retrieved from /mnt/c/Users/ander/Desktop/airflow-spark/airflow-spark/curso2/ambientX/lib/python3.9/site-packages/airflow/example_dags/example_latest_only.py
[2025-01-26T10:47:54.722-0300] {logging_mixin.py:190} INFO - [2025-01-26T10:47:54.722-0300] {dag.py:3239} INFO - Sync 1 DAGs
[2025-01-26T10:47:54.764-0300] {logging_mixin.py:190} INFO - [2025-01-26T10:47:54.763-0300] {dag.py:4180} INFO - Setting next_dagrun for latest_only to 2025-01-26T08:00:00+00:00, run_after=2025-01-26T12:00:00+00:00
[2025-01-26T10:47:54.856-0300] {processor.py:208} INFO - Processing /mnt/c/Users/ander/Desktop/airflow-spark/airflow-spark/curso2/ambientX/lib/python3.9/site-packages/airflow/example_dags/example_latest_only.py took 0.247 seconds
[2025-01-26T10:49:47.059-0300] {processor.py:186} INFO - Started process (PID=11002) to work on /mnt/c/Users/ander/Desktop/airflow-spark/airflow-spark/curso2/ambientX/lib/python3.9/site-packages/airflow/example_dags/example_latest_only.py
[2025-01-26T10:49:47.061-0300] {processor.py:914} INFO - Processing file /mnt/c/Users/ander/Desktop/airflow-spark/airflow-spark/curso2/ambientX/lib/python3.9/site-packages/airflow/example_dags/example_latest_only.py for tasks to queue
[2025-01-26T10:49:47.064-0300] {logging_mixin.py:190} INFO - [2025-01-26T10:49:47.063-0300] {dagbag.py:588} INFO - Filling up the DagBag from /mnt/c/Users/ander/Desktop/airflow-spark/airflow-spark/curso2/ambientX/lib/python3.9/site-packages/airflow/example_dags/example_latest_only.py
[2025-01-26T10:49:47.127-0300] {processor.py:925} INFO - DAG(s) 'latest_only' retrieved from /mnt/c/Users/ander/Desktop/airflow-spark/airflow-spark/curso2/ambientX/lib/python3.9/site-packages/airflow/example_dags/example_latest_only.py
[2025-01-26T10:49:47.185-0300] {logging_mixin.py:190} INFO - [2025-01-26T10:49:47.184-0300] {dag.py:3239} INFO - Sync 1 DAGs
[2025-01-26T10:49:47.223-0300] {logging_mixin.py:190} INFO - [2025-01-26T10:49:47.223-0300] {dag.py:4180} INFO - Setting next_dagrun for latest_only to 2025-01-26T08:00:00+00:00, run_after=2025-01-26T12:00:00+00:00
[2025-01-26T10:49:47.311-0300] {processor.py:208} INFO - Processing /mnt/c/Users/ander/Desktop/airflow-spark/airflow-spark/curso2/ambientX/lib/python3.9/site-packages/airflow/example_dags/example_latest_only.py took 0.276 seconds
[2025-01-26T10:51:34.376-0300] {processor.py:186} INFO - Started process (PID=11442) to work on /mnt/c/Users/ander/Desktop/airflow-spark/airflow-spark/curso2/ambientX/lib/python3.9/site-packages/airflow/example_dags/example_latest_only.py
[2025-01-26T10:51:34.378-0300] {processor.py:914} INFO - Processing file /mnt/c/Users/ander/Desktop/airflow-spark/airflow-spark/curso2/ambientX/lib/python3.9/site-packages/airflow/example_dags/example_latest_only.py for tasks to queue
[2025-01-26T10:51:34.381-0300] {logging_mixin.py:190} INFO - [2025-01-26T10:51:34.380-0300] {dagbag.py:588} INFO - Filling up the DagBag from /mnt/c/Users/ander/Desktop/airflow-spark/airflow-spark/curso2/ambientX/lib/python3.9/site-packages/airflow/example_dags/example_latest_only.py
[2025-01-26T10:51:34.418-0300] {processor.py:925} INFO - DAG(s) 'latest_only' retrieved from /mnt/c/Users/ander/Desktop/airflow-spark/airflow-spark/curso2/ambientX/lib/python3.9/site-packages/airflow/example_dags/example_latest_only.py
[2025-01-26T10:51:34.470-0300] {logging_mixin.py:190} INFO - [2025-01-26T10:51:34.469-0300] {dag.py:3239} INFO - Sync 1 DAGs
[2025-01-26T10:51:34.509-0300] {logging_mixin.py:190} INFO - [2025-01-26T10:51:34.509-0300] {dag.py:4180} INFO - Setting next_dagrun for latest_only to 2025-01-26T08:00:00+00:00, run_after=2025-01-26T12:00:00+00:00
[2025-01-26T10:51:34.579-0300] {processor.py:208} INFO - Processing /mnt/c/Users/ander/Desktop/airflow-spark/airflow-spark/curso2/ambientX/lib/python3.9/site-packages/airflow/example_dags/example_latest_only.py took 0.227 seconds
[2025-01-26T10:53:28.305-0300] {processor.py:186} INFO - Started process (PID=11899) to work on /mnt/c/Users/ander/Desktop/airflow-spark/airflow-spark/curso2/ambientX/lib/python3.9/site-packages/airflow/example_dags/example_latest_only.py
[2025-01-26T10:53:28.307-0300] {processor.py:914} INFO - Processing file /mnt/c/Users/ander/Desktop/airflow-spark/airflow-spark/curso2/ambientX/lib/python3.9/site-packages/airflow/example_dags/example_latest_only.py for tasks to queue
[2025-01-26T10:53:28.309-0300] {logging_mixin.py:190} INFO - [2025-01-26T10:53:28.309-0300] {dagbag.py:588} INFO - Filling up the DagBag from /mnt/c/Users/ander/Desktop/airflow-spark/airflow-spark/curso2/ambientX/lib/python3.9/site-packages/airflow/example_dags/example_latest_only.py
[2025-01-26T10:53:28.343-0300] {processor.py:925} INFO - DAG(s) 'latest_only' retrieved from /mnt/c/Users/ander/Desktop/airflow-spark/airflow-spark/curso2/ambientX/lib/python3.9/site-packages/airflow/example_dags/example_latest_only.py
[2025-01-26T10:53:28.389-0300] {logging_mixin.py:190} INFO - [2025-01-26T10:53:28.389-0300] {dag.py:3239} INFO - Sync 1 DAGs
[2025-01-26T10:53:28.432-0300] {logging_mixin.py:190} INFO - [2025-01-26T10:53:28.432-0300] {dag.py:4180} INFO - Setting next_dagrun for latest_only to 2025-01-26T08:00:00+00:00, run_after=2025-01-26T12:00:00+00:00
[2025-01-26T10:53:28.500-0300] {processor.py:208} INFO - Processing /mnt/c/Users/ander/Desktop/airflow-spark/airflow-spark/curso2/ambientX/lib/python3.9/site-packages/airflow/example_dags/example_latest_only.py took 0.218 seconds
[2025-01-26T10:55:20.088-0300] {processor.py:186} INFO - Started process (PID=12361) to work on /mnt/c/Users/ander/Desktop/airflow-spark/airflow-spark/curso2/ambientX/lib/python3.9/site-packages/airflow/example_dags/example_latest_only.py
[2025-01-26T10:55:20.090-0300] {processor.py:914} INFO - Processing file /mnt/c/Users/ander/Desktop/airflow-spark/airflow-spark/curso2/ambientX/lib/python3.9/site-packages/airflow/example_dags/example_latest_only.py for tasks to queue
[2025-01-26T10:55:20.092-0300] {logging_mixin.py:190} INFO - [2025-01-26T10:55:20.091-0300] {dagbag.py:588} INFO - Filling up the DagBag from /mnt/c/Users/ander/Desktop/airflow-spark/airflow-spark/curso2/ambientX/lib/python3.9/site-packages/airflow/example_dags/example_latest_only.py
[2025-01-26T10:55:20.125-0300] {processor.py:925} INFO - DAG(s) 'latest_only' retrieved from /mnt/c/Users/ander/Desktop/airflow-spark/airflow-spark/curso2/ambientX/lib/python3.9/site-packages/airflow/example_dags/example_latest_only.py
[2025-01-26T10:55:20.174-0300] {logging_mixin.py:190} INFO - [2025-01-26T10:55:20.174-0300] {dag.py:3239} INFO - Sync 1 DAGs
[2025-01-26T10:55:20.216-0300] {logging_mixin.py:190} INFO - [2025-01-26T10:55:20.216-0300] {dag.py:4180} INFO - Setting next_dagrun for latest_only to 2025-01-26T08:00:00+00:00, run_after=2025-01-26T12:00:00+00:00
[2025-01-26T10:55:20.308-0300] {processor.py:208} INFO - Processing /mnt/c/Users/ander/Desktop/airflow-spark/airflow-spark/curso2/ambientX/lib/python3.9/site-packages/airflow/example_dags/example_latest_only.py took 0.243 seconds
[2025-01-26T10:57:07.770-0300] {processor.py:186} INFO - Started process (PID=12873) to work on /mnt/c/Users/ander/Desktop/airflow-spark/airflow-spark/curso2/ambientX/lib/python3.9/site-packages/airflow/example_dags/example_latest_only.py
[2025-01-26T10:57:07.771-0300] {processor.py:914} INFO - Processing file /mnt/c/Users/ander/Desktop/airflow-spark/airflow-spark/curso2/ambientX/lib/python3.9/site-packages/airflow/example_dags/example_latest_only.py for tasks to queue
[2025-01-26T10:57:07.773-0300] {logging_mixin.py:190} INFO - [2025-01-26T10:57:07.773-0300] {dagbag.py:588} INFO - Filling up the DagBag from /mnt/c/Users/ander/Desktop/airflow-spark/airflow-spark/curso2/ambientX/lib/python3.9/site-packages/airflow/example_dags/example_latest_only.py
[2025-01-26T10:57:07.801-0300] {processor.py:925} INFO - DAG(s) 'latest_only' retrieved from /mnt/c/Users/ander/Desktop/airflow-spark/airflow-spark/curso2/ambientX/lib/python3.9/site-packages/airflow/example_dags/example_latest_only.py
[2025-01-26T10:57:07.841-0300] {logging_mixin.py:190} INFO - [2025-01-26T10:57:07.841-0300] {dag.py:3239} INFO - Sync 1 DAGs
[2025-01-26T10:57:07.882-0300] {logging_mixin.py:190} INFO - [2025-01-26T10:57:07.882-0300] {dag.py:4180} INFO - Setting next_dagrun for latest_only to 2025-01-26T08:00:00+00:00, run_after=2025-01-26T12:00:00+00:00
[2025-01-26T10:57:07.961-0300] {processor.py:208} INFO - Processing /mnt/c/Users/ander/Desktop/airflow-spark/airflow-spark/curso2/ambientX/lib/python3.9/site-packages/airflow/example_dags/example_latest_only.py took 0.211 seconds
[2025-01-26T10:59:02.735-0300] {processor.py:186} INFO - Started process (PID=13411) to work on /mnt/c/Users/ander/Desktop/airflow-spark/airflow-spark/curso2/ambientX/lib/python3.9/site-packages/airflow/example_dags/example_latest_only.py
[2025-01-26T10:59:02.737-0300] {processor.py:914} INFO - Processing file /mnt/c/Users/ander/Desktop/airflow-spark/airflow-spark/curso2/ambientX/lib/python3.9/site-packages/airflow/example_dags/example_latest_only.py for tasks to queue
[2025-01-26T10:59:02.739-0300] {logging_mixin.py:190} INFO - [2025-01-26T10:59:02.738-0300] {dagbag.py:588} INFO - Filling up the DagBag from /mnt/c/Users/ander/Desktop/airflow-spark/airflow-spark/curso2/ambientX/lib/python3.9/site-packages/airflow/example_dags/example_latest_only.py
[2025-01-26T10:59:02.770-0300] {processor.py:925} INFO - DAG(s) 'latest_only' retrieved from /mnt/c/Users/ander/Desktop/airflow-spark/airflow-spark/curso2/ambientX/lib/python3.9/site-packages/airflow/example_dags/example_latest_only.py
[2025-01-26T10:59:02.818-0300] {logging_mixin.py:190} INFO - [2025-01-26T10:59:02.817-0300] {dag.py:3239} INFO - Sync 1 DAGs
[2025-01-26T10:59:02.856-0300] {logging_mixin.py:190} INFO - [2025-01-26T10:59:02.856-0300] {dag.py:4180} INFO - Setting next_dagrun for latest_only to 2025-01-26T08:00:00+00:00, run_after=2025-01-26T12:00:00+00:00
[2025-01-26T10:59:02.936-0300] {processor.py:208} INFO - Processing /mnt/c/Users/ander/Desktop/airflow-spark/airflow-spark/curso2/ambientX/lib/python3.9/site-packages/airflow/example_dags/example_latest_only.py took 0.218 seconds
[2025-01-26T11:01:00.039-0300] {processor.py:186} INFO - Started process (PID=13977) to work on /mnt/c/Users/ander/Desktop/airflow-spark/airflow-spark/curso2/ambientX/lib/python3.9/site-packages/airflow/example_dags/example_latest_only.py
[2025-01-26T11:01:00.040-0300] {processor.py:914} INFO - Processing file /mnt/c/Users/ander/Desktop/airflow-spark/airflow-spark/curso2/ambientX/lib/python3.9/site-packages/airflow/example_dags/example_latest_only.py for tasks to queue
[2025-01-26T11:01:00.042-0300] {logging_mixin.py:190} INFO - [2025-01-26T11:01:00.042-0300] {dagbag.py:588} INFO - Filling up the DagBag from /mnt/c/Users/ander/Desktop/airflow-spark/airflow-spark/curso2/ambientX/lib/python3.9/site-packages/airflow/example_dags/example_latest_only.py
[2025-01-26T11:01:00.071-0300] {processor.py:925} INFO - DAG(s) 'latest_only' retrieved from /mnt/c/Users/ander/Desktop/airflow-spark/airflow-spark/curso2/ambientX/lib/python3.9/site-packages/airflow/example_dags/example_latest_only.py
[2025-01-26T11:01:00.129-0300] {logging_mixin.py:190} INFO - [2025-01-26T11:01:00.128-0300] {dag.py:3239} INFO - Sync 1 DAGs
[2025-01-26T11:01:00.200-0300] {logging_mixin.py:190} INFO - [2025-01-26T11:01:00.200-0300] {dag.py:4180} INFO - Setting next_dagrun for latest_only to 2025-01-26T08:00:00+00:00, run_after=2025-01-26T12:00:00+00:00
[2025-01-26T11:01:00.338-0300] {processor.py:208} INFO - Processing /mnt/c/Users/ander/Desktop/airflow-spark/airflow-spark/curso2/ambientX/lib/python3.9/site-packages/airflow/example_dags/example_latest_only.py took 0.317 seconds
[2025-01-26T11:02:53.754-0300] {processor.py:186} INFO - Started process (PID=14909) to work on /mnt/c/Users/ander/Desktop/airflow-spark/airflow-spark/curso2/ambientX/lib/python3.9/site-packages/airflow/example_dags/example_latest_only.py
[2025-01-26T11:02:53.756-0300] {processor.py:914} INFO - Processing file /mnt/c/Users/ander/Desktop/airflow-spark/airflow-spark/curso2/ambientX/lib/python3.9/site-packages/airflow/example_dags/example_latest_only.py for tasks to queue
[2025-01-26T11:02:53.758-0300] {logging_mixin.py:190} INFO - [2025-01-26T11:02:53.758-0300] {dagbag.py:588} INFO - Filling up the DagBag from /mnt/c/Users/ander/Desktop/airflow-spark/airflow-spark/curso2/ambientX/lib/python3.9/site-packages/airflow/example_dags/example_latest_only.py
[2025-01-26T11:02:53.792-0300] {processor.py:925} INFO - DAG(s) 'latest_only' retrieved from /mnt/c/Users/ander/Desktop/airflow-spark/airflow-spark/curso2/ambientX/lib/python3.9/site-packages/airflow/example_dags/example_latest_only.py
[2025-01-26T11:02:53.848-0300] {logging_mixin.py:190} INFO - [2025-01-26T11:02:53.847-0300] {dag.py:3239} INFO - Sync 1 DAGs
[2025-01-26T11:02:53.896-0300] {logging_mixin.py:190} INFO - [2025-01-26T11:02:53.896-0300] {dag.py:4180} INFO - Setting next_dagrun for latest_only to 2025-01-26T08:00:00+00:00, run_after=2025-01-26T12:00:00+00:00
[2025-01-26T11:02:53.967-0300] {processor.py:208} INFO - Processing /mnt/c/Users/ander/Desktop/airflow-spark/airflow-spark/curso2/ambientX/lib/python3.9/site-packages/airflow/example_dags/example_latest_only.py took 0.237 seconds
[2025-01-26T11:04:43.418-0300] {processor.py:186} INFO - Started process (PID=15362) to work on /mnt/c/Users/ander/Desktop/airflow-spark/airflow-spark/curso2/ambientX/lib/python3.9/site-packages/airflow/example_dags/example_latest_only.py
[2025-01-26T11:04:43.420-0300] {processor.py:914} INFO - Processing file /mnt/c/Users/ander/Desktop/airflow-spark/airflow-spark/curso2/ambientX/lib/python3.9/site-packages/airflow/example_dags/example_latest_only.py for tasks to queue
[2025-01-26T11:04:43.423-0300] {logging_mixin.py:190} INFO - [2025-01-26T11:04:43.422-0300] {dagbag.py:588} INFO - Filling up the DagBag from /mnt/c/Users/ander/Desktop/airflow-spark/airflow-spark/curso2/ambientX/lib/python3.9/site-packages/airflow/example_dags/example_latest_only.py
[2025-01-26T11:04:43.447-0300] {processor.py:925} INFO - DAG(s) 'latest_only' retrieved from /mnt/c/Users/ander/Desktop/airflow-spark/airflow-spark/curso2/ambientX/lib/python3.9/site-packages/airflow/example_dags/example_latest_only.py
[2025-01-26T11:04:43.478-0300] {logging_mixin.py:190} INFO - [2025-01-26T11:04:43.478-0300] {dag.py:3239} INFO - Sync 1 DAGs
[2025-01-26T11:04:43.507-0300] {logging_mixin.py:190} INFO - [2025-01-26T11:04:43.506-0300] {dag.py:4180} INFO - Setting next_dagrun for latest_only to 2025-01-26T08:00:00+00:00, run_after=2025-01-26T12:00:00+00:00
[2025-01-26T11:04:43.576-0300] {processor.py:208} INFO - Processing /mnt/c/Users/ander/Desktop/airflow-spark/airflow-spark/curso2/ambientX/lib/python3.9/site-packages/airflow/example_dags/example_latest_only.py took 0.177 seconds
[2025-01-26T11:06:23.619-0300] {processor.py:186} INFO - Started process (PID=15798) to work on /mnt/c/Users/ander/Desktop/airflow-spark/airflow-spark/curso2/ambientX/lib/python3.9/site-packages/airflow/example_dags/example_latest_only.py
[2025-01-26T11:06:23.620-0300] {processor.py:914} INFO - Processing file /mnt/c/Users/ander/Desktop/airflow-spark/airflow-spark/curso2/ambientX/lib/python3.9/site-packages/airflow/example_dags/example_latest_only.py for tasks to queue
[2025-01-26T11:06:23.622-0300] {logging_mixin.py:190} INFO - [2025-01-26T11:06:23.622-0300] {dagbag.py:588} INFO - Filling up the DagBag from /mnt/c/Users/ander/Desktop/airflow-spark/airflow-spark/curso2/ambientX/lib/python3.9/site-packages/airflow/example_dags/example_latest_only.py
[2025-01-26T11:06:23.646-0300] {processor.py:925} INFO - DAG(s) 'latest_only' retrieved from /mnt/c/Users/ander/Desktop/airflow-spark/airflow-spark/curso2/ambientX/lib/python3.9/site-packages/airflow/example_dags/example_latest_only.py
[2025-01-26T11:06:23.682-0300] {logging_mixin.py:190} INFO - [2025-01-26T11:06:23.682-0300] {dag.py:3239} INFO - Sync 1 DAGs
[2025-01-26T11:06:23.712-0300] {logging_mixin.py:190} INFO - [2025-01-26T11:06:23.712-0300] {dag.py:4180} INFO - Setting next_dagrun for latest_only to 2025-01-26T08:00:00+00:00, run_after=2025-01-26T12:00:00+00:00
[2025-01-26T11:06:23.775-0300] {processor.py:208} INFO - Processing /mnt/c/Users/ander/Desktop/airflow-spark/airflow-spark/curso2/ambientX/lib/python3.9/site-packages/airflow/example_dags/example_latest_only.py took 0.172 seconds
[2025-01-26T11:08:04.838-0300] {processor.py:186} INFO - Started process (PID=16292) to work on /mnt/c/Users/ander/Desktop/airflow-spark/airflow-spark/curso2/ambientX/lib/python3.9/site-packages/airflow/example_dags/example_latest_only.py
[2025-01-26T11:08:04.839-0300] {processor.py:914} INFO - Processing file /mnt/c/Users/ander/Desktop/airflow-spark/airflow-spark/curso2/ambientX/lib/python3.9/site-packages/airflow/example_dags/example_latest_only.py for tasks to queue
[2025-01-26T11:08:04.841-0300] {logging_mixin.py:190} INFO - [2025-01-26T11:08:04.841-0300] {dagbag.py:588} INFO - Filling up the DagBag from /mnt/c/Users/ander/Desktop/airflow-spark/airflow-spark/curso2/ambientX/lib/python3.9/site-packages/airflow/example_dags/example_latest_only.py
[2025-01-26T11:08:04.868-0300] {processor.py:925} INFO - DAG(s) 'latest_only' retrieved from /mnt/c/Users/ander/Desktop/airflow-spark/airflow-spark/curso2/ambientX/lib/python3.9/site-packages/airflow/example_dags/example_latest_only.py
[2025-01-26T11:08:04.905-0300] {logging_mixin.py:190} INFO - [2025-01-26T11:08:04.905-0300] {dag.py:3239} INFO - Sync 1 DAGs
[2025-01-26T11:08:04.936-0300] {logging_mixin.py:190} INFO - [2025-01-26T11:08:04.935-0300] {dag.py:4180} INFO - Setting next_dagrun for latest_only to 2025-01-26T08:00:00+00:00, run_after=2025-01-26T12:00:00+00:00
[2025-01-26T11:08:05.000-0300] {processor.py:208} INFO - Processing /mnt/c/Users/ander/Desktop/airflow-spark/airflow-spark/curso2/ambientX/lib/python3.9/site-packages/airflow/example_dags/example_latest_only.py took 0.180 seconds
[2025-01-26T11:09:47.178-0300] {processor.py:186} INFO - Started process (PID=16677) to work on /mnt/c/Users/ander/Desktop/airflow-spark/airflow-spark/curso2/ambientX/lib/python3.9/site-packages/airflow/example_dags/example_latest_only.py
[2025-01-26T11:09:47.180-0300] {processor.py:914} INFO - Processing file /mnt/c/Users/ander/Desktop/airflow-spark/airflow-spark/curso2/ambientX/lib/python3.9/site-packages/airflow/example_dags/example_latest_only.py for tasks to queue
[2025-01-26T11:09:47.183-0300] {logging_mixin.py:190} INFO - [2025-01-26T11:09:47.182-0300] {dagbag.py:588} INFO - Filling up the DagBag from /mnt/c/Users/ander/Desktop/airflow-spark/airflow-spark/curso2/ambientX/lib/python3.9/site-packages/airflow/example_dags/example_latest_only.py
[2025-01-26T11:09:47.245-0300] {processor.py:925} INFO - DAG(s) 'latest_only' retrieved from /mnt/c/Users/ander/Desktop/airflow-spark/airflow-spark/curso2/ambientX/lib/python3.9/site-packages/airflow/example_dags/example_latest_only.py
[2025-01-26T11:09:47.363-0300] {logging_mixin.py:190} INFO - [2025-01-26T11:09:47.363-0300] {dag.py:3239} INFO - Sync 1 DAGs
[2025-01-26T11:09:47.472-0300] {logging_mixin.py:190} INFO - [2025-01-26T11:09:47.472-0300] {dag.py:4180} INFO - Setting next_dagrun for latest_only to 2025-01-26T08:00:00+00:00, run_after=2025-01-26T12:00:00+00:00
[2025-01-26T11:09:47.603-0300] {processor.py:208} INFO - Processing /mnt/c/Users/ander/Desktop/airflow-spark/airflow-spark/curso2/ambientX/lib/python3.9/site-packages/airflow/example_dags/example_latest_only.py took 0.473 seconds
[2025-01-26T11:11:54.577-0300] {processor.py:186} INFO - Started process (PID=17246) to work on /mnt/c/Users/ander/Desktop/airflow-spark/airflow-spark/curso2/ambientX/lib/python3.9/site-packages/airflow/example_dags/example_latest_only.py
[2025-01-26T11:11:54.647-0300] {processor.py:914} INFO - Processing file /mnt/c/Users/ander/Desktop/airflow-spark/airflow-spark/curso2/ambientX/lib/python3.9/site-packages/airflow/example_dags/example_latest_only.py for tasks to queue
[2025-01-26T11:11:54.649-0300] {logging_mixin.py:190} INFO - [2025-01-26T11:11:54.648-0300] {dagbag.py:588} INFO - Filling up the DagBag from /mnt/c/Users/ander/Desktop/airflow-spark/airflow-spark/curso2/ambientX/lib/python3.9/site-packages/airflow/example_dags/example_latest_only.py
[2025-01-26T11:11:54.853-0300] {processor.py:925} INFO - DAG(s) 'latest_only' retrieved from /mnt/c/Users/ander/Desktop/airflow-spark/airflow-spark/curso2/ambientX/lib/python3.9/site-packages/airflow/example_dags/example_latest_only.py
[2025-01-26T11:11:55.431-0300] {logging_mixin.py:190} INFO - [2025-01-26T11:11:55.431-0300] {dag.py:3239} INFO - Sync 1 DAGs
[2025-01-26T11:11:55.462-0300] {logging_mixin.py:190} INFO - [2025-01-26T11:11:55.462-0300] {dag.py:4180} INFO - Setting next_dagrun for latest_only to 2025-01-26T08:00:00+00:00, run_after=2025-01-26T12:00:00+00:00
[2025-01-26T11:11:56.244-0300] {processor.py:208} INFO - Processing /mnt/c/Users/ander/Desktop/airflow-spark/airflow-spark/curso2/ambientX/lib/python3.9/site-packages/airflow/example_dags/example_latest_only.py took 1.684 seconds
[2025-01-26T11:15:27.594-0300] {processor.py:186} INFO - Started process (PID=18223) to work on /mnt/c/Users/ander/Desktop/airflow-spark/airflow-spark/curso2/ambientX/lib/python3.9/site-packages/airflow/example_dags/example_latest_only.py
[2025-01-26T11:15:27.596-0300] {processor.py:914} INFO - Processing file /mnt/c/Users/ander/Desktop/airflow-spark/airflow-spark/curso2/ambientX/lib/python3.9/site-packages/airflow/example_dags/example_latest_only.py for tasks to queue
[2025-01-26T11:15:27.598-0300] {logging_mixin.py:190} INFO - [2025-01-26T11:15:27.597-0300] {dagbag.py:588} INFO - Filling up the DagBag from /mnt/c/Users/ander/Desktop/airflow-spark/airflow-spark/curso2/ambientX/lib/python3.9/site-packages/airflow/example_dags/example_latest_only.py
[2025-01-26T11:15:27.626-0300] {processor.py:925} INFO - DAG(s) 'latest_only' retrieved from /mnt/c/Users/ander/Desktop/airflow-spark/airflow-spark/curso2/ambientX/lib/python3.9/site-packages/airflow/example_dags/example_latest_only.py
[2025-01-26T11:15:27.663-0300] {logging_mixin.py:190} INFO - [2025-01-26T11:15:27.663-0300] {dag.py:3239} INFO - Sync 1 DAGs
[2025-01-26T11:15:27.694-0300] {logging_mixin.py:190} INFO - [2025-01-26T11:15:27.694-0300] {dag.py:4180} INFO - Setting next_dagrun for latest_only to 2025-01-26T08:00:00+00:00, run_after=2025-01-26T12:00:00+00:00
[2025-01-26T11:15:28.550-0300] {processor.py:208} INFO - Processing /mnt/c/Users/ander/Desktop/airflow-spark/airflow-spark/curso2/ambientX/lib/python3.9/site-packages/airflow/example_dags/example_latest_only.py took 0.974 seconds
[2025-01-26T11:18:45.901-0300] {processor.py:186} INFO - Started process (PID=19128) to work on /mnt/c/Users/ander/Desktop/airflow-spark/airflow-spark/curso2/ambientX/lib/python3.9/site-packages/airflow/example_dags/example_latest_only.py
[2025-01-26T11:18:45.902-0300] {processor.py:914} INFO - Processing file /mnt/c/Users/ander/Desktop/airflow-spark/airflow-spark/curso2/ambientX/lib/python3.9/site-packages/airflow/example_dags/example_latest_only.py for tasks to queue
[2025-01-26T11:18:45.904-0300] {logging_mixin.py:190} INFO - [2025-01-26T11:18:45.904-0300] {dagbag.py:588} INFO - Filling up the DagBag from /mnt/c/Users/ander/Desktop/airflow-spark/airflow-spark/curso2/ambientX/lib/python3.9/site-packages/airflow/example_dags/example_latest_only.py
[2025-01-26T11:18:45.931-0300] {processor.py:925} INFO - DAG(s) 'latest_only' retrieved from /mnt/c/Users/ander/Desktop/airflow-spark/airflow-spark/curso2/ambientX/lib/python3.9/site-packages/airflow/example_dags/example_latest_only.py
[2025-01-26T11:18:45.968-0300] {logging_mixin.py:190} INFO - [2025-01-26T11:18:45.968-0300] {dag.py:3239} INFO - Sync 1 DAGs
[2025-01-26T11:18:46.000-0300] {logging_mixin.py:190} INFO - [2025-01-26T11:18:45.999-0300] {dag.py:4180} INFO - Setting next_dagrun for latest_only to 2025-01-26T08:00:00+00:00, run_after=2025-01-26T12:00:00+00:00
[2025-01-26T11:18:46.671-0300] {processor.py:208} INFO - Processing /mnt/c/Users/ander/Desktop/airflow-spark/airflow-spark/curso2/ambientX/lib/python3.9/site-packages/airflow/example_dags/example_latest_only.py took 0.789 seconds
[2025-01-26T11:22:40.089-0300] {processor.py:186} INFO - Started process (PID=20093) to work on /mnt/c/Users/ander/Desktop/airflow-spark/airflow-spark/curso2/ambientX/lib/python3.9/site-packages/airflow/example_dags/example_latest_only.py
[2025-01-26T11:22:40.091-0300] {processor.py:914} INFO - Processing file /mnt/c/Users/ander/Desktop/airflow-spark/airflow-spark/curso2/ambientX/lib/python3.9/site-packages/airflow/example_dags/example_latest_only.py for tasks to queue
[2025-01-26T11:22:40.093-0300] {logging_mixin.py:190} INFO - [2025-01-26T11:22:40.092-0300] {dagbag.py:588} INFO - Filling up the DagBag from /mnt/c/Users/ander/Desktop/airflow-spark/airflow-spark/curso2/ambientX/lib/python3.9/site-packages/airflow/example_dags/example_latest_only.py
[2025-01-26T11:22:40.120-0300] {processor.py:925} INFO - DAG(s) 'latest_only' retrieved from /mnt/c/Users/ander/Desktop/airflow-spark/airflow-spark/curso2/ambientX/lib/python3.9/site-packages/airflow/example_dags/example_latest_only.py
[2025-01-26T11:22:40.166-0300] {logging_mixin.py:190} INFO - [2025-01-26T11:22:40.166-0300] {dag.py:3239} INFO - Sync 1 DAGs
[2025-01-26T11:22:40.198-0300] {logging_mixin.py:190} INFO - [2025-01-26T11:22:40.198-0300] {dag.py:4180} INFO - Setting next_dagrun for latest_only to 2025-01-26T08:00:00+00:00, run_after=2025-01-26T12:00:00+00:00
[2025-01-26T11:22:40.266-0300] {processor.py:208} INFO - Processing /mnt/c/Users/ander/Desktop/airflow-spark/airflow-spark/curso2/ambientX/lib/python3.9/site-packages/airflow/example_dags/example_latest_only.py took 0.197 seconds
[2025-01-26T11:25:07.186-0300] {processor.py:186} INFO - Started process (PID=20865) to work on /mnt/c/Users/ander/Desktop/airflow-spark/airflow-spark/curso2/ambientX/lib/python3.9/site-packages/airflow/example_dags/example_latest_only.py
[2025-01-26T11:25:07.187-0300] {processor.py:914} INFO - Processing file /mnt/c/Users/ander/Desktop/airflow-spark/airflow-spark/curso2/ambientX/lib/python3.9/site-packages/airflow/example_dags/example_latest_only.py for tasks to queue
[2025-01-26T11:25:07.190-0300] {logging_mixin.py:190} INFO - [2025-01-26T11:25:07.189-0300] {dagbag.py:588} INFO - Filling up the DagBag from /mnt/c/Users/ander/Desktop/airflow-spark/airflow-spark/curso2/ambientX/lib/python3.9/site-packages/airflow/example_dags/example_latest_only.py
[2025-01-26T11:25:07.220-0300] {processor.py:925} INFO - DAG(s) 'latest_only' retrieved from /mnt/c/Users/ander/Desktop/airflow-spark/airflow-spark/curso2/ambientX/lib/python3.9/site-packages/airflow/example_dags/example_latest_only.py
[2025-01-26T11:25:07.262-0300] {logging_mixin.py:190} INFO - [2025-01-26T11:25:07.261-0300] {dag.py:3239} INFO - Sync 1 DAGs
[2025-01-26T11:25:07.294-0300] {logging_mixin.py:190} INFO - [2025-01-26T11:25:07.294-0300] {dag.py:4180} INFO - Setting next_dagrun for latest_only to 2025-01-26T08:00:00+00:00, run_after=2025-01-26T12:00:00+00:00
[2025-01-26T11:25:07.374-0300] {processor.py:208} INFO - Processing /mnt/c/Users/ander/Desktop/airflow-spark/airflow-spark/curso2/ambientX/lib/python3.9/site-packages/airflow/example_dags/example_latest_only.py took 0.207 seconds
[2025-01-26T11:27:31.576-0300] {processor.py:186} INFO - Started process (PID=21560) to work on /mnt/c/Users/ander/Desktop/airflow-spark/airflow-spark/curso2/ambientX/lib/python3.9/site-packages/airflow/example_dags/example_latest_only.py
[2025-01-26T11:27:31.577-0300] {processor.py:914} INFO - Processing file /mnt/c/Users/ander/Desktop/airflow-spark/airflow-spark/curso2/ambientX/lib/python3.9/site-packages/airflow/example_dags/example_latest_only.py for tasks to queue
[2025-01-26T11:27:31.579-0300] {logging_mixin.py:190} INFO - [2025-01-26T11:27:31.579-0300] {dagbag.py:588} INFO - Filling up the DagBag from /mnt/c/Users/ander/Desktop/airflow-spark/airflow-spark/curso2/ambientX/lib/python3.9/site-packages/airflow/example_dags/example_latest_only.py
[2025-01-26T11:27:31.617-0300] {processor.py:925} INFO - DAG(s) 'latest_only' retrieved from /mnt/c/Users/ander/Desktop/airflow-spark/airflow-spark/curso2/ambientX/lib/python3.9/site-packages/airflow/example_dags/example_latest_only.py
[2025-01-26T11:27:31.655-0300] {logging_mixin.py:190} INFO - [2025-01-26T11:27:31.654-0300] {dag.py:3239} INFO - Sync 1 DAGs
[2025-01-26T11:27:31.689-0300] {logging_mixin.py:190} INFO - [2025-01-26T11:27:31.689-0300] {dag.py:4180} INFO - Setting next_dagrun for latest_only to 2025-01-26T08:00:00+00:00, run_after=2025-01-26T12:00:00+00:00
[2025-01-26T11:27:31.756-0300] {processor.py:208} INFO - Processing /mnt/c/Users/ander/Desktop/airflow-spark/airflow-spark/curso2/ambientX/lib/python3.9/site-packages/airflow/example_dags/example_latest_only.py took 0.199 seconds
[2025-01-26T11:30:04.569-0300] {processor.py:186} INFO - Started process (PID=22332) to work on /mnt/c/Users/ander/Desktop/airflow-spark/airflow-spark/curso2/ambientX/lib/python3.9/site-packages/airflow/example_dags/example_latest_only.py
[2025-01-26T11:30:04.570-0300] {processor.py:914} INFO - Processing file /mnt/c/Users/ander/Desktop/airflow-spark/airflow-spark/curso2/ambientX/lib/python3.9/site-packages/airflow/example_dags/example_latest_only.py for tasks to queue
[2025-01-26T11:30:04.572-0300] {logging_mixin.py:190} INFO - [2025-01-26T11:30:04.571-0300] {dagbag.py:588} INFO - Filling up the DagBag from /mnt/c/Users/ander/Desktop/airflow-spark/airflow-spark/curso2/ambientX/lib/python3.9/site-packages/airflow/example_dags/example_latest_only.py
[2025-01-26T11:30:04.597-0300] {processor.py:925} INFO - DAG(s) 'latest_only' retrieved from /mnt/c/Users/ander/Desktop/airflow-spark/airflow-spark/curso2/ambientX/lib/python3.9/site-packages/airflow/example_dags/example_latest_only.py
[2025-01-26T11:30:04.636-0300] {logging_mixin.py:190} INFO - [2025-01-26T11:30:04.636-0300] {dag.py:3239} INFO - Sync 1 DAGs
[2025-01-26T11:30:04.672-0300] {logging_mixin.py:190} INFO - [2025-01-26T11:30:04.671-0300] {dag.py:4180} INFO - Setting next_dagrun for latest_only to 2025-01-26T08:00:00+00:00, run_after=2025-01-26T12:00:00+00:00
[2025-01-26T11:30:04.797-0300] {processor.py:208} INFO - Processing /mnt/c/Users/ander/Desktop/airflow-spark/airflow-spark/curso2/ambientX/lib/python3.9/site-packages/airflow/example_dags/example_latest_only.py took 0.247 seconds
[2025-01-26T11:33:07.483-0300] {processor.py:186} INFO - Started process (PID=23134) to work on /mnt/c/Users/ander/Desktop/airflow-spark/airflow-spark/curso2/ambientX/lib/python3.9/site-packages/airflow/example_dags/example_latest_only.py
[2025-01-26T11:33:07.484-0300] {processor.py:914} INFO - Processing file /mnt/c/Users/ander/Desktop/airflow-spark/airflow-spark/curso2/ambientX/lib/python3.9/site-packages/airflow/example_dags/example_latest_only.py for tasks to queue
[2025-01-26T11:33:07.486-0300] {logging_mixin.py:190} INFO - [2025-01-26T11:33:07.486-0300] {dagbag.py:588} INFO - Filling up the DagBag from /mnt/c/Users/ander/Desktop/airflow-spark/airflow-spark/curso2/ambientX/lib/python3.9/site-packages/airflow/example_dags/example_latest_only.py
[2025-01-26T11:33:07.514-0300] {processor.py:925} INFO - DAG(s) 'latest_only' retrieved from /mnt/c/Users/ander/Desktop/airflow-spark/airflow-spark/curso2/ambientX/lib/python3.9/site-packages/airflow/example_dags/example_latest_only.py
[2025-01-26T11:33:07.553-0300] {logging_mixin.py:190} INFO - [2025-01-26T11:33:07.553-0300] {dag.py:3239} INFO - Sync 1 DAGs
[2025-01-26T11:33:07.587-0300] {logging_mixin.py:190} INFO - [2025-01-26T11:33:07.587-0300] {dag.py:4180} INFO - Setting next_dagrun for latest_only to 2025-01-26T08:00:00+00:00, run_after=2025-01-26T12:00:00+00:00
[2025-01-26T11:33:07.829-0300] {processor.py:208} INFO - Processing /mnt/c/Users/ander/Desktop/airflow-spark/airflow-spark/curso2/ambientX/lib/python3.9/site-packages/airflow/example_dags/example_latest_only.py took 0.364 seconds
[2025-01-26T11:34:58.988-0300] {processor.py:186} INFO - Started process (PID=23677) to work on /mnt/c/Users/ander/Desktop/airflow-spark/airflow-spark/curso2/ambientX/lib/python3.9/site-packages/airflow/example_dags/example_latest_only.py
[2025-01-26T11:34:58.990-0300] {processor.py:914} INFO - Processing file /mnt/c/Users/ander/Desktop/airflow-spark/airflow-spark/curso2/ambientX/lib/python3.9/site-packages/airflow/example_dags/example_latest_only.py for tasks to queue
[2025-01-26T11:34:58.992-0300] {logging_mixin.py:190} INFO - [2025-01-26T11:34:58.991-0300] {dagbag.py:588} INFO - Filling up the DagBag from /mnt/c/Users/ander/Desktop/airflow-spark/airflow-spark/curso2/ambientX/lib/python3.9/site-packages/airflow/example_dags/example_latest_only.py
[2025-01-26T11:34:59.019-0300] {processor.py:925} INFO - DAG(s) 'latest_only' retrieved from /mnt/c/Users/ander/Desktop/airflow-spark/airflow-spark/curso2/ambientX/lib/python3.9/site-packages/airflow/example_dags/example_latest_only.py
[2025-01-26T11:34:59.058-0300] {logging_mixin.py:190} INFO - [2025-01-26T11:34:59.058-0300] {dag.py:3239} INFO - Sync 1 DAGs
[2025-01-26T11:34:59.091-0300] {logging_mixin.py:190} INFO - [2025-01-26T11:34:59.091-0300] {dag.py:4180} INFO - Setting next_dagrun for latest_only to 2025-01-26T08:00:00+00:00, run_after=2025-01-26T12:00:00+00:00
[2025-01-26T11:34:59.168-0300] {processor.py:208} INFO - Processing /mnt/c/Users/ander/Desktop/airflow-spark/airflow-spark/curso2/ambientX/lib/python3.9/site-packages/airflow/example_dags/example_latest_only.py took 0.197 seconds
[2025-01-26T11:36:40.334-0300] {processor.py:186} INFO - Started process (PID=24250) to work on /mnt/c/Users/ander/Desktop/airflow-spark/airflow-spark/curso2/ambientX/lib/python3.9/site-packages/airflow/example_dags/example_latest_only.py
[2025-01-26T11:36:40.336-0300] {processor.py:914} INFO - Processing file /mnt/c/Users/ander/Desktop/airflow-spark/airflow-spark/curso2/ambientX/lib/python3.9/site-packages/airflow/example_dags/example_latest_only.py for tasks to queue
[2025-01-26T11:36:40.338-0300] {logging_mixin.py:190} INFO - [2025-01-26T11:36:40.337-0300] {dagbag.py:588} INFO - Filling up the DagBag from /mnt/c/Users/ander/Desktop/airflow-spark/airflow-spark/curso2/ambientX/lib/python3.9/site-packages/airflow/example_dags/example_latest_only.py
[2025-01-26T11:36:40.364-0300] {processor.py:925} INFO - DAG(s) 'latest_only' retrieved from /mnt/c/Users/ander/Desktop/airflow-spark/airflow-spark/curso2/ambientX/lib/python3.9/site-packages/airflow/example_dags/example_latest_only.py
[2025-01-26T11:36:40.401-0300] {logging_mixin.py:190} INFO - [2025-01-26T11:36:40.401-0300] {dag.py:3239} INFO - Sync 1 DAGs
[2025-01-26T11:36:40.432-0300] {logging_mixin.py:190} INFO - [2025-01-26T11:36:40.431-0300] {dag.py:4180} INFO - Setting next_dagrun for latest_only to 2025-01-26T08:00:00+00:00, run_after=2025-01-26T12:00:00+00:00
[2025-01-26T11:36:40.499-0300] {processor.py:208} INFO - Processing /mnt/c/Users/ander/Desktop/airflow-spark/airflow-spark/curso2/ambientX/lib/python3.9/site-packages/airflow/example_dags/example_latest_only.py took 0.182 seconds
[2025-01-26T11:38:23.354-0300] {processor.py:186} INFO - Started process (PID=24762) to work on /mnt/c/Users/ander/Desktop/airflow-spark/airflow-spark/curso2/ambientX/lib/python3.9/site-packages/airflow/example_dags/example_latest_only.py
[2025-01-26T11:38:23.355-0300] {processor.py:914} INFO - Processing file /mnt/c/Users/ander/Desktop/airflow-spark/airflow-spark/curso2/ambientX/lib/python3.9/site-packages/airflow/example_dags/example_latest_only.py for tasks to queue
[2025-01-26T11:38:23.357-0300] {logging_mixin.py:190} INFO - [2025-01-26T11:38:23.357-0300] {dagbag.py:588} INFO - Filling up the DagBag from /mnt/c/Users/ander/Desktop/airflow-spark/airflow-spark/curso2/ambientX/lib/python3.9/site-packages/airflow/example_dags/example_latest_only.py
[2025-01-26T11:38:23.381-0300] {processor.py:925} INFO - DAG(s) 'latest_only' retrieved from /mnt/c/Users/ander/Desktop/airflow-spark/airflow-spark/curso2/ambientX/lib/python3.9/site-packages/airflow/example_dags/example_latest_only.py
[2025-01-26T11:38:23.418-0300] {logging_mixin.py:190} INFO - [2025-01-26T11:38:23.417-0300] {dag.py:3239} INFO - Sync 1 DAGs
[2025-01-26T11:38:23.447-0300] {logging_mixin.py:190} INFO - [2025-01-26T11:38:23.447-0300] {dag.py:4180} INFO - Setting next_dagrun for latest_only to 2025-01-26T08:00:00+00:00, run_after=2025-01-26T12:00:00+00:00
[2025-01-26T11:38:23.547-0300] {processor.py:208} INFO - Processing /mnt/c/Users/ander/Desktop/airflow-spark/airflow-spark/curso2/ambientX/lib/python3.9/site-packages/airflow/example_dags/example_latest_only.py took 0.210 seconds
[2025-01-26T11:40:01.551-0300] {processor.py:186} INFO - Started process (PID=25148) to work on /mnt/c/Users/ander/Desktop/airflow-spark/airflow-spark/curso2/ambientX/lib/python3.9/site-packages/airflow/example_dags/example_latest_only.py
[2025-01-26T11:40:01.552-0300] {processor.py:914} INFO - Processing file /mnt/c/Users/ander/Desktop/airflow-spark/airflow-spark/curso2/ambientX/lib/python3.9/site-packages/airflow/example_dags/example_latest_only.py for tasks to queue
[2025-01-26T11:40:01.554-0300] {logging_mixin.py:190} INFO - [2025-01-26T11:40:01.554-0300] {dagbag.py:588} INFO - Filling up the DagBag from /mnt/c/Users/ander/Desktop/airflow-spark/airflow-spark/curso2/ambientX/lib/python3.9/site-packages/airflow/example_dags/example_latest_only.py
[2025-01-26T11:40:01.575-0300] {processor.py:925} INFO - DAG(s) 'latest_only' retrieved from /mnt/c/Users/ander/Desktop/airflow-spark/airflow-spark/curso2/ambientX/lib/python3.9/site-packages/airflow/example_dags/example_latest_only.py
[2025-01-26T11:40:01.606-0300] {logging_mixin.py:190} INFO - [2025-01-26T11:40:01.606-0300] {dag.py:3239} INFO - Sync 1 DAGs
[2025-01-26T11:40:01.637-0300] {logging_mixin.py:190} INFO - [2025-01-26T11:40:01.637-0300] {dag.py:4180} INFO - Setting next_dagrun for latest_only to 2025-01-26T08:00:00+00:00, run_after=2025-01-26T12:00:00+00:00
[2025-01-26T11:40:01.699-0300] {processor.py:208} INFO - Processing /mnt/c/Users/ander/Desktop/airflow-spark/airflow-spark/curso2/ambientX/lib/python3.9/site-packages/airflow/example_dags/example_latest_only.py took 0.163 seconds
[2025-01-26T11:41:36.443-0300] {processor.py:186} INFO - Started process (PID=25709) to work on /mnt/c/Users/ander/Desktop/airflow-spark/airflow-spark/curso2/ambientX/lib/python3.9/site-packages/airflow/example_dags/example_latest_only.py
[2025-01-26T11:41:36.444-0300] {processor.py:914} INFO - Processing file /mnt/c/Users/ander/Desktop/airflow-spark/airflow-spark/curso2/ambientX/lib/python3.9/site-packages/airflow/example_dags/example_latest_only.py for tasks to queue
[2025-01-26T11:41:36.446-0300] {logging_mixin.py:190} INFO - [2025-01-26T11:41:36.445-0300] {dagbag.py:588} INFO - Filling up the DagBag from /mnt/c/Users/ander/Desktop/airflow-spark/airflow-spark/curso2/ambientX/lib/python3.9/site-packages/airflow/example_dags/example_latest_only.py
[2025-01-26T11:41:36.473-0300] {processor.py:925} INFO - DAG(s) 'latest_only' retrieved from /mnt/c/Users/ander/Desktop/airflow-spark/airflow-spark/curso2/ambientX/lib/python3.9/site-packages/airflow/example_dags/example_latest_only.py
[2025-01-26T11:41:36.510-0300] {logging_mixin.py:190} INFO - [2025-01-26T11:41:36.510-0300] {dag.py:3239} INFO - Sync 1 DAGs
[2025-01-26T11:41:36.539-0300] {logging_mixin.py:190} INFO - [2025-01-26T11:41:36.538-0300] {dag.py:4180} INFO - Setting next_dagrun for latest_only to 2025-01-26T08:00:00+00:00, run_after=2025-01-26T12:00:00+00:00
[2025-01-26T11:41:36.595-0300] {processor.py:208} INFO - Processing /mnt/c/Users/ander/Desktop/airflow-spark/airflow-spark/curso2/ambientX/lib/python3.9/site-packages/airflow/example_dags/example_latest_only.py took 0.169 seconds
[2025-01-26T11:43:23.688-0300] {processor.py:186} INFO - Started process (PID=26274) to work on /mnt/c/Users/ander/Desktop/airflow-spark/airflow-spark/curso2/ambientX/lib/python3.9/site-packages/airflow/example_dags/example_latest_only.py
[2025-01-26T11:43:23.689-0300] {processor.py:914} INFO - Processing file /mnt/c/Users/ander/Desktop/airflow-spark/airflow-spark/curso2/ambientX/lib/python3.9/site-packages/airflow/example_dags/example_latest_only.py for tasks to queue
[2025-01-26T11:43:23.691-0300] {logging_mixin.py:190} INFO - [2025-01-26T11:43:23.691-0300] {dagbag.py:588} INFO - Filling up the DagBag from /mnt/c/Users/ander/Desktop/airflow-spark/airflow-spark/curso2/ambientX/lib/python3.9/site-packages/airflow/example_dags/example_latest_only.py
[2025-01-26T11:43:23.713-0300] {processor.py:925} INFO - DAG(s) 'latest_only' retrieved from /mnt/c/Users/ander/Desktop/airflow-spark/airflow-spark/curso2/ambientX/lib/python3.9/site-packages/airflow/example_dags/example_latest_only.py
[2025-01-26T11:43:23.745-0300] {logging_mixin.py:190} INFO - [2025-01-26T11:43:23.745-0300] {dag.py:3239} INFO - Sync 1 DAGs
[2025-01-26T11:43:23.774-0300] {logging_mixin.py:190} INFO - [2025-01-26T11:43:23.774-0300] {dag.py:4180} INFO - Setting next_dagrun for latest_only to 2025-01-26T08:00:00+00:00, run_after=2025-01-26T12:00:00+00:00
[2025-01-26T11:43:23.833-0300] {processor.py:208} INFO - Processing /mnt/c/Users/ander/Desktop/airflow-spark/airflow-spark/curso2/ambientX/lib/python3.9/site-packages/airflow/example_dags/example_latest_only.py took 0.160 seconds
[2025-01-26T11:45:09.237-0300] {processor.py:186} INFO - Started process (PID=26715) to work on /mnt/c/Users/ander/Desktop/airflow-spark/airflow-spark/curso2/ambientX/lib/python3.9/site-packages/airflow/example_dags/example_latest_only.py
[2025-01-26T11:45:09.238-0300] {processor.py:914} INFO - Processing file /mnt/c/Users/ander/Desktop/airflow-spark/airflow-spark/curso2/ambientX/lib/python3.9/site-packages/airflow/example_dags/example_latest_only.py for tasks to queue
[2025-01-26T11:45:09.240-0300] {logging_mixin.py:190} INFO - [2025-01-26T11:45:09.240-0300] {dagbag.py:588} INFO - Filling up the DagBag from /mnt/c/Users/ander/Desktop/airflow-spark/airflow-spark/curso2/ambientX/lib/python3.9/site-packages/airflow/example_dags/example_latest_only.py
[2025-01-26T11:45:09.263-0300] {processor.py:925} INFO - DAG(s) 'latest_only' retrieved from /mnt/c/Users/ander/Desktop/airflow-spark/airflow-spark/curso2/ambientX/lib/python3.9/site-packages/airflow/example_dags/example_latest_only.py
[2025-01-26T11:45:09.301-0300] {logging_mixin.py:190} INFO - [2025-01-26T11:45:09.300-0300] {dag.py:3239} INFO - Sync 1 DAGs
[2025-01-26T11:45:09.332-0300] {logging_mixin.py:190} INFO - [2025-01-26T11:45:09.332-0300] {dag.py:4180} INFO - Setting next_dagrun for latest_only to 2025-01-26T08:00:00+00:00, run_after=2025-01-26T12:00:00+00:00
[2025-01-26T11:45:09.395-0300] {processor.py:208} INFO - Processing /mnt/c/Users/ander/Desktop/airflow-spark/airflow-spark/curso2/ambientX/lib/python3.9/site-packages/airflow/example_dags/example_latest_only.py took 0.175 seconds
