[2025-01-26T10:25:22.726-0300] {processor.py:186} INFO - Started process (PID=2060) to work on /mnt/c/Users/ander/Desktop/airflow-spark/airflow-spark/curso2/ambientX/lib/python3.9/site-packages/airflow/example_dags/example_trigger_controller_dag.py
[2025-01-26T10:25:22.730-0300] {processor.py:914} INFO - Processing file /mnt/c/Users/ander/Desktop/airflow-spark/airflow-spark/curso2/ambientX/lib/python3.9/site-packages/airflow/example_dags/example_trigger_controller_dag.py for tasks to queue
[2025-01-26T10:25:22.738-0300] {logging_mixin.py:190} INFO - [2025-01-26T10:25:22.737-0300] {dagbag.py:588} INFO - Filling up the DagBag from /mnt/c/Users/ander/Desktop/airflow-spark/airflow-spark/curso2/ambientX/lib/python3.9/site-packages/airflow/example_dags/example_trigger_controller_dag.py
[2025-01-26T10:25:22.810-0300] {processor.py:925} INFO - DAG(s) 'example_trigger_controller_dag' retrieved from /mnt/c/Users/ander/Desktop/airflow-spark/airflow-spark/curso2/ambientX/lib/python3.9/site-packages/airflow/example_dags/example_trigger_controller_dag.py
[2025-01-26T10:25:22.875-0300] {logging_mixin.py:190} INFO - [2025-01-26T10:25:22.874-0300] {dag.py:3239} INFO - Sync 1 DAGs
[2025-01-26T10:25:22.928-0300] {logging_mixin.py:190} INFO - [2025-01-26T10:25:22.928-0300] {dag.py:4180} INFO - Setting next_dagrun for example_trigger_controller_dag to 2021-01-01T00:00:00+00:00, run_after=2021-01-01T00:00:00+00:00
[2025-01-26T10:25:22.996-0300] {processor.py:208} INFO - Processing /mnt/c/Users/ander/Desktop/airflow-spark/airflow-spark/curso2/ambientX/lib/python3.9/site-packages/airflow/example_dags/example_trigger_controller_dag.py took 0.292 seconds
[2025-01-26T10:38:35.208-0300] {processor.py:186} INFO - Started process (PID=8060) to work on /mnt/c/Users/ander/Desktop/airflow-spark/airflow-spark/curso2/ambientX/lib/python3.9/site-packages/airflow/example_dags/example_trigger_controller_dag.py
[2025-01-26T10:38:35.211-0300] {processor.py:914} INFO - Processing file /mnt/c/Users/ander/Desktop/airflow-spark/airflow-spark/curso2/ambientX/lib/python3.9/site-packages/airflow/example_dags/example_trigger_controller_dag.py for tasks to queue
[2025-01-26T10:38:35.216-0300] {logging_mixin.py:190} INFO - [2025-01-26T10:38:35.215-0300] {dagbag.py:588} INFO - Filling up the DagBag from /mnt/c/Users/ander/Desktop/airflow-spark/airflow-spark/curso2/ambientX/lib/python3.9/site-packages/airflow/example_dags/example_trigger_controller_dag.py
[2025-01-26T10:38:35.245-0300] {processor.py:925} INFO - DAG(s) 'example_trigger_controller_dag' retrieved from /mnt/c/Users/ander/Desktop/airflow-spark/airflow-spark/curso2/ambientX/lib/python3.9/site-packages/airflow/example_dags/example_trigger_controller_dag.py
[2025-01-26T10:38:35.302-0300] {logging_mixin.py:190} INFO - [2025-01-26T10:38:35.302-0300] {dag.py:3239} INFO - Sync 1 DAGs
[2025-01-26T10:38:35.343-0300] {logging_mixin.py:190} INFO - [2025-01-26T10:38:35.343-0300] {dag.py:4180} INFO - Setting next_dagrun for example_trigger_controller_dag to 2021-01-01T00:00:00+00:00, run_after=2021-01-01T00:00:00+00:00
[2025-01-26T10:38:35.420-0300] {processor.py:208} INFO - Processing /mnt/c/Users/ander/Desktop/airflow-spark/airflow-spark/curso2/ambientX/lib/python3.9/site-packages/airflow/example_dags/example_trigger_controller_dag.py took 0.230 seconds
[2025-01-26T10:40:06.422-0300] {processor.py:186} INFO - Started process (PID=8376) to work on /mnt/c/Users/ander/Desktop/airflow-spark/airflow-spark/curso2/ambientX/lib/python3.9/site-packages/airflow/example_dags/example_trigger_controller_dag.py
[2025-01-26T10:40:06.424-0300] {processor.py:914} INFO - Processing file /mnt/c/Users/ander/Desktop/airflow-spark/airflow-spark/curso2/ambientX/lib/python3.9/site-packages/airflow/example_dags/example_trigger_controller_dag.py for tasks to queue
[2025-01-26T10:40:06.428-0300] {logging_mixin.py:190} INFO - [2025-01-26T10:40:06.427-0300] {dagbag.py:588} INFO - Filling up the DagBag from /mnt/c/Users/ander/Desktop/airflow-spark/airflow-spark/curso2/ambientX/lib/python3.9/site-packages/airflow/example_dags/example_trigger_controller_dag.py
[2025-01-26T10:40:06.453-0300] {processor.py:925} INFO - DAG(s) 'example_trigger_controller_dag' retrieved from /mnt/c/Users/ander/Desktop/airflow-spark/airflow-spark/curso2/ambientX/lib/python3.9/site-packages/airflow/example_dags/example_trigger_controller_dag.py
[2025-01-26T10:40:06.498-0300] {logging_mixin.py:190} INFO - [2025-01-26T10:40:06.497-0300] {dag.py:3239} INFO - Sync 1 DAGs
[2025-01-26T10:40:06.535-0300] {logging_mixin.py:190} INFO - [2025-01-26T10:40:06.535-0300] {dag.py:4180} INFO - Setting next_dagrun for example_trigger_controller_dag to 2021-01-01T00:00:00+00:00, run_after=2021-01-01T00:00:00+00:00
[2025-01-26T10:40:06.618-0300] {processor.py:208} INFO - Processing /mnt/c/Users/ander/Desktop/airflow-spark/airflow-spark/curso2/ambientX/lib/python3.9/site-packages/airflow/example_dags/example_trigger_controller_dag.py took 0.216 seconds
[2025-01-26T10:41:02.483-0300] {processor.py:186} INFO - Started process (PID=8789) to work on /mnt/c/Users/ander/Desktop/airflow-spark/airflow-spark/curso2/ambientX/lib/python3.9/site-packages/airflow/example_dags/example_trigger_controller_dag.py
[2025-01-26T10:41:02.484-0300] {processor.py:914} INFO - Processing file /mnt/c/Users/ander/Desktop/airflow-spark/airflow-spark/curso2/ambientX/lib/python3.9/site-packages/airflow/example_dags/example_trigger_controller_dag.py for tasks to queue
[2025-01-26T10:41:02.486-0300] {logging_mixin.py:190} INFO - [2025-01-26T10:41:02.486-0300] {dagbag.py:588} INFO - Filling up the DagBag from /mnt/c/Users/ander/Desktop/airflow-spark/airflow-spark/curso2/ambientX/lib/python3.9/site-packages/airflow/example_dags/example_trigger_controller_dag.py
[2025-01-26T10:41:02.509-0300] {processor.py:925} INFO - DAG(s) 'example_trigger_controller_dag' retrieved from /mnt/c/Users/ander/Desktop/airflow-spark/airflow-spark/curso2/ambientX/lib/python3.9/site-packages/airflow/example_dags/example_trigger_controller_dag.py
[2025-01-26T10:41:02.547-0300] {logging_mixin.py:190} INFO - [2025-01-26T10:41:02.547-0300] {dag.py:3239} INFO - Sync 1 DAGs
[2025-01-26T10:41:02.584-0300] {logging_mixin.py:190} INFO - [2025-01-26T10:41:02.584-0300] {dag.py:4180} INFO - Setting next_dagrun for example_trigger_controller_dag to 2021-01-01T00:00:00+00:00, run_after=2021-01-01T00:00:00+00:00
[2025-01-26T10:41:02.651-0300] {processor.py:208} INFO - Processing /mnt/c/Users/ander/Desktop/airflow-spark/airflow-spark/curso2/ambientX/lib/python3.9/site-packages/airflow/example_dags/example_trigger_controller_dag.py took 0.187 seconds
[2025-01-26T10:41:58.027-0300] {processor.py:186} INFO - Started process (PID=9000) to work on /mnt/c/Users/ander/Desktop/airflow-spark/airflow-spark/curso2/ambientX/lib/python3.9/site-packages/airflow/example_dags/example_trigger_controller_dag.py
[2025-01-26T10:41:58.029-0300] {processor.py:914} INFO - Processing file /mnt/c/Users/ander/Desktop/airflow-spark/airflow-spark/curso2/ambientX/lib/python3.9/site-packages/airflow/example_dags/example_trigger_controller_dag.py for tasks to queue
[2025-01-26T10:41:58.031-0300] {logging_mixin.py:190} INFO - [2025-01-26T10:41:58.030-0300] {dagbag.py:588} INFO - Filling up the DagBag from /mnt/c/Users/ander/Desktop/airflow-spark/airflow-spark/curso2/ambientX/lib/python3.9/site-packages/airflow/example_dags/example_trigger_controller_dag.py
[2025-01-26T10:41:58.060-0300] {processor.py:925} INFO - DAG(s) 'example_trigger_controller_dag' retrieved from /mnt/c/Users/ander/Desktop/airflow-spark/airflow-spark/curso2/ambientX/lib/python3.9/site-packages/airflow/example_dags/example_trigger_controller_dag.py
[2025-01-26T10:41:58.103-0300] {logging_mixin.py:190} INFO - [2025-01-26T10:41:58.103-0300] {dag.py:3239} INFO - Sync 1 DAGs
[2025-01-26T10:41:58.142-0300] {logging_mixin.py:190} INFO - [2025-01-26T10:41:58.141-0300] {dag.py:4180} INFO - Setting next_dagrun for example_trigger_controller_dag to 2021-01-01T00:00:00+00:00, run_after=2021-01-01T00:00:00+00:00
[2025-01-26T10:41:58.222-0300] {processor.py:208} INFO - Processing /mnt/c/Users/ander/Desktop/airflow-spark/airflow-spark/curso2/ambientX/lib/python3.9/site-packages/airflow/example_dags/example_trigger_controller_dag.py took 0.215 seconds
[2025-01-26T10:42:50.135-0300] {processor.py:186} INFO - Started process (PID=9215) to work on /mnt/c/Users/ander/Desktop/airflow-spark/airflow-spark/curso2/ambientX/lib/python3.9/site-packages/airflow/example_dags/example_trigger_controller_dag.py
[2025-01-26T10:42:50.136-0300] {processor.py:914} INFO - Processing file /mnt/c/Users/ander/Desktop/airflow-spark/airflow-spark/curso2/ambientX/lib/python3.9/site-packages/airflow/example_dags/example_trigger_controller_dag.py for tasks to queue
[2025-01-26T10:42:50.138-0300] {logging_mixin.py:190} INFO - [2025-01-26T10:42:50.138-0300] {dagbag.py:588} INFO - Filling up the DagBag from /mnt/c/Users/ander/Desktop/airflow-spark/airflow-spark/curso2/ambientX/lib/python3.9/site-packages/airflow/example_dags/example_trigger_controller_dag.py
[2025-01-26T10:42:50.169-0300] {processor.py:925} INFO - DAG(s) 'example_trigger_controller_dag' retrieved from /mnt/c/Users/ander/Desktop/airflow-spark/airflow-spark/curso2/ambientX/lib/python3.9/site-packages/airflow/example_dags/example_trigger_controller_dag.py
[2025-01-26T10:42:50.218-0300] {logging_mixin.py:190} INFO - [2025-01-26T10:42:50.218-0300] {dag.py:3239} INFO - Sync 1 DAGs
[2025-01-26T10:42:50.261-0300] {logging_mixin.py:190} INFO - [2025-01-26T10:42:50.260-0300] {dag.py:4180} INFO - Setting next_dagrun for example_trigger_controller_dag to 2021-01-01T00:00:00+00:00, run_after=2021-01-01T00:00:00+00:00
[2025-01-26T10:42:50.357-0300] {processor.py:208} INFO - Processing /mnt/c/Users/ander/Desktop/airflow-spark/airflow-spark/curso2/ambientX/lib/python3.9/site-packages/airflow/example_dags/example_trigger_controller_dag.py took 0.246 seconds
[2025-01-26T10:43:47.873-0300] {processor.py:186} INFO - Started process (PID=9434) to work on /mnt/c/Users/ander/Desktop/airflow-spark/airflow-spark/curso2/ambientX/lib/python3.9/site-packages/airflow/example_dags/example_trigger_controller_dag.py
[2025-01-26T10:43:47.875-0300] {processor.py:914} INFO - Processing file /mnt/c/Users/ander/Desktop/airflow-spark/airflow-spark/curso2/ambientX/lib/python3.9/site-packages/airflow/example_dags/example_trigger_controller_dag.py for tasks to queue
[2025-01-26T10:43:47.877-0300] {logging_mixin.py:190} INFO - [2025-01-26T10:43:47.876-0300] {dagbag.py:588} INFO - Filling up the DagBag from /mnt/c/Users/ander/Desktop/airflow-spark/airflow-spark/curso2/ambientX/lib/python3.9/site-packages/airflow/example_dags/example_trigger_controller_dag.py
[2025-01-26T10:43:47.903-0300] {processor.py:925} INFO - DAG(s) 'example_trigger_controller_dag' retrieved from /mnt/c/Users/ander/Desktop/airflow-spark/airflow-spark/curso2/ambientX/lib/python3.9/site-packages/airflow/example_dags/example_trigger_controller_dag.py
[2025-01-26T10:43:47.987-0300] {logging_mixin.py:190} INFO - [2025-01-26T10:43:47.987-0300] {dag.py:3239} INFO - Sync 1 DAGs
[2025-01-26T10:43:48.018-0300] {logging_mixin.py:190} INFO - [2025-01-26T10:43:48.018-0300] {dag.py:4180} INFO - Setting next_dagrun for example_trigger_controller_dag to 2021-01-01T00:00:00+00:00, run_after=2021-01-01T00:00:00+00:00
[2025-01-26T10:43:48.307-0300] {processor.py:208} INFO - Processing /mnt/c/Users/ander/Desktop/airflow-spark/airflow-spark/curso2/ambientX/lib/python3.9/site-packages/airflow/example_dags/example_trigger_controller_dag.py took 0.450 seconds
[2025-01-26T10:44:48.688-0300] {processor.py:186} INFO - Started process (PID=9666) to work on /mnt/c/Users/ander/Desktop/airflow-spark/airflow-spark/curso2/ambientX/lib/python3.9/site-packages/airflow/example_dags/example_trigger_controller_dag.py
[2025-01-26T10:44:48.689-0300] {processor.py:914} INFO - Processing file /mnt/c/Users/ander/Desktop/airflow-spark/airflow-spark/curso2/ambientX/lib/python3.9/site-packages/airflow/example_dags/example_trigger_controller_dag.py for tasks to queue
[2025-01-26T10:44:48.692-0300] {logging_mixin.py:190} INFO - [2025-01-26T10:44:48.691-0300] {dagbag.py:588} INFO - Filling up the DagBag from /mnt/c/Users/ander/Desktop/airflow-spark/airflow-spark/curso2/ambientX/lib/python3.9/site-packages/airflow/example_dags/example_trigger_controller_dag.py
[2025-01-26T10:44:48.718-0300] {processor.py:925} INFO - DAG(s) 'example_trigger_controller_dag' retrieved from /mnt/c/Users/ander/Desktop/airflow-spark/airflow-spark/curso2/ambientX/lib/python3.9/site-packages/airflow/example_dags/example_trigger_controller_dag.py
[2025-01-26T10:44:48.754-0300] {logging_mixin.py:190} INFO - [2025-01-26T10:44:48.754-0300] {dag.py:3239} INFO - Sync 1 DAGs
[2025-01-26T10:44:48.785-0300] {logging_mixin.py:190} INFO - [2025-01-26T10:44:48.784-0300] {dag.py:4180} INFO - Setting next_dagrun for example_trigger_controller_dag to 2021-01-01T00:00:00+00:00, run_after=2021-01-01T00:00:00+00:00
[2025-01-26T10:44:48.851-0300] {processor.py:208} INFO - Processing /mnt/c/Users/ander/Desktop/airflow-spark/airflow-spark/curso2/ambientX/lib/python3.9/site-packages/airflow/example_dags/example_trigger_controller_dag.py took 0.186 seconds
[2025-01-26T10:45:45.058-0300] {processor.py:186} INFO - Started process (PID=9898) to work on /mnt/c/Users/ander/Desktop/airflow-spark/airflow-spark/curso2/ambientX/lib/python3.9/site-packages/airflow/example_dags/example_trigger_controller_dag.py
[2025-01-26T10:45:45.059-0300] {processor.py:914} INFO - Processing file /mnt/c/Users/ander/Desktop/airflow-spark/airflow-spark/curso2/ambientX/lib/python3.9/site-packages/airflow/example_dags/example_trigger_controller_dag.py for tasks to queue
[2025-01-26T10:45:45.061-0300] {logging_mixin.py:190} INFO - [2025-01-26T10:45:45.061-0300] {dagbag.py:588} INFO - Filling up the DagBag from /mnt/c/Users/ander/Desktop/airflow-spark/airflow-spark/curso2/ambientX/lib/python3.9/site-packages/airflow/example_dags/example_trigger_controller_dag.py
[2025-01-26T10:45:45.086-0300] {processor.py:925} INFO - DAG(s) 'example_trigger_controller_dag' retrieved from /mnt/c/Users/ander/Desktop/airflow-spark/airflow-spark/curso2/ambientX/lib/python3.9/site-packages/airflow/example_dags/example_trigger_controller_dag.py
[2025-01-26T10:45:45.121-0300] {logging_mixin.py:190} INFO - [2025-01-26T10:45:45.121-0300] {dag.py:3239} INFO - Sync 1 DAGs
[2025-01-26T10:45:45.153-0300] {logging_mixin.py:190} INFO - [2025-01-26T10:45:45.153-0300] {dag.py:4180} INFO - Setting next_dagrun for example_trigger_controller_dag to 2021-01-01T00:00:00+00:00, run_after=2021-01-01T00:00:00+00:00
[2025-01-26T10:45:45.219-0300] {processor.py:208} INFO - Processing /mnt/c/Users/ander/Desktop/airflow-spark/airflow-spark/curso2/ambientX/lib/python3.9/site-packages/airflow/example_dags/example_trigger_controller_dag.py took 0.180 seconds
[2025-01-26T10:46:38.735-0300] {processor.py:186} INFO - Started process (PID=10176) to work on /mnt/c/Users/ander/Desktop/airflow-spark/airflow-spark/curso2/ambientX/lib/python3.9/site-packages/airflow/example_dags/example_trigger_controller_dag.py
[2025-01-26T10:46:38.737-0300] {processor.py:914} INFO - Processing file /mnt/c/Users/ander/Desktop/airflow-spark/airflow-spark/curso2/ambientX/lib/python3.9/site-packages/airflow/example_dags/example_trigger_controller_dag.py for tasks to queue
[2025-01-26T10:46:38.738-0300] {logging_mixin.py:190} INFO - [2025-01-26T10:46:38.738-0300] {dagbag.py:588} INFO - Filling up the DagBag from /mnt/c/Users/ander/Desktop/airflow-spark/airflow-spark/curso2/ambientX/lib/python3.9/site-packages/airflow/example_dags/example_trigger_controller_dag.py
[2025-01-26T10:46:38.759-0300] {processor.py:925} INFO - DAG(s) 'example_trigger_controller_dag' retrieved from /mnt/c/Users/ander/Desktop/airflow-spark/airflow-spark/curso2/ambientX/lib/python3.9/site-packages/airflow/example_dags/example_trigger_controller_dag.py
[2025-01-26T10:46:38.794-0300] {logging_mixin.py:190} INFO - [2025-01-26T10:46:38.794-0300] {dag.py:3239} INFO - Sync 1 DAGs
[2025-01-26T10:46:38.834-0300] {logging_mixin.py:190} INFO - [2025-01-26T10:46:38.834-0300] {dag.py:4180} INFO - Setting next_dagrun for example_trigger_controller_dag to 2021-01-01T00:00:00+00:00, run_after=2021-01-01T00:00:00+00:00
[2025-01-26T10:46:38.892-0300] {processor.py:208} INFO - Processing /mnt/c/Users/ander/Desktop/airflow-spark/airflow-spark/curso2/ambientX/lib/python3.9/site-packages/airflow/example_dags/example_trigger_controller_dag.py took 0.174 seconds
[2025-01-26T10:48:22.203-0300] {processor.py:186} INFO - Started process (PID=10538) to work on /mnt/c/Users/ander/Desktop/airflow-spark/airflow-spark/curso2/ambientX/lib/python3.9/site-packages/airflow/example_dags/example_trigger_controller_dag.py
[2025-01-26T10:48:22.205-0300] {processor.py:914} INFO - Processing file /mnt/c/Users/ander/Desktop/airflow-spark/airflow-spark/curso2/ambientX/lib/python3.9/site-packages/airflow/example_dags/example_trigger_controller_dag.py for tasks to queue
[2025-01-26T10:48:22.209-0300] {logging_mixin.py:190} INFO - [2025-01-26T10:48:22.208-0300] {dagbag.py:588} INFO - Filling up the DagBag from /mnt/c/Users/ander/Desktop/airflow-spark/airflow-spark/curso2/ambientX/lib/python3.9/site-packages/airflow/example_dags/example_trigger_controller_dag.py
[2025-01-26T10:48:22.240-0300] {processor.py:925} INFO - DAG(s) 'example_trigger_controller_dag' retrieved from /mnt/c/Users/ander/Desktop/airflow-spark/airflow-spark/curso2/ambientX/lib/python3.9/site-packages/airflow/example_dags/example_trigger_controller_dag.py
[2025-01-26T10:48:22.282-0300] {logging_mixin.py:190} INFO - [2025-01-26T10:48:22.282-0300] {dag.py:3239} INFO - Sync 1 DAGs
[2025-01-26T10:48:22.322-0300] {logging_mixin.py:190} INFO - [2025-01-26T10:48:22.322-0300] {dag.py:4180} INFO - Setting next_dagrun for example_trigger_controller_dag to 2021-01-01T00:00:00+00:00, run_after=2021-01-01T00:00:00+00:00
[2025-01-26T10:48:22.400-0300] {processor.py:208} INFO - Processing /mnt/c/Users/ander/Desktop/airflow-spark/airflow-spark/curso2/ambientX/lib/python3.9/site-packages/airflow/example_dags/example_trigger_controller_dag.py took 0.219 seconds
[2025-01-26T10:49:21.790-0300] {processor.py:186} INFO - Started process (PID=10786) to work on /mnt/c/Users/ander/Desktop/airflow-spark/airflow-spark/curso2/ambientX/lib/python3.9/site-packages/airflow/example_dags/example_trigger_controller_dag.py
[2025-01-26T10:49:21.794-0300] {processor.py:914} INFO - Processing file /mnt/c/Users/ander/Desktop/airflow-spark/airflow-spark/curso2/ambientX/lib/python3.9/site-packages/airflow/example_dags/example_trigger_controller_dag.py for tasks to queue
[2025-01-26T10:49:21.796-0300] {logging_mixin.py:190} INFO - [2025-01-26T10:49:21.796-0300] {dagbag.py:588} INFO - Filling up the DagBag from /mnt/c/Users/ander/Desktop/airflow-spark/airflow-spark/curso2/ambientX/lib/python3.9/site-packages/airflow/example_dags/example_trigger_controller_dag.py
[2025-01-26T10:49:21.827-0300] {processor.py:925} INFO - DAG(s) 'example_trigger_controller_dag' retrieved from /mnt/c/Users/ander/Desktop/airflow-spark/airflow-spark/curso2/ambientX/lib/python3.9/site-packages/airflow/example_dags/example_trigger_controller_dag.py
[2025-01-26T10:49:21.873-0300] {logging_mixin.py:190} INFO - [2025-01-26T10:49:21.873-0300] {dag.py:3239} INFO - Sync 1 DAGs
[2025-01-26T10:49:21.915-0300] {logging_mixin.py:190} INFO - [2025-01-26T10:49:21.914-0300] {dag.py:4180} INFO - Setting next_dagrun for example_trigger_controller_dag to 2021-01-01T00:00:00+00:00, run_after=2021-01-01T00:00:00+00:00
[2025-01-26T10:49:21.993-0300] {processor.py:208} INFO - Processing /mnt/c/Users/ander/Desktop/airflow-spark/airflow-spark/curso2/ambientX/lib/python3.9/site-packages/airflow/example_dags/example_trigger_controller_dag.py took 0.228 seconds
[2025-01-26T10:51:08.216-0300] {processor.py:186} INFO - Started process (PID=11296) to work on /mnt/c/Users/ander/Desktop/airflow-spark/airflow-spark/curso2/ambientX/lib/python3.9/site-packages/airflow/example_dags/example_trigger_controller_dag.py
[2025-01-26T10:51:08.218-0300] {processor.py:914} INFO - Processing file /mnt/c/Users/ander/Desktop/airflow-spark/airflow-spark/curso2/ambientX/lib/python3.9/site-packages/airflow/example_dags/example_trigger_controller_dag.py for tasks to queue
[2025-01-26T10:51:08.221-0300] {logging_mixin.py:190} INFO - [2025-01-26T10:51:08.220-0300] {dagbag.py:588} INFO - Filling up the DagBag from /mnt/c/Users/ander/Desktop/airflow-spark/airflow-spark/curso2/ambientX/lib/python3.9/site-packages/airflow/example_dags/example_trigger_controller_dag.py
[2025-01-26T10:51:08.253-0300] {processor.py:925} INFO - DAG(s) 'example_trigger_controller_dag' retrieved from /mnt/c/Users/ander/Desktop/airflow-spark/airflow-spark/curso2/ambientX/lib/python3.9/site-packages/airflow/example_dags/example_trigger_controller_dag.py
[2025-01-26T10:51:08.300-0300] {logging_mixin.py:190} INFO - [2025-01-26T10:51:08.300-0300] {dag.py:3239} INFO - Sync 1 DAGs
[2025-01-26T10:51:08.336-0300] {logging_mixin.py:190} INFO - [2025-01-26T10:51:08.336-0300] {dag.py:4180} INFO - Setting next_dagrun for example_trigger_controller_dag to 2021-01-01T00:00:00+00:00, run_after=2021-01-01T00:00:00+00:00
[2025-01-26T10:51:08.438-0300] {processor.py:208} INFO - Processing /mnt/c/Users/ander/Desktop/airflow-spark/airflow-spark/curso2/ambientX/lib/python3.9/site-packages/airflow/example_dags/example_trigger_controller_dag.py took 0.245 seconds
[2025-01-26T10:52:01.709-0300] {processor.py:186} INFO - Started process (PID=11581) to work on /mnt/c/Users/ander/Desktop/airflow-spark/airflow-spark/curso2/ambientX/lib/python3.9/site-packages/airflow/example_dags/example_trigger_controller_dag.py
[2025-01-26T10:52:01.711-0300] {processor.py:914} INFO - Processing file /mnt/c/Users/ander/Desktop/airflow-spark/airflow-spark/curso2/ambientX/lib/python3.9/site-packages/airflow/example_dags/example_trigger_controller_dag.py for tasks to queue
[2025-01-26T10:52:01.713-0300] {logging_mixin.py:190} INFO - [2025-01-26T10:52:01.712-0300] {dagbag.py:588} INFO - Filling up the DagBag from /mnt/c/Users/ander/Desktop/airflow-spark/airflow-spark/curso2/ambientX/lib/python3.9/site-packages/airflow/example_dags/example_trigger_controller_dag.py
[2025-01-26T10:52:01.743-0300] {processor.py:925} INFO - DAG(s) 'example_trigger_controller_dag' retrieved from /mnt/c/Users/ander/Desktop/airflow-spark/airflow-spark/curso2/ambientX/lib/python3.9/site-packages/airflow/example_dags/example_trigger_controller_dag.py
[2025-01-26T10:52:01.784-0300] {logging_mixin.py:190} INFO - [2025-01-26T10:52:01.783-0300] {dag.py:3239} INFO - Sync 1 DAGs
[2025-01-26T10:52:01.820-0300] {logging_mixin.py:190} INFO - [2025-01-26T10:52:01.820-0300] {dag.py:4180} INFO - Setting next_dagrun for example_trigger_controller_dag to 2021-01-01T00:00:00+00:00, run_after=2021-01-01T00:00:00+00:00
[2025-01-26T10:52:01.907-0300] {processor.py:208} INFO - Processing /mnt/c/Users/ander/Desktop/airflow-spark/airflow-spark/curso2/ambientX/lib/python3.9/site-packages/airflow/example_dags/example_trigger_controller_dag.py took 0.225 seconds
[2025-01-26T10:52:57.771-0300] {processor.py:186} INFO - Started process (PID=11812) to work on /mnt/c/Users/ander/Desktop/airflow-spark/airflow-spark/curso2/ambientX/lib/python3.9/site-packages/airflow/example_dags/example_trigger_controller_dag.py
[2025-01-26T10:52:57.772-0300] {processor.py:914} INFO - Processing file /mnt/c/Users/ander/Desktop/airflow-spark/airflow-spark/curso2/ambientX/lib/python3.9/site-packages/airflow/example_dags/example_trigger_controller_dag.py for tasks to queue
[2025-01-26T10:52:57.774-0300] {logging_mixin.py:190} INFO - [2025-01-26T10:52:57.774-0300] {dagbag.py:588} INFO - Filling up the DagBag from /mnt/c/Users/ander/Desktop/airflow-spark/airflow-spark/curso2/ambientX/lib/python3.9/site-packages/airflow/example_dags/example_trigger_controller_dag.py
[2025-01-26T10:52:57.806-0300] {processor.py:925} INFO - DAG(s) 'example_trigger_controller_dag' retrieved from /mnt/c/Users/ander/Desktop/airflow-spark/airflow-spark/curso2/ambientX/lib/python3.9/site-packages/airflow/example_dags/example_trigger_controller_dag.py
[2025-01-26T10:52:57.853-0300] {logging_mixin.py:190} INFO - [2025-01-26T10:52:57.853-0300] {dag.py:3239} INFO - Sync 1 DAGs
[2025-01-26T10:52:57.894-0300] {logging_mixin.py:190} INFO - [2025-01-26T10:52:57.894-0300] {dag.py:4180} INFO - Setting next_dagrun for example_trigger_controller_dag to 2021-01-01T00:00:00+00:00, run_after=2021-01-01T00:00:00+00:00
[2025-01-26T10:52:57.977-0300] {processor.py:208} INFO - Processing /mnt/c/Users/ander/Desktop/airflow-spark/airflow-spark/curso2/ambientX/lib/python3.9/site-packages/airflow/example_dags/example_trigger_controller_dag.py took 0.229 seconds
[2025-01-26T10:53:52.809-0300] {processor.py:186} INFO - Started process (PID=12041) to work on /mnt/c/Users/ander/Desktop/airflow-spark/airflow-spark/curso2/ambientX/lib/python3.9/site-packages/airflow/example_dags/example_trigger_controller_dag.py
[2025-01-26T10:53:52.810-0300] {processor.py:914} INFO - Processing file /mnt/c/Users/ander/Desktop/airflow-spark/airflow-spark/curso2/ambientX/lib/python3.9/site-packages/airflow/example_dags/example_trigger_controller_dag.py for tasks to queue
[2025-01-26T10:53:52.812-0300] {logging_mixin.py:190} INFO - [2025-01-26T10:53:52.812-0300] {dagbag.py:588} INFO - Filling up the DagBag from /mnt/c/Users/ander/Desktop/airflow-spark/airflow-spark/curso2/ambientX/lib/python3.9/site-packages/airflow/example_dags/example_trigger_controller_dag.py
[2025-01-26T10:53:52.841-0300] {processor.py:925} INFO - DAG(s) 'example_trigger_controller_dag' retrieved from /mnt/c/Users/ander/Desktop/airflow-spark/airflow-spark/curso2/ambientX/lib/python3.9/site-packages/airflow/example_dags/example_trigger_controller_dag.py
[2025-01-26T10:53:52.893-0300] {logging_mixin.py:190} INFO - [2025-01-26T10:53:52.892-0300] {dag.py:3239} INFO - Sync 1 DAGs
[2025-01-26T10:53:52.932-0300] {logging_mixin.py:190} INFO - [2025-01-26T10:53:52.932-0300] {dag.py:4180} INFO - Setting next_dagrun for example_trigger_controller_dag to 2021-01-01T00:00:00+00:00, run_after=2021-01-01T00:00:00+00:00
[2025-01-26T10:53:53.031-0300] {processor.py:208} INFO - Processing /mnt/c/Users/ander/Desktop/airflow-spark/airflow-spark/curso2/ambientX/lib/python3.9/site-packages/airflow/example_dags/example_trigger_controller_dag.py took 0.243 seconds
[2025-01-26T10:54:51.663-0300] {processor.py:186} INFO - Started process (PID=12275) to work on /mnt/c/Users/ander/Desktop/airflow-spark/airflow-spark/curso2/ambientX/lib/python3.9/site-packages/airflow/example_dags/example_trigger_controller_dag.py
[2025-01-26T10:54:51.665-0300] {processor.py:914} INFO - Processing file /mnt/c/Users/ander/Desktop/airflow-spark/airflow-spark/curso2/ambientX/lib/python3.9/site-packages/airflow/example_dags/example_trigger_controller_dag.py for tasks to queue
[2025-01-26T10:54:51.667-0300] {logging_mixin.py:190} INFO - [2025-01-26T10:54:51.666-0300] {dagbag.py:588} INFO - Filling up the DagBag from /mnt/c/Users/ander/Desktop/airflow-spark/airflow-spark/curso2/ambientX/lib/python3.9/site-packages/airflow/example_dags/example_trigger_controller_dag.py
[2025-01-26T10:54:51.693-0300] {processor.py:925} INFO - DAG(s) 'example_trigger_controller_dag' retrieved from /mnt/c/Users/ander/Desktop/airflow-spark/airflow-spark/curso2/ambientX/lib/python3.9/site-packages/airflow/example_dags/example_trigger_controller_dag.py
[2025-01-26T10:54:51.738-0300] {logging_mixin.py:190} INFO - [2025-01-26T10:54:51.737-0300] {dag.py:3239} INFO - Sync 1 DAGs
[2025-01-26T10:54:51.773-0300] {logging_mixin.py:190} INFO - [2025-01-26T10:54:51.772-0300] {dag.py:4180} INFO - Setting next_dagrun for example_trigger_controller_dag to 2021-01-01T00:00:00+00:00, run_after=2021-01-01T00:00:00+00:00
[2025-01-26T10:54:51.842-0300] {processor.py:208} INFO - Processing /mnt/c/Users/ander/Desktop/airflow-spark/airflow-spark/curso2/ambientX/lib/python3.9/site-packages/airflow/example_dags/example_trigger_controller_dag.py took 0.197 seconds
[2025-01-26T10:55:47.908-0300] {processor.py:186} INFO - Started process (PID=12506) to work on /mnt/c/Users/ander/Desktop/airflow-spark/airflow-spark/curso2/ambientX/lib/python3.9/site-packages/airflow/example_dags/example_trigger_controller_dag.py
[2025-01-26T10:55:47.910-0300] {processor.py:914} INFO - Processing file /mnt/c/Users/ander/Desktop/airflow-spark/airflow-spark/curso2/ambientX/lib/python3.9/site-packages/airflow/example_dags/example_trigger_controller_dag.py for tasks to queue
[2025-01-26T10:55:47.912-0300] {logging_mixin.py:190} INFO - [2025-01-26T10:55:47.911-0300] {dagbag.py:588} INFO - Filling up the DagBag from /mnt/c/Users/ander/Desktop/airflow-spark/airflow-spark/curso2/ambientX/lib/python3.9/site-packages/airflow/example_dags/example_trigger_controller_dag.py
[2025-01-26T10:55:47.943-0300] {processor.py:925} INFO - DAG(s) 'example_trigger_controller_dag' retrieved from /mnt/c/Users/ander/Desktop/airflow-spark/airflow-spark/curso2/ambientX/lib/python3.9/site-packages/airflow/example_dags/example_trigger_controller_dag.py
[2025-01-26T10:55:47.989-0300] {logging_mixin.py:190} INFO - [2025-01-26T10:55:47.988-0300] {dag.py:3239} INFO - Sync 1 DAGs
[2025-01-26T10:55:48.026-0300] {logging_mixin.py:190} INFO - [2025-01-26T10:55:48.026-0300] {dag.py:4180} INFO - Setting next_dagrun for example_trigger_controller_dag to 2021-01-01T00:00:00+00:00, run_after=2021-01-01T00:00:00+00:00
[2025-01-26T10:55:48.106-0300] {processor.py:208} INFO - Processing /mnt/c/Users/ander/Desktop/airflow-spark/airflow-spark/curso2/ambientX/lib/python3.9/site-packages/airflow/example_dags/example_trigger_controller_dag.py took 0.217 seconds
[2025-01-26T10:56:39.461-0300] {processor.py:186} INFO - Started process (PID=12731) to work on /mnt/c/Users/ander/Desktop/airflow-spark/airflow-spark/curso2/ambientX/lib/python3.9/site-packages/airflow/example_dags/example_trigger_controller_dag.py
[2025-01-26T10:56:39.462-0300] {processor.py:914} INFO - Processing file /mnt/c/Users/ander/Desktop/airflow-spark/airflow-spark/curso2/ambientX/lib/python3.9/site-packages/airflow/example_dags/example_trigger_controller_dag.py for tasks to queue
[2025-01-26T10:56:39.464-0300] {logging_mixin.py:190} INFO - [2025-01-26T10:56:39.464-0300] {dagbag.py:588} INFO - Filling up the DagBag from /mnt/c/Users/ander/Desktop/airflow-spark/airflow-spark/curso2/ambientX/lib/python3.9/site-packages/airflow/example_dags/example_trigger_controller_dag.py
[2025-01-26T10:56:39.498-0300] {processor.py:925} INFO - DAG(s) 'example_trigger_controller_dag' retrieved from /mnt/c/Users/ander/Desktop/airflow-spark/airflow-spark/curso2/ambientX/lib/python3.9/site-packages/airflow/example_dags/example_trigger_controller_dag.py
[2025-01-26T10:56:39.545-0300] {logging_mixin.py:190} INFO - [2025-01-26T10:56:39.545-0300] {dag.py:3239} INFO - Sync 1 DAGs
[2025-01-26T10:56:39.583-0300] {logging_mixin.py:190} INFO - [2025-01-26T10:56:39.583-0300] {dag.py:4180} INFO - Setting next_dagrun for example_trigger_controller_dag to 2021-01-01T00:00:00+00:00, run_after=2021-01-01T00:00:00+00:00
[2025-01-26T10:56:39.672-0300] {processor.py:208} INFO - Processing /mnt/c/Users/ander/Desktop/airflow-spark/airflow-spark/curso2/ambientX/lib/python3.9/site-packages/airflow/example_dags/example_trigger_controller_dag.py took 0.229 seconds
[2025-01-26T10:57:35.754-0300] {processor.py:186} INFO - Started process (PID=12955) to work on /mnt/c/Users/ander/Desktop/airflow-spark/airflow-spark/curso2/ambientX/lib/python3.9/site-packages/airflow/example_dags/example_trigger_controller_dag.py
[2025-01-26T10:57:35.756-0300] {processor.py:914} INFO - Processing file /mnt/c/Users/ander/Desktop/airflow-spark/airflow-spark/curso2/ambientX/lib/python3.9/site-packages/airflow/example_dags/example_trigger_controller_dag.py for tasks to queue
[2025-01-26T10:57:35.758-0300] {logging_mixin.py:190} INFO - [2025-01-26T10:57:35.758-0300] {dagbag.py:588} INFO - Filling up the DagBag from /mnt/c/Users/ander/Desktop/airflow-spark/airflow-spark/curso2/ambientX/lib/python3.9/site-packages/airflow/example_dags/example_trigger_controller_dag.py
[2025-01-26T10:57:35.796-0300] {processor.py:925} INFO - DAG(s) 'example_trigger_controller_dag' retrieved from /mnt/c/Users/ander/Desktop/airflow-spark/airflow-spark/curso2/ambientX/lib/python3.9/site-packages/airflow/example_dags/example_trigger_controller_dag.py
[2025-01-26T10:57:35.841-0300] {logging_mixin.py:190} INFO - [2025-01-26T10:57:35.840-0300] {dag.py:3239} INFO - Sync 1 DAGs
[2025-01-26T10:57:35.876-0300] {logging_mixin.py:190} INFO - [2025-01-26T10:57:35.876-0300] {dag.py:4180} INFO - Setting next_dagrun for example_trigger_controller_dag to 2021-01-01T00:00:00+00:00, run_after=2021-01-01T00:00:00+00:00
[2025-01-26T10:57:35.957-0300] {processor.py:208} INFO - Processing /mnt/c/Users/ander/Desktop/airflow-spark/airflow-spark/curso2/ambientX/lib/python3.9/site-packages/airflow/example_dags/example_trigger_controller_dag.py took 0.226 seconds
[2025-01-26T10:58:31.037-0300] {processor.py:186} INFO - Started process (PID=13222) to work on /mnt/c/Users/ander/Desktop/airflow-spark/airflow-spark/curso2/ambientX/lib/python3.9/site-packages/airflow/example_dags/example_trigger_controller_dag.py
[2025-01-26T10:58:31.040-0300] {processor.py:914} INFO - Processing file /mnt/c/Users/ander/Desktop/airflow-spark/airflow-spark/curso2/ambientX/lib/python3.9/site-packages/airflow/example_dags/example_trigger_controller_dag.py for tasks to queue
[2025-01-26T10:58:31.043-0300] {logging_mixin.py:190} INFO - [2025-01-26T10:58:31.042-0300] {dagbag.py:588} INFO - Filling up the DagBag from /mnt/c/Users/ander/Desktop/airflow-spark/airflow-spark/curso2/ambientX/lib/python3.9/site-packages/airflow/example_dags/example_trigger_controller_dag.py
[2025-01-26T10:58:31.084-0300] {processor.py:925} INFO - DAG(s) 'example_trigger_controller_dag' retrieved from /mnt/c/Users/ander/Desktop/airflow-spark/airflow-spark/curso2/ambientX/lib/python3.9/site-packages/airflow/example_dags/example_trigger_controller_dag.py
[2025-01-26T10:58:31.147-0300] {logging_mixin.py:190} INFO - [2025-01-26T10:58:31.147-0300] {dag.py:3239} INFO - Sync 1 DAGs
[2025-01-26T10:58:31.238-0300] {logging_mixin.py:190} INFO - [2025-01-26T10:58:31.237-0300] {dag.py:4180} INFO - Setting next_dagrun for example_trigger_controller_dag to 2021-01-01T00:00:00+00:00, run_after=2021-01-01T00:00:00+00:00
[2025-01-26T10:58:31.374-0300] {processor.py:208} INFO - Processing /mnt/c/Users/ander/Desktop/airflow-spark/airflow-spark/curso2/ambientX/lib/python3.9/site-packages/airflow/example_dags/example_trigger_controller_dag.py took 0.388 seconds
[2025-01-26T10:59:29.708-0300] {processor.py:186} INFO - Started process (PID=13490) to work on /mnt/c/Users/ander/Desktop/airflow-spark/airflow-spark/curso2/ambientX/lib/python3.9/site-packages/airflow/example_dags/example_trigger_controller_dag.py
[2025-01-26T10:59:29.710-0300] {processor.py:914} INFO - Processing file /mnt/c/Users/ander/Desktop/airflow-spark/airflow-spark/curso2/ambientX/lib/python3.9/site-packages/airflow/example_dags/example_trigger_controller_dag.py for tasks to queue
[2025-01-26T10:59:29.712-0300] {logging_mixin.py:190} INFO - [2025-01-26T10:59:29.711-0300] {dagbag.py:588} INFO - Filling up the DagBag from /mnt/c/Users/ander/Desktop/airflow-spark/airflow-spark/curso2/ambientX/lib/python3.9/site-packages/airflow/example_dags/example_trigger_controller_dag.py
[2025-01-26T10:59:29.740-0300] {processor.py:925} INFO - DAG(s) 'example_trigger_controller_dag' retrieved from /mnt/c/Users/ander/Desktop/airflow-spark/airflow-spark/curso2/ambientX/lib/python3.9/site-packages/airflow/example_dags/example_trigger_controller_dag.py
[2025-01-26T10:59:29.798-0300] {logging_mixin.py:190} INFO - [2025-01-26T10:59:29.797-0300] {dag.py:3239} INFO - Sync 1 DAGs
[2025-01-26T10:59:29.844-0300] {logging_mixin.py:190} INFO - [2025-01-26T10:59:29.843-0300] {dag.py:4180} INFO - Setting next_dagrun for example_trigger_controller_dag to 2021-01-01T00:00:00+00:00, run_after=2021-01-01T00:00:00+00:00
[2025-01-26T10:59:29.935-0300] {processor.py:208} INFO - Processing /mnt/c/Users/ander/Desktop/airflow-spark/airflow-spark/curso2/ambientX/lib/python3.9/site-packages/airflow/example_dags/example_trigger_controller_dag.py took 0.250 seconds
[2025-01-26T11:00:29.603-0300] {processor.py:186} INFO - Started process (PID=13812) to work on /mnt/c/Users/ander/Desktop/airflow-spark/airflow-spark/curso2/ambientX/lib/python3.9/site-packages/airflow/example_dags/example_trigger_controller_dag.py
[2025-01-26T11:00:29.605-0300] {processor.py:914} INFO - Processing file /mnt/c/Users/ander/Desktop/airflow-spark/airflow-spark/curso2/ambientX/lib/python3.9/site-packages/airflow/example_dags/example_trigger_controller_dag.py for tasks to queue
[2025-01-26T11:00:29.614-0300] {logging_mixin.py:190} INFO - [2025-01-26T11:00:29.613-0300] {dagbag.py:588} INFO - Filling up the DagBag from /mnt/c/Users/ander/Desktop/airflow-spark/airflow-spark/curso2/ambientX/lib/python3.9/site-packages/airflow/example_dags/example_trigger_controller_dag.py
[2025-01-26T11:00:29.638-0300] {processor.py:925} INFO - DAG(s) 'example_trigger_controller_dag' retrieved from /mnt/c/Users/ander/Desktop/airflow-spark/airflow-spark/curso2/ambientX/lib/python3.9/site-packages/airflow/example_dags/example_trigger_controller_dag.py
[2025-01-26T11:00:29.685-0300] {logging_mixin.py:190} INFO - [2025-01-26T11:00:29.685-0300] {dag.py:3239} INFO - Sync 1 DAGs
[2025-01-26T11:00:29.725-0300] {logging_mixin.py:190} INFO - [2025-01-26T11:00:29.724-0300] {dag.py:4180} INFO - Setting next_dagrun for example_trigger_controller_dag to 2021-01-01T00:00:00+00:00, run_after=2021-01-01T00:00:00+00:00
[2025-01-26T11:00:29.807-0300] {processor.py:208} INFO - Processing /mnt/c/Users/ander/Desktop/airflow-spark/airflow-spark/curso2/ambientX/lib/python3.9/site-packages/airflow/example_dags/example_trigger_controller_dag.py took 0.226 seconds
[2025-01-26T11:01:26.574-0300] {processor.py:186} INFO - Started process (PID=14071) to work on /mnt/c/Users/ander/Desktop/airflow-spark/airflow-spark/curso2/ambientX/lib/python3.9/site-packages/airflow/example_dags/example_trigger_controller_dag.py
[2025-01-26T11:01:26.576-0300] {processor.py:914} INFO - Processing file /mnt/c/Users/ander/Desktop/airflow-spark/airflow-spark/curso2/ambientX/lib/python3.9/site-packages/airflow/example_dags/example_trigger_controller_dag.py for tasks to queue
[2025-01-26T11:01:26.578-0300] {logging_mixin.py:190} INFO - [2025-01-26T11:01:26.577-0300] {dagbag.py:588} INFO - Filling up the DagBag from /mnt/c/Users/ander/Desktop/airflow-spark/airflow-spark/curso2/ambientX/lib/python3.9/site-packages/airflow/example_dags/example_trigger_controller_dag.py
[2025-01-26T11:01:26.601-0300] {processor.py:925} INFO - DAG(s) 'example_trigger_controller_dag' retrieved from /mnt/c/Users/ander/Desktop/airflow-spark/airflow-spark/curso2/ambientX/lib/python3.9/site-packages/airflow/example_dags/example_trigger_controller_dag.py
[2025-01-26T11:01:26.641-0300] {logging_mixin.py:190} INFO - [2025-01-26T11:01:26.641-0300] {dag.py:3239} INFO - Sync 1 DAGs
[2025-01-26T11:01:26.681-0300] {logging_mixin.py:190} INFO - [2025-01-26T11:01:26.681-0300] {dag.py:4180} INFO - Setting next_dagrun for example_trigger_controller_dag to 2021-01-01T00:00:00+00:00, run_after=2021-01-01T00:00:00+00:00
[2025-01-26T11:01:26.754-0300] {processor.py:208} INFO - Processing /mnt/c/Users/ander/Desktop/airflow-spark/airflow-spark/curso2/ambientX/lib/python3.9/site-packages/airflow/example_dags/example_trigger_controller_dag.py took 0.198 seconds
[2025-01-26T11:02:24.414-0300] {processor.py:186} INFO - Started process (PID=14368) to work on /mnt/c/Users/ander/Desktop/airflow-spark/airflow-spark/curso2/ambientX/lib/python3.9/site-packages/airflow/example_dags/example_trigger_controller_dag.py
[2025-01-26T11:02:24.416-0300] {processor.py:914} INFO - Processing file /mnt/c/Users/ander/Desktop/airflow-spark/airflow-spark/curso2/ambientX/lib/python3.9/site-packages/airflow/example_dags/example_trigger_controller_dag.py for tasks to queue
[2025-01-26T11:02:24.418-0300] {logging_mixin.py:190} INFO - [2025-01-26T11:02:24.417-0300] {dagbag.py:588} INFO - Filling up the DagBag from /mnt/c/Users/ander/Desktop/airflow-spark/airflow-spark/curso2/ambientX/lib/python3.9/site-packages/airflow/example_dags/example_trigger_controller_dag.py
[2025-01-26T11:02:24.448-0300] {processor.py:925} INFO - DAG(s) 'example_trigger_controller_dag' retrieved from /mnt/c/Users/ander/Desktop/airflow-spark/airflow-spark/curso2/ambientX/lib/python3.9/site-packages/airflow/example_dags/example_trigger_controller_dag.py
[2025-01-26T11:02:24.489-0300] {logging_mixin.py:190} INFO - [2025-01-26T11:02:24.489-0300] {dag.py:3239} INFO - Sync 1 DAGs
[2025-01-26T11:02:24.534-0300] {logging_mixin.py:190} INFO - [2025-01-26T11:02:24.533-0300] {dag.py:4180} INFO - Setting next_dagrun for example_trigger_controller_dag to 2021-01-01T00:00:00+00:00, run_after=2021-01-01T00:00:00+00:00
[2025-01-26T11:02:24.624-0300] {processor.py:208} INFO - Processing /mnt/c/Users/ander/Desktop/airflow-spark/airflow-spark/curso2/ambientX/lib/python3.9/site-packages/airflow/example_dags/example_trigger_controller_dag.py took 0.231 seconds
[2025-01-26T11:03:22.840-0300] {processor.py:186} INFO - Started process (PID=15052) to work on /mnt/c/Users/ander/Desktop/airflow-spark/airflow-spark/curso2/ambientX/lib/python3.9/site-packages/airflow/example_dags/example_trigger_controller_dag.py
[2025-01-26T11:03:22.842-0300] {processor.py:914} INFO - Processing file /mnt/c/Users/ander/Desktop/airflow-spark/airflow-spark/curso2/ambientX/lib/python3.9/site-packages/airflow/example_dags/example_trigger_controller_dag.py for tasks to queue
[2025-01-26T11:03:22.844-0300] {logging_mixin.py:190} INFO - [2025-01-26T11:03:22.843-0300] {dagbag.py:588} INFO - Filling up the DagBag from /mnt/c/Users/ander/Desktop/airflow-spark/airflow-spark/curso2/ambientX/lib/python3.9/site-packages/airflow/example_dags/example_trigger_controller_dag.py
[2025-01-26T11:03:22.870-0300] {processor.py:925} INFO - DAG(s) 'example_trigger_controller_dag' retrieved from /mnt/c/Users/ander/Desktop/airflow-spark/airflow-spark/curso2/ambientX/lib/python3.9/site-packages/airflow/example_dags/example_trigger_controller_dag.py
[2025-01-26T11:03:22.907-0300] {logging_mixin.py:190} INFO - [2025-01-26T11:03:22.907-0300] {dag.py:3239} INFO - Sync 1 DAGs
[2025-01-26T11:03:22.937-0300] {logging_mixin.py:190} INFO - [2025-01-26T11:03:22.937-0300] {dag.py:4180} INFO - Setting next_dagrun for example_trigger_controller_dag to 2021-01-01T00:00:00+00:00, run_after=2021-01-01T00:00:00+00:00
[2025-01-26T11:03:23.004-0300] {processor.py:208} INFO - Processing /mnt/c/Users/ander/Desktop/airflow-spark/airflow-spark/curso2/ambientX/lib/python3.9/site-packages/airflow/example_dags/example_trigger_controller_dag.py took 0.183 seconds
[2025-01-26T11:04:15.654-0300] {processor.py:186} INFO - Started process (PID=15277) to work on /mnt/c/Users/ander/Desktop/airflow-spark/airflow-spark/curso2/ambientX/lib/python3.9/site-packages/airflow/example_dags/example_trigger_controller_dag.py
[2025-01-26T11:04:15.656-0300] {processor.py:914} INFO - Processing file /mnt/c/Users/ander/Desktop/airflow-spark/airflow-spark/curso2/ambientX/lib/python3.9/site-packages/airflow/example_dags/example_trigger_controller_dag.py for tasks to queue
[2025-01-26T11:04:15.658-0300] {logging_mixin.py:190} INFO - [2025-01-26T11:04:15.657-0300] {dagbag.py:588} INFO - Filling up the DagBag from /mnt/c/Users/ander/Desktop/airflow-spark/airflow-spark/curso2/ambientX/lib/python3.9/site-packages/airflow/example_dags/example_trigger_controller_dag.py
[2025-01-26T11:04:15.681-0300] {processor.py:925} INFO - DAG(s) 'example_trigger_controller_dag' retrieved from /mnt/c/Users/ander/Desktop/airflow-spark/airflow-spark/curso2/ambientX/lib/python3.9/site-packages/airflow/example_dags/example_trigger_controller_dag.py
[2025-01-26T11:04:15.727-0300] {logging_mixin.py:190} INFO - [2025-01-26T11:04:15.727-0300] {dag.py:3239} INFO - Sync 1 DAGs
[2025-01-26T11:04:15.761-0300] {logging_mixin.py:190} INFO - [2025-01-26T11:04:15.761-0300] {dag.py:4180} INFO - Setting next_dagrun for example_trigger_controller_dag to 2021-01-01T00:00:00+00:00, run_after=2021-01-01T00:00:00+00:00
[2025-01-26T11:04:15.837-0300] {processor.py:208} INFO - Processing /mnt/c/Users/ander/Desktop/airflow-spark/airflow-spark/curso2/ambientX/lib/python3.9/site-packages/airflow/example_dags/example_trigger_controller_dag.py took 0.201 seconds
[2025-01-26T11:05:08.737-0300] {processor.py:186} INFO - Started process (PID=15501) to work on /mnt/c/Users/ander/Desktop/airflow-spark/airflow-spark/curso2/ambientX/lib/python3.9/site-packages/airflow/example_dags/example_trigger_controller_dag.py
[2025-01-26T11:05:08.739-0300] {processor.py:914} INFO - Processing file /mnt/c/Users/ander/Desktop/airflow-spark/airflow-spark/curso2/ambientX/lib/python3.9/site-packages/airflow/example_dags/example_trigger_controller_dag.py for tasks to queue
[2025-01-26T11:05:08.741-0300] {logging_mixin.py:190} INFO - [2025-01-26T11:05:08.740-0300] {dagbag.py:588} INFO - Filling up the DagBag from /mnt/c/Users/ander/Desktop/airflow-spark/airflow-spark/curso2/ambientX/lib/python3.9/site-packages/airflow/example_dags/example_trigger_controller_dag.py
[2025-01-26T11:05:08.768-0300] {processor.py:925} INFO - DAG(s) 'example_trigger_controller_dag' retrieved from /mnt/c/Users/ander/Desktop/airflow-spark/airflow-spark/curso2/ambientX/lib/python3.9/site-packages/airflow/example_dags/example_trigger_controller_dag.py
[2025-01-26T11:05:08.809-0300] {logging_mixin.py:190} INFO - [2025-01-26T11:05:08.809-0300] {dag.py:3239} INFO - Sync 1 DAGs
[2025-01-26T11:05:08.840-0300] {logging_mixin.py:190} INFO - [2025-01-26T11:05:08.840-0300] {dag.py:4180} INFO - Setting next_dagrun for example_trigger_controller_dag to 2021-01-01T00:00:00+00:00, run_after=2021-01-01T00:00:00+00:00
[2025-01-26T11:05:08.907-0300] {processor.py:208} INFO - Processing /mnt/c/Users/ander/Desktop/airflow-spark/airflow-spark/curso2/ambientX/lib/python3.9/site-packages/airflow/example_dags/example_trigger_controller_dag.py took 0.188 seconds
[2025-01-26T11:06:47.889-0300] {processor.py:186} INFO - Started process (PID=15870) to work on /mnt/c/Users/ander/Desktop/airflow-spark/airflow-spark/curso2/ambientX/lib/python3.9/site-packages/airflow/example_dags/example_trigger_controller_dag.py
[2025-01-26T11:06:47.890-0300] {processor.py:914} INFO - Processing file /mnt/c/Users/ander/Desktop/airflow-spark/airflow-spark/curso2/ambientX/lib/python3.9/site-packages/airflow/example_dags/example_trigger_controller_dag.py for tasks to queue
[2025-01-26T11:06:47.892-0300] {logging_mixin.py:190} INFO - [2025-01-26T11:06:47.892-0300] {dagbag.py:588} INFO - Filling up the DagBag from /mnt/c/Users/ander/Desktop/airflow-spark/airflow-spark/curso2/ambientX/lib/python3.9/site-packages/airflow/example_dags/example_trigger_controller_dag.py
[2025-01-26T11:06:47.917-0300] {processor.py:925} INFO - DAG(s) 'example_trigger_controller_dag' retrieved from /mnt/c/Users/ander/Desktop/airflow-spark/airflow-spark/curso2/ambientX/lib/python3.9/site-packages/airflow/example_dags/example_trigger_controller_dag.py
[2025-01-26T11:06:47.955-0300] {logging_mixin.py:190} INFO - [2025-01-26T11:06:47.955-0300] {dag.py:3239} INFO - Sync 1 DAGs
[2025-01-26T11:06:47.987-0300] {logging_mixin.py:190} INFO - [2025-01-26T11:06:47.986-0300] {dag.py:4180} INFO - Setting next_dagrun for example_trigger_controller_dag to 2021-01-01T00:00:00+00:00, run_after=2021-01-01T00:00:00+00:00
[2025-01-26T11:06:48.049-0300] {processor.py:208} INFO - Processing /mnt/c/Users/ander/Desktop/airflow-spark/airflow-spark/curso2/ambientX/lib/python3.9/site-packages/airflow/example_dags/example_trigger_controller_dag.py took 0.179 seconds
[2025-01-26T11:08:31.736-0300] {processor.py:186} INFO - Started process (PID=16378) to work on /mnt/c/Users/ander/Desktop/airflow-spark/airflow-spark/curso2/ambientX/lib/python3.9/site-packages/airflow/example_dags/example_trigger_controller_dag.py
[2025-01-26T11:08:31.737-0300] {processor.py:914} INFO - Processing file /mnt/c/Users/ander/Desktop/airflow-spark/airflow-spark/curso2/ambientX/lib/python3.9/site-packages/airflow/example_dags/example_trigger_controller_dag.py for tasks to queue
[2025-01-26T11:08:31.740-0300] {logging_mixin.py:190} INFO - [2025-01-26T11:08:31.739-0300] {dagbag.py:588} INFO - Filling up the DagBag from /mnt/c/Users/ander/Desktop/airflow-spark/airflow-spark/curso2/ambientX/lib/python3.9/site-packages/airflow/example_dags/example_trigger_controller_dag.py
[2025-01-26T11:08:31.765-0300] {processor.py:925} INFO - DAG(s) 'example_trigger_controller_dag' retrieved from /mnt/c/Users/ander/Desktop/airflow-spark/airflow-spark/curso2/ambientX/lib/python3.9/site-packages/airflow/example_dags/example_trigger_controller_dag.py
[2025-01-26T11:08:31.803-0300] {logging_mixin.py:190} INFO - [2025-01-26T11:08:31.803-0300] {dag.py:3239} INFO - Sync 1 DAGs
[2025-01-26T11:08:31.835-0300] {logging_mixin.py:190} INFO - [2025-01-26T11:08:31.835-0300] {dag.py:4180} INFO - Setting next_dagrun for example_trigger_controller_dag to 2021-01-01T00:00:00+00:00, run_after=2021-01-01T00:00:00+00:00
[2025-01-26T11:08:31.901-0300] {processor.py:208} INFO - Processing /mnt/c/Users/ander/Desktop/airflow-spark/airflow-spark/curso2/ambientX/lib/python3.9/site-packages/airflow/example_dags/example_trigger_controller_dag.py took 0.186 seconds
[2025-01-26T11:10:10.815-0300] {processor.py:186} INFO - Started process (PID=16819) to work on /mnt/c/Users/ander/Desktop/airflow-spark/airflow-spark/curso2/ambientX/lib/python3.9/site-packages/airflow/example_dags/example_trigger_controller_dag.py
[2025-01-26T11:10:10.817-0300] {processor.py:914} INFO - Processing file /mnt/c/Users/ander/Desktop/airflow-spark/airflow-spark/curso2/ambientX/lib/python3.9/site-packages/airflow/example_dags/example_trigger_controller_dag.py for tasks to queue
[2025-01-26T11:10:10.820-0300] {logging_mixin.py:190} INFO - [2025-01-26T11:10:10.819-0300] {dagbag.py:588} INFO - Filling up the DagBag from /mnt/c/Users/ander/Desktop/airflow-spark/airflow-spark/curso2/ambientX/lib/python3.9/site-packages/airflow/example_dags/example_trigger_controller_dag.py
[2025-01-26T11:10:10.847-0300] {processor.py:925} INFO - DAG(s) 'example_trigger_controller_dag' retrieved from /mnt/c/Users/ander/Desktop/airflow-spark/airflow-spark/curso2/ambientX/lib/python3.9/site-packages/airflow/example_dags/example_trigger_controller_dag.py
[2025-01-26T11:10:10.896-0300] {logging_mixin.py:190} INFO - [2025-01-26T11:10:10.896-0300] {dag.py:3239} INFO - Sync 1 DAGs
[2025-01-26T11:10:10.947-0300] {logging_mixin.py:190} INFO - [2025-01-26T11:10:10.947-0300] {dag.py:4180} INFO - Setting next_dagrun for example_trigger_controller_dag to 2021-01-01T00:00:00+00:00, run_after=2021-01-01T00:00:00+00:00
[2025-01-26T11:10:11.028-0300] {processor.py:208} INFO - Processing /mnt/c/Users/ander/Desktop/airflow-spark/airflow-spark/curso2/ambientX/lib/python3.9/site-packages/airflow/example_dags/example_trigger_controller_dag.py took 0.232 seconds
[2025-01-26T11:11:11.564-0300] {processor.py:186} INFO - Started process (PID=17061) to work on /mnt/c/Users/ander/Desktop/airflow-spark/airflow-spark/curso2/ambientX/lib/python3.9/site-packages/airflow/example_dags/example_trigger_controller_dag.py
[2025-01-26T11:11:11.566-0300] {processor.py:914} INFO - Processing file /mnt/c/Users/ander/Desktop/airflow-spark/airflow-spark/curso2/ambientX/lib/python3.9/site-packages/airflow/example_dags/example_trigger_controller_dag.py for tasks to queue
[2025-01-26T11:11:11.569-0300] {logging_mixin.py:190} INFO - [2025-01-26T11:11:11.568-0300] {dagbag.py:588} INFO - Filling up the DagBag from /mnt/c/Users/ander/Desktop/airflow-spark/airflow-spark/curso2/ambientX/lib/python3.9/site-packages/airflow/example_dags/example_trigger_controller_dag.py
[2025-01-26T11:11:11.596-0300] {processor.py:925} INFO - DAG(s) 'example_trigger_controller_dag' retrieved from /mnt/c/Users/ander/Desktop/airflow-spark/airflow-spark/curso2/ambientX/lib/python3.9/site-packages/airflow/example_dags/example_trigger_controller_dag.py
[2025-01-26T11:11:11.637-0300] {logging_mixin.py:190} INFO - [2025-01-26T11:11:11.637-0300] {dag.py:3239} INFO - Sync 1 DAGs
[2025-01-26T11:11:11.676-0300] {logging_mixin.py:190} INFO - [2025-01-26T11:11:11.676-0300] {dag.py:4180} INFO - Setting next_dagrun for example_trigger_controller_dag to 2021-01-01T00:00:00+00:00, run_after=2021-01-01T00:00:00+00:00
[2025-01-26T11:11:11.759-0300] {processor.py:208} INFO - Processing /mnt/c/Users/ander/Desktop/airflow-spark/airflow-spark/curso2/ambientX/lib/python3.9/site-packages/airflow/example_dags/example_trigger_controller_dag.py took 0.213 seconds
[2025-01-26T11:12:41.842-0300] {processor.py:186} INFO - Started process (PID=17376) to work on /mnt/c/Users/ander/Desktop/airflow-spark/airflow-spark/curso2/ambientX/lib/python3.9/site-packages/airflow/example_dags/example_trigger_controller_dag.py
[2025-01-26T11:12:41.844-0300] {processor.py:914} INFO - Processing file /mnt/c/Users/ander/Desktop/airflow-spark/airflow-spark/curso2/ambientX/lib/python3.9/site-packages/airflow/example_dags/example_trigger_controller_dag.py for tasks to queue
[2025-01-26T11:12:41.846-0300] {logging_mixin.py:190} INFO - [2025-01-26T11:12:41.845-0300] {dagbag.py:588} INFO - Filling up the DagBag from /mnt/c/Users/ander/Desktop/airflow-spark/airflow-spark/curso2/ambientX/lib/python3.9/site-packages/airflow/example_dags/example_trigger_controller_dag.py
[2025-01-26T11:12:41.873-0300] {processor.py:925} INFO - DAG(s) 'example_trigger_controller_dag' retrieved from /mnt/c/Users/ander/Desktop/airflow-spark/airflow-spark/curso2/ambientX/lib/python3.9/site-packages/airflow/example_dags/example_trigger_controller_dag.py
[2025-01-26T11:12:41.916-0300] {logging_mixin.py:190} INFO - [2025-01-26T11:12:41.916-0300] {dag.py:3239} INFO - Sync 1 DAGs
[2025-01-26T11:12:41.953-0300] {logging_mixin.py:190} INFO - [2025-01-26T11:12:41.952-0300] {dag.py:4180} INFO - Setting next_dagrun for example_trigger_controller_dag to 2021-01-01T00:00:00+00:00, run_after=2021-01-01T00:00:00+00:00
[2025-01-26T11:12:42.411-0300] {processor.py:208} INFO - Processing /mnt/c/Users/ander/Desktop/airflow-spark/airflow-spark/curso2/ambientX/lib/python3.9/site-packages/airflow/example_dags/example_trigger_controller_dag.py took 0.587 seconds
[2025-01-26T11:14:32.637-0300] {processor.py:186} INFO - Started process (PID=17936) to work on /mnt/c/Users/ander/Desktop/airflow-spark/airflow-spark/curso2/ambientX/lib/python3.9/site-packages/airflow/example_dags/example_trigger_controller_dag.py
[2025-01-26T11:14:32.638-0300] {processor.py:914} INFO - Processing file /mnt/c/Users/ander/Desktop/airflow-spark/airflow-spark/curso2/ambientX/lib/python3.9/site-packages/airflow/example_dags/example_trigger_controller_dag.py for tasks to queue
[2025-01-26T11:14:32.640-0300] {logging_mixin.py:190} INFO - [2025-01-26T11:14:32.640-0300] {dagbag.py:588} INFO - Filling up the DagBag from /mnt/c/Users/ander/Desktop/airflow-spark/airflow-spark/curso2/ambientX/lib/python3.9/site-packages/airflow/example_dags/example_trigger_controller_dag.py
[2025-01-26T11:14:32.665-0300] {processor.py:925} INFO - DAG(s) 'example_trigger_controller_dag' retrieved from /mnt/c/Users/ander/Desktop/airflow-spark/airflow-spark/curso2/ambientX/lib/python3.9/site-packages/airflow/example_dags/example_trigger_controller_dag.py
[2025-01-26T11:14:32.705-0300] {logging_mixin.py:190} INFO - [2025-01-26T11:14:32.705-0300] {dag.py:3239} INFO - Sync 1 DAGs
[2025-01-26T11:14:32.738-0300] {logging_mixin.py:190} INFO - [2025-01-26T11:14:32.737-0300] {dag.py:4180} INFO - Setting next_dagrun for example_trigger_controller_dag to 2021-01-01T00:00:00+00:00, run_after=2021-01-01T00:00:00+00:00
[2025-01-26T11:14:34.359-0300] {processor.py:208} INFO - Processing /mnt/c/Users/ander/Desktop/airflow-spark/airflow-spark/curso2/ambientX/lib/python3.9/site-packages/airflow/example_dags/example_trigger_controller_dag.py took 1.740 seconds
[2025-01-26T11:16:28.434-0300] {processor.py:186} INFO - Started process (PID=18521) to work on /mnt/c/Users/ander/Desktop/airflow-spark/airflow-spark/curso2/ambientX/lib/python3.9/site-packages/airflow/example_dags/example_trigger_controller_dag.py
[2025-01-26T11:16:28.436-0300] {processor.py:914} INFO - Processing file /mnt/c/Users/ander/Desktop/airflow-spark/airflow-spark/curso2/ambientX/lib/python3.9/site-packages/airflow/example_dags/example_trigger_controller_dag.py for tasks to queue
[2025-01-26T11:16:28.438-0300] {logging_mixin.py:190} INFO - [2025-01-26T11:16:28.437-0300] {dagbag.py:588} INFO - Filling up the DagBag from /mnt/c/Users/ander/Desktop/airflow-spark/airflow-spark/curso2/ambientX/lib/python3.9/site-packages/airflow/example_dags/example_trigger_controller_dag.py
[2025-01-26T11:16:28.464-0300] {processor.py:925} INFO - DAG(s) 'example_trigger_controller_dag' retrieved from /mnt/c/Users/ander/Desktop/airflow-spark/airflow-spark/curso2/ambientX/lib/python3.9/site-packages/airflow/example_dags/example_trigger_controller_dag.py
[2025-01-26T11:16:28.504-0300] {logging_mixin.py:190} INFO - [2025-01-26T11:16:28.504-0300] {dag.py:3239} INFO - Sync 1 DAGs
[2025-01-26T11:16:28.535-0300] {logging_mixin.py:190} INFO - [2025-01-26T11:16:28.535-0300] {dag.py:4180} INFO - Setting next_dagrun for example_trigger_controller_dag to 2021-01-01T00:00:00+00:00, run_after=2021-01-01T00:00:00+00:00
[2025-01-26T11:16:29.310-0300] {processor.py:208} INFO - Processing /mnt/c/Users/ander/Desktop/airflow-spark/airflow-spark/curso2/ambientX/lib/python3.9/site-packages/airflow/example_dags/example_trigger_controller_dag.py took 0.894 seconds
[2025-01-26T11:18:08.861-0300] {processor.py:186} INFO - Started process (PID=19000) to work on /mnt/c/Users/ander/Desktop/airflow-spark/airflow-spark/curso2/ambientX/lib/python3.9/site-packages/airflow/example_dags/example_trigger_controller_dag.py
[2025-01-26T11:18:08.863-0300] {processor.py:914} INFO - Processing file /mnt/c/Users/ander/Desktop/airflow-spark/airflow-spark/curso2/ambientX/lib/python3.9/site-packages/airflow/example_dags/example_trigger_controller_dag.py for tasks to queue
[2025-01-26T11:18:08.865-0300] {logging_mixin.py:190} INFO - [2025-01-26T11:18:08.864-0300] {dagbag.py:588} INFO - Filling up the DagBag from /mnt/c/Users/ander/Desktop/airflow-spark/airflow-spark/curso2/ambientX/lib/python3.9/site-packages/airflow/example_dags/example_trigger_controller_dag.py
[2025-01-26T11:18:08.893-0300] {processor.py:925} INFO - DAG(s) 'example_trigger_controller_dag' retrieved from /mnt/c/Users/ander/Desktop/airflow-spark/airflow-spark/curso2/ambientX/lib/python3.9/site-packages/airflow/example_dags/example_trigger_controller_dag.py
[2025-01-26T11:18:08.933-0300] {logging_mixin.py:190} INFO - [2025-01-26T11:18:08.933-0300] {dag.py:3239} INFO - Sync 1 DAGs
[2025-01-26T11:18:08.966-0300] {logging_mixin.py:190} INFO - [2025-01-26T11:18:08.966-0300] {dag.py:4180} INFO - Setting next_dagrun for example_trigger_controller_dag to 2021-01-01T00:00:00+00:00, run_after=2021-01-01T00:00:00+00:00
[2025-01-26T11:18:09.068-0300] {processor.py:208} INFO - Processing /mnt/c/Users/ander/Desktop/airflow-spark/airflow-spark/curso2/ambientX/lib/python3.9/site-packages/airflow/example_dags/example_trigger_controller_dag.py took 0.225 seconds
[2025-01-26T11:19:41.949-0300] {processor.py:186} INFO - Started process (PID=19395) to work on /mnt/c/Users/ander/Desktop/airflow-spark/airflow-spark/curso2/ambientX/lib/python3.9/site-packages/airflow/example_dags/example_trigger_controller_dag.py
[2025-01-26T11:19:41.950-0300] {processor.py:914} INFO - Processing file /mnt/c/Users/ander/Desktop/airflow-spark/airflow-spark/curso2/ambientX/lib/python3.9/site-packages/airflow/example_dags/example_trigger_controller_dag.py for tasks to queue
[2025-01-26T11:19:41.952-0300] {logging_mixin.py:190} INFO - [2025-01-26T11:19:41.952-0300] {dagbag.py:588} INFO - Filling up the DagBag from /mnt/c/Users/ander/Desktop/airflow-spark/airflow-spark/curso2/ambientX/lib/python3.9/site-packages/airflow/example_dags/example_trigger_controller_dag.py
[2025-01-26T11:19:41.973-0300] {processor.py:925} INFO - DAG(s) 'example_trigger_controller_dag' retrieved from /mnt/c/Users/ander/Desktop/airflow-spark/airflow-spark/curso2/ambientX/lib/python3.9/site-packages/airflow/example_dags/example_trigger_controller_dag.py
[2025-01-26T11:19:42.010-0300] {logging_mixin.py:190} INFO - [2025-01-26T11:19:42.009-0300] {dag.py:3239} INFO - Sync 1 DAGs
[2025-01-26T11:19:42.044-0300] {logging_mixin.py:190} INFO - [2025-01-26T11:19:42.044-0300] {dag.py:4180} INFO - Setting next_dagrun for example_trigger_controller_dag to 2021-01-01T00:00:00+00:00, run_after=2021-01-01T00:00:00+00:00
[2025-01-26T11:19:42.185-0300] {processor.py:208} INFO - Processing /mnt/c/Users/ander/Desktop/airflow-spark/airflow-spark/curso2/ambientX/lib/python3.9/site-packages/airflow/example_dags/example_trigger_controller_dag.py took 0.253 seconds
[2025-01-26T11:21:42.182-0300] {processor.py:186} INFO - Started process (PID=19867) to work on /mnt/c/Users/ander/Desktop/airflow-spark/airflow-spark/curso2/ambientX/lib/python3.9/site-packages/airflow/example_dags/example_trigger_controller_dag.py
[2025-01-26T11:21:42.183-0300] {processor.py:914} INFO - Processing file /mnt/c/Users/ander/Desktop/airflow-spark/airflow-spark/curso2/ambientX/lib/python3.9/site-packages/airflow/example_dags/example_trigger_controller_dag.py for tasks to queue
[2025-01-26T11:21:42.185-0300] {logging_mixin.py:190} INFO - [2025-01-26T11:21:42.184-0300] {dagbag.py:588} INFO - Filling up the DagBag from /mnt/c/Users/ander/Desktop/airflow-spark/airflow-spark/curso2/ambientX/lib/python3.9/site-packages/airflow/example_dags/example_trigger_controller_dag.py
[2025-01-26T11:21:42.207-0300] {processor.py:925} INFO - DAG(s) 'example_trigger_controller_dag' retrieved from /mnt/c/Users/ander/Desktop/airflow-spark/airflow-spark/curso2/ambientX/lib/python3.9/site-packages/airflow/example_dags/example_trigger_controller_dag.py
[2025-01-26T11:21:42.243-0300] {logging_mixin.py:190} INFO - [2025-01-26T11:21:42.243-0300] {dag.py:3239} INFO - Sync 1 DAGs
[2025-01-26T11:21:42.277-0300] {logging_mixin.py:190} INFO - [2025-01-26T11:21:42.277-0300] {dag.py:4180} INFO - Setting next_dagrun for example_trigger_controller_dag to 2021-01-01T00:00:00+00:00, run_after=2021-01-01T00:00:00+00:00
[2025-01-26T11:21:43.240-0300] {processor.py:208} INFO - Processing /mnt/c/Users/ander/Desktop/airflow-spark/airflow-spark/curso2/ambientX/lib/python3.9/site-packages/airflow/example_dags/example_trigger_controller_dag.py took 1.075 seconds
[2025-01-26T11:23:24.970-0300] {processor.py:186} INFO - Started process (PID=20302) to work on /mnt/c/Users/ander/Desktop/airflow-spark/airflow-spark/curso2/ambientX/lib/python3.9/site-packages/airflow/example_dags/example_trigger_controller_dag.py
[2025-01-26T11:23:24.971-0300] {processor.py:914} INFO - Processing file /mnt/c/Users/ander/Desktop/airflow-spark/airflow-spark/curso2/ambientX/lib/python3.9/site-packages/airflow/example_dags/example_trigger_controller_dag.py for tasks to queue
[2025-01-26T11:23:24.973-0300] {logging_mixin.py:190} INFO - [2025-01-26T11:23:24.973-0300] {dagbag.py:588} INFO - Filling up the DagBag from /mnt/c/Users/ander/Desktop/airflow-spark/airflow-spark/curso2/ambientX/lib/python3.9/site-packages/airflow/example_dags/example_trigger_controller_dag.py
[2025-01-26T11:23:25.003-0300] {processor.py:925} INFO - DAG(s) 'example_trigger_controller_dag' retrieved from /mnt/c/Users/ander/Desktop/airflow-spark/airflow-spark/curso2/ambientX/lib/python3.9/site-packages/airflow/example_dags/example_trigger_controller_dag.py
[2025-01-26T11:23:25.044-0300] {logging_mixin.py:190} INFO - [2025-01-26T11:23:25.044-0300] {dag.py:3239} INFO - Sync 1 DAGs
[2025-01-26T11:23:25.076-0300] {logging_mixin.py:190} INFO - [2025-01-26T11:23:25.076-0300] {dag.py:4180} INFO - Setting next_dagrun for example_trigger_controller_dag to 2021-01-01T00:00:00+00:00, run_after=2021-01-01T00:00:00+00:00
[2025-01-26T11:23:25.153-0300] {processor.py:208} INFO - Processing /mnt/c/Users/ander/Desktop/airflow-spark/airflow-spark/curso2/ambientX/lib/python3.9/site-packages/airflow/example_dags/example_trigger_controller_dag.py took 0.202 seconds
[2025-01-26T11:24:38.460-0300] {processor.py:186} INFO - Started process (PID=20651) to work on /mnt/c/Users/ander/Desktop/airflow-spark/airflow-spark/curso2/ambientX/lib/python3.9/site-packages/airflow/example_dags/example_trigger_controller_dag.py
[2025-01-26T11:24:38.462-0300] {processor.py:914} INFO - Processing file /mnt/c/Users/ander/Desktop/airflow-spark/airflow-spark/curso2/ambientX/lib/python3.9/site-packages/airflow/example_dags/example_trigger_controller_dag.py for tasks to queue
[2025-01-26T11:24:38.464-0300] {logging_mixin.py:190} INFO - [2025-01-26T11:24:38.463-0300] {dagbag.py:588} INFO - Filling up the DagBag from /mnt/c/Users/ander/Desktop/airflow-spark/airflow-spark/curso2/ambientX/lib/python3.9/site-packages/airflow/example_dags/example_trigger_controller_dag.py
[2025-01-26T11:24:38.488-0300] {processor.py:925} INFO - DAG(s) 'example_trigger_controller_dag' retrieved from /mnt/c/Users/ander/Desktop/airflow-spark/airflow-spark/curso2/ambientX/lib/python3.9/site-packages/airflow/example_dags/example_trigger_controller_dag.py
[2025-01-26T11:24:38.526-0300] {logging_mixin.py:190} INFO - [2025-01-26T11:24:38.526-0300] {dag.py:3239} INFO - Sync 1 DAGs
[2025-01-26T11:24:38.558-0300] {logging_mixin.py:190} INFO - [2025-01-26T11:24:38.557-0300] {dag.py:4180} INFO - Setting next_dagrun for example_trigger_controller_dag to 2021-01-01T00:00:00+00:00, run_after=2021-01-01T00:00:00+00:00
[2025-01-26T11:24:38.626-0300] {processor.py:208} INFO - Processing /mnt/c/Users/ander/Desktop/airflow-spark/airflow-spark/curso2/ambientX/lib/python3.9/site-packages/airflow/example_dags/example_trigger_controller_dag.py took 0.183 seconds
[2025-01-26T11:25:54.990-0300] {processor.py:186} INFO - Started process (PID=21079) to work on /mnt/c/Users/ander/Desktop/airflow-spark/airflow-spark/curso2/ambientX/lib/python3.9/site-packages/airflow/example_dags/example_trigger_controller_dag.py
[2025-01-26T11:25:54.992-0300] {processor.py:914} INFO - Processing file /mnt/c/Users/ander/Desktop/airflow-spark/airflow-spark/curso2/ambientX/lib/python3.9/site-packages/airflow/example_dags/example_trigger_controller_dag.py for tasks to queue
[2025-01-26T11:25:54.994-0300] {logging_mixin.py:190} INFO - [2025-01-26T11:25:54.993-0300] {dagbag.py:588} INFO - Filling up the DagBag from /mnt/c/Users/ander/Desktop/airflow-spark/airflow-spark/curso2/ambientX/lib/python3.9/site-packages/airflow/example_dags/example_trigger_controller_dag.py
[2025-01-26T11:25:55.018-0300] {processor.py:925} INFO - DAG(s) 'example_trigger_controller_dag' retrieved from /mnt/c/Users/ander/Desktop/airflow-spark/airflow-spark/curso2/ambientX/lib/python3.9/site-packages/airflow/example_dags/example_trigger_controller_dag.py
[2025-01-26T11:25:55.062-0300] {logging_mixin.py:190} INFO - [2025-01-26T11:25:55.062-0300] {dag.py:3239} INFO - Sync 1 DAGs
[2025-01-26T11:25:55.094-0300] {logging_mixin.py:190} INFO - [2025-01-26T11:25:55.094-0300] {dag.py:4180} INFO - Setting next_dagrun for example_trigger_controller_dag to 2021-01-01T00:00:00+00:00, run_after=2021-01-01T00:00:00+00:00
[2025-01-26T11:25:55.165-0300] {processor.py:208} INFO - Processing /mnt/c/Users/ander/Desktop/airflow-spark/airflow-spark/curso2/ambientX/lib/python3.9/site-packages/airflow/example_dags/example_trigger_controller_dag.py took 0.193 seconds
[2025-01-26T11:27:05.455-0300] {processor.py:186} INFO - Started process (PID=21485) to work on /mnt/c/Users/ander/Desktop/airflow-spark/airflow-spark/curso2/ambientX/lib/python3.9/site-packages/airflow/example_dags/example_trigger_controller_dag.py
[2025-01-26T11:27:05.457-0300] {processor.py:914} INFO - Processing file /mnt/c/Users/ander/Desktop/airflow-spark/airflow-spark/curso2/ambientX/lib/python3.9/site-packages/airflow/example_dags/example_trigger_controller_dag.py for tasks to queue
[2025-01-26T11:27:05.459-0300] {logging_mixin.py:190} INFO - [2025-01-26T11:27:05.458-0300] {dagbag.py:588} INFO - Filling up the DagBag from /mnt/c/Users/ander/Desktop/airflow-spark/airflow-spark/curso2/ambientX/lib/python3.9/site-packages/airflow/example_dags/example_trigger_controller_dag.py
[2025-01-26T11:27:05.499-0300] {processor.py:925} INFO - DAG(s) 'example_trigger_controller_dag' retrieved from /mnt/c/Users/ander/Desktop/airflow-spark/airflow-spark/curso2/ambientX/lib/python3.9/site-packages/airflow/example_dags/example_trigger_controller_dag.py
[2025-01-26T11:27:05.538-0300] {logging_mixin.py:190} INFO - [2025-01-26T11:27:05.538-0300] {dag.py:3239} INFO - Sync 1 DAGs
[2025-01-26T11:27:05.568-0300] {logging_mixin.py:190} INFO - [2025-01-26T11:27:05.568-0300] {dag.py:4180} INFO - Setting next_dagrun for example_trigger_controller_dag to 2021-01-01T00:00:00+00:00, run_after=2021-01-01T00:00:00+00:00
[2025-01-26T11:27:05.638-0300] {processor.py:208} INFO - Processing /mnt/c/Users/ander/Desktop/airflow-spark/airflow-spark/curso2/ambientX/lib/python3.9/site-packages/airflow/example_dags/example_trigger_controller_dag.py took 0.203 seconds
[2025-01-26T11:28:13.862-0300] {processor.py:186} INFO - Started process (PID=21821) to work on /mnt/c/Users/ander/Desktop/airflow-spark/airflow-spark/curso2/ambientX/lib/python3.9/site-packages/airflow/example_dags/example_trigger_controller_dag.py
[2025-01-26T11:28:13.863-0300] {processor.py:914} INFO - Processing file /mnt/c/Users/ander/Desktop/airflow-spark/airflow-spark/curso2/ambientX/lib/python3.9/site-packages/airflow/example_dags/example_trigger_controller_dag.py for tasks to queue
[2025-01-26T11:28:13.865-0300] {logging_mixin.py:190} INFO - [2025-01-26T11:28:13.865-0300] {dagbag.py:588} INFO - Filling up the DagBag from /mnt/c/Users/ander/Desktop/airflow-spark/airflow-spark/curso2/ambientX/lib/python3.9/site-packages/airflow/example_dags/example_trigger_controller_dag.py
[2025-01-26T11:28:13.893-0300] {processor.py:925} INFO - DAG(s) 'example_trigger_controller_dag' retrieved from /mnt/c/Users/ander/Desktop/airflow-spark/airflow-spark/curso2/ambientX/lib/python3.9/site-packages/airflow/example_dags/example_trigger_controller_dag.py
[2025-01-26T11:28:13.933-0300] {logging_mixin.py:190} INFO - [2025-01-26T11:28:13.933-0300] {dag.py:3239} INFO - Sync 1 DAGs
[2025-01-26T11:28:13.966-0300] {logging_mixin.py:190} INFO - [2025-01-26T11:28:13.966-0300] {dag.py:4180} INFO - Setting next_dagrun for example_trigger_controller_dag to 2021-01-01T00:00:00+00:00, run_after=2021-01-01T00:00:00+00:00
[2025-01-26T11:28:14.053-0300] {processor.py:208} INFO - Processing /mnt/c/Users/ander/Desktop/airflow-spark/airflow-spark/curso2/ambientX/lib/python3.9/site-packages/airflow/example_dags/example_trigger_controller_dag.py took 0.210 seconds
[2025-01-26T11:29:34.449-0300] {processor.py:186} INFO - Started process (PID=22123) to work on /mnt/c/Users/ander/Desktop/airflow-spark/airflow-spark/curso2/ambientX/lib/python3.9/site-packages/airflow/example_dags/example_trigger_controller_dag.py
[2025-01-26T11:29:34.450-0300] {processor.py:914} INFO - Processing file /mnt/c/Users/ander/Desktop/airflow-spark/airflow-spark/curso2/ambientX/lib/python3.9/site-packages/airflow/example_dags/example_trigger_controller_dag.py for tasks to queue
[2025-01-26T11:29:34.452-0300] {logging_mixin.py:190} INFO - [2025-01-26T11:29:34.452-0300] {dagbag.py:588} INFO - Filling up the DagBag from /mnt/c/Users/ander/Desktop/airflow-spark/airflow-spark/curso2/ambientX/lib/python3.9/site-packages/airflow/example_dags/example_trigger_controller_dag.py
[2025-01-26T11:29:34.477-0300] {processor.py:925} INFO - DAG(s) 'example_trigger_controller_dag' retrieved from /mnt/c/Users/ander/Desktop/airflow-spark/airflow-spark/curso2/ambientX/lib/python3.9/site-packages/airflow/example_dags/example_trigger_controller_dag.py
[2025-01-26T11:29:34.516-0300] {logging_mixin.py:190} INFO - [2025-01-26T11:29:34.516-0300] {dag.py:3239} INFO - Sync 1 DAGs
[2025-01-26T11:29:34.549-0300] {logging_mixin.py:190} INFO - [2025-01-26T11:29:34.549-0300] {dag.py:4180} INFO - Setting next_dagrun for example_trigger_controller_dag to 2021-01-01T00:00:00+00:00, run_after=2021-01-01T00:00:00+00:00
[2025-01-26T11:29:35.240-0300] {processor.py:208} INFO - Processing /mnt/c/Users/ander/Desktop/airflow-spark/airflow-spark/curso2/ambientX/lib/python3.9/site-packages/airflow/example_dags/example_trigger_controller_dag.py took 0.809 seconds
[2025-01-26T11:30:58.593-0300] {processor.py:186} INFO - Started process (PID=22623) to work on /mnt/c/Users/ander/Desktop/airflow-spark/airflow-spark/curso2/ambientX/lib/python3.9/site-packages/airflow/example_dags/example_trigger_controller_dag.py
[2025-01-26T11:30:58.594-0300] {processor.py:914} INFO - Processing file /mnt/c/Users/ander/Desktop/airflow-spark/airflow-spark/curso2/ambientX/lib/python3.9/site-packages/airflow/example_dags/example_trigger_controller_dag.py for tasks to queue
[2025-01-26T11:30:58.596-0300] {logging_mixin.py:190} INFO - [2025-01-26T11:30:58.596-0300] {dagbag.py:588} INFO - Filling up the DagBag from /mnt/c/Users/ander/Desktop/airflow-spark/airflow-spark/curso2/ambientX/lib/python3.9/site-packages/airflow/example_dags/example_trigger_controller_dag.py
[2025-01-26T11:30:58.620-0300] {processor.py:925} INFO - DAG(s) 'example_trigger_controller_dag' retrieved from /mnt/c/Users/ander/Desktop/airflow-spark/airflow-spark/curso2/ambientX/lib/python3.9/site-packages/airflow/example_dags/example_trigger_controller_dag.py
[2025-01-26T11:30:58.659-0300] {logging_mixin.py:190} INFO - [2025-01-26T11:30:58.659-0300] {dag.py:3239} INFO - Sync 1 DAGs
[2025-01-26T11:30:58.690-0300] {logging_mixin.py:190} INFO - [2025-01-26T11:30:58.690-0300] {dag.py:4180} INFO - Setting next_dagrun for example_trigger_controller_dag to 2021-01-01T00:00:00+00:00, run_after=2021-01-01T00:00:00+00:00
[2025-01-26T11:30:58.812-0300] {processor.py:208} INFO - Processing /mnt/c/Users/ander/Desktop/airflow-spark/airflow-spark/curso2/ambientX/lib/python3.9/site-packages/airflow/example_dags/example_trigger_controller_dag.py took 0.236 seconds
[2025-01-26T11:32:34.804-0300] {processor.py:186} INFO - Started process (PID=23029) to work on /mnt/c/Users/ander/Desktop/airflow-spark/airflow-spark/curso2/ambientX/lib/python3.9/site-packages/airflow/example_dags/example_trigger_controller_dag.py
[2025-01-26T11:32:34.806-0300] {processor.py:914} INFO - Processing file /mnt/c/Users/ander/Desktop/airflow-spark/airflow-spark/curso2/ambientX/lib/python3.9/site-packages/airflow/example_dags/example_trigger_controller_dag.py for tasks to queue
[2025-01-26T11:32:34.808-0300] {logging_mixin.py:190} INFO - [2025-01-26T11:32:34.807-0300] {dagbag.py:588} INFO - Filling up the DagBag from /mnt/c/Users/ander/Desktop/airflow-spark/airflow-spark/curso2/ambientX/lib/python3.9/site-packages/airflow/example_dags/example_trigger_controller_dag.py
[2025-01-26T11:32:34.831-0300] {processor.py:925} INFO - DAG(s) 'example_trigger_controller_dag' retrieved from /mnt/c/Users/ander/Desktop/airflow-spark/airflow-spark/curso2/ambientX/lib/python3.9/site-packages/airflow/example_dags/example_trigger_controller_dag.py
[2025-01-26T11:32:34.868-0300] {logging_mixin.py:190} INFO - [2025-01-26T11:32:34.868-0300] {dag.py:3239} INFO - Sync 1 DAGs
[2025-01-26T11:32:34.899-0300] {logging_mixin.py:190} INFO - [2025-01-26T11:32:34.899-0300] {dag.py:4180} INFO - Setting next_dagrun for example_trigger_controller_dag to 2021-01-01T00:00:00+00:00, run_after=2021-01-01T00:00:00+00:00
[2025-01-26T11:32:34.958-0300] {processor.py:208} INFO - Processing /mnt/c/Users/ander/Desktop/airflow-spark/airflow-spark/curso2/ambientX/lib/python3.9/site-packages/airflow/example_dags/example_trigger_controller_dag.py took 0.173 seconds
[2025-01-26T11:33:48.083-0300] {processor.py:186} INFO - Started process (PID=23385) to work on /mnt/c/Users/ander/Desktop/airflow-spark/airflow-spark/curso2/ambientX/lib/python3.9/site-packages/airflow/example_dags/example_trigger_controller_dag.py
[2025-01-26T11:33:48.084-0300] {processor.py:914} INFO - Processing file /mnt/c/Users/ander/Desktop/airflow-spark/airflow-spark/curso2/ambientX/lib/python3.9/site-packages/airflow/example_dags/example_trigger_controller_dag.py for tasks to queue
[2025-01-26T11:33:48.086-0300] {logging_mixin.py:190} INFO - [2025-01-26T11:33:48.086-0300] {dagbag.py:588} INFO - Filling up the DagBag from /mnt/c/Users/ander/Desktop/airflow-spark/airflow-spark/curso2/ambientX/lib/python3.9/site-packages/airflow/example_dags/example_trigger_controller_dag.py
[2025-01-26T11:33:48.114-0300] {processor.py:925} INFO - DAG(s) 'example_trigger_controller_dag' retrieved from /mnt/c/Users/ander/Desktop/airflow-spark/airflow-spark/curso2/ambientX/lib/python3.9/site-packages/airflow/example_dags/example_trigger_controller_dag.py
[2025-01-26T11:33:48.155-0300] {logging_mixin.py:190} INFO - [2025-01-26T11:33:48.154-0300] {dag.py:3239} INFO - Sync 1 DAGs
[2025-01-26T11:33:48.186-0300] {logging_mixin.py:190} INFO - [2025-01-26T11:33:48.186-0300] {dag.py:4180} INFO - Setting next_dagrun for example_trigger_controller_dag to 2021-01-01T00:00:00+00:00, run_after=2021-01-01T00:00:00+00:00
[2025-01-26T11:33:48.255-0300] {processor.py:208} INFO - Processing /mnt/c/Users/ander/Desktop/airflow-spark/airflow-spark/curso2/ambientX/lib/python3.9/site-packages/airflow/example_dags/example_trigger_controller_dag.py took 0.191 seconds
[2025-01-26T11:34:46.804-0300] {processor.py:186} INFO - Started process (PID=23631) to work on /mnt/c/Users/ander/Desktop/airflow-spark/airflow-spark/curso2/ambientX/lib/python3.9/site-packages/airflow/example_dags/example_trigger_controller_dag.py
[2025-01-26T11:34:46.806-0300] {processor.py:914} INFO - Processing file /mnt/c/Users/ander/Desktop/airflow-spark/airflow-spark/curso2/ambientX/lib/python3.9/site-packages/airflow/example_dags/example_trigger_controller_dag.py for tasks to queue
[2025-01-26T11:34:46.808-0300] {logging_mixin.py:190} INFO - [2025-01-26T11:34:46.807-0300] {dagbag.py:588} INFO - Filling up the DagBag from /mnt/c/Users/ander/Desktop/airflow-spark/airflow-spark/curso2/ambientX/lib/python3.9/site-packages/airflow/example_dags/example_trigger_controller_dag.py
[2025-01-26T11:34:46.832-0300] {processor.py:925} INFO - DAG(s) 'example_trigger_controller_dag' retrieved from /mnt/c/Users/ander/Desktop/airflow-spark/airflow-spark/curso2/ambientX/lib/python3.9/site-packages/airflow/example_dags/example_trigger_controller_dag.py
[2025-01-26T11:34:46.873-0300] {logging_mixin.py:190} INFO - [2025-01-26T11:34:46.873-0300] {dag.py:3239} INFO - Sync 1 DAGs
[2025-01-26T11:34:46.908-0300] {logging_mixin.py:190} INFO - [2025-01-26T11:34:46.908-0300] {dag.py:4180} INFO - Setting next_dagrun for example_trigger_controller_dag to 2021-01-01T00:00:00+00:00, run_after=2021-01-01T00:00:00+00:00
[2025-01-26T11:34:46.983-0300] {processor.py:208} INFO - Processing /mnt/c/Users/ander/Desktop/airflow-spark/airflow-spark/curso2/ambientX/lib/python3.9/site-packages/airflow/example_dags/example_trigger_controller_dag.py took 0.198 seconds
[2025-01-26T11:36:24.221-0300] {processor.py:186} INFO - Started process (PID=24203) to work on /mnt/c/Users/ander/Desktop/airflow-spark/airflow-spark/curso2/ambientX/lib/python3.9/site-packages/airflow/example_dags/example_trigger_controller_dag.py
[2025-01-26T11:36:24.223-0300] {processor.py:914} INFO - Processing file /mnt/c/Users/ander/Desktop/airflow-spark/airflow-spark/curso2/ambientX/lib/python3.9/site-packages/airflow/example_dags/example_trigger_controller_dag.py for tasks to queue
[2025-01-26T11:36:24.225-0300] {logging_mixin.py:190} INFO - [2025-01-26T11:36:24.224-0300] {dagbag.py:588} INFO - Filling up the DagBag from /mnt/c/Users/ander/Desktop/airflow-spark/airflow-spark/curso2/ambientX/lib/python3.9/site-packages/airflow/example_dags/example_trigger_controller_dag.py
[2025-01-26T11:36:24.253-0300] {processor.py:925} INFO - DAG(s) 'example_trigger_controller_dag' retrieved from /mnt/c/Users/ander/Desktop/airflow-spark/airflow-spark/curso2/ambientX/lib/python3.9/site-packages/airflow/example_dags/example_trigger_controller_dag.py
[2025-01-26T11:36:24.293-0300] {logging_mixin.py:190} INFO - [2025-01-26T11:36:24.293-0300] {dag.py:3239} INFO - Sync 1 DAGs
[2025-01-26T11:36:24.328-0300] {logging_mixin.py:190} INFO - [2025-01-26T11:36:24.328-0300] {dag.py:4180} INFO - Setting next_dagrun for example_trigger_controller_dag to 2021-01-01T00:00:00+00:00, run_after=2021-01-01T00:00:00+00:00
[2025-01-26T11:36:24.399-0300] {processor.py:208} INFO - Processing /mnt/c/Users/ander/Desktop/airflow-spark/airflow-spark/curso2/ambientX/lib/python3.9/site-packages/airflow/example_dags/example_trigger_controller_dag.py took 0.195 seconds
[2025-01-26T11:37:18.625-0300] {processor.py:186} INFO - Started process (PID=24433) to work on /mnt/c/Users/ander/Desktop/airflow-spark/airflow-spark/curso2/ambientX/lib/python3.9/site-packages/airflow/example_dags/example_trigger_controller_dag.py
[2025-01-26T11:37:18.626-0300] {processor.py:914} INFO - Processing file /mnt/c/Users/ander/Desktop/airflow-spark/airflow-spark/curso2/ambientX/lib/python3.9/site-packages/airflow/example_dags/example_trigger_controller_dag.py for tasks to queue
[2025-01-26T11:37:18.628-0300] {logging_mixin.py:190} INFO - [2025-01-26T11:37:18.628-0300] {dagbag.py:588} INFO - Filling up the DagBag from /mnt/c/Users/ander/Desktop/airflow-spark/airflow-spark/curso2/ambientX/lib/python3.9/site-packages/airflow/example_dags/example_trigger_controller_dag.py
[2025-01-26T11:37:18.652-0300] {processor.py:925} INFO - DAG(s) 'example_trigger_controller_dag' retrieved from /mnt/c/Users/ander/Desktop/airflow-spark/airflow-spark/curso2/ambientX/lib/python3.9/site-packages/airflow/example_dags/example_trigger_controller_dag.py
[2025-01-26T11:37:18.689-0300] {logging_mixin.py:190} INFO - [2025-01-26T11:37:18.689-0300] {dag.py:3239} INFO - Sync 1 DAGs
[2025-01-26T11:37:18.718-0300] {logging_mixin.py:190} INFO - [2025-01-26T11:37:18.718-0300] {dag.py:4180} INFO - Setting next_dagrun for example_trigger_controller_dag to 2021-01-01T00:00:00+00:00, run_after=2021-01-01T00:00:00+00:00
[2025-01-26T11:37:18.783-0300] {processor.py:208} INFO - Processing /mnt/c/Users/ander/Desktop/airflow-spark/airflow-spark/curso2/ambientX/lib/python3.9/site-packages/airflow/example_dags/example_trigger_controller_dag.py took 0.174 seconds
[2025-01-26T11:39:00.051-0300] {processor.py:186} INFO - Started process (PID=24885) to work on /mnt/c/Users/ander/Desktop/airflow-spark/airflow-spark/curso2/ambientX/lib/python3.9/site-packages/airflow/example_dags/example_trigger_controller_dag.py
[2025-01-26T11:39:00.052-0300] {processor.py:914} INFO - Processing file /mnt/c/Users/ander/Desktop/airflow-spark/airflow-spark/curso2/ambientX/lib/python3.9/site-packages/airflow/example_dags/example_trigger_controller_dag.py for tasks to queue
[2025-01-26T11:39:00.054-0300] {logging_mixin.py:190} INFO - [2025-01-26T11:39:00.054-0300] {dagbag.py:588} INFO - Filling up the DagBag from /mnt/c/Users/ander/Desktop/airflow-spark/airflow-spark/curso2/ambientX/lib/python3.9/site-packages/airflow/example_dags/example_trigger_controller_dag.py
[2025-01-26T11:39:00.078-0300] {processor.py:925} INFO - DAG(s) 'example_trigger_controller_dag' retrieved from /mnt/c/Users/ander/Desktop/airflow-spark/airflow-spark/curso2/ambientX/lib/python3.9/site-packages/airflow/example_dags/example_trigger_controller_dag.py
[2025-01-26T11:39:00.114-0300] {logging_mixin.py:190} INFO - [2025-01-26T11:39:00.114-0300] {dag.py:3239} INFO - Sync 1 DAGs
[2025-01-26T11:39:00.145-0300] {logging_mixin.py:190} INFO - [2025-01-26T11:39:00.144-0300] {dag.py:4180} INFO - Setting next_dagrun for example_trigger_controller_dag to 2021-01-01T00:00:00+00:00, run_after=2021-01-01T00:00:00+00:00
[2025-01-26T11:39:00.214-0300] {processor.py:208} INFO - Processing /mnt/c/Users/ander/Desktop/airflow-spark/airflow-spark/curso2/ambientX/lib/python3.9/site-packages/airflow/example_dags/example_trigger_controller_dag.py took 0.181 seconds
[2025-01-26T11:40:35.930-0300] {processor.py:186} INFO - Started process (PID=25384) to work on /mnt/c/Users/ander/Desktop/airflow-spark/airflow-spark/curso2/ambientX/lib/python3.9/site-packages/airflow/example_dags/example_trigger_controller_dag.py
[2025-01-26T11:40:35.931-0300] {processor.py:914} INFO - Processing file /mnt/c/Users/ander/Desktop/airflow-spark/airflow-spark/curso2/ambientX/lib/python3.9/site-packages/airflow/example_dags/example_trigger_controller_dag.py for tasks to queue
[2025-01-26T11:40:35.933-0300] {logging_mixin.py:190} INFO - [2025-01-26T11:40:35.933-0300] {dagbag.py:588} INFO - Filling up the DagBag from /mnt/c/Users/ander/Desktop/airflow-spark/airflow-spark/curso2/ambientX/lib/python3.9/site-packages/airflow/example_dags/example_trigger_controller_dag.py
[2025-01-26T11:40:35.957-0300] {processor.py:925} INFO - DAG(s) 'example_trigger_controller_dag' retrieved from /mnt/c/Users/ander/Desktop/airflow-spark/airflow-spark/curso2/ambientX/lib/python3.9/site-packages/airflow/example_dags/example_trigger_controller_dag.py
[2025-01-26T11:40:35.995-0300] {logging_mixin.py:190} INFO - [2025-01-26T11:40:35.995-0300] {dag.py:3239} INFO - Sync 1 DAGs
[2025-01-26T11:40:36.027-0300] {logging_mixin.py:190} INFO - [2025-01-26T11:40:36.027-0300] {dag.py:4180} INFO - Setting next_dagrun for example_trigger_controller_dag to 2021-01-01T00:00:00+00:00, run_after=2021-01-01T00:00:00+00:00
[2025-01-26T11:40:36.102-0300] {processor.py:208} INFO - Processing /mnt/c/Users/ander/Desktop/airflow-spark/airflow-spark/curso2/ambientX/lib/python3.9/site-packages/airflow/example_dags/example_trigger_controller_dag.py took 0.191 seconds
[2025-01-26T11:42:14.305-0300] {processor.py:186} INFO - Started process (PID=25899) to work on /mnt/c/Users/ander/Desktop/airflow-spark/airflow-spark/curso2/ambientX/lib/python3.9/site-packages/airflow/example_dags/example_trigger_controller_dag.py
[2025-01-26T11:42:14.306-0300] {processor.py:914} INFO - Processing file /mnt/c/Users/ander/Desktop/airflow-spark/airflow-spark/curso2/ambientX/lib/python3.9/site-packages/airflow/example_dags/example_trigger_controller_dag.py for tasks to queue
[2025-01-26T11:42:14.308-0300] {logging_mixin.py:190} INFO - [2025-01-26T11:42:14.308-0300] {dagbag.py:588} INFO - Filling up the DagBag from /mnt/c/Users/ander/Desktop/airflow-spark/airflow-spark/curso2/ambientX/lib/python3.9/site-packages/airflow/example_dags/example_trigger_controller_dag.py
[2025-01-26T11:42:14.328-0300] {processor.py:925} INFO - DAG(s) 'example_trigger_controller_dag' retrieved from /mnt/c/Users/ander/Desktop/airflow-spark/airflow-spark/curso2/ambientX/lib/python3.9/site-packages/airflow/example_dags/example_trigger_controller_dag.py
[2025-01-26T11:42:14.364-0300] {logging_mixin.py:190} INFO - [2025-01-26T11:42:14.364-0300] {dag.py:3239} INFO - Sync 1 DAGs
[2025-01-26T11:42:14.394-0300] {logging_mixin.py:190} INFO - [2025-01-26T11:42:14.394-0300] {dag.py:4180} INFO - Setting next_dagrun for example_trigger_controller_dag to 2021-01-01T00:00:00+00:00, run_after=2021-01-01T00:00:00+00:00
[2025-01-26T11:42:14.457-0300] {processor.py:208} INFO - Processing /mnt/c/Users/ander/Desktop/airflow-spark/airflow-spark/curso2/ambientX/lib/python3.9/site-packages/airflow/example_dags/example_trigger_controller_dag.py took 0.169 seconds
[2025-01-26T11:43:08.397-0300] {processor.py:186} INFO - Started process (PID=26191) to work on /mnt/c/Users/ander/Desktop/airflow-spark/airflow-spark/curso2/ambientX/lib/python3.9/site-packages/airflow/example_dags/example_trigger_controller_dag.py
[2025-01-26T11:43:08.398-0300] {processor.py:914} INFO - Processing file /mnt/c/Users/ander/Desktop/airflow-spark/airflow-spark/curso2/ambientX/lib/python3.9/site-packages/airflow/example_dags/example_trigger_controller_dag.py for tasks to queue
[2025-01-26T11:43:08.400-0300] {logging_mixin.py:190} INFO - [2025-01-26T11:43:08.400-0300] {dagbag.py:588} INFO - Filling up the DagBag from /mnt/c/Users/ander/Desktop/airflow-spark/airflow-spark/curso2/ambientX/lib/python3.9/site-packages/airflow/example_dags/example_trigger_controller_dag.py
[2025-01-26T11:43:08.426-0300] {processor.py:925} INFO - DAG(s) 'example_trigger_controller_dag' retrieved from /mnt/c/Users/ander/Desktop/airflow-spark/airflow-spark/curso2/ambientX/lib/python3.9/site-packages/airflow/example_dags/example_trigger_controller_dag.py
[2025-01-26T11:43:08.465-0300] {logging_mixin.py:190} INFO - [2025-01-26T11:43:08.464-0300] {dag.py:3239} INFO - Sync 1 DAGs
[2025-01-26T11:43:08.496-0300] {logging_mixin.py:190} INFO - [2025-01-26T11:43:08.495-0300] {dag.py:4180} INFO - Setting next_dagrun for example_trigger_controller_dag to 2021-01-01T00:00:00+00:00, run_after=2021-01-01T00:00:00+00:00
[2025-01-26T11:43:08.565-0300] {processor.py:208} INFO - Processing /mnt/c/Users/ander/Desktop/airflow-spark/airflow-spark/curso2/ambientX/lib/python3.9/site-packages/airflow/example_dags/example_trigger_controller_dag.py took 0.186 seconds
[2025-01-26T11:44:01.278-0300] {processor.py:186} INFO - Started process (PID=26432) to work on /mnt/c/Users/ander/Desktop/airflow-spark/airflow-spark/curso2/ambientX/lib/python3.9/site-packages/airflow/example_dags/example_trigger_controller_dag.py
[2025-01-26T11:44:01.279-0300] {processor.py:914} INFO - Processing file /mnt/c/Users/ander/Desktop/airflow-spark/airflow-spark/curso2/ambientX/lib/python3.9/site-packages/airflow/example_dags/example_trigger_controller_dag.py for tasks to queue
[2025-01-26T11:44:01.281-0300] {logging_mixin.py:190} INFO - [2025-01-26T11:44:01.280-0300] {dagbag.py:588} INFO - Filling up the DagBag from /mnt/c/Users/ander/Desktop/airflow-spark/airflow-spark/curso2/ambientX/lib/python3.9/site-packages/airflow/example_dags/example_trigger_controller_dag.py
[2025-01-26T11:44:01.303-0300] {processor.py:925} INFO - DAG(s) 'example_trigger_controller_dag' retrieved from /mnt/c/Users/ander/Desktop/airflow-spark/airflow-spark/curso2/ambientX/lib/python3.9/site-packages/airflow/example_dags/example_trigger_controller_dag.py
[2025-01-26T11:44:01.341-0300] {logging_mixin.py:190} INFO - [2025-01-26T11:44:01.341-0300] {dag.py:3239} INFO - Sync 1 DAGs
[2025-01-26T11:44:01.372-0300] {logging_mixin.py:190} INFO - [2025-01-26T11:44:01.372-0300] {dag.py:4180} INFO - Setting next_dagrun for example_trigger_controller_dag to 2021-01-01T00:00:00+00:00, run_after=2021-01-01T00:00:00+00:00
[2025-01-26T11:44:01.429-0300] {processor.py:208} INFO - Processing /mnt/c/Users/ander/Desktop/airflow-spark/airflow-spark/curso2/ambientX/lib/python3.9/site-packages/airflow/example_dags/example_trigger_controller_dag.py took 0.168 seconds
[2025-01-26T11:44:57.827-0300] {processor.py:186} INFO - Started process (PID=26676) to work on /mnt/c/Users/ander/Desktop/airflow-spark/airflow-spark/curso2/ambientX/lib/python3.9/site-packages/airflow/example_dags/example_trigger_controller_dag.py
[2025-01-26T11:44:57.829-0300] {processor.py:914} INFO - Processing file /mnt/c/Users/ander/Desktop/airflow-spark/airflow-spark/curso2/ambientX/lib/python3.9/site-packages/airflow/example_dags/example_trigger_controller_dag.py for tasks to queue
[2025-01-26T11:44:57.831-0300] {logging_mixin.py:190} INFO - [2025-01-26T11:44:57.830-0300] {dagbag.py:588} INFO - Filling up the DagBag from /mnt/c/Users/ander/Desktop/airflow-spark/airflow-spark/curso2/ambientX/lib/python3.9/site-packages/airflow/example_dags/example_trigger_controller_dag.py
[2025-01-26T11:44:57.857-0300] {processor.py:925} INFO - DAG(s) 'example_trigger_controller_dag' retrieved from /mnt/c/Users/ander/Desktop/airflow-spark/airflow-spark/curso2/ambientX/lib/python3.9/site-packages/airflow/example_dags/example_trigger_controller_dag.py
[2025-01-26T11:44:57.897-0300] {logging_mixin.py:190} INFO - [2025-01-26T11:44:57.897-0300] {dag.py:3239} INFO - Sync 1 DAGs
[2025-01-26T11:44:57.929-0300] {logging_mixin.py:190} INFO - [2025-01-26T11:44:57.929-0300] {dag.py:4180} INFO - Setting next_dagrun for example_trigger_controller_dag to 2021-01-01T00:00:00+00:00, run_after=2021-01-01T00:00:00+00:00
[2025-01-26T11:44:57.997-0300] {processor.py:208} INFO - Processing /mnt/c/Users/ander/Desktop/airflow-spark/airflow-spark/curso2/ambientX/lib/python3.9/site-packages/airflow/example_dags/example_trigger_controller_dag.py took 0.188 seconds
