[2025-01-26T10:25:44.878-0300] {processor.py:186} INFO - Started process (PID=2342) to work on /mnt/c/Users/ander/Desktop/airflow-spark/airflow-spark/curso2/ambientX/lib/python3.9/site-packages/airflow/example_dags/example_python_decorator.py
[2025-01-26T10:25:44.880-0300] {processor.py:914} INFO - Processing file /mnt/c/Users/ander/Desktop/airflow-spark/airflow-spark/curso2/ambientX/lib/python3.9/site-packages/airflow/example_dags/example_python_decorator.py for tasks to queue
[2025-01-26T10:25:44.887-0300] {logging_mixin.py:190} INFO - [2025-01-26T10:25:44.886-0300] {dagbag.py:588} INFO - Filling up the DagBag from /mnt/c/Users/ander/Desktop/airflow-spark/airflow-spark/curso2/ambientX/lib/python3.9/site-packages/airflow/example_dags/example_python_decorator.py
[2025-01-26T10:25:44.972-0300] {logging_mixin.py:190} INFO - [2025-01-26T10:25:44.972-0300] {example_python_decorator.py:80} WARNING - The virtalenv_python example task requires virtualenv, please install it.
[2025-01-26T10:25:45.036-0300] {processor.py:925} INFO - DAG(s) 'example_python_decorator' retrieved from /mnt/c/Users/ander/Desktop/airflow-spark/airflow-spark/curso2/ambientX/lib/python3.9/site-packages/airflow/example_dags/example_python_decorator.py
[2025-01-26T10:25:45.102-0300] {logging_mixin.py:190} INFO - [2025-01-26T10:25:45.102-0300] {dag.py:3239} INFO - Sync 1 DAGs
[2025-01-26T10:25:45.132-0300] {logging_mixin.py:190} INFO - [2025-01-26T10:25:45.131-0300] {dag.py:4180} INFO - Setting next_dagrun for example_python_decorator to None, run_after=None
[2025-01-26T10:25:45.225-0300] {processor.py:208} INFO - Processing /mnt/c/Users/ander/Desktop/airflow-spark/airflow-spark/curso2/ambientX/lib/python3.9/site-packages/airflow/example_dags/example_python_decorator.py took 0.365 seconds
[2025-01-26T10:38:56.164-0300] {processor.py:186} INFO - Started process (PID=8116) to work on /mnt/c/Users/ander/Desktop/airflow-spark/airflow-spark/curso2/ambientX/lib/python3.9/site-packages/airflow/example_dags/example_python_decorator.py
[2025-01-26T10:38:56.167-0300] {processor.py:914} INFO - Processing file /mnt/c/Users/ander/Desktop/airflow-spark/airflow-spark/curso2/ambientX/lib/python3.9/site-packages/airflow/example_dags/example_python_decorator.py for tasks to queue
[2025-01-26T10:38:56.169-0300] {logging_mixin.py:190} INFO - [2025-01-26T10:38:56.168-0300] {dagbag.py:588} INFO - Filling up the DagBag from /mnt/c/Users/ander/Desktop/airflow-spark/airflow-spark/curso2/ambientX/lib/python3.9/site-packages/airflow/example_dags/example_python_decorator.py
[2025-01-26T10:38:56.264-0300] {logging_mixin.py:190} INFO - [2025-01-26T10:38:56.264-0300] {example_python_decorator.py:80} WARNING - The virtalenv_python example task requires virtualenv, please install it.
[2025-01-26T10:38:56.265-0300] {processor.py:925} INFO - DAG(s) 'example_python_decorator' retrieved from /mnt/c/Users/ander/Desktop/airflow-spark/airflow-spark/curso2/ambientX/lib/python3.9/site-packages/airflow/example_dags/example_python_decorator.py
[2025-01-26T10:38:56.328-0300] {logging_mixin.py:190} INFO - [2025-01-26T10:38:56.328-0300] {dag.py:3239} INFO - Sync 1 DAGs
[2025-01-26T10:38:56.356-0300] {logging_mixin.py:190} INFO - [2025-01-26T10:38:56.356-0300] {dag.py:4180} INFO - Setting next_dagrun for example_python_decorator to None, run_after=None
[2025-01-26T10:38:56.437-0300] {processor.py:208} INFO - Processing /mnt/c/Users/ander/Desktop/airflow-spark/airflow-spark/curso2/ambientX/lib/python3.9/site-packages/airflow/example_dags/example_python_decorator.py took 0.295 seconds
[2025-01-26T10:40:24.370-0300] {processor.py:186} INFO - Started process (PID=8552) to work on /mnt/c/Users/ander/Desktop/airflow-spark/airflow-spark/curso2/ambientX/lib/python3.9/site-packages/airflow/example_dags/example_python_decorator.py
[2025-01-26T10:40:24.371-0300] {processor.py:914} INFO - Processing file /mnt/c/Users/ander/Desktop/airflow-spark/airflow-spark/curso2/ambientX/lib/python3.9/site-packages/airflow/example_dags/example_python_decorator.py for tasks to queue
[2025-01-26T10:40:24.373-0300] {logging_mixin.py:190} INFO - [2025-01-26T10:40:24.373-0300] {dagbag.py:588} INFO - Filling up the DagBag from /mnt/c/Users/ander/Desktop/airflow-spark/airflow-spark/curso2/ambientX/lib/python3.9/site-packages/airflow/example_dags/example_python_decorator.py
[2025-01-26T10:40:24.444-0300] {logging_mixin.py:190} INFO - [2025-01-26T10:40:24.444-0300] {example_python_decorator.py:80} WARNING - The virtalenv_python example task requires virtualenv, please install it.
[2025-01-26T10:40:24.445-0300] {processor.py:925} INFO - DAG(s) 'example_python_decorator' retrieved from /mnt/c/Users/ander/Desktop/airflow-spark/airflow-spark/curso2/ambientX/lib/python3.9/site-packages/airflow/example_dags/example_python_decorator.py
[2025-01-26T10:40:24.486-0300] {logging_mixin.py:190} INFO - [2025-01-26T10:40:24.486-0300] {dag.py:3239} INFO - Sync 1 DAGs
[2025-01-26T10:40:24.507-0300] {logging_mixin.py:190} INFO - [2025-01-26T10:40:24.507-0300] {dag.py:4180} INFO - Setting next_dagrun for example_python_decorator to None, run_after=None
[2025-01-26T10:40:24.588-0300] {processor.py:208} INFO - Processing /mnt/c/Users/ander/Desktop/airflow-spark/airflow-spark/curso2/ambientX/lib/python3.9/site-packages/airflow/example_dags/example_python_decorator.py took 0.235 seconds
[2025-01-26T10:42:11.942-0300] {processor.py:186} INFO - Started process (PID=9041) to work on /mnt/c/Users/ander/Desktop/airflow-spark/airflow-spark/curso2/ambientX/lib/python3.9/site-packages/airflow/example_dags/example_python_decorator.py
[2025-01-26T10:42:11.944-0300] {processor.py:914} INFO - Processing file /mnt/c/Users/ander/Desktop/airflow-spark/airflow-spark/curso2/ambientX/lib/python3.9/site-packages/airflow/example_dags/example_python_decorator.py for tasks to queue
[2025-01-26T10:42:11.946-0300] {logging_mixin.py:190} INFO - [2025-01-26T10:42:11.945-0300] {dagbag.py:588} INFO - Filling up the DagBag from /mnt/c/Users/ander/Desktop/airflow-spark/airflow-spark/curso2/ambientX/lib/python3.9/site-packages/airflow/example_dags/example_python_decorator.py
[2025-01-26T10:42:12.070-0300] {logging_mixin.py:190} INFO - [2025-01-26T10:42:12.070-0300] {example_python_decorator.py:80} WARNING - The virtalenv_python example task requires virtualenv, please install it.
[2025-01-26T10:42:12.071-0300] {processor.py:925} INFO - DAG(s) 'example_python_decorator' retrieved from /mnt/c/Users/ander/Desktop/airflow-spark/airflow-spark/curso2/ambientX/lib/python3.9/site-packages/airflow/example_dags/example_python_decorator.py
[2025-01-26T10:42:12.143-0300] {logging_mixin.py:190} INFO - [2025-01-26T10:42:12.136-0300] {dag.py:3239} INFO - Sync 1 DAGs
[2025-01-26T10:42:12.174-0300] {logging_mixin.py:190} INFO - [2025-01-26T10:42:12.173-0300] {dag.py:4180} INFO - Setting next_dagrun for example_python_decorator to None, run_after=None
[2025-01-26T10:42:12.272-0300] {processor.py:208} INFO - Processing /mnt/c/Users/ander/Desktop/airflow-spark/airflow-spark/curso2/ambientX/lib/python3.9/site-packages/airflow/example_dags/example_python_decorator.py took 0.356 seconds
[2025-01-26T10:44:10.689-0300] {processor.py:186} INFO - Started process (PID=9495) to work on /mnt/c/Users/ander/Desktop/airflow-spark/airflow-spark/curso2/ambientX/lib/python3.9/site-packages/airflow/example_dags/example_python_decorator.py
[2025-01-26T10:44:10.691-0300] {processor.py:914} INFO - Processing file /mnt/c/Users/ander/Desktop/airflow-spark/airflow-spark/curso2/ambientX/lib/python3.9/site-packages/airflow/example_dags/example_python_decorator.py for tasks to queue
[2025-01-26T10:44:10.693-0300] {logging_mixin.py:190} INFO - [2025-01-26T10:44:10.693-0300] {dagbag.py:588} INFO - Filling up the DagBag from /mnt/c/Users/ander/Desktop/airflow-spark/airflow-spark/curso2/ambientX/lib/python3.9/site-packages/airflow/example_dags/example_python_decorator.py
[2025-01-26T10:44:10.762-0300] {logging_mixin.py:190} INFO - [2025-01-26T10:44:10.762-0300] {example_python_decorator.py:80} WARNING - The virtalenv_python example task requires virtualenv, please install it.
[2025-01-26T10:44:10.763-0300] {processor.py:925} INFO - DAG(s) 'example_python_decorator' retrieved from /mnt/c/Users/ander/Desktop/airflow-spark/airflow-spark/curso2/ambientX/lib/python3.9/site-packages/airflow/example_dags/example_python_decorator.py
[2025-01-26T10:44:10.808-0300] {logging_mixin.py:190} INFO - [2025-01-26T10:44:10.807-0300] {dag.py:3239} INFO - Sync 1 DAGs
[2025-01-26T10:44:10.828-0300] {logging_mixin.py:190} INFO - [2025-01-26T10:44:10.828-0300] {dag.py:4180} INFO - Setting next_dagrun for example_python_decorator to None, run_after=None
[2025-01-26T10:44:11.120-0300] {processor.py:208} INFO - Processing /mnt/c/Users/ander/Desktop/airflow-spark/airflow-spark/curso2/ambientX/lib/python3.9/site-packages/airflow/example_dags/example_python_decorator.py took 0.450 seconds
[2025-01-26T10:46:01.606-0300] {processor.py:186} INFO - Started process (PID=9945) to work on /mnt/c/Users/ander/Desktop/airflow-spark/airflow-spark/curso2/ambientX/lib/python3.9/site-packages/airflow/example_dags/example_python_decorator.py
[2025-01-26T10:46:01.607-0300] {processor.py:914} INFO - Processing file /mnt/c/Users/ander/Desktop/airflow-spark/airflow-spark/curso2/ambientX/lib/python3.9/site-packages/airflow/example_dags/example_python_decorator.py for tasks to queue
[2025-01-26T10:46:01.609-0300] {logging_mixin.py:190} INFO - [2025-01-26T10:46:01.609-0300] {dagbag.py:588} INFO - Filling up the DagBag from /mnt/c/Users/ander/Desktop/airflow-spark/airflow-spark/curso2/ambientX/lib/python3.9/site-packages/airflow/example_dags/example_python_decorator.py
[2025-01-26T10:46:01.673-0300] {logging_mixin.py:190} INFO - [2025-01-26T10:46:01.672-0300] {example_python_decorator.py:80} WARNING - The virtalenv_python example task requires virtualenv, please install it.
[2025-01-26T10:46:01.673-0300] {processor.py:925} INFO - DAG(s) 'example_python_decorator' retrieved from /mnt/c/Users/ander/Desktop/airflow-spark/airflow-spark/curso2/ambientX/lib/python3.9/site-packages/airflow/example_dags/example_python_decorator.py
[2025-01-26T10:46:01.715-0300] {logging_mixin.py:190} INFO - [2025-01-26T10:46:01.715-0300] {dag.py:3239} INFO - Sync 1 DAGs
[2025-01-26T10:46:01.735-0300] {logging_mixin.py:190} INFO - [2025-01-26T10:46:01.735-0300] {dag.py:4180} INFO - Setting next_dagrun for example_python_decorator to None, run_after=None
[2025-01-26T10:46:01.799-0300] {processor.py:208} INFO - Processing /mnt/c/Users/ander/Desktop/airflow-spark/airflow-spark/curso2/ambientX/lib/python3.9/site-packages/airflow/example_dags/example_python_decorator.py took 0.211 seconds
[2025-01-26T10:47:43.457-0300] {processor.py:186} INFO - Started process (PID=10426) to work on /mnt/c/Users/ander/Desktop/airflow-spark/airflow-spark/curso2/ambientX/lib/python3.9/site-packages/airflow/example_dags/example_python_decorator.py
[2025-01-26T10:47:43.458-0300] {processor.py:914} INFO - Processing file /mnt/c/Users/ander/Desktop/airflow-spark/airflow-spark/curso2/ambientX/lib/python3.9/site-packages/airflow/example_dags/example_python_decorator.py for tasks to queue
[2025-01-26T10:47:43.460-0300] {logging_mixin.py:190} INFO - [2025-01-26T10:47:43.460-0300] {dagbag.py:588} INFO - Filling up the DagBag from /mnt/c/Users/ander/Desktop/airflow-spark/airflow-spark/curso2/ambientX/lib/python3.9/site-packages/airflow/example_dags/example_python_decorator.py
[2025-01-26T10:47:43.531-0300] {logging_mixin.py:190} INFO - [2025-01-26T10:47:43.530-0300] {example_python_decorator.py:80} WARNING - The virtalenv_python example task requires virtualenv, please install it.
[2025-01-26T10:47:43.532-0300] {processor.py:925} INFO - DAG(s) 'example_python_decorator' retrieved from /mnt/c/Users/ander/Desktop/airflow-spark/airflow-spark/curso2/ambientX/lib/python3.9/site-packages/airflow/example_dags/example_python_decorator.py
[2025-01-26T10:47:43.581-0300] {logging_mixin.py:190} INFO - [2025-01-26T10:47:43.581-0300] {dag.py:3239} INFO - Sync 1 DAGs
[2025-01-26T10:47:43.607-0300] {logging_mixin.py:190} INFO - [2025-01-26T10:47:43.606-0300] {dag.py:4180} INFO - Setting next_dagrun for example_python_decorator to None, run_after=None
[2025-01-26T10:47:43.688-0300] {processor.py:208} INFO - Processing /mnt/c/Users/ander/Desktop/airflow-spark/airflow-spark/curso2/ambientX/lib/python3.9/site-packages/airflow/example_dags/example_python_decorator.py took 0.253 seconds
[2025-01-26T10:49:37.119-0300] {processor.py:186} INFO - Started process (PID=10960) to work on /mnt/c/Users/ander/Desktop/airflow-spark/airflow-spark/curso2/ambientX/lib/python3.9/site-packages/airflow/example_dags/example_python_decorator.py
[2025-01-26T10:49:37.121-0300] {processor.py:914} INFO - Processing file /mnt/c/Users/ander/Desktop/airflow-spark/airflow-spark/curso2/ambientX/lib/python3.9/site-packages/airflow/example_dags/example_python_decorator.py for tasks to queue
[2025-01-26T10:49:37.123-0300] {logging_mixin.py:190} INFO - [2025-01-26T10:49:37.122-0300] {dagbag.py:588} INFO - Filling up the DagBag from /mnt/c/Users/ander/Desktop/airflow-spark/airflow-spark/curso2/ambientX/lib/python3.9/site-packages/airflow/example_dags/example_python_decorator.py
[2025-01-26T10:49:37.246-0300] {logging_mixin.py:190} INFO - [2025-01-26T10:49:37.246-0300] {example_python_decorator.py:80} WARNING - The virtalenv_python example task requires virtualenv, please install it.
[2025-01-26T10:49:37.247-0300] {processor.py:925} INFO - DAG(s) 'example_python_decorator' retrieved from /mnt/c/Users/ander/Desktop/airflow-spark/airflow-spark/curso2/ambientX/lib/python3.9/site-packages/airflow/example_dags/example_python_decorator.py
[2025-01-26T10:49:37.366-0300] {logging_mixin.py:190} INFO - [2025-01-26T10:49:37.366-0300] {dag.py:3239} INFO - Sync 1 DAGs
[2025-01-26T10:49:37.402-0300] {logging_mixin.py:190} INFO - [2025-01-26T10:49:37.402-0300] {dag.py:4180} INFO - Setting next_dagrun for example_python_decorator to None, run_after=None
[2025-01-26T10:49:37.478-0300] {processor.py:208} INFO - Processing /mnt/c/Users/ander/Desktop/airflow-spark/airflow-spark/curso2/ambientX/lib/python3.9/site-packages/airflow/example_dags/example_python_decorator.py took 0.378 seconds
[2025-01-26T10:51:23.799-0300] {processor.py:186} INFO - Started process (PID=11350) to work on /mnt/c/Users/ander/Desktop/airflow-spark/airflow-spark/curso2/ambientX/lib/python3.9/site-packages/airflow/example_dags/example_python_decorator.py
[2025-01-26T10:51:23.801-0300] {processor.py:914} INFO - Processing file /mnt/c/Users/ander/Desktop/airflow-spark/airflow-spark/curso2/ambientX/lib/python3.9/site-packages/airflow/example_dags/example_python_decorator.py for tasks to queue
[2025-01-26T10:51:23.803-0300] {logging_mixin.py:190} INFO - [2025-01-26T10:51:23.802-0300] {dagbag.py:588} INFO - Filling up the DagBag from /mnt/c/Users/ander/Desktop/airflow-spark/airflow-spark/curso2/ambientX/lib/python3.9/site-packages/airflow/example_dags/example_python_decorator.py
[2025-01-26T10:51:23.888-0300] {logging_mixin.py:190} INFO - [2025-01-26T10:51:23.888-0300] {example_python_decorator.py:80} WARNING - The virtalenv_python example task requires virtualenv, please install it.
[2025-01-26T10:51:23.889-0300] {processor.py:925} INFO - DAG(s) 'example_python_decorator' retrieved from /mnt/c/Users/ander/Desktop/airflow-spark/airflow-spark/curso2/ambientX/lib/python3.9/site-packages/airflow/example_dags/example_python_decorator.py
[2025-01-26T10:51:23.935-0300] {logging_mixin.py:190} INFO - [2025-01-26T10:51:23.934-0300] {dag.py:3239} INFO - Sync 1 DAGs
[2025-01-26T10:51:23.967-0300] {logging_mixin.py:190} INFO - [2025-01-26T10:51:23.966-0300] {dag.py:4180} INFO - Setting next_dagrun for example_python_decorator to None, run_after=None
[2025-01-26T10:51:24.057-0300] {processor.py:208} INFO - Processing /mnt/c/Users/ander/Desktop/airflow-spark/airflow-spark/curso2/ambientX/lib/python3.9/site-packages/airflow/example_dags/example_python_decorator.py took 0.280 seconds
[2025-01-26T10:53:15.300-0300] {processor.py:186} INFO - Started process (PID=11867) to work on /mnt/c/Users/ander/Desktop/airflow-spark/airflow-spark/curso2/ambientX/lib/python3.9/site-packages/airflow/example_dags/example_python_decorator.py
[2025-01-26T10:53:15.301-0300] {processor.py:914} INFO - Processing file /mnt/c/Users/ander/Desktop/airflow-spark/airflow-spark/curso2/ambientX/lib/python3.9/site-packages/airflow/example_dags/example_python_decorator.py for tasks to queue
[2025-01-26T10:53:15.303-0300] {logging_mixin.py:190} INFO - [2025-01-26T10:53:15.303-0300] {dagbag.py:588} INFO - Filling up the DagBag from /mnt/c/Users/ander/Desktop/airflow-spark/airflow-spark/curso2/ambientX/lib/python3.9/site-packages/airflow/example_dags/example_python_decorator.py
[2025-01-26T10:53:15.394-0300] {logging_mixin.py:190} INFO - [2025-01-26T10:53:15.394-0300] {example_python_decorator.py:80} WARNING - The virtalenv_python example task requires virtualenv, please install it.
[2025-01-26T10:53:15.395-0300] {processor.py:925} INFO - DAG(s) 'example_python_decorator' retrieved from /mnt/c/Users/ander/Desktop/airflow-spark/airflow-spark/curso2/ambientX/lib/python3.9/site-packages/airflow/example_dags/example_python_decorator.py
[2025-01-26T10:53:15.448-0300] {logging_mixin.py:190} INFO - [2025-01-26T10:53:15.448-0300] {dag.py:3239} INFO - Sync 1 DAGs
[2025-01-26T10:53:15.474-0300] {logging_mixin.py:190} INFO - [2025-01-26T10:53:15.473-0300] {dag.py:4180} INFO - Setting next_dagrun for example_python_decorator to None, run_after=None
[2025-01-26T10:53:15.554-0300] {processor.py:208} INFO - Processing /mnt/c/Users/ander/Desktop/airflow-spark/airflow-spark/curso2/ambientX/lib/python3.9/site-packages/airflow/example_dags/example_python_decorator.py took 0.278 seconds
[2025-01-26T10:55:09.619-0300] {processor.py:186} INFO - Started process (PID=12329) to work on /mnt/c/Users/ander/Desktop/airflow-spark/airflow-spark/curso2/ambientX/lib/python3.9/site-packages/airflow/example_dags/example_python_decorator.py
[2025-01-26T10:55:09.620-0300] {processor.py:914} INFO - Processing file /mnt/c/Users/ander/Desktop/airflow-spark/airflow-spark/curso2/ambientX/lib/python3.9/site-packages/airflow/example_dags/example_python_decorator.py for tasks to queue
[2025-01-26T10:55:09.622-0300] {logging_mixin.py:190} INFO - [2025-01-26T10:55:09.622-0300] {dagbag.py:588} INFO - Filling up the DagBag from /mnt/c/Users/ander/Desktop/airflow-spark/airflow-spark/curso2/ambientX/lib/python3.9/site-packages/airflow/example_dags/example_python_decorator.py
[2025-01-26T10:55:09.708-0300] {logging_mixin.py:190} INFO - [2025-01-26T10:55:09.708-0300] {example_python_decorator.py:80} WARNING - The virtalenv_python example task requires virtualenv, please install it.
[2025-01-26T10:55:09.709-0300] {processor.py:925} INFO - DAG(s) 'example_python_decorator' retrieved from /mnt/c/Users/ander/Desktop/airflow-spark/airflow-spark/curso2/ambientX/lib/python3.9/site-packages/airflow/example_dags/example_python_decorator.py
[2025-01-26T10:55:09.756-0300] {logging_mixin.py:190} INFO - [2025-01-26T10:55:09.756-0300] {dag.py:3239} INFO - Sync 1 DAGs
[2025-01-26T10:55:09.780-0300] {logging_mixin.py:190} INFO - [2025-01-26T10:55:09.780-0300] {dag.py:4180} INFO - Setting next_dagrun for example_python_decorator to None, run_after=None
[2025-01-26T10:55:09.859-0300] {processor.py:208} INFO - Processing /mnt/c/Users/ander/Desktop/airflow-spark/airflow-spark/curso2/ambientX/lib/python3.9/site-packages/airflow/example_dags/example_python_decorator.py took 0.259 seconds
[2025-01-26T10:56:56.819-0300] {processor.py:186} INFO - Started process (PID=12778) to work on /mnt/c/Users/ander/Desktop/airflow-spark/airflow-spark/curso2/ambientX/lib/python3.9/site-packages/airflow/example_dags/example_python_decorator.py
[2025-01-26T10:56:56.821-0300] {processor.py:914} INFO - Processing file /mnt/c/Users/ander/Desktop/airflow-spark/airflow-spark/curso2/ambientX/lib/python3.9/site-packages/airflow/example_dags/example_python_decorator.py for tasks to queue
[2025-01-26T10:56:56.823-0300] {logging_mixin.py:190} INFO - [2025-01-26T10:56:56.822-0300] {dagbag.py:588} INFO - Filling up the DagBag from /mnt/c/Users/ander/Desktop/airflow-spark/airflow-spark/curso2/ambientX/lib/python3.9/site-packages/airflow/example_dags/example_python_decorator.py
[2025-01-26T10:56:56.922-0300] {logging_mixin.py:190} INFO - [2025-01-26T10:56:56.921-0300] {example_python_decorator.py:80} WARNING - The virtalenv_python example task requires virtualenv, please install it.
[2025-01-26T10:56:56.923-0300] {processor.py:925} INFO - DAG(s) 'example_python_decorator' retrieved from /mnt/c/Users/ander/Desktop/airflow-spark/airflow-spark/curso2/ambientX/lib/python3.9/site-packages/airflow/example_dags/example_python_decorator.py
[2025-01-26T10:56:56.970-0300] {logging_mixin.py:190} INFO - [2025-01-26T10:56:56.970-0300] {dag.py:3239} INFO - Sync 1 DAGs
[2025-01-26T10:56:56.998-0300] {logging_mixin.py:190} INFO - [2025-01-26T10:56:56.998-0300] {dag.py:4180} INFO - Setting next_dagrun for example_python_decorator to None, run_after=None
[2025-01-26T10:56:57.079-0300] {processor.py:208} INFO - Processing /mnt/c/Users/ander/Desktop/airflow-spark/airflow-spark/curso2/ambientX/lib/python3.9/site-packages/airflow/example_dags/example_python_decorator.py took 0.284 seconds
[2025-01-26T10:58:50.628-0300] {processor.py:186} INFO - Started process (PID=13357) to work on /mnt/c/Users/ander/Desktop/airflow-spark/airflow-spark/curso2/ambientX/lib/python3.9/site-packages/airflow/example_dags/example_python_decorator.py
[2025-01-26T10:58:50.629-0300] {processor.py:914} INFO - Processing file /mnt/c/Users/ander/Desktop/airflow-spark/airflow-spark/curso2/ambientX/lib/python3.9/site-packages/airflow/example_dags/example_python_decorator.py for tasks to queue
[2025-01-26T10:58:50.631-0300] {logging_mixin.py:190} INFO - [2025-01-26T10:58:50.631-0300] {dagbag.py:588} INFO - Filling up the DagBag from /mnt/c/Users/ander/Desktop/airflow-spark/airflow-spark/curso2/ambientX/lib/python3.9/site-packages/airflow/example_dags/example_python_decorator.py
[2025-01-26T10:58:50.743-0300] {logging_mixin.py:190} INFO - [2025-01-26T10:58:50.743-0300] {example_python_decorator.py:80} WARNING - The virtalenv_python example task requires virtualenv, please install it.
[2025-01-26T10:58:50.745-0300] {processor.py:925} INFO - DAG(s) 'example_python_decorator' retrieved from /mnt/c/Users/ander/Desktop/airflow-spark/airflow-spark/curso2/ambientX/lib/python3.9/site-packages/airflow/example_dags/example_python_decorator.py
[2025-01-26T10:58:50.814-0300] {logging_mixin.py:190} INFO - [2025-01-26T10:58:50.814-0300] {dag.py:3239} INFO - Sync 1 DAGs
[2025-01-26T10:58:50.851-0300] {logging_mixin.py:190} INFO - [2025-01-26T10:58:50.847-0300] {dag.py:4180} INFO - Setting next_dagrun for example_python_decorator to None, run_after=None
[2025-01-26T10:58:51.026-0300] {processor.py:208} INFO - Processing /mnt/c/Users/ander/Desktop/airflow-spark/airflow-spark/curso2/ambientX/lib/python3.9/site-packages/airflow/example_dags/example_python_decorator.py took 0.425 seconds
[2025-01-26T11:00:46.043-0300] {processor.py:186} INFO - Started process (PID=13927) to work on /mnt/c/Users/ander/Desktop/airflow-spark/airflow-spark/curso2/ambientX/lib/python3.9/site-packages/airflow/example_dags/example_python_decorator.py
[2025-01-26T11:00:46.045-0300] {processor.py:914} INFO - Processing file /mnt/c/Users/ander/Desktop/airflow-spark/airflow-spark/curso2/ambientX/lib/python3.9/site-packages/airflow/example_dags/example_python_decorator.py for tasks to queue
[2025-01-26T11:00:46.047-0300] {logging_mixin.py:190} INFO - [2025-01-26T11:00:46.046-0300] {dagbag.py:588} INFO - Filling up the DagBag from /mnt/c/Users/ander/Desktop/airflow-spark/airflow-spark/curso2/ambientX/lib/python3.9/site-packages/airflow/example_dags/example_python_decorator.py
[2025-01-26T11:00:46.109-0300] {logging_mixin.py:190} INFO - [2025-01-26T11:00:46.109-0300] {example_python_decorator.py:80} WARNING - The virtalenv_python example task requires virtualenv, please install it.
[2025-01-26T11:00:46.110-0300] {processor.py:925} INFO - DAG(s) 'example_python_decorator' retrieved from /mnt/c/Users/ander/Desktop/airflow-spark/airflow-spark/curso2/ambientX/lib/python3.9/site-packages/airflow/example_dags/example_python_decorator.py
[2025-01-26T11:00:46.152-0300] {logging_mixin.py:190} INFO - [2025-01-26T11:00:46.152-0300] {dag.py:3239} INFO - Sync 1 DAGs
[2025-01-26T11:00:46.173-0300] {logging_mixin.py:190} INFO - [2025-01-26T11:00:46.173-0300] {dag.py:4180} INFO - Setting next_dagrun for example_python_decorator to None, run_after=None
[2025-01-26T11:00:46.243-0300] {processor.py:208} INFO - Processing /mnt/c/Users/ander/Desktop/airflow-spark/airflow-spark/curso2/ambientX/lib/python3.9/site-packages/airflow/example_dags/example_python_decorator.py took 0.218 seconds
[2025-01-26T11:02:38.984-0300] {processor.py:186} INFO - Started process (PID=14415) to work on /mnt/c/Users/ander/Desktop/airflow-spark/airflow-spark/curso2/ambientX/lib/python3.9/site-packages/airflow/example_dags/example_python_decorator.py
[2025-01-26T11:02:38.986-0300] {processor.py:914} INFO - Processing file /mnt/c/Users/ander/Desktop/airflow-spark/airflow-spark/curso2/ambientX/lib/python3.9/site-packages/airflow/example_dags/example_python_decorator.py for tasks to queue
[2025-01-26T11:02:38.988-0300] {logging_mixin.py:190} INFO - [2025-01-26T11:02:38.988-0300] {dagbag.py:588} INFO - Filling up the DagBag from /mnt/c/Users/ander/Desktop/airflow-spark/airflow-spark/curso2/ambientX/lib/python3.9/site-packages/airflow/example_dags/example_python_decorator.py
[2025-01-26T11:02:39.057-0300] {logging_mixin.py:190} INFO - [2025-01-26T11:02:39.056-0300] {example_python_decorator.py:80} WARNING - The virtalenv_python example task requires virtualenv, please install it.
[2025-01-26T11:02:39.058-0300] {processor.py:925} INFO - DAG(s) 'example_python_decorator' retrieved from /mnt/c/Users/ander/Desktop/airflow-spark/airflow-spark/curso2/ambientX/lib/python3.9/site-packages/airflow/example_dags/example_python_decorator.py
[2025-01-26T11:02:39.100-0300] {logging_mixin.py:190} INFO - [2025-01-26T11:02:39.100-0300] {dag.py:3239} INFO - Sync 1 DAGs
[2025-01-26T11:02:39.124-0300] {logging_mixin.py:190} INFO - [2025-01-26T11:02:39.124-0300] {dag.py:4180} INFO - Setting next_dagrun for example_python_decorator to None, run_after=None
[2025-01-26T11:02:39.196-0300] {processor.py:208} INFO - Processing /mnt/c/Users/ander/Desktop/airflow-spark/airflow-spark/curso2/ambientX/lib/python3.9/site-packages/airflow/example_dags/example_python_decorator.py took 0.232 seconds
[2025-01-26T11:04:32.223-0300] {processor.py:186} INFO - Started process (PID=15324) to work on /mnt/c/Users/ander/Desktop/airflow-spark/airflow-spark/curso2/ambientX/lib/python3.9/site-packages/airflow/example_dags/example_python_decorator.py
[2025-01-26T11:04:32.225-0300] {processor.py:914} INFO - Processing file /mnt/c/Users/ander/Desktop/airflow-spark/airflow-spark/curso2/ambientX/lib/python3.9/site-packages/airflow/example_dags/example_python_decorator.py for tasks to queue
[2025-01-26T11:04:32.227-0300] {logging_mixin.py:190} INFO - [2025-01-26T11:04:32.226-0300] {dagbag.py:588} INFO - Filling up the DagBag from /mnt/c/Users/ander/Desktop/airflow-spark/airflow-spark/curso2/ambientX/lib/python3.9/site-packages/airflow/example_dags/example_python_decorator.py
[2025-01-26T11:04:32.295-0300] {logging_mixin.py:190} INFO - [2025-01-26T11:04:32.295-0300] {example_python_decorator.py:80} WARNING - The virtalenv_python example task requires virtualenv, please install it.
[2025-01-26T11:04:32.296-0300] {processor.py:925} INFO - DAG(s) 'example_python_decorator' retrieved from /mnt/c/Users/ander/Desktop/airflow-spark/airflow-spark/curso2/ambientX/lib/python3.9/site-packages/airflow/example_dags/example_python_decorator.py
[2025-01-26T11:04:32.344-0300] {logging_mixin.py:190} INFO - [2025-01-26T11:04:32.344-0300] {dag.py:3239} INFO - Sync 1 DAGs
[2025-01-26T11:04:32.365-0300] {logging_mixin.py:190} INFO - [2025-01-26T11:04:32.364-0300] {dag.py:4180} INFO - Setting next_dagrun for example_python_decorator to None, run_after=None
[2025-01-26T11:04:32.435-0300] {processor.py:208} INFO - Processing /mnt/c/Users/ander/Desktop/airflow-spark/airflow-spark/curso2/ambientX/lib/python3.9/site-packages/airflow/example_dags/example_python_decorator.py took 0.229 seconds
[2025-01-26T11:06:13.015-0300] {processor.py:186} INFO - Started process (PID=15760) to work on /mnt/c/Users/ander/Desktop/airflow-spark/airflow-spark/curso2/ambientX/lib/python3.9/site-packages/airflow/example_dags/example_python_decorator.py
[2025-01-26T11:06:13.016-0300] {processor.py:914} INFO - Processing file /mnt/c/Users/ander/Desktop/airflow-spark/airflow-spark/curso2/ambientX/lib/python3.9/site-packages/airflow/example_dags/example_python_decorator.py for tasks to queue
[2025-01-26T11:06:13.018-0300] {logging_mixin.py:190} INFO - [2025-01-26T11:06:13.018-0300] {dagbag.py:588} INFO - Filling up the DagBag from /mnt/c/Users/ander/Desktop/airflow-spark/airflow-spark/curso2/ambientX/lib/python3.9/site-packages/airflow/example_dags/example_python_decorator.py
[2025-01-26T11:06:13.090-0300] {logging_mixin.py:190} INFO - [2025-01-26T11:06:13.090-0300] {example_python_decorator.py:80} WARNING - The virtalenv_python example task requires virtualenv, please install it.
[2025-01-26T11:06:13.091-0300] {processor.py:925} INFO - DAG(s) 'example_python_decorator' retrieved from /mnt/c/Users/ander/Desktop/airflow-spark/airflow-spark/curso2/ambientX/lib/python3.9/site-packages/airflow/example_dags/example_python_decorator.py
[2025-01-26T11:06:13.135-0300] {logging_mixin.py:190} INFO - [2025-01-26T11:06:13.134-0300] {dag.py:3239} INFO - Sync 1 DAGs
[2025-01-26T11:06:13.154-0300] {logging_mixin.py:190} INFO - [2025-01-26T11:06:13.154-0300] {dag.py:4180} INFO - Setting next_dagrun for example_python_decorator to None, run_after=None
[2025-01-26T11:06:13.220-0300] {processor.py:208} INFO - Processing /mnt/c/Users/ander/Desktop/airflow-spark/airflow-spark/curso2/ambientX/lib/python3.9/site-packages/airflow/example_dags/example_python_decorator.py took 0.224 seconds
[2025-01-26T11:07:51.179-0300] {processor.py:186} INFO - Started process (PID=16200) to work on /mnt/c/Users/ander/Desktop/airflow-spark/airflow-spark/curso2/ambientX/lib/python3.9/site-packages/airflow/example_dags/example_python_decorator.py
[2025-01-26T11:07:51.180-0300] {processor.py:914} INFO - Processing file /mnt/c/Users/ander/Desktop/airflow-spark/airflow-spark/curso2/ambientX/lib/python3.9/site-packages/airflow/example_dags/example_python_decorator.py for tasks to queue
[2025-01-26T11:07:51.182-0300] {logging_mixin.py:190} INFO - [2025-01-26T11:07:51.182-0300] {dagbag.py:588} INFO - Filling up the DagBag from /mnt/c/Users/ander/Desktop/airflow-spark/airflow-spark/curso2/ambientX/lib/python3.9/site-packages/airflow/example_dags/example_python_decorator.py
[2025-01-26T11:07:51.247-0300] {logging_mixin.py:190} INFO - [2025-01-26T11:07:51.247-0300] {example_python_decorator.py:80} WARNING - The virtalenv_python example task requires virtualenv, please install it.
[2025-01-26T11:07:51.248-0300] {processor.py:925} INFO - DAG(s) 'example_python_decorator' retrieved from /mnt/c/Users/ander/Desktop/airflow-spark/airflow-spark/curso2/ambientX/lib/python3.9/site-packages/airflow/example_dags/example_python_decorator.py
[2025-01-26T11:07:51.288-0300] {logging_mixin.py:190} INFO - [2025-01-26T11:07:51.287-0300] {dag.py:3239} INFO - Sync 1 DAGs
[2025-01-26T11:07:51.308-0300] {logging_mixin.py:190} INFO - [2025-01-26T11:07:51.307-0300] {dag.py:4180} INFO - Setting next_dagrun for example_python_decorator to None, run_after=None
[2025-01-26T11:07:51.391-0300] {processor.py:208} INFO - Processing /mnt/c/Users/ander/Desktop/airflow-spark/airflow-spark/curso2/ambientX/lib/python3.9/site-packages/airflow/example_dags/example_python_decorator.py took 0.228 seconds
[2025-01-26T11:09:34.409-0300] {processor.py:186} INFO - Started process (PID=16642) to work on /mnt/c/Users/ander/Desktop/airflow-spark/airflow-spark/curso2/ambientX/lib/python3.9/site-packages/airflow/example_dags/example_python_decorator.py
[2025-01-26T11:09:34.410-0300] {processor.py:914} INFO - Processing file /mnt/c/Users/ander/Desktop/airflow-spark/airflow-spark/curso2/ambientX/lib/python3.9/site-packages/airflow/example_dags/example_python_decorator.py for tasks to queue
[2025-01-26T11:09:34.412-0300] {logging_mixin.py:190} INFO - [2025-01-26T11:09:34.412-0300] {dagbag.py:588} INFO - Filling up the DagBag from /mnt/c/Users/ander/Desktop/airflow-spark/airflow-spark/curso2/ambientX/lib/python3.9/site-packages/airflow/example_dags/example_python_decorator.py
[2025-01-26T11:09:34.472-0300] {logging_mixin.py:190} INFO - [2025-01-26T11:09:34.472-0300] {example_python_decorator.py:80} WARNING - The virtalenv_python example task requires virtualenv, please install it.
[2025-01-26T11:09:34.473-0300] {processor.py:925} INFO - DAG(s) 'example_python_decorator' retrieved from /mnt/c/Users/ander/Desktop/airflow-spark/airflow-spark/curso2/ambientX/lib/python3.9/site-packages/airflow/example_dags/example_python_decorator.py
[2025-01-26T11:09:34.512-0300] {logging_mixin.py:190} INFO - [2025-01-26T11:09:34.512-0300] {dag.py:3239} INFO - Sync 1 DAGs
[2025-01-26T11:09:34.532-0300] {logging_mixin.py:190} INFO - [2025-01-26T11:09:34.532-0300] {dag.py:4180} INFO - Setting next_dagrun for example_python_decorator to None, run_after=None
[2025-01-26T11:09:34.593-0300] {processor.py:208} INFO - Processing /mnt/c/Users/ander/Desktop/airflow-spark/airflow-spark/curso2/ambientX/lib/python3.9/site-packages/airflow/example_dags/example_python_decorator.py took 0.200 seconds
[2025-01-26T11:11:40.532-0300] {processor.py:186} INFO - Started process (PID=17139) to work on /mnt/c/Users/ander/Desktop/airflow-spark/airflow-spark/curso2/ambientX/lib/python3.9/site-packages/airflow/example_dags/example_python_decorator.py
[2025-01-26T11:11:40.534-0300] {processor.py:914} INFO - Processing file /mnt/c/Users/ander/Desktop/airflow-spark/airflow-spark/curso2/ambientX/lib/python3.9/site-packages/airflow/example_dags/example_python_decorator.py for tasks to queue
[2025-01-26T11:11:40.536-0300] {logging_mixin.py:190} INFO - [2025-01-26T11:11:40.535-0300] {dagbag.py:588} INFO - Filling up the DagBag from /mnt/c/Users/ander/Desktop/airflow-spark/airflow-spark/curso2/ambientX/lib/python3.9/site-packages/airflow/example_dags/example_python_decorator.py
[2025-01-26T11:11:40.609-0300] {logging_mixin.py:190} INFO - [2025-01-26T11:11:40.609-0300] {example_python_decorator.py:80} WARNING - The virtalenv_python example task requires virtualenv, please install it.
[2025-01-26T11:11:40.610-0300] {processor.py:925} INFO - DAG(s) 'example_python_decorator' retrieved from /mnt/c/Users/ander/Desktop/airflow-spark/airflow-spark/curso2/ambientX/lib/python3.9/site-packages/airflow/example_dags/example_python_decorator.py
[2025-01-26T11:11:40.651-0300] {logging_mixin.py:190} INFO - [2025-01-26T11:11:40.651-0300] {dag.py:3239} INFO - Sync 1 DAGs
[2025-01-26T11:11:40.670-0300] {logging_mixin.py:190} INFO - [2025-01-26T11:11:40.670-0300] {dag.py:4180} INFO - Setting next_dagrun for example_python_decorator to None, run_after=None
[2025-01-26T11:11:40.765-0300] {processor.py:208} INFO - Processing /mnt/c/Users/ander/Desktop/airflow-spark/airflow-spark/curso2/ambientX/lib/python3.9/site-packages/airflow/example_dags/example_python_decorator.py took 0.252 seconds
[2025-01-26T11:15:09.244-0300] {processor.py:186} INFO - Started process (PID=18161) to work on /mnt/c/Users/ander/Desktop/airflow-spark/airflow-spark/curso2/ambientX/lib/python3.9/site-packages/airflow/example_dags/example_python_decorator.py
[2025-01-26T11:15:09.246-0300] {processor.py:914} INFO - Processing file /mnt/c/Users/ander/Desktop/airflow-spark/airflow-spark/curso2/ambientX/lib/python3.9/site-packages/airflow/example_dags/example_python_decorator.py for tasks to queue
[2025-01-26T11:15:09.247-0300] {logging_mixin.py:190} INFO - [2025-01-26T11:15:09.247-0300] {dagbag.py:588} INFO - Filling up the DagBag from /mnt/c/Users/ander/Desktop/airflow-spark/airflow-spark/curso2/ambientX/lib/python3.9/site-packages/airflow/example_dags/example_python_decorator.py
[2025-01-26T11:15:09.308-0300] {logging_mixin.py:190} INFO - [2025-01-26T11:15:09.308-0300] {example_python_decorator.py:80} WARNING - The virtalenv_python example task requires virtualenv, please install it.
[2025-01-26T11:15:09.309-0300] {processor.py:925} INFO - DAG(s) 'example_python_decorator' retrieved from /mnt/c/Users/ander/Desktop/airflow-spark/airflow-spark/curso2/ambientX/lib/python3.9/site-packages/airflow/example_dags/example_python_decorator.py
[2025-01-26T11:15:09.357-0300] {logging_mixin.py:190} INFO - [2025-01-26T11:15:09.357-0300] {dag.py:3239} INFO - Sync 1 DAGs
[2025-01-26T11:15:09.384-0300] {logging_mixin.py:190} INFO - [2025-01-26T11:15:09.384-0300] {dag.py:4180} INFO - Setting next_dagrun for example_python_decorator to None, run_after=None
[2025-01-26T11:15:10.064-0300] {processor.py:208} INFO - Processing /mnt/c/Users/ander/Desktop/airflow-spark/airflow-spark/curso2/ambientX/lib/python3.9/site-packages/airflow/example_dags/example_python_decorator.py took 0.836 seconds
[2025-01-26T11:17:00.282-0300] {processor.py:186} INFO - Started process (PID=18675) to work on /mnt/c/Users/ander/Desktop/airflow-spark/airflow-spark/curso2/ambientX/lib/python3.9/site-packages/airflow/example_dags/example_python_decorator.py
[2025-01-26T11:17:00.284-0300] {processor.py:914} INFO - Processing file /mnt/c/Users/ander/Desktop/airflow-spark/airflow-spark/curso2/ambientX/lib/python3.9/site-packages/airflow/example_dags/example_python_decorator.py for tasks to queue
[2025-01-26T11:17:00.286-0300] {logging_mixin.py:190} INFO - [2025-01-26T11:17:00.285-0300] {dagbag.py:588} INFO - Filling up the DagBag from /mnt/c/Users/ander/Desktop/airflow-spark/airflow-spark/curso2/ambientX/lib/python3.9/site-packages/airflow/example_dags/example_python_decorator.py
[2025-01-26T11:17:00.356-0300] {logging_mixin.py:190} INFO - [2025-01-26T11:17:00.355-0300] {example_python_decorator.py:80} WARNING - The virtalenv_python example task requires virtualenv, please install it.
[2025-01-26T11:17:00.357-0300] {processor.py:925} INFO - DAG(s) 'example_python_decorator' retrieved from /mnt/c/Users/ander/Desktop/airflow-spark/airflow-spark/curso2/ambientX/lib/python3.9/site-packages/airflow/example_dags/example_python_decorator.py
[2025-01-26T11:17:00.400-0300] {logging_mixin.py:190} INFO - [2025-01-26T11:17:00.399-0300] {dag.py:3239} INFO - Sync 1 DAGs
[2025-01-26T11:17:00.420-0300] {logging_mixin.py:190} INFO - [2025-01-26T11:17:00.420-0300] {dag.py:4180} INFO - Setting next_dagrun for example_python_decorator to None, run_after=None
[2025-01-26T11:17:00.534-0300] {processor.py:208} INFO - Processing /mnt/c/Users/ander/Desktop/airflow-spark/airflow-spark/curso2/ambientX/lib/python3.9/site-packages/airflow/example_dags/example_python_decorator.py took 0.272 seconds
[2025-01-26T11:18:38.839-0300] {processor.py:186} INFO - Started process (PID=19089) to work on /mnt/c/Users/ander/Desktop/airflow-spark/airflow-spark/curso2/ambientX/lib/python3.9/site-packages/airflow/example_dags/example_python_decorator.py
[2025-01-26T11:18:38.841-0300] {processor.py:914} INFO - Processing file /mnt/c/Users/ander/Desktop/airflow-spark/airflow-spark/curso2/ambientX/lib/python3.9/site-packages/airflow/example_dags/example_python_decorator.py for tasks to queue
[2025-01-26T11:18:38.843-0300] {logging_mixin.py:190} INFO - [2025-01-26T11:18:38.842-0300] {dagbag.py:588} INFO - Filling up the DagBag from /mnt/c/Users/ander/Desktop/airflow-spark/airflow-spark/curso2/ambientX/lib/python3.9/site-packages/airflow/example_dags/example_python_decorator.py
[2025-01-26T11:18:38.901-0300] {logging_mixin.py:190} INFO - [2025-01-26T11:18:38.901-0300] {example_python_decorator.py:80} WARNING - The virtalenv_python example task requires virtualenv, please install it.
[2025-01-26T11:18:38.902-0300] {processor.py:925} INFO - DAG(s) 'example_python_decorator' retrieved from /mnt/c/Users/ander/Desktop/airflow-spark/airflow-spark/curso2/ambientX/lib/python3.9/site-packages/airflow/example_dags/example_python_decorator.py
[2025-01-26T11:18:38.940-0300] {logging_mixin.py:190} INFO - [2025-01-26T11:18:38.940-0300] {dag.py:3239} INFO - Sync 1 DAGs
[2025-01-26T11:18:38.962-0300] {logging_mixin.py:190} INFO - [2025-01-26T11:18:38.962-0300] {dag.py:4180} INFO - Setting next_dagrun for example_python_decorator to None, run_after=None
[2025-01-26T11:18:39.081-0300] {processor.py:208} INFO - Processing /mnt/c/Users/ander/Desktop/airflow-spark/airflow-spark/curso2/ambientX/lib/python3.9/site-packages/airflow/example_dags/example_python_decorator.py took 0.257 seconds
[2025-01-26T11:20:20.123-0300] {processor.py:186} INFO - Started process (PID=19566) to work on /mnt/c/Users/ander/Desktop/airflow-spark/airflow-spark/curso2/ambientX/lib/python3.9/site-packages/airflow/example_dags/example_python_decorator.py
[2025-01-26T11:20:20.124-0300] {processor.py:914} INFO - Processing file /mnt/c/Users/ander/Desktop/airflow-spark/airflow-spark/curso2/ambientX/lib/python3.9/site-packages/airflow/example_dags/example_python_decorator.py for tasks to queue
[2025-01-26T11:20:20.126-0300] {logging_mixin.py:190} INFO - [2025-01-26T11:20:20.126-0300] {dagbag.py:588} INFO - Filling up the DagBag from /mnt/c/Users/ander/Desktop/airflow-spark/airflow-spark/curso2/ambientX/lib/python3.9/site-packages/airflow/example_dags/example_python_decorator.py
[2025-01-26T11:20:20.187-0300] {logging_mixin.py:190} INFO - [2025-01-26T11:20:20.187-0300] {example_python_decorator.py:80} WARNING - The virtalenv_python example task requires virtualenv, please install it.
[2025-01-26T11:20:20.188-0300] {processor.py:925} INFO - DAG(s) 'example_python_decorator' retrieved from /mnt/c/Users/ander/Desktop/airflow-spark/airflow-spark/curso2/ambientX/lib/python3.9/site-packages/airflow/example_dags/example_python_decorator.py
[2025-01-26T11:20:20.233-0300] {logging_mixin.py:190} INFO - [2025-01-26T11:20:20.233-0300] {dag.py:3239} INFO - Sync 1 DAGs
[2025-01-26T11:20:20.253-0300] {logging_mixin.py:190} INFO - [2025-01-26T11:20:20.252-0300] {dag.py:4180} INFO - Setting next_dagrun for example_python_decorator to None, run_after=None
[2025-01-26T11:20:21.081-0300] {processor.py:208} INFO - Processing /mnt/c/Users/ander/Desktop/airflow-spark/airflow-spark/curso2/ambientX/lib/python3.9/site-packages/airflow/example_dags/example_python_decorator.py took 0.976 seconds
[2025-01-26T11:22:19.667-0300] {processor.py:186} INFO - Started process (PID=20037) to work on /mnt/c/Users/ander/Desktop/airflow-spark/airflow-spark/curso2/ambientX/lib/python3.9/site-packages/airflow/example_dags/example_python_decorator.py
[2025-01-26T11:22:19.669-0300] {processor.py:914} INFO - Processing file /mnt/c/Users/ander/Desktop/airflow-spark/airflow-spark/curso2/ambientX/lib/python3.9/site-packages/airflow/example_dags/example_python_decorator.py for tasks to queue
[2025-01-26T11:22:19.672-0300] {logging_mixin.py:190} INFO - [2025-01-26T11:22:19.671-0300] {dagbag.py:588} INFO - Filling up the DagBag from /mnt/c/Users/ander/Desktop/airflow-spark/airflow-spark/curso2/ambientX/lib/python3.9/site-packages/airflow/example_dags/example_python_decorator.py
[2025-01-26T11:22:19.728-0300] {logging_mixin.py:190} INFO - [2025-01-26T11:22:19.728-0300] {example_python_decorator.py:80} WARNING - The virtalenv_python example task requires virtualenv, please install it.
[2025-01-26T11:22:19.729-0300] {processor.py:925} INFO - DAG(s) 'example_python_decorator' retrieved from /mnt/c/Users/ander/Desktop/airflow-spark/airflow-spark/curso2/ambientX/lib/python3.9/site-packages/airflow/example_dags/example_python_decorator.py
[2025-01-26T11:22:19.766-0300] {logging_mixin.py:190} INFO - [2025-01-26T11:22:19.766-0300] {dag.py:3239} INFO - Sync 1 DAGs
[2025-01-26T11:22:19.787-0300] {logging_mixin.py:190} INFO - [2025-01-26T11:22:19.787-0300] {dag.py:4180} INFO - Setting next_dagrun for example_python_decorator to None, run_after=None
[2025-01-26T11:22:19.857-0300] {processor.py:208} INFO - Processing /mnt/c/Users/ander/Desktop/airflow-spark/airflow-spark/curso2/ambientX/lib/python3.9/site-packages/airflow/example_dags/example_python_decorator.py took 0.208 seconds
[2025-01-26T11:23:50.785-0300] {processor.py:186} INFO - Started process (PID=20376) to work on /mnt/c/Users/ander/Desktop/airflow-spark/airflow-spark/curso2/ambientX/lib/python3.9/site-packages/airflow/example_dags/example_python_decorator.py
[2025-01-26T11:23:50.787-0300] {processor.py:914} INFO - Processing file /mnt/c/Users/ander/Desktop/airflow-spark/airflow-spark/curso2/ambientX/lib/python3.9/site-packages/airflow/example_dags/example_python_decorator.py for tasks to queue
[2025-01-26T11:23:50.789-0300] {logging_mixin.py:190} INFO - [2025-01-26T11:23:50.788-0300] {dagbag.py:588} INFO - Filling up the DagBag from /mnt/c/Users/ander/Desktop/airflow-spark/airflow-spark/curso2/ambientX/lib/python3.9/site-packages/airflow/example_dags/example_python_decorator.py
[2025-01-26T11:23:50.865-0300] {logging_mixin.py:190} INFO - [2025-01-26T11:23:50.864-0300] {example_python_decorator.py:80} WARNING - The virtalenv_python example task requires virtualenv, please install it.
[2025-01-26T11:23:50.866-0300] {processor.py:925} INFO - DAG(s) 'example_python_decorator' retrieved from /mnt/c/Users/ander/Desktop/airflow-spark/airflow-spark/curso2/ambientX/lib/python3.9/site-packages/airflow/example_dags/example_python_decorator.py
[2025-01-26T11:23:50.909-0300] {logging_mixin.py:190} INFO - [2025-01-26T11:23:50.909-0300] {dag.py:3239} INFO - Sync 1 DAGs
[2025-01-26T11:23:50.929-0300] {logging_mixin.py:190} INFO - [2025-01-26T11:23:50.929-0300] {dag.py:4180} INFO - Setting next_dagrun for example_python_decorator to None, run_after=None
[2025-01-26T11:23:51.010-0300] {processor.py:208} INFO - Processing /mnt/c/Users/ander/Desktop/airflow-spark/airflow-spark/curso2/ambientX/lib/python3.9/site-packages/airflow/example_dags/example_python_decorator.py took 0.244 seconds
[2025-01-26T11:26:15.784-0300] {processor.py:186} INFO - Started process (PID=21201) to work on /mnt/c/Users/ander/Desktop/airflow-spark/airflow-spark/curso2/ambientX/lib/python3.9/site-packages/airflow/example_dags/example_python_decorator.py
[2025-01-26T11:26:15.786-0300] {processor.py:914} INFO - Processing file /mnt/c/Users/ander/Desktop/airflow-spark/airflow-spark/curso2/ambientX/lib/python3.9/site-packages/airflow/example_dags/example_python_decorator.py for tasks to queue
[2025-01-26T11:26:15.788-0300] {logging_mixin.py:190} INFO - [2025-01-26T11:26:15.787-0300] {dagbag.py:588} INFO - Filling up the DagBag from /mnt/c/Users/ander/Desktop/airflow-spark/airflow-spark/curso2/ambientX/lib/python3.9/site-packages/airflow/example_dags/example_python_decorator.py
[2025-01-26T11:26:15.866-0300] {logging_mixin.py:190} INFO - [2025-01-26T11:26:15.865-0300] {example_python_decorator.py:80} WARNING - The virtalenv_python example task requires virtualenv, please install it.
[2025-01-26T11:26:15.899-0300] {processor.py:925} INFO - DAG(s) 'example_python_decorator' retrieved from /mnt/c/Users/ander/Desktop/airflow-spark/airflow-spark/curso2/ambientX/lib/python3.9/site-packages/airflow/example_dags/example_python_decorator.py
[2025-01-26T11:26:15.940-0300] {logging_mixin.py:190} INFO - [2025-01-26T11:26:15.940-0300] {dag.py:3239} INFO - Sync 1 DAGs
[2025-01-26T11:26:15.961-0300] {logging_mixin.py:190} INFO - [2025-01-26T11:26:15.960-0300] {dag.py:4180} INFO - Setting next_dagrun for example_python_decorator to None, run_after=None
[2025-01-26T11:26:16.508-0300] {processor.py:208} INFO - Processing /mnt/c/Users/ander/Desktop/airflow-spark/airflow-spark/curso2/ambientX/lib/python3.9/site-packages/airflow/example_dags/example_python_decorator.py took 0.742 seconds
[2025-01-26T11:28:37.661-0300] {processor.py:186} INFO - Started process (PID=21887) to work on /mnt/c/Users/ander/Desktop/airflow-spark/airflow-spark/curso2/ambientX/lib/python3.9/site-packages/airflow/example_dags/example_python_decorator.py
[2025-01-26T11:28:37.663-0300] {processor.py:914} INFO - Processing file /mnt/c/Users/ander/Desktop/airflow-spark/airflow-spark/curso2/ambientX/lib/python3.9/site-packages/airflow/example_dags/example_python_decorator.py for tasks to queue
[2025-01-26T11:28:37.665-0300] {logging_mixin.py:190} INFO - [2025-01-26T11:28:37.664-0300] {dagbag.py:588} INFO - Filling up the DagBag from /mnt/c/Users/ander/Desktop/airflow-spark/airflow-spark/curso2/ambientX/lib/python3.9/site-packages/airflow/example_dags/example_python_decorator.py
[2025-01-26T11:28:37.723-0300] {logging_mixin.py:190} INFO - [2025-01-26T11:28:37.723-0300] {example_python_decorator.py:80} WARNING - The virtalenv_python example task requires virtualenv, please install it.
[2025-01-26T11:28:37.724-0300] {processor.py:925} INFO - DAG(s) 'example_python_decorator' retrieved from /mnt/c/Users/ander/Desktop/airflow-spark/airflow-spark/curso2/ambientX/lib/python3.9/site-packages/airflow/example_dags/example_python_decorator.py
[2025-01-26T11:28:37.764-0300] {logging_mixin.py:190} INFO - [2025-01-26T11:28:37.764-0300] {dag.py:3239} INFO - Sync 1 DAGs
[2025-01-26T11:28:37.784-0300] {logging_mixin.py:190} INFO - [2025-01-26T11:28:37.784-0300] {dag.py:4180} INFO - Setting next_dagrun for example_python_decorator to None, run_after=None
[2025-01-26T11:28:37.858-0300] {processor.py:208} INFO - Processing /mnt/c/Users/ander/Desktop/airflow-spark/airflow-spark/curso2/ambientX/lib/python3.9/site-packages/airflow/example_dags/example_python_decorator.py took 0.214 seconds
[2025-01-26T11:31:31.262-0300] {processor.py:186} INFO - Started process (PID=22782) to work on /mnt/c/Users/ander/Desktop/airflow-spark/airflow-spark/curso2/ambientX/lib/python3.9/site-packages/airflow/example_dags/example_python_decorator.py
[2025-01-26T11:31:31.264-0300] {processor.py:914} INFO - Processing file /mnt/c/Users/ander/Desktop/airflow-spark/airflow-spark/curso2/ambientX/lib/python3.9/site-packages/airflow/example_dags/example_python_decorator.py for tasks to queue
[2025-01-26T11:31:31.266-0300] {logging_mixin.py:190} INFO - [2025-01-26T11:31:31.265-0300] {dagbag.py:588} INFO - Filling up the DagBag from /mnt/c/Users/ander/Desktop/airflow-spark/airflow-spark/curso2/ambientX/lib/python3.9/site-packages/airflow/example_dags/example_python_decorator.py
[2025-01-26T11:31:31.337-0300] {logging_mixin.py:190} INFO - [2025-01-26T11:31:31.337-0300] {example_python_decorator.py:80} WARNING - The virtalenv_python example task requires virtualenv, please install it.
[2025-01-26T11:31:31.338-0300] {processor.py:925} INFO - DAG(s) 'example_python_decorator' retrieved from /mnt/c/Users/ander/Desktop/airflow-spark/airflow-spark/curso2/ambientX/lib/python3.9/site-packages/airflow/example_dags/example_python_decorator.py
[2025-01-26T11:31:31.382-0300] {logging_mixin.py:190} INFO - [2025-01-26T11:31:31.382-0300] {dag.py:3239} INFO - Sync 1 DAGs
[2025-01-26T11:31:31.401-0300] {logging_mixin.py:190} INFO - [2025-01-26T11:31:31.400-0300] {dag.py:4180} INFO - Setting next_dagrun for example_python_decorator to None, run_after=None
[2025-01-26T11:31:32.275-0300] {processor.py:208} INFO - Processing /mnt/c/Users/ander/Desktop/airflow-spark/airflow-spark/curso2/ambientX/lib/python3.9/site-packages/airflow/example_dags/example_python_decorator.py took 1.031 seconds
[2025-01-26T11:34:02.587-0300] {processor.py:186} INFO - Started process (PID=23438) to work on /mnt/c/Users/ander/Desktop/airflow-spark/airflow-spark/curso2/ambientX/lib/python3.9/site-packages/airflow/example_dags/example_python_decorator.py
[2025-01-26T11:34:02.588-0300] {processor.py:914} INFO - Processing file /mnt/c/Users/ander/Desktop/airflow-spark/airflow-spark/curso2/ambientX/lib/python3.9/site-packages/airflow/example_dags/example_python_decorator.py for tasks to queue
[2025-01-26T11:34:02.590-0300] {logging_mixin.py:190} INFO - [2025-01-26T11:34:02.590-0300] {dagbag.py:588} INFO - Filling up the DagBag from /mnt/c/Users/ander/Desktop/airflow-spark/airflow-spark/curso2/ambientX/lib/python3.9/site-packages/airflow/example_dags/example_python_decorator.py
[2025-01-26T11:34:02.656-0300] {logging_mixin.py:190} INFO - [2025-01-26T11:34:02.656-0300] {example_python_decorator.py:80} WARNING - The virtalenv_python example task requires virtualenv, please install it.
[2025-01-26T11:34:02.658-0300] {processor.py:925} INFO - DAG(s) 'example_python_decorator' retrieved from /mnt/c/Users/ander/Desktop/airflow-spark/airflow-spark/curso2/ambientX/lib/python3.9/site-packages/airflow/example_dags/example_python_decorator.py
[2025-01-26T11:34:02.700-0300] {logging_mixin.py:190} INFO - [2025-01-26T11:34:02.699-0300] {dag.py:3239} INFO - Sync 1 DAGs
[2025-01-26T11:34:02.719-0300] {logging_mixin.py:190} INFO - [2025-01-26T11:34:02.718-0300] {dag.py:4180} INFO - Setting next_dagrun for example_python_decorator to None, run_after=None
[2025-01-26T11:34:02.777-0300] {processor.py:208} INFO - Processing /mnt/c/Users/ander/Desktop/airflow-spark/airflow-spark/curso2/ambientX/lib/python3.9/site-packages/airflow/example_dags/example_python_decorator.py took 0.207 seconds
[2025-01-26T11:35:43.436-0300] {processor.py:186} INFO - Started process (PID=24004) to work on /mnt/c/Users/ander/Desktop/airflow-spark/airflow-spark/curso2/ambientX/lib/python3.9/site-packages/airflow/example_dags/example_python_decorator.py
[2025-01-26T11:35:43.437-0300] {processor.py:914} INFO - Processing file /mnt/c/Users/ander/Desktop/airflow-spark/airflow-spark/curso2/ambientX/lib/python3.9/site-packages/airflow/example_dags/example_python_decorator.py for tasks to queue
[2025-01-26T11:35:43.439-0300] {logging_mixin.py:190} INFO - [2025-01-26T11:35:43.439-0300] {dagbag.py:588} INFO - Filling up the DagBag from /mnt/c/Users/ander/Desktop/airflow-spark/airflow-spark/curso2/ambientX/lib/python3.9/site-packages/airflow/example_dags/example_python_decorator.py
[2025-01-26T11:35:43.498-0300] {logging_mixin.py:190} INFO - [2025-01-26T11:35:43.498-0300] {example_python_decorator.py:80} WARNING - The virtalenv_python example task requires virtualenv, please install it.
[2025-01-26T11:35:43.499-0300] {processor.py:925} INFO - DAG(s) 'example_python_decorator' retrieved from /mnt/c/Users/ander/Desktop/airflow-spark/airflow-spark/curso2/ambientX/lib/python3.9/site-packages/airflow/example_dags/example_python_decorator.py
[2025-01-26T11:35:43.539-0300] {logging_mixin.py:190} INFO - [2025-01-26T11:35:43.539-0300] {dag.py:3239} INFO - Sync 1 DAGs
[2025-01-26T11:35:43.559-0300] {logging_mixin.py:190} INFO - [2025-01-26T11:35:43.558-0300] {dag.py:4180} INFO - Setting next_dagrun for example_python_decorator to None, run_after=None
[2025-01-26T11:35:43.620-0300] {processor.py:208} INFO - Processing /mnt/c/Users/ander/Desktop/airflow-spark/airflow-spark/curso2/ambientX/lib/python3.9/site-packages/airflow/example_dags/example_python_decorator.py took 0.201 seconds
[2025-01-26T11:37:26.797-0300] {processor.py:186} INFO - Started process (PID=24464) to work on /mnt/c/Users/ander/Desktop/airflow-spark/airflow-spark/curso2/ambientX/lib/python3.9/site-packages/airflow/example_dags/example_python_decorator.py
[2025-01-26T11:37:26.798-0300] {processor.py:914} INFO - Processing file /mnt/c/Users/ander/Desktop/airflow-spark/airflow-spark/curso2/ambientX/lib/python3.9/site-packages/airflow/example_dags/example_python_decorator.py for tasks to queue
[2025-01-26T11:37:26.800-0300] {logging_mixin.py:190} INFO - [2025-01-26T11:37:26.800-0300] {dagbag.py:588} INFO - Filling up the DagBag from /mnt/c/Users/ander/Desktop/airflow-spark/airflow-spark/curso2/ambientX/lib/python3.9/site-packages/airflow/example_dags/example_python_decorator.py
[2025-01-26T11:37:26.873-0300] {logging_mixin.py:190} INFO - [2025-01-26T11:37:26.873-0300] {example_python_decorator.py:80} WARNING - The virtalenv_python example task requires virtualenv, please install it.
[2025-01-26T11:37:26.874-0300] {processor.py:925} INFO - DAG(s) 'example_python_decorator' retrieved from /mnt/c/Users/ander/Desktop/airflow-spark/airflow-spark/curso2/ambientX/lib/python3.9/site-packages/airflow/example_dags/example_python_decorator.py
[2025-01-26T11:37:26.917-0300] {logging_mixin.py:190} INFO - [2025-01-26T11:37:26.917-0300] {dag.py:3239} INFO - Sync 1 DAGs
[2025-01-26T11:37:26.938-0300] {logging_mixin.py:190} INFO - [2025-01-26T11:37:26.938-0300] {dag.py:4180} INFO - Setting next_dagrun for example_python_decorator to None, run_after=None
[2025-01-26T11:37:27.026-0300] {processor.py:208} INFO - Processing /mnt/c/Users/ander/Desktop/airflow-spark/airflow-spark/curso2/ambientX/lib/python3.9/site-packages/airflow/example_dags/example_python_decorator.py took 0.248 seconds
[2025-01-26T11:39:07.722-0300] {processor.py:186} INFO - Started process (PID=24916) to work on /mnt/c/Users/ander/Desktop/airflow-spark/airflow-spark/curso2/ambientX/lib/python3.9/site-packages/airflow/example_dags/example_python_decorator.py
[2025-01-26T11:39:07.724-0300] {processor.py:914} INFO - Processing file /mnt/c/Users/ander/Desktop/airflow-spark/airflow-spark/curso2/ambientX/lib/python3.9/site-packages/airflow/example_dags/example_python_decorator.py for tasks to queue
[2025-01-26T11:39:07.726-0300] {logging_mixin.py:190} INFO - [2025-01-26T11:39:07.725-0300] {dagbag.py:588} INFO - Filling up the DagBag from /mnt/c/Users/ander/Desktop/airflow-spark/airflow-spark/curso2/ambientX/lib/python3.9/site-packages/airflow/example_dags/example_python_decorator.py
[2025-01-26T11:39:07.790-0300] {logging_mixin.py:190} INFO - [2025-01-26T11:39:07.790-0300] {example_python_decorator.py:80} WARNING - The virtalenv_python example task requires virtualenv, please install it.
[2025-01-26T11:39:07.791-0300] {processor.py:925} INFO - DAG(s) 'example_python_decorator' retrieved from /mnt/c/Users/ander/Desktop/airflow-spark/airflow-spark/curso2/ambientX/lib/python3.9/site-packages/airflow/example_dags/example_python_decorator.py
[2025-01-26T11:39:07.830-0300] {logging_mixin.py:190} INFO - [2025-01-26T11:39:07.830-0300] {dag.py:3239} INFO - Sync 1 DAGs
[2025-01-26T11:39:07.850-0300] {logging_mixin.py:190} INFO - [2025-01-26T11:39:07.849-0300] {dag.py:4180} INFO - Setting next_dagrun for example_python_decorator to None, run_after=None
[2025-01-26T11:39:07.913-0300] {processor.py:208} INFO - Processing /mnt/c/Users/ander/Desktop/airflow-spark/airflow-spark/curso2/ambientX/lib/python3.9/site-packages/airflow/example_dags/example_python_decorator.py took 0.208 seconds
[2025-01-26T11:40:44.163-0300] {processor.py:186} INFO - Started process (PID=25409) to work on /mnt/c/Users/ander/Desktop/airflow-spark/airflow-spark/curso2/ambientX/lib/python3.9/site-packages/airflow/example_dags/example_python_decorator.py
[2025-01-26T11:40:44.165-0300] {processor.py:914} INFO - Processing file /mnt/c/Users/ander/Desktop/airflow-spark/airflow-spark/curso2/ambientX/lib/python3.9/site-packages/airflow/example_dags/example_python_decorator.py for tasks to queue
[2025-01-26T11:40:44.167-0300] {logging_mixin.py:190} INFO - [2025-01-26T11:40:44.166-0300] {dagbag.py:588} INFO - Filling up the DagBag from /mnt/c/Users/ander/Desktop/airflow-spark/airflow-spark/curso2/ambientX/lib/python3.9/site-packages/airflow/example_dags/example_python_decorator.py
[2025-01-26T11:40:44.236-0300] {logging_mixin.py:190} INFO - [2025-01-26T11:40:44.236-0300] {example_python_decorator.py:80} WARNING - The virtalenv_python example task requires virtualenv, please install it.
[2025-01-26T11:40:44.237-0300] {processor.py:925} INFO - DAG(s) 'example_python_decorator' retrieved from /mnt/c/Users/ander/Desktop/airflow-spark/airflow-spark/curso2/ambientX/lib/python3.9/site-packages/airflow/example_dags/example_python_decorator.py
[2025-01-26T11:40:44.279-0300] {logging_mixin.py:190} INFO - [2025-01-26T11:40:44.279-0300] {dag.py:3239} INFO - Sync 1 DAGs
[2025-01-26T11:40:44.300-0300] {logging_mixin.py:190} INFO - [2025-01-26T11:40:44.299-0300] {dag.py:4180} INFO - Setting next_dagrun for example_python_decorator to None, run_after=None
[2025-01-26T11:40:44.367-0300] {processor.py:208} INFO - Processing /mnt/c/Users/ander/Desktop/airflow-spark/airflow-spark/curso2/ambientX/lib/python3.9/site-packages/airflow/example_dags/example_python_decorator.py took 0.222 seconds
[2025-01-26T11:42:26.687-0300] {processor.py:186} INFO - Started process (PID=25990) to work on /mnt/c/Users/ander/Desktop/airflow-spark/airflow-spark/curso2/ambientX/lib/python3.9/site-packages/airflow/example_dags/example_python_decorator.py
[2025-01-26T11:42:26.688-0300] {processor.py:914} INFO - Processing file /mnt/c/Users/ander/Desktop/airflow-spark/airflow-spark/curso2/ambientX/lib/python3.9/site-packages/airflow/example_dags/example_python_decorator.py for tasks to queue
[2025-01-26T11:42:26.690-0300] {logging_mixin.py:190} INFO - [2025-01-26T11:42:26.690-0300] {dagbag.py:588} INFO - Filling up the DagBag from /mnt/c/Users/ander/Desktop/airflow-spark/airflow-spark/curso2/ambientX/lib/python3.9/site-packages/airflow/example_dags/example_python_decorator.py
[2025-01-26T11:42:26.750-0300] {logging_mixin.py:190} INFO - [2025-01-26T11:42:26.750-0300] {example_python_decorator.py:80} WARNING - The virtalenv_python example task requires virtualenv, please install it.
[2025-01-26T11:42:26.751-0300] {processor.py:925} INFO - DAG(s) 'example_python_decorator' retrieved from /mnt/c/Users/ander/Desktop/airflow-spark/airflow-spark/curso2/ambientX/lib/python3.9/site-packages/airflow/example_dags/example_python_decorator.py
[2025-01-26T11:42:26.796-0300] {logging_mixin.py:190} INFO - [2025-01-26T11:42:26.796-0300] {dag.py:3239} INFO - Sync 1 DAGs
[2025-01-26T11:42:26.817-0300] {logging_mixin.py:190} INFO - [2025-01-26T11:42:26.816-0300] {dag.py:4180} INFO - Setting next_dagrun for example_python_decorator to None, run_after=None
[2025-01-26T11:42:26.878-0300] {processor.py:208} INFO - Processing /mnt/c/Users/ander/Desktop/airflow-spark/airflow-spark/curso2/ambientX/lib/python3.9/site-packages/airflow/example_dags/example_python_decorator.py took 0.209 seconds
[2025-01-26T11:44:14.503-0300] {processor.py:186} INFO - Started process (PID=26471) to work on /mnt/c/Users/ander/Desktop/airflow-spark/airflow-spark/curso2/ambientX/lib/python3.9/site-packages/airflow/example_dags/example_python_decorator.py
[2025-01-26T11:44:14.505-0300] {processor.py:914} INFO - Processing file /mnt/c/Users/ander/Desktop/airflow-spark/airflow-spark/curso2/ambientX/lib/python3.9/site-packages/airflow/example_dags/example_python_decorator.py for tasks to queue
[2025-01-26T11:44:14.506-0300] {logging_mixin.py:190} INFO - [2025-01-26T11:44:14.506-0300] {dagbag.py:588} INFO - Filling up the DagBag from /mnt/c/Users/ander/Desktop/airflow-spark/airflow-spark/curso2/ambientX/lib/python3.9/site-packages/airflow/example_dags/example_python_decorator.py
[2025-01-26T11:44:14.562-0300] {logging_mixin.py:190} INFO - [2025-01-26T11:44:14.562-0300] {example_python_decorator.py:80} WARNING - The virtalenv_python example task requires virtualenv, please install it.
[2025-01-26T11:44:14.563-0300] {processor.py:925} INFO - DAG(s) 'example_python_decorator' retrieved from /mnt/c/Users/ander/Desktop/airflow-spark/airflow-spark/curso2/ambientX/lib/python3.9/site-packages/airflow/example_dags/example_python_decorator.py
[2025-01-26T11:44:14.602-0300] {logging_mixin.py:190} INFO - [2025-01-26T11:44:14.602-0300] {dag.py:3239} INFO - Sync 1 DAGs
[2025-01-26T11:44:14.622-0300] {logging_mixin.py:190} INFO - [2025-01-26T11:44:14.622-0300] {dag.py:4180} INFO - Setting next_dagrun for example_python_decorator to None, run_after=None
[2025-01-26T11:44:14.687-0300] {processor.py:208} INFO - Processing /mnt/c/Users/ander/Desktop/airflow-spark/airflow-spark/curso2/ambientX/lib/python3.9/site-packages/airflow/example_dags/example_python_decorator.py took 0.200 seconds
