[2025-01-26T10:25:34.501-0300] {processor.py:186} INFO - Started process (PID=2204) to work on /mnt/c/Users/ander/Desktop/airflow-spark/airflow-spark/curso2/ambientX/lib/python3.9/site-packages/airflow/example_dags/example_short_circuit_decorator.py
[2025-01-26T10:25:34.504-0300] {processor.py:914} INFO - Processing file /mnt/c/Users/ander/Desktop/airflow-spark/airflow-spark/curso2/ambientX/lib/python3.9/site-packages/airflow/example_dags/example_short_circuit_decorator.py for tasks to queue
[2025-01-26T10:25:34.507-0300] {logging_mixin.py:190} INFO - [2025-01-26T10:25:34.507-0300] {dagbag.py:588} INFO - Filling up the DagBag from /mnt/c/Users/ander/Desktop/airflow-spark/airflow-spark/curso2/ambientX/lib/python3.9/site-packages/airflow/example_dags/example_short_circuit_decorator.py
[2025-01-26T10:25:34.633-0300] {processor.py:925} INFO - DAG(s) 'example_short_circuit_decorator' retrieved from /mnt/c/Users/ander/Desktop/airflow-spark/airflow-spark/curso2/ambientX/lib/python3.9/site-packages/airflow/example_dags/example_short_circuit_decorator.py
[2025-01-26T10:25:34.714-0300] {logging_mixin.py:190} INFO - [2025-01-26T10:25:34.713-0300] {dag.py:3239} INFO - Sync 1 DAGs
[2025-01-26T10:25:34.768-0300] {logging_mixin.py:190} INFO - [2025-01-26T10:25:34.768-0300] {dag.py:4180} INFO - Setting next_dagrun for example_short_circuit_decorator to None, run_after=None
[2025-01-26T10:25:35.026-0300] {processor.py:208} INFO - Processing /mnt/c/Users/ander/Desktop/airflow-spark/airflow-spark/curso2/ambientX/lib/python3.9/site-packages/airflow/example_dags/example_short_circuit_decorator.py took 0.543 seconds
[2025-01-26T10:38:46.089-0300] {processor.py:186} INFO - Started process (PID=8098) to work on /mnt/c/Users/ander/Desktop/airflow-spark/airflow-spark/curso2/ambientX/lib/python3.9/site-packages/airflow/example_dags/example_short_circuit_decorator.py
[2025-01-26T10:38:46.090-0300] {processor.py:914} INFO - Processing file /mnt/c/Users/ander/Desktop/airflow-spark/airflow-spark/curso2/ambientX/lib/python3.9/site-packages/airflow/example_dags/example_short_circuit_decorator.py for tasks to queue
[2025-01-26T10:38:46.094-0300] {logging_mixin.py:190} INFO - [2025-01-26T10:38:46.093-0300] {dagbag.py:588} INFO - Filling up the DagBag from /mnt/c/Users/ander/Desktop/airflow-spark/airflow-spark/curso2/ambientX/lib/python3.9/site-packages/airflow/example_dags/example_short_circuit_decorator.py
[2025-01-26T10:38:46.130-0300] {processor.py:925} INFO - DAG(s) 'example_short_circuit_decorator' retrieved from /mnt/c/Users/ander/Desktop/airflow-spark/airflow-spark/curso2/ambientX/lib/python3.9/site-packages/airflow/example_dags/example_short_circuit_decorator.py
[2025-01-26T10:38:46.197-0300] {logging_mixin.py:190} INFO - [2025-01-26T10:38:46.196-0300] {dag.py:3239} INFO - Sync 1 DAGs
[2025-01-26T10:38:46.220-0300] {logging_mixin.py:190} INFO - [2025-01-26T10:38:46.219-0300] {dag.py:4180} INFO - Setting next_dagrun for example_short_circuit_decorator to None, run_after=None
[2025-01-26T10:38:46.312-0300] {processor.py:208} INFO - Processing /mnt/c/Users/ander/Desktop/airflow-spark/airflow-spark/curso2/ambientX/lib/python3.9/site-packages/airflow/example_dags/example_short_circuit_decorator.py took 0.240 seconds
[2025-01-26T10:40:17.108-0300] {processor.py:186} INFO - Started process (PID=8468) to work on /mnt/c/Users/ander/Desktop/airflow-spark/airflow-spark/curso2/ambientX/lib/python3.9/site-packages/airflow/example_dags/example_short_circuit_decorator.py
[2025-01-26T10:40:17.109-0300] {processor.py:914} INFO - Processing file /mnt/c/Users/ander/Desktop/airflow-spark/airflow-spark/curso2/ambientX/lib/python3.9/site-packages/airflow/example_dags/example_short_circuit_decorator.py for tasks to queue
[2025-01-26T10:40:17.111-0300] {logging_mixin.py:190} INFO - [2025-01-26T10:40:17.111-0300] {dagbag.py:588} INFO - Filling up the DagBag from /mnt/c/Users/ander/Desktop/airflow-spark/airflow-spark/curso2/ambientX/lib/python3.9/site-packages/airflow/example_dags/example_short_circuit_decorator.py
[2025-01-26T10:40:17.152-0300] {processor.py:925} INFO - DAG(s) 'example_short_circuit_decorator' retrieved from /mnt/c/Users/ander/Desktop/airflow-spark/airflow-spark/curso2/ambientX/lib/python3.9/site-packages/airflow/example_dags/example_short_circuit_decorator.py
[2025-01-26T10:40:17.212-0300] {logging_mixin.py:190} INFO - [2025-01-26T10:40:17.211-0300] {dag.py:3239} INFO - Sync 1 DAGs
[2025-01-26T10:40:17.244-0300] {logging_mixin.py:190} INFO - [2025-01-26T10:40:17.244-0300] {dag.py:4180} INFO - Setting next_dagrun for example_short_circuit_decorator to None, run_after=None
[2025-01-26T10:40:17.698-0300] {processor.py:208} INFO - Processing /mnt/c/Users/ander/Desktop/airflow-spark/airflow-spark/curso2/ambientX/lib/python3.9/site-packages/airflow/example_dags/example_short_circuit_decorator.py took 0.615 seconds
[2025-01-26T10:42:04.952-0300] {processor.py:186} INFO - Started process (PID=9023) to work on /mnt/c/Users/ander/Desktop/airflow-spark/airflow-spark/curso2/ambientX/lib/python3.9/site-packages/airflow/example_dags/example_short_circuit_decorator.py
[2025-01-26T10:42:04.953-0300] {processor.py:914} INFO - Processing file /mnt/c/Users/ander/Desktop/airflow-spark/airflow-spark/curso2/ambientX/lib/python3.9/site-packages/airflow/example_dags/example_short_circuit_decorator.py for tasks to queue
[2025-01-26T10:42:04.958-0300] {logging_mixin.py:190} INFO - [2025-01-26T10:42:04.957-0300] {dagbag.py:588} INFO - Filling up the DagBag from /mnt/c/Users/ander/Desktop/airflow-spark/airflow-spark/curso2/ambientX/lib/python3.9/site-packages/airflow/example_dags/example_short_circuit_decorator.py
[2025-01-26T10:42:05.003-0300] {processor.py:925} INFO - DAG(s) 'example_short_circuit_decorator' retrieved from /mnt/c/Users/ander/Desktop/airflow-spark/airflow-spark/curso2/ambientX/lib/python3.9/site-packages/airflow/example_dags/example_short_circuit_decorator.py
[2025-01-26T10:42:05.050-0300] {logging_mixin.py:190} INFO - [2025-01-26T10:42:05.050-0300] {dag.py:3239} INFO - Sync 1 DAGs
[2025-01-26T10:42:05.070-0300] {logging_mixin.py:190} INFO - [2025-01-26T10:42:05.070-0300] {dag.py:4180} INFO - Setting next_dagrun for example_short_circuit_decorator to None, run_after=None
[2025-01-26T10:42:05.132-0300] {processor.py:208} INFO - Processing /mnt/c/Users/ander/Desktop/airflow-spark/airflow-spark/curso2/ambientX/lib/python3.9/site-packages/airflow/example_dags/example_short_circuit_decorator.py took 0.202 seconds
[2025-01-26T10:43:58.478-0300] {processor.py:186} INFO - Started process (PID=9471) to work on /mnt/c/Users/ander/Desktop/airflow-spark/airflow-spark/curso2/ambientX/lib/python3.9/site-packages/airflow/example_dags/example_short_circuit_decorator.py
[2025-01-26T10:43:58.480-0300] {processor.py:914} INFO - Processing file /mnt/c/Users/ander/Desktop/airflow-spark/airflow-spark/curso2/ambientX/lib/python3.9/site-packages/airflow/example_dags/example_short_circuit_decorator.py for tasks to queue
[2025-01-26T10:43:58.483-0300] {logging_mixin.py:190} INFO - [2025-01-26T10:43:58.482-0300] {dagbag.py:588} INFO - Filling up the DagBag from /mnt/c/Users/ander/Desktop/airflow-spark/airflow-spark/curso2/ambientX/lib/python3.9/site-packages/airflow/example_dags/example_short_circuit_decorator.py
[2025-01-26T10:43:58.512-0300] {processor.py:925} INFO - DAG(s) 'example_short_circuit_decorator' retrieved from /mnt/c/Users/ander/Desktop/airflow-spark/airflow-spark/curso2/ambientX/lib/python3.9/site-packages/airflow/example_dags/example_short_circuit_decorator.py
[2025-01-26T10:43:58.557-0300] {logging_mixin.py:190} INFO - [2025-01-26T10:43:58.557-0300] {dag.py:3239} INFO - Sync 1 DAGs
[2025-01-26T10:43:58.577-0300] {logging_mixin.py:190} INFO - [2025-01-26T10:43:58.577-0300] {dag.py:4180} INFO - Setting next_dagrun for example_short_circuit_decorator to None, run_after=None
[2025-01-26T10:43:58.799-0300] {processor.py:208} INFO - Processing /mnt/c/Users/ander/Desktop/airflow-spark/airflow-spark/curso2/ambientX/lib/python3.9/site-packages/airflow/example_dags/example_short_circuit_decorator.py took 0.342 seconds
[2025-01-26T10:45:54.139-0300] {processor.py:186} INFO - Started process (PID=9921) to work on /mnt/c/Users/ander/Desktop/airflow-spark/airflow-spark/curso2/ambientX/lib/python3.9/site-packages/airflow/example_dags/example_short_circuit_decorator.py
[2025-01-26T10:45:54.140-0300] {processor.py:914} INFO - Processing file /mnt/c/Users/ander/Desktop/airflow-spark/airflow-spark/curso2/ambientX/lib/python3.9/site-packages/airflow/example_dags/example_short_circuit_decorator.py for tasks to queue
[2025-01-26T10:45:54.142-0300] {logging_mixin.py:190} INFO - [2025-01-26T10:45:54.142-0300] {dagbag.py:588} INFO - Filling up the DagBag from /mnt/c/Users/ander/Desktop/airflow-spark/airflow-spark/curso2/ambientX/lib/python3.9/site-packages/airflow/example_dags/example_short_circuit_decorator.py
[2025-01-26T10:45:54.175-0300] {processor.py:925} INFO - DAG(s) 'example_short_circuit_decorator' retrieved from /mnt/c/Users/ander/Desktop/airflow-spark/airflow-spark/curso2/ambientX/lib/python3.9/site-packages/airflow/example_dags/example_short_circuit_decorator.py
[2025-01-26T10:45:54.219-0300] {logging_mixin.py:190} INFO - [2025-01-26T10:45:54.219-0300] {dag.py:3239} INFO - Sync 1 DAGs
[2025-01-26T10:45:54.239-0300] {logging_mixin.py:190} INFO - [2025-01-26T10:45:54.239-0300] {dag.py:4180} INFO - Setting next_dagrun for example_short_circuit_decorator to None, run_after=None
[2025-01-26T10:45:54.308-0300] {processor.py:208} INFO - Processing /mnt/c/Users/ander/Desktop/airflow-spark/airflow-spark/curso2/ambientX/lib/python3.9/site-packages/airflow/example_dags/example_short_circuit_decorator.py took 0.187 seconds
[2025-01-26T10:47:32.112-0300] {processor.py:186} INFO - Started process (PID=10396) to work on /mnt/c/Users/ander/Desktop/airflow-spark/airflow-spark/curso2/ambientX/lib/python3.9/site-packages/airflow/example_dags/example_short_circuit_decorator.py
[2025-01-26T10:47:32.116-0300] {processor.py:914} INFO - Processing file /mnt/c/Users/ander/Desktop/airflow-spark/airflow-spark/curso2/ambientX/lib/python3.9/site-packages/airflow/example_dags/example_short_circuit_decorator.py for tasks to queue
[2025-01-26T10:47:32.118-0300] {logging_mixin.py:190} INFO - [2025-01-26T10:47:32.117-0300] {dagbag.py:588} INFO - Filling up the DagBag from /mnt/c/Users/ander/Desktop/airflow-spark/airflow-spark/curso2/ambientX/lib/python3.9/site-packages/airflow/example_dags/example_short_circuit_decorator.py
[2025-01-26T10:47:32.150-0300] {processor.py:925} INFO - DAG(s) 'example_short_circuit_decorator' retrieved from /mnt/c/Users/ander/Desktop/airflow-spark/airflow-spark/curso2/ambientX/lib/python3.9/site-packages/airflow/example_dags/example_short_circuit_decorator.py
[2025-01-26T10:47:32.199-0300] {logging_mixin.py:190} INFO - [2025-01-26T10:47:32.198-0300] {dag.py:3239} INFO - Sync 1 DAGs
[2025-01-26T10:47:32.229-0300] {logging_mixin.py:190} INFO - [2025-01-26T10:47:32.229-0300] {dag.py:4180} INFO - Setting next_dagrun for example_short_circuit_decorator to None, run_after=None
[2025-01-26T10:47:32.305-0300] {processor.py:208} INFO - Processing /mnt/c/Users/ander/Desktop/airflow-spark/airflow-spark/curso2/ambientX/lib/python3.9/site-packages/airflow/example_dags/example_short_circuit_decorator.py took 0.211 seconds
[2025-01-26T10:49:30.105-0300] {processor.py:186} INFO - Started process (PID=10880) to work on /mnt/c/Users/ander/Desktop/airflow-spark/airflow-spark/curso2/ambientX/lib/python3.9/site-packages/airflow/example_dags/example_short_circuit_decorator.py
[2025-01-26T10:49:30.107-0300] {processor.py:914} INFO - Processing file /mnt/c/Users/ander/Desktop/airflow-spark/airflow-spark/curso2/ambientX/lib/python3.9/site-packages/airflow/example_dags/example_short_circuit_decorator.py for tasks to queue
[2025-01-26T10:49:30.110-0300] {logging_mixin.py:190} INFO - [2025-01-26T10:49:30.109-0300] {dagbag.py:588} INFO - Filling up the DagBag from /mnt/c/Users/ander/Desktop/airflow-spark/airflow-spark/curso2/ambientX/lib/python3.9/site-packages/airflow/example_dags/example_short_circuit_decorator.py
[2025-01-26T10:49:30.141-0300] {processor.py:925} INFO - DAG(s) 'example_short_circuit_decorator' retrieved from /mnt/c/Users/ander/Desktop/airflow-spark/airflow-spark/curso2/ambientX/lib/python3.9/site-packages/airflow/example_dags/example_short_circuit_decorator.py
[2025-01-26T10:49:30.186-0300] {logging_mixin.py:190} INFO - [2025-01-26T10:49:30.186-0300] {dag.py:3239} INFO - Sync 1 DAGs
[2025-01-26T10:49:30.211-0300] {logging_mixin.py:190} INFO - [2025-01-26T10:49:30.210-0300] {dag.py:4180} INFO - Setting next_dagrun for example_short_circuit_decorator to None, run_after=None
[2025-01-26T10:49:30.299-0300] {processor.py:208} INFO - Processing /mnt/c/Users/ander/Desktop/airflow-spark/airflow-spark/curso2/ambientX/lib/python3.9/site-packages/airflow/example_dags/example_short_circuit_decorator.py took 0.214 seconds
[2025-01-26T10:51:16.269-0300] {processor.py:186} INFO - Started process (PID=11326) to work on /mnt/c/Users/ander/Desktop/airflow-spark/airflow-spark/curso2/ambientX/lib/python3.9/site-packages/airflow/example_dags/example_short_circuit_decorator.py
[2025-01-26T10:51:16.271-0300] {processor.py:914} INFO - Processing file /mnt/c/Users/ander/Desktop/airflow-spark/airflow-spark/curso2/ambientX/lib/python3.9/site-packages/airflow/example_dags/example_short_circuit_decorator.py for tasks to queue
[2025-01-26T10:51:16.273-0300] {logging_mixin.py:190} INFO - [2025-01-26T10:51:16.273-0300] {dagbag.py:588} INFO - Filling up the DagBag from /mnt/c/Users/ander/Desktop/airflow-spark/airflow-spark/curso2/ambientX/lib/python3.9/site-packages/airflow/example_dags/example_short_circuit_decorator.py
[2025-01-26T10:51:16.308-0300] {processor.py:925} INFO - DAG(s) 'example_short_circuit_decorator' retrieved from /mnt/c/Users/ander/Desktop/airflow-spark/airflow-spark/curso2/ambientX/lib/python3.9/site-packages/airflow/example_dags/example_short_circuit_decorator.py
[2025-01-26T10:51:16.368-0300] {logging_mixin.py:190} INFO - [2025-01-26T10:51:16.367-0300] {dag.py:3239} INFO - Sync 1 DAGs
[2025-01-26T10:51:16.395-0300] {logging_mixin.py:190} INFO - [2025-01-26T10:51:16.395-0300] {dag.py:4180} INFO - Setting next_dagrun for example_short_circuit_decorator to None, run_after=None
[2025-01-26T10:51:16.468-0300] {processor.py:208} INFO - Processing /mnt/c/Users/ander/Desktop/airflow-spark/airflow-spark/curso2/ambientX/lib/python3.9/site-packages/airflow/example_dags/example_short_circuit_decorator.py took 0.221 seconds
[2025-01-26T10:53:06.301-0300] {processor.py:186} INFO - Started process (PID=11836) to work on /mnt/c/Users/ander/Desktop/airflow-spark/airflow-spark/curso2/ambientX/lib/python3.9/site-packages/airflow/example_dags/example_short_circuit_decorator.py
[2025-01-26T10:53:06.303-0300] {processor.py:914} INFO - Processing file /mnt/c/Users/ander/Desktop/airflow-spark/airflow-spark/curso2/ambientX/lib/python3.9/site-packages/airflow/example_dags/example_short_circuit_decorator.py for tasks to queue
[2025-01-26T10:53:06.305-0300] {logging_mixin.py:190} INFO - [2025-01-26T10:53:06.304-0300] {dagbag.py:588} INFO - Filling up the DagBag from /mnt/c/Users/ander/Desktop/airflow-spark/airflow-spark/curso2/ambientX/lib/python3.9/site-packages/airflow/example_dags/example_short_circuit_decorator.py
[2025-01-26T10:53:06.344-0300] {processor.py:925} INFO - DAG(s) 'example_short_circuit_decorator' retrieved from /mnt/c/Users/ander/Desktop/airflow-spark/airflow-spark/curso2/ambientX/lib/python3.9/site-packages/airflow/example_dags/example_short_circuit_decorator.py
[2025-01-26T10:53:06.395-0300] {logging_mixin.py:190} INFO - [2025-01-26T10:53:06.395-0300] {dag.py:3239} INFO - Sync 1 DAGs
[2025-01-26T10:53:06.419-0300] {logging_mixin.py:190} INFO - [2025-01-26T10:53:06.418-0300] {dag.py:4180} INFO - Setting next_dagrun for example_short_circuit_decorator to None, run_after=None
[2025-01-26T10:53:06.502-0300] {processor.py:208} INFO - Processing /mnt/c/Users/ander/Desktop/airflow-spark/airflow-spark/curso2/ambientX/lib/python3.9/site-packages/airflow/example_dags/example_short_circuit_decorator.py took 0.223 seconds
[2025-01-26T10:54:59.626-0300] {processor.py:186} INFO - Started process (PID=12299) to work on /mnt/c/Users/ander/Desktop/airflow-spark/airflow-spark/curso2/ambientX/lib/python3.9/site-packages/airflow/example_dags/example_short_circuit_decorator.py
[2025-01-26T10:54:59.628-0300] {processor.py:914} INFO - Processing file /mnt/c/Users/ander/Desktop/airflow-spark/airflow-spark/curso2/ambientX/lib/python3.9/site-packages/airflow/example_dags/example_short_circuit_decorator.py for tasks to queue
[2025-01-26T10:54:59.630-0300] {logging_mixin.py:190} INFO - [2025-01-26T10:54:59.630-0300] {dagbag.py:588} INFO - Filling up the DagBag from /mnt/c/Users/ander/Desktop/airflow-spark/airflow-spark/curso2/ambientX/lib/python3.9/site-packages/airflow/example_dags/example_short_circuit_decorator.py
[2025-01-26T10:54:59.663-0300] {processor.py:925} INFO - DAG(s) 'example_short_circuit_decorator' retrieved from /mnt/c/Users/ander/Desktop/airflow-spark/airflow-spark/curso2/ambientX/lib/python3.9/site-packages/airflow/example_dags/example_short_circuit_decorator.py
[2025-01-26T10:54:59.705-0300] {logging_mixin.py:190} INFO - [2025-01-26T10:54:59.705-0300] {dag.py:3239} INFO - Sync 1 DAGs
[2025-01-26T10:54:59.726-0300] {logging_mixin.py:190} INFO - [2025-01-26T10:54:59.726-0300] {dag.py:4180} INFO - Setting next_dagrun for example_short_circuit_decorator to None, run_after=None
[2025-01-26T10:54:59.796-0300] {processor.py:208} INFO - Processing /mnt/c/Users/ander/Desktop/airflow-spark/airflow-spark/curso2/ambientX/lib/python3.9/site-packages/airflow/example_dags/example_short_circuit_decorator.py took 0.196 seconds
[2025-01-26T10:56:45.488-0300] {processor.py:186} INFO - Started process (PID=12748) to work on /mnt/c/Users/ander/Desktop/airflow-spark/airflow-spark/curso2/ambientX/lib/python3.9/site-packages/airflow/example_dags/example_short_circuit_decorator.py
[2025-01-26T10:56:45.490-0300] {processor.py:914} INFO - Processing file /mnt/c/Users/ander/Desktop/airflow-spark/airflow-spark/curso2/ambientX/lib/python3.9/site-packages/airflow/example_dags/example_short_circuit_decorator.py for tasks to queue
[2025-01-26T10:56:45.492-0300] {logging_mixin.py:190} INFO - [2025-01-26T10:56:45.492-0300] {dagbag.py:588} INFO - Filling up the DagBag from /mnt/c/Users/ander/Desktop/airflow-spark/airflow-spark/curso2/ambientX/lib/python3.9/site-packages/airflow/example_dags/example_short_circuit_decorator.py
[2025-01-26T10:56:45.526-0300] {processor.py:925} INFO - DAG(s) 'example_short_circuit_decorator' retrieved from /mnt/c/Users/ander/Desktop/airflow-spark/airflow-spark/curso2/ambientX/lib/python3.9/site-packages/airflow/example_dags/example_short_circuit_decorator.py
[2025-01-26T10:56:45.581-0300] {logging_mixin.py:190} INFO - [2025-01-26T10:56:45.580-0300] {dag.py:3239} INFO - Sync 1 DAGs
[2025-01-26T10:56:45.607-0300] {logging_mixin.py:190} INFO - [2025-01-26T10:56:45.607-0300] {dag.py:4180} INFO - Setting next_dagrun for example_short_circuit_decorator to None, run_after=None
[2025-01-26T10:56:45.693-0300] {processor.py:208} INFO - Processing /mnt/c/Users/ander/Desktop/airflow-spark/airflow-spark/curso2/ambientX/lib/python3.9/site-packages/airflow/example_dags/example_short_circuit_decorator.py took 0.225 seconds
[2025-01-26T10:58:41.449-0300] {processor.py:186} INFO - Started process (PID=13276) to work on /mnt/c/Users/ander/Desktop/airflow-spark/airflow-spark/curso2/ambientX/lib/python3.9/site-packages/airflow/example_dags/example_short_circuit_decorator.py
[2025-01-26T10:58:41.452-0300] {processor.py:914} INFO - Processing file /mnt/c/Users/ander/Desktop/airflow-spark/airflow-spark/curso2/ambientX/lib/python3.9/site-packages/airflow/example_dags/example_short_circuit_decorator.py for tasks to queue
[2025-01-26T10:58:41.462-0300] {logging_mixin.py:190} INFO - [2025-01-26T10:58:41.461-0300] {dagbag.py:588} INFO - Filling up the DagBag from /mnt/c/Users/ander/Desktop/airflow-spark/airflow-spark/curso2/ambientX/lib/python3.9/site-packages/airflow/example_dags/example_short_circuit_decorator.py
[2025-01-26T10:58:41.517-0300] {processor.py:925} INFO - DAG(s) 'example_short_circuit_decorator' retrieved from /mnt/c/Users/ander/Desktop/airflow-spark/airflow-spark/curso2/ambientX/lib/python3.9/site-packages/airflow/example_dags/example_short_circuit_decorator.py
[2025-01-26T10:58:41.622-0300] {logging_mixin.py:190} INFO - [2025-01-26T10:58:41.621-0300] {dag.py:3239} INFO - Sync 1 DAGs
[2025-01-26T10:58:41.661-0300] {logging_mixin.py:190} INFO - [2025-01-26T10:58:41.660-0300] {dag.py:4180} INFO - Setting next_dagrun for example_short_circuit_decorator to None, run_after=None
[2025-01-26T10:58:41.774-0300] {processor.py:208} INFO - Processing /mnt/c/Users/ander/Desktop/airflow-spark/airflow-spark/curso2/ambientX/lib/python3.9/site-packages/airflow/example_dags/example_short_circuit_decorator.py took 0.379 seconds
[2025-01-26T11:00:37.637-0300] {processor.py:186} INFO - Started process (PID=13836) to work on /mnt/c/Users/ander/Desktop/airflow-spark/airflow-spark/curso2/ambientX/lib/python3.9/site-packages/airflow/example_dags/example_short_circuit_decorator.py
[2025-01-26T11:00:37.639-0300] {processor.py:914} INFO - Processing file /mnt/c/Users/ander/Desktop/airflow-spark/airflow-spark/curso2/ambientX/lib/python3.9/site-packages/airflow/example_dags/example_short_circuit_decorator.py for tasks to queue
[2025-01-26T11:00:37.640-0300] {logging_mixin.py:190} INFO - [2025-01-26T11:00:37.640-0300] {dagbag.py:588} INFO - Filling up the DagBag from /mnt/c/Users/ander/Desktop/airflow-spark/airflow-spark/curso2/ambientX/lib/python3.9/site-packages/airflow/example_dags/example_short_circuit_decorator.py
[2025-01-26T11:00:37.669-0300] {processor.py:925} INFO - DAG(s) 'example_short_circuit_decorator' retrieved from /mnt/c/Users/ander/Desktop/airflow-spark/airflow-spark/curso2/ambientX/lib/python3.9/site-packages/airflow/example_dags/example_short_circuit_decorator.py
[2025-01-26T11:00:37.716-0300] {logging_mixin.py:190} INFO - [2025-01-26T11:00:37.715-0300] {dag.py:3239} INFO - Sync 1 DAGs
[2025-01-26T11:00:37.736-0300] {logging_mixin.py:190} INFO - [2025-01-26T11:00:37.736-0300] {dag.py:4180} INFO - Setting next_dagrun for example_short_circuit_decorator to None, run_after=None
[2025-01-26T11:00:37.805-0300] {processor.py:208} INFO - Processing /mnt/c/Users/ander/Desktop/airflow-spark/airflow-spark/curso2/ambientX/lib/python3.9/site-packages/airflow/example_dags/example_short_circuit_decorator.py took 0.184 seconds
[2025-01-26T11:02:31.373-0300] {processor.py:186} INFO - Started process (PID=14391) to work on /mnt/c/Users/ander/Desktop/airflow-spark/airflow-spark/curso2/ambientX/lib/python3.9/site-packages/airflow/example_dags/example_short_circuit_decorator.py
[2025-01-26T11:02:31.374-0300] {processor.py:914} INFO - Processing file /mnt/c/Users/ander/Desktop/airflow-spark/airflow-spark/curso2/ambientX/lib/python3.9/site-packages/airflow/example_dags/example_short_circuit_decorator.py for tasks to queue
[2025-01-26T11:02:31.376-0300] {logging_mixin.py:190} INFO - [2025-01-26T11:02:31.376-0300] {dagbag.py:588} INFO - Filling up the DagBag from /mnt/c/Users/ander/Desktop/airflow-spark/airflow-spark/curso2/ambientX/lib/python3.9/site-packages/airflow/example_dags/example_short_circuit_decorator.py
[2025-01-26T11:02:31.409-0300] {processor.py:925} INFO - DAG(s) 'example_short_circuit_decorator' retrieved from /mnt/c/Users/ander/Desktop/airflow-spark/airflow-spark/curso2/ambientX/lib/python3.9/site-packages/airflow/example_dags/example_short_circuit_decorator.py
[2025-01-26T11:02:31.461-0300] {logging_mixin.py:190} INFO - [2025-01-26T11:02:31.461-0300] {dag.py:3239} INFO - Sync 1 DAGs
[2025-01-26T11:02:31.488-0300] {logging_mixin.py:190} INFO - [2025-01-26T11:02:31.487-0300] {dag.py:4180} INFO - Setting next_dagrun for example_short_circuit_decorator to None, run_after=None
[2025-01-26T11:02:31.560-0300] {processor.py:208} INFO - Processing /mnt/c/Users/ander/Desktop/airflow-spark/airflow-spark/curso2/ambientX/lib/python3.9/site-packages/airflow/example_dags/example_short_circuit_decorator.py took 0.207 seconds
[2025-01-26T11:04:21.962-0300] {processor.py:186} INFO - Started process (PID=15300) to work on /mnt/c/Users/ander/Desktop/airflow-spark/airflow-spark/curso2/ambientX/lib/python3.9/site-packages/airflow/example_dags/example_short_circuit_decorator.py
[2025-01-26T11:04:21.964-0300] {processor.py:914} INFO - Processing file /mnt/c/Users/ander/Desktop/airflow-spark/airflow-spark/curso2/ambientX/lib/python3.9/site-packages/airflow/example_dags/example_short_circuit_decorator.py for tasks to queue
[2025-01-26T11:04:21.966-0300] {logging_mixin.py:190} INFO - [2025-01-26T11:04:21.966-0300] {dagbag.py:588} INFO - Filling up the DagBag from /mnt/c/Users/ander/Desktop/airflow-spark/airflow-spark/curso2/ambientX/lib/python3.9/site-packages/airflow/example_dags/example_short_circuit_decorator.py
[2025-01-26T11:04:21.999-0300] {processor.py:925} INFO - DAG(s) 'example_short_circuit_decorator' retrieved from /mnt/c/Users/ander/Desktop/airflow-spark/airflow-spark/curso2/ambientX/lib/python3.9/site-packages/airflow/example_dags/example_short_circuit_decorator.py
[2025-01-26T11:04:22.041-0300] {logging_mixin.py:190} INFO - [2025-01-26T11:04:22.041-0300] {dag.py:3239} INFO - Sync 1 DAGs
[2025-01-26T11:04:22.061-0300] {logging_mixin.py:190} INFO - [2025-01-26T11:04:22.060-0300] {dag.py:4180} INFO - Setting next_dagrun for example_short_circuit_decorator to None, run_after=None
[2025-01-26T11:04:22.121-0300] {processor.py:208} INFO - Processing /mnt/c/Users/ander/Desktop/airflow-spark/airflow-spark/curso2/ambientX/lib/python3.9/site-packages/airflow/example_dags/example_short_circuit_decorator.py took 0.175 seconds
[2025-01-26T11:06:01.751-0300] {processor.py:186} INFO - Started process (PID=15736) to work on /mnt/c/Users/ander/Desktop/airflow-spark/airflow-spark/curso2/ambientX/lib/python3.9/site-packages/airflow/example_dags/example_short_circuit_decorator.py
[2025-01-26T11:06:01.754-0300] {processor.py:914} INFO - Processing file /mnt/c/Users/ander/Desktop/airflow-spark/airflow-spark/curso2/ambientX/lib/python3.9/site-packages/airflow/example_dags/example_short_circuit_decorator.py for tasks to queue
[2025-01-26T11:06:01.756-0300] {logging_mixin.py:190} INFO - [2025-01-26T11:06:01.755-0300] {dagbag.py:588} INFO - Filling up the DagBag from /mnt/c/Users/ander/Desktop/airflow-spark/airflow-spark/curso2/ambientX/lib/python3.9/site-packages/airflow/example_dags/example_short_circuit_decorator.py
[2025-01-26T11:06:01.793-0300] {processor.py:925} INFO - DAG(s) 'example_short_circuit_decorator' retrieved from /mnt/c/Users/ander/Desktop/airflow-spark/airflow-spark/curso2/ambientX/lib/python3.9/site-packages/airflow/example_dags/example_short_circuit_decorator.py
[2025-01-26T11:06:01.832-0300] {logging_mixin.py:190} INFO - [2025-01-26T11:06:01.832-0300] {dag.py:3239} INFO - Sync 1 DAGs
[2025-01-26T11:06:01.852-0300] {logging_mixin.py:190} INFO - [2025-01-26T11:06:01.852-0300] {dag.py:4180} INFO - Setting next_dagrun for example_short_circuit_decorator to None, run_after=None
[2025-01-26T11:06:01.921-0300] {processor.py:208} INFO - Processing /mnt/c/Users/ander/Desktop/airflow-spark/airflow-spark/curso2/ambientX/lib/python3.9/site-packages/airflow/example_dags/example_short_circuit_decorator.py took 0.188 seconds
[2025-01-26T11:07:43.147-0300] {processor.py:186} INFO - Started process (PID=16108) to work on /mnt/c/Users/ander/Desktop/airflow-spark/airflow-spark/curso2/ambientX/lib/python3.9/site-packages/airflow/example_dags/example_short_circuit_decorator.py
[2025-01-26T11:07:43.149-0300] {processor.py:914} INFO - Processing file /mnt/c/Users/ander/Desktop/airflow-spark/airflow-spark/curso2/ambientX/lib/python3.9/site-packages/airflow/example_dags/example_short_circuit_decorator.py for tasks to queue
[2025-01-26T11:07:43.151-0300] {logging_mixin.py:190} INFO - [2025-01-26T11:07:43.150-0300] {dagbag.py:588} INFO - Filling up the DagBag from /mnt/c/Users/ander/Desktop/airflow-spark/airflow-spark/curso2/ambientX/lib/python3.9/site-packages/airflow/example_dags/example_short_circuit_decorator.py
[2025-01-26T11:07:43.180-0300] {processor.py:925} INFO - DAG(s) 'example_short_circuit_decorator' retrieved from /mnt/c/Users/ander/Desktop/airflow-spark/airflow-spark/curso2/ambientX/lib/python3.9/site-packages/airflow/example_dags/example_short_circuit_decorator.py
[2025-01-26T11:07:43.224-0300] {logging_mixin.py:190} INFO - [2025-01-26T11:07:43.224-0300] {dag.py:3239} INFO - Sync 1 DAGs
[2025-01-26T11:07:43.244-0300] {logging_mixin.py:190} INFO - [2025-01-26T11:07:43.244-0300] {dag.py:4180} INFO - Setting next_dagrun for example_short_circuit_decorator to None, run_after=None
[2025-01-26T11:07:43.313-0300] {processor.py:208} INFO - Processing /mnt/c/Users/ander/Desktop/airflow-spark/airflow-spark/curso2/ambientX/lib/python3.9/site-packages/airflow/example_dags/example_short_circuit_decorator.py took 0.184 seconds
[2025-01-26T11:09:26.201-0300] {processor.py:186} INFO - Started process (PID=16611) to work on /mnt/c/Users/ander/Desktop/airflow-spark/airflow-spark/curso2/ambientX/lib/python3.9/site-packages/airflow/example_dags/example_short_circuit_decorator.py
[2025-01-26T11:09:26.202-0300] {processor.py:914} INFO - Processing file /mnt/c/Users/ander/Desktop/airflow-spark/airflow-spark/curso2/ambientX/lib/python3.9/site-packages/airflow/example_dags/example_short_circuit_decorator.py for tasks to queue
[2025-01-26T11:09:26.204-0300] {logging_mixin.py:190} INFO - [2025-01-26T11:09:26.203-0300] {dagbag.py:588} INFO - Filling up the DagBag from /mnt/c/Users/ander/Desktop/airflow-spark/airflow-spark/curso2/ambientX/lib/python3.9/site-packages/airflow/example_dags/example_short_circuit_decorator.py
[2025-01-26T11:09:26.241-0300] {processor.py:925} INFO - DAG(s) 'example_short_circuit_decorator' retrieved from /mnt/c/Users/ander/Desktop/airflow-spark/airflow-spark/curso2/ambientX/lib/python3.9/site-packages/airflow/example_dags/example_short_circuit_decorator.py
[2025-01-26T11:09:26.285-0300] {logging_mixin.py:190} INFO - [2025-01-26T11:09:26.285-0300] {dag.py:3239} INFO - Sync 1 DAGs
[2025-01-26T11:09:26.306-0300] {logging_mixin.py:190} INFO - [2025-01-26T11:09:26.306-0300] {dag.py:4180} INFO - Setting next_dagrun for example_short_circuit_decorator to None, run_after=None
[2025-01-26T11:09:26.370-0300] {processor.py:208} INFO - Processing /mnt/c/Users/ander/Desktop/airflow-spark/airflow-spark/curso2/ambientX/lib/python3.9/site-packages/airflow/example_dags/example_short_circuit_decorator.py took 0.186 seconds
[2025-01-26T11:11:21.079-0300] {processor.py:186} INFO - Started process (PID=17091) to work on /mnt/c/Users/ander/Desktop/airflow-spark/airflow-spark/curso2/ambientX/lib/python3.9/site-packages/airflow/example_dags/example_short_circuit_decorator.py
[2025-01-26T11:11:21.082-0300] {processor.py:914} INFO - Processing file /mnt/c/Users/ander/Desktop/airflow-spark/airflow-spark/curso2/ambientX/lib/python3.9/site-packages/airflow/example_dags/example_short_circuit_decorator.py for tasks to queue
[2025-01-26T11:11:21.084-0300] {logging_mixin.py:190} INFO - [2025-01-26T11:11:21.083-0300] {dagbag.py:588} INFO - Filling up the DagBag from /mnt/c/Users/ander/Desktop/airflow-spark/airflow-spark/curso2/ambientX/lib/python3.9/site-packages/airflow/example_dags/example_short_circuit_decorator.py
[2025-01-26T11:11:21.120-0300] {processor.py:925} INFO - DAG(s) 'example_short_circuit_decorator' retrieved from /mnt/c/Users/ander/Desktop/airflow-spark/airflow-spark/curso2/ambientX/lib/python3.9/site-packages/airflow/example_dags/example_short_circuit_decorator.py
[2025-01-26T11:11:21.183-0300] {logging_mixin.py:190} INFO - [2025-01-26T11:11:21.183-0300] {dag.py:3239} INFO - Sync 1 DAGs
[2025-01-26T11:11:21.211-0300] {logging_mixin.py:190} INFO - [2025-01-26T11:11:21.211-0300] {dag.py:4180} INFO - Setting next_dagrun for example_short_circuit_decorator to None, run_after=None
[2025-01-26T11:11:21.331-0300] {processor.py:208} INFO - Processing /mnt/c/Users/ander/Desktop/airflow-spark/airflow-spark/curso2/ambientX/lib/python3.9/site-packages/airflow/example_dags/example_short_circuit_decorator.py took 0.271 seconds
[2025-01-26T11:13:03.250-0300] {processor.py:186} INFO - Started process (PID=17500) to work on /mnt/c/Users/ander/Desktop/airflow-spark/airflow-spark/curso2/ambientX/lib/python3.9/site-packages/airflow/example_dags/example_short_circuit_decorator.py
[2025-01-26T11:13:03.251-0300] {processor.py:914} INFO - Processing file /mnt/c/Users/ander/Desktop/airflow-spark/airflow-spark/curso2/ambientX/lib/python3.9/site-packages/airflow/example_dags/example_short_circuit_decorator.py for tasks to queue
[2025-01-26T11:13:03.254-0300] {logging_mixin.py:190} INFO - [2025-01-26T11:13:03.254-0300] {dagbag.py:588} INFO - Filling up the DagBag from /mnt/c/Users/ander/Desktop/airflow-spark/airflow-spark/curso2/ambientX/lib/python3.9/site-packages/airflow/example_dags/example_short_circuit_decorator.py
[2025-01-26T11:13:03.282-0300] {processor.py:925} INFO - DAG(s) 'example_short_circuit_decorator' retrieved from /mnt/c/Users/ander/Desktop/airflow-spark/airflow-spark/curso2/ambientX/lib/python3.9/site-packages/airflow/example_dags/example_short_circuit_decorator.py
[2025-01-26T11:13:03.326-0300] {logging_mixin.py:190} INFO - [2025-01-26T11:13:03.326-0300] {dag.py:3239} INFO - Sync 1 DAGs
[2025-01-26T11:13:03.346-0300] {logging_mixin.py:190} INFO - [2025-01-26T11:13:03.345-0300] {dag.py:4180} INFO - Setting next_dagrun for example_short_circuit_decorator to None, run_after=None
[2025-01-26T11:13:03.438-0300] {processor.py:208} INFO - Processing /mnt/c/Users/ander/Desktop/airflow-spark/airflow-spark/curso2/ambientX/lib/python3.9/site-packages/airflow/example_dags/example_short_circuit_decorator.py took 0.206 seconds
[2025-01-26T11:14:48.942-0300] {processor.py:186} INFO - Started process (PID=18046) to work on /mnt/c/Users/ander/Desktop/airflow-spark/airflow-spark/curso2/ambientX/lib/python3.9/site-packages/airflow/example_dags/example_short_circuit_decorator.py
[2025-01-26T11:14:48.944-0300] {processor.py:914} INFO - Processing file /mnt/c/Users/ander/Desktop/airflow-spark/airflow-spark/curso2/ambientX/lib/python3.9/site-packages/airflow/example_dags/example_short_circuit_decorator.py for tasks to queue
[2025-01-26T11:14:48.947-0300] {logging_mixin.py:190} INFO - [2025-01-26T11:14:48.946-0300] {dagbag.py:588} INFO - Filling up the DagBag from /mnt/c/Users/ander/Desktop/airflow-spark/airflow-spark/curso2/ambientX/lib/python3.9/site-packages/airflow/example_dags/example_short_circuit_decorator.py
[2025-01-26T11:14:48.983-0300] {processor.py:925} INFO - DAG(s) 'example_short_circuit_decorator' retrieved from /mnt/c/Users/ander/Desktop/airflow-spark/airflow-spark/curso2/ambientX/lib/python3.9/site-packages/airflow/example_dags/example_short_circuit_decorator.py
[2025-01-26T11:14:49.025-0300] {logging_mixin.py:190} INFO - [2025-01-26T11:14:49.024-0300] {dag.py:3239} INFO - Sync 1 DAGs
[2025-01-26T11:14:49.044-0300] {logging_mixin.py:190} INFO - [2025-01-26T11:14:49.044-0300] {dag.py:4180} INFO - Setting next_dagrun for example_short_circuit_decorator to None, run_after=None
[2025-01-26T11:14:50.963-0300] {processor.py:208} INFO - Processing /mnt/c/Users/ander/Desktop/airflow-spark/airflow-spark/curso2/ambientX/lib/python3.9/site-packages/airflow/example_dags/example_short_circuit_decorator.py took 2.041 seconds
[2025-01-26T11:16:52.806-0300] {processor.py:186} INFO - Started process (PID=18583) to work on /mnt/c/Users/ander/Desktop/airflow-spark/airflow-spark/curso2/ambientX/lib/python3.9/site-packages/airflow/example_dags/example_short_circuit_decorator.py
[2025-01-26T11:16:52.808-0300] {processor.py:914} INFO - Processing file /mnt/c/Users/ander/Desktop/airflow-spark/airflow-spark/curso2/ambientX/lib/python3.9/site-packages/airflow/example_dags/example_short_circuit_decorator.py for tasks to queue
[2025-01-26T11:16:52.810-0300] {logging_mixin.py:190} INFO - [2025-01-26T11:16:52.810-0300] {dagbag.py:588} INFO - Filling up the DagBag from /mnt/c/Users/ander/Desktop/airflow-spark/airflow-spark/curso2/ambientX/lib/python3.9/site-packages/airflow/example_dags/example_short_circuit_decorator.py
[2025-01-26T11:16:52.840-0300] {processor.py:925} INFO - DAG(s) 'example_short_circuit_decorator' retrieved from /mnt/c/Users/ander/Desktop/airflow-spark/airflow-spark/curso2/ambientX/lib/python3.9/site-packages/airflow/example_dags/example_short_circuit_decorator.py
[2025-01-26T11:16:52.886-0300] {logging_mixin.py:190} INFO - [2025-01-26T11:16:52.886-0300] {dag.py:3239} INFO - Sync 1 DAGs
[2025-01-26T11:16:52.908-0300] {logging_mixin.py:190} INFO - [2025-01-26T11:16:52.908-0300] {dag.py:4180} INFO - Setting next_dagrun for example_short_circuit_decorator to None, run_after=None
[2025-01-26T11:16:53.015-0300] {processor.py:208} INFO - Processing /mnt/c/Users/ander/Desktop/airflow-spark/airflow-spark/curso2/ambientX/lib/python3.9/site-packages/airflow/example_dags/example_short_circuit_decorator.py took 0.225 seconds
[2025-01-26T11:18:29.410-0300] {processor.py:186} INFO - Started process (PID=19056) to work on /mnt/c/Users/ander/Desktop/airflow-spark/airflow-spark/curso2/ambientX/lib/python3.9/site-packages/airflow/example_dags/example_short_circuit_decorator.py
[2025-01-26T11:18:29.412-0300] {processor.py:914} INFO - Processing file /mnt/c/Users/ander/Desktop/airflow-spark/airflow-spark/curso2/ambientX/lib/python3.9/site-packages/airflow/example_dags/example_short_circuit_decorator.py for tasks to queue
[2025-01-26T11:18:29.414-0300] {logging_mixin.py:190} INFO - [2025-01-26T11:18:29.413-0300] {dagbag.py:588} INFO - Filling up the DagBag from /mnt/c/Users/ander/Desktop/airflow-spark/airflow-spark/curso2/ambientX/lib/python3.9/site-packages/airflow/example_dags/example_short_circuit_decorator.py
[2025-01-26T11:18:29.443-0300] {processor.py:925} INFO - DAG(s) 'example_short_circuit_decorator' retrieved from /mnt/c/Users/ander/Desktop/airflow-spark/airflow-spark/curso2/ambientX/lib/python3.9/site-packages/airflow/example_dags/example_short_circuit_decorator.py
[2025-01-26T11:18:29.490-0300] {logging_mixin.py:190} INFO - [2025-01-26T11:18:29.490-0300] {dag.py:3239} INFO - Sync 1 DAGs
[2025-01-26T11:18:29.510-0300] {logging_mixin.py:190} INFO - [2025-01-26T11:18:29.509-0300] {dag.py:4180} INFO - Setting next_dagrun for example_short_circuit_decorator to None, run_after=None
[2025-01-26T11:18:29.991-0300] {processor.py:208} INFO - Processing /mnt/c/Users/ander/Desktop/airflow-spark/airflow-spark/curso2/ambientX/lib/python3.9/site-packages/airflow/example_dags/example_short_circuit_decorator.py took 0.599 seconds
[2025-01-26T11:20:01.710-0300] {processor.py:186} INFO - Started process (PID=19517) to work on /mnt/c/Users/ander/Desktop/airflow-spark/airflow-spark/curso2/ambientX/lib/python3.9/site-packages/airflow/example_dags/example_short_circuit_decorator.py
[2025-01-26T11:20:01.711-0300] {processor.py:914} INFO - Processing file /mnt/c/Users/ander/Desktop/airflow-spark/airflow-spark/curso2/ambientX/lib/python3.9/site-packages/airflow/example_dags/example_short_circuit_decorator.py for tasks to queue
[2025-01-26T11:20:01.714-0300] {logging_mixin.py:190} INFO - [2025-01-26T11:20:01.714-0300] {dagbag.py:588} INFO - Filling up the DagBag from /mnt/c/Users/ander/Desktop/airflow-spark/airflow-spark/curso2/ambientX/lib/python3.9/site-packages/airflow/example_dags/example_short_circuit_decorator.py
[2025-01-26T11:20:01.744-0300] {processor.py:925} INFO - DAG(s) 'example_short_circuit_decorator' retrieved from /mnt/c/Users/ander/Desktop/airflow-spark/airflow-spark/curso2/ambientX/lib/python3.9/site-packages/airflow/example_dags/example_short_circuit_decorator.py
[2025-01-26T11:20:01.787-0300] {logging_mixin.py:190} INFO - [2025-01-26T11:20:01.786-0300] {dag.py:3239} INFO - Sync 1 DAGs
[2025-01-26T11:20:01.806-0300] {logging_mixin.py:190} INFO - [2025-01-26T11:20:01.806-0300] {dag.py:4180} INFO - Setting next_dagrun for example_short_circuit_decorator to None, run_after=None
[2025-01-26T11:20:01.922-0300] {processor.py:208} INFO - Processing /mnt/c/Users/ander/Desktop/airflow-spark/airflow-spark/curso2/ambientX/lib/python3.9/site-packages/airflow/example_dags/example_short_circuit_decorator.py took 0.231 seconds
[2025-01-26T11:22:04.145-0300] {processor.py:186} INFO - Started process (PID=19989) to work on /mnt/c/Users/ander/Desktop/airflow-spark/airflow-spark/curso2/ambientX/lib/python3.9/site-packages/airflow/example_dags/example_short_circuit_decorator.py
[2025-01-26T11:22:04.147-0300] {processor.py:914} INFO - Processing file /mnt/c/Users/ander/Desktop/airflow-spark/airflow-spark/curso2/ambientX/lib/python3.9/site-packages/airflow/example_dags/example_short_circuit_decorator.py for tasks to queue
[2025-01-26T11:22:04.149-0300] {logging_mixin.py:190} INFO - [2025-01-26T11:22:04.149-0300] {dagbag.py:588} INFO - Filling up the DagBag from /mnt/c/Users/ander/Desktop/airflow-spark/airflow-spark/curso2/ambientX/lib/python3.9/site-packages/airflow/example_dags/example_short_circuit_decorator.py
[2025-01-26T11:22:04.176-0300] {processor.py:925} INFO - DAG(s) 'example_short_circuit_decorator' retrieved from /mnt/c/Users/ander/Desktop/airflow-spark/airflow-spark/curso2/ambientX/lib/python3.9/site-packages/airflow/example_dags/example_short_circuit_decorator.py
[2025-01-26T11:22:04.220-0300] {logging_mixin.py:190} INFO - [2025-01-26T11:22:04.219-0300] {dag.py:3239} INFO - Sync 1 DAGs
[2025-01-26T11:22:04.293-0300] {logging_mixin.py:190} INFO - [2025-01-26T11:22:04.292-0300] {dag.py:4180} INFO - Setting next_dagrun for example_short_circuit_decorator to None, run_after=None
[2025-01-26T11:22:05.457-0300] {processor.py:208} INFO - Processing /mnt/c/Users/ander/Desktop/airflow-spark/airflow-spark/curso2/ambientX/lib/python3.9/site-packages/airflow/example_dags/example_short_circuit_decorator.py took 1.329 seconds
[2025-01-26T11:23:43.883-0300] {processor.py:186} INFO - Started process (PID=20352) to work on /mnt/c/Users/ander/Desktop/airflow-spark/airflow-spark/curso2/ambientX/lib/python3.9/site-packages/airflow/example_dags/example_short_circuit_decorator.py
[2025-01-26T11:23:43.885-0300] {processor.py:914} INFO - Processing file /mnt/c/Users/ander/Desktop/airflow-spark/airflow-spark/curso2/ambientX/lib/python3.9/site-packages/airflow/example_dags/example_short_circuit_decorator.py for tasks to queue
[2025-01-26T11:23:43.887-0300] {logging_mixin.py:190} INFO - [2025-01-26T11:23:43.886-0300] {dagbag.py:588} INFO - Filling up the DagBag from /mnt/c/Users/ander/Desktop/airflow-spark/airflow-spark/curso2/ambientX/lib/python3.9/site-packages/airflow/example_dags/example_short_circuit_decorator.py
[2025-01-26T11:23:43.915-0300] {processor.py:925} INFO - DAG(s) 'example_short_circuit_decorator' retrieved from /mnt/c/Users/ander/Desktop/airflow-spark/airflow-spark/curso2/ambientX/lib/python3.9/site-packages/airflow/example_dags/example_short_circuit_decorator.py
[2025-01-26T11:23:43.959-0300] {logging_mixin.py:190} INFO - [2025-01-26T11:23:43.958-0300] {dag.py:3239} INFO - Sync 1 DAGs
[2025-01-26T11:23:43.981-0300] {logging_mixin.py:190} INFO - [2025-01-26T11:23:43.981-0300] {dag.py:4180} INFO - Setting next_dagrun for example_short_circuit_decorator to None, run_after=None
[2025-01-26T11:23:44.061-0300] {processor.py:208} INFO - Processing /mnt/c/Users/ander/Desktop/airflow-spark/airflow-spark/curso2/ambientX/lib/python3.9/site-packages/airflow/example_dags/example_short_circuit_decorator.py took 0.195 seconds
[2025-01-26T11:24:53.523-0300] {processor.py:186} INFO - Started process (PID=20757) to work on /mnt/c/Users/ander/Desktop/airflow-spark/airflow-spark/curso2/ambientX/lib/python3.9/site-packages/airflow/example_dags/example_short_circuit_decorator.py
[2025-01-26T11:24:53.525-0300] {processor.py:914} INFO - Processing file /mnt/c/Users/ander/Desktop/airflow-spark/airflow-spark/curso2/ambientX/lib/python3.9/site-packages/airflow/example_dags/example_short_circuit_decorator.py for tasks to queue
[2025-01-26T11:24:53.529-0300] {logging_mixin.py:190} INFO - [2025-01-26T11:24:53.528-0300] {dagbag.py:588} INFO - Filling up the DagBag from /mnt/c/Users/ander/Desktop/airflow-spark/airflow-spark/curso2/ambientX/lib/python3.9/site-packages/airflow/example_dags/example_short_circuit_decorator.py
[2025-01-26T11:24:53.558-0300] {processor.py:925} INFO - DAG(s) 'example_short_circuit_decorator' retrieved from /mnt/c/Users/ander/Desktop/airflow-spark/airflow-spark/curso2/ambientX/lib/python3.9/site-packages/airflow/example_dags/example_short_circuit_decorator.py
[2025-01-26T11:24:53.602-0300] {logging_mixin.py:190} INFO - [2025-01-26T11:24:53.602-0300] {dag.py:3239} INFO - Sync 1 DAGs
[2025-01-26T11:24:53.623-0300] {logging_mixin.py:190} INFO - [2025-01-26T11:24:53.622-0300] {dag.py:4180} INFO - Setting next_dagrun for example_short_circuit_decorator to None, run_after=None
[2025-01-26T11:24:53.690-0300] {processor.py:208} INFO - Processing /mnt/c/Users/ander/Desktop/airflow-spark/airflow-spark/curso2/ambientX/lib/python3.9/site-packages/airflow/example_dags/example_short_circuit_decorator.py took 0.183 seconds
[2025-01-26T11:26:07.198-0300] {processor.py:186} INFO - Started process (PID=21171) to work on /mnt/c/Users/ander/Desktop/airflow-spark/airflow-spark/curso2/ambientX/lib/python3.9/site-packages/airflow/example_dags/example_short_circuit_decorator.py
[2025-01-26T11:26:07.199-0300] {processor.py:914} INFO - Processing file /mnt/c/Users/ander/Desktop/airflow-spark/airflow-spark/curso2/ambientX/lib/python3.9/site-packages/airflow/example_dags/example_short_circuit_decorator.py for tasks to queue
[2025-01-26T11:26:07.202-0300] {logging_mixin.py:190} INFO - [2025-01-26T11:26:07.201-0300] {dagbag.py:588} INFO - Filling up the DagBag from /mnt/c/Users/ander/Desktop/airflow-spark/airflow-spark/curso2/ambientX/lib/python3.9/site-packages/airflow/example_dags/example_short_circuit_decorator.py
[2025-01-26T11:26:07.231-0300] {processor.py:925} INFO - DAG(s) 'example_short_circuit_decorator' retrieved from /mnt/c/Users/ander/Desktop/airflow-spark/airflow-spark/curso2/ambientX/lib/python3.9/site-packages/airflow/example_dags/example_short_circuit_decorator.py
[2025-01-26T11:26:07.273-0300] {logging_mixin.py:190} INFO - [2025-01-26T11:26:07.273-0300] {dag.py:3239} INFO - Sync 1 DAGs
[2025-01-26T11:26:07.293-0300] {logging_mixin.py:190} INFO - [2025-01-26T11:26:07.293-0300] {dag.py:4180} INFO - Setting next_dagrun for example_short_circuit_decorator to None, run_after=None
[2025-01-26T11:26:07.366-0300] {processor.py:208} INFO - Processing /mnt/c/Users/ander/Desktop/airflow-spark/airflow-spark/curso2/ambientX/lib/python3.9/site-packages/airflow/example_dags/example_short_circuit_decorator.py took 0.185 seconds
[2025-01-26T11:27:19.020-0300] {processor.py:186} INFO - Started process (PID=21523) to work on /mnt/c/Users/ander/Desktop/airflow-spark/airflow-spark/curso2/ambientX/lib/python3.9/site-packages/airflow/example_dags/example_short_circuit_decorator.py
[2025-01-26T11:27:19.060-0300] {processor.py:914} INFO - Processing file /mnt/c/Users/ander/Desktop/airflow-spark/airflow-spark/curso2/ambientX/lib/python3.9/site-packages/airflow/example_dags/example_short_circuit_decorator.py for tasks to queue
[2025-01-26T11:27:19.063-0300] {logging_mixin.py:190} INFO - [2025-01-26T11:27:19.063-0300] {dagbag.py:588} INFO - Filling up the DagBag from /mnt/c/Users/ander/Desktop/airflow-spark/airflow-spark/curso2/ambientX/lib/python3.9/site-packages/airflow/example_dags/example_short_circuit_decorator.py
[2025-01-26T11:27:19.094-0300] {processor.py:925} INFO - DAG(s) 'example_short_circuit_decorator' retrieved from /mnt/c/Users/ander/Desktop/airflow-spark/airflow-spark/curso2/ambientX/lib/python3.9/site-packages/airflow/example_dags/example_short_circuit_decorator.py
[2025-01-26T11:27:19.140-0300] {logging_mixin.py:190} INFO - [2025-01-26T11:27:19.140-0300] {dag.py:3239} INFO - Sync 1 DAGs
[2025-01-26T11:27:19.242-0300] {logging_mixin.py:190} INFO - [2025-01-26T11:27:19.242-0300] {dag.py:4180} INFO - Setting next_dagrun for example_short_circuit_decorator to None, run_after=None
[2025-01-26T11:27:19.792-0300] {processor.py:208} INFO - Processing /mnt/c/Users/ander/Desktop/airflow-spark/airflow-spark/curso2/ambientX/lib/python3.9/site-packages/airflow/example_dags/example_short_circuit_decorator.py took 0.790 seconds
[2025-01-26T11:28:31.195-0300] {processor.py:186} INFO - Started process (PID=21865) to work on /mnt/c/Users/ander/Desktop/airflow-spark/airflow-spark/curso2/ambientX/lib/python3.9/site-packages/airflow/example_dags/example_short_circuit_decorator.py
[2025-01-26T11:28:31.197-0300] {processor.py:914} INFO - Processing file /mnt/c/Users/ander/Desktop/airflow-spark/airflow-spark/curso2/ambientX/lib/python3.9/site-packages/airflow/example_dags/example_short_circuit_decorator.py for tasks to queue
[2025-01-26T11:28:31.199-0300] {logging_mixin.py:190} INFO - [2025-01-26T11:28:31.198-0300] {dagbag.py:588} INFO - Filling up the DagBag from /mnt/c/Users/ander/Desktop/airflow-spark/airflow-spark/curso2/ambientX/lib/python3.9/site-packages/airflow/example_dags/example_short_circuit_decorator.py
[2025-01-26T11:28:31.227-0300] {processor.py:925} INFO - DAG(s) 'example_short_circuit_decorator' retrieved from /mnt/c/Users/ander/Desktop/airflow-spark/airflow-spark/curso2/ambientX/lib/python3.9/site-packages/airflow/example_dags/example_short_circuit_decorator.py
[2025-01-26T11:28:31.268-0300] {logging_mixin.py:190} INFO - [2025-01-26T11:28:31.268-0300] {dag.py:3239} INFO - Sync 1 DAGs
[2025-01-26T11:28:31.288-0300] {logging_mixin.py:190} INFO - [2025-01-26T11:28:31.288-0300] {dag.py:4180} INFO - Setting next_dagrun for example_short_circuit_decorator to None, run_after=None
[2025-01-26T11:28:31.901-0300] {processor.py:208} INFO - Processing /mnt/c/Users/ander/Desktop/airflow-spark/airflow-spark/curso2/ambientX/lib/python3.9/site-packages/airflow/example_dags/example_short_circuit_decorator.py took 0.723 seconds
[2025-01-26T11:29:47.865-0300] {processor.py:186} INFO - Started process (PID=22287) to work on /mnt/c/Users/ander/Desktop/airflow-spark/airflow-spark/curso2/ambientX/lib/python3.9/site-packages/airflow/example_dags/example_short_circuit_decorator.py
[2025-01-26T11:29:47.866-0300] {processor.py:914} INFO - Processing file /mnt/c/Users/ander/Desktop/airflow-spark/airflow-spark/curso2/ambientX/lib/python3.9/site-packages/airflow/example_dags/example_short_circuit_decorator.py for tasks to queue
[2025-01-26T11:29:47.868-0300] {logging_mixin.py:190} INFO - [2025-01-26T11:29:47.868-0300] {dagbag.py:588} INFO - Filling up the DagBag from /mnt/c/Users/ander/Desktop/airflow-spark/airflow-spark/curso2/ambientX/lib/python3.9/site-packages/airflow/example_dags/example_short_circuit_decorator.py
[2025-01-26T11:29:47.897-0300] {processor.py:925} INFO - DAG(s) 'example_short_circuit_decorator' retrieved from /mnt/c/Users/ander/Desktop/airflow-spark/airflow-spark/curso2/ambientX/lib/python3.9/site-packages/airflow/example_dags/example_short_circuit_decorator.py
[2025-01-26T11:29:47.942-0300] {logging_mixin.py:190} INFO - [2025-01-26T11:29:47.942-0300] {dag.py:3239} INFO - Sync 1 DAGs
[2025-01-26T11:29:47.962-0300] {logging_mixin.py:190} INFO - [2025-01-26T11:29:47.962-0300] {dag.py:4180} INFO - Setting next_dagrun for example_short_circuit_decorator to None, run_after=None
[2025-01-26T11:29:48.641-0300] {processor.py:208} INFO - Processing /mnt/c/Users/ander/Desktop/airflow-spark/airflow-spark/curso2/ambientX/lib/python3.9/site-packages/airflow/example_dags/example_short_circuit_decorator.py took 0.793 seconds
[2025-01-26T11:31:17.751-0300] {processor.py:186} INFO - Started process (PID=22734) to work on /mnt/c/Users/ander/Desktop/airflow-spark/airflow-spark/curso2/ambientX/lib/python3.9/site-packages/airflow/example_dags/example_short_circuit_decorator.py
[2025-01-26T11:31:17.753-0300] {processor.py:914} INFO - Processing file /mnt/c/Users/ander/Desktop/airflow-spark/airflow-spark/curso2/ambientX/lib/python3.9/site-packages/airflow/example_dags/example_short_circuit_decorator.py for tasks to queue
[2025-01-26T11:31:17.755-0300] {logging_mixin.py:190} INFO - [2025-01-26T11:31:17.755-0300] {dagbag.py:588} INFO - Filling up the DagBag from /mnt/c/Users/ander/Desktop/airflow-spark/airflow-spark/curso2/ambientX/lib/python3.9/site-packages/airflow/example_dags/example_short_circuit_decorator.py
[2025-01-26T11:31:17.789-0300] {processor.py:925} INFO - DAG(s) 'example_short_circuit_decorator' retrieved from /mnt/c/Users/ander/Desktop/airflow-spark/airflow-spark/curso2/ambientX/lib/python3.9/site-packages/airflow/example_dags/example_short_circuit_decorator.py
[2025-01-26T11:31:17.830-0300] {logging_mixin.py:190} INFO - [2025-01-26T11:31:17.830-0300] {dag.py:3239} INFO - Sync 1 DAGs
[2025-01-26T11:31:17.849-0300] {logging_mixin.py:190} INFO - [2025-01-26T11:31:17.849-0300] {dag.py:4180} INFO - Setting next_dagrun for example_short_circuit_decorator to None, run_after=None
[2025-01-26T11:31:18.493-0300] {processor.py:208} INFO - Processing /mnt/c/Users/ander/Desktop/airflow-spark/airflow-spark/curso2/ambientX/lib/python3.9/site-packages/airflow/example_dags/example_short_circuit_decorator.py took 0.758 seconds
[2025-01-26T11:32:52.567-0300] {processor.py:186} INFO - Started process (PID=23085) to work on /mnt/c/Users/ander/Desktop/airflow-spark/airflow-spark/curso2/ambientX/lib/python3.9/site-packages/airflow/example_dags/example_short_circuit_decorator.py
[2025-01-26T11:32:52.568-0300] {processor.py:914} INFO - Processing file /mnt/c/Users/ander/Desktop/airflow-spark/airflow-spark/curso2/ambientX/lib/python3.9/site-packages/airflow/example_dags/example_short_circuit_decorator.py for tasks to queue
[2025-01-26T11:32:52.571-0300] {logging_mixin.py:190} INFO - [2025-01-26T11:32:52.571-0300] {dagbag.py:588} INFO - Filling up the DagBag from /mnt/c/Users/ander/Desktop/airflow-spark/airflow-spark/curso2/ambientX/lib/python3.9/site-packages/airflow/example_dags/example_short_circuit_decorator.py
[2025-01-26T11:32:52.601-0300] {processor.py:925} INFO - DAG(s) 'example_short_circuit_decorator' retrieved from /mnt/c/Users/ander/Desktop/airflow-spark/airflow-spark/curso2/ambientX/lib/python3.9/site-packages/airflow/example_dags/example_short_circuit_decorator.py
[2025-01-26T11:32:52.647-0300] {logging_mixin.py:190} INFO - [2025-01-26T11:32:52.647-0300] {dag.py:3239} INFO - Sync 1 DAGs
[2025-01-26T11:32:52.668-0300] {logging_mixin.py:190} INFO - [2025-01-26T11:32:52.668-0300] {dag.py:4180} INFO - Setting next_dagrun for example_short_circuit_decorator to None, run_after=None
[2025-01-26T11:32:52.886-0300] {processor.py:208} INFO - Processing /mnt/c/Users/ander/Desktop/airflow-spark/airflow-spark/curso2/ambientX/lib/python3.9/site-packages/airflow/example_dags/example_short_circuit_decorator.py took 0.337 seconds
[2025-01-26T11:33:58.622-0300] {processor.py:186} INFO - Started process (PID=23423) to work on /mnt/c/Users/ander/Desktop/airflow-spark/airflow-spark/curso2/ambientX/lib/python3.9/site-packages/airflow/example_dags/example_short_circuit_decorator.py
[2025-01-26T11:33:58.623-0300] {processor.py:914} INFO - Processing file /mnt/c/Users/ander/Desktop/airflow-spark/airflow-spark/curso2/ambientX/lib/python3.9/site-packages/airflow/example_dags/example_short_circuit_decorator.py for tasks to queue
[2025-01-26T11:33:58.626-0300] {logging_mixin.py:190} INFO - [2025-01-26T11:33:58.626-0300] {dagbag.py:588} INFO - Filling up the DagBag from /mnt/c/Users/ander/Desktop/airflow-spark/airflow-spark/curso2/ambientX/lib/python3.9/site-packages/airflow/example_dags/example_short_circuit_decorator.py
[2025-01-26T11:33:58.656-0300] {processor.py:925} INFO - DAG(s) 'example_short_circuit_decorator' retrieved from /mnt/c/Users/ander/Desktop/airflow-spark/airflow-spark/curso2/ambientX/lib/python3.9/site-packages/airflow/example_dags/example_short_circuit_decorator.py
[2025-01-26T11:33:58.705-0300] {logging_mixin.py:190} INFO - [2025-01-26T11:33:58.705-0300] {dag.py:3239} INFO - Sync 1 DAGs
[2025-01-26T11:33:58.725-0300] {logging_mixin.py:190} INFO - [2025-01-26T11:33:58.725-0300] {dag.py:4180} INFO - Setting next_dagrun for example_short_circuit_decorator to None, run_after=None
[2025-01-26T11:33:58.794-0300] {processor.py:208} INFO - Processing /mnt/c/Users/ander/Desktop/airflow-spark/airflow-spark/curso2/ambientX/lib/python3.9/site-packages/airflow/example_dags/example_short_circuit_decorator.py took 0.191 seconds
[2025-01-26T11:35:39.797-0300] {processor.py:186} INFO - Started process (PID=23929) to work on /mnt/c/Users/ander/Desktop/airflow-spark/airflow-spark/curso2/ambientX/lib/python3.9/site-packages/airflow/example_dags/example_short_circuit_decorator.py
[2025-01-26T11:35:39.800-0300] {processor.py:914} INFO - Processing file /mnt/c/Users/ander/Desktop/airflow-spark/airflow-spark/curso2/ambientX/lib/python3.9/site-packages/airflow/example_dags/example_short_circuit_decorator.py for tasks to queue
[2025-01-26T11:35:39.803-0300] {logging_mixin.py:190} INFO - [2025-01-26T11:35:39.803-0300] {dagbag.py:588} INFO - Filling up the DagBag from /mnt/c/Users/ander/Desktop/airflow-spark/airflow-spark/curso2/ambientX/lib/python3.9/site-packages/airflow/example_dags/example_short_circuit_decorator.py
[2025-01-26T11:35:39.844-0300] {processor.py:925} INFO - DAG(s) 'example_short_circuit_decorator' retrieved from /mnt/c/Users/ander/Desktop/airflow-spark/airflow-spark/curso2/ambientX/lib/python3.9/site-packages/airflow/example_dags/example_short_circuit_decorator.py
[2025-01-26T11:35:39.890-0300] {logging_mixin.py:190} INFO - [2025-01-26T11:35:39.889-0300] {dag.py:3239} INFO - Sync 1 DAGs
[2025-01-26T11:35:39.909-0300] {logging_mixin.py:190} INFO - [2025-01-26T11:35:39.909-0300] {dag.py:4180} INFO - Setting next_dagrun for example_short_circuit_decorator to None, run_after=None
[2025-01-26T11:35:39.974-0300] {processor.py:208} INFO - Processing /mnt/c/Users/ander/Desktop/airflow-spark/airflow-spark/curso2/ambientX/lib/python3.9/site-packages/airflow/example_dags/example_short_circuit_decorator.py took 0.203 seconds
[2025-01-26T11:37:24.221-0300] {processor.py:186} INFO - Started process (PID=24455) to work on /mnt/c/Users/ander/Desktop/airflow-spark/airflow-spark/curso2/ambientX/lib/python3.9/site-packages/airflow/example_dags/example_short_circuit_decorator.py
[2025-01-26T11:37:24.223-0300] {processor.py:914} INFO - Processing file /mnt/c/Users/ander/Desktop/airflow-spark/airflow-spark/curso2/ambientX/lib/python3.9/site-packages/airflow/example_dags/example_short_circuit_decorator.py for tasks to queue
[2025-01-26T11:37:24.225-0300] {logging_mixin.py:190} INFO - [2025-01-26T11:37:24.224-0300] {dagbag.py:588} INFO - Filling up the DagBag from /mnt/c/Users/ander/Desktop/airflow-spark/airflow-spark/curso2/ambientX/lib/python3.9/site-packages/airflow/example_dags/example_short_circuit_decorator.py
[2025-01-26T11:37:24.257-0300] {processor.py:925} INFO - DAG(s) 'example_short_circuit_decorator' retrieved from /mnt/c/Users/ander/Desktop/airflow-spark/airflow-spark/curso2/ambientX/lib/python3.9/site-packages/airflow/example_dags/example_short_circuit_decorator.py
[2025-01-26T11:37:24.302-0300] {logging_mixin.py:190} INFO - [2025-01-26T11:37:24.301-0300] {dag.py:3239} INFO - Sync 1 DAGs
[2025-01-26T11:37:24.322-0300] {logging_mixin.py:190} INFO - [2025-01-26T11:37:24.322-0300] {dag.py:4180} INFO - Setting next_dagrun for example_short_circuit_decorator to None, run_after=None
[2025-01-26T11:37:24.385-0300] {processor.py:208} INFO - Processing /mnt/c/Users/ander/Desktop/airflow-spark/airflow-spark/curso2/ambientX/lib/python3.9/site-packages/airflow/example_dags/example_short_circuit_decorator.py took 0.182 seconds
[2025-01-26T11:39:05.496-0300] {processor.py:186} INFO - Started process (PID=24907) to work on /mnt/c/Users/ander/Desktop/airflow-spark/airflow-spark/curso2/ambientX/lib/python3.9/site-packages/airflow/example_dags/example_short_circuit_decorator.py
[2025-01-26T11:39:05.497-0300] {processor.py:914} INFO - Processing file /mnt/c/Users/ander/Desktop/airflow-spark/airflow-spark/curso2/ambientX/lib/python3.9/site-packages/airflow/example_dags/example_short_circuit_decorator.py for tasks to queue
[2025-01-26T11:39:05.499-0300] {logging_mixin.py:190} INFO - [2025-01-26T11:39:05.499-0300] {dagbag.py:588} INFO - Filling up the DagBag from /mnt/c/Users/ander/Desktop/airflow-spark/airflow-spark/curso2/ambientX/lib/python3.9/site-packages/airflow/example_dags/example_short_circuit_decorator.py
[2025-01-26T11:39:05.528-0300] {processor.py:925} INFO - DAG(s) 'example_short_circuit_decorator' retrieved from /mnt/c/Users/ander/Desktop/airflow-spark/airflow-spark/curso2/ambientX/lib/python3.9/site-packages/airflow/example_dags/example_short_circuit_decorator.py
[2025-01-26T11:39:05.569-0300] {logging_mixin.py:190} INFO - [2025-01-26T11:39:05.569-0300] {dag.py:3239} INFO - Sync 1 DAGs
[2025-01-26T11:39:05.588-0300] {logging_mixin.py:190} INFO - [2025-01-26T11:39:05.588-0300] {dag.py:4180} INFO - Setting next_dagrun for example_short_circuit_decorator to None, run_after=None
[2025-01-26T11:39:05.650-0300] {processor.py:208} INFO - Processing /mnt/c/Users/ander/Desktop/airflow-spark/airflow-spark/curso2/ambientX/lib/python3.9/site-packages/airflow/example_dags/example_short_circuit_decorator.py took 0.170 seconds
[2025-01-26T11:40:40.782-0300] {processor.py:186} INFO - Started process (PID=25400) to work on /mnt/c/Users/ander/Desktop/airflow-spark/airflow-spark/curso2/ambientX/lib/python3.9/site-packages/airflow/example_dags/example_short_circuit_decorator.py
[2025-01-26T11:40:40.783-0300] {processor.py:914} INFO - Processing file /mnt/c/Users/ander/Desktop/airflow-spark/airflow-spark/curso2/ambientX/lib/python3.9/site-packages/airflow/example_dags/example_short_circuit_decorator.py for tasks to queue
[2025-01-26T11:40:40.785-0300] {logging_mixin.py:190} INFO - [2025-01-26T11:40:40.785-0300] {dagbag.py:588} INFO - Filling up the DagBag from /mnt/c/Users/ander/Desktop/airflow-spark/airflow-spark/curso2/ambientX/lib/python3.9/site-packages/airflow/example_dags/example_short_circuit_decorator.py
[2025-01-26T11:40:40.814-0300] {processor.py:925} INFO - DAG(s) 'example_short_circuit_decorator' retrieved from /mnt/c/Users/ander/Desktop/airflow-spark/airflow-spark/curso2/ambientX/lib/python3.9/site-packages/airflow/example_dags/example_short_circuit_decorator.py
[2025-01-26T11:40:40.858-0300] {logging_mixin.py:190} INFO - [2025-01-26T11:40:40.857-0300] {dag.py:3239} INFO - Sync 1 DAGs
[2025-01-26T11:40:40.878-0300] {logging_mixin.py:190} INFO - [2025-01-26T11:40:40.877-0300] {dag.py:4180} INFO - Setting next_dagrun for example_short_circuit_decorator to None, run_after=None
[2025-01-26T11:40:40.951-0300] {processor.py:208} INFO - Processing /mnt/c/Users/ander/Desktop/airflow-spark/airflow-spark/curso2/ambientX/lib/python3.9/site-packages/airflow/example_dags/example_short_circuit_decorator.py took 0.188 seconds
[2025-01-26T11:42:22.698-0300] {processor.py:186} INFO - Started process (PID=25915) to work on /mnt/c/Users/ander/Desktop/airflow-spark/airflow-spark/curso2/ambientX/lib/python3.9/site-packages/airflow/example_dags/example_short_circuit_decorator.py
[2025-01-26T11:42:22.700-0300] {processor.py:914} INFO - Processing file /mnt/c/Users/ander/Desktop/airflow-spark/airflow-spark/curso2/ambientX/lib/python3.9/site-packages/airflow/example_dags/example_short_circuit_decorator.py for tasks to queue
[2025-01-26T11:42:22.702-0300] {logging_mixin.py:190} INFO - [2025-01-26T11:42:22.701-0300] {dagbag.py:588} INFO - Filling up the DagBag from /mnt/c/Users/ander/Desktop/airflow-spark/airflow-spark/curso2/ambientX/lib/python3.9/site-packages/airflow/example_dags/example_short_circuit_decorator.py
[2025-01-26T11:42:22.728-0300] {processor.py:925} INFO - DAG(s) 'example_short_circuit_decorator' retrieved from /mnt/c/Users/ander/Desktop/airflow-spark/airflow-spark/curso2/ambientX/lib/python3.9/site-packages/airflow/example_dags/example_short_circuit_decorator.py
[2025-01-26T11:42:22.771-0300] {logging_mixin.py:190} INFO - [2025-01-26T11:42:22.771-0300] {dag.py:3239} INFO - Sync 1 DAGs
[2025-01-26T11:42:22.792-0300] {logging_mixin.py:190} INFO - [2025-01-26T11:42:22.792-0300] {dag.py:4180} INFO - Setting next_dagrun for example_short_circuit_decorator to None, run_after=None
[2025-01-26T11:42:22.853-0300] {processor.py:208} INFO - Processing /mnt/c/Users/ander/Desktop/airflow-spark/airflow-spark/curso2/ambientX/lib/python3.9/site-packages/airflow/example_dags/example_short_circuit_decorator.py took 0.172 seconds
[2025-01-26T11:44:11.175-0300] {processor.py:186} INFO - Started process (PID=26456) to work on /mnt/c/Users/ander/Desktop/airflow-spark/airflow-spark/curso2/ambientX/lib/python3.9/site-packages/airflow/example_dags/example_short_circuit_decorator.py
[2025-01-26T11:44:11.177-0300] {processor.py:914} INFO - Processing file /mnt/c/Users/ander/Desktop/airflow-spark/airflow-spark/curso2/ambientX/lib/python3.9/site-packages/airflow/example_dags/example_short_circuit_decorator.py for tasks to queue
[2025-01-26T11:44:11.179-0300] {logging_mixin.py:190} INFO - [2025-01-26T11:44:11.178-0300] {dagbag.py:588} INFO - Filling up the DagBag from /mnt/c/Users/ander/Desktop/airflow-spark/airflow-spark/curso2/ambientX/lib/python3.9/site-packages/airflow/example_dags/example_short_circuit_decorator.py
[2025-01-26T11:44:11.208-0300] {processor.py:925} INFO - DAG(s) 'example_short_circuit_decorator' retrieved from /mnt/c/Users/ander/Desktop/airflow-spark/airflow-spark/curso2/ambientX/lib/python3.9/site-packages/airflow/example_dags/example_short_circuit_decorator.py
[2025-01-26T11:44:11.251-0300] {logging_mixin.py:190} INFO - [2025-01-26T11:44:11.251-0300] {dag.py:3239} INFO - Sync 1 DAGs
[2025-01-26T11:44:11.270-0300] {logging_mixin.py:190} INFO - [2025-01-26T11:44:11.270-0300] {dag.py:4180} INFO - Setting next_dagrun for example_short_circuit_decorator to None, run_after=None
[2025-01-26T11:44:11.327-0300] {processor.py:208} INFO - Processing /mnt/c/Users/ander/Desktop/airflow-spark/airflow-spark/curso2/ambientX/lib/python3.9/site-packages/airflow/example_dags/example_short_circuit_decorator.py took 0.168 seconds
