[2025-01-26T10:26:08.248-0300] {processor.py:186} INFO - Started process (PID=2667) to work on /mnt/c/Users/ander/Desktop/airflow-spark/airflow-spark/curso2/ambientX/lib/python3.9/site-packages/airflow/example_dags/example_display_name.py
[2025-01-26T10:26:08.250-0300] {processor.py:914} INFO - Processing file /mnt/c/Users/ander/Desktop/airflow-spark/airflow-spark/curso2/ambientX/lib/python3.9/site-packages/airflow/example_dags/example_display_name.py for tasks to queue
[2025-01-26T10:26:08.255-0300] {logging_mixin.py:190} INFO - [2025-01-26T10:26:08.255-0300] {dagbag.py:588} INFO - Filling up the DagBag from /mnt/c/Users/ander/Desktop/airflow-spark/airflow-spark/curso2/ambientX/lib/python3.9/site-packages/airflow/example_dags/example_display_name.py
[2025-01-26T10:26:08.340-0300] {processor.py:925} INFO - DAG(s) 'example_display_name' retrieved from /mnt/c/Users/ander/Desktop/airflow-spark/airflow-spark/curso2/ambientX/lib/python3.9/site-packages/airflow/example_dags/example_display_name.py
[2025-01-26T10:26:08.382-0300] {logging_mixin.py:190} INFO - [2025-01-26T10:26:08.382-0300] {dag.py:3239} INFO - Sync 1 DAGs
[2025-01-26T10:26:08.410-0300] {logging_mixin.py:190} INFO - [2025-01-26T10:26:08.410-0300] {dag.py:4180} INFO - Setting next_dagrun for example_display_name to None, run_after=None
[2025-01-26T10:26:08.488-0300] {processor.py:208} INFO - Processing /mnt/c/Users/ander/Desktop/airflow-spark/airflow-spark/curso2/ambientX/lib/python3.9/site-packages/airflow/example_dags/example_display_name.py took 0.258 seconds
[2025-01-26T10:39:15.498-0300] {processor.py:186} INFO - Started process (PID=8178) to work on /mnt/c/Users/ander/Desktop/airflow-spark/airflow-spark/curso2/ambientX/lib/python3.9/site-packages/airflow/example_dags/example_display_name.py
[2025-01-26T10:39:15.500-0300] {processor.py:914} INFO - Processing file /mnt/c/Users/ander/Desktop/airflow-spark/airflow-spark/curso2/ambientX/lib/python3.9/site-packages/airflow/example_dags/example_display_name.py for tasks to queue
[2025-01-26T10:39:15.502-0300] {logging_mixin.py:190} INFO - [2025-01-26T10:39:15.501-0300] {dagbag.py:588} INFO - Filling up the DagBag from /mnt/c/Users/ander/Desktop/airflow-spark/airflow-spark/curso2/ambientX/lib/python3.9/site-packages/airflow/example_dags/example_display_name.py
[2025-01-26T10:39:15.536-0300] {processor.py:925} INFO - DAG(s) 'example_display_name' retrieved from /mnt/c/Users/ander/Desktop/airflow-spark/airflow-spark/curso2/ambientX/lib/python3.9/site-packages/airflow/example_dags/example_display_name.py
[2025-01-26T10:39:15.589-0300] {logging_mixin.py:190} INFO - [2025-01-26T10:39:15.589-0300] {dag.py:3239} INFO - Sync 1 DAGs
[2025-01-26T10:39:15.615-0300] {logging_mixin.py:190} INFO - [2025-01-26T10:39:15.614-0300] {dag.py:4180} INFO - Setting next_dagrun for example_display_name to None, run_after=None
[2025-01-26T10:39:15.704-0300] {processor.py:208} INFO - Processing /mnt/c/Users/ander/Desktop/airflow-spark/airflow-spark/curso2/ambientX/lib/python3.9/site-packages/airflow/example_dags/example_display_name.py took 0.230 seconds
[2025-01-26T10:41:14.406-0300] {processor.py:186} INFO - Started process (PID=8814) to work on /mnt/c/Users/ander/Desktop/airflow-spark/airflow-spark/curso2/ambientX/lib/python3.9/site-packages/airflow/example_dags/example_display_name.py
[2025-01-26T10:41:14.408-0300] {processor.py:914} INFO - Processing file /mnt/c/Users/ander/Desktop/airflow-spark/airflow-spark/curso2/ambientX/lib/python3.9/site-packages/airflow/example_dags/example_display_name.py for tasks to queue
[2025-01-26T10:41:14.411-0300] {logging_mixin.py:190} INFO - [2025-01-26T10:41:14.410-0300] {dagbag.py:588} INFO - Filling up the DagBag from /mnt/c/Users/ander/Desktop/airflow-spark/airflow-spark/curso2/ambientX/lib/python3.9/site-packages/airflow/example_dags/example_display_name.py
[2025-01-26T10:41:14.442-0300] {processor.py:925} INFO - DAG(s) 'example_display_name' retrieved from /mnt/c/Users/ander/Desktop/airflow-spark/airflow-spark/curso2/ambientX/lib/python3.9/site-packages/airflow/example_dags/example_display_name.py
[2025-01-26T10:41:14.484-0300] {logging_mixin.py:190} INFO - [2025-01-26T10:41:14.484-0300] {dag.py:3239} INFO - Sync 1 DAGs
[2025-01-26T10:41:14.511-0300] {logging_mixin.py:190} INFO - [2025-01-26T10:41:14.511-0300] {dag.py:4180} INFO - Setting next_dagrun for example_display_name to None, run_after=None
[2025-01-26T10:41:14.603-0300] {processor.py:208} INFO - Processing /mnt/c/Users/ander/Desktop/airflow-spark/airflow-spark/curso2/ambientX/lib/python3.9/site-packages/airflow/example_dags/example_display_name.py took 0.217 seconds
[2025-01-26T10:43:02.837-0300] {processor.py:186} INFO - Started process (PID=9246) to work on /mnt/c/Users/ander/Desktop/airflow-spark/airflow-spark/curso2/ambientX/lib/python3.9/site-packages/airflow/example_dags/example_display_name.py
[2025-01-26T10:43:02.839-0300] {processor.py:914} INFO - Processing file /mnt/c/Users/ander/Desktop/airflow-spark/airflow-spark/curso2/ambientX/lib/python3.9/site-packages/airflow/example_dags/example_display_name.py for tasks to queue
[2025-01-26T10:43:02.841-0300] {logging_mixin.py:190} INFO - [2025-01-26T10:43:02.841-0300] {dagbag.py:588} INFO - Filling up the DagBag from /mnt/c/Users/ander/Desktop/airflow-spark/airflow-spark/curso2/ambientX/lib/python3.9/site-packages/airflow/example_dags/example_display_name.py
[2025-01-26T10:43:02.868-0300] {processor.py:925} INFO - DAG(s) 'example_display_name' retrieved from /mnt/c/Users/ander/Desktop/airflow-spark/airflow-spark/curso2/ambientX/lib/python3.9/site-packages/airflow/example_dags/example_display_name.py
[2025-01-26T10:43:02.916-0300] {logging_mixin.py:190} INFO - [2025-01-26T10:43:02.914-0300] {dag.py:3239} INFO - Sync 1 DAGs
[2025-01-26T10:43:02.949-0300] {logging_mixin.py:190} INFO - [2025-01-26T10:43:02.945-0300] {dag.py:4180} INFO - Setting next_dagrun for example_display_name to None, run_after=None
[2025-01-26T10:43:03.022-0300] {processor.py:208} INFO - Processing /mnt/c/Users/ander/Desktop/airflow-spark/airflow-spark/curso2/ambientX/lib/python3.9/site-packages/airflow/example_dags/example_display_name.py took 0.209 seconds
[2025-01-26T10:45:01.965-0300] {processor.py:186} INFO - Started process (PID=9712) to work on /mnt/c/Users/ander/Desktop/airflow-spark/airflow-spark/curso2/ambientX/lib/python3.9/site-packages/airflow/example_dags/example_display_name.py
[2025-01-26T10:45:01.967-0300] {processor.py:914} INFO - Processing file /mnt/c/Users/ander/Desktop/airflow-spark/airflow-spark/curso2/ambientX/lib/python3.9/site-packages/airflow/example_dags/example_display_name.py for tasks to queue
[2025-01-26T10:45:01.968-0300] {logging_mixin.py:190} INFO - [2025-01-26T10:45:01.968-0300] {dagbag.py:588} INFO - Filling up the DagBag from /mnt/c/Users/ander/Desktop/airflow-spark/airflow-spark/curso2/ambientX/lib/python3.9/site-packages/airflow/example_dags/example_display_name.py
[2025-01-26T10:45:01.994-0300] {processor.py:925} INFO - DAG(s) 'example_display_name' retrieved from /mnt/c/Users/ander/Desktop/airflow-spark/airflow-spark/curso2/ambientX/lib/python3.9/site-packages/airflow/example_dags/example_display_name.py
[2025-01-26T10:45:02.033-0300] {logging_mixin.py:190} INFO - [2025-01-26T10:45:02.033-0300] {dag.py:3239} INFO - Sync 1 DAGs
[2025-01-26T10:45:02.052-0300] {logging_mixin.py:190} INFO - [2025-01-26T10:45:02.052-0300] {dag.py:4180} INFO - Setting next_dagrun for example_display_name to None, run_after=None
[2025-01-26T10:45:02.117-0300] {processor.py:208} INFO - Processing /mnt/c/Users/ander/Desktop/airflow-spark/airflow-spark/curso2/ambientX/lib/python3.9/site-packages/airflow/example_dags/example_display_name.py took 0.171 seconds
[2025-01-26T10:46:46.623-0300] {processor.py:186} INFO - Started process (PID=10201) to work on /mnt/c/Users/ander/Desktop/airflow-spark/airflow-spark/curso2/ambientX/lib/python3.9/site-packages/airflow/example_dags/example_display_name.py
[2025-01-26T10:46:46.625-0300] {processor.py:914} INFO - Processing file /mnt/c/Users/ander/Desktop/airflow-spark/airflow-spark/curso2/ambientX/lib/python3.9/site-packages/airflow/example_dags/example_display_name.py for tasks to queue
[2025-01-26T10:46:46.628-0300] {logging_mixin.py:190} INFO - [2025-01-26T10:46:46.627-0300] {dagbag.py:588} INFO - Filling up the DagBag from /mnt/c/Users/ander/Desktop/airflow-spark/airflow-spark/curso2/ambientX/lib/python3.9/site-packages/airflow/example_dags/example_display_name.py
[2025-01-26T10:46:46.657-0300] {processor.py:925} INFO - DAG(s) 'example_display_name' retrieved from /mnt/c/Users/ander/Desktop/airflow-spark/airflow-spark/curso2/ambientX/lib/python3.9/site-packages/airflow/example_dags/example_display_name.py
[2025-01-26T10:46:46.695-0300] {logging_mixin.py:190} INFO - [2025-01-26T10:46:46.695-0300] {dag.py:3239} INFO - Sync 1 DAGs
[2025-01-26T10:46:46.715-0300] {logging_mixin.py:190} INFO - [2025-01-26T10:46:46.715-0300] {dag.py:4180} INFO - Setting next_dagrun for example_display_name to None, run_after=None
[2025-01-26T10:46:46.778-0300] {processor.py:208} INFO - Processing /mnt/c/Users/ander/Desktop/airflow-spark/airflow-spark/curso2/ambientX/lib/python3.9/site-packages/airflow/example_dags/example_display_name.py took 0.173 seconds
[2025-01-26T10:48:32.679-0300] {processor.py:186} INFO - Started process (PID=10636) to work on /mnt/c/Users/ander/Desktop/airflow-spark/airflow-spark/curso2/ambientX/lib/python3.9/site-packages/airflow/example_dags/example_display_name.py
[2025-01-26T10:48:32.682-0300] {processor.py:914} INFO - Processing file /mnt/c/Users/ander/Desktop/airflow-spark/airflow-spark/curso2/ambientX/lib/python3.9/site-packages/airflow/example_dags/example_display_name.py for tasks to queue
[2025-01-26T10:48:32.686-0300] {logging_mixin.py:190} INFO - [2025-01-26T10:48:32.685-0300] {dagbag.py:588} INFO - Filling up the DagBag from /mnt/c/Users/ander/Desktop/airflow-spark/airflow-spark/curso2/ambientX/lib/python3.9/site-packages/airflow/example_dags/example_display_name.py
[2025-01-26T10:48:32.723-0300] {processor.py:925} INFO - DAG(s) 'example_display_name' retrieved from /mnt/c/Users/ander/Desktop/airflow-spark/airflow-spark/curso2/ambientX/lib/python3.9/site-packages/airflow/example_dags/example_display_name.py
[2025-01-26T10:48:32.763-0300] {logging_mixin.py:190} INFO - [2025-01-26T10:48:32.763-0300] {dag.py:3239} INFO - Sync 1 DAGs
[2025-01-26T10:48:32.788-0300] {logging_mixin.py:190} INFO - [2025-01-26T10:48:32.788-0300] {dag.py:4180} INFO - Setting next_dagrun for example_display_name to None, run_after=None
[2025-01-26T10:48:32.866-0300] {processor.py:208} INFO - Processing /mnt/c/Users/ander/Desktop/airflow-spark/airflow-spark/curso2/ambientX/lib/python3.9/site-packages/airflow/example_dags/example_display_name.py took 0.206 seconds
[2025-01-26T10:50:22.027-0300] {processor.py:186} INFO - Started process (PID=11110) to work on /mnt/c/Users/ander/Desktop/airflow-spark/airflow-spark/curso2/ambientX/lib/python3.9/site-packages/airflow/example_dags/example_display_name.py
[2025-01-26T10:50:22.029-0300] {processor.py:914} INFO - Processing file /mnt/c/Users/ander/Desktop/airflow-spark/airflow-spark/curso2/ambientX/lib/python3.9/site-packages/airflow/example_dags/example_display_name.py for tasks to queue
[2025-01-26T10:50:22.033-0300] {logging_mixin.py:190} INFO - [2025-01-26T10:50:22.032-0300] {dagbag.py:588} INFO - Filling up the DagBag from /mnt/c/Users/ander/Desktop/airflow-spark/airflow-spark/curso2/ambientX/lib/python3.9/site-packages/airflow/example_dags/example_display_name.py
[2025-01-26T10:50:22.063-0300] {processor.py:925} INFO - DAG(s) 'example_display_name' retrieved from /mnt/c/Users/ander/Desktop/airflow-spark/airflow-spark/curso2/ambientX/lib/python3.9/site-packages/airflow/example_dags/example_display_name.py
[2025-01-26T10:50:22.109-0300] {logging_mixin.py:190} INFO - [2025-01-26T10:50:22.109-0300] {dag.py:3239} INFO - Sync 1 DAGs
[2025-01-26T10:50:22.134-0300] {logging_mixin.py:190} INFO - [2025-01-26T10:50:22.134-0300] {dag.py:4180} INFO - Setting next_dagrun for example_display_name to None, run_after=None
[2025-01-26T10:50:22.211-0300] {processor.py:208} INFO - Processing /mnt/c/Users/ander/Desktop/airflow-spark/airflow-spark/curso2/ambientX/lib/python3.9/site-packages/airflow/example_dags/example_display_name.py took 0.201 seconds
[2025-01-26T10:52:11.109-0300] {processor.py:186} INFO - Started process (PID=11612) to work on /mnt/c/Users/ander/Desktop/airflow-spark/airflow-spark/curso2/ambientX/lib/python3.9/site-packages/airflow/example_dags/example_display_name.py
[2025-01-26T10:52:11.110-0300] {processor.py:914} INFO - Processing file /mnt/c/Users/ander/Desktop/airflow-spark/airflow-spark/curso2/ambientX/lib/python3.9/site-packages/airflow/example_dags/example_display_name.py for tasks to queue
[2025-01-26T10:52:11.113-0300] {logging_mixin.py:190} INFO - [2025-01-26T10:52:11.113-0300] {dagbag.py:588} INFO - Filling up the DagBag from /mnt/c/Users/ander/Desktop/airflow-spark/airflow-spark/curso2/ambientX/lib/python3.9/site-packages/airflow/example_dags/example_display_name.py
[2025-01-26T10:52:11.147-0300] {processor.py:925} INFO - DAG(s) 'example_display_name' retrieved from /mnt/c/Users/ander/Desktop/airflow-spark/airflow-spark/curso2/ambientX/lib/python3.9/site-packages/airflow/example_dags/example_display_name.py
[2025-01-26T10:52:11.193-0300] {logging_mixin.py:190} INFO - [2025-01-26T10:52:11.193-0300] {dag.py:3239} INFO - Sync 1 DAGs
[2025-01-26T10:52:11.218-0300] {logging_mixin.py:190} INFO - [2025-01-26T10:52:11.218-0300] {dag.py:4180} INFO - Setting next_dagrun for example_display_name to None, run_after=None
[2025-01-26T10:52:11.306-0300] {processor.py:208} INFO - Processing /mnt/c/Users/ander/Desktop/airflow-spark/airflow-spark/curso2/ambientX/lib/python3.9/site-packages/airflow/example_dags/example_display_name.py took 0.220 seconds
[2025-01-26T10:54:07.593-0300] {processor.py:186} INFO - Started process (PID=12083) to work on /mnt/c/Users/ander/Desktop/airflow-spark/airflow-spark/curso2/ambientX/lib/python3.9/site-packages/airflow/example_dags/example_display_name.py
[2025-01-26T10:54:07.595-0300] {processor.py:914} INFO - Processing file /mnt/c/Users/ander/Desktop/airflow-spark/airflow-spark/curso2/ambientX/lib/python3.9/site-packages/airflow/example_dags/example_display_name.py for tasks to queue
[2025-01-26T10:54:07.598-0300] {logging_mixin.py:190} INFO - [2025-01-26T10:54:07.597-0300] {dagbag.py:588} INFO - Filling up the DagBag from /mnt/c/Users/ander/Desktop/airflow-spark/airflow-spark/curso2/ambientX/lib/python3.9/site-packages/airflow/example_dags/example_display_name.py
[2025-01-26T10:54:07.631-0300] {processor.py:925} INFO - DAG(s) 'example_display_name' retrieved from /mnt/c/Users/ander/Desktop/airflow-spark/airflow-spark/curso2/ambientX/lib/python3.9/site-packages/airflow/example_dags/example_display_name.py
[2025-01-26T10:54:07.675-0300] {logging_mixin.py:190} INFO - [2025-01-26T10:54:07.675-0300] {dag.py:3239} INFO - Sync 1 DAGs
[2025-01-26T10:54:07.700-0300] {logging_mixin.py:190} INFO - [2025-01-26T10:54:07.699-0300] {dag.py:4180} INFO - Setting next_dagrun for example_display_name to None, run_after=None
[2025-01-26T10:54:07.776-0300] {processor.py:208} INFO - Processing /mnt/c/Users/ander/Desktop/airflow-spark/airflow-spark/curso2/ambientX/lib/python3.9/site-packages/airflow/example_dags/example_display_name.py took 0.205 seconds
[2025-01-26T10:55:55.928-0300] {processor.py:186} INFO - Started process (PID=12531) to work on /mnt/c/Users/ander/Desktop/airflow-spark/airflow-spark/curso2/ambientX/lib/python3.9/site-packages/airflow/example_dags/example_display_name.py
[2025-01-26T10:55:55.930-0300] {processor.py:914} INFO - Processing file /mnt/c/Users/ander/Desktop/airflow-spark/airflow-spark/curso2/ambientX/lib/python3.9/site-packages/airflow/example_dags/example_display_name.py for tasks to queue
[2025-01-26T10:55:55.933-0300] {logging_mixin.py:190} INFO - [2025-01-26T10:55:55.933-0300] {dagbag.py:588} INFO - Filling up the DagBag from /mnt/c/Users/ander/Desktop/airflow-spark/airflow-spark/curso2/ambientX/lib/python3.9/site-packages/airflow/example_dags/example_display_name.py
[2025-01-26T10:55:55.967-0300] {processor.py:925} INFO - DAG(s) 'example_display_name' retrieved from /mnt/c/Users/ander/Desktop/airflow-spark/airflow-spark/curso2/ambientX/lib/python3.9/site-packages/airflow/example_dags/example_display_name.py
[2025-01-26T10:55:56.011-0300] {logging_mixin.py:190} INFO - [2025-01-26T10:55:56.010-0300] {dag.py:3239} INFO - Sync 1 DAGs
[2025-01-26T10:55:56.035-0300] {logging_mixin.py:190} INFO - [2025-01-26T10:55:56.035-0300] {dag.py:4180} INFO - Setting next_dagrun for example_display_name to None, run_after=None
[2025-01-26T10:55:56.120-0300] {processor.py:208} INFO - Processing /mnt/c/Users/ander/Desktop/airflow-spark/airflow-spark/curso2/ambientX/lib/python3.9/site-packages/airflow/example_dags/example_display_name.py took 0.213 seconds
[2025-01-26T10:57:46.249-0300] {processor.py:186} INFO - Started process (PID=13053) to work on /mnt/c/Users/ander/Desktop/airflow-spark/airflow-spark/curso2/ambientX/lib/python3.9/site-packages/airflow/example_dags/example_display_name.py
[2025-01-26T10:57:46.252-0300] {processor.py:914} INFO - Processing file /mnt/c/Users/ander/Desktop/airflow-spark/airflow-spark/curso2/ambientX/lib/python3.9/site-packages/airflow/example_dags/example_display_name.py for tasks to queue
[2025-01-26T10:57:46.255-0300] {logging_mixin.py:190} INFO - [2025-01-26T10:57:46.254-0300] {dagbag.py:588} INFO - Filling up the DagBag from /mnt/c/Users/ander/Desktop/airflow-spark/airflow-spark/curso2/ambientX/lib/python3.9/site-packages/airflow/example_dags/example_display_name.py
[2025-01-26T10:57:46.287-0300] {processor.py:925} INFO - DAG(s) 'example_display_name' retrieved from /mnt/c/Users/ander/Desktop/airflow-spark/airflow-spark/curso2/ambientX/lib/python3.9/site-packages/airflow/example_dags/example_display_name.py
[2025-01-26T10:57:46.332-0300] {logging_mixin.py:190} INFO - [2025-01-26T10:57:46.332-0300] {dag.py:3239} INFO - Sync 1 DAGs
[2025-01-26T10:57:46.356-0300] {logging_mixin.py:190} INFO - [2025-01-26T10:57:46.356-0300] {dag.py:4180} INFO - Setting next_dagrun for example_display_name to None, run_after=None
[2025-01-26T10:57:46.446-0300] {processor.py:208} INFO - Processing /mnt/c/Users/ander/Desktop/airflow-spark/airflow-spark/curso2/ambientX/lib/python3.9/site-packages/airflow/example_dags/example_display_name.py took 0.217 seconds
[2025-01-26T10:59:41.545-0300] {processor.py:186} INFO - Started process (PID=13555) to work on /mnt/c/Users/ander/Desktop/airflow-spark/airflow-spark/curso2/ambientX/lib/python3.9/site-packages/airflow/example_dags/example_display_name.py
[2025-01-26T10:59:41.547-0300] {processor.py:914} INFO - Processing file /mnt/c/Users/ander/Desktop/airflow-spark/airflow-spark/curso2/ambientX/lib/python3.9/site-packages/airflow/example_dags/example_display_name.py for tasks to queue
[2025-01-26T10:59:41.549-0300] {logging_mixin.py:190} INFO - [2025-01-26T10:59:41.548-0300] {dagbag.py:588} INFO - Filling up the DagBag from /mnt/c/Users/ander/Desktop/airflow-spark/airflow-spark/curso2/ambientX/lib/python3.9/site-packages/airflow/example_dags/example_display_name.py
[2025-01-26T10:59:41.593-0300] {processor.py:925} INFO - DAG(s) 'example_display_name' retrieved from /mnt/c/Users/ander/Desktop/airflow-spark/airflow-spark/curso2/ambientX/lib/python3.9/site-packages/airflow/example_dags/example_display_name.py
[2025-01-26T10:59:41.661-0300] {logging_mixin.py:190} INFO - [2025-01-26T10:59:41.661-0300] {dag.py:3239} INFO - Sync 1 DAGs
[2025-01-26T10:59:41.686-0300] {logging_mixin.py:190} INFO - [2025-01-26T10:59:41.686-0300] {dag.py:4180} INFO - Setting next_dagrun for example_display_name to None, run_after=None
[2025-01-26T10:59:41.760-0300] {processor.py:208} INFO - Processing /mnt/c/Users/ander/Desktop/airflow-spark/airflow-spark/curso2/ambientX/lib/python3.9/site-packages/airflow/example_dags/example_display_name.py took 0.249 seconds
[2025-01-26T11:01:41.701-0300] {processor.py:186} INFO - Started process (PID=14141) to work on /mnt/c/Users/ander/Desktop/airflow-spark/airflow-spark/curso2/ambientX/lib/python3.9/site-packages/airflow/example_dags/example_display_name.py
[2025-01-26T11:01:41.703-0300] {processor.py:914} INFO - Processing file /mnt/c/Users/ander/Desktop/airflow-spark/airflow-spark/curso2/ambientX/lib/python3.9/site-packages/airflow/example_dags/example_display_name.py for tasks to queue
[2025-01-26T11:01:41.705-0300] {logging_mixin.py:190} INFO - [2025-01-26T11:01:41.705-0300] {dagbag.py:588} INFO - Filling up the DagBag from /mnt/c/Users/ander/Desktop/airflow-spark/airflow-spark/curso2/ambientX/lib/python3.9/site-packages/airflow/example_dags/example_display_name.py
[2025-01-26T11:01:41.725-0300] {processor.py:925} INFO - DAG(s) 'example_display_name' retrieved from /mnt/c/Users/ander/Desktop/airflow-spark/airflow-spark/curso2/ambientX/lib/python3.9/site-packages/airflow/example_dags/example_display_name.py
[2025-01-26T11:01:41.762-0300] {logging_mixin.py:190} INFO - [2025-01-26T11:01:41.761-0300] {dag.py:3239} INFO - Sync 1 DAGs
[2025-01-26T11:01:41.788-0300] {logging_mixin.py:190} INFO - [2025-01-26T11:01:41.788-0300] {dag.py:4180} INFO - Setting next_dagrun for example_display_name to None, run_after=None
[2025-01-26T11:01:41.867-0300] {processor.py:208} INFO - Processing /mnt/c/Users/ander/Desktop/airflow-spark/airflow-spark/curso2/ambientX/lib/python3.9/site-packages/airflow/example_dags/example_display_name.py took 0.181 seconds
[2025-01-26T11:03:32.185-0300] {processor.py:186} INFO - Started process (PID=15084) to work on /mnt/c/Users/ander/Desktop/airflow-spark/airflow-spark/curso2/ambientX/lib/python3.9/site-packages/airflow/example_dags/example_display_name.py
[2025-01-26T11:03:32.186-0300] {processor.py:914} INFO - Processing file /mnt/c/Users/ander/Desktop/airflow-spark/airflow-spark/curso2/ambientX/lib/python3.9/site-packages/airflow/example_dags/example_display_name.py for tasks to queue
[2025-01-26T11:03:32.188-0300] {logging_mixin.py:190} INFO - [2025-01-26T11:03:32.188-0300] {dagbag.py:588} INFO - Filling up the DagBag from /mnt/c/Users/ander/Desktop/airflow-spark/airflow-spark/curso2/ambientX/lib/python3.9/site-packages/airflow/example_dags/example_display_name.py
[2025-01-26T11:03:32.217-0300] {processor.py:925} INFO - DAG(s) 'example_display_name' retrieved from /mnt/c/Users/ander/Desktop/airflow-spark/airflow-spark/curso2/ambientX/lib/python3.9/site-packages/airflow/example_dags/example_display_name.py
[2025-01-26T11:03:32.256-0300] {logging_mixin.py:190} INFO - [2025-01-26T11:03:32.255-0300] {dag.py:3239} INFO - Sync 1 DAGs
[2025-01-26T11:03:32.273-0300] {logging_mixin.py:190} INFO - [2025-01-26T11:03:32.273-0300] {dag.py:4180} INFO - Setting next_dagrun for example_display_name to None, run_after=None
[2025-01-26T11:03:32.333-0300] {processor.py:208} INFO - Processing /mnt/c/Users/ander/Desktop/airflow-spark/airflow-spark/curso2/ambientX/lib/python3.9/site-packages/airflow/example_dags/example_display_name.py took 0.166 seconds
[2025-01-26T11:05:17.739-0300] {processor.py:186} INFO - Started process (PID=15532) to work on /mnt/c/Users/ander/Desktop/airflow-spark/airflow-spark/curso2/ambientX/lib/python3.9/site-packages/airflow/example_dags/example_display_name.py
[2025-01-26T11:05:17.740-0300] {processor.py:914} INFO - Processing file /mnt/c/Users/ander/Desktop/airflow-spark/airflow-spark/curso2/ambientX/lib/python3.9/site-packages/airflow/example_dags/example_display_name.py for tasks to queue
[2025-01-26T11:05:17.742-0300] {logging_mixin.py:190} INFO - [2025-01-26T11:05:17.742-0300] {dagbag.py:588} INFO - Filling up the DagBag from /mnt/c/Users/ander/Desktop/airflow-spark/airflow-spark/curso2/ambientX/lib/python3.9/site-packages/airflow/example_dags/example_display_name.py
[2025-01-26T11:05:17.767-0300] {processor.py:925} INFO - DAG(s) 'example_display_name' retrieved from /mnt/c/Users/ander/Desktop/airflow-spark/airflow-spark/curso2/ambientX/lib/python3.9/site-packages/airflow/example_dags/example_display_name.py
[2025-01-26T11:05:17.806-0300] {logging_mixin.py:190} INFO - [2025-01-26T11:05:17.805-0300] {dag.py:3239} INFO - Sync 1 DAGs
[2025-01-26T11:05:17.834-0300] {logging_mixin.py:190} INFO - [2025-01-26T11:05:17.833-0300] {dag.py:4180} INFO - Setting next_dagrun for example_display_name to None, run_after=None
[2025-01-26T11:05:17.913-0300] {processor.py:208} INFO - Processing /mnt/c/Users/ander/Desktop/airflow-spark/airflow-spark/curso2/ambientX/lib/python3.9/site-packages/airflow/example_dags/example_display_name.py took 0.191 seconds
[2025-01-26T11:06:56.084-0300] {processor.py:186} INFO - Started process (PID=15961) to work on /mnt/c/Users/ander/Desktop/airflow-spark/airflow-spark/curso2/ambientX/lib/python3.9/site-packages/airflow/example_dags/example_display_name.py
[2025-01-26T11:06:56.085-0300] {processor.py:914} INFO - Processing file /mnt/c/Users/ander/Desktop/airflow-spark/airflow-spark/curso2/ambientX/lib/python3.9/site-packages/airflow/example_dags/example_display_name.py for tasks to queue
[2025-01-26T11:06:56.087-0300] {logging_mixin.py:190} INFO - [2025-01-26T11:06:56.087-0300] {dagbag.py:588} INFO - Filling up the DagBag from /mnt/c/Users/ander/Desktop/airflow-spark/airflow-spark/curso2/ambientX/lib/python3.9/site-packages/airflow/example_dags/example_display_name.py
[2025-01-26T11:06:56.113-0300] {processor.py:925} INFO - DAG(s) 'example_display_name' retrieved from /mnt/c/Users/ander/Desktop/airflow-spark/airflow-spark/curso2/ambientX/lib/python3.9/site-packages/airflow/example_dags/example_display_name.py
[2025-01-26T11:06:56.151-0300] {logging_mixin.py:190} INFO - [2025-01-26T11:06:56.150-0300] {dag.py:3239} INFO - Sync 1 DAGs
[2025-01-26T11:06:56.170-0300] {logging_mixin.py:190} INFO - [2025-01-26T11:06:56.170-0300] {dag.py:4180} INFO - Setting next_dagrun for example_display_name to None, run_after=None
[2025-01-26T11:06:56.240-0300] {processor.py:208} INFO - Processing /mnt/c/Users/ander/Desktop/airflow-spark/airflow-spark/curso2/ambientX/lib/python3.9/site-packages/airflow/example_dags/example_display_name.py took 0.172 seconds
[2025-01-26T11:08:40.723-0300] {processor.py:186} INFO - Started process (PID=16410) to work on /mnt/c/Users/ander/Desktop/airflow-spark/airflow-spark/curso2/ambientX/lib/python3.9/site-packages/airflow/example_dags/example_display_name.py
[2025-01-26T11:08:40.724-0300] {processor.py:914} INFO - Processing file /mnt/c/Users/ander/Desktop/airflow-spark/airflow-spark/curso2/ambientX/lib/python3.9/site-packages/airflow/example_dags/example_display_name.py for tasks to queue
[2025-01-26T11:08:40.727-0300] {logging_mixin.py:190} INFO - [2025-01-26T11:08:40.726-0300] {dagbag.py:588} INFO - Filling up the DagBag from /mnt/c/Users/ander/Desktop/airflow-spark/airflow-spark/curso2/ambientX/lib/python3.9/site-packages/airflow/example_dags/example_display_name.py
[2025-01-26T11:08:40.753-0300] {processor.py:925} INFO - DAG(s) 'example_display_name' retrieved from /mnt/c/Users/ander/Desktop/airflow-spark/airflow-spark/curso2/ambientX/lib/python3.9/site-packages/airflow/example_dags/example_display_name.py
[2025-01-26T11:08:40.792-0300] {logging_mixin.py:190} INFO - [2025-01-26T11:08:40.791-0300] {dag.py:3239} INFO - Sync 1 DAGs
[2025-01-26T11:08:40.811-0300] {logging_mixin.py:190} INFO - [2025-01-26T11:08:40.811-0300] {dag.py:4180} INFO - Setting next_dagrun for example_display_name to None, run_after=None
[2025-01-26T11:08:40.876-0300] {processor.py:208} INFO - Processing /mnt/c/Users/ander/Desktop/airflow-spark/airflow-spark/curso2/ambientX/lib/python3.9/site-packages/airflow/example_dags/example_display_name.py took 0.172 seconds
[2025-01-26T11:10:24.251-0300] {processor.py:186} INFO - Started process (PID=16851) to work on /mnt/c/Users/ander/Desktop/airflow-spark/airflow-spark/curso2/ambientX/lib/python3.9/site-packages/airflow/example_dags/example_display_name.py
[2025-01-26T11:10:24.253-0300] {processor.py:914} INFO - Processing file /mnt/c/Users/ander/Desktop/airflow-spark/airflow-spark/curso2/ambientX/lib/python3.9/site-packages/airflow/example_dags/example_display_name.py for tasks to queue
[2025-01-26T11:10:24.257-0300] {logging_mixin.py:190} INFO - [2025-01-26T11:10:24.256-0300] {dagbag.py:588} INFO - Filling up the DagBag from /mnt/c/Users/ander/Desktop/airflow-spark/airflow-spark/curso2/ambientX/lib/python3.9/site-packages/airflow/example_dags/example_display_name.py
[2025-01-26T11:10:24.288-0300] {processor.py:925} INFO - DAG(s) 'example_display_name' retrieved from /mnt/c/Users/ander/Desktop/airflow-spark/airflow-spark/curso2/ambientX/lib/python3.9/site-packages/airflow/example_dags/example_display_name.py
[2025-01-26T11:10:24.330-0300] {logging_mixin.py:190} INFO - [2025-01-26T11:10:24.330-0300] {dag.py:3239} INFO - Sync 1 DAGs
[2025-01-26T11:10:24.352-0300] {logging_mixin.py:190} INFO - [2025-01-26T11:10:24.352-0300] {dag.py:4180} INFO - Setting next_dagrun for example_display_name to None, run_after=None
[2025-01-26T11:10:24.420-0300] {processor.py:208} INFO - Processing /mnt/c/Users/ander/Desktop/airflow-spark/airflow-spark/curso2/ambientX/lib/python3.9/site-packages/airflow/example_dags/example_display_name.py took 0.189 seconds
[2025-01-26T11:13:24.441-0300] {processor.py:186} INFO - Started process (PID=17621) to work on /mnt/c/Users/ander/Desktop/airflow-spark/airflow-spark/curso2/ambientX/lib/python3.9/site-packages/airflow/example_dags/example_display_name.py
[2025-01-26T11:13:24.443-0300] {processor.py:914} INFO - Processing file /mnt/c/Users/ander/Desktop/airflow-spark/airflow-spark/curso2/ambientX/lib/python3.9/site-packages/airflow/example_dags/example_display_name.py for tasks to queue
[2025-01-26T11:13:24.445-0300] {logging_mixin.py:190} INFO - [2025-01-26T11:13:24.445-0300] {dagbag.py:588} INFO - Filling up the DagBag from /mnt/c/Users/ander/Desktop/airflow-spark/airflow-spark/curso2/ambientX/lib/python3.9/site-packages/airflow/example_dags/example_display_name.py
[2025-01-26T11:13:24.470-0300] {processor.py:925} INFO - DAG(s) 'example_display_name' retrieved from /mnt/c/Users/ander/Desktop/airflow-spark/airflow-spark/curso2/ambientX/lib/python3.9/site-packages/airflow/example_dags/example_display_name.py
[2025-01-26T11:13:24.509-0300] {logging_mixin.py:190} INFO - [2025-01-26T11:13:24.508-0300] {dag.py:3239} INFO - Sync 1 DAGs
[2025-01-26T11:13:24.531-0300] {logging_mixin.py:190} INFO - [2025-01-26T11:13:24.531-0300] {dag.py:4180} INFO - Setting next_dagrun for example_display_name to None, run_after=None
[2025-01-26T11:13:24.654-0300] {processor.py:208} INFO - Processing /mnt/c/Users/ander/Desktop/airflow-spark/airflow-spark/curso2/ambientX/lib/python3.9/site-packages/airflow/example_dags/example_display_name.py took 0.230 seconds
[2025-01-26T11:15:46.136-0300] {processor.py:186} INFO - Started process (PID=18333) to work on /mnt/c/Users/ander/Desktop/airflow-spark/airflow-spark/curso2/ambientX/lib/python3.9/site-packages/airflow/example_dags/example_display_name.py
[2025-01-26T11:15:46.138-0300] {processor.py:914} INFO - Processing file /mnt/c/Users/ander/Desktop/airflow-spark/airflow-spark/curso2/ambientX/lib/python3.9/site-packages/airflow/example_dags/example_display_name.py for tasks to queue
[2025-01-26T11:15:46.140-0300] {logging_mixin.py:190} INFO - [2025-01-26T11:15:46.139-0300] {dagbag.py:588} INFO - Filling up the DagBag from /mnt/c/Users/ander/Desktop/airflow-spark/airflow-spark/curso2/ambientX/lib/python3.9/site-packages/airflow/example_dags/example_display_name.py
[2025-01-26T11:15:46.167-0300] {processor.py:925} INFO - DAG(s) 'example_display_name' retrieved from /mnt/c/Users/ander/Desktop/airflow-spark/airflow-spark/curso2/ambientX/lib/python3.9/site-packages/airflow/example_dags/example_display_name.py
[2025-01-26T11:15:46.208-0300] {logging_mixin.py:190} INFO - [2025-01-26T11:15:46.208-0300] {dag.py:3239} INFO - Sync 1 DAGs
[2025-01-26T11:15:46.228-0300] {logging_mixin.py:190} INFO - [2025-01-26T11:15:46.228-0300] {dag.py:4180} INFO - Setting next_dagrun for example_display_name to None, run_after=None
[2025-01-26T11:15:46.305-0300] {processor.py:208} INFO - Processing /mnt/c/Users/ander/Desktop/airflow-spark/airflow-spark/curso2/ambientX/lib/python3.9/site-packages/airflow/example_dags/example_display_name.py took 0.187 seconds
[2025-01-26T11:19:03.519-0300] {processor.py:186} INFO - Started process (PID=19279) to work on /mnt/c/Users/ander/Desktop/airflow-spark/airflow-spark/curso2/ambientX/lib/python3.9/site-packages/airflow/example_dags/example_display_name.py
[2025-01-26T11:19:03.520-0300] {processor.py:914} INFO - Processing file /mnt/c/Users/ander/Desktop/airflow-spark/airflow-spark/curso2/ambientX/lib/python3.9/site-packages/airflow/example_dags/example_display_name.py for tasks to queue
[2025-01-26T11:19:03.522-0300] {logging_mixin.py:190} INFO - [2025-01-26T11:19:03.522-0300] {dagbag.py:588} INFO - Filling up the DagBag from /mnt/c/Users/ander/Desktop/airflow-spark/airflow-spark/curso2/ambientX/lib/python3.9/site-packages/airflow/example_dags/example_display_name.py
[2025-01-26T11:19:03.551-0300] {processor.py:925} INFO - DAG(s) 'example_display_name' retrieved from /mnt/c/Users/ander/Desktop/airflow-spark/airflow-spark/curso2/ambientX/lib/python3.9/site-packages/airflow/example_dags/example_display_name.py
[2025-01-26T11:19:03.590-0300] {logging_mixin.py:190} INFO - [2025-01-26T11:19:03.590-0300] {dag.py:3239} INFO - Sync 1 DAGs
[2025-01-26T11:19:03.611-0300] {logging_mixin.py:190} INFO - [2025-01-26T11:19:03.611-0300] {dag.py:4180} INFO - Setting next_dagrun for example_display_name to None, run_after=None
[2025-01-26T11:19:04.396-0300] {processor.py:208} INFO - Processing /mnt/c/Users/ander/Desktop/airflow-spark/airflow-spark/curso2/ambientX/lib/python3.9/site-packages/airflow/example_dags/example_display_name.py took 0.896 seconds
[2025-01-26T11:22:47.642-0300] {processor.py:186} INFO - Started process (PID=20123) to work on /mnt/c/Users/ander/Desktop/airflow-spark/airflow-spark/curso2/ambientX/lib/python3.9/site-packages/airflow/example_dags/example_display_name.py
[2025-01-26T11:22:47.644-0300] {processor.py:914} INFO - Processing file /mnt/c/Users/ander/Desktop/airflow-spark/airflow-spark/curso2/ambientX/lib/python3.9/site-packages/airflow/example_dags/example_display_name.py for tasks to queue
[2025-01-26T11:22:47.646-0300] {logging_mixin.py:190} INFO - [2025-01-26T11:22:47.645-0300] {dagbag.py:588} INFO - Filling up the DagBag from /mnt/c/Users/ander/Desktop/airflow-spark/airflow-spark/curso2/ambientX/lib/python3.9/site-packages/airflow/example_dags/example_display_name.py
[2025-01-26T11:22:47.669-0300] {processor.py:925} INFO - DAG(s) 'example_display_name' retrieved from /mnt/c/Users/ander/Desktop/airflow-spark/airflow-spark/curso2/ambientX/lib/python3.9/site-packages/airflow/example_dags/example_display_name.py
[2025-01-26T11:22:47.704-0300] {logging_mixin.py:190} INFO - [2025-01-26T11:22:47.704-0300] {dag.py:3239} INFO - Sync 1 DAGs
[2025-01-26T11:22:47.723-0300] {logging_mixin.py:190} INFO - [2025-01-26T11:22:47.723-0300] {dag.py:4180} INFO - Setting next_dagrun for example_display_name to None, run_after=None
[2025-01-26T11:22:47.789-0300] {processor.py:208} INFO - Processing /mnt/c/Users/ander/Desktop/airflow-spark/airflow-spark/curso2/ambientX/lib/python3.9/site-packages/airflow/example_dags/example_display_name.py took 0.161 seconds
[2025-01-26T11:25:18.292-0300] {processor.py:186} INFO - Started process (PID=20901) to work on /mnt/c/Users/ander/Desktop/airflow-spark/airflow-spark/curso2/ambientX/lib/python3.9/site-packages/airflow/example_dags/example_display_name.py
[2025-01-26T11:25:18.293-0300] {processor.py:914} INFO - Processing file /mnt/c/Users/ander/Desktop/airflow-spark/airflow-spark/curso2/ambientX/lib/python3.9/site-packages/airflow/example_dags/example_display_name.py for tasks to queue
[2025-01-26T11:25:18.295-0300] {logging_mixin.py:190} INFO - [2025-01-26T11:25:18.295-0300] {dagbag.py:588} INFO - Filling up the DagBag from /mnt/c/Users/ander/Desktop/airflow-spark/airflow-spark/curso2/ambientX/lib/python3.9/site-packages/airflow/example_dags/example_display_name.py
[2025-01-26T11:25:18.322-0300] {processor.py:925} INFO - DAG(s) 'example_display_name' retrieved from /mnt/c/Users/ander/Desktop/airflow-spark/airflow-spark/curso2/ambientX/lib/python3.9/site-packages/airflow/example_dags/example_display_name.py
[2025-01-26T11:25:18.365-0300] {logging_mixin.py:190} INFO - [2025-01-26T11:25:18.364-0300] {dag.py:3239} INFO - Sync 1 DAGs
[2025-01-26T11:25:18.385-0300] {logging_mixin.py:190} INFO - [2025-01-26T11:25:18.385-0300] {dag.py:4180} INFO - Setting next_dagrun for example_display_name to None, run_after=None
[2025-01-26T11:25:18.971-0300] {processor.py:208} INFO - Processing /mnt/c/Users/ander/Desktop/airflow-spark/airflow-spark/curso2/ambientX/lib/python3.9/site-packages/airflow/example_dags/example_display_name.py took 0.696 seconds
[2025-01-26T11:27:39.951-0300] {processor.py:186} INFO - Started process (PID=21590) to work on /mnt/c/Users/ander/Desktop/airflow-spark/airflow-spark/curso2/ambientX/lib/python3.9/site-packages/airflow/example_dags/example_display_name.py
[2025-01-26T11:27:39.952-0300] {processor.py:914} INFO - Processing file /mnt/c/Users/ander/Desktop/airflow-spark/airflow-spark/curso2/ambientX/lib/python3.9/site-packages/airflow/example_dags/example_display_name.py for tasks to queue
[2025-01-26T11:27:39.955-0300] {logging_mixin.py:190} INFO - [2025-01-26T11:27:39.954-0300] {dagbag.py:588} INFO - Filling up the DagBag from /mnt/c/Users/ander/Desktop/airflow-spark/airflow-spark/curso2/ambientX/lib/python3.9/site-packages/airflow/example_dags/example_display_name.py
[2025-01-26T11:27:39.989-0300] {processor.py:925} INFO - DAG(s) 'example_display_name' retrieved from /mnt/c/Users/ander/Desktop/airflow-spark/airflow-spark/curso2/ambientX/lib/python3.9/site-packages/airflow/example_dags/example_display_name.py
[2025-01-26T11:27:40.030-0300] {logging_mixin.py:190} INFO - [2025-01-26T11:27:40.030-0300] {dag.py:3239} INFO - Sync 1 DAGs
[2025-01-26T11:27:40.051-0300] {logging_mixin.py:190} INFO - [2025-01-26T11:27:40.051-0300] {dag.py:4180} INFO - Setting next_dagrun for example_display_name to None, run_after=None
[2025-01-26T11:27:40.140-0300] {processor.py:208} INFO - Processing /mnt/c/Users/ander/Desktop/airflow-spark/airflow-spark/curso2/ambientX/lib/python3.9/site-packages/airflow/example_dags/example_display_name.py took 0.207 seconds
[2025-01-26T11:30:12.720-0300] {processor.py:186} INFO - Started process (PID=22422) to work on /mnt/c/Users/ander/Desktop/airflow-spark/airflow-spark/curso2/ambientX/lib/python3.9/site-packages/airflow/example_dags/example_display_name.py
[2025-01-26T11:30:12.721-0300] {processor.py:914} INFO - Processing file /mnt/c/Users/ander/Desktop/airflow-spark/airflow-spark/curso2/ambientX/lib/python3.9/site-packages/airflow/example_dags/example_display_name.py for tasks to queue
[2025-01-26T11:30:12.724-0300] {logging_mixin.py:190} INFO - [2025-01-26T11:30:12.724-0300] {dagbag.py:588} INFO - Filling up the DagBag from /mnt/c/Users/ander/Desktop/airflow-spark/airflow-spark/curso2/ambientX/lib/python3.9/site-packages/airflow/example_dags/example_display_name.py
[2025-01-26T11:30:12.749-0300] {processor.py:925} INFO - DAG(s) 'example_display_name' retrieved from /mnt/c/Users/ander/Desktop/airflow-spark/airflow-spark/curso2/ambientX/lib/python3.9/site-packages/airflow/example_dags/example_display_name.py
[2025-01-26T11:30:12.786-0300] {logging_mixin.py:190} INFO - [2025-01-26T11:30:12.786-0300] {dag.py:3239} INFO - Sync 1 DAGs
[2025-01-26T11:30:12.806-0300] {logging_mixin.py:190} INFO - [2025-01-26T11:30:12.806-0300] {dag.py:4180} INFO - Setting next_dagrun for example_display_name to None, run_after=None
[2025-01-26T11:30:14.656-0300] {processor.py:208} INFO - Processing /mnt/c/Users/ander/Desktop/airflow-spark/airflow-spark/curso2/ambientX/lib/python3.9/site-packages/airflow/example_dags/example_display_name.py took 1.955 seconds
[2025-01-26T11:33:16.217-0300] {processor.py:186} INFO - Started process (PID=23226) to work on /mnt/c/Users/ander/Desktop/airflow-spark/airflow-spark/curso2/ambientX/lib/python3.9/site-packages/airflow/example_dags/example_display_name.py
[2025-01-26T11:33:16.218-0300] {processor.py:914} INFO - Processing file /mnt/c/Users/ander/Desktop/airflow-spark/airflow-spark/curso2/ambientX/lib/python3.9/site-packages/airflow/example_dags/example_display_name.py for tasks to queue
[2025-01-26T11:33:16.220-0300] {logging_mixin.py:190} INFO - [2025-01-26T11:33:16.219-0300] {dagbag.py:588} INFO - Filling up the DagBag from /mnt/c/Users/ander/Desktop/airflow-spark/airflow-spark/curso2/ambientX/lib/python3.9/site-packages/airflow/example_dags/example_display_name.py
[2025-01-26T11:33:16.245-0300] {processor.py:925} INFO - DAG(s) 'example_display_name' retrieved from /mnt/c/Users/ander/Desktop/airflow-spark/airflow-spark/curso2/ambientX/lib/python3.9/site-packages/airflow/example_dags/example_display_name.py
[2025-01-26T11:33:16.283-0300] {logging_mixin.py:190} INFO - [2025-01-26T11:33:16.283-0300] {dag.py:3239} INFO - Sync 1 DAGs
[2025-01-26T11:33:16.303-0300] {logging_mixin.py:190} INFO - [2025-01-26T11:33:16.303-0300] {dag.py:4180} INFO - Setting next_dagrun for example_display_name to None, run_after=None
[2025-01-26T11:33:16.474-0300] {processor.py:208} INFO - Processing /mnt/c/Users/ander/Desktop/airflow-spark/airflow-spark/curso2/ambientX/lib/python3.9/site-packages/airflow/example_dags/example_display_name.py took 0.274 seconds
[2025-01-26T11:35:06.110-0300] {processor.py:186} INFO - Started process (PID=23726) to work on /mnt/c/Users/ander/Desktop/airflow-spark/airflow-spark/curso2/ambientX/lib/python3.9/site-packages/airflow/example_dags/example_display_name.py
[2025-01-26T11:35:06.111-0300] {processor.py:914} INFO - Processing file /mnt/c/Users/ander/Desktop/airflow-spark/airflow-spark/curso2/ambientX/lib/python3.9/site-packages/airflow/example_dags/example_display_name.py for tasks to queue
[2025-01-26T11:35:06.113-0300] {logging_mixin.py:190} INFO - [2025-01-26T11:35:06.112-0300] {dagbag.py:588} INFO - Filling up the DagBag from /mnt/c/Users/ander/Desktop/airflow-spark/airflow-spark/curso2/ambientX/lib/python3.9/site-packages/airflow/example_dags/example_display_name.py
[2025-01-26T11:35:06.137-0300] {processor.py:925} INFO - DAG(s) 'example_display_name' retrieved from /mnt/c/Users/ander/Desktop/airflow-spark/airflow-spark/curso2/ambientX/lib/python3.9/site-packages/airflow/example_dags/example_display_name.py
[2025-01-26T11:35:06.177-0300] {logging_mixin.py:190} INFO - [2025-01-26T11:35:06.177-0300] {dag.py:3239} INFO - Sync 1 DAGs
[2025-01-26T11:35:06.198-0300] {logging_mixin.py:190} INFO - [2025-01-26T11:35:06.198-0300] {dag.py:4180} INFO - Setting next_dagrun for example_display_name to None, run_after=None
[2025-01-26T11:35:06.265-0300] {processor.py:208} INFO - Processing /mnt/c/Users/ander/Desktop/airflow-spark/airflow-spark/curso2/ambientX/lib/python3.9/site-packages/airflow/example_dags/example_display_name.py took 0.172 seconds
[2025-01-26T11:36:48.315-0300] {processor.py:186} INFO - Started process (PID=24274) to work on /mnt/c/Users/ander/Desktop/airflow-spark/airflow-spark/curso2/ambientX/lib/python3.9/site-packages/airflow/example_dags/example_display_name.py
[2025-01-26T11:36:48.317-0300] {processor.py:914} INFO - Processing file /mnt/c/Users/ander/Desktop/airflow-spark/airflow-spark/curso2/ambientX/lib/python3.9/site-packages/airflow/example_dags/example_display_name.py for tasks to queue
[2025-01-26T11:36:48.319-0300] {logging_mixin.py:190} INFO - [2025-01-26T11:36:48.318-0300] {dagbag.py:588} INFO - Filling up the DagBag from /mnt/c/Users/ander/Desktop/airflow-spark/airflow-spark/curso2/ambientX/lib/python3.9/site-packages/airflow/example_dags/example_display_name.py
[2025-01-26T11:36:48.344-0300] {processor.py:925} INFO - DAG(s) 'example_display_name' retrieved from /mnt/c/Users/ander/Desktop/airflow-spark/airflow-spark/curso2/ambientX/lib/python3.9/site-packages/airflow/example_dags/example_display_name.py
[2025-01-26T11:36:48.384-0300] {logging_mixin.py:190} INFO - [2025-01-26T11:36:48.384-0300] {dag.py:3239} INFO - Sync 1 DAGs
[2025-01-26T11:36:48.405-0300] {logging_mixin.py:190} INFO - [2025-01-26T11:36:48.405-0300] {dag.py:4180} INFO - Setting next_dagrun for example_display_name to None, run_after=None
[2025-01-26T11:36:48.478-0300] {processor.py:208} INFO - Processing /mnt/c/Users/ander/Desktop/airflow-spark/airflow-spark/curso2/ambientX/lib/python3.9/site-packages/airflow/example_dags/example_display_name.py took 0.179 seconds
[2025-01-26T11:38:31.438-0300] {processor.py:186} INFO - Started process (PID=24792) to work on /mnt/c/Users/ander/Desktop/airflow-spark/airflow-spark/curso2/ambientX/lib/python3.9/site-packages/airflow/example_dags/example_display_name.py
[2025-01-26T11:38:31.439-0300] {processor.py:914} INFO - Processing file /mnt/c/Users/ander/Desktop/airflow-spark/airflow-spark/curso2/ambientX/lib/python3.9/site-packages/airflow/example_dags/example_display_name.py for tasks to queue
[2025-01-26T11:38:31.441-0300] {logging_mixin.py:190} INFO - [2025-01-26T11:38:31.441-0300] {dagbag.py:588} INFO - Filling up the DagBag from /mnt/c/Users/ander/Desktop/airflow-spark/airflow-spark/curso2/ambientX/lib/python3.9/site-packages/airflow/example_dags/example_display_name.py
[2025-01-26T11:38:31.464-0300] {processor.py:925} INFO - DAG(s) 'example_display_name' retrieved from /mnt/c/Users/ander/Desktop/airflow-spark/airflow-spark/curso2/ambientX/lib/python3.9/site-packages/airflow/example_dags/example_display_name.py
[2025-01-26T11:38:31.500-0300] {logging_mixin.py:190} INFO - [2025-01-26T11:38:31.499-0300] {dag.py:3239} INFO - Sync 1 DAGs
[2025-01-26T11:38:31.519-0300] {logging_mixin.py:190} INFO - [2025-01-26T11:38:31.519-0300] {dag.py:4180} INFO - Setting next_dagrun for example_display_name to None, run_after=None
[2025-01-26T11:38:31.576-0300] {processor.py:208} INFO - Processing /mnt/c/Users/ander/Desktop/airflow-spark/airflow-spark/curso2/ambientX/lib/python3.9/site-packages/airflow/example_dags/example_display_name.py took 0.153 seconds
[2025-01-26T11:40:09.002-0300] {processor.py:186} INFO - Started process (PID=25172) to work on /mnt/c/Users/ander/Desktop/airflow-spark/airflow-spark/curso2/ambientX/lib/python3.9/site-packages/airflow/example_dags/example_display_name.py
[2025-01-26T11:40:09.004-0300] {processor.py:914} INFO - Processing file /mnt/c/Users/ander/Desktop/airflow-spark/airflow-spark/curso2/ambientX/lib/python3.9/site-packages/airflow/example_dags/example_display_name.py for tasks to queue
[2025-01-26T11:40:09.006-0300] {logging_mixin.py:190} INFO - [2025-01-26T11:40:09.005-0300] {dagbag.py:588} INFO - Filling up the DagBag from /mnt/c/Users/ander/Desktop/airflow-spark/airflow-spark/curso2/ambientX/lib/python3.9/site-packages/airflow/example_dags/example_display_name.py
[2025-01-26T11:40:09.033-0300] {processor.py:925} INFO - DAG(s) 'example_display_name' retrieved from /mnt/c/Users/ander/Desktop/airflow-spark/airflow-spark/curso2/ambientX/lib/python3.9/site-packages/airflow/example_dags/example_display_name.py
[2025-01-26T11:40:09.074-0300] {logging_mixin.py:190} INFO - [2025-01-26T11:40:09.073-0300] {dag.py:3239} INFO - Sync 1 DAGs
[2025-01-26T11:40:09.094-0300] {logging_mixin.py:190} INFO - [2025-01-26T11:40:09.094-0300] {dag.py:4180} INFO - Setting next_dagrun for example_display_name to None, run_after=None
[2025-01-26T11:40:09.163-0300] {processor.py:208} INFO - Processing /mnt/c/Users/ander/Desktop/airflow-spark/airflow-spark/curso2/ambientX/lib/python3.9/site-packages/airflow/example_dags/example_display_name.py took 0.177 seconds
[2025-01-26T11:41:46.448-0300] {processor.py:186} INFO - Started process (PID=25739) to work on /mnt/c/Users/ander/Desktop/airflow-spark/airflow-spark/curso2/ambientX/lib/python3.9/site-packages/airflow/example_dags/example_display_name.py
[2025-01-26T11:41:46.449-0300] {processor.py:914} INFO - Processing file /mnt/c/Users/ander/Desktop/airflow-spark/airflow-spark/curso2/ambientX/lib/python3.9/site-packages/airflow/example_dags/example_display_name.py for tasks to queue
[2025-01-26T11:41:46.451-0300] {logging_mixin.py:190} INFO - [2025-01-26T11:41:46.450-0300] {dagbag.py:588} INFO - Filling up the DagBag from /mnt/c/Users/ander/Desktop/airflow-spark/airflow-spark/curso2/ambientX/lib/python3.9/site-packages/airflow/example_dags/example_display_name.py
[2025-01-26T11:41:46.476-0300] {processor.py:925} INFO - DAG(s) 'example_display_name' retrieved from /mnt/c/Users/ander/Desktop/airflow-spark/airflow-spark/curso2/ambientX/lib/python3.9/site-packages/airflow/example_dags/example_display_name.py
[2025-01-26T11:41:46.512-0300] {logging_mixin.py:190} INFO - [2025-01-26T11:41:46.511-0300] {dag.py:3239} INFO - Sync 1 DAGs
[2025-01-26T11:41:46.531-0300] {logging_mixin.py:190} INFO - [2025-01-26T11:41:46.531-0300] {dag.py:4180} INFO - Setting next_dagrun for example_display_name to None, run_after=None
[2025-01-26T11:41:46.594-0300] {processor.py:208} INFO - Processing /mnt/c/Users/ander/Desktop/airflow-spark/airflow-spark/curso2/ambientX/lib/python3.9/site-packages/airflow/example_dags/example_display_name.py took 0.165 seconds
[2025-01-26T11:43:33.331-0300] {processor.py:186} INFO - Started process (PID=26333) to work on /mnt/c/Users/ander/Desktop/airflow-spark/airflow-spark/curso2/ambientX/lib/python3.9/site-packages/airflow/example_dags/example_display_name.py
[2025-01-26T11:43:33.333-0300] {processor.py:914} INFO - Processing file /mnt/c/Users/ander/Desktop/airflow-spark/airflow-spark/curso2/ambientX/lib/python3.9/site-packages/airflow/example_dags/example_display_name.py for tasks to queue
[2025-01-26T11:43:33.335-0300] {logging_mixin.py:190} INFO - [2025-01-26T11:43:33.335-0300] {dagbag.py:588} INFO - Filling up the DagBag from /mnt/c/Users/ander/Desktop/airflow-spark/airflow-spark/curso2/ambientX/lib/python3.9/site-packages/airflow/example_dags/example_display_name.py
[2025-01-26T11:43:33.365-0300] {processor.py:925} INFO - DAG(s) 'example_display_name' retrieved from /mnt/c/Users/ander/Desktop/airflow-spark/airflow-spark/curso2/ambientX/lib/python3.9/site-packages/airflow/example_dags/example_display_name.py
[2025-01-26T11:43:33.403-0300] {logging_mixin.py:190} INFO - [2025-01-26T11:43:33.403-0300] {dag.py:3239} INFO - Sync 1 DAGs
[2025-01-26T11:43:33.425-0300] {logging_mixin.py:190} INFO - [2025-01-26T11:43:33.424-0300] {dag.py:4180} INFO - Setting next_dagrun for example_display_name to None, run_after=None
[2025-01-26T11:43:33.491-0300] {processor.py:208} INFO - Processing /mnt/c/Users/ander/Desktop/airflow-spark/airflow-spark/curso2/ambientX/lib/python3.9/site-packages/airflow/example_dags/example_display_name.py took 0.180 seconds
[2025-01-26T11:45:18.405-0300] {processor.py:186} INFO - Started process (PID=26742) to work on /mnt/c/Users/ander/Desktop/airflow-spark/airflow-spark/curso2/ambientX/lib/python3.9/site-packages/airflow/example_dags/example_display_name.py
[2025-01-26T11:45:18.406-0300] {processor.py:914} INFO - Processing file /mnt/c/Users/ander/Desktop/airflow-spark/airflow-spark/curso2/ambientX/lib/python3.9/site-packages/airflow/example_dags/example_display_name.py for tasks to queue
[2025-01-26T11:45:18.408-0300] {logging_mixin.py:190} INFO - [2025-01-26T11:45:18.407-0300] {dagbag.py:588} INFO - Filling up the DagBag from /mnt/c/Users/ander/Desktop/airflow-spark/airflow-spark/curso2/ambientX/lib/python3.9/site-packages/airflow/example_dags/example_display_name.py
[2025-01-26T11:45:18.432-0300] {processor.py:925} INFO - DAG(s) 'example_display_name' retrieved from /mnt/c/Users/ander/Desktop/airflow-spark/airflow-spark/curso2/ambientX/lib/python3.9/site-packages/airflow/example_dags/example_display_name.py
[2025-01-26T11:45:18.465-0300] {logging_mixin.py:190} INFO - [2025-01-26T11:45:18.464-0300] {dag.py:3239} INFO - Sync 1 DAGs
[2025-01-26T11:45:18.485-0300] {logging_mixin.py:190} INFO - [2025-01-26T11:45:18.485-0300] {dag.py:4180} INFO - Setting next_dagrun for example_display_name to None, run_after=None
[2025-01-26T11:45:18.547-0300] {processor.py:208} INFO - Processing /mnt/c/Users/ander/Desktop/airflow-spark/airflow-spark/curso2/ambientX/lib/python3.9/site-packages/airflow/example_dags/example_display_name.py took 0.160 seconds
