[2025-01-26T10:26:25.959-0300] {processor.py:186} INFO - Started process (PID=2854) to work on /mnt/c/Users/ander/Desktop/airflow-spark/airflow-spark/curso2/ambientX/lib/python3.9/site-packages/airflow/example_dags/example_branch_day_of_week_operator.py
[2025-01-26T10:26:25.960-0300] {processor.py:914} INFO - Processing file /mnt/c/Users/ander/Desktop/airflow-spark/airflow-spark/curso2/ambientX/lib/python3.9/site-packages/airflow/example_dags/example_branch_day_of_week_operator.py for tasks to queue
[2025-01-26T10:26:25.965-0300] {logging_mixin.py:190} INFO - [2025-01-26T10:26:25.965-0300] {dagbag.py:588} INFO - Filling up the DagBag from /mnt/c/Users/ander/Desktop/airflow-spark/airflow-spark/curso2/ambientX/lib/python3.9/site-packages/airflow/example_dags/example_branch_day_of_week_operator.py
[2025-01-26T10:26:26.040-0300] {processor.py:925} INFO - DAG(s) 'example_weekday_branch_operator' retrieved from /mnt/c/Users/ander/Desktop/airflow-spark/airflow-spark/curso2/ambientX/lib/python3.9/site-packages/airflow/example_dags/example_branch_day_of_week_operator.py
[2025-01-26T10:26:26.084-0300] {logging_mixin.py:190} INFO - [2025-01-26T10:26:26.084-0300] {dag.py:3239} INFO - Sync 1 DAGs
[2025-01-26T10:26:26.117-0300] {logging_mixin.py:190} INFO - [2025-01-26T10:26:26.116-0300] {dag.py:4180} INFO - Setting next_dagrun for example_weekday_branch_operator to 2025-01-25T00:00:00+00:00, run_after=2025-01-26T00:00:00+00:00
[2025-01-26T10:26:26.177-0300] {processor.py:208} INFO - Processing /mnt/c/Users/ander/Desktop/airflow-spark/airflow-spark/curso2/ambientX/lib/python3.9/site-packages/airflow/example_dags/example_branch_day_of_week_operator.py took 0.235 seconds
[2025-01-26T10:39:35.046-0300] {processor.py:186} INFO - Started process (PID=8290) to work on /mnt/c/Users/ander/Desktop/airflow-spark/airflow-spark/curso2/ambientX/lib/python3.9/site-packages/airflow/example_dags/example_branch_day_of_week_operator.py
[2025-01-26T10:39:35.048-0300] {processor.py:914} INFO - Processing file /mnt/c/Users/ander/Desktop/airflow-spark/airflow-spark/curso2/ambientX/lib/python3.9/site-packages/airflow/example_dags/example_branch_day_of_week_operator.py for tasks to queue
[2025-01-26T10:39:35.050-0300] {logging_mixin.py:190} INFO - [2025-01-26T10:39:35.050-0300] {dagbag.py:588} INFO - Filling up the DagBag from /mnt/c/Users/ander/Desktop/airflow-spark/airflow-spark/curso2/ambientX/lib/python3.9/site-packages/airflow/example_dags/example_branch_day_of_week_operator.py
[2025-01-26T10:39:35.099-0300] {processor.py:925} INFO - DAG(s) 'example_weekday_branch_operator' retrieved from /mnt/c/Users/ander/Desktop/airflow-spark/airflow-spark/curso2/ambientX/lib/python3.9/site-packages/airflow/example_dags/example_branch_day_of_week_operator.py
[2025-01-26T10:39:35.147-0300] {logging_mixin.py:190} INFO - [2025-01-26T10:39:35.147-0300] {dag.py:3239} INFO - Sync 1 DAGs
[2025-01-26T10:39:35.194-0300] {logging_mixin.py:190} INFO - [2025-01-26T10:39:35.194-0300] {dag.py:4180} INFO - Setting next_dagrun for example_weekday_branch_operator to 2025-01-25T00:00:00+00:00, run_after=2025-01-26T00:00:00+00:00
[2025-01-26T10:39:35.286-0300] {processor.py:208} INFO - Processing /mnt/c/Users/ander/Desktop/airflow-spark/airflow-spark/curso2/ambientX/lib/python3.9/site-packages/airflow/example_dags/example_branch_day_of_week_operator.py took 0.263 seconds
[2025-01-26T10:41:28.060-0300] {processor.py:186} INFO - Started process (PID=8920) to work on /mnt/c/Users/ander/Desktop/airflow-spark/airflow-spark/curso2/ambientX/lib/python3.9/site-packages/airflow/example_dags/example_branch_day_of_week_operator.py
[2025-01-26T10:41:28.062-0300] {processor.py:914} INFO - Processing file /mnt/c/Users/ander/Desktop/airflow-spark/airflow-spark/curso2/ambientX/lib/python3.9/site-packages/airflow/example_dags/example_branch_day_of_week_operator.py for tasks to queue
[2025-01-26T10:41:28.064-0300] {logging_mixin.py:190} INFO - [2025-01-26T10:41:28.063-0300] {dagbag.py:588} INFO - Filling up the DagBag from /mnt/c/Users/ander/Desktop/airflow-spark/airflow-spark/curso2/ambientX/lib/python3.9/site-packages/airflow/example_dags/example_branch_day_of_week_operator.py
[2025-01-26T10:41:28.099-0300] {processor.py:925} INFO - DAG(s) 'example_weekday_branch_operator' retrieved from /mnt/c/Users/ander/Desktop/airflow-spark/airflow-spark/curso2/ambientX/lib/python3.9/site-packages/airflow/example_dags/example_branch_day_of_week_operator.py
[2025-01-26T10:41:28.142-0300] {logging_mixin.py:190} INFO - [2025-01-26T10:41:28.140-0300] {dag.py:3239} INFO - Sync 1 DAGs
[2025-01-26T10:41:28.181-0300] {logging_mixin.py:190} INFO - [2025-01-26T10:41:28.181-0300] {dag.py:4180} INFO - Setting next_dagrun for example_weekday_branch_operator to 2025-01-25T00:00:00+00:00, run_after=2025-01-26T00:00:00+00:00
[2025-01-26T10:41:28.256-0300] {processor.py:208} INFO - Processing /mnt/c/Users/ander/Desktop/airflow-spark/airflow-spark/curso2/ambientX/lib/python3.9/site-packages/airflow/example_dags/example_branch_day_of_week_operator.py took 0.216 seconds
[2025-01-26T10:43:19.281-0300] {processor.py:186} INFO - Started process (PID=9292) to work on /mnt/c/Users/ander/Desktop/airflow-spark/airflow-spark/curso2/ambientX/lib/python3.9/site-packages/airflow/example_dags/example_branch_day_of_week_operator.py
[2025-01-26T10:43:19.282-0300] {processor.py:914} INFO - Processing file /mnt/c/Users/ander/Desktop/airflow-spark/airflow-spark/curso2/ambientX/lib/python3.9/site-packages/airflow/example_dags/example_branch_day_of_week_operator.py for tasks to queue
[2025-01-26T10:43:19.284-0300] {logging_mixin.py:190} INFO - [2025-01-26T10:43:19.284-0300] {dagbag.py:588} INFO - Filling up the DagBag from /mnt/c/Users/ander/Desktop/airflow-spark/airflow-spark/curso2/ambientX/lib/python3.9/site-packages/airflow/example_dags/example_branch_day_of_week_operator.py
[2025-01-26T10:43:19.320-0300] {processor.py:925} INFO - DAG(s) 'example_weekday_branch_operator' retrieved from /mnt/c/Users/ander/Desktop/airflow-spark/airflow-spark/curso2/ambientX/lib/python3.9/site-packages/airflow/example_dags/example_branch_day_of_week_operator.py
[2025-01-26T10:43:19.367-0300] {logging_mixin.py:190} INFO - [2025-01-26T10:43:19.367-0300] {dag.py:3239} INFO - Sync 1 DAGs
[2025-01-26T10:43:19.405-0300] {logging_mixin.py:190} INFO - [2025-01-26T10:43:19.405-0300] {dag.py:4180} INFO - Setting next_dagrun for example_weekday_branch_operator to 2025-01-25T00:00:00+00:00, run_after=2025-01-26T00:00:00+00:00
[2025-01-26T10:43:19.488-0300] {processor.py:208} INFO - Processing /mnt/c/Users/ander/Desktop/airflow-spark/airflow-spark/curso2/ambientX/lib/python3.9/site-packages/airflow/example_dags/example_branch_day_of_week_operator.py took 0.222 seconds
[2025-01-26T10:45:19.268-0300] {processor.py:186} INFO - Started process (PID=9758) to work on /mnt/c/Users/ander/Desktop/airflow-spark/airflow-spark/curso2/ambientX/lib/python3.9/site-packages/airflow/example_dags/example_branch_day_of_week_operator.py
[2025-01-26T10:45:19.269-0300] {processor.py:914} INFO - Processing file /mnt/c/Users/ander/Desktop/airflow-spark/airflow-spark/curso2/ambientX/lib/python3.9/site-packages/airflow/example_dags/example_branch_day_of_week_operator.py for tasks to queue
[2025-01-26T10:45:19.271-0300] {logging_mixin.py:190} INFO - [2025-01-26T10:45:19.271-0300] {dagbag.py:588} INFO - Filling up the DagBag from /mnt/c/Users/ander/Desktop/airflow-spark/airflow-spark/curso2/ambientX/lib/python3.9/site-packages/airflow/example_dags/example_branch_day_of_week_operator.py
[2025-01-26T10:45:19.299-0300] {processor.py:925} INFO - DAG(s) 'example_weekday_branch_operator' retrieved from /mnt/c/Users/ander/Desktop/airflow-spark/airflow-spark/curso2/ambientX/lib/python3.9/site-packages/airflow/example_dags/example_branch_day_of_week_operator.py
[2025-01-26T10:45:19.340-0300] {logging_mixin.py:190} INFO - [2025-01-26T10:45:19.340-0300] {dag.py:3239} INFO - Sync 1 DAGs
[2025-01-26T10:45:19.374-0300] {logging_mixin.py:190} INFO - [2025-01-26T10:45:19.374-0300] {dag.py:4180} INFO - Setting next_dagrun for example_weekday_branch_operator to 2025-01-25T00:00:00+00:00, run_after=2025-01-26T00:00:00+00:00
[2025-01-26T10:45:19.437-0300] {processor.py:208} INFO - Processing /mnt/c/Users/ander/Desktop/airflow-spark/airflow-spark/curso2/ambientX/lib/python3.9/site-packages/airflow/example_dags/example_branch_day_of_week_operator.py took 0.188 seconds
[2025-01-26T10:46:59.254-0300] {processor.py:186} INFO - Started process (PID=10241) to work on /mnt/c/Users/ander/Desktop/airflow-spark/airflow-spark/curso2/ambientX/lib/python3.9/site-packages/airflow/example_dags/example_branch_day_of_week_operator.py
[2025-01-26T10:46:59.256-0300] {processor.py:914} INFO - Processing file /mnt/c/Users/ander/Desktop/airflow-spark/airflow-spark/curso2/ambientX/lib/python3.9/site-packages/airflow/example_dags/example_branch_day_of_week_operator.py for tasks to queue
[2025-01-26T10:46:59.258-0300] {logging_mixin.py:190} INFO - [2025-01-26T10:46:59.257-0300] {dagbag.py:588} INFO - Filling up the DagBag from /mnt/c/Users/ander/Desktop/airflow-spark/airflow-spark/curso2/ambientX/lib/python3.9/site-packages/airflow/example_dags/example_branch_day_of_week_operator.py
[2025-01-26T10:46:59.291-0300] {processor.py:925} INFO - DAG(s) 'example_weekday_branch_operator' retrieved from /mnt/c/Users/ander/Desktop/airflow-spark/airflow-spark/curso2/ambientX/lib/python3.9/site-packages/airflow/example_dags/example_branch_day_of_week_operator.py
[2025-01-26T10:46:59.334-0300] {logging_mixin.py:190} INFO - [2025-01-26T10:46:59.333-0300] {dag.py:3239} INFO - Sync 1 DAGs
[2025-01-26T10:46:59.369-0300] {logging_mixin.py:190} INFO - [2025-01-26T10:46:59.368-0300] {dag.py:4180} INFO - Setting next_dagrun for example_weekday_branch_operator to 2025-01-25T00:00:00+00:00, run_after=2025-01-26T00:00:00+00:00
[2025-01-26T10:46:59.432-0300] {processor.py:208} INFO - Processing /mnt/c/Users/ander/Desktop/airflow-spark/airflow-spark/curso2/ambientX/lib/python3.9/site-packages/airflow/example_dags/example_branch_day_of_week_operator.py took 0.197 seconds
[2025-01-26T10:48:50.922-0300] {processor.py:186} INFO - Started process (PID=10682) to work on /mnt/c/Users/ander/Desktop/airflow-spark/airflow-spark/curso2/ambientX/lib/python3.9/site-packages/airflow/example_dags/example_branch_day_of_week_operator.py
[2025-01-26T10:48:50.925-0300] {processor.py:914} INFO - Processing file /mnt/c/Users/ander/Desktop/airflow-spark/airflow-spark/curso2/ambientX/lib/python3.9/site-packages/airflow/example_dags/example_branch_day_of_week_operator.py for tasks to queue
[2025-01-26T10:48:50.928-0300] {logging_mixin.py:190} INFO - [2025-01-26T10:48:50.928-0300] {dagbag.py:588} INFO - Filling up the DagBag from /mnt/c/Users/ander/Desktop/airflow-spark/airflow-spark/curso2/ambientX/lib/python3.9/site-packages/airflow/example_dags/example_branch_day_of_week_operator.py
[2025-01-26T10:48:50.985-0300] {processor.py:925} INFO - DAG(s) 'example_weekday_branch_operator' retrieved from /mnt/c/Users/ander/Desktop/airflow-spark/airflow-spark/curso2/ambientX/lib/python3.9/site-packages/airflow/example_dags/example_branch_day_of_week_operator.py
[2025-01-26T10:48:51.061-0300] {logging_mixin.py:190} INFO - [2025-01-26T10:48:51.060-0300] {dag.py:3239} INFO - Sync 1 DAGs
[2025-01-26T10:48:51.106-0300] {logging_mixin.py:190} INFO - [2025-01-26T10:48:51.105-0300] {dag.py:4180} INFO - Setting next_dagrun for example_weekday_branch_operator to 2025-01-25T00:00:00+00:00, run_after=2025-01-26T00:00:00+00:00
[2025-01-26T10:48:51.265-0300] {processor.py:208} INFO - Processing /mnt/c/Users/ander/Desktop/airflow-spark/airflow-spark/curso2/ambientX/lib/python3.9/site-packages/airflow/example_dags/example_branch_day_of_week_operator.py took 0.369 seconds
[2025-01-26T10:50:39.551-0300] {processor.py:186} INFO - Started process (PID=11216) to work on /mnt/c/Users/ander/Desktop/airflow-spark/airflow-spark/curso2/ambientX/lib/python3.9/site-packages/airflow/example_dags/example_branch_day_of_week_operator.py
[2025-01-26T10:50:39.552-0300] {processor.py:914} INFO - Processing file /mnt/c/Users/ander/Desktop/airflow-spark/airflow-spark/curso2/ambientX/lib/python3.9/site-packages/airflow/example_dags/example_branch_day_of_week_operator.py for tasks to queue
[2025-01-26T10:50:39.554-0300] {logging_mixin.py:190} INFO - [2025-01-26T10:50:39.554-0300] {dagbag.py:588} INFO - Filling up the DagBag from /mnt/c/Users/ander/Desktop/airflow-spark/airflow-spark/curso2/ambientX/lib/python3.9/site-packages/airflow/example_dags/example_branch_day_of_week_operator.py
[2025-01-26T10:50:39.597-0300] {processor.py:925} INFO - DAG(s) 'example_weekday_branch_operator' retrieved from /mnt/c/Users/ander/Desktop/airflow-spark/airflow-spark/curso2/ambientX/lib/python3.9/site-packages/airflow/example_dags/example_branch_day_of_week_operator.py
[2025-01-26T10:50:39.644-0300] {logging_mixin.py:190} INFO - [2025-01-26T10:50:39.644-0300] {dag.py:3239} INFO - Sync 1 DAGs
[2025-01-26T10:50:39.685-0300] {logging_mixin.py:190} INFO - [2025-01-26T10:50:39.685-0300] {dag.py:4180} INFO - Setting next_dagrun for example_weekday_branch_operator to 2025-01-25T00:00:00+00:00, run_after=2025-01-26T00:00:00+00:00
[2025-01-26T10:50:39.774-0300] {processor.py:208} INFO - Processing /mnt/c/Users/ander/Desktop/airflow-spark/airflow-spark/curso2/ambientX/lib/python3.9/site-packages/airflow/example_dags/example_branch_day_of_week_operator.py took 0.244 seconds
[2025-01-26T10:52:28.248-0300] {processor.py:186} INFO - Started process (PID=11658) to work on /mnt/c/Users/ander/Desktop/airflow-spark/airflow-spark/curso2/ambientX/lib/python3.9/site-packages/airflow/example_dags/example_branch_day_of_week_operator.py
[2025-01-26T10:52:28.250-0300] {processor.py:914} INFO - Processing file /mnt/c/Users/ander/Desktop/airflow-spark/airflow-spark/curso2/ambientX/lib/python3.9/site-packages/airflow/example_dags/example_branch_day_of_week_operator.py for tasks to queue
[2025-01-26T10:52:28.252-0300] {logging_mixin.py:190} INFO - [2025-01-26T10:52:28.251-0300] {dagbag.py:588} INFO - Filling up the DagBag from /mnt/c/Users/ander/Desktop/airflow-spark/airflow-spark/curso2/ambientX/lib/python3.9/site-packages/airflow/example_dags/example_branch_day_of_week_operator.py
[2025-01-26T10:52:28.290-0300] {processor.py:925} INFO - DAG(s) 'example_weekday_branch_operator' retrieved from /mnt/c/Users/ander/Desktop/airflow-spark/airflow-spark/curso2/ambientX/lib/python3.9/site-packages/airflow/example_dags/example_branch_day_of_week_operator.py
[2025-01-26T10:52:28.340-0300] {logging_mixin.py:190} INFO - [2025-01-26T10:52:28.340-0300] {dag.py:3239} INFO - Sync 1 DAGs
[2025-01-26T10:52:28.380-0300] {logging_mixin.py:190} INFO - [2025-01-26T10:52:28.380-0300] {dag.py:4180} INFO - Setting next_dagrun for example_weekday_branch_operator to 2025-01-25T00:00:00+00:00, run_after=2025-01-26T00:00:00+00:00
[2025-01-26T10:52:28.468-0300] {processor.py:208} INFO - Processing /mnt/c/Users/ander/Desktop/airflow-spark/airflow-spark/curso2/ambientX/lib/python3.9/site-packages/airflow/example_dags/example_branch_day_of_week_operator.py took 0.243 seconds
[2025-01-26T10:54:22.805-0300] {processor.py:186} INFO - Started process (PID=12129) to work on /mnt/c/Users/ander/Desktop/airflow-spark/airflow-spark/curso2/ambientX/lib/python3.9/site-packages/airflow/example_dags/example_branch_day_of_week_operator.py
[2025-01-26T10:54:22.807-0300] {processor.py:914} INFO - Processing file /mnt/c/Users/ander/Desktop/airflow-spark/airflow-spark/curso2/ambientX/lib/python3.9/site-packages/airflow/example_dags/example_branch_day_of_week_operator.py for tasks to queue
[2025-01-26T10:54:22.809-0300] {logging_mixin.py:190} INFO - [2025-01-26T10:54:22.809-0300] {dagbag.py:588} INFO - Filling up the DagBag from /mnt/c/Users/ander/Desktop/airflow-spark/airflow-spark/curso2/ambientX/lib/python3.9/site-packages/airflow/example_dags/example_branch_day_of_week_operator.py
[2025-01-26T10:54:22.846-0300] {processor.py:925} INFO - DAG(s) 'example_weekday_branch_operator' retrieved from /mnt/c/Users/ander/Desktop/airflow-spark/airflow-spark/curso2/ambientX/lib/python3.9/site-packages/airflow/example_dags/example_branch_day_of_week_operator.py
[2025-01-26T10:54:22.892-0300] {logging_mixin.py:190} INFO - [2025-01-26T10:54:22.892-0300] {dag.py:3239} INFO - Sync 1 DAGs
[2025-01-26T10:54:22.934-0300] {logging_mixin.py:190} INFO - [2025-01-26T10:54:22.934-0300] {dag.py:4180} INFO - Setting next_dagrun for example_weekday_branch_operator to 2025-01-25T00:00:00+00:00, run_after=2025-01-26T00:00:00+00:00
[2025-01-26T10:54:23.016-0300] {processor.py:208} INFO - Processing /mnt/c/Users/ander/Desktop/airflow-spark/airflow-spark/curso2/ambientX/lib/python3.9/site-packages/airflow/example_dags/example_branch_day_of_week_operator.py took 0.233 seconds
[2025-01-26T10:56:10.584-0300] {processor.py:186} INFO - Started process (PID=12577) to work on /mnt/c/Users/ander/Desktop/airflow-spark/airflow-spark/curso2/ambientX/lib/python3.9/site-packages/airflow/example_dags/example_branch_day_of_week_operator.py
[2025-01-26T10:56:10.585-0300] {processor.py:914} INFO - Processing file /mnt/c/Users/ander/Desktop/airflow-spark/airflow-spark/curso2/ambientX/lib/python3.9/site-packages/airflow/example_dags/example_branch_day_of_week_operator.py for tasks to queue
[2025-01-26T10:56:10.587-0300] {logging_mixin.py:190} INFO - [2025-01-26T10:56:10.587-0300] {dagbag.py:588} INFO - Filling up the DagBag from /mnt/c/Users/ander/Desktop/airflow-spark/airflow-spark/curso2/ambientX/lib/python3.9/site-packages/airflow/example_dags/example_branch_day_of_week_operator.py
[2025-01-26T10:56:10.626-0300] {processor.py:925} INFO - DAG(s) 'example_weekday_branch_operator' retrieved from /mnt/c/Users/ander/Desktop/airflow-spark/airflow-spark/curso2/ambientX/lib/python3.9/site-packages/airflow/example_dags/example_branch_day_of_week_operator.py
[2025-01-26T10:56:10.677-0300] {logging_mixin.py:190} INFO - [2025-01-26T10:56:10.677-0300] {dag.py:3239} INFO - Sync 1 DAGs
[2025-01-26T10:56:10.723-0300] {logging_mixin.py:190} INFO - [2025-01-26T10:56:10.723-0300] {dag.py:4180} INFO - Setting next_dagrun for example_weekday_branch_operator to 2025-01-25T00:00:00+00:00, run_after=2025-01-26T00:00:00+00:00
[2025-01-26T10:56:10.820-0300] {processor.py:208} INFO - Processing /mnt/c/Users/ander/Desktop/airflow-spark/airflow-spark/curso2/ambientX/lib/python3.9/site-packages/airflow/example_dags/example_branch_day_of_week_operator.py took 0.259 seconds
[2025-01-26T10:58:00.142-0300] {processor.py:186} INFO - Started process (PID=13099) to work on /mnt/c/Users/ander/Desktop/airflow-spark/airflow-spark/curso2/ambientX/lib/python3.9/site-packages/airflow/example_dags/example_branch_day_of_week_operator.py
[2025-01-26T10:58:00.143-0300] {processor.py:914} INFO - Processing file /mnt/c/Users/ander/Desktop/airflow-spark/airflow-spark/curso2/ambientX/lib/python3.9/site-packages/airflow/example_dags/example_branch_day_of_week_operator.py for tasks to queue
[2025-01-26T10:58:00.145-0300] {logging_mixin.py:190} INFO - [2025-01-26T10:58:00.145-0300] {dagbag.py:588} INFO - Filling up the DagBag from /mnt/c/Users/ander/Desktop/airflow-spark/airflow-spark/curso2/ambientX/lib/python3.9/site-packages/airflow/example_dags/example_branch_day_of_week_operator.py
[2025-01-26T10:58:00.178-0300] {processor.py:925} INFO - DAG(s) 'example_weekday_branch_operator' retrieved from /mnt/c/Users/ander/Desktop/airflow-spark/airflow-spark/curso2/ambientX/lib/python3.9/site-packages/airflow/example_dags/example_branch_day_of_week_operator.py
[2025-01-26T10:58:00.219-0300] {logging_mixin.py:190} INFO - [2025-01-26T10:58:00.218-0300] {dag.py:3239} INFO - Sync 1 DAGs
[2025-01-26T10:58:00.252-0300] {logging_mixin.py:190} INFO - [2025-01-26T10:58:00.252-0300] {dag.py:4180} INFO - Setting next_dagrun for example_weekday_branch_operator to 2025-01-25T00:00:00+00:00, run_after=2025-01-26T00:00:00+00:00
[2025-01-26T10:58:00.328-0300] {processor.py:208} INFO - Processing /mnt/c/Users/ander/Desktop/airflow-spark/airflow-spark/curso2/ambientX/lib/python3.9/site-packages/airflow/example_dags/example_branch_day_of_week_operator.py took 0.204 seconds
[2025-01-26T10:59:59.024-0300] {processor.py:186} INFO - Started process (PID=13663) to work on /mnt/c/Users/ander/Desktop/airflow-spark/airflow-spark/curso2/ambientX/lib/python3.9/site-packages/airflow/example_dags/example_branch_day_of_week_operator.py
[2025-01-26T10:59:59.026-0300] {processor.py:914} INFO - Processing file /mnt/c/Users/ander/Desktop/airflow-spark/airflow-spark/curso2/ambientX/lib/python3.9/site-packages/airflow/example_dags/example_branch_day_of_week_operator.py for tasks to queue
[2025-01-26T10:59:59.028-0300] {logging_mixin.py:190} INFO - [2025-01-26T10:59:59.027-0300] {dagbag.py:588} INFO - Filling up the DagBag from /mnt/c/Users/ander/Desktop/airflow-spark/airflow-spark/curso2/ambientX/lib/python3.9/site-packages/airflow/example_dags/example_branch_day_of_week_operator.py
[2025-01-26T10:59:59.070-0300] {processor.py:925} INFO - DAG(s) 'example_weekday_branch_operator' retrieved from /mnt/c/Users/ander/Desktop/airflow-spark/airflow-spark/curso2/ambientX/lib/python3.9/site-packages/airflow/example_dags/example_branch_day_of_week_operator.py
[2025-01-26T10:59:59.121-0300] {logging_mixin.py:190} INFO - [2025-01-26T10:59:59.120-0300] {dag.py:3239} INFO - Sync 1 DAGs
[2025-01-26T10:59:59.166-0300] {logging_mixin.py:190} INFO - [2025-01-26T10:59:59.166-0300] {dag.py:4180} INFO - Setting next_dagrun for example_weekday_branch_operator to 2025-01-25T00:00:00+00:00, run_after=2025-01-26T00:00:00+00:00
[2025-01-26T10:59:59.280-0300] {processor.py:208} INFO - Processing /mnt/c/Users/ander/Desktop/airflow-spark/airflow-spark/curso2/ambientX/lib/python3.9/site-packages/airflow/example_dags/example_branch_day_of_week_operator.py took 0.271 seconds
[2025-01-26T11:01:57.526-0300] {processor.py:186} INFO - Started process (PID=14222) to work on /mnt/c/Users/ander/Desktop/airflow-spark/airflow-spark/curso2/ambientX/lib/python3.9/site-packages/airflow/example_dags/example_branch_day_of_week_operator.py
[2025-01-26T11:01:57.528-0300] {processor.py:914} INFO - Processing file /mnt/c/Users/ander/Desktop/airflow-spark/airflow-spark/curso2/ambientX/lib/python3.9/site-packages/airflow/example_dags/example_branch_day_of_week_operator.py for tasks to queue
[2025-01-26T11:01:57.530-0300] {logging_mixin.py:190} INFO - [2025-01-26T11:01:57.529-0300] {dagbag.py:588} INFO - Filling up the DagBag from /mnt/c/Users/ander/Desktop/airflow-spark/airflow-spark/curso2/ambientX/lib/python3.9/site-packages/airflow/example_dags/example_branch_day_of_week_operator.py
[2025-01-26T11:01:57.563-0300] {processor.py:925} INFO - DAG(s) 'example_weekday_branch_operator' retrieved from /mnt/c/Users/ander/Desktop/airflow-spark/airflow-spark/curso2/ambientX/lib/python3.9/site-packages/airflow/example_dags/example_branch_day_of_week_operator.py
[2025-01-26T11:01:57.614-0300] {logging_mixin.py:190} INFO - [2025-01-26T11:01:57.613-0300] {dag.py:3239} INFO - Sync 1 DAGs
[2025-01-26T11:01:57.661-0300] {logging_mixin.py:190} INFO - [2025-01-26T11:01:57.660-0300] {dag.py:4180} INFO - Setting next_dagrun for example_weekday_branch_operator to 2025-01-25T00:00:00+00:00, run_after=2025-01-26T00:00:00+00:00
[2025-01-26T11:01:57.736-0300] {processor.py:208} INFO - Processing /mnt/c/Users/ander/Desktop/airflow-spark/airflow-spark/curso2/ambientX/lib/python3.9/site-packages/airflow/example_dags/example_branch_day_of_week_operator.py took 0.230 seconds
[2025-01-26T11:03:46.737-0300] {processor.py:186} INFO - Started process (PID=15190) to work on /mnt/c/Users/ander/Desktop/airflow-spark/airflow-spark/curso2/ambientX/lib/python3.9/site-packages/airflow/example_dags/example_branch_day_of_week_operator.py
[2025-01-26T11:03:46.738-0300] {processor.py:914} INFO - Processing file /mnt/c/Users/ander/Desktop/airflow-spark/airflow-spark/curso2/ambientX/lib/python3.9/site-packages/airflow/example_dags/example_branch_day_of_week_operator.py for tasks to queue
[2025-01-26T11:03:46.740-0300] {logging_mixin.py:190} INFO - [2025-01-26T11:03:46.740-0300] {dagbag.py:588} INFO - Filling up the DagBag from /mnt/c/Users/ander/Desktop/airflow-spark/airflow-spark/curso2/ambientX/lib/python3.9/site-packages/airflow/example_dags/example_branch_day_of_week_operator.py
[2025-01-26T11:03:46.772-0300] {processor.py:925} INFO - DAG(s) 'example_weekday_branch_operator' retrieved from /mnt/c/Users/ander/Desktop/airflow-spark/airflow-spark/curso2/ambientX/lib/python3.9/site-packages/airflow/example_dags/example_branch_day_of_week_operator.py
[2025-01-26T11:03:46.819-0300] {logging_mixin.py:190} INFO - [2025-01-26T11:03:46.819-0300] {dag.py:3239} INFO - Sync 1 DAGs
[2025-01-26T11:03:46.853-0300] {logging_mixin.py:190} INFO - [2025-01-26T11:03:46.853-0300] {dag.py:4180} INFO - Setting next_dagrun for example_weekday_branch_operator to 2025-01-25T00:00:00+00:00, run_after=2025-01-26T00:00:00+00:00
[2025-01-26T11:03:46.921-0300] {processor.py:208} INFO - Processing /mnt/c/Users/ander/Desktop/airflow-spark/airflow-spark/curso2/ambientX/lib/python3.9/site-packages/airflow/example_dags/example_branch_day_of_week_operator.py took 0.204 seconds
[2025-01-26T11:05:30.923-0300] {processor.py:186} INFO - Started process (PID=15572) to work on /mnt/c/Users/ander/Desktop/airflow-spark/airflow-spark/curso2/ambientX/lib/python3.9/site-packages/airflow/example_dags/example_branch_day_of_week_operator.py
[2025-01-26T11:05:30.924-0300] {processor.py:914} INFO - Processing file /mnt/c/Users/ander/Desktop/airflow-spark/airflow-spark/curso2/ambientX/lib/python3.9/site-packages/airflow/example_dags/example_branch_day_of_week_operator.py for tasks to queue
[2025-01-26T11:05:30.926-0300] {logging_mixin.py:190} INFO - [2025-01-26T11:05:30.926-0300] {dagbag.py:588} INFO - Filling up the DagBag from /mnt/c/Users/ander/Desktop/airflow-spark/airflow-spark/curso2/ambientX/lib/python3.9/site-packages/airflow/example_dags/example_branch_day_of_week_operator.py
[2025-01-26T11:05:30.958-0300] {processor.py:925} INFO - DAG(s) 'example_weekday_branch_operator' retrieved from /mnt/c/Users/ander/Desktop/airflow-spark/airflow-spark/curso2/ambientX/lib/python3.9/site-packages/airflow/example_dags/example_branch_day_of_week_operator.py
[2025-01-26T11:05:31.000-0300] {logging_mixin.py:190} INFO - [2025-01-26T11:05:31.000-0300] {dag.py:3239} INFO - Sync 1 DAGs
[2025-01-26T11:05:31.035-0300] {logging_mixin.py:190} INFO - [2025-01-26T11:05:31.035-0300] {dag.py:4180} INFO - Setting next_dagrun for example_weekday_branch_operator to 2025-01-25T00:00:00+00:00, run_after=2025-01-26T00:00:00+00:00
[2025-01-26T11:05:31.105-0300] {processor.py:208} INFO - Processing /mnt/c/Users/ander/Desktop/airflow-spark/airflow-spark/curso2/ambientX/lib/python3.9/site-packages/airflow/example_dags/example_branch_day_of_week_operator.py took 0.200 seconds
[2025-01-26T11:07:10.997-0300] {processor.py:186} INFO - Started process (PID=16007) to work on /mnt/c/Users/ander/Desktop/airflow-spark/airflow-spark/curso2/ambientX/lib/python3.9/site-packages/airflow/example_dags/example_branch_day_of_week_operator.py
[2025-01-26T11:07:10.998-0300] {processor.py:914} INFO - Processing file /mnt/c/Users/ander/Desktop/airflow-spark/airflow-spark/curso2/ambientX/lib/python3.9/site-packages/airflow/example_dags/example_branch_day_of_week_operator.py for tasks to queue
[2025-01-26T11:07:11.000-0300] {logging_mixin.py:190} INFO - [2025-01-26T11:07:11.000-0300] {dagbag.py:588} INFO - Filling up the DagBag from /mnt/c/Users/ander/Desktop/airflow-spark/airflow-spark/curso2/ambientX/lib/python3.9/site-packages/airflow/example_dags/example_branch_day_of_week_operator.py
[2025-01-26T11:07:11.031-0300] {processor.py:925} INFO - DAG(s) 'example_weekday_branch_operator' retrieved from /mnt/c/Users/ander/Desktop/airflow-spark/airflow-spark/curso2/ambientX/lib/python3.9/site-packages/airflow/example_dags/example_branch_day_of_week_operator.py
[2025-01-26T11:07:11.070-0300] {logging_mixin.py:190} INFO - [2025-01-26T11:07:11.070-0300] {dag.py:3239} INFO - Sync 1 DAGs
[2025-01-26T11:07:11.103-0300] {logging_mixin.py:190} INFO - [2025-01-26T11:07:11.103-0300] {dag.py:4180} INFO - Setting next_dagrun for example_weekday_branch_operator to 2025-01-25T00:00:00+00:00, run_after=2025-01-26T00:00:00+00:00
[2025-01-26T11:07:11.163-0300] {processor.py:208} INFO - Processing /mnt/c/Users/ander/Desktop/airflow-spark/airflow-spark/curso2/ambientX/lib/python3.9/site-packages/airflow/example_dags/example_branch_day_of_week_operator.py took 0.184 seconds
[2025-01-26T11:08:55.654-0300] {processor.py:186} INFO - Started process (PID=16516) to work on /mnt/c/Users/ander/Desktop/airflow-spark/airflow-spark/curso2/ambientX/lib/python3.9/site-packages/airflow/example_dags/example_branch_day_of_week_operator.py
[2025-01-26T11:08:55.655-0300] {processor.py:914} INFO - Processing file /mnt/c/Users/ander/Desktop/airflow-spark/airflow-spark/curso2/ambientX/lib/python3.9/site-packages/airflow/example_dags/example_branch_day_of_week_operator.py for tasks to queue
[2025-01-26T11:08:55.657-0300] {logging_mixin.py:190} INFO - [2025-01-26T11:08:55.657-0300] {dagbag.py:588} INFO - Filling up the DagBag from /mnt/c/Users/ander/Desktop/airflow-spark/airflow-spark/curso2/ambientX/lib/python3.9/site-packages/airflow/example_dags/example_branch_day_of_week_operator.py
[2025-01-26T11:08:55.690-0300] {processor.py:925} INFO - DAG(s) 'example_weekday_branch_operator' retrieved from /mnt/c/Users/ander/Desktop/airflow-spark/airflow-spark/curso2/ambientX/lib/python3.9/site-packages/airflow/example_dags/example_branch_day_of_week_operator.py
[2025-01-26T11:08:55.772-0300] {logging_mixin.py:190} INFO - [2025-01-26T11:08:55.772-0300] {dag.py:3239} INFO - Sync 1 DAGs
[2025-01-26T11:08:55.807-0300] {logging_mixin.py:190} INFO - [2025-01-26T11:08:55.806-0300] {dag.py:4180} INFO - Setting next_dagrun for example_weekday_branch_operator to 2025-01-25T00:00:00+00:00, run_after=2025-01-26T00:00:00+00:00
[2025-01-26T11:08:55.878-0300] {processor.py:208} INFO - Processing /mnt/c/Users/ander/Desktop/airflow-spark/airflow-spark/curso2/ambientX/lib/python3.9/site-packages/airflow/example_dags/example_branch_day_of_week_operator.py took 0.253 seconds
[2025-01-26T11:10:39.571-0300] {processor.py:186} INFO - Started process (PID=16903) to work on /mnt/c/Users/ander/Desktop/airflow-spark/airflow-spark/curso2/ambientX/lib/python3.9/site-packages/airflow/example_dags/example_branch_day_of_week_operator.py
[2025-01-26T11:10:39.573-0300] {processor.py:914} INFO - Processing file /mnt/c/Users/ander/Desktop/airflow-spark/airflow-spark/curso2/ambientX/lib/python3.9/site-packages/airflow/example_dags/example_branch_day_of_week_operator.py for tasks to queue
[2025-01-26T11:10:39.575-0300] {logging_mixin.py:190} INFO - [2025-01-26T11:10:39.575-0300] {dagbag.py:588} INFO - Filling up the DagBag from /mnt/c/Users/ander/Desktop/airflow-spark/airflow-spark/curso2/ambientX/lib/python3.9/site-packages/airflow/example_dags/example_branch_day_of_week_operator.py
[2025-01-26T11:10:39.609-0300] {processor.py:925} INFO - DAG(s) 'example_weekday_branch_operator' retrieved from /mnt/c/Users/ander/Desktop/airflow-spark/airflow-spark/curso2/ambientX/lib/python3.9/site-packages/airflow/example_dags/example_branch_day_of_week_operator.py
[2025-01-26T11:10:39.648-0300] {logging_mixin.py:190} INFO - [2025-01-26T11:10:39.648-0300] {dag.py:3239} INFO - Sync 1 DAGs
[2025-01-26T11:10:39.682-0300] {logging_mixin.py:190} INFO - [2025-01-26T11:10:39.682-0300] {dag.py:4180} INFO - Setting next_dagrun for example_weekday_branch_operator to 2025-01-25T00:00:00+00:00, run_after=2025-01-26T00:00:00+00:00
[2025-01-26T11:10:39.776-0300] {processor.py:208} INFO - Processing /mnt/c/Users/ander/Desktop/airflow-spark/airflow-spark/curso2/ambientX/lib/python3.9/site-packages/airflow/example_dags/example_branch_day_of_week_operator.py took 0.222 seconds
[2025-01-26T11:13:52.009-0300] {processor.py:186} INFO - Started process (PID=17754) to work on /mnt/c/Users/ander/Desktop/airflow-spark/airflow-spark/curso2/ambientX/lib/python3.9/site-packages/airflow/example_dags/example_branch_day_of_week_operator.py
[2025-01-26T11:13:52.011-0300] {processor.py:914} INFO - Processing file /mnt/c/Users/ander/Desktop/airflow-spark/airflow-spark/curso2/ambientX/lib/python3.9/site-packages/airflow/example_dags/example_branch_day_of_week_operator.py for tasks to queue
[2025-01-26T11:13:52.013-0300] {logging_mixin.py:190} INFO - [2025-01-26T11:13:52.013-0300] {dagbag.py:588} INFO - Filling up the DagBag from /mnt/c/Users/ander/Desktop/airflow-spark/airflow-spark/curso2/ambientX/lib/python3.9/site-packages/airflow/example_dags/example_branch_day_of_week_operator.py
[2025-01-26T11:13:52.048-0300] {processor.py:925} INFO - DAG(s) 'example_weekday_branch_operator' retrieved from /mnt/c/Users/ander/Desktop/airflow-spark/airflow-spark/curso2/ambientX/lib/python3.9/site-packages/airflow/example_dags/example_branch_day_of_week_operator.py
[2025-01-26T11:13:52.090-0300] {logging_mixin.py:190} INFO - [2025-01-26T11:13:52.090-0300] {dag.py:3239} INFO - Sync 1 DAGs
[2025-01-26T11:13:52.126-0300] {logging_mixin.py:190} INFO - [2025-01-26T11:13:52.125-0300] {dag.py:4180} INFO - Setting next_dagrun for example_weekday_branch_operator to 2025-01-25T00:00:00+00:00, run_after=2025-01-26T00:00:00+00:00
[2025-01-26T11:13:52.241-0300] {processor.py:208} INFO - Processing /mnt/c/Users/ander/Desktop/airflow-spark/airflow-spark/curso2/ambientX/lib/python3.9/site-packages/airflow/example_dags/example_branch_day_of_week_operator.py took 0.249 seconds
[2025-01-26T11:17:32.845-0300] {processor.py:186} INFO - Started process (PID=18770) to work on /mnt/c/Users/ander/Desktop/airflow-spark/airflow-spark/curso2/ambientX/lib/python3.9/site-packages/airflow/example_dags/example_branch_day_of_week_operator.py
[2025-01-26T11:17:32.846-0300] {processor.py:914} INFO - Processing file /mnt/c/Users/ander/Desktop/airflow-spark/airflow-spark/curso2/ambientX/lib/python3.9/site-packages/airflow/example_dags/example_branch_day_of_week_operator.py for tasks to queue
[2025-01-26T11:17:32.848-0300] {logging_mixin.py:190} INFO - [2025-01-26T11:17:32.848-0300] {dagbag.py:588} INFO - Filling up the DagBag from /mnt/c/Users/ander/Desktop/airflow-spark/airflow-spark/curso2/ambientX/lib/python3.9/site-packages/airflow/example_dags/example_branch_day_of_week_operator.py
[2025-01-26T11:17:32.878-0300] {processor.py:925} INFO - DAG(s) 'example_weekday_branch_operator' retrieved from /mnt/c/Users/ander/Desktop/airflow-spark/airflow-spark/curso2/ambientX/lib/python3.9/site-packages/airflow/example_dags/example_branch_day_of_week_operator.py
[2025-01-26T11:17:32.917-0300] {logging_mixin.py:190} INFO - [2025-01-26T11:17:32.917-0300] {dag.py:3239} INFO - Sync 1 DAGs
[2025-01-26T11:17:32.949-0300] {logging_mixin.py:190} INFO - [2025-01-26T11:17:32.949-0300] {dag.py:4180} INFO - Setting next_dagrun for example_weekday_branch_operator to 2025-01-25T00:00:00+00:00, run_after=2025-01-26T00:00:00+00:00
[2025-01-26T11:17:33.877-0300] {processor.py:208} INFO - Processing /mnt/c/Users/ander/Desktop/airflow-spark/airflow-spark/curso2/ambientX/lib/python3.9/site-packages/airflow/example_dags/example_branch_day_of_week_operator.py took 1.053 seconds
[2025-01-26T11:20:56.301-0300] {processor.py:186} INFO - Started process (PID=19673) to work on /mnt/c/Users/ander/Desktop/airflow-spark/airflow-spark/curso2/ambientX/lib/python3.9/site-packages/airflow/example_dags/example_branch_day_of_week_operator.py
[2025-01-26T11:20:56.303-0300] {processor.py:914} INFO - Processing file /mnt/c/Users/ander/Desktop/airflow-spark/airflow-spark/curso2/ambientX/lib/python3.9/site-packages/airflow/example_dags/example_branch_day_of_week_operator.py for tasks to queue
[2025-01-26T11:20:56.305-0300] {logging_mixin.py:190} INFO - [2025-01-26T11:20:56.304-0300] {dagbag.py:588} INFO - Filling up the DagBag from /mnt/c/Users/ander/Desktop/airflow-spark/airflow-spark/curso2/ambientX/lib/python3.9/site-packages/airflow/example_dags/example_branch_day_of_week_operator.py
[2025-01-26T11:20:56.337-0300] {processor.py:925} INFO - DAG(s) 'example_weekday_branch_operator' retrieved from /mnt/c/Users/ander/Desktop/airflow-spark/airflow-spark/curso2/ambientX/lib/python3.9/site-packages/airflow/example_dags/example_branch_day_of_week_operator.py
[2025-01-26T11:20:56.384-0300] {logging_mixin.py:190} INFO - [2025-01-26T11:20:56.383-0300] {dag.py:3239} INFO - Sync 1 DAGs
[2025-01-26T11:20:56.420-0300] {logging_mixin.py:190} INFO - [2025-01-26T11:20:56.419-0300] {dag.py:4180} INFO - Setting next_dagrun for example_weekday_branch_operator to 2025-01-25T00:00:00+00:00, run_after=2025-01-26T00:00:00+00:00
[2025-01-26T11:20:57.028-0300] {processor.py:208} INFO - Processing /mnt/c/Users/ander/Desktop/airflow-spark/airflow-spark/curso2/ambientX/lib/python3.9/site-packages/airflow/example_dags/example_branch_day_of_week_operator.py took 0.744 seconds
[2025-01-26T11:24:09.441-0300] {processor.py:186} INFO - Started process (PID=20498) to work on /mnt/c/Users/ander/Desktop/airflow-spark/airflow-spark/curso2/ambientX/lib/python3.9/site-packages/airflow/example_dags/example_branch_day_of_week_operator.py
[2025-01-26T11:24:09.443-0300] {processor.py:914} INFO - Processing file /mnt/c/Users/ander/Desktop/airflow-spark/airflow-spark/curso2/ambientX/lib/python3.9/site-packages/airflow/example_dags/example_branch_day_of_week_operator.py for tasks to queue
[2025-01-26T11:24:09.445-0300] {logging_mixin.py:190} INFO - [2025-01-26T11:24:09.444-0300] {dagbag.py:588} INFO - Filling up the DagBag from /mnt/c/Users/ander/Desktop/airflow-spark/airflow-spark/curso2/ambientX/lib/python3.9/site-packages/airflow/example_dags/example_branch_day_of_week_operator.py
[2025-01-26T11:24:09.478-0300] {processor.py:925} INFO - DAG(s) 'example_weekday_branch_operator' retrieved from /mnt/c/Users/ander/Desktop/airflow-spark/airflow-spark/curso2/ambientX/lib/python3.9/site-packages/airflow/example_dags/example_branch_day_of_week_operator.py
[2025-01-26T11:24:09.519-0300] {logging_mixin.py:190} INFO - [2025-01-26T11:24:09.518-0300] {dag.py:3239} INFO - Sync 1 DAGs
[2025-01-26T11:24:09.553-0300] {logging_mixin.py:190} INFO - [2025-01-26T11:24:09.553-0300] {dag.py:4180} INFO - Setting next_dagrun for example_weekday_branch_operator to 2025-01-25T00:00:00+00:00, run_after=2025-01-26T00:00:00+00:00
[2025-01-26T11:24:10.160-0300] {processor.py:208} INFO - Processing /mnt/c/Users/ander/Desktop/airflow-spark/airflow-spark/curso2/ambientX/lib/python3.9/site-packages/airflow/example_dags/example_branch_day_of_week_operator.py took 0.737 seconds
[2025-01-26T11:26:36.311-0300] {processor.py:186} INFO - Started process (PID=21259) to work on /mnt/c/Users/ander/Desktop/airflow-spark/airflow-spark/curso2/ambientX/lib/python3.9/site-packages/airflow/example_dags/example_branch_day_of_week_operator.py
[2025-01-26T11:26:36.312-0300] {processor.py:914} INFO - Processing file /mnt/c/Users/ander/Desktop/airflow-spark/airflow-spark/curso2/ambientX/lib/python3.9/site-packages/airflow/example_dags/example_branch_day_of_week_operator.py for tasks to queue
[2025-01-26T11:26:36.314-0300] {logging_mixin.py:190} INFO - [2025-01-26T11:26:36.314-0300] {dagbag.py:588} INFO - Filling up the DagBag from /mnt/c/Users/ander/Desktop/airflow-spark/airflow-spark/curso2/ambientX/lib/python3.9/site-packages/airflow/example_dags/example_branch_day_of_week_operator.py
[2025-01-26T11:26:36.347-0300] {processor.py:925} INFO - DAG(s) 'example_weekday_branch_operator' retrieved from /mnt/c/Users/ander/Desktop/airflow-spark/airflow-spark/curso2/ambientX/lib/python3.9/site-packages/airflow/example_dags/example_branch_day_of_week_operator.py
[2025-01-26T11:26:36.387-0300] {logging_mixin.py:190} INFO - [2025-01-26T11:26:36.387-0300] {dag.py:3239} INFO - Sync 1 DAGs
[2025-01-26T11:26:36.420-0300] {logging_mixin.py:190} INFO - [2025-01-26T11:26:36.420-0300] {dag.py:4180} INFO - Setting next_dagrun for example_weekday_branch_operator to 2025-01-25T00:00:00+00:00, run_after=2025-01-26T00:00:00+00:00
[2025-01-26T11:26:36.501-0300] {processor.py:208} INFO - Processing /mnt/c/Users/ander/Desktop/airflow-spark/airflow-spark/curso2/ambientX/lib/python3.9/site-packages/airflow/example_dags/example_branch_day_of_week_operator.py took 0.208 seconds
[2025-01-26T11:28:50.972-0300] {processor.py:186} INFO - Started process (PID=21933) to work on /mnt/c/Users/ander/Desktop/airflow-spark/airflow-spark/curso2/ambientX/lib/python3.9/site-packages/airflow/example_dags/example_branch_day_of_week_operator.py
[2025-01-26T11:28:50.973-0300] {processor.py:914} INFO - Processing file /mnt/c/Users/ander/Desktop/airflow-spark/airflow-spark/curso2/ambientX/lib/python3.9/site-packages/airflow/example_dags/example_branch_day_of_week_operator.py for tasks to queue
[2025-01-26T11:28:50.975-0300] {logging_mixin.py:190} INFO - [2025-01-26T11:28:50.975-0300] {dagbag.py:588} INFO - Filling up the DagBag from /mnt/c/Users/ander/Desktop/airflow-spark/airflow-spark/curso2/ambientX/lib/python3.9/site-packages/airflow/example_dags/example_branch_day_of_week_operator.py
[2025-01-26T11:28:51.000-0300] {processor.py:925} INFO - DAG(s) 'example_weekday_branch_operator' retrieved from /mnt/c/Users/ander/Desktop/airflow-spark/airflow-spark/curso2/ambientX/lib/python3.9/site-packages/airflow/example_dags/example_branch_day_of_week_operator.py
[2025-01-26T11:28:51.035-0300] {logging_mixin.py:190} INFO - [2025-01-26T11:28:51.034-0300] {dag.py:3239} INFO - Sync 1 DAGs
[2025-01-26T11:28:51.064-0300] {logging_mixin.py:190} INFO - [2025-01-26T11:28:51.064-0300] {dag.py:4180} INFO - Setting next_dagrun for example_weekday_branch_operator to 2025-01-25T00:00:00+00:00, run_after=2025-01-26T00:00:00+00:00
[2025-01-26T11:28:54.777-0300] {processor.py:208} INFO - Processing /mnt/c/Users/ander/Desktop/airflow-spark/airflow-spark/curso2/ambientX/lib/python3.9/site-packages/airflow/example_dags/example_branch_day_of_week_operator.py took 1.036 seconds
[2025-01-26T11:31:53.462-0300] {processor.py:186} INFO - Started process (PID=22844) to work on /mnt/c/Users/ander/Desktop/airflow-spark/airflow-spark/curso2/ambientX/lib/python3.9/site-packages/airflow/example_dags/example_branch_day_of_week_operator.py
[2025-01-26T11:31:53.464-0300] {processor.py:914} INFO - Processing file /mnt/c/Users/ander/Desktop/airflow-spark/airflow-spark/curso2/ambientX/lib/python3.9/site-packages/airflow/example_dags/example_branch_day_of_week_operator.py for tasks to queue
[2025-01-26T11:31:53.466-0300] {logging_mixin.py:190} INFO - [2025-01-26T11:31:53.465-0300] {dagbag.py:588} INFO - Filling up the DagBag from /mnt/c/Users/ander/Desktop/airflow-spark/airflow-spark/curso2/ambientX/lib/python3.9/site-packages/airflow/example_dags/example_branch_day_of_week_operator.py
[2025-01-26T11:31:53.495-0300] {processor.py:925} INFO - DAG(s) 'example_weekday_branch_operator' retrieved from /mnt/c/Users/ander/Desktop/airflow-spark/airflow-spark/curso2/ambientX/lib/python3.9/site-packages/airflow/example_dags/example_branch_day_of_week_operator.py
[2025-01-26T11:31:53.536-0300] {logging_mixin.py:190} INFO - [2025-01-26T11:31:53.535-0300] {dag.py:3239} INFO - Sync 1 DAGs
[2025-01-26T11:31:53.570-0300] {logging_mixin.py:190} INFO - [2025-01-26T11:31:53.569-0300] {dag.py:4180} INFO - Setting next_dagrun for example_weekday_branch_operator to 2025-01-25T00:00:00+00:00, run_after=2025-01-26T00:00:00+00:00
[2025-01-26T11:31:53.695-0300] {processor.py:208} INFO - Processing /mnt/c/Users/ander/Desktop/airflow-spark/airflow-spark/curso2/ambientX/lib/python3.9/site-packages/airflow/example_dags/example_branch_day_of_week_operator.py took 0.249 seconds
[2025-01-26T11:34:19.907-0300] {processor.py:186} INFO - Started process (PID=23545) to work on /mnt/c/Users/ander/Desktop/airflow-spark/airflow-spark/curso2/ambientX/lib/python3.9/site-packages/airflow/example_dags/example_branch_day_of_week_operator.py
[2025-01-26T11:34:19.909-0300] {processor.py:914} INFO - Processing file /mnt/c/Users/ander/Desktop/airflow-spark/airflow-spark/curso2/ambientX/lib/python3.9/site-packages/airflow/example_dags/example_branch_day_of_week_operator.py for tasks to queue
[2025-01-26T11:34:19.911-0300] {logging_mixin.py:190} INFO - [2025-01-26T11:34:19.910-0300] {dagbag.py:588} INFO - Filling up the DagBag from /mnt/c/Users/ander/Desktop/airflow-spark/airflow-spark/curso2/ambientX/lib/python3.9/site-packages/airflow/example_dags/example_branch_day_of_week_operator.py
[2025-01-26T11:34:19.937-0300] {processor.py:925} INFO - DAG(s) 'example_weekday_branch_operator' retrieved from /mnt/c/Users/ander/Desktop/airflow-spark/airflow-spark/curso2/ambientX/lib/python3.9/site-packages/airflow/example_dags/example_branch_day_of_week_operator.py
[2025-01-26T11:34:19.977-0300] {logging_mixin.py:190} INFO - [2025-01-26T11:34:19.976-0300] {dag.py:3239} INFO - Sync 1 DAGs
[2025-01-26T11:34:20.009-0300] {logging_mixin.py:190} INFO - [2025-01-26T11:34:20.009-0300] {dag.py:4180} INFO - Setting next_dagrun for example_weekday_branch_operator to 2025-01-25T00:00:00+00:00, run_after=2025-01-26T00:00:00+00:00
[2025-01-26T11:34:20.092-0300] {processor.py:208} INFO - Processing /mnt/c/Users/ander/Desktop/airflow-spark/airflow-spark/curso2/ambientX/lib/python3.9/site-packages/airflow/example_dags/example_branch_day_of_week_operator.py took 0.202 seconds
[2025-01-26T11:35:59.943-0300] {processor.py:186} INFO - Started process (PID=24051) to work on /mnt/c/Users/ander/Desktop/airflow-spark/airflow-spark/curso2/ambientX/lib/python3.9/site-packages/airflow/example_dags/example_branch_day_of_week_operator.py
[2025-01-26T11:35:59.945-0300] {processor.py:914} INFO - Processing file /mnt/c/Users/ander/Desktop/airflow-spark/airflow-spark/curso2/ambientX/lib/python3.9/site-packages/airflow/example_dags/example_branch_day_of_week_operator.py for tasks to queue
[2025-01-26T11:35:59.947-0300] {logging_mixin.py:190} INFO - [2025-01-26T11:35:59.947-0300] {dagbag.py:588} INFO - Filling up the DagBag from /mnt/c/Users/ander/Desktop/airflow-spark/airflow-spark/curso2/ambientX/lib/python3.9/site-packages/airflow/example_dags/example_branch_day_of_week_operator.py
[2025-01-26T11:35:59.978-0300] {processor.py:925} INFO - DAG(s) 'example_weekday_branch_operator' retrieved from /mnt/c/Users/ander/Desktop/airflow-spark/airflow-spark/curso2/ambientX/lib/python3.9/site-packages/airflow/example_dags/example_branch_day_of_week_operator.py
[2025-01-26T11:36:00.018-0300] {logging_mixin.py:190} INFO - [2025-01-26T11:36:00.018-0300] {dag.py:3239} INFO - Sync 1 DAGs
[2025-01-26T11:36:00.058-0300] {logging_mixin.py:190} INFO - [2025-01-26T11:36:00.057-0300] {dag.py:4180} INFO - Setting next_dagrun for example_weekday_branch_operator to 2025-01-25T00:00:00+00:00, run_after=2025-01-26T00:00:00+00:00
[2025-01-26T11:36:00.119-0300] {processor.py:208} INFO - Processing /mnt/c/Users/ander/Desktop/airflow-spark/airflow-spark/curso2/ambientX/lib/python3.9/site-packages/airflow/example_dags/example_branch_day_of_week_operator.py took 0.194 seconds
[2025-01-26T11:37:43.067-0300] {processor.py:186} INFO - Started process (PID=24511) to work on /mnt/c/Users/ander/Desktop/airflow-spark/airflow-spark/curso2/ambientX/lib/python3.9/site-packages/airflow/example_dags/example_branch_day_of_week_operator.py
[2025-01-26T11:37:43.069-0300] {processor.py:914} INFO - Processing file /mnt/c/Users/ander/Desktop/airflow-spark/airflow-spark/curso2/ambientX/lib/python3.9/site-packages/airflow/example_dags/example_branch_day_of_week_operator.py for tasks to queue
[2025-01-26T11:37:43.071-0300] {logging_mixin.py:190} INFO - [2025-01-26T11:37:43.070-0300] {dagbag.py:588} INFO - Filling up the DagBag from /mnt/c/Users/ander/Desktop/airflow-spark/airflow-spark/curso2/ambientX/lib/python3.9/site-packages/airflow/example_dags/example_branch_day_of_week_operator.py
[2025-01-26T11:37:43.099-0300] {processor.py:925} INFO - DAG(s) 'example_weekday_branch_operator' retrieved from /mnt/c/Users/ander/Desktop/airflow-spark/airflow-spark/curso2/ambientX/lib/python3.9/site-packages/airflow/example_dags/example_branch_day_of_week_operator.py
[2025-01-26T11:37:43.139-0300] {logging_mixin.py:190} INFO - [2025-01-26T11:37:43.138-0300] {dag.py:3239} INFO - Sync 1 DAGs
[2025-01-26T11:37:43.171-0300] {logging_mixin.py:190} INFO - [2025-01-26T11:37:43.170-0300] {dag.py:4180} INFO - Setting next_dagrun for example_weekday_branch_operator to 2025-01-25T00:00:00+00:00, run_after=2025-01-26T00:00:00+00:00
[2025-01-26T11:37:43.233-0300] {processor.py:208} INFO - Processing /mnt/c/Users/ander/Desktop/airflow-spark/airflow-spark/curso2/ambientX/lib/python3.9/site-packages/airflow/example_dags/example_branch_day_of_week_operator.py took 0.183 seconds
[2025-01-26T11:39:21.920-0300] {processor.py:186} INFO - Started process (PID=25023) to work on /mnt/c/Users/ander/Desktop/airflow-spark/airflow-spark/curso2/ambientX/lib/python3.9/site-packages/airflow/example_dags/example_branch_day_of_week_operator.py
[2025-01-26T11:39:21.922-0300] {processor.py:914} INFO - Processing file /mnt/c/Users/ander/Desktop/airflow-spark/airflow-spark/curso2/ambientX/lib/python3.9/site-packages/airflow/example_dags/example_branch_day_of_week_operator.py for tasks to queue
[2025-01-26T11:39:21.924-0300] {logging_mixin.py:190} INFO - [2025-01-26T11:39:21.923-0300] {dagbag.py:588} INFO - Filling up the DagBag from /mnt/c/Users/ander/Desktop/airflow-spark/airflow-spark/curso2/ambientX/lib/python3.9/site-packages/airflow/example_dags/example_branch_day_of_week_operator.py
[2025-01-26T11:39:21.953-0300] {processor.py:925} INFO - DAG(s) 'example_weekday_branch_operator' retrieved from /mnt/c/Users/ander/Desktop/airflow-spark/airflow-spark/curso2/ambientX/lib/python3.9/site-packages/airflow/example_dags/example_branch_day_of_week_operator.py
[2025-01-26T11:39:21.991-0300] {logging_mixin.py:190} INFO - [2025-01-26T11:39:21.991-0300] {dag.py:3239} INFO - Sync 1 DAGs
[2025-01-26T11:39:22.023-0300] {logging_mixin.py:190} INFO - [2025-01-26T11:39:22.022-0300] {dag.py:4180} INFO - Setting next_dagrun for example_weekday_branch_operator to 2025-01-25T00:00:00+00:00, run_after=2025-01-26T00:00:00+00:00
[2025-01-26T11:39:22.086-0300] {processor.py:208} INFO - Processing /mnt/c/Users/ander/Desktop/airflow-spark/airflow-spark/curso2/ambientX/lib/python3.9/site-packages/airflow/example_dags/example_branch_day_of_week_operator.py took 0.183 seconds
[2025-01-26T11:40:58.997-0300] {processor.py:186} INFO - Started process (PID=25462) to work on /mnt/c/Users/ander/Desktop/airflow-spark/airflow-spark/curso2/ambientX/lib/python3.9/site-packages/airflow/example_dags/example_branch_day_of_week_operator.py
[2025-01-26T11:40:58.999-0300] {processor.py:914} INFO - Processing file /mnt/c/Users/ander/Desktop/airflow-spark/airflow-spark/curso2/ambientX/lib/python3.9/site-packages/airflow/example_dags/example_branch_day_of_week_operator.py for tasks to queue
[2025-01-26T11:40:59.000-0300] {logging_mixin.py:190} INFO - [2025-01-26T11:40:59.000-0300] {dagbag.py:588} INFO - Filling up the DagBag from /mnt/c/Users/ander/Desktop/airflow-spark/airflow-spark/curso2/ambientX/lib/python3.9/site-packages/airflow/example_dags/example_branch_day_of_week_operator.py
[2025-01-26T11:40:59.027-0300] {processor.py:925} INFO - DAG(s) 'example_weekday_branch_operator' retrieved from /mnt/c/Users/ander/Desktop/airflow-spark/airflow-spark/curso2/ambientX/lib/python3.9/site-packages/airflow/example_dags/example_branch_day_of_week_operator.py
[2025-01-26T11:40:59.065-0300] {logging_mixin.py:190} INFO - [2025-01-26T11:40:59.064-0300] {dag.py:3239} INFO - Sync 1 DAGs
[2025-01-26T11:40:59.096-0300] {logging_mixin.py:190} INFO - [2025-01-26T11:40:59.096-0300] {dag.py:4180} INFO - Setting next_dagrun for example_weekday_branch_operator to 2025-01-25T00:00:00+00:00, run_after=2025-01-26T00:00:00+00:00
[2025-01-26T11:40:59.163-0300] {processor.py:208} INFO - Processing /mnt/c/Users/ander/Desktop/airflow-spark/airflow-spark/curso2/ambientX/lib/python3.9/site-packages/airflow/example_dags/example_branch_day_of_week_operator.py took 0.184 seconds
[2025-01-26T11:42:40.158-0300] {processor.py:186} INFO - Started process (PID=26037) to work on /mnt/c/Users/ander/Desktop/airflow-spark/airflow-spark/curso2/ambientX/lib/python3.9/site-packages/airflow/example_dags/example_branch_day_of_week_operator.py
[2025-01-26T11:42:40.160-0300] {processor.py:914} INFO - Processing file /mnt/c/Users/ander/Desktop/airflow-spark/airflow-spark/curso2/ambientX/lib/python3.9/site-packages/airflow/example_dags/example_branch_day_of_week_operator.py for tasks to queue
[2025-01-26T11:42:40.162-0300] {logging_mixin.py:190} INFO - [2025-01-26T11:42:40.161-0300] {dagbag.py:588} INFO - Filling up the DagBag from /mnt/c/Users/ander/Desktop/airflow-spark/airflow-spark/curso2/ambientX/lib/python3.9/site-packages/airflow/example_dags/example_branch_day_of_week_operator.py
[2025-01-26T11:42:40.202-0300] {processor.py:925} INFO - DAG(s) 'example_weekday_branch_operator' retrieved from /mnt/c/Users/ander/Desktop/airflow-spark/airflow-spark/curso2/ambientX/lib/python3.9/site-packages/airflow/example_dags/example_branch_day_of_week_operator.py
[2025-01-26T11:42:40.245-0300] {logging_mixin.py:190} INFO - [2025-01-26T11:42:40.244-0300] {dag.py:3239} INFO - Sync 1 DAGs
[2025-01-26T11:42:40.277-0300] {logging_mixin.py:190} INFO - [2025-01-26T11:42:40.277-0300] {dag.py:4180} INFO - Setting next_dagrun for example_weekday_branch_operator to 2025-01-25T00:00:00+00:00, run_after=2025-01-26T00:00:00+00:00
[2025-01-26T11:42:40.332-0300] {processor.py:208} INFO - Processing /mnt/c/Users/ander/Desktop/airflow-spark/airflow-spark/curso2/ambientX/lib/python3.9/site-packages/airflow/example_dags/example_branch_day_of_week_operator.py took 0.191 seconds
[2025-01-26T11:44:29.273-0300] {processor.py:186} INFO - Started process (PID=26584) to work on /mnt/c/Users/ander/Desktop/airflow-spark/airflow-spark/curso2/ambientX/lib/python3.9/site-packages/airflow/example_dags/example_branch_day_of_week_operator.py
[2025-01-26T11:44:29.275-0300] {processor.py:914} INFO - Processing file /mnt/c/Users/ander/Desktop/airflow-spark/airflow-spark/curso2/ambientX/lib/python3.9/site-packages/airflow/example_dags/example_branch_day_of_week_operator.py for tasks to queue
[2025-01-26T11:44:29.277-0300] {logging_mixin.py:190} INFO - [2025-01-26T11:44:29.276-0300] {dagbag.py:588} INFO - Filling up the DagBag from /mnt/c/Users/ander/Desktop/airflow-spark/airflow-spark/curso2/ambientX/lib/python3.9/site-packages/airflow/example_dags/example_branch_day_of_week_operator.py
[2025-01-26T11:44:29.307-0300] {processor.py:925} INFO - DAG(s) 'example_weekday_branch_operator' retrieved from /mnt/c/Users/ander/Desktop/airflow-spark/airflow-spark/curso2/ambientX/lib/python3.9/site-packages/airflow/example_dags/example_branch_day_of_week_operator.py
[2025-01-26T11:44:29.345-0300] {logging_mixin.py:190} INFO - [2025-01-26T11:44:29.345-0300] {dag.py:3239} INFO - Sync 1 DAGs
[2025-01-26T11:44:29.377-0300] {logging_mixin.py:190} INFO - [2025-01-26T11:44:29.377-0300] {dag.py:4180} INFO - Setting next_dagrun for example_weekday_branch_operator to 2025-01-25T00:00:00+00:00, run_after=2025-01-26T00:00:00+00:00
[2025-01-26T11:44:29.438-0300] {processor.py:208} INFO - Processing /mnt/c/Users/ander/Desktop/airflow-spark/airflow-spark/curso2/ambientX/lib/python3.9/site-packages/airflow/example_dags/example_branch_day_of_week_operator.py took 0.182 seconds
