[2025-01-26T10:26:27.403-0300] {processor.py:186} INFO - Started process (PID=2917) to work on /mnt/c/Users/ander/Desktop/airflow-spark/airflow-spark/curso2/ambientX/lib/python3.9/site-packages/airflow/example_dags/example_branch_datetime_operator.py
[2025-01-26T10:26:27.405-0300] {processor.py:914} INFO - Processing file /mnt/c/Users/ander/Desktop/airflow-spark/airflow-spark/curso2/ambientX/lib/python3.9/site-packages/airflow/example_dags/example_branch_datetime_operator.py for tasks to queue
[2025-01-26T10:26:27.411-0300] {logging_mixin.py:190} INFO - [2025-01-26T10:26:27.411-0300] {dagbag.py:588} INFO - Filling up the DagBag from /mnt/c/Users/ander/Desktop/airflow-spark/airflow-spark/curso2/ambientX/lib/python3.9/site-packages/airflow/example_dags/example_branch_datetime_operator.py
[2025-01-26T10:26:27.485-0300] {processor.py:925} INFO - DAG(s) 'example_branch_datetime_operator', 'example_branch_datetime_operator_2', 'example_branch_datetime_operator_3' retrieved from /mnt/c/Users/ander/Desktop/airflow-spark/airflow-spark/curso2/ambientX/lib/python3.9/site-packages/airflow/example_dags/example_branch_datetime_operator.py
[2025-01-26T10:26:27.552-0300] {logging_mixin.py:190} INFO - [2025-01-26T10:26:27.552-0300] {dag.py:3239} INFO - Sync 3 DAGs
[2025-01-26T10:26:27.588-0300] {logging_mixin.py:190} INFO - [2025-01-26T10:26:27.587-0300] {dag.py:4180} INFO - Setting next_dagrun for example_branch_datetime_operator to 2025-01-25T00:00:00+00:00, run_after=2025-01-26T00:00:00+00:00
[2025-01-26T10:26:27.595-0300] {logging_mixin.py:190} INFO - [2025-01-26T10:26:27.595-0300] {dag.py:4180} INFO - Setting next_dagrun for example_branch_datetime_operator_2 to 2025-01-25T00:00:00+00:00, run_after=2025-01-26T00:00:00+00:00
[2025-01-26T10:26:27.599-0300] {logging_mixin.py:190} INFO - [2025-01-26T10:26:27.599-0300] {dag.py:4180} INFO - Setting next_dagrun for example_branch_datetime_operator_3 to 2025-01-25T00:00:00+00:00, run_after=2025-01-26T00:00:00+00:00
[2025-01-26T10:26:27.658-0300] {processor.py:208} INFO - Processing /mnt/c/Users/ander/Desktop/airflow-spark/airflow-spark/curso2/ambientX/lib/python3.9/site-packages/airflow/example_dags/example_branch_datetime_operator.py took 0.271 seconds
[2025-01-26T10:39:36.580-0300] {processor.py:186} INFO - Started process (PID=8291) to work on /mnt/c/Users/ander/Desktop/airflow-spark/airflow-spark/curso2/ambientX/lib/python3.9/site-packages/airflow/example_dags/example_branch_datetime_operator.py
[2025-01-26T10:39:36.583-0300] {processor.py:914} INFO - Processing file /mnt/c/Users/ander/Desktop/airflow-spark/airflow-spark/curso2/ambientX/lib/python3.9/site-packages/airflow/example_dags/example_branch_datetime_operator.py for tasks to queue
[2025-01-26T10:39:36.585-0300] {logging_mixin.py:190} INFO - [2025-01-26T10:39:36.585-0300] {dagbag.py:588} INFO - Filling up the DagBag from /mnt/c/Users/ander/Desktop/airflow-spark/airflow-spark/curso2/ambientX/lib/python3.9/site-packages/airflow/example_dags/example_branch_datetime_operator.py
[2025-01-26T10:39:36.646-0300] {processor.py:925} INFO - DAG(s) 'example_branch_datetime_operator_3', 'example_branch_datetime_operator', 'example_branch_datetime_operator_2' retrieved from /mnt/c/Users/ander/Desktop/airflow-spark/airflow-spark/curso2/ambientX/lib/python3.9/site-packages/airflow/example_dags/example_branch_datetime_operator.py
[2025-01-26T10:39:36.714-0300] {logging_mixin.py:190} INFO - [2025-01-26T10:39:36.714-0300] {dag.py:3239} INFO - Sync 3 DAGs
[2025-01-26T10:39:36.753-0300] {logging_mixin.py:190} INFO - [2025-01-26T10:39:36.753-0300] {dag.py:4180} INFO - Setting next_dagrun for example_branch_datetime_operator to 2025-01-25T00:00:00+00:00, run_after=2025-01-26T00:00:00+00:00
[2025-01-26T10:39:36.762-0300] {logging_mixin.py:190} INFO - [2025-01-26T10:39:36.761-0300] {dag.py:4180} INFO - Setting next_dagrun for example_branch_datetime_operator_2 to 2025-01-25T00:00:00+00:00, run_after=2025-01-26T00:00:00+00:00
[2025-01-26T10:39:36.771-0300] {logging_mixin.py:190} INFO - [2025-01-26T10:39:36.771-0300] {dag.py:4180} INFO - Setting next_dagrun for example_branch_datetime_operator_3 to 2025-01-25T00:00:00+00:00, run_after=2025-01-26T00:00:00+00:00
[2025-01-26T10:39:36.846-0300] {processor.py:208} INFO - Processing /mnt/c/Users/ander/Desktop/airflow-spark/airflow-spark/curso2/ambientX/lib/python3.9/site-packages/airflow/example_dags/example_branch_datetime_operator.py took 0.292 seconds
[2025-01-26T10:41:29.539-0300] {processor.py:186} INFO - Started process (PID=8921) to work on /mnt/c/Users/ander/Desktop/airflow-spark/airflow-spark/curso2/ambientX/lib/python3.9/site-packages/airflow/example_dags/example_branch_datetime_operator.py
[2025-01-26T10:41:29.541-0300] {processor.py:914} INFO - Processing file /mnt/c/Users/ander/Desktop/airflow-spark/airflow-spark/curso2/ambientX/lib/python3.9/site-packages/airflow/example_dags/example_branch_datetime_operator.py for tasks to queue
[2025-01-26T10:41:29.543-0300] {logging_mixin.py:190} INFO - [2025-01-26T10:41:29.542-0300] {dagbag.py:588} INFO - Filling up the DagBag from /mnt/c/Users/ander/Desktop/airflow-spark/airflow-spark/curso2/ambientX/lib/python3.9/site-packages/airflow/example_dags/example_branch_datetime_operator.py
[2025-01-26T10:41:29.588-0300] {processor.py:925} INFO - DAG(s) 'example_branch_datetime_operator_2', 'example_branch_datetime_operator_3', 'example_branch_datetime_operator' retrieved from /mnt/c/Users/ander/Desktop/airflow-spark/airflow-spark/curso2/ambientX/lib/python3.9/site-packages/airflow/example_dags/example_branch_datetime_operator.py
[2025-01-26T10:41:29.645-0300] {logging_mixin.py:190} INFO - [2025-01-26T10:41:29.645-0300] {dag.py:3239} INFO - Sync 3 DAGs
[2025-01-26T10:41:29.684-0300] {logging_mixin.py:190} INFO - [2025-01-26T10:41:29.684-0300] {dag.py:4180} INFO - Setting next_dagrun for example_branch_datetime_operator to 2025-01-25T00:00:00+00:00, run_after=2025-01-26T00:00:00+00:00
[2025-01-26T10:41:29.692-0300] {logging_mixin.py:190} INFO - [2025-01-26T10:41:29.692-0300] {dag.py:4180} INFO - Setting next_dagrun for example_branch_datetime_operator_2 to 2025-01-25T00:00:00+00:00, run_after=2025-01-26T00:00:00+00:00
[2025-01-26T10:41:29.699-0300] {logging_mixin.py:190} INFO - [2025-01-26T10:41:29.699-0300] {dag.py:4180} INFO - Setting next_dagrun for example_branch_datetime_operator_3 to 2025-01-25T00:00:00+00:00, run_after=2025-01-26T00:00:00+00:00
[2025-01-26T10:41:29.778-0300] {processor.py:208} INFO - Processing /mnt/c/Users/ander/Desktop/airflow-spark/airflow-spark/curso2/ambientX/lib/python3.9/site-packages/airflow/example_dags/example_branch_datetime_operator.py took 0.254 seconds
[2025-01-26T10:43:20.745-0300] {processor.py:186} INFO - Started process (PID=9299) to work on /mnt/c/Users/ander/Desktop/airflow-spark/airflow-spark/curso2/ambientX/lib/python3.9/site-packages/airflow/example_dags/example_branch_datetime_operator.py
[2025-01-26T10:43:20.749-0300] {processor.py:914} INFO - Processing file /mnt/c/Users/ander/Desktop/airflow-spark/airflow-spark/curso2/ambientX/lib/python3.9/site-packages/airflow/example_dags/example_branch_datetime_operator.py for tasks to queue
[2025-01-26T10:43:20.753-0300] {logging_mixin.py:190} INFO - [2025-01-26T10:43:20.752-0300] {dagbag.py:588} INFO - Filling up the DagBag from /mnt/c/Users/ander/Desktop/airflow-spark/airflow-spark/curso2/ambientX/lib/python3.9/site-packages/airflow/example_dags/example_branch_datetime_operator.py
[2025-01-26T10:43:20.797-0300] {processor.py:925} INFO - DAG(s) 'example_branch_datetime_operator_3', 'example_branch_datetime_operator_2', 'example_branch_datetime_operator' retrieved from /mnt/c/Users/ander/Desktop/airflow-spark/airflow-spark/curso2/ambientX/lib/python3.9/site-packages/airflow/example_dags/example_branch_datetime_operator.py
[2025-01-26T10:43:20.864-0300] {logging_mixin.py:190} INFO - [2025-01-26T10:43:20.864-0300] {dag.py:3239} INFO - Sync 3 DAGs
[2025-01-26T10:43:20.908-0300] {logging_mixin.py:190} INFO - [2025-01-26T10:43:20.908-0300] {dag.py:4180} INFO - Setting next_dagrun for example_branch_datetime_operator to 2025-01-25T00:00:00+00:00, run_after=2025-01-26T00:00:00+00:00
[2025-01-26T10:43:20.916-0300] {logging_mixin.py:190} INFO - [2025-01-26T10:43:20.916-0300] {dag.py:4180} INFO - Setting next_dagrun for example_branch_datetime_operator_2 to 2025-01-25T00:00:00+00:00, run_after=2025-01-26T00:00:00+00:00
[2025-01-26T10:43:20.921-0300] {logging_mixin.py:190} INFO - [2025-01-26T10:43:20.921-0300] {dag.py:4180} INFO - Setting next_dagrun for example_branch_datetime_operator_3 to 2025-01-25T00:00:00+00:00, run_after=2025-01-26T00:00:00+00:00
[2025-01-26T10:43:21.000-0300] {processor.py:208} INFO - Processing /mnt/c/Users/ander/Desktop/airflow-spark/airflow-spark/curso2/ambientX/lib/python3.9/site-packages/airflow/example_dags/example_branch_datetime_operator.py took 0.273 seconds
[2025-01-26T10:45:20.696-0300] {processor.py:186} INFO - Started process (PID=9759) to work on /mnt/c/Users/ander/Desktop/airflow-spark/airflow-spark/curso2/ambientX/lib/python3.9/site-packages/airflow/example_dags/example_branch_datetime_operator.py
[2025-01-26T10:45:20.697-0300] {processor.py:914} INFO - Processing file /mnt/c/Users/ander/Desktop/airflow-spark/airflow-spark/curso2/ambientX/lib/python3.9/site-packages/airflow/example_dags/example_branch_datetime_operator.py for tasks to queue
[2025-01-26T10:45:20.699-0300] {logging_mixin.py:190} INFO - [2025-01-26T10:45:20.699-0300] {dagbag.py:588} INFO - Filling up the DagBag from /mnt/c/Users/ander/Desktop/airflow-spark/airflow-spark/curso2/ambientX/lib/python3.9/site-packages/airflow/example_dags/example_branch_datetime_operator.py
[2025-01-26T10:45:20.743-0300] {processor.py:925} INFO - DAG(s) 'example_branch_datetime_operator', 'example_branch_datetime_operator_2', 'example_branch_datetime_operator_3' retrieved from /mnt/c/Users/ander/Desktop/airflow-spark/airflow-spark/curso2/ambientX/lib/python3.9/site-packages/airflow/example_dags/example_branch_datetime_operator.py
[2025-01-26T10:45:20.808-0300] {logging_mixin.py:190} INFO - [2025-01-26T10:45:20.807-0300] {dag.py:3239} INFO - Sync 3 DAGs
[2025-01-26T10:45:20.848-0300] {logging_mixin.py:190} INFO - [2025-01-26T10:45:20.848-0300] {dag.py:4180} INFO - Setting next_dagrun for example_branch_datetime_operator to 2025-01-25T00:00:00+00:00, run_after=2025-01-26T00:00:00+00:00
[2025-01-26T10:45:20.858-0300] {logging_mixin.py:190} INFO - [2025-01-26T10:45:20.857-0300] {dag.py:4180} INFO - Setting next_dagrun for example_branch_datetime_operator_2 to 2025-01-25T00:00:00+00:00, run_after=2025-01-26T00:00:00+00:00
[2025-01-26T10:45:20.864-0300] {logging_mixin.py:190} INFO - [2025-01-26T10:45:20.863-0300] {dag.py:4180} INFO - Setting next_dagrun for example_branch_datetime_operator_3 to 2025-01-25T00:00:00+00:00, run_after=2025-01-26T00:00:00+00:00
[2025-01-26T10:45:20.930-0300] {processor.py:208} INFO - Processing /mnt/c/Users/ander/Desktop/airflow-spark/airflow-spark/curso2/ambientX/lib/python3.9/site-packages/airflow/example_dags/example_branch_datetime_operator.py took 0.254 seconds
[2025-01-26T10:47:02.714-0300] {processor.py:186} INFO - Started process (PID=10248) to work on /mnt/c/Users/ander/Desktop/airflow-spark/airflow-spark/curso2/ambientX/lib/python3.9/site-packages/airflow/example_dags/example_branch_datetime_operator.py
[2025-01-26T10:47:02.716-0300] {processor.py:914} INFO - Processing file /mnt/c/Users/ander/Desktop/airflow-spark/airflow-spark/curso2/ambientX/lib/python3.9/site-packages/airflow/example_dags/example_branch_datetime_operator.py for tasks to queue
[2025-01-26T10:47:02.718-0300] {logging_mixin.py:190} INFO - [2025-01-26T10:47:02.717-0300] {dagbag.py:588} INFO - Filling up the DagBag from /mnt/c/Users/ander/Desktop/airflow-spark/airflow-spark/curso2/ambientX/lib/python3.9/site-packages/airflow/example_dags/example_branch_datetime_operator.py
[2025-01-26T10:47:02.764-0300] {processor.py:925} INFO - DAG(s) 'example_branch_datetime_operator', 'example_branch_datetime_operator_2', 'example_branch_datetime_operator_3' retrieved from /mnt/c/Users/ander/Desktop/airflow-spark/airflow-spark/curso2/ambientX/lib/python3.9/site-packages/airflow/example_dags/example_branch_datetime_operator.py
[2025-01-26T10:47:02.814-0300] {logging_mixin.py:190} INFO - [2025-01-26T10:47:02.814-0300] {dag.py:3239} INFO - Sync 3 DAGs
[2025-01-26T10:47:02.847-0300] {logging_mixin.py:190} INFO - [2025-01-26T10:47:02.847-0300] {dag.py:4180} INFO - Setting next_dagrun for example_branch_datetime_operator to 2025-01-25T00:00:00+00:00, run_after=2025-01-26T00:00:00+00:00
[2025-01-26T10:47:02.854-0300] {logging_mixin.py:190} INFO - [2025-01-26T10:47:02.854-0300] {dag.py:4180} INFO - Setting next_dagrun for example_branch_datetime_operator_2 to 2025-01-25T00:00:00+00:00, run_after=2025-01-26T00:00:00+00:00
[2025-01-26T10:47:02.859-0300] {logging_mixin.py:190} INFO - [2025-01-26T10:47:02.859-0300] {dag.py:4180} INFO - Setting next_dagrun for example_branch_datetime_operator_3 to 2025-01-25T00:00:00+00:00, run_after=2025-01-26T00:00:00+00:00
[2025-01-26T10:47:02.914-0300] {processor.py:208} INFO - Processing /mnt/c/Users/ander/Desktop/airflow-spark/airflow-spark/curso2/ambientX/lib/python3.9/site-packages/airflow/example_dags/example_branch_datetime_operator.py took 0.218 seconds
[2025-01-26T10:48:52.565-0300] {processor.py:186} INFO - Started process (PID=10689) to work on /mnt/c/Users/ander/Desktop/airflow-spark/airflow-spark/curso2/ambientX/lib/python3.9/site-packages/airflow/example_dags/example_branch_datetime_operator.py
[2025-01-26T10:48:52.566-0300] {processor.py:914} INFO - Processing file /mnt/c/Users/ander/Desktop/airflow-spark/airflow-spark/curso2/ambientX/lib/python3.9/site-packages/airflow/example_dags/example_branch_datetime_operator.py for tasks to queue
[2025-01-26T10:48:52.569-0300] {logging_mixin.py:190} INFO - [2025-01-26T10:48:52.568-0300] {dagbag.py:588} INFO - Filling up the DagBag from /mnt/c/Users/ander/Desktop/airflow-spark/airflow-spark/curso2/ambientX/lib/python3.9/site-packages/airflow/example_dags/example_branch_datetime_operator.py
[2025-01-26T10:48:52.601-0300] {processor.py:925} INFO - DAG(s) 'example_branch_datetime_operator_3', 'example_branch_datetime_operator_2', 'example_branch_datetime_operator' retrieved from /mnt/c/Users/ander/Desktop/airflow-spark/airflow-spark/curso2/ambientX/lib/python3.9/site-packages/airflow/example_dags/example_branch_datetime_operator.py
[2025-01-26T10:48:52.657-0300] {logging_mixin.py:190} INFO - [2025-01-26T10:48:52.657-0300] {dag.py:3239} INFO - Sync 3 DAGs
[2025-01-26T10:48:52.691-0300] {logging_mixin.py:190} INFO - [2025-01-26T10:48:52.691-0300] {dag.py:4180} INFO - Setting next_dagrun for example_branch_datetime_operator to 2025-01-25T00:00:00+00:00, run_after=2025-01-26T00:00:00+00:00
[2025-01-26T10:48:52.699-0300] {logging_mixin.py:190} INFO - [2025-01-26T10:48:52.699-0300] {dag.py:4180} INFO - Setting next_dagrun for example_branch_datetime_operator_2 to 2025-01-25T00:00:00+00:00, run_after=2025-01-26T00:00:00+00:00
[2025-01-26T10:48:52.704-0300] {logging_mixin.py:190} INFO - [2025-01-26T10:48:52.703-0300] {dag.py:4180} INFO - Setting next_dagrun for example_branch_datetime_operator_3 to 2025-01-25T00:00:00+00:00, run_after=2025-01-26T00:00:00+00:00
[2025-01-26T10:48:52.766-0300] {processor.py:208} INFO - Processing /mnt/c/Users/ander/Desktop/airflow-spark/airflow-spark/curso2/ambientX/lib/python3.9/site-packages/airflow/example_dags/example_branch_datetime_operator.py took 0.220 seconds
[2025-01-26T10:50:41.039-0300] {processor.py:186} INFO - Started process (PID=11217) to work on /mnt/c/Users/ander/Desktop/airflow-spark/airflow-spark/curso2/ambientX/lib/python3.9/site-packages/airflow/example_dags/example_branch_datetime_operator.py
[2025-01-26T10:50:41.040-0300] {processor.py:914} INFO - Processing file /mnt/c/Users/ander/Desktop/airflow-spark/airflow-spark/curso2/ambientX/lib/python3.9/site-packages/airflow/example_dags/example_branch_datetime_operator.py for tasks to queue
[2025-01-26T10:50:41.042-0300] {logging_mixin.py:190} INFO - [2025-01-26T10:50:41.042-0300] {dagbag.py:588} INFO - Filling up the DagBag from /mnt/c/Users/ander/Desktop/airflow-spark/airflow-spark/curso2/ambientX/lib/python3.9/site-packages/airflow/example_dags/example_branch_datetime_operator.py
[2025-01-26T10:50:41.085-0300] {processor.py:925} INFO - DAG(s) 'example_branch_datetime_operator', 'example_branch_datetime_operator_3', 'example_branch_datetime_operator_2' retrieved from /mnt/c/Users/ander/Desktop/airflow-spark/airflow-spark/curso2/ambientX/lib/python3.9/site-packages/airflow/example_dags/example_branch_datetime_operator.py
[2025-01-26T10:50:41.148-0300] {logging_mixin.py:190} INFO - [2025-01-26T10:50:41.148-0300] {dag.py:3239} INFO - Sync 3 DAGs
[2025-01-26T10:50:41.192-0300] {logging_mixin.py:190} INFO - [2025-01-26T10:50:41.191-0300] {dag.py:4180} INFO - Setting next_dagrun for example_branch_datetime_operator to 2025-01-25T00:00:00+00:00, run_after=2025-01-26T00:00:00+00:00
[2025-01-26T10:50:41.200-0300] {logging_mixin.py:190} INFO - [2025-01-26T10:50:41.200-0300] {dag.py:4180} INFO - Setting next_dagrun for example_branch_datetime_operator_2 to 2025-01-25T00:00:00+00:00, run_after=2025-01-26T00:00:00+00:00
[2025-01-26T10:50:41.205-0300] {logging_mixin.py:190} INFO - [2025-01-26T10:50:41.205-0300] {dag.py:4180} INFO - Setting next_dagrun for example_branch_datetime_operator_3 to 2025-01-25T00:00:00+00:00, run_after=2025-01-26T00:00:00+00:00
[2025-01-26T10:50:41.290-0300] {processor.py:208} INFO - Processing /mnt/c/Users/ander/Desktop/airflow-spark/airflow-spark/curso2/ambientX/lib/python3.9/site-packages/airflow/example_dags/example_branch_datetime_operator.py took 0.272 seconds
[2025-01-26T10:52:29.784-0300] {processor.py:186} INFO - Started process (PID=11665) to work on /mnt/c/Users/ander/Desktop/airflow-spark/airflow-spark/curso2/ambientX/lib/python3.9/site-packages/airflow/example_dags/example_branch_datetime_operator.py
[2025-01-26T10:52:29.787-0300] {processor.py:914} INFO - Processing file /mnt/c/Users/ander/Desktop/airflow-spark/airflow-spark/curso2/ambientX/lib/python3.9/site-packages/airflow/example_dags/example_branch_datetime_operator.py for tasks to queue
[2025-01-26T10:52:29.792-0300] {logging_mixin.py:190} INFO - [2025-01-26T10:52:29.790-0300] {dagbag.py:588} INFO - Filling up the DagBag from /mnt/c/Users/ander/Desktop/airflow-spark/airflow-spark/curso2/ambientX/lib/python3.9/site-packages/airflow/example_dags/example_branch_datetime_operator.py
[2025-01-26T10:52:29.843-0300] {processor.py:925} INFO - DAG(s) 'example_branch_datetime_operator_3', 'example_branch_datetime_operator_2', 'example_branch_datetime_operator' retrieved from /mnt/c/Users/ander/Desktop/airflow-spark/airflow-spark/curso2/ambientX/lib/python3.9/site-packages/airflow/example_dags/example_branch_datetime_operator.py
[2025-01-26T10:52:29.910-0300] {logging_mixin.py:190} INFO - [2025-01-26T10:52:29.909-0300] {dag.py:3239} INFO - Sync 3 DAGs
[2025-01-26T10:52:29.950-0300] {logging_mixin.py:190} INFO - [2025-01-26T10:52:29.950-0300] {dag.py:4180} INFO - Setting next_dagrun for example_branch_datetime_operator to 2025-01-25T00:00:00+00:00, run_after=2025-01-26T00:00:00+00:00
[2025-01-26T10:52:29.958-0300] {logging_mixin.py:190} INFO - [2025-01-26T10:52:29.958-0300] {dag.py:4180} INFO - Setting next_dagrun for example_branch_datetime_operator_2 to 2025-01-25T00:00:00+00:00, run_after=2025-01-26T00:00:00+00:00
[2025-01-26T10:52:29.963-0300] {logging_mixin.py:190} INFO - [2025-01-26T10:52:29.963-0300] {dag.py:4180} INFO - Setting next_dagrun for example_branch_datetime_operator_3 to 2025-01-25T00:00:00+00:00, run_after=2025-01-26T00:00:00+00:00
[2025-01-26T10:52:30.043-0300] {processor.py:208} INFO - Processing /mnt/c/Users/ander/Desktop/airflow-spark/airflow-spark/curso2/ambientX/lib/python3.9/site-packages/airflow/example_dags/example_branch_datetime_operator.py took 0.278 seconds
[2025-01-26T10:54:24.280-0300] {processor.py:186} INFO - Started process (PID=12136) to work on /mnt/c/Users/ander/Desktop/airflow-spark/airflow-spark/curso2/ambientX/lib/python3.9/site-packages/airflow/example_dags/example_branch_datetime_operator.py
[2025-01-26T10:54:24.283-0300] {processor.py:914} INFO - Processing file /mnt/c/Users/ander/Desktop/airflow-spark/airflow-spark/curso2/ambientX/lib/python3.9/site-packages/airflow/example_dags/example_branch_datetime_operator.py for tasks to queue
[2025-01-26T10:54:24.285-0300] {logging_mixin.py:190} INFO - [2025-01-26T10:54:24.285-0300] {dagbag.py:588} INFO - Filling up the DagBag from /mnt/c/Users/ander/Desktop/airflow-spark/airflow-spark/curso2/ambientX/lib/python3.9/site-packages/airflow/example_dags/example_branch_datetime_operator.py
[2025-01-26T10:54:24.330-0300] {processor.py:925} INFO - DAG(s) 'example_branch_datetime_operator', 'example_branch_datetime_operator_2', 'example_branch_datetime_operator_3' retrieved from /mnt/c/Users/ander/Desktop/airflow-spark/airflow-spark/curso2/ambientX/lib/python3.9/site-packages/airflow/example_dags/example_branch_datetime_operator.py
[2025-01-26T10:54:24.393-0300] {logging_mixin.py:190} INFO - [2025-01-26T10:54:24.393-0300] {dag.py:3239} INFO - Sync 3 DAGs
[2025-01-26T10:54:24.432-0300] {logging_mixin.py:190} INFO - [2025-01-26T10:54:24.430-0300] {dag.py:4180} INFO - Setting next_dagrun for example_branch_datetime_operator to 2025-01-25T00:00:00+00:00, run_after=2025-01-26T00:00:00+00:00
[2025-01-26T10:54:24.442-0300] {logging_mixin.py:190} INFO - [2025-01-26T10:54:24.442-0300] {dag.py:4180} INFO - Setting next_dagrun for example_branch_datetime_operator_2 to 2025-01-25T00:00:00+00:00, run_after=2025-01-26T00:00:00+00:00
[2025-01-26T10:54:24.448-0300] {logging_mixin.py:190} INFO - [2025-01-26T10:54:24.447-0300] {dag.py:4180} INFO - Setting next_dagrun for example_branch_datetime_operator_3 to 2025-01-25T00:00:00+00:00, run_after=2025-01-26T00:00:00+00:00
[2025-01-26T10:54:24.521-0300] {processor.py:208} INFO - Processing /mnt/c/Users/ander/Desktop/airflow-spark/airflow-spark/curso2/ambientX/lib/python3.9/site-packages/airflow/example_dags/example_branch_datetime_operator.py took 0.261 seconds
[2025-01-26T10:56:11.869-0300] {processor.py:186} INFO - Started process (PID=12584) to work on /mnt/c/Users/ander/Desktop/airflow-spark/airflow-spark/curso2/ambientX/lib/python3.9/site-packages/airflow/example_dags/example_branch_datetime_operator.py
[2025-01-26T10:56:11.870-0300] {processor.py:914} INFO - Processing file /mnt/c/Users/ander/Desktop/airflow-spark/airflow-spark/curso2/ambientX/lib/python3.9/site-packages/airflow/example_dags/example_branch_datetime_operator.py for tasks to queue
[2025-01-26T10:56:11.872-0300] {logging_mixin.py:190} INFO - [2025-01-26T10:56:11.872-0300] {dagbag.py:588} INFO - Filling up the DagBag from /mnt/c/Users/ander/Desktop/airflow-spark/airflow-spark/curso2/ambientX/lib/python3.9/site-packages/airflow/example_dags/example_branch_datetime_operator.py
[2025-01-26T10:56:11.921-0300] {processor.py:925} INFO - DAG(s) 'example_branch_datetime_operator', 'example_branch_datetime_operator_3', 'example_branch_datetime_operator_2' retrieved from /mnt/c/Users/ander/Desktop/airflow-spark/airflow-spark/curso2/ambientX/lib/python3.9/site-packages/airflow/example_dags/example_branch_datetime_operator.py
[2025-01-26T10:56:11.988-0300] {logging_mixin.py:190} INFO - [2025-01-26T10:56:11.987-0300] {dag.py:3239} INFO - Sync 3 DAGs
[2025-01-26T10:56:12.033-0300] {logging_mixin.py:190} INFO - [2025-01-26T10:56:12.032-0300] {dag.py:4180} INFO - Setting next_dagrun for example_branch_datetime_operator to 2025-01-25T00:00:00+00:00, run_after=2025-01-26T00:00:00+00:00
[2025-01-26T10:56:12.049-0300] {logging_mixin.py:190} INFO - [2025-01-26T10:56:12.049-0300] {dag.py:4180} INFO - Setting next_dagrun for example_branch_datetime_operator_2 to 2025-01-25T00:00:00+00:00, run_after=2025-01-26T00:00:00+00:00
[2025-01-26T10:56:12.055-0300] {logging_mixin.py:190} INFO - [2025-01-26T10:56:12.055-0300] {dag.py:4180} INFO - Setting next_dagrun for example_branch_datetime_operator_3 to 2025-01-25T00:00:00+00:00, run_after=2025-01-26T00:00:00+00:00
[2025-01-26T10:56:12.128-0300] {processor.py:208} INFO - Processing /mnt/c/Users/ander/Desktop/airflow-spark/airflow-spark/curso2/ambientX/lib/python3.9/site-packages/airflow/example_dags/example_branch_datetime_operator.py took 0.281 seconds
[2025-01-26T10:58:04.126-0300] {processor.py:186} INFO - Started process (PID=13101) to work on /mnt/c/Users/ander/Desktop/airflow-spark/airflow-spark/curso2/ambientX/lib/python3.9/site-packages/airflow/example_dags/example_branch_datetime_operator.py
[2025-01-26T10:58:04.127-0300] {processor.py:914} INFO - Processing file /mnt/c/Users/ander/Desktop/airflow-spark/airflow-spark/curso2/ambientX/lib/python3.9/site-packages/airflow/example_dags/example_branch_datetime_operator.py for tasks to queue
[2025-01-26T10:58:04.129-0300] {logging_mixin.py:190} INFO - [2025-01-26T10:58:04.129-0300] {dagbag.py:588} INFO - Filling up the DagBag from /mnt/c/Users/ander/Desktop/airflow-spark/airflow-spark/curso2/ambientX/lib/python3.9/site-packages/airflow/example_dags/example_branch_datetime_operator.py
[2025-01-26T10:58:04.170-0300] {processor.py:925} INFO - DAG(s) 'example_branch_datetime_operator_2', 'example_branch_datetime_operator', 'example_branch_datetime_operator_3' retrieved from /mnt/c/Users/ander/Desktop/airflow-spark/airflow-spark/curso2/ambientX/lib/python3.9/site-packages/airflow/example_dags/example_branch_datetime_operator.py
[2025-01-26T10:58:04.228-0300] {logging_mixin.py:190} INFO - [2025-01-26T10:58:04.228-0300] {dag.py:3239} INFO - Sync 3 DAGs
[2025-01-26T10:58:04.275-0300] {logging_mixin.py:190} INFO - [2025-01-26T10:58:04.274-0300] {dag.py:4180} INFO - Setting next_dagrun for example_branch_datetime_operator to 2025-01-25T00:00:00+00:00, run_after=2025-01-26T00:00:00+00:00
[2025-01-26T10:58:04.283-0300] {logging_mixin.py:190} INFO - [2025-01-26T10:58:04.283-0300] {dag.py:4180} INFO - Setting next_dagrun for example_branch_datetime_operator_2 to 2025-01-25T00:00:00+00:00, run_after=2025-01-26T00:00:00+00:00
[2025-01-26T10:58:04.289-0300] {logging_mixin.py:190} INFO - [2025-01-26T10:58:04.288-0300] {dag.py:4180} INFO - Setting next_dagrun for example_branch_datetime_operator_3 to 2025-01-25T00:00:00+00:00, run_after=2025-01-26T00:00:00+00:00
[2025-01-26T10:58:04.372-0300] {processor.py:208} INFO - Processing /mnt/c/Users/ander/Desktop/airflow-spark/airflow-spark/curso2/ambientX/lib/python3.9/site-packages/airflow/example_dags/example_branch_datetime_operator.py took 0.264 seconds
[2025-01-26T11:00:00.579-0300] {processor.py:186} INFO - Started process (PID=13664) to work on /mnt/c/Users/ander/Desktop/airflow-spark/airflow-spark/curso2/ambientX/lib/python3.9/site-packages/airflow/example_dags/example_branch_datetime_operator.py
[2025-01-26T11:00:00.581-0300] {processor.py:914} INFO - Processing file /mnt/c/Users/ander/Desktop/airflow-spark/airflow-spark/curso2/ambientX/lib/python3.9/site-packages/airflow/example_dags/example_branch_datetime_operator.py for tasks to queue
[2025-01-26T11:00:00.584-0300] {logging_mixin.py:190} INFO - [2025-01-26T11:00:00.583-0300] {dagbag.py:588} INFO - Filling up the DagBag from /mnt/c/Users/ander/Desktop/airflow-spark/airflow-spark/curso2/ambientX/lib/python3.9/site-packages/airflow/example_dags/example_branch_datetime_operator.py
[2025-01-26T11:00:00.734-0300] {processor.py:925} INFO - DAG(s) 'example_branch_datetime_operator_3', 'example_branch_datetime_operator', 'example_branch_datetime_operator_2' retrieved from /mnt/c/Users/ander/Desktop/airflow-spark/airflow-spark/curso2/ambientX/lib/python3.9/site-packages/airflow/example_dags/example_branch_datetime_operator.py
[2025-01-26T11:00:00.823-0300] {logging_mixin.py:190} INFO - [2025-01-26T11:00:00.823-0300] {dag.py:3239} INFO - Sync 3 DAGs
[2025-01-26T11:00:00.885-0300] {logging_mixin.py:190} INFO - [2025-01-26T11:00:00.885-0300] {dag.py:4180} INFO - Setting next_dagrun for example_branch_datetime_operator to 2025-01-25T00:00:00+00:00, run_after=2025-01-26T00:00:00+00:00
[2025-01-26T11:00:00.904-0300] {logging_mixin.py:190} INFO - [2025-01-26T11:00:00.903-0300] {dag.py:4180} INFO - Setting next_dagrun for example_branch_datetime_operator_2 to 2025-01-25T00:00:00+00:00, run_after=2025-01-26T00:00:00+00:00
[2025-01-26T11:00:00.909-0300] {logging_mixin.py:190} INFO - [2025-01-26T11:00:00.909-0300] {dag.py:4180} INFO - Setting next_dagrun for example_branch_datetime_operator_3 to 2025-01-25T00:00:00+00:00, run_after=2025-01-26T00:00:00+00:00
[2025-01-26T11:00:01.031-0300] {processor.py:208} INFO - Processing /mnt/c/Users/ander/Desktop/airflow-spark/airflow-spark/curso2/ambientX/lib/python3.9/site-packages/airflow/example_dags/example_branch_datetime_operator.py took 0.486 seconds
[2025-01-26T11:01:58.340-0300] {processor.py:186} INFO - Started process (PID=14229) to work on /mnt/c/Users/ander/Desktop/airflow-spark/airflow-spark/curso2/ambientX/lib/python3.9/site-packages/airflow/example_dags/example_branch_datetime_operator.py
[2025-01-26T11:01:58.342-0300] {processor.py:914} INFO - Processing file /mnt/c/Users/ander/Desktop/airflow-spark/airflow-spark/curso2/ambientX/lib/python3.9/site-packages/airflow/example_dags/example_branch_datetime_operator.py for tasks to queue
[2025-01-26T11:01:58.344-0300] {logging_mixin.py:190} INFO - [2025-01-26T11:01:58.343-0300] {dagbag.py:588} INFO - Filling up the DagBag from /mnt/c/Users/ander/Desktop/airflow-spark/airflow-spark/curso2/ambientX/lib/python3.9/site-packages/airflow/example_dags/example_branch_datetime_operator.py
[2025-01-26T11:01:58.389-0300] {processor.py:925} INFO - DAG(s) 'example_branch_datetime_operator_2', 'example_branch_datetime_operator', 'example_branch_datetime_operator_3' retrieved from /mnt/c/Users/ander/Desktop/airflow-spark/airflow-spark/curso2/ambientX/lib/python3.9/site-packages/airflow/example_dags/example_branch_datetime_operator.py
[2025-01-26T11:01:58.451-0300] {logging_mixin.py:190} INFO - [2025-01-26T11:01:58.450-0300] {dag.py:3239} INFO - Sync 3 DAGs
[2025-01-26T11:01:58.495-0300] {logging_mixin.py:190} INFO - [2025-01-26T11:01:58.495-0300] {dag.py:4180} INFO - Setting next_dagrun for example_branch_datetime_operator to 2025-01-25T00:00:00+00:00, run_after=2025-01-26T00:00:00+00:00
[2025-01-26T11:01:58.504-0300] {logging_mixin.py:190} INFO - [2025-01-26T11:01:58.504-0300] {dag.py:4180} INFO - Setting next_dagrun for example_branch_datetime_operator_2 to 2025-01-25T00:00:00+00:00, run_after=2025-01-26T00:00:00+00:00
[2025-01-26T11:01:58.509-0300] {logging_mixin.py:190} INFO - [2025-01-26T11:01:58.509-0300] {dag.py:4180} INFO - Setting next_dagrun for example_branch_datetime_operator_3 to 2025-01-25T00:00:00+00:00, run_after=2025-01-26T00:00:00+00:00
[2025-01-26T11:01:58.590-0300] {processor.py:208} INFO - Processing /mnt/c/Users/ander/Desktop/airflow-spark/airflow-spark/curso2/ambientX/lib/python3.9/site-packages/airflow/example_dags/example_branch_datetime_operator.py took 0.273 seconds
[2025-01-26T11:03:48.210-0300] {processor.py:186} INFO - Started process (PID=15197) to work on /mnt/c/Users/ander/Desktop/airflow-spark/airflow-spark/curso2/ambientX/lib/python3.9/site-packages/airflow/example_dags/example_branch_datetime_operator.py
[2025-01-26T11:03:48.212-0300] {processor.py:914} INFO - Processing file /mnt/c/Users/ander/Desktop/airflow-spark/airflow-spark/curso2/ambientX/lib/python3.9/site-packages/airflow/example_dags/example_branch_datetime_operator.py for tasks to queue
[2025-01-26T11:03:48.214-0300] {logging_mixin.py:190} INFO - [2025-01-26T11:03:48.213-0300] {dagbag.py:588} INFO - Filling up the DagBag from /mnt/c/Users/ander/Desktop/airflow-spark/airflow-spark/curso2/ambientX/lib/python3.9/site-packages/airflow/example_dags/example_branch_datetime_operator.py
[2025-01-26T11:03:48.255-0300] {processor.py:925} INFO - DAG(s) 'example_branch_datetime_operator', 'example_branch_datetime_operator_2', 'example_branch_datetime_operator_3' retrieved from /mnt/c/Users/ander/Desktop/airflow-spark/airflow-spark/curso2/ambientX/lib/python3.9/site-packages/airflow/example_dags/example_branch_datetime_operator.py
[2025-01-26T11:03:48.312-0300] {logging_mixin.py:190} INFO - [2025-01-26T11:03:48.312-0300] {dag.py:3239} INFO - Sync 3 DAGs
[2025-01-26T11:03:48.349-0300] {logging_mixin.py:190} INFO - [2025-01-26T11:03:48.349-0300] {dag.py:4180} INFO - Setting next_dagrun for example_branch_datetime_operator to 2025-01-25T00:00:00+00:00, run_after=2025-01-26T00:00:00+00:00
[2025-01-26T11:03:48.357-0300] {logging_mixin.py:190} INFO - [2025-01-26T11:03:48.357-0300] {dag.py:4180} INFO - Setting next_dagrun for example_branch_datetime_operator_2 to 2025-01-25T00:00:00+00:00, run_after=2025-01-26T00:00:00+00:00
[2025-01-26T11:03:48.362-0300] {logging_mixin.py:190} INFO - [2025-01-26T11:03:48.362-0300] {dag.py:4180} INFO - Setting next_dagrun for example_branch_datetime_operator_3 to 2025-01-25T00:00:00+00:00, run_after=2025-01-26T00:00:00+00:00
[2025-01-26T11:03:48.426-0300] {processor.py:208} INFO - Processing /mnt/c/Users/ander/Desktop/airflow-spark/airflow-spark/curso2/ambientX/lib/python3.9/site-packages/airflow/example_dags/example_branch_datetime_operator.py took 0.234 seconds
[2025-01-26T11:05:31.571-0300] {processor.py:186} INFO - Started process (PID=15579) to work on /mnt/c/Users/ander/Desktop/airflow-spark/airflow-spark/curso2/ambientX/lib/python3.9/site-packages/airflow/example_dags/example_branch_datetime_operator.py
[2025-01-26T11:05:31.572-0300] {processor.py:914} INFO - Processing file /mnt/c/Users/ander/Desktop/airflow-spark/airflow-spark/curso2/ambientX/lib/python3.9/site-packages/airflow/example_dags/example_branch_datetime_operator.py for tasks to queue
[2025-01-26T11:05:31.574-0300] {logging_mixin.py:190} INFO - [2025-01-26T11:05:31.574-0300] {dagbag.py:588} INFO - Filling up the DagBag from /mnt/c/Users/ander/Desktop/airflow-spark/airflow-spark/curso2/ambientX/lib/python3.9/site-packages/airflow/example_dags/example_branch_datetime_operator.py
[2025-01-26T11:05:31.621-0300] {processor.py:925} INFO - DAG(s) 'example_branch_datetime_operator', 'example_branch_datetime_operator_3', 'example_branch_datetime_operator_2' retrieved from /mnt/c/Users/ander/Desktop/airflow-spark/airflow-spark/curso2/ambientX/lib/python3.9/site-packages/airflow/example_dags/example_branch_datetime_operator.py
[2025-01-26T11:05:31.671-0300] {logging_mixin.py:190} INFO - [2025-01-26T11:05:31.671-0300] {dag.py:3239} INFO - Sync 3 DAGs
[2025-01-26T11:05:31.705-0300] {logging_mixin.py:190} INFO - [2025-01-26T11:05:31.705-0300] {dag.py:4180} INFO - Setting next_dagrun for example_branch_datetime_operator to 2025-01-25T00:00:00+00:00, run_after=2025-01-26T00:00:00+00:00
[2025-01-26T11:05:31.712-0300] {logging_mixin.py:190} INFO - [2025-01-26T11:05:31.712-0300] {dag.py:4180} INFO - Setting next_dagrun for example_branch_datetime_operator_2 to 2025-01-25T00:00:00+00:00, run_after=2025-01-26T00:00:00+00:00
[2025-01-26T11:05:31.717-0300] {logging_mixin.py:190} INFO - [2025-01-26T11:05:31.717-0300] {dag.py:4180} INFO - Setting next_dagrun for example_branch_datetime_operator_3 to 2025-01-25T00:00:00+00:00, run_after=2025-01-26T00:00:00+00:00
[2025-01-26T11:05:31.778-0300] {processor.py:208} INFO - Processing /mnt/c/Users/ander/Desktop/airflow-spark/airflow-spark/curso2/ambientX/lib/python3.9/site-packages/airflow/example_dags/example_branch_datetime_operator.py took 0.226 seconds
[2025-01-26T11:07:12.439-0300] {processor.py:186} INFO - Started process (PID=16014) to work on /mnt/c/Users/ander/Desktop/airflow-spark/airflow-spark/curso2/ambientX/lib/python3.9/site-packages/airflow/example_dags/example_branch_datetime_operator.py
[2025-01-26T11:07:12.441-0300] {processor.py:914} INFO - Processing file /mnt/c/Users/ander/Desktop/airflow-spark/airflow-spark/curso2/ambientX/lib/python3.9/site-packages/airflow/example_dags/example_branch_datetime_operator.py for tasks to queue
[2025-01-26T11:07:12.443-0300] {logging_mixin.py:190} INFO - [2025-01-26T11:07:12.443-0300] {dagbag.py:588} INFO - Filling up the DagBag from /mnt/c/Users/ander/Desktop/airflow-spark/airflow-spark/curso2/ambientX/lib/python3.9/site-packages/airflow/example_dags/example_branch_datetime_operator.py
[2025-01-26T11:07:12.489-0300] {processor.py:925} INFO - DAG(s) 'example_branch_datetime_operator', 'example_branch_datetime_operator_2', 'example_branch_datetime_operator_3' retrieved from /mnt/c/Users/ander/Desktop/airflow-spark/airflow-spark/curso2/ambientX/lib/python3.9/site-packages/airflow/example_dags/example_branch_datetime_operator.py
[2025-01-26T11:07:12.543-0300] {logging_mixin.py:190} INFO - [2025-01-26T11:07:12.543-0300] {dag.py:3239} INFO - Sync 3 DAGs
[2025-01-26T11:07:12.577-0300] {logging_mixin.py:190} INFO - [2025-01-26T11:07:12.577-0300] {dag.py:4180} INFO - Setting next_dagrun for example_branch_datetime_operator to 2025-01-25T00:00:00+00:00, run_after=2025-01-26T00:00:00+00:00
[2025-01-26T11:07:12.584-0300] {logging_mixin.py:190} INFO - [2025-01-26T11:07:12.584-0300] {dag.py:4180} INFO - Setting next_dagrun for example_branch_datetime_operator_2 to 2025-01-25T00:00:00+00:00, run_after=2025-01-26T00:00:00+00:00
[2025-01-26T11:07:12.589-0300] {logging_mixin.py:190} INFO - [2025-01-26T11:07:12.589-0300] {dag.py:4180} INFO - Setting next_dagrun for example_branch_datetime_operator_3 to 2025-01-25T00:00:00+00:00, run_after=2025-01-26T00:00:00+00:00
[2025-01-26T11:07:12.653-0300] {processor.py:208} INFO - Processing /mnt/c/Users/ander/Desktop/airflow-spark/airflow-spark/curso2/ambientX/lib/python3.9/site-packages/airflow/example_dags/example_branch_datetime_operator.py took 0.232 seconds
[2025-01-26T11:08:56.225-0300] {processor.py:186} INFO - Started process (PID=16523) to work on /mnt/c/Users/ander/Desktop/airflow-spark/airflow-spark/curso2/ambientX/lib/python3.9/site-packages/airflow/example_dags/example_branch_datetime_operator.py
[2025-01-26T11:08:56.226-0300] {processor.py:914} INFO - Processing file /mnt/c/Users/ander/Desktop/airflow-spark/airflow-spark/curso2/ambientX/lib/python3.9/site-packages/airflow/example_dags/example_branch_datetime_operator.py for tasks to queue
[2025-01-26T11:08:56.228-0300] {logging_mixin.py:190} INFO - [2025-01-26T11:08:56.228-0300] {dagbag.py:588} INFO - Filling up the DagBag from /mnt/c/Users/ander/Desktop/airflow-spark/airflow-spark/curso2/ambientX/lib/python3.9/site-packages/airflow/example_dags/example_branch_datetime_operator.py
[2025-01-26T11:08:56.268-0300] {processor.py:925} INFO - DAG(s) 'example_branch_datetime_operator_2', 'example_branch_datetime_operator', 'example_branch_datetime_operator_3' retrieved from /mnt/c/Users/ander/Desktop/airflow-spark/airflow-spark/curso2/ambientX/lib/python3.9/site-packages/airflow/example_dags/example_branch_datetime_operator.py
[2025-01-26T11:08:56.321-0300] {logging_mixin.py:190} INFO - [2025-01-26T11:08:56.320-0300] {dag.py:3239} INFO - Sync 3 DAGs
[2025-01-26T11:08:56.355-0300] {logging_mixin.py:190} INFO - [2025-01-26T11:08:56.355-0300] {dag.py:4180} INFO - Setting next_dagrun for example_branch_datetime_operator to 2025-01-25T00:00:00+00:00, run_after=2025-01-26T00:00:00+00:00
[2025-01-26T11:08:56.362-0300] {logging_mixin.py:190} INFO - [2025-01-26T11:08:56.362-0300] {dag.py:4180} INFO - Setting next_dagrun for example_branch_datetime_operator_2 to 2025-01-25T00:00:00+00:00, run_after=2025-01-26T00:00:00+00:00
[2025-01-26T11:08:56.367-0300] {logging_mixin.py:190} INFO - [2025-01-26T11:08:56.367-0300] {dag.py:4180} INFO - Setting next_dagrun for example_branch_datetime_operator_3 to 2025-01-25T00:00:00+00:00, run_after=2025-01-26T00:00:00+00:00
[2025-01-26T11:08:56.428-0300] {processor.py:208} INFO - Processing /mnt/c/Users/ander/Desktop/airflow-spark/airflow-spark/curso2/ambientX/lib/python3.9/site-packages/airflow/example_dags/example_branch_datetime_operator.py took 0.221 seconds
[2025-01-26T11:10:41.047-0300] {processor.py:186} INFO - Started process (PID=16910) to work on /mnt/c/Users/ander/Desktop/airflow-spark/airflow-spark/curso2/ambientX/lib/python3.9/site-packages/airflow/example_dags/example_branch_datetime_operator.py
[2025-01-26T11:10:41.049-0300] {processor.py:914} INFO - Processing file /mnt/c/Users/ander/Desktop/airflow-spark/airflow-spark/curso2/ambientX/lib/python3.9/site-packages/airflow/example_dags/example_branch_datetime_operator.py for tasks to queue
[2025-01-26T11:10:41.051-0300] {logging_mixin.py:190} INFO - [2025-01-26T11:10:41.050-0300] {dagbag.py:588} INFO - Filling up the DagBag from /mnt/c/Users/ander/Desktop/airflow-spark/airflow-spark/curso2/ambientX/lib/python3.9/site-packages/airflow/example_dags/example_branch_datetime_operator.py
[2025-01-26T11:10:41.091-0300] {processor.py:925} INFO - DAG(s) 'example_branch_datetime_operator', 'example_branch_datetime_operator_2', 'example_branch_datetime_operator_3' retrieved from /mnt/c/Users/ander/Desktop/airflow-spark/airflow-spark/curso2/ambientX/lib/python3.9/site-packages/airflow/example_dags/example_branch_datetime_operator.py
[2025-01-26T11:10:41.146-0300] {logging_mixin.py:190} INFO - [2025-01-26T11:10:41.146-0300] {dag.py:3239} INFO - Sync 3 DAGs
[2025-01-26T11:10:41.183-0300] {logging_mixin.py:190} INFO - [2025-01-26T11:10:41.182-0300] {dag.py:4180} INFO - Setting next_dagrun for example_branch_datetime_operator to 2025-01-25T00:00:00+00:00, run_after=2025-01-26T00:00:00+00:00
[2025-01-26T11:10:41.192-0300] {logging_mixin.py:190} INFO - [2025-01-26T11:10:41.192-0300] {dag.py:4180} INFO - Setting next_dagrun for example_branch_datetime_operator_2 to 2025-01-25T00:00:00+00:00, run_after=2025-01-26T00:00:00+00:00
[2025-01-26T11:10:41.197-0300] {logging_mixin.py:190} INFO - [2025-01-26T11:10:41.197-0300] {dag.py:4180} INFO - Setting next_dagrun for example_branch_datetime_operator_3 to 2025-01-25T00:00:00+00:00, run_after=2025-01-26T00:00:00+00:00
[2025-01-26T11:10:41.259-0300] {processor.py:208} INFO - Processing /mnt/c/Users/ander/Desktop/airflow-spark/airflow-spark/curso2/ambientX/lib/python3.9/site-packages/airflow/example_dags/example_branch_datetime_operator.py took 0.230 seconds
[2025-01-26T11:13:53.459-0300] {processor.py:186} INFO - Started process (PID=17761) to work on /mnt/c/Users/ander/Desktop/airflow-spark/airflow-spark/curso2/ambientX/lib/python3.9/site-packages/airflow/example_dags/example_branch_datetime_operator.py
[2025-01-26T11:13:53.461-0300] {processor.py:914} INFO - Processing file /mnt/c/Users/ander/Desktop/airflow-spark/airflow-spark/curso2/ambientX/lib/python3.9/site-packages/airflow/example_dags/example_branch_datetime_operator.py for tasks to queue
[2025-01-26T11:13:53.463-0300] {logging_mixin.py:190} INFO - [2025-01-26T11:13:53.463-0300] {dagbag.py:588} INFO - Filling up the DagBag from /mnt/c/Users/ander/Desktop/airflow-spark/airflow-spark/curso2/ambientX/lib/python3.9/site-packages/airflow/example_dags/example_branch_datetime_operator.py
[2025-01-26T11:13:53.502-0300] {processor.py:925} INFO - DAG(s) 'example_branch_datetime_operator', 'example_branch_datetime_operator_2', 'example_branch_datetime_operator_3' retrieved from /mnt/c/Users/ander/Desktop/airflow-spark/airflow-spark/curso2/ambientX/lib/python3.9/site-packages/airflow/example_dags/example_branch_datetime_operator.py
[2025-01-26T11:13:53.557-0300] {logging_mixin.py:190} INFO - [2025-01-26T11:13:53.557-0300] {dag.py:3239} INFO - Sync 3 DAGs
[2025-01-26T11:13:53.595-0300] {logging_mixin.py:190} INFO - [2025-01-26T11:13:53.594-0300] {dag.py:4180} INFO - Setting next_dagrun for example_branch_datetime_operator to 2025-01-25T00:00:00+00:00, run_after=2025-01-26T00:00:00+00:00
[2025-01-26T11:13:53.603-0300] {logging_mixin.py:190} INFO - [2025-01-26T11:13:53.603-0300] {dag.py:4180} INFO - Setting next_dagrun for example_branch_datetime_operator_2 to 2025-01-25T00:00:00+00:00, run_after=2025-01-26T00:00:00+00:00
[2025-01-26T11:13:53.608-0300] {logging_mixin.py:190} INFO - [2025-01-26T11:13:53.608-0300] {dag.py:4180} INFO - Setting next_dagrun for example_branch_datetime_operator_3 to 2025-01-25T00:00:00+00:00, run_after=2025-01-26T00:00:00+00:00
[2025-01-26T11:13:53.698-0300] {processor.py:208} INFO - Processing /mnt/c/Users/ander/Desktop/airflow-spark/airflow-spark/curso2/ambientX/lib/python3.9/site-packages/airflow/example_dags/example_branch_datetime_operator.py took 0.256 seconds
[2025-01-26T11:17:35.616-0300] {processor.py:186} INFO - Started process (PID=18780) to work on /mnt/c/Users/ander/Desktop/airflow-spark/airflow-spark/curso2/ambientX/lib/python3.9/site-packages/airflow/example_dags/example_branch_datetime_operator.py
[2025-01-26T11:17:35.618-0300] {processor.py:914} INFO - Processing file /mnt/c/Users/ander/Desktop/airflow-spark/airflow-spark/curso2/ambientX/lib/python3.9/site-packages/airflow/example_dags/example_branch_datetime_operator.py for tasks to queue
[2025-01-26T11:17:35.619-0300] {logging_mixin.py:190} INFO - [2025-01-26T11:17:35.619-0300] {dagbag.py:588} INFO - Filling up the DagBag from /mnt/c/Users/ander/Desktop/airflow-spark/airflow-spark/curso2/ambientX/lib/python3.9/site-packages/airflow/example_dags/example_branch_datetime_operator.py
[2025-01-26T11:17:35.658-0300] {processor.py:925} INFO - DAG(s) 'example_branch_datetime_operator_3', 'example_branch_datetime_operator', 'example_branch_datetime_operator_2' retrieved from /mnt/c/Users/ander/Desktop/airflow-spark/airflow-spark/curso2/ambientX/lib/python3.9/site-packages/airflow/example_dags/example_branch_datetime_operator.py
[2025-01-26T11:17:35.707-0300] {logging_mixin.py:190} INFO - [2025-01-26T11:17:35.707-0300] {dag.py:3239} INFO - Sync 3 DAGs
[2025-01-26T11:17:35.740-0300] {logging_mixin.py:190} INFO - [2025-01-26T11:17:35.740-0300] {dag.py:4180} INFO - Setting next_dagrun for example_branch_datetime_operator to 2025-01-25T00:00:00+00:00, run_after=2025-01-26T00:00:00+00:00
[2025-01-26T11:17:35.747-0300] {logging_mixin.py:190} INFO - [2025-01-26T11:17:35.747-0300] {dag.py:4180} INFO - Setting next_dagrun for example_branch_datetime_operator_2 to 2025-01-25T00:00:00+00:00, run_after=2025-01-26T00:00:00+00:00
[2025-01-26T11:17:35.752-0300] {logging_mixin.py:190} INFO - [2025-01-26T11:17:35.752-0300] {dag.py:4180} INFO - Setting next_dagrun for example_branch_datetime_operator_3 to 2025-01-25T00:00:00+00:00, run_after=2025-01-26T00:00:00+00:00
[2025-01-26T11:17:36.361-0300] {processor.py:208} INFO - Processing /mnt/c/Users/ander/Desktop/airflow-spark/airflow-spark/curso2/ambientX/lib/python3.9/site-packages/airflow/example_dags/example_branch_datetime_operator.py took 0.762 seconds
[2025-01-26T11:20:58.227-0300] {processor.py:186} INFO - Started process (PID=19699) to work on /mnt/c/Users/ander/Desktop/airflow-spark/airflow-spark/curso2/ambientX/lib/python3.9/site-packages/airflow/example_dags/example_branch_datetime_operator.py
[2025-01-26T11:20:58.228-0300] {processor.py:914} INFO - Processing file /mnt/c/Users/ander/Desktop/airflow-spark/airflow-spark/curso2/ambientX/lib/python3.9/site-packages/airflow/example_dags/example_branch_datetime_operator.py for tasks to queue
[2025-01-26T11:20:58.230-0300] {logging_mixin.py:190} INFO - [2025-01-26T11:20:58.229-0300] {dagbag.py:588} INFO - Filling up the DagBag from /mnt/c/Users/ander/Desktop/airflow-spark/airflow-spark/curso2/ambientX/lib/python3.9/site-packages/airflow/example_dags/example_branch_datetime_operator.py
[2025-01-26T11:20:58.268-0300] {processor.py:925} INFO - DAG(s) 'example_branch_datetime_operator', 'example_branch_datetime_operator_3', 'example_branch_datetime_operator_2' retrieved from /mnt/c/Users/ander/Desktop/airflow-spark/airflow-spark/curso2/ambientX/lib/python3.9/site-packages/airflow/example_dags/example_branch_datetime_operator.py
[2025-01-26T11:20:58.331-0300] {logging_mixin.py:190} INFO - [2025-01-26T11:20:58.330-0300] {dag.py:3239} INFO - Sync 3 DAGs
[2025-01-26T11:20:58.364-0300] {logging_mixin.py:190} INFO - [2025-01-26T11:20:58.364-0300] {dag.py:4180} INFO - Setting next_dagrun for example_branch_datetime_operator to 2025-01-25T00:00:00+00:00, run_after=2025-01-26T00:00:00+00:00
[2025-01-26T11:20:58.371-0300] {logging_mixin.py:190} INFO - [2025-01-26T11:20:58.371-0300] {dag.py:4180} INFO - Setting next_dagrun for example_branch_datetime_operator_2 to 2025-01-25T00:00:00+00:00, run_after=2025-01-26T00:00:00+00:00
[2025-01-26T11:20:58.375-0300] {logging_mixin.py:190} INFO - [2025-01-26T11:20:58.375-0300] {dag.py:4180} INFO - Setting next_dagrun for example_branch_datetime_operator_3 to 2025-01-25T00:00:00+00:00, run_after=2025-01-26T00:00:00+00:00
[2025-01-26T11:20:58.917-0300] {processor.py:208} INFO - Processing /mnt/c/Users/ander/Desktop/airflow-spark/airflow-spark/curso2/ambientX/lib/python3.9/site-packages/airflow/example_dags/example_branch_datetime_operator.py took 0.709 seconds
[2025-01-26T11:24:14.043-0300] {processor.py:186} INFO - Started process (PID=20566) to work on /mnt/c/Users/ander/Desktop/airflow-spark/airflow-spark/curso2/ambientX/lib/python3.9/site-packages/airflow/example_dags/example_branch_datetime_operator.py
[2025-01-26T11:24:14.044-0300] {processor.py:914} INFO - Processing file /mnt/c/Users/ander/Desktop/airflow-spark/airflow-spark/curso2/ambientX/lib/python3.9/site-packages/airflow/example_dags/example_branch_datetime_operator.py for tasks to queue
[2025-01-26T11:24:14.046-0300] {logging_mixin.py:190} INFO - [2025-01-26T11:24:14.046-0300] {dagbag.py:588} INFO - Filling up the DagBag from /mnt/c/Users/ander/Desktop/airflow-spark/airflow-spark/curso2/ambientX/lib/python3.9/site-packages/airflow/example_dags/example_branch_datetime_operator.py
[2025-01-26T11:24:14.086-0300] {processor.py:925} INFO - DAG(s) 'example_branch_datetime_operator', 'example_branch_datetime_operator_2', 'example_branch_datetime_operator_3' retrieved from /mnt/c/Users/ander/Desktop/airflow-spark/airflow-spark/curso2/ambientX/lib/python3.9/site-packages/airflow/example_dags/example_branch_datetime_operator.py
[2025-01-26T11:24:14.139-0300] {logging_mixin.py:190} INFO - [2025-01-26T11:24:14.139-0300] {dag.py:3239} INFO - Sync 3 DAGs
[2025-01-26T11:24:14.174-0300] {logging_mixin.py:190} INFO - [2025-01-26T11:24:14.174-0300] {dag.py:4180} INFO - Setting next_dagrun for example_branch_datetime_operator to 2025-01-25T00:00:00+00:00, run_after=2025-01-26T00:00:00+00:00
[2025-01-26T11:24:14.181-0300] {logging_mixin.py:190} INFO - [2025-01-26T11:24:14.181-0300] {dag.py:4180} INFO - Setting next_dagrun for example_branch_datetime_operator_2 to 2025-01-25T00:00:00+00:00, run_after=2025-01-26T00:00:00+00:00
[2025-01-26T11:24:14.186-0300] {logging_mixin.py:190} INFO - [2025-01-26T11:24:14.186-0300] {dag.py:4180} INFO - Setting next_dagrun for example_branch_datetime_operator_3 to 2025-01-25T00:00:00+00:00, run_after=2025-01-26T00:00:00+00:00
[2025-01-26T11:24:14.832-0300] {processor.py:208} INFO - Processing /mnt/c/Users/ander/Desktop/airflow-spark/airflow-spark/curso2/ambientX/lib/python3.9/site-packages/airflow/example_dags/example_branch_datetime_operator.py took 0.809 seconds
[2025-01-26T11:26:37.496-0300] {processor.py:186} INFO - Started process (PID=21266) to work on /mnt/c/Users/ander/Desktop/airflow-spark/airflow-spark/curso2/ambientX/lib/python3.9/site-packages/airflow/example_dags/example_branch_datetime_operator.py
[2025-01-26T11:26:37.497-0300] {processor.py:914} INFO - Processing file /mnt/c/Users/ander/Desktop/airflow-spark/airflow-spark/curso2/ambientX/lib/python3.9/site-packages/airflow/example_dags/example_branch_datetime_operator.py for tasks to queue
[2025-01-26T11:26:37.500-0300] {logging_mixin.py:190} INFO - [2025-01-26T11:26:37.499-0300] {dagbag.py:588} INFO - Filling up the DagBag from /mnt/c/Users/ander/Desktop/airflow-spark/airflow-spark/curso2/ambientX/lib/python3.9/site-packages/airflow/example_dags/example_branch_datetime_operator.py
[2025-01-26T11:26:37.549-0300] {processor.py:925} INFO - DAG(s) 'example_branch_datetime_operator', 'example_branch_datetime_operator_2', 'example_branch_datetime_operator_3' retrieved from /mnt/c/Users/ander/Desktop/airflow-spark/airflow-spark/curso2/ambientX/lib/python3.9/site-packages/airflow/example_dags/example_branch_datetime_operator.py
[2025-01-26T11:26:37.604-0300] {logging_mixin.py:190} INFO - [2025-01-26T11:26:37.603-0300] {dag.py:3239} INFO - Sync 3 DAGs
[2025-01-26T11:26:37.637-0300] {logging_mixin.py:190} INFO - [2025-01-26T11:26:37.637-0300] {dag.py:4180} INFO - Setting next_dagrun for example_branch_datetime_operator to 2025-01-25T00:00:00+00:00, run_after=2025-01-26T00:00:00+00:00
[2025-01-26T11:26:37.644-0300] {logging_mixin.py:190} INFO - [2025-01-26T11:26:37.644-0300] {dag.py:4180} INFO - Setting next_dagrun for example_branch_datetime_operator_2 to 2025-01-25T00:00:00+00:00, run_after=2025-01-26T00:00:00+00:00
[2025-01-26T11:26:37.649-0300] {logging_mixin.py:190} INFO - [2025-01-26T11:26:37.649-0300] {dag.py:4180} INFO - Setting next_dagrun for example_branch_datetime_operator_3 to 2025-01-25T00:00:00+00:00, run_after=2025-01-26T00:00:00+00:00
[2025-01-26T11:26:37.720-0300] {processor.py:208} INFO - Processing /mnt/c/Users/ander/Desktop/airflow-spark/airflow-spark/curso2/ambientX/lib/python3.9/site-packages/airflow/example_dags/example_branch_datetime_operator.py took 0.244 seconds
[2025-01-26T11:29:00.112-0300] {processor.py:186} INFO - Started process (PID=21952) to work on /mnt/c/Users/ander/Desktop/airflow-spark/airflow-spark/curso2/ambientX/lib/python3.9/site-packages/airflow/example_dags/example_branch_datetime_operator.py
[2025-01-26T11:29:00.113-0300] {processor.py:914} INFO - Processing file /mnt/c/Users/ander/Desktop/airflow-spark/airflow-spark/curso2/ambientX/lib/python3.9/site-packages/airflow/example_dags/example_branch_datetime_operator.py for tasks to queue
[2025-01-26T11:29:00.115-0300] {logging_mixin.py:190} INFO - [2025-01-26T11:29:00.115-0300] {dagbag.py:588} INFO - Filling up the DagBag from /mnt/c/Users/ander/Desktop/airflow-spark/airflow-spark/curso2/ambientX/lib/python3.9/site-packages/airflow/example_dags/example_branch_datetime_operator.py
[2025-01-26T11:29:00.154-0300] {processor.py:925} INFO - DAG(s) 'example_branch_datetime_operator_3', 'example_branch_datetime_operator', 'example_branch_datetime_operator_2' retrieved from /mnt/c/Users/ander/Desktop/airflow-spark/airflow-spark/curso2/ambientX/lib/python3.9/site-packages/airflow/example_dags/example_branch_datetime_operator.py
[2025-01-26T11:29:00.206-0300] {logging_mixin.py:190} INFO - [2025-01-26T11:29:00.206-0300] {dag.py:3239} INFO - Sync 3 DAGs
[2025-01-26T11:29:00.240-0300] {logging_mixin.py:190} INFO - [2025-01-26T11:29:00.239-0300] {dag.py:4180} INFO - Setting next_dagrun for example_branch_datetime_operator to 2025-01-25T00:00:00+00:00, run_after=2025-01-26T00:00:00+00:00
[2025-01-26T11:29:00.248-0300] {logging_mixin.py:190} INFO - [2025-01-26T11:29:00.248-0300] {dag.py:4180} INFO - Setting next_dagrun for example_branch_datetime_operator_2 to 2025-01-25T00:00:00+00:00, run_after=2025-01-26T00:00:00+00:00
[2025-01-26T11:29:00.253-0300] {logging_mixin.py:190} INFO - [2025-01-26T11:29:00.253-0300] {dag.py:4180} INFO - Setting next_dagrun for example_branch_datetime_operator_3 to 2025-01-25T00:00:00+00:00, run_after=2025-01-26T00:00:00+00:00
[2025-01-26T11:29:00.830-0300] {processor.py:208} INFO - Processing /mnt/c/Users/ander/Desktop/airflow-spark/airflow-spark/curso2/ambientX/lib/python3.9/site-packages/airflow/example_dags/example_branch_datetime_operator.py took 0.736 seconds
[2025-01-26T11:31:54.881-0300] {processor.py:186} INFO - Started process (PID=22848) to work on /mnt/c/Users/ander/Desktop/airflow-spark/airflow-spark/curso2/ambientX/lib/python3.9/site-packages/airflow/example_dags/example_branch_datetime_operator.py
[2025-01-26T11:31:54.883-0300] {processor.py:914} INFO - Processing file /mnt/c/Users/ander/Desktop/airflow-spark/airflow-spark/curso2/ambientX/lib/python3.9/site-packages/airflow/example_dags/example_branch_datetime_operator.py for tasks to queue
[2025-01-26T11:31:54.885-0300] {logging_mixin.py:190} INFO - [2025-01-26T11:31:54.884-0300] {dagbag.py:588} INFO - Filling up the DagBag from /mnt/c/Users/ander/Desktop/airflow-spark/airflow-spark/curso2/ambientX/lib/python3.9/site-packages/airflow/example_dags/example_branch_datetime_operator.py
[2025-01-26T11:31:54.922-0300] {processor.py:925} INFO - DAG(s) 'example_branch_datetime_operator', 'example_branch_datetime_operator_3', 'example_branch_datetime_operator_2' retrieved from /mnt/c/Users/ander/Desktop/airflow-spark/airflow-spark/curso2/ambientX/lib/python3.9/site-packages/airflow/example_dags/example_branch_datetime_operator.py
[2025-01-26T11:31:54.973-0300] {logging_mixin.py:190} INFO - [2025-01-26T11:31:54.973-0300] {dag.py:3239} INFO - Sync 3 DAGs
[2025-01-26T11:31:55.013-0300] {logging_mixin.py:190} INFO - [2025-01-26T11:31:55.013-0300] {dag.py:4180} INFO - Setting next_dagrun for example_branch_datetime_operator to 2025-01-25T00:00:00+00:00, run_after=2025-01-26T00:00:00+00:00
[2025-01-26T11:31:55.022-0300] {logging_mixin.py:190} INFO - [2025-01-26T11:31:55.021-0300] {dag.py:4180} INFO - Setting next_dagrun for example_branch_datetime_operator_2 to 2025-01-25T00:00:00+00:00, run_after=2025-01-26T00:00:00+00:00
[2025-01-26T11:31:55.027-0300] {logging_mixin.py:190} INFO - [2025-01-26T11:31:55.026-0300] {dag.py:4180} INFO - Setting next_dagrun for example_branch_datetime_operator_3 to 2025-01-25T00:00:00+00:00, run_after=2025-01-26T00:00:00+00:00
[2025-01-26T11:31:55.086-0300] {processor.py:208} INFO - Processing /mnt/c/Users/ander/Desktop/airflow-spark/airflow-spark/curso2/ambientX/lib/python3.9/site-packages/airflow/example_dags/example_branch_datetime_operator.py took 0.220 seconds
[2025-01-26T11:34:21.256-0300] {processor.py:186} INFO - Started process (PID=23552) to work on /mnt/c/Users/ander/Desktop/airflow-spark/airflow-spark/curso2/ambientX/lib/python3.9/site-packages/airflow/example_dags/example_branch_datetime_operator.py
[2025-01-26T11:34:21.257-0300] {processor.py:914} INFO - Processing file /mnt/c/Users/ander/Desktop/airflow-spark/airflow-spark/curso2/ambientX/lib/python3.9/site-packages/airflow/example_dags/example_branch_datetime_operator.py for tasks to queue
[2025-01-26T11:34:21.259-0300] {logging_mixin.py:190} INFO - [2025-01-26T11:34:21.259-0300] {dagbag.py:588} INFO - Filling up the DagBag from /mnt/c/Users/ander/Desktop/airflow-spark/airflow-spark/curso2/ambientX/lib/python3.9/site-packages/airflow/example_dags/example_branch_datetime_operator.py
[2025-01-26T11:34:21.296-0300] {processor.py:925} INFO - DAG(s) 'example_branch_datetime_operator_2', 'example_branch_datetime_operator', 'example_branch_datetime_operator_3' retrieved from /mnt/c/Users/ander/Desktop/airflow-spark/airflow-spark/curso2/ambientX/lib/python3.9/site-packages/airflow/example_dags/example_branch_datetime_operator.py
[2025-01-26T11:34:21.349-0300] {logging_mixin.py:190} INFO - [2025-01-26T11:34:21.349-0300] {dag.py:3239} INFO - Sync 3 DAGs
[2025-01-26T11:34:21.384-0300] {logging_mixin.py:190} INFO - [2025-01-26T11:34:21.383-0300] {dag.py:4180} INFO - Setting next_dagrun for example_branch_datetime_operator to 2025-01-25T00:00:00+00:00, run_after=2025-01-26T00:00:00+00:00
[2025-01-26T11:34:21.391-0300] {logging_mixin.py:190} INFO - [2025-01-26T11:34:21.390-0300] {dag.py:4180} INFO - Setting next_dagrun for example_branch_datetime_operator_2 to 2025-01-25T00:00:00+00:00, run_after=2025-01-26T00:00:00+00:00
[2025-01-26T11:34:21.395-0300] {logging_mixin.py:190} INFO - [2025-01-26T11:34:21.395-0300] {dag.py:4180} INFO - Setting next_dagrun for example_branch_datetime_operator_3 to 2025-01-25T00:00:00+00:00, run_after=2025-01-26T00:00:00+00:00
[2025-01-26T11:34:21.456-0300] {processor.py:208} INFO - Processing /mnt/c/Users/ander/Desktop/airflow-spark/airflow-spark/curso2/ambientX/lib/python3.9/site-packages/airflow/example_dags/example_branch_datetime_operator.py took 0.218 seconds
[2025-01-26T11:36:01.178-0300] {processor.py:186} INFO - Started process (PID=24058) to work on /mnt/c/Users/ander/Desktop/airflow-spark/airflow-spark/curso2/ambientX/lib/python3.9/site-packages/airflow/example_dags/example_branch_datetime_operator.py
[2025-01-26T11:36:01.179-0300] {processor.py:914} INFO - Processing file /mnt/c/Users/ander/Desktop/airflow-spark/airflow-spark/curso2/ambientX/lib/python3.9/site-packages/airflow/example_dags/example_branch_datetime_operator.py for tasks to queue
[2025-01-26T11:36:01.181-0300] {logging_mixin.py:190} INFO - [2025-01-26T11:36:01.181-0300] {dagbag.py:588} INFO - Filling up the DagBag from /mnt/c/Users/ander/Desktop/airflow-spark/airflow-spark/curso2/ambientX/lib/python3.9/site-packages/airflow/example_dags/example_branch_datetime_operator.py
[2025-01-26T11:36:01.226-0300] {processor.py:925} INFO - DAG(s) 'example_branch_datetime_operator_2', 'example_branch_datetime_operator', 'example_branch_datetime_operator_3' retrieved from /mnt/c/Users/ander/Desktop/airflow-spark/airflow-spark/curso2/ambientX/lib/python3.9/site-packages/airflow/example_dags/example_branch_datetime_operator.py
[2025-01-26T11:36:01.282-0300] {logging_mixin.py:190} INFO - [2025-01-26T11:36:01.281-0300] {dag.py:3239} INFO - Sync 3 DAGs
[2025-01-26T11:36:01.317-0300] {logging_mixin.py:190} INFO - [2025-01-26T11:36:01.316-0300] {dag.py:4180} INFO - Setting next_dagrun for example_branch_datetime_operator to 2025-01-25T00:00:00+00:00, run_after=2025-01-26T00:00:00+00:00
[2025-01-26T11:36:01.325-0300] {logging_mixin.py:190} INFO - [2025-01-26T11:36:01.324-0300] {dag.py:4180} INFO - Setting next_dagrun for example_branch_datetime_operator_2 to 2025-01-25T00:00:00+00:00, run_after=2025-01-26T00:00:00+00:00
[2025-01-26T11:36:01.330-0300] {logging_mixin.py:190} INFO - [2025-01-26T11:36:01.329-0300] {dag.py:4180} INFO - Setting next_dagrun for example_branch_datetime_operator_3 to 2025-01-25T00:00:00+00:00, run_after=2025-01-26T00:00:00+00:00
[2025-01-26T11:36:01.393-0300] {processor.py:208} INFO - Processing /mnt/c/Users/ander/Desktop/airflow-spark/airflow-spark/curso2/ambientX/lib/python3.9/site-packages/airflow/example_dags/example_branch_datetime_operator.py took 0.232 seconds
[2025-01-26T11:37:44.396-0300] {processor.py:186} INFO - Started process (PID=24518) to work on /mnt/c/Users/ander/Desktop/airflow-spark/airflow-spark/curso2/ambientX/lib/python3.9/site-packages/airflow/example_dags/example_branch_datetime_operator.py
[2025-01-26T11:37:44.398-0300] {processor.py:914} INFO - Processing file /mnt/c/Users/ander/Desktop/airflow-spark/airflow-spark/curso2/ambientX/lib/python3.9/site-packages/airflow/example_dags/example_branch_datetime_operator.py for tasks to queue
[2025-01-26T11:37:44.400-0300] {logging_mixin.py:190} INFO - [2025-01-26T11:37:44.399-0300] {dagbag.py:588} INFO - Filling up the DagBag from /mnt/c/Users/ander/Desktop/airflow-spark/airflow-spark/curso2/ambientX/lib/python3.9/site-packages/airflow/example_dags/example_branch_datetime_operator.py
[2025-01-26T11:37:44.436-0300] {processor.py:925} INFO - DAG(s) 'example_branch_datetime_operator', 'example_branch_datetime_operator_2', 'example_branch_datetime_operator_3' retrieved from /mnt/c/Users/ander/Desktop/airflow-spark/airflow-spark/curso2/ambientX/lib/python3.9/site-packages/airflow/example_dags/example_branch_datetime_operator.py
[2025-01-26T11:37:44.488-0300] {logging_mixin.py:190} INFO - [2025-01-26T11:37:44.488-0300] {dag.py:3239} INFO - Sync 3 DAGs
[2025-01-26T11:37:44.520-0300] {logging_mixin.py:190} INFO - [2025-01-26T11:37:44.520-0300] {dag.py:4180} INFO - Setting next_dagrun for example_branch_datetime_operator to 2025-01-25T00:00:00+00:00, run_after=2025-01-26T00:00:00+00:00
[2025-01-26T11:37:44.527-0300] {logging_mixin.py:190} INFO - [2025-01-26T11:37:44.527-0300] {dag.py:4180} INFO - Setting next_dagrun for example_branch_datetime_operator_2 to 2025-01-25T00:00:00+00:00, run_after=2025-01-26T00:00:00+00:00
[2025-01-26T11:37:44.531-0300] {logging_mixin.py:190} INFO - [2025-01-26T11:37:44.531-0300] {dag.py:4180} INFO - Setting next_dagrun for example_branch_datetime_operator_3 to 2025-01-25T00:00:00+00:00, run_after=2025-01-26T00:00:00+00:00
[2025-01-26T11:37:44.588-0300] {processor.py:208} INFO - Processing /mnt/c/Users/ander/Desktop/airflow-spark/airflow-spark/curso2/ambientX/lib/python3.9/site-packages/airflow/example_dags/example_branch_datetime_operator.py took 0.209 seconds
[2025-01-26T11:39:26.319-0300] {processor.py:186} INFO - Started process (PID=25030) to work on /mnt/c/Users/ander/Desktop/airflow-spark/airflow-spark/curso2/ambientX/lib/python3.9/site-packages/airflow/example_dags/example_branch_datetime_operator.py
[2025-01-26T11:39:26.320-0300] {processor.py:914} INFO - Processing file /mnt/c/Users/ander/Desktop/airflow-spark/airflow-spark/curso2/ambientX/lib/python3.9/site-packages/airflow/example_dags/example_branch_datetime_operator.py for tasks to queue
[2025-01-26T11:39:26.322-0300] {logging_mixin.py:190} INFO - [2025-01-26T11:39:26.322-0300] {dagbag.py:588} INFO - Filling up the DagBag from /mnt/c/Users/ander/Desktop/airflow-spark/airflow-spark/curso2/ambientX/lib/python3.9/site-packages/airflow/example_dags/example_branch_datetime_operator.py
[2025-01-26T11:39:26.360-0300] {processor.py:925} INFO - DAG(s) 'example_branch_datetime_operator', 'example_branch_datetime_operator_3', 'example_branch_datetime_operator_2' retrieved from /mnt/c/Users/ander/Desktop/airflow-spark/airflow-spark/curso2/ambientX/lib/python3.9/site-packages/airflow/example_dags/example_branch_datetime_operator.py
[2025-01-26T11:39:26.412-0300] {logging_mixin.py:190} INFO - [2025-01-26T11:39:26.412-0300] {dag.py:3239} INFO - Sync 3 DAGs
[2025-01-26T11:39:26.447-0300] {logging_mixin.py:190} INFO - [2025-01-26T11:39:26.446-0300] {dag.py:4180} INFO - Setting next_dagrun for example_branch_datetime_operator to 2025-01-25T00:00:00+00:00, run_after=2025-01-26T00:00:00+00:00
[2025-01-26T11:39:26.454-0300] {logging_mixin.py:190} INFO - [2025-01-26T11:39:26.454-0300] {dag.py:4180} INFO - Setting next_dagrun for example_branch_datetime_operator_2 to 2025-01-25T00:00:00+00:00, run_after=2025-01-26T00:00:00+00:00
[2025-01-26T11:39:26.459-0300] {logging_mixin.py:190} INFO - [2025-01-26T11:39:26.459-0300] {dag.py:4180} INFO - Setting next_dagrun for example_branch_datetime_operator_3 to 2025-01-25T00:00:00+00:00, run_after=2025-01-26T00:00:00+00:00
[2025-01-26T11:39:26.534-0300] {processor.py:208} INFO - Processing /mnt/c/Users/ander/Desktop/airflow-spark/airflow-spark/curso2/ambientX/lib/python3.9/site-packages/airflow/example_dags/example_branch_datetime_operator.py took 0.233 seconds
[2025-01-26T11:40:59.824-0300] {processor.py:186} INFO - Started process (PID=25469) to work on /mnt/c/Users/ander/Desktop/airflow-spark/airflow-spark/curso2/ambientX/lib/python3.9/site-packages/airflow/example_dags/example_branch_datetime_operator.py
[2025-01-26T11:40:59.825-0300] {processor.py:914} INFO - Processing file /mnt/c/Users/ander/Desktop/airflow-spark/airflow-spark/curso2/ambientX/lib/python3.9/site-packages/airflow/example_dags/example_branch_datetime_operator.py for tasks to queue
[2025-01-26T11:40:59.827-0300] {logging_mixin.py:190} INFO - [2025-01-26T11:40:59.827-0300] {dagbag.py:588} INFO - Filling up the DagBag from /mnt/c/Users/ander/Desktop/airflow-spark/airflow-spark/curso2/ambientX/lib/python3.9/site-packages/airflow/example_dags/example_branch_datetime_operator.py
[2025-01-26T11:40:59.861-0300] {processor.py:925} INFO - DAG(s) 'example_branch_datetime_operator_3', 'example_branch_datetime_operator_2', 'example_branch_datetime_operator' retrieved from /mnt/c/Users/ander/Desktop/airflow-spark/airflow-spark/curso2/ambientX/lib/python3.9/site-packages/airflow/example_dags/example_branch_datetime_operator.py
[2025-01-26T11:40:59.910-0300] {logging_mixin.py:190} INFO - [2025-01-26T11:40:59.910-0300] {dag.py:3239} INFO - Sync 3 DAGs
[2025-01-26T11:40:59.942-0300] {logging_mixin.py:190} INFO - [2025-01-26T11:40:59.942-0300] {dag.py:4180} INFO - Setting next_dagrun for example_branch_datetime_operator to 2025-01-25T00:00:00+00:00, run_after=2025-01-26T00:00:00+00:00
[2025-01-26T11:40:59.949-0300] {logging_mixin.py:190} INFO - [2025-01-26T11:40:59.949-0300] {dag.py:4180} INFO - Setting next_dagrun for example_branch_datetime_operator_2 to 2025-01-25T00:00:00+00:00, run_after=2025-01-26T00:00:00+00:00
[2025-01-26T11:40:59.953-0300] {logging_mixin.py:190} INFO - [2025-01-26T11:40:59.953-0300] {dag.py:4180} INFO - Setting next_dagrun for example_branch_datetime_operator_3 to 2025-01-25T00:00:00+00:00, run_after=2025-01-26T00:00:00+00:00
[2025-01-26T11:41:00.010-0300] {processor.py:208} INFO - Processing /mnt/c/Users/ander/Desktop/airflow-spark/airflow-spark/curso2/ambientX/lib/python3.9/site-packages/airflow/example_dags/example_branch_datetime_operator.py took 0.203 seconds
[2025-01-26T11:42:41.578-0300] {processor.py:186} INFO - Started process (PID=26044) to work on /mnt/c/Users/ander/Desktop/airflow-spark/airflow-spark/curso2/ambientX/lib/python3.9/site-packages/airflow/example_dags/example_branch_datetime_operator.py
[2025-01-26T11:42:41.580-0300] {processor.py:914} INFO - Processing file /mnt/c/Users/ander/Desktop/airflow-spark/airflow-spark/curso2/ambientX/lib/python3.9/site-packages/airflow/example_dags/example_branch_datetime_operator.py for tasks to queue
[2025-01-26T11:42:41.582-0300] {logging_mixin.py:190} INFO - [2025-01-26T11:42:41.582-0300] {dagbag.py:588} INFO - Filling up the DagBag from /mnt/c/Users/ander/Desktop/airflow-spark/airflow-spark/curso2/ambientX/lib/python3.9/site-packages/airflow/example_dags/example_branch_datetime_operator.py
[2025-01-26T11:42:41.620-0300] {processor.py:925} INFO - DAG(s) 'example_branch_datetime_operator_3', 'example_branch_datetime_operator', 'example_branch_datetime_operator_2' retrieved from /mnt/c/Users/ander/Desktop/airflow-spark/airflow-spark/curso2/ambientX/lib/python3.9/site-packages/airflow/example_dags/example_branch_datetime_operator.py
[2025-01-26T11:42:41.670-0300] {logging_mixin.py:190} INFO - [2025-01-26T11:42:41.669-0300] {dag.py:3239} INFO - Sync 3 DAGs
[2025-01-26T11:42:41.702-0300] {logging_mixin.py:190} INFO - [2025-01-26T11:42:41.702-0300] {dag.py:4180} INFO - Setting next_dagrun for example_branch_datetime_operator to 2025-01-25T00:00:00+00:00, run_after=2025-01-26T00:00:00+00:00
[2025-01-26T11:42:41.709-0300] {logging_mixin.py:190} INFO - [2025-01-26T11:42:41.709-0300] {dag.py:4180} INFO - Setting next_dagrun for example_branch_datetime_operator_2 to 2025-01-25T00:00:00+00:00, run_after=2025-01-26T00:00:00+00:00
[2025-01-26T11:42:41.713-0300] {logging_mixin.py:190} INFO - [2025-01-26T11:42:41.713-0300] {dag.py:4180} INFO - Setting next_dagrun for example_branch_datetime_operator_3 to 2025-01-25T00:00:00+00:00, run_after=2025-01-26T00:00:00+00:00
[2025-01-26T11:42:41.778-0300] {processor.py:208} INFO - Processing /mnt/c/Users/ander/Desktop/airflow-spark/airflow-spark/curso2/ambientX/lib/python3.9/site-packages/airflow/example_dags/example_branch_datetime_operator.py took 0.224 seconds
[2025-01-26T11:44:30.726-0300] {processor.py:186} INFO - Started process (PID=26585) to work on /mnt/c/Users/ander/Desktop/airflow-spark/airflow-spark/curso2/ambientX/lib/python3.9/site-packages/airflow/example_dags/example_branch_datetime_operator.py
[2025-01-26T11:44:30.727-0300] {processor.py:914} INFO - Processing file /mnt/c/Users/ander/Desktop/airflow-spark/airflow-spark/curso2/ambientX/lib/python3.9/site-packages/airflow/example_dags/example_branch_datetime_operator.py for tasks to queue
[2025-01-26T11:44:30.729-0300] {logging_mixin.py:190} INFO - [2025-01-26T11:44:30.729-0300] {dagbag.py:588} INFO - Filling up the DagBag from /mnt/c/Users/ander/Desktop/airflow-spark/airflow-spark/curso2/ambientX/lib/python3.9/site-packages/airflow/example_dags/example_branch_datetime_operator.py
[2025-01-26T11:44:30.778-0300] {processor.py:925} INFO - DAG(s) 'example_branch_datetime_operator_2', 'example_branch_datetime_operator_3', 'example_branch_datetime_operator' retrieved from /mnt/c/Users/ander/Desktop/airflow-spark/airflow-spark/curso2/ambientX/lib/python3.9/site-packages/airflow/example_dags/example_branch_datetime_operator.py
[2025-01-26T11:44:30.828-0300] {logging_mixin.py:190} INFO - [2025-01-26T11:44:30.827-0300] {dag.py:3239} INFO - Sync 3 DAGs
[2025-01-26T11:44:30.860-0300] {logging_mixin.py:190} INFO - [2025-01-26T11:44:30.859-0300] {dag.py:4180} INFO - Setting next_dagrun for example_branch_datetime_operator to 2025-01-25T00:00:00+00:00, run_after=2025-01-26T00:00:00+00:00
[2025-01-26T11:44:30.867-0300] {logging_mixin.py:190} INFO - [2025-01-26T11:44:30.866-0300] {dag.py:4180} INFO - Setting next_dagrun for example_branch_datetime_operator_2 to 2025-01-25T00:00:00+00:00, run_after=2025-01-26T00:00:00+00:00
[2025-01-26T11:44:30.871-0300] {logging_mixin.py:190} INFO - [2025-01-26T11:44:30.871-0300] {dag.py:4180} INFO - Setting next_dagrun for example_branch_datetime_operator_3 to 2025-01-25T00:00:00+00:00, run_after=2025-01-26T00:00:00+00:00
[2025-01-26T11:44:30.931-0300] {processor.py:208} INFO - Processing /mnt/c/Users/ander/Desktop/airflow-spark/airflow-spark/curso2/ambientX/lib/python3.9/site-packages/airflow/example_dags/example_branch_datetime_operator.py took 0.225 seconds
