[2025-01-26T10:26:00.900-0300] {processor.py:186} INFO - Started process (PID=2561) to work on /mnt/c/Users/ander/Desktop/airflow-spark/airflow-spark/curso2/ambientX/lib/python3.9/site-packages/airflow/example_dags/example_kubernetes_executor.py
[2025-01-26T10:26:00.903-0300] {processor.py:914} INFO - Processing file /mnt/c/Users/ander/Desktop/airflow-spark/airflow-spark/curso2/ambientX/lib/python3.9/site-packages/airflow/example_dags/example_kubernetes_executor.py for tasks to queue
[2025-01-26T10:26:00.914-0300] {logging_mixin.py:190} INFO - [2025-01-26T10:26:00.914-0300] {dagbag.py:588} INFO - Filling up the DagBag from /mnt/c/Users/ander/Desktop/airflow-spark/airflow-spark/curso2/ambientX/lib/python3.9/site-packages/airflow/example_dags/example_kubernetes_executor.py
[2025-01-26T10:26:01.046-0300] {processor.py:925} INFO - DAG(s) 'example_kubernetes_executor' retrieved from /mnt/c/Users/ander/Desktop/airflow-spark/airflow-spark/curso2/ambientX/lib/python3.9/site-packages/airflow/example_dags/example_kubernetes_executor.py
[2025-01-26T10:26:01.148-0300] {logging_mixin.py:190} INFO - [2025-01-26T10:26:01.147-0300] {dag.py:3239} INFO - Sync 1 DAGs
[2025-01-26T10:26:01.177-0300] {logging_mixin.py:190} INFO - [2025-01-26T10:26:01.177-0300] {dag.py:4180} INFO - Setting next_dagrun for example_kubernetes_executor to None, run_after=None
[2025-01-26T10:26:01.270-0300] {processor.py:208} INFO - Processing /mnt/c/Users/ander/Desktop/airflow-spark/airflow-spark/curso2/ambientX/lib/python3.9/site-packages/airflow/example_dags/example_kubernetes_executor.py took 0.397 seconds
[2025-01-26T10:39:08.905-0300] {processor.py:186} INFO - Started process (PID=8155) to work on /mnt/c/Users/ander/Desktop/airflow-spark/airflow-spark/curso2/ambientX/lib/python3.9/site-packages/airflow/example_dags/example_kubernetes_executor.py
[2025-01-26T10:39:08.907-0300] {processor.py:914} INFO - Processing file /mnt/c/Users/ander/Desktop/airflow-spark/airflow-spark/curso2/ambientX/lib/python3.9/site-packages/airflow/example_dags/example_kubernetes_executor.py for tasks to queue
[2025-01-26T10:39:08.909-0300] {logging_mixin.py:190} INFO - [2025-01-26T10:39:08.909-0300] {dagbag.py:588} INFO - Filling up the DagBag from /mnt/c/Users/ander/Desktop/airflow-spark/airflow-spark/curso2/ambientX/lib/python3.9/site-packages/airflow/example_dags/example_kubernetes_executor.py
[2025-01-26T10:39:08.953-0300] {processor.py:925} INFO - DAG(s) 'example_kubernetes_executor' retrieved from /mnt/c/Users/ander/Desktop/airflow-spark/airflow-spark/curso2/ambientX/lib/python3.9/site-packages/airflow/example_dags/example_kubernetes_executor.py
[2025-01-26T10:39:09.052-0300] {logging_mixin.py:190} INFO - [2025-01-26T10:39:09.050-0300] {dag.py:3239} INFO - Sync 1 DAGs
[2025-01-26T10:39:09.085-0300] {logging_mixin.py:190} INFO - [2025-01-26T10:39:09.084-0300] {dag.py:4180} INFO - Setting next_dagrun for example_kubernetes_executor to None, run_after=None
[2025-01-26T10:39:09.160-0300] {processor.py:208} INFO - Processing /mnt/c/Users/ander/Desktop/airflow-spark/airflow-spark/curso2/ambientX/lib/python3.9/site-packages/airflow/example_dags/example_kubernetes_executor.py took 0.276 seconds
[2025-01-26T10:40:38.037-0300] {processor.py:186} INFO - Started process (PID=8655) to work on /mnt/c/Users/ander/Desktop/airflow-spark/airflow-spark/curso2/ambientX/lib/python3.9/site-packages/airflow/example_dags/example_kubernetes_executor.py
[2025-01-26T10:40:38.038-0300] {processor.py:914} INFO - Processing file /mnt/c/Users/ander/Desktop/airflow-spark/airflow-spark/curso2/ambientX/lib/python3.9/site-packages/airflow/example_dags/example_kubernetes_executor.py for tasks to queue
[2025-01-26T10:40:38.040-0300] {logging_mixin.py:190} INFO - [2025-01-26T10:40:38.040-0300] {dagbag.py:588} INFO - Filling up the DagBag from /mnt/c/Users/ander/Desktop/airflow-spark/airflow-spark/curso2/ambientX/lib/python3.9/site-packages/airflow/example_dags/example_kubernetes_executor.py
[2025-01-26T10:40:38.085-0300] {processor.py:925} INFO - DAG(s) 'example_kubernetes_executor' retrieved from /mnt/c/Users/ander/Desktop/airflow-spark/airflow-spark/curso2/ambientX/lib/python3.9/site-packages/airflow/example_dags/example_kubernetes_executor.py
[2025-01-26T10:40:38.171-0300] {logging_mixin.py:190} INFO - [2025-01-26T10:40:38.171-0300] {dag.py:3239} INFO - Sync 1 DAGs
[2025-01-26T10:40:38.195-0300] {logging_mixin.py:190} INFO - [2025-01-26T10:40:38.194-0300] {dag.py:4180} INFO - Setting next_dagrun for example_kubernetes_executor to None, run_after=None
[2025-01-26T10:40:38.286-0300] {processor.py:208} INFO - Processing /mnt/c/Users/ander/Desktop/airflow-spark/airflow-spark/curso2/ambientX/lib/python3.9/site-packages/airflow/example_dags/example_kubernetes_executor.py took 0.266 seconds
[2025-01-26T10:42:27.753-0300] {processor.py:186} INFO - Started process (PID=9143) to work on /mnt/c/Users/ander/Desktop/airflow-spark/airflow-spark/curso2/ambientX/lib/python3.9/site-packages/airflow/example_dags/example_kubernetes_executor.py
[2025-01-26T10:42:27.754-0300] {processor.py:914} INFO - Processing file /mnt/c/Users/ander/Desktop/airflow-spark/airflow-spark/curso2/ambientX/lib/python3.9/site-packages/airflow/example_dags/example_kubernetes_executor.py for tasks to queue
[2025-01-26T10:42:27.757-0300] {logging_mixin.py:190} INFO - [2025-01-26T10:42:27.756-0300] {dagbag.py:588} INFO - Filling up the DagBag from /mnt/c/Users/ander/Desktop/airflow-spark/airflow-spark/curso2/ambientX/lib/python3.9/site-packages/airflow/example_dags/example_kubernetes_executor.py
[2025-01-26T10:42:27.802-0300] {processor.py:925} INFO - DAG(s) 'example_kubernetes_executor' retrieved from /mnt/c/Users/ander/Desktop/airflow-spark/airflow-spark/curso2/ambientX/lib/python3.9/site-packages/airflow/example_dags/example_kubernetes_executor.py
[2025-01-26T10:42:27.879-0300] {logging_mixin.py:190} INFO - [2025-01-26T10:42:27.879-0300] {dag.py:3239} INFO - Sync 1 DAGs
[2025-01-26T10:42:27.904-0300] {logging_mixin.py:190} INFO - [2025-01-26T10:42:27.904-0300] {dag.py:4180} INFO - Setting next_dagrun for example_kubernetes_executor to None, run_after=None
[2025-01-26T10:42:27.976-0300] {processor.py:208} INFO - Processing /mnt/c/Users/ander/Desktop/airflow-spark/airflow-spark/curso2/ambientX/lib/python3.9/site-packages/airflow/example_dags/example_kubernetes_executor.py took 0.242 seconds
[2025-01-26T10:44:24.152-0300] {processor.py:186} INFO - Started process (PID=9540) to work on /mnt/c/Users/ander/Desktop/airflow-spark/airflow-spark/curso2/ambientX/lib/python3.9/site-packages/airflow/example_dags/example_kubernetes_executor.py
[2025-01-26T10:44:24.154-0300] {processor.py:914} INFO - Processing file /mnt/c/Users/ander/Desktop/airflow-spark/airflow-spark/curso2/ambientX/lib/python3.9/site-packages/airflow/example_dags/example_kubernetes_executor.py for tasks to queue
[2025-01-26T10:44:24.156-0300] {logging_mixin.py:190} INFO - [2025-01-26T10:44:24.155-0300] {dagbag.py:588} INFO - Filling up the DagBag from /mnt/c/Users/ander/Desktop/airflow-spark/airflow-spark/curso2/ambientX/lib/python3.9/site-packages/airflow/example_dags/example_kubernetes_executor.py
[2025-01-26T10:44:24.191-0300] {processor.py:925} INFO - DAG(s) 'example_kubernetes_executor' retrieved from /mnt/c/Users/ander/Desktop/airflow-spark/airflow-spark/curso2/ambientX/lib/python3.9/site-packages/airflow/example_dags/example_kubernetes_executor.py
[2025-01-26T10:44:24.266-0300] {logging_mixin.py:190} INFO - [2025-01-26T10:44:24.266-0300] {dag.py:3239} INFO - Sync 1 DAGs
[2025-01-26T10:44:24.292-0300] {logging_mixin.py:190} INFO - [2025-01-26T10:44:24.292-0300] {dag.py:4180} INFO - Setting next_dagrun for example_kubernetes_executor to None, run_after=None
[2025-01-26T10:44:24.508-0300] {processor.py:208} INFO - Processing /mnt/c/Users/ander/Desktop/airflow-spark/airflow-spark/curso2/ambientX/lib/python3.9/site-packages/airflow/example_dags/example_kubernetes_executor.py took 0.373 seconds
[2025-01-26T10:46:13.681-0300] {processor.py:186} INFO - Started process (PID=10044) to work on /mnt/c/Users/ander/Desktop/airflow-spark/airflow-spark/curso2/ambientX/lib/python3.9/site-packages/airflow/example_dags/example_kubernetes_executor.py
[2025-01-26T10:46:13.682-0300] {processor.py:914} INFO - Processing file /mnt/c/Users/ander/Desktop/airflow-spark/airflow-spark/curso2/ambientX/lib/python3.9/site-packages/airflow/example_dags/example_kubernetes_executor.py for tasks to queue
[2025-01-26T10:46:13.686-0300] {logging_mixin.py:190} INFO - [2025-01-26T10:46:13.686-0300] {dagbag.py:588} INFO - Filling up the DagBag from /mnt/c/Users/ander/Desktop/airflow-spark/airflow-spark/curso2/ambientX/lib/python3.9/site-packages/airflow/example_dags/example_kubernetes_executor.py
[2025-01-26T10:46:13.720-0300] {processor.py:925} INFO - DAG(s) 'example_kubernetes_executor' retrieved from /mnt/c/Users/ander/Desktop/airflow-spark/airflow-spark/curso2/ambientX/lib/python3.9/site-packages/airflow/example_dags/example_kubernetes_executor.py
[2025-01-26T10:46:13.783-0300] {logging_mixin.py:190} INFO - [2025-01-26T10:46:13.782-0300] {dag.py:3239} INFO - Sync 1 DAGs
[2025-01-26T10:46:13.802-0300] {logging_mixin.py:190} INFO - [2025-01-26T10:46:13.802-0300] {dag.py:4180} INFO - Setting next_dagrun for example_kubernetes_executor to None, run_after=None
[2025-01-26T10:46:13.863-0300] {processor.py:208} INFO - Processing /mnt/c/Users/ander/Desktop/airflow-spark/airflow-spark/curso2/ambientX/lib/python3.9/site-packages/airflow/example_dags/example_kubernetes_executor.py took 0.201 seconds
[2025-01-26T10:47:55.310-0300] {processor.py:186} INFO - Started process (PID=10460) to work on /mnt/c/Users/ander/Desktop/airflow-spark/airflow-spark/curso2/ambientX/lib/python3.9/site-packages/airflow/example_dags/example_kubernetes_executor.py
[2025-01-26T10:47:55.312-0300] {processor.py:914} INFO - Processing file /mnt/c/Users/ander/Desktop/airflow-spark/airflow-spark/curso2/ambientX/lib/python3.9/site-packages/airflow/example_dags/example_kubernetes_executor.py for tasks to queue
[2025-01-26T10:47:55.315-0300] {logging_mixin.py:190} INFO - [2025-01-26T10:47:55.314-0300] {dagbag.py:588} INFO - Filling up the DagBag from /mnt/c/Users/ander/Desktop/airflow-spark/airflow-spark/curso2/ambientX/lib/python3.9/site-packages/airflow/example_dags/example_kubernetes_executor.py
[2025-01-26T10:47:55.364-0300] {processor.py:925} INFO - DAG(s) 'example_kubernetes_executor' retrieved from /mnt/c/Users/ander/Desktop/airflow-spark/airflow-spark/curso2/ambientX/lib/python3.9/site-packages/airflow/example_dags/example_kubernetes_executor.py
[2025-01-26T10:47:55.451-0300] {logging_mixin.py:190} INFO - [2025-01-26T10:47:55.451-0300] {dag.py:3239} INFO - Sync 1 DAGs
[2025-01-26T10:47:55.476-0300] {logging_mixin.py:190} INFO - [2025-01-26T10:47:55.476-0300] {dag.py:4180} INFO - Setting next_dagrun for example_kubernetes_executor to None, run_after=None
[2025-01-26T10:47:55.562-0300] {processor.py:208} INFO - Processing /mnt/c/Users/ander/Desktop/airflow-spark/airflow-spark/curso2/ambientX/lib/python3.9/site-packages/airflow/example_dags/example_kubernetes_executor.py took 0.275 seconds
[2025-01-26T10:49:48.655-0300] {processor.py:186} INFO - Started process (PID=11009) to work on /mnt/c/Users/ander/Desktop/airflow-spark/airflow-spark/curso2/ambientX/lib/python3.9/site-packages/airflow/example_dags/example_kubernetes_executor.py
[2025-01-26T10:49:48.657-0300] {processor.py:914} INFO - Processing file /mnt/c/Users/ander/Desktop/airflow-spark/airflow-spark/curso2/ambientX/lib/python3.9/site-packages/airflow/example_dags/example_kubernetes_executor.py for tasks to queue
[2025-01-26T10:49:48.659-0300] {logging_mixin.py:190} INFO - [2025-01-26T10:49:48.659-0300] {dagbag.py:588} INFO - Filling up the DagBag from /mnt/c/Users/ander/Desktop/airflow-spark/airflow-spark/curso2/ambientX/lib/python3.9/site-packages/airflow/example_dags/example_kubernetes_executor.py
[2025-01-26T10:49:48.701-0300] {processor.py:925} INFO - DAG(s) 'example_kubernetes_executor' retrieved from /mnt/c/Users/ander/Desktop/airflow-spark/airflow-spark/curso2/ambientX/lib/python3.9/site-packages/airflow/example_dags/example_kubernetes_executor.py
[2025-01-26T10:49:48.787-0300] {logging_mixin.py:190} INFO - [2025-01-26T10:49:48.787-0300] {dag.py:3239} INFO - Sync 1 DAGs
[2025-01-26T10:49:48.812-0300] {logging_mixin.py:190} INFO - [2025-01-26T10:49:48.812-0300] {dag.py:4180} INFO - Setting next_dagrun for example_kubernetes_executor to None, run_after=None
[2025-01-26T10:49:48.887-0300] {processor.py:208} INFO - Processing /mnt/c/Users/ander/Desktop/airflow-spark/airflow-spark/curso2/ambientX/lib/python3.9/site-packages/airflow/example_dags/example_kubernetes_executor.py took 0.255 seconds
[2025-01-26T10:51:35.869-0300] {processor.py:186} INFO - Started process (PID=11449) to work on /mnt/c/Users/ander/Desktop/airflow-spark/airflow-spark/curso2/ambientX/lib/python3.9/site-packages/airflow/example_dags/example_kubernetes_executor.py
[2025-01-26T10:51:35.871-0300] {processor.py:914} INFO - Processing file /mnt/c/Users/ander/Desktop/airflow-spark/airflow-spark/curso2/ambientX/lib/python3.9/site-packages/airflow/example_dags/example_kubernetes_executor.py for tasks to queue
[2025-01-26T10:51:35.874-0300] {logging_mixin.py:190} INFO - [2025-01-26T10:51:35.873-0300] {dagbag.py:588} INFO - Filling up the DagBag from /mnt/c/Users/ander/Desktop/airflow-spark/airflow-spark/curso2/ambientX/lib/python3.9/site-packages/airflow/example_dags/example_kubernetes_executor.py
[2025-01-26T10:51:35.916-0300] {processor.py:925} INFO - DAG(s) 'example_kubernetes_executor' retrieved from /mnt/c/Users/ander/Desktop/airflow-spark/airflow-spark/curso2/ambientX/lib/python3.9/site-packages/airflow/example_dags/example_kubernetes_executor.py
[2025-01-26T10:51:36.002-0300] {logging_mixin.py:190} INFO - [2025-01-26T10:51:36.002-0300] {dag.py:3239} INFO - Sync 1 DAGs
[2025-01-26T10:51:36.028-0300] {logging_mixin.py:190} INFO - [2025-01-26T10:51:36.027-0300] {dag.py:4180} INFO - Setting next_dagrun for example_kubernetes_executor to None, run_after=None
[2025-01-26T10:51:36.104-0300] {processor.py:208} INFO - Processing /mnt/c/Users/ander/Desktop/airflow-spark/airflow-spark/curso2/ambientX/lib/python3.9/site-packages/airflow/example_dags/example_kubernetes_executor.py took 0.256 seconds
[2025-01-26T10:53:29.825-0300] {processor.py:186} INFO - Started process (PID=11906) to work on /mnt/c/Users/ander/Desktop/airflow-spark/airflow-spark/curso2/ambientX/lib/python3.9/site-packages/airflow/example_dags/example_kubernetes_executor.py
[2025-01-26T10:53:29.827-0300] {processor.py:914} INFO - Processing file /mnt/c/Users/ander/Desktop/airflow-spark/airflow-spark/curso2/ambientX/lib/python3.9/site-packages/airflow/example_dags/example_kubernetes_executor.py for tasks to queue
[2025-01-26T10:53:29.829-0300] {logging_mixin.py:190} INFO - [2025-01-26T10:53:29.829-0300] {dagbag.py:588} INFO - Filling up the DagBag from /mnt/c/Users/ander/Desktop/airflow-spark/airflow-spark/curso2/ambientX/lib/python3.9/site-packages/airflow/example_dags/example_kubernetes_executor.py
[2025-01-26T10:53:29.873-0300] {processor.py:925} INFO - DAG(s) 'example_kubernetes_executor' retrieved from /mnt/c/Users/ander/Desktop/airflow-spark/airflow-spark/curso2/ambientX/lib/python3.9/site-packages/airflow/example_dags/example_kubernetes_executor.py
[2025-01-26T10:53:29.968-0300] {logging_mixin.py:190} INFO - [2025-01-26T10:53:29.968-0300] {dag.py:3239} INFO - Sync 1 DAGs
[2025-01-26T10:53:29.994-0300] {logging_mixin.py:190} INFO - [2025-01-26T10:53:29.994-0300] {dag.py:4180} INFO - Setting next_dagrun for example_kubernetes_executor to None, run_after=None
[2025-01-26T10:53:30.086-0300] {processor.py:208} INFO - Processing /mnt/c/Users/ander/Desktop/airflow-spark/airflow-spark/curso2/ambientX/lib/python3.9/site-packages/airflow/example_dags/example_kubernetes_executor.py took 0.284 seconds
[2025-01-26T10:55:21.556-0300] {processor.py:186} INFO - Started process (PID=12368) to work on /mnt/c/Users/ander/Desktop/airflow-spark/airflow-spark/curso2/ambientX/lib/python3.9/site-packages/airflow/example_dags/example_kubernetes_executor.py
[2025-01-26T10:55:21.558-0300] {processor.py:914} INFO - Processing file /mnt/c/Users/ander/Desktop/airflow-spark/airflow-spark/curso2/ambientX/lib/python3.9/site-packages/airflow/example_dags/example_kubernetes_executor.py for tasks to queue
[2025-01-26T10:55:21.561-0300] {logging_mixin.py:190} INFO - [2025-01-26T10:55:21.560-0300] {dagbag.py:588} INFO - Filling up the DagBag from /mnt/c/Users/ander/Desktop/airflow-spark/airflow-spark/curso2/ambientX/lib/python3.9/site-packages/airflow/example_dags/example_kubernetes_executor.py
[2025-01-26T10:55:21.603-0300] {processor.py:925} INFO - DAG(s) 'example_kubernetes_executor' retrieved from /mnt/c/Users/ander/Desktop/airflow-spark/airflow-spark/curso2/ambientX/lib/python3.9/site-packages/airflow/example_dags/example_kubernetes_executor.py
[2025-01-26T10:55:21.678-0300] {logging_mixin.py:190} INFO - [2025-01-26T10:55:21.678-0300] {dag.py:3239} INFO - Sync 1 DAGs
[2025-01-26T10:55:21.703-0300] {logging_mixin.py:190} INFO - [2025-01-26T10:55:21.702-0300] {dag.py:4180} INFO - Setting next_dagrun for example_kubernetes_executor to None, run_after=None
[2025-01-26T10:55:21.784-0300] {processor.py:208} INFO - Processing /mnt/c/Users/ander/Desktop/airflow-spark/airflow-spark/curso2/ambientX/lib/python3.9/site-packages/airflow/example_dags/example_kubernetes_executor.py took 0.245 seconds
[2025-01-26T10:57:09.236-0300] {processor.py:186} INFO - Started process (PID=12877) to work on /mnt/c/Users/ander/Desktop/airflow-spark/airflow-spark/curso2/ambientX/lib/python3.9/site-packages/airflow/example_dags/example_kubernetes_executor.py
[2025-01-26T10:57:09.240-0300] {processor.py:914} INFO - Processing file /mnt/c/Users/ander/Desktop/airflow-spark/airflow-spark/curso2/ambientX/lib/python3.9/site-packages/airflow/example_dags/example_kubernetes_executor.py for tasks to queue
[2025-01-26T10:57:09.244-0300] {logging_mixin.py:190} INFO - [2025-01-26T10:57:09.243-0300] {dagbag.py:588} INFO - Filling up the DagBag from /mnt/c/Users/ander/Desktop/airflow-spark/airflow-spark/curso2/ambientX/lib/python3.9/site-packages/airflow/example_dags/example_kubernetes_executor.py
[2025-01-26T10:57:09.287-0300] {processor.py:925} INFO - DAG(s) 'example_kubernetes_executor' retrieved from /mnt/c/Users/ander/Desktop/airflow-spark/airflow-spark/curso2/ambientX/lib/python3.9/site-packages/airflow/example_dags/example_kubernetes_executor.py
[2025-01-26T10:57:09.369-0300] {logging_mixin.py:190} INFO - [2025-01-26T10:57:09.369-0300] {dag.py:3239} INFO - Sync 1 DAGs
[2025-01-26T10:57:09.392-0300] {logging_mixin.py:190} INFO - [2025-01-26T10:57:09.391-0300] {dag.py:4180} INFO - Setting next_dagrun for example_kubernetes_executor to None, run_after=None
[2025-01-26T10:57:09.477-0300] {processor.py:208} INFO - Processing /mnt/c/Users/ander/Desktop/airflow-spark/airflow-spark/curso2/ambientX/lib/python3.9/site-packages/airflow/example_dags/example_kubernetes_executor.py took 0.259 seconds
[2025-01-26T10:59:03.643-0300] {processor.py:186} INFO - Started process (PID=13412) to work on /mnt/c/Users/ander/Desktop/airflow-spark/airflow-spark/curso2/ambientX/lib/python3.9/site-packages/airflow/example_dags/example_kubernetes_executor.py
[2025-01-26T10:59:03.644-0300] {processor.py:914} INFO - Processing file /mnt/c/Users/ander/Desktop/airflow-spark/airflow-spark/curso2/ambientX/lib/python3.9/site-packages/airflow/example_dags/example_kubernetes_executor.py for tasks to queue
[2025-01-26T10:59:03.651-0300] {logging_mixin.py:190} INFO - [2025-01-26T10:59:03.650-0300] {dagbag.py:588} INFO - Filling up the DagBag from /mnt/c/Users/ander/Desktop/airflow-spark/airflow-spark/curso2/ambientX/lib/python3.9/site-packages/airflow/example_dags/example_kubernetes_executor.py
[2025-01-26T10:59:03.699-0300] {processor.py:925} INFO - DAG(s) 'example_kubernetes_executor' retrieved from /mnt/c/Users/ander/Desktop/airflow-spark/airflow-spark/curso2/ambientX/lib/python3.9/site-packages/airflow/example_dags/example_kubernetes_executor.py
[2025-01-26T10:59:03.776-0300] {logging_mixin.py:190} INFO - [2025-01-26T10:59:03.776-0300] {dag.py:3239} INFO - Sync 1 DAGs
[2025-01-26T10:59:03.798-0300] {logging_mixin.py:190} INFO - [2025-01-26T10:59:03.797-0300] {dag.py:4180} INFO - Setting next_dagrun for example_kubernetes_executor to None, run_after=None
[2025-01-26T10:59:03.878-0300] {processor.py:208} INFO - Processing /mnt/c/Users/ander/Desktop/airflow-spark/airflow-spark/curso2/ambientX/lib/python3.9/site-packages/airflow/example_dags/example_kubernetes_executor.py took 0.251 seconds
[2025-01-26T11:01:01.687-0300] {processor.py:186} INFO - Started process (PID=13985) to work on /mnt/c/Users/ander/Desktop/airflow-spark/airflow-spark/curso2/ambientX/lib/python3.9/site-packages/airflow/example_dags/example_kubernetes_executor.py
[2025-01-26T11:01:01.689-0300] {processor.py:914} INFO - Processing file /mnt/c/Users/ander/Desktop/airflow-spark/airflow-spark/curso2/ambientX/lib/python3.9/site-packages/airflow/example_dags/example_kubernetes_executor.py for tasks to queue
[2025-01-26T11:01:01.693-0300] {logging_mixin.py:190} INFO - [2025-01-26T11:01:01.692-0300] {dagbag.py:588} INFO - Filling up the DagBag from /mnt/c/Users/ander/Desktop/airflow-spark/airflow-spark/curso2/ambientX/lib/python3.9/site-packages/airflow/example_dags/example_kubernetes_executor.py
[2025-01-26T11:01:01.732-0300] {processor.py:925} INFO - DAG(s) 'example_kubernetes_executor' retrieved from /mnt/c/Users/ander/Desktop/airflow-spark/airflow-spark/curso2/ambientX/lib/python3.9/site-packages/airflow/example_dags/example_kubernetes_executor.py
[2025-01-26T11:01:01.834-0300] {logging_mixin.py:190} INFO - [2025-01-26T11:01:01.834-0300] {dag.py:3239} INFO - Sync 1 DAGs
[2025-01-26T11:01:01.855-0300] {logging_mixin.py:190} INFO - [2025-01-26T11:01:01.855-0300] {dag.py:4180} INFO - Setting next_dagrun for example_kubernetes_executor to None, run_after=None
[2025-01-26T11:01:01.922-0300] {processor.py:208} INFO - Processing /mnt/c/Users/ander/Desktop/airflow-spark/airflow-spark/curso2/ambientX/lib/python3.9/site-packages/airflow/example_dags/example_kubernetes_executor.py took 0.291 seconds
[2025-01-26T11:02:54.256-0300] {processor.py:186} INFO - Started process (PID=14964) to work on /mnt/c/Users/ander/Desktop/airflow-spark/airflow-spark/curso2/ambientX/lib/python3.9/site-packages/airflow/example_dags/example_kubernetes_executor.py
[2025-01-26T11:02:54.257-0300] {processor.py:914} INFO - Processing file /mnt/c/Users/ander/Desktop/airflow-spark/airflow-spark/curso2/ambientX/lib/python3.9/site-packages/airflow/example_dags/example_kubernetes_executor.py for tasks to queue
[2025-01-26T11:02:54.260-0300] {logging_mixin.py:190} INFO - [2025-01-26T11:02:54.260-0300] {dagbag.py:588} INFO - Filling up the DagBag from /mnt/c/Users/ander/Desktop/airflow-spark/airflow-spark/curso2/ambientX/lib/python3.9/site-packages/airflow/example_dags/example_kubernetes_executor.py
[2025-01-26T11:02:54.297-0300] {processor.py:925} INFO - DAG(s) 'example_kubernetes_executor' retrieved from /mnt/c/Users/ander/Desktop/airflow-spark/airflow-spark/curso2/ambientX/lib/python3.9/site-packages/airflow/example_dags/example_kubernetes_executor.py
[2025-01-26T11:02:54.378-0300] {logging_mixin.py:190} INFO - [2025-01-26T11:02:54.378-0300] {dag.py:3239} INFO - Sync 1 DAGs
[2025-01-26T11:02:54.399-0300] {logging_mixin.py:190} INFO - [2025-01-26T11:02:54.398-0300] {dag.py:4180} INFO - Setting next_dagrun for example_kubernetes_executor to None, run_after=None
[2025-01-26T11:02:54.473-0300] {processor.py:208} INFO - Processing /mnt/c/Users/ander/Desktop/airflow-spark/airflow-spark/curso2/ambientX/lib/python3.9/site-packages/airflow/example_dags/example_kubernetes_executor.py took 0.232 seconds
[2025-01-26T11:04:44.057-0300] {processor.py:186} INFO - Started process (PID=15363) to work on /mnt/c/Users/ander/Desktop/airflow-spark/airflow-spark/curso2/ambientX/lib/python3.9/site-packages/airflow/example_dags/example_kubernetes_executor.py
[2025-01-26T11:04:44.059-0300] {processor.py:914} INFO - Processing file /mnt/c/Users/ander/Desktop/airflow-spark/airflow-spark/curso2/ambientX/lib/python3.9/site-packages/airflow/example_dags/example_kubernetes_executor.py for tasks to queue
[2025-01-26T11:04:44.061-0300] {logging_mixin.py:190} INFO - [2025-01-26T11:04:44.060-0300] {dagbag.py:588} INFO - Filling up the DagBag from /mnt/c/Users/ander/Desktop/airflow-spark/airflow-spark/curso2/ambientX/lib/python3.9/site-packages/airflow/example_dags/example_kubernetes_executor.py
[2025-01-26T11:04:44.094-0300] {processor.py:925} INFO - DAG(s) 'example_kubernetes_executor' retrieved from /mnt/c/Users/ander/Desktop/airflow-spark/airflow-spark/curso2/ambientX/lib/python3.9/site-packages/airflow/example_dags/example_kubernetes_executor.py
[2025-01-26T11:04:44.161-0300] {logging_mixin.py:190} INFO - [2025-01-26T11:04:44.160-0300] {dag.py:3239} INFO - Sync 1 DAGs
[2025-01-26T11:04:44.181-0300] {logging_mixin.py:190} INFO - [2025-01-26T11:04:44.180-0300] {dag.py:4180} INFO - Setting next_dagrun for example_kubernetes_executor to None, run_after=None
[2025-01-26T11:04:44.246-0300] {processor.py:208} INFO - Processing /mnt/c/Users/ander/Desktop/airflow-spark/airflow-spark/curso2/ambientX/lib/python3.9/site-packages/airflow/example_dags/example_kubernetes_executor.py took 0.206 seconds
[2025-01-26T11:06:24.190-0300] {processor.py:186} INFO - Started process (PID=15799) to work on /mnt/c/Users/ander/Desktop/airflow-spark/airflow-spark/curso2/ambientX/lib/python3.9/site-packages/airflow/example_dags/example_kubernetes_executor.py
[2025-01-26T11:06:24.191-0300] {processor.py:914} INFO - Processing file /mnt/c/Users/ander/Desktop/airflow-spark/airflow-spark/curso2/ambientX/lib/python3.9/site-packages/airflow/example_dags/example_kubernetes_executor.py for tasks to queue
[2025-01-26T11:06:24.193-0300] {logging_mixin.py:190} INFO - [2025-01-26T11:06:24.193-0300] {dagbag.py:588} INFO - Filling up the DagBag from /mnt/c/Users/ander/Desktop/airflow-spark/airflow-spark/curso2/ambientX/lib/python3.9/site-packages/airflow/example_dags/example_kubernetes_executor.py
[2025-01-26T11:06:24.226-0300] {processor.py:925} INFO - DAG(s) 'example_kubernetes_executor' retrieved from /mnt/c/Users/ander/Desktop/airflow-spark/airflow-spark/curso2/ambientX/lib/python3.9/site-packages/airflow/example_dags/example_kubernetes_executor.py
[2025-01-26T11:06:24.290-0300] {logging_mixin.py:190} INFO - [2025-01-26T11:06:24.290-0300] {dag.py:3239} INFO - Sync 1 DAGs
[2025-01-26T11:06:24.309-0300] {logging_mixin.py:190} INFO - [2025-01-26T11:06:24.309-0300] {dag.py:4180} INFO - Setting next_dagrun for example_kubernetes_executor to None, run_after=None
[2025-01-26T11:06:24.371-0300] {processor.py:208} INFO - Processing /mnt/c/Users/ander/Desktop/airflow-spark/airflow-spark/curso2/ambientX/lib/python3.9/site-packages/airflow/example_dags/example_kubernetes_executor.py took 0.197 seconds
[2025-01-26T11:08:06.207-0300] {processor.py:186} INFO - Started process (PID=16299) to work on /mnt/c/Users/ander/Desktop/airflow-spark/airflow-spark/curso2/ambientX/lib/python3.9/site-packages/airflow/example_dags/example_kubernetes_executor.py
[2025-01-26T11:08:06.208-0300] {processor.py:914} INFO - Processing file /mnt/c/Users/ander/Desktop/airflow-spark/airflow-spark/curso2/ambientX/lib/python3.9/site-packages/airflow/example_dags/example_kubernetes_executor.py for tasks to queue
[2025-01-26T11:08:06.210-0300] {logging_mixin.py:190} INFO - [2025-01-26T11:08:06.210-0300] {dagbag.py:588} INFO - Filling up the DagBag from /mnt/c/Users/ander/Desktop/airflow-spark/airflow-spark/curso2/ambientX/lib/python3.9/site-packages/airflow/example_dags/example_kubernetes_executor.py
[2025-01-26T11:08:06.250-0300] {processor.py:925} INFO - DAG(s) 'example_kubernetes_executor' retrieved from /mnt/c/Users/ander/Desktop/airflow-spark/airflow-spark/curso2/ambientX/lib/python3.9/site-packages/airflow/example_dags/example_kubernetes_executor.py
[2025-01-26T11:08:06.323-0300] {logging_mixin.py:190} INFO - [2025-01-26T11:08:06.323-0300] {dag.py:3239} INFO - Sync 1 DAGs
[2025-01-26T11:08:06.344-0300] {logging_mixin.py:190} INFO - [2025-01-26T11:08:06.343-0300] {dag.py:4180} INFO - Setting next_dagrun for example_kubernetes_executor to None, run_after=None
[2025-01-26T11:08:06.410-0300] {processor.py:208} INFO - Processing /mnt/c/Users/ander/Desktop/airflow-spark/airflow-spark/curso2/ambientX/lib/python3.9/site-packages/airflow/example_dags/example_kubernetes_executor.py took 0.223 seconds
[2025-01-26T11:09:48.240-0300] {processor.py:186} INFO - Started process (PID=16681) to work on /mnt/c/Users/ander/Desktop/airflow-spark/airflow-spark/curso2/ambientX/lib/python3.9/site-packages/airflow/example_dags/example_kubernetes_executor.py
[2025-01-26T11:09:48.242-0300] {processor.py:914} INFO - Processing file /mnt/c/Users/ander/Desktop/airflow-spark/airflow-spark/curso2/ambientX/lib/python3.9/site-packages/airflow/example_dags/example_kubernetes_executor.py for tasks to queue
[2025-01-26T11:09:48.244-0300] {logging_mixin.py:190} INFO - [2025-01-26T11:09:48.243-0300] {dagbag.py:588} INFO - Filling up the DagBag from /mnt/c/Users/ander/Desktop/airflow-spark/airflow-spark/curso2/ambientX/lib/python3.9/site-packages/airflow/example_dags/example_kubernetes_executor.py
[2025-01-26T11:09:48.300-0300] {processor.py:925} INFO - DAG(s) 'example_kubernetes_executor' retrieved from /mnt/c/Users/ander/Desktop/airflow-spark/airflow-spark/curso2/ambientX/lib/python3.9/site-packages/airflow/example_dags/example_kubernetes_executor.py
[2025-01-26T11:09:48.405-0300] {logging_mixin.py:190} INFO - [2025-01-26T11:09:48.405-0300] {dag.py:3239} INFO - Sync 1 DAGs
[2025-01-26T11:09:48.458-0300] {logging_mixin.py:190} INFO - [2025-01-26T11:09:48.458-0300] {dag.py:4180} INFO - Setting next_dagrun for example_kubernetes_executor to None, run_after=None
[2025-01-26T11:09:48.627-0300] {processor.py:208} INFO - Processing /mnt/c/Users/ander/Desktop/airflow-spark/airflow-spark/curso2/ambientX/lib/python3.9/site-packages/airflow/example_dags/example_kubernetes_executor.py took 0.407 seconds
[2025-01-26T11:11:57.514-0300] {processor.py:186} INFO - Started process (PID=17256) to work on /mnt/c/Users/ander/Desktop/airflow-spark/airflow-spark/curso2/ambientX/lib/python3.9/site-packages/airflow/example_dags/example_kubernetes_executor.py
[2025-01-26T11:11:57.534-0300] {processor.py:914} INFO - Processing file /mnt/c/Users/ander/Desktop/airflow-spark/airflow-spark/curso2/ambientX/lib/python3.9/site-packages/airflow/example_dags/example_kubernetes_executor.py for tasks to queue
[2025-01-26T11:11:57.537-0300] {logging_mixin.py:190} INFO - [2025-01-26T11:11:57.536-0300] {dagbag.py:588} INFO - Filling up the DagBag from /mnt/c/Users/ander/Desktop/airflow-spark/airflow-spark/curso2/ambientX/lib/python3.9/site-packages/airflow/example_dags/example_kubernetes_executor.py
[2025-01-26T11:11:57.601-0300] {processor.py:925} INFO - DAG(s) 'example_kubernetes_executor' retrieved from /mnt/c/Users/ander/Desktop/airflow-spark/airflow-spark/curso2/ambientX/lib/python3.9/site-packages/airflow/example_dags/example_kubernetes_executor.py
[2025-01-26T11:11:57.733-0300] {logging_mixin.py:190} INFO - [2025-01-26T11:11:57.733-0300] {dag.py:3239} INFO - Sync 1 DAGs
[2025-01-26T11:11:57.754-0300] {logging_mixin.py:190} INFO - [2025-01-26T11:11:57.753-0300] {dag.py:4180} INFO - Setting next_dagrun for example_kubernetes_executor to None, run_after=None
[2025-01-26T11:11:58.691-0300] {processor.py:208} INFO - Processing /mnt/c/Users/ander/Desktop/airflow-spark/airflow-spark/curso2/ambientX/lib/python3.9/site-packages/airflow/example_dags/example_kubernetes_executor.py took 1.195 seconds
[2025-01-26T11:15:32.833-0300] {processor.py:186} INFO - Started process (PID=18292) to work on /mnt/c/Users/ander/Desktop/airflow-spark/airflow-spark/curso2/ambientX/lib/python3.9/site-packages/airflow/example_dags/example_kubernetes_executor.py
[2025-01-26T11:15:32.835-0300] {processor.py:914} INFO - Processing file /mnt/c/Users/ander/Desktop/airflow-spark/airflow-spark/curso2/ambientX/lib/python3.9/site-packages/airflow/example_dags/example_kubernetes_executor.py for tasks to queue
[2025-01-26T11:15:32.837-0300] {logging_mixin.py:190} INFO - [2025-01-26T11:15:32.837-0300] {dagbag.py:588} INFO - Filling up the DagBag from /mnt/c/Users/ander/Desktop/airflow-spark/airflow-spark/curso2/ambientX/lib/python3.9/site-packages/airflow/example_dags/example_kubernetes_executor.py
[2025-01-26T11:15:32.882-0300] {processor.py:925} INFO - DAG(s) 'example_kubernetes_executor' retrieved from /mnt/c/Users/ander/Desktop/airflow-spark/airflow-spark/curso2/ambientX/lib/python3.9/site-packages/airflow/example_dags/example_kubernetes_executor.py
[2025-01-26T11:15:32.948-0300] {logging_mixin.py:190} INFO - [2025-01-26T11:15:32.948-0300] {dag.py:3239} INFO - Sync 1 DAGs
[2025-01-26T11:15:32.969-0300] {logging_mixin.py:190} INFO - [2025-01-26T11:15:32.968-0300] {dag.py:4180} INFO - Setting next_dagrun for example_kubernetes_executor to None, run_after=None
[2025-01-26T11:15:33.727-0300] {processor.py:208} INFO - Processing /mnt/c/Users/ander/Desktop/airflow-spark/airflow-spark/curso2/ambientX/lib/python3.9/site-packages/airflow/example_dags/example_kubernetes_executor.py took 0.912 seconds
[2025-01-26T11:18:48.817-0300] {processor.py:186} INFO - Started process (PID=19182) to work on /mnt/c/Users/ander/Desktop/airflow-spark/airflow-spark/curso2/ambientX/lib/python3.9/site-packages/airflow/example_dags/example_kubernetes_executor.py
[2025-01-26T11:18:48.819-0300] {processor.py:914} INFO - Processing file /mnt/c/Users/ander/Desktop/airflow-spark/airflow-spark/curso2/ambientX/lib/python3.9/site-packages/airflow/example_dags/example_kubernetes_executor.py for tasks to queue
[2025-01-26T11:18:48.821-0300] {logging_mixin.py:190} INFO - [2025-01-26T11:18:48.821-0300] {dagbag.py:588} INFO - Filling up the DagBag from /mnt/c/Users/ander/Desktop/airflow-spark/airflow-spark/curso2/ambientX/lib/python3.9/site-packages/airflow/example_dags/example_kubernetes_executor.py
[2025-01-26T11:18:48.858-0300] {processor.py:925} INFO - DAG(s) 'example_kubernetes_executor' retrieved from /mnt/c/Users/ander/Desktop/airflow-spark/airflow-spark/curso2/ambientX/lib/python3.9/site-packages/airflow/example_dags/example_kubernetes_executor.py
[2025-01-26T11:18:48.933-0300] {logging_mixin.py:190} INFO - [2025-01-26T11:18:48.933-0300] {dag.py:3239} INFO - Sync 1 DAGs
[2025-01-26T11:18:48.953-0300] {logging_mixin.py:190} INFO - [2025-01-26T11:18:48.953-0300] {dag.py:4180} INFO - Setting next_dagrun for example_kubernetes_executor to None, run_after=None
[2025-01-26T11:18:49.678-0300] {processor.py:208} INFO - Processing /mnt/c/Users/ander/Desktop/airflow-spark/airflow-spark/curso2/ambientX/lib/python3.9/site-packages/airflow/example_dags/example_kubernetes_executor.py took 0.878 seconds
[2025-01-26T11:22:41.509-0300] {processor.py:186} INFO - Started process (PID=20100) to work on /mnt/c/Users/ander/Desktop/airflow-spark/airflow-spark/curso2/ambientX/lib/python3.9/site-packages/airflow/example_dags/example_kubernetes_executor.py
[2025-01-26T11:22:41.511-0300] {processor.py:914} INFO - Processing file /mnt/c/Users/ander/Desktop/airflow-spark/airflow-spark/curso2/ambientX/lib/python3.9/site-packages/airflow/example_dags/example_kubernetes_executor.py for tasks to queue
[2025-01-26T11:22:41.513-0300] {logging_mixin.py:190} INFO - [2025-01-26T11:22:41.512-0300] {dagbag.py:588} INFO - Filling up the DagBag from /mnt/c/Users/ander/Desktop/airflow-spark/airflow-spark/curso2/ambientX/lib/python3.9/site-packages/airflow/example_dags/example_kubernetes_executor.py
[2025-01-26T11:22:41.547-0300] {processor.py:925} INFO - DAG(s) 'example_kubernetes_executor' retrieved from /mnt/c/Users/ander/Desktop/airflow-spark/airflow-spark/curso2/ambientX/lib/python3.9/site-packages/airflow/example_dags/example_kubernetes_executor.py
[2025-01-26T11:22:41.611-0300] {logging_mixin.py:190} INFO - [2025-01-26T11:22:41.611-0300] {dag.py:3239} INFO - Sync 1 DAGs
[2025-01-26T11:22:41.632-0300] {logging_mixin.py:190} INFO - [2025-01-26T11:22:41.632-0300] {dag.py:4180} INFO - Setting next_dagrun for example_kubernetes_executor to None, run_after=None
[2025-01-26T11:22:41.702-0300] {processor.py:208} INFO - Processing /mnt/c/Users/ander/Desktop/airflow-spark/airflow-spark/curso2/ambientX/lib/python3.9/site-packages/airflow/example_dags/example_kubernetes_executor.py took 0.210 seconds
[2025-01-26T11:25:07.849-0300] {processor.py:186} INFO - Started process (PID=20866) to work on /mnt/c/Users/ander/Desktop/airflow-spark/airflow-spark/curso2/ambientX/lib/python3.9/site-packages/airflow/example_dags/example_kubernetes_executor.py
[2025-01-26T11:25:07.851-0300] {processor.py:914} INFO - Processing file /mnt/c/Users/ander/Desktop/airflow-spark/airflow-spark/curso2/ambientX/lib/python3.9/site-packages/airflow/example_dags/example_kubernetes_executor.py for tasks to queue
[2025-01-26T11:25:07.853-0300] {logging_mixin.py:190} INFO - [2025-01-26T11:25:07.852-0300] {dagbag.py:588} INFO - Filling up the DagBag from /mnt/c/Users/ander/Desktop/airflow-spark/airflow-spark/curso2/ambientX/lib/python3.9/site-packages/airflow/example_dags/example_kubernetes_executor.py
[2025-01-26T11:25:07.887-0300] {processor.py:925} INFO - DAG(s) 'example_kubernetes_executor' retrieved from /mnt/c/Users/ander/Desktop/airflow-spark/airflow-spark/curso2/ambientX/lib/python3.9/site-packages/airflow/example_dags/example_kubernetes_executor.py
[2025-01-26T11:25:07.959-0300] {logging_mixin.py:190} INFO - [2025-01-26T11:25:07.958-0300] {dag.py:3239} INFO - Sync 1 DAGs
[2025-01-26T11:25:07.979-0300] {logging_mixin.py:190} INFO - [2025-01-26T11:25:07.978-0300] {dag.py:4180} INFO - Setting next_dagrun for example_kubernetes_executor to None, run_after=None
[2025-01-26T11:25:08.057-0300] {processor.py:208} INFO - Processing /mnt/c/Users/ander/Desktop/airflow-spark/airflow-spark/curso2/ambientX/lib/python3.9/site-packages/airflow/example_dags/example_kubernetes_executor.py took 0.224 seconds
[2025-01-26T11:27:33.036-0300] {processor.py:186} INFO - Started process (PID=21567) to work on /mnt/c/Users/ander/Desktop/airflow-spark/airflow-spark/curso2/ambientX/lib/python3.9/site-packages/airflow/example_dags/example_kubernetes_executor.py
[2025-01-26T11:27:33.038-0300] {processor.py:914} INFO - Processing file /mnt/c/Users/ander/Desktop/airflow-spark/airflow-spark/curso2/ambientX/lib/python3.9/site-packages/airflow/example_dags/example_kubernetes_executor.py for tasks to queue
[2025-01-26T11:27:33.040-0300] {logging_mixin.py:190} INFO - [2025-01-26T11:27:33.039-0300] {dagbag.py:588} INFO - Filling up the DagBag from /mnt/c/Users/ander/Desktop/airflow-spark/airflow-spark/curso2/ambientX/lib/python3.9/site-packages/airflow/example_dags/example_kubernetes_executor.py
[2025-01-26T11:27:33.078-0300] {processor.py:925} INFO - DAG(s) 'example_kubernetes_executor' retrieved from /mnt/c/Users/ander/Desktop/airflow-spark/airflow-spark/curso2/ambientX/lib/python3.9/site-packages/airflow/example_dags/example_kubernetes_executor.py
[2025-01-26T11:27:33.157-0300] {logging_mixin.py:190} INFO - [2025-01-26T11:27:33.157-0300] {dag.py:3239} INFO - Sync 1 DAGs
[2025-01-26T11:27:33.176-0300] {logging_mixin.py:190} INFO - [2025-01-26T11:27:33.176-0300] {dag.py:4180} INFO - Setting next_dagrun for example_kubernetes_executor to None, run_after=None
[2025-01-26T11:27:33.251-0300] {processor.py:208} INFO - Processing /mnt/c/Users/ander/Desktop/airflow-spark/airflow-spark/curso2/ambientX/lib/python3.9/site-packages/airflow/example_dags/example_kubernetes_executor.py took 0.238 seconds
[2025-01-26T11:30:05.704-0300] {processor.py:186} INFO - Started process (PID=22364) to work on /mnt/c/Users/ander/Desktop/airflow-spark/airflow-spark/curso2/ambientX/lib/python3.9/site-packages/airflow/example_dags/example_kubernetes_executor.py
[2025-01-26T11:30:05.706-0300] {processor.py:914} INFO - Processing file /mnt/c/Users/ander/Desktop/airflow-spark/airflow-spark/curso2/ambientX/lib/python3.9/site-packages/airflow/example_dags/example_kubernetes_executor.py for tasks to queue
[2025-01-26T11:30:05.708-0300] {logging_mixin.py:190} INFO - [2025-01-26T11:30:05.707-0300] {dagbag.py:588} INFO - Filling up the DagBag from /mnt/c/Users/ander/Desktop/airflow-spark/airflow-spark/curso2/ambientX/lib/python3.9/site-packages/airflow/example_dags/example_kubernetes_executor.py
[2025-01-26T11:30:05.740-0300] {processor.py:925} INFO - DAG(s) 'example_kubernetes_executor' retrieved from /mnt/c/Users/ander/Desktop/airflow-spark/airflow-spark/curso2/ambientX/lib/python3.9/site-packages/airflow/example_dags/example_kubernetes_executor.py
[2025-01-26T11:30:05.806-0300] {logging_mixin.py:190} INFO - [2025-01-26T11:30:05.805-0300] {dag.py:3239} INFO - Sync 1 DAGs
[2025-01-26T11:30:05.828-0300] {logging_mixin.py:190} INFO - [2025-01-26T11:30:05.828-0300] {dag.py:4180} INFO - Setting next_dagrun for example_kubernetes_executor to None, run_after=None
[2025-01-26T11:30:05.962-0300] {processor.py:208} INFO - Processing /mnt/c/Users/ander/Desktop/airflow-spark/airflow-spark/curso2/ambientX/lib/python3.9/site-packages/airflow/example_dags/example_kubernetes_executor.py took 0.275 seconds
[2025-01-26T11:33:09.032-0300] {processor.py:186} INFO - Started process (PID=23203) to work on /mnt/c/Users/ander/Desktop/airflow-spark/airflow-spark/curso2/ambientX/lib/python3.9/site-packages/airflow/example_dags/example_kubernetes_executor.py
[2025-01-26T11:33:09.034-0300] {processor.py:914} INFO - Processing file /mnt/c/Users/ander/Desktop/airflow-spark/airflow-spark/curso2/ambientX/lib/python3.9/site-packages/airflow/example_dags/example_kubernetes_executor.py for tasks to queue
[2025-01-26T11:33:09.036-0300] {logging_mixin.py:190} INFO - [2025-01-26T11:33:09.035-0300] {dagbag.py:588} INFO - Filling up the DagBag from /mnt/c/Users/ander/Desktop/airflow-spark/airflow-spark/curso2/ambientX/lib/python3.9/site-packages/airflow/example_dags/example_kubernetes_executor.py
[2025-01-26T11:33:09.074-0300] {processor.py:925} INFO - DAG(s) 'example_kubernetes_executor' retrieved from /mnt/c/Users/ander/Desktop/airflow-spark/airflow-spark/curso2/ambientX/lib/python3.9/site-packages/airflow/example_dags/example_kubernetes_executor.py
[2025-01-26T11:33:09.155-0300] {logging_mixin.py:190} INFO - [2025-01-26T11:33:09.155-0300] {dag.py:3239} INFO - Sync 1 DAGs
[2025-01-26T11:33:09.178-0300] {logging_mixin.py:190} INFO - [2025-01-26T11:33:09.178-0300] {dag.py:4180} INFO - Setting next_dagrun for example_kubernetes_executor to None, run_after=None
[2025-01-26T11:33:09.411-0300] {processor.py:208} INFO - Processing /mnt/c/Users/ander/Desktop/airflow-spark/airflow-spark/curso2/ambientX/lib/python3.9/site-packages/airflow/example_dags/example_kubernetes_executor.py took 0.397 seconds
[2025-01-26T11:34:59.932-0300] {processor.py:186} INFO - Started process (PID=23678) to work on /mnt/c/Users/ander/Desktop/airflow-spark/airflow-spark/curso2/ambientX/lib/python3.9/site-packages/airflow/example_dags/example_kubernetes_executor.py
[2025-01-26T11:34:59.933-0300] {processor.py:914} INFO - Processing file /mnt/c/Users/ander/Desktop/airflow-spark/airflow-spark/curso2/ambientX/lib/python3.9/site-packages/airflow/example_dags/example_kubernetes_executor.py for tasks to queue
[2025-01-26T11:34:59.935-0300] {logging_mixin.py:190} INFO - [2025-01-26T11:34:59.935-0300] {dagbag.py:588} INFO - Filling up the DagBag from /mnt/c/Users/ander/Desktop/airflow-spark/airflow-spark/curso2/ambientX/lib/python3.9/site-packages/airflow/example_dags/example_kubernetes_executor.py
[2025-01-26T11:34:59.968-0300] {processor.py:925} INFO - DAG(s) 'example_kubernetes_executor' retrieved from /mnt/c/Users/ander/Desktop/airflow-spark/airflow-spark/curso2/ambientX/lib/python3.9/site-packages/airflow/example_dags/example_kubernetes_executor.py
[2025-01-26T11:35:00.045-0300] {logging_mixin.py:190} INFO - [2025-01-26T11:35:00.045-0300] {dag.py:3239} INFO - Sync 1 DAGs
[2025-01-26T11:35:00.065-0300] {logging_mixin.py:190} INFO - [2025-01-26T11:35:00.065-0300] {dag.py:4180} INFO - Setting next_dagrun for example_kubernetes_executor to None, run_after=None
[2025-01-26T11:35:00.122-0300] {processor.py:208} INFO - Processing /mnt/c/Users/ander/Desktop/airflow-spark/airflow-spark/curso2/ambientX/lib/python3.9/site-packages/airflow/example_dags/example_kubernetes_executor.py took 0.207 seconds
[2025-01-26T11:36:41.470-0300] {processor.py:186} INFO - Started process (PID=24251) to work on /mnt/c/Users/ander/Desktop/airflow-spark/airflow-spark/curso2/ambientX/lib/python3.9/site-packages/airflow/example_dags/example_kubernetes_executor.py
[2025-01-26T11:36:41.472-0300] {processor.py:914} INFO - Processing file /mnt/c/Users/ander/Desktop/airflow-spark/airflow-spark/curso2/ambientX/lib/python3.9/site-packages/airflow/example_dags/example_kubernetes_executor.py for tasks to queue
[2025-01-26T11:36:41.474-0300] {logging_mixin.py:190} INFO - [2025-01-26T11:36:41.473-0300] {dagbag.py:588} INFO - Filling up the DagBag from /mnt/c/Users/ander/Desktop/airflow-spark/airflow-spark/curso2/ambientX/lib/python3.9/site-packages/airflow/example_dags/example_kubernetes_executor.py
[2025-01-26T11:36:41.515-0300] {processor.py:925} INFO - DAG(s) 'example_kubernetes_executor' retrieved from /mnt/c/Users/ander/Desktop/airflow-spark/airflow-spark/curso2/ambientX/lib/python3.9/site-packages/airflow/example_dags/example_kubernetes_executor.py
[2025-01-26T11:36:41.582-0300] {logging_mixin.py:190} INFO - [2025-01-26T11:36:41.582-0300] {dag.py:3239} INFO - Sync 1 DAGs
[2025-01-26T11:36:41.602-0300] {logging_mixin.py:190} INFO - [2025-01-26T11:36:41.601-0300] {dag.py:4180} INFO - Setting next_dagrun for example_kubernetes_executor to None, run_after=None
[2025-01-26T11:36:41.668-0300] {processor.py:208} INFO - Processing /mnt/c/Users/ander/Desktop/airflow-spark/airflow-spark/curso2/ambientX/lib/python3.9/site-packages/airflow/example_dags/example_kubernetes_executor.py took 0.217 seconds
[2025-01-26T11:38:24.799-0300] {processor.py:186} INFO - Started process (PID=24769) to work on /mnt/c/Users/ander/Desktop/airflow-spark/airflow-spark/curso2/ambientX/lib/python3.9/site-packages/airflow/example_dags/example_kubernetes_executor.py
[2025-01-26T11:38:24.801-0300] {processor.py:914} INFO - Processing file /mnt/c/Users/ander/Desktop/airflow-spark/airflow-spark/curso2/ambientX/lib/python3.9/site-packages/airflow/example_dags/example_kubernetes_executor.py for tasks to queue
[2025-01-26T11:38:24.803-0300] {logging_mixin.py:190} INFO - [2025-01-26T11:38:24.802-0300] {dagbag.py:588} INFO - Filling up the DagBag from /mnt/c/Users/ander/Desktop/airflow-spark/airflow-spark/curso2/ambientX/lib/python3.9/site-packages/airflow/example_dags/example_kubernetes_executor.py
[2025-01-26T11:38:24.838-0300] {processor.py:925} INFO - DAG(s) 'example_kubernetes_executor' retrieved from /mnt/c/Users/ander/Desktop/airflow-spark/airflow-spark/curso2/ambientX/lib/python3.9/site-packages/airflow/example_dags/example_kubernetes_executor.py
[2025-01-26T11:38:24.908-0300] {logging_mixin.py:190} INFO - [2025-01-26T11:38:24.908-0300] {dag.py:3239} INFO - Sync 1 DAGs
[2025-01-26T11:38:24.927-0300] {logging_mixin.py:190} INFO - [2025-01-26T11:38:24.927-0300] {dag.py:4180} INFO - Setting next_dagrun for example_kubernetes_executor to None, run_after=None
[2025-01-26T11:38:24.996-0300] {processor.py:208} INFO - Processing /mnt/c/Users/ander/Desktop/airflow-spark/airflow-spark/curso2/ambientX/lib/python3.9/site-packages/airflow/example_dags/example_kubernetes_executor.py took 0.214 seconds
[2025-01-26T11:40:02.205-0300] {processor.py:186} INFO - Started process (PID=25149) to work on /mnt/c/Users/ander/Desktop/airflow-spark/airflow-spark/curso2/ambientX/lib/python3.9/site-packages/airflow/example_dags/example_kubernetes_executor.py
[2025-01-26T11:40:02.207-0300] {processor.py:914} INFO - Processing file /mnt/c/Users/ander/Desktop/airflow-spark/airflow-spark/curso2/ambientX/lib/python3.9/site-packages/airflow/example_dags/example_kubernetes_executor.py for tasks to queue
[2025-01-26T11:40:02.209-0300] {logging_mixin.py:190} INFO - [2025-01-26T11:40:02.209-0300] {dagbag.py:588} INFO - Filling up the DagBag from /mnt/c/Users/ander/Desktop/airflow-spark/airflow-spark/curso2/ambientX/lib/python3.9/site-packages/airflow/example_dags/example_kubernetes_executor.py
[2025-01-26T11:40:02.250-0300] {processor.py:925} INFO - DAG(s) 'example_kubernetes_executor' retrieved from /mnt/c/Users/ander/Desktop/airflow-spark/airflow-spark/curso2/ambientX/lib/python3.9/site-packages/airflow/example_dags/example_kubernetes_executor.py
[2025-01-26T11:40:02.313-0300] {logging_mixin.py:190} INFO - [2025-01-26T11:40:02.313-0300] {dag.py:3239} INFO - Sync 1 DAGs
[2025-01-26T11:40:02.333-0300] {logging_mixin.py:190} INFO - [2025-01-26T11:40:02.333-0300] {dag.py:4180} INFO - Setting next_dagrun for example_kubernetes_executor to None, run_after=None
[2025-01-26T11:40:02.398-0300] {processor.py:208} INFO - Processing /mnt/c/Users/ander/Desktop/airflow-spark/airflow-spark/curso2/ambientX/lib/python3.9/site-packages/airflow/example_dags/example_kubernetes_executor.py took 0.211 seconds
[2025-01-26T11:41:37.797-0300] {processor.py:186} INFO - Started process (PID=25716) to work on /mnt/c/Users/ander/Desktop/airflow-spark/airflow-spark/curso2/ambientX/lib/python3.9/site-packages/airflow/example_dags/example_kubernetes_executor.py
[2025-01-26T11:41:37.798-0300] {processor.py:914} INFO - Processing file /mnt/c/Users/ander/Desktop/airflow-spark/airflow-spark/curso2/ambientX/lib/python3.9/site-packages/airflow/example_dags/example_kubernetes_executor.py for tasks to queue
[2025-01-26T11:41:37.800-0300] {logging_mixin.py:190} INFO - [2025-01-26T11:41:37.800-0300] {dagbag.py:588} INFO - Filling up the DagBag from /mnt/c/Users/ander/Desktop/airflow-spark/airflow-spark/curso2/ambientX/lib/python3.9/site-packages/airflow/example_dags/example_kubernetes_executor.py
[2025-01-26T11:41:37.834-0300] {processor.py:925} INFO - DAG(s) 'example_kubernetes_executor' retrieved from /mnt/c/Users/ander/Desktop/airflow-spark/airflow-spark/curso2/ambientX/lib/python3.9/site-packages/airflow/example_dags/example_kubernetes_executor.py
[2025-01-26T11:41:37.898-0300] {logging_mixin.py:190} INFO - [2025-01-26T11:41:37.898-0300] {dag.py:3239} INFO - Sync 1 DAGs
[2025-01-26T11:41:37.918-0300] {logging_mixin.py:190} INFO - [2025-01-26T11:41:37.917-0300] {dag.py:4180} INFO - Setting next_dagrun for example_kubernetes_executor to None, run_after=None
[2025-01-26T11:41:37.982-0300] {processor.py:208} INFO - Processing /mnt/c/Users/ander/Desktop/airflow-spark/airflow-spark/curso2/ambientX/lib/python3.9/site-packages/airflow/example_dags/example_kubernetes_executor.py took 0.202 seconds
[2025-01-26T11:43:24.790-0300] {processor.py:186} INFO - Started process (PID=26310) to work on /mnt/c/Users/ander/Desktop/airflow-spark/airflow-spark/curso2/ambientX/lib/python3.9/site-packages/airflow/example_dags/example_kubernetes_executor.py
[2025-01-26T11:43:24.791-0300] {processor.py:914} INFO - Processing file /mnt/c/Users/ander/Desktop/airflow-spark/airflow-spark/curso2/ambientX/lib/python3.9/site-packages/airflow/example_dags/example_kubernetes_executor.py for tasks to queue
[2025-01-26T11:43:24.793-0300] {logging_mixin.py:190} INFO - [2025-01-26T11:43:24.792-0300] {dagbag.py:588} INFO - Filling up the DagBag from /mnt/c/Users/ander/Desktop/airflow-spark/airflow-spark/curso2/ambientX/lib/python3.9/site-packages/airflow/example_dags/example_kubernetes_executor.py
[2025-01-26T11:43:24.825-0300] {processor.py:925} INFO - DAG(s) 'example_kubernetes_executor' retrieved from /mnt/c/Users/ander/Desktop/airflow-spark/airflow-spark/curso2/ambientX/lib/python3.9/site-packages/airflow/example_dags/example_kubernetes_executor.py
[2025-01-26T11:43:24.889-0300] {logging_mixin.py:190} INFO - [2025-01-26T11:43:24.889-0300] {dag.py:3239} INFO - Sync 1 DAGs
[2025-01-26T11:43:24.909-0300] {logging_mixin.py:190} INFO - [2025-01-26T11:43:24.908-0300] {dag.py:4180} INFO - Setting next_dagrun for example_kubernetes_executor to None, run_after=None
[2025-01-26T11:43:24.972-0300] {processor.py:208} INFO - Processing /mnt/c/Users/ander/Desktop/airflow-spark/airflow-spark/curso2/ambientX/lib/python3.9/site-packages/airflow/example_dags/example_kubernetes_executor.py took 0.199 seconds
[2025-01-26T11:45:10.571-0300] {processor.py:186} INFO - Started process (PID=26722) to work on /mnt/c/Users/ander/Desktop/airflow-spark/airflow-spark/curso2/ambientX/lib/python3.9/site-packages/airflow/example_dags/example_kubernetes_executor.py
[2025-01-26T11:45:10.573-0300] {processor.py:914} INFO - Processing file /mnt/c/Users/ander/Desktop/airflow-spark/airflow-spark/curso2/ambientX/lib/python3.9/site-packages/airflow/example_dags/example_kubernetes_executor.py for tasks to queue
[2025-01-26T11:45:10.575-0300] {logging_mixin.py:190} INFO - [2025-01-26T11:45:10.574-0300] {dagbag.py:588} INFO - Filling up the DagBag from /mnt/c/Users/ander/Desktop/airflow-spark/airflow-spark/curso2/ambientX/lib/python3.9/site-packages/airflow/example_dags/example_kubernetes_executor.py
[2025-01-26T11:45:10.609-0300] {processor.py:925} INFO - DAG(s) 'example_kubernetes_executor' retrieved from /mnt/c/Users/ander/Desktop/airflow-spark/airflow-spark/curso2/ambientX/lib/python3.9/site-packages/airflow/example_dags/example_kubernetes_executor.py
[2025-01-26T11:45:10.676-0300] {logging_mixin.py:190} INFO - [2025-01-26T11:45:10.676-0300] {dag.py:3239} INFO - Sync 1 DAGs
[2025-01-26T11:45:10.695-0300] {logging_mixin.py:190} INFO - [2025-01-26T11:45:10.695-0300] {dag.py:4180} INFO - Setting next_dagrun for example_kubernetes_executor to None, run_after=None
[2025-01-26T11:45:10.759-0300] {processor.py:208} INFO - Processing /mnt/c/Users/ander/Desktop/airflow-spark/airflow-spark/curso2/ambientX/lib/python3.9/site-packages/airflow/example_dags/example_kubernetes_executor.py took 0.205 seconds
