[2025-01-26T10:25:37.063-0300] {processor.py:186} INFO - Started process (PID=2272) to work on /mnt/c/Users/ander/Desktop/airflow-spark/airflow-spark/curso2/ambientX/lib/python3.9/site-packages/airflow/example_dags/example_setup_teardown.py
[2025-01-26T10:25:37.065-0300] {processor.py:914} INFO - Processing file /mnt/c/Users/ander/Desktop/airflow-spark/airflow-spark/curso2/ambientX/lib/python3.9/site-packages/airflow/example_dags/example_setup_teardown.py for tasks to queue
[2025-01-26T10:25:37.070-0300] {logging_mixin.py:190} INFO - [2025-01-26T10:25:37.069-0300] {dagbag.py:588} INFO - Filling up the DagBag from /mnt/c/Users/ander/Desktop/airflow-spark/airflow-spark/curso2/ambientX/lib/python3.9/site-packages/airflow/example_dags/example_setup_teardown.py
[2025-01-26T10:25:37.143-0300] {processor.py:925} INFO - DAG(s) 'example_setup_teardown' retrieved from /mnt/c/Users/ander/Desktop/airflow-spark/airflow-spark/curso2/ambientX/lib/python3.9/site-packages/airflow/example_dags/example_setup_teardown.py
[2025-01-26T10:25:37.191-0300] {logging_mixin.py:190} INFO - [2025-01-26T10:25:37.191-0300] {dag.py:3239} INFO - Sync 1 DAGs
[2025-01-26T10:25:37.212-0300] {logging_mixin.py:190} INFO - [2025-01-26T10:25:37.212-0300] {dag.py:4180} INFO - Setting next_dagrun for example_setup_teardown to None, run_after=None
[2025-01-26T10:25:37.282-0300] {processor.py:208} INFO - Processing /mnt/c/Users/ander/Desktop/airflow-spark/airflow-spark/curso2/ambientX/lib/python3.9/site-packages/airflow/example_dags/example_setup_teardown.py took 0.239 seconds
[2025-01-26T10:38:48.630-0300] {processor.py:186} INFO - Started process (PID=8103) to work on /mnt/c/Users/ander/Desktop/airflow-spark/airflow-spark/curso2/ambientX/lib/python3.9/site-packages/airflow/example_dags/example_setup_teardown.py
[2025-01-26T10:38:48.633-0300] {processor.py:914} INFO - Processing file /mnt/c/Users/ander/Desktop/airflow-spark/airflow-spark/curso2/ambientX/lib/python3.9/site-packages/airflow/example_dags/example_setup_teardown.py for tasks to queue
[2025-01-26T10:38:48.635-0300] {logging_mixin.py:190} INFO - [2025-01-26T10:38:48.634-0300] {dagbag.py:588} INFO - Filling up the DagBag from /mnt/c/Users/ander/Desktop/airflow-spark/airflow-spark/curso2/ambientX/lib/python3.9/site-packages/airflow/example_dags/example_setup_teardown.py
[2025-01-26T10:38:48.672-0300] {processor.py:925} INFO - DAG(s) 'example_setup_teardown' retrieved from /mnt/c/Users/ander/Desktop/airflow-spark/airflow-spark/curso2/ambientX/lib/python3.9/site-packages/airflow/example_dags/example_setup_teardown.py
[2025-01-26T10:38:48.731-0300] {logging_mixin.py:190} INFO - [2025-01-26T10:38:48.731-0300] {dag.py:3239} INFO - Sync 1 DAGs
[2025-01-26T10:38:48.756-0300] {logging_mixin.py:190} INFO - [2025-01-26T10:38:48.756-0300] {dag.py:4180} INFO - Setting next_dagrun for example_setup_teardown to None, run_after=None
[2025-01-26T10:38:48.845-0300] {processor.py:208} INFO - Processing /mnt/c/Users/ander/Desktop/airflow-spark/airflow-spark/curso2/ambientX/lib/python3.9/site-packages/airflow/example_dags/example_setup_teardown.py took 0.239 seconds
[2025-01-26T10:40:19.529-0300] {processor.py:186} INFO - Started process (PID=8476) to work on /mnt/c/Users/ander/Desktop/airflow-spark/airflow-spark/curso2/ambientX/lib/python3.9/site-packages/airflow/example_dags/example_setup_teardown.py
[2025-01-26T10:40:19.530-0300] {processor.py:914} INFO - Processing file /mnt/c/Users/ander/Desktop/airflow-spark/airflow-spark/curso2/ambientX/lib/python3.9/site-packages/airflow/example_dags/example_setup_teardown.py for tasks to queue
[2025-01-26T10:40:19.532-0300] {logging_mixin.py:190} INFO - [2025-01-26T10:40:19.532-0300] {dagbag.py:588} INFO - Filling up the DagBag from /mnt/c/Users/ander/Desktop/airflow-spark/airflow-spark/curso2/ambientX/lib/python3.9/site-packages/airflow/example_dags/example_setup_teardown.py
[2025-01-26T10:40:19.564-0300] {processor.py:925} INFO - DAG(s) 'example_setup_teardown' retrieved from /mnt/c/Users/ander/Desktop/airflow-spark/airflow-spark/curso2/ambientX/lib/python3.9/site-packages/airflow/example_dags/example_setup_teardown.py
[2025-01-26T10:40:19.611-0300] {logging_mixin.py:190} INFO - [2025-01-26T10:40:19.610-0300] {dag.py:3239} INFO - Sync 1 DAGs
[2025-01-26T10:40:19.632-0300] {logging_mixin.py:190} INFO - [2025-01-26T10:40:19.632-0300] {dag.py:4180} INFO - Setting next_dagrun for example_setup_teardown to None, run_after=None
[2025-01-26T10:40:20.244-0300] {processor.py:208} INFO - Processing /mnt/c/Users/ander/Desktop/airflow-spark/airflow-spark/curso2/ambientX/lib/python3.9/site-packages/airflow/example_dags/example_setup_teardown.py took 0.736 seconds
[2025-01-26T10:42:06.927-0300] {processor.py:186} INFO - Started process (PID=9028) to work on /mnt/c/Users/ander/Desktop/airflow-spark/airflow-spark/curso2/ambientX/lib/python3.9/site-packages/airflow/example_dags/example_setup_teardown.py
[2025-01-26T10:42:06.929-0300] {processor.py:914} INFO - Processing file /mnt/c/Users/ander/Desktop/airflow-spark/airflow-spark/curso2/ambientX/lib/python3.9/site-packages/airflow/example_dags/example_setup_teardown.py for tasks to queue
[2025-01-26T10:42:06.932-0300] {logging_mixin.py:190} INFO - [2025-01-26T10:42:06.931-0300] {dagbag.py:588} INFO - Filling up the DagBag from /mnt/c/Users/ander/Desktop/airflow-spark/airflow-spark/curso2/ambientX/lib/python3.9/site-packages/airflow/example_dags/example_setup_teardown.py
[2025-01-26T10:42:06.963-0300] {processor.py:925} INFO - DAG(s) 'example_setup_teardown' retrieved from /mnt/c/Users/ander/Desktop/airflow-spark/airflow-spark/curso2/ambientX/lib/python3.9/site-packages/airflow/example_dags/example_setup_teardown.py
[2025-01-26T10:42:07.010-0300] {logging_mixin.py:190} INFO - [2025-01-26T10:42:07.009-0300] {dag.py:3239} INFO - Sync 1 DAGs
[2025-01-26T10:42:07.033-0300] {logging_mixin.py:190} INFO - [2025-01-26T10:42:07.033-0300] {dag.py:4180} INFO - Setting next_dagrun for example_setup_teardown to None, run_after=None
[2025-01-26T10:42:07.115-0300] {processor.py:208} INFO - Processing /mnt/c/Users/ander/Desktop/airflow-spark/airflow-spark/curso2/ambientX/lib/python3.9/site-packages/airflow/example_dags/example_setup_teardown.py took 0.206 seconds
[2025-01-26T10:44:01.679-0300] {processor.py:186} INFO - Started process (PID=9479) to work on /mnt/c/Users/ander/Desktop/airflow-spark/airflow-spark/curso2/ambientX/lib/python3.9/site-packages/airflow/example_dags/example_setup_teardown.py
[2025-01-26T10:44:01.680-0300] {processor.py:914} INFO - Processing file /mnt/c/Users/ander/Desktop/airflow-spark/airflow-spark/curso2/ambientX/lib/python3.9/site-packages/airflow/example_dags/example_setup_teardown.py for tasks to queue
[2025-01-26T10:44:01.682-0300] {logging_mixin.py:190} INFO - [2025-01-26T10:44:01.682-0300] {dagbag.py:588} INFO - Filling up the DagBag from /mnt/c/Users/ander/Desktop/airflow-spark/airflow-spark/curso2/ambientX/lib/python3.9/site-packages/airflow/example_dags/example_setup_teardown.py
[2025-01-26T10:44:01.710-0300] {processor.py:925} INFO - DAG(s) 'example_setup_teardown' retrieved from /mnt/c/Users/ander/Desktop/airflow-spark/airflow-spark/curso2/ambientX/lib/python3.9/site-packages/airflow/example_dags/example_setup_teardown.py
[2025-01-26T10:44:01.752-0300] {logging_mixin.py:190} INFO - [2025-01-26T10:44:01.752-0300] {dag.py:3239} INFO - Sync 1 DAGs
[2025-01-26T10:44:01.772-0300] {logging_mixin.py:190} INFO - [2025-01-26T10:44:01.772-0300] {dag.py:4180} INFO - Setting next_dagrun for example_setup_teardown to None, run_after=None
[2025-01-26T10:44:02.040-0300] {processor.py:208} INFO - Processing /mnt/c/Users/ander/Desktop/airflow-spark/airflow-spark/curso2/ambientX/lib/python3.9/site-packages/airflow/example_dags/example_setup_teardown.py took 0.379 seconds
[2025-01-26T10:45:55.826-0300] {processor.py:186} INFO - Started process (PID=9929) to work on /mnt/c/Users/ander/Desktop/airflow-spark/airflow-spark/curso2/ambientX/lib/python3.9/site-packages/airflow/example_dags/example_setup_teardown.py
[2025-01-26T10:45:55.827-0300] {processor.py:914} INFO - Processing file /mnt/c/Users/ander/Desktop/airflow-spark/airflow-spark/curso2/ambientX/lib/python3.9/site-packages/airflow/example_dags/example_setup_teardown.py for tasks to queue
[2025-01-26T10:45:55.829-0300] {logging_mixin.py:190} INFO - [2025-01-26T10:45:55.829-0300] {dagbag.py:588} INFO - Filling up the DagBag from /mnt/c/Users/ander/Desktop/airflow-spark/airflow-spark/curso2/ambientX/lib/python3.9/site-packages/airflow/example_dags/example_setup_teardown.py
[2025-01-26T10:45:55.856-0300] {processor.py:925} INFO - DAG(s) 'example_setup_teardown' retrieved from /mnt/c/Users/ander/Desktop/airflow-spark/airflow-spark/curso2/ambientX/lib/python3.9/site-packages/airflow/example_dags/example_setup_teardown.py
[2025-01-26T10:45:55.898-0300] {logging_mixin.py:190} INFO - [2025-01-26T10:45:55.898-0300] {dag.py:3239} INFO - Sync 1 DAGs
[2025-01-26T10:45:55.918-0300] {logging_mixin.py:190} INFO - [2025-01-26T10:45:55.918-0300] {dag.py:4180} INFO - Setting next_dagrun for example_setup_teardown to None, run_after=None
[2025-01-26T10:45:55.989-0300] {processor.py:208} INFO - Processing /mnt/c/Users/ander/Desktop/airflow-spark/airflow-spark/curso2/ambientX/lib/python3.9/site-packages/airflow/example_dags/example_setup_teardown.py took 0.182 seconds
[2025-01-26T10:47:38.016-0300] {processor.py:186} INFO - Started process (PID=10404) to work on /mnt/c/Users/ander/Desktop/airflow-spark/airflow-spark/curso2/ambientX/lib/python3.9/site-packages/airflow/example_dags/example_setup_teardown.py
[2025-01-26T10:47:38.019-0300] {processor.py:914} INFO - Processing file /mnt/c/Users/ander/Desktop/airflow-spark/airflow-spark/curso2/ambientX/lib/python3.9/site-packages/airflow/example_dags/example_setup_teardown.py for tasks to queue
[2025-01-26T10:47:38.026-0300] {logging_mixin.py:190} INFO - [2025-01-26T10:47:38.022-0300] {dagbag.py:588} INFO - Filling up the DagBag from /mnt/c/Users/ander/Desktop/airflow-spark/airflow-spark/curso2/ambientX/lib/python3.9/site-packages/airflow/example_dags/example_setup_teardown.py
[2025-01-26T10:47:38.060-0300] {processor.py:925} INFO - DAG(s) 'example_setup_teardown' retrieved from /mnt/c/Users/ander/Desktop/airflow-spark/airflow-spark/curso2/ambientX/lib/python3.9/site-packages/airflow/example_dags/example_setup_teardown.py
[2025-01-26T10:47:38.108-0300] {logging_mixin.py:190} INFO - [2025-01-26T10:47:38.107-0300] {dag.py:3239} INFO - Sync 1 DAGs
[2025-01-26T10:47:38.137-0300] {logging_mixin.py:190} INFO - [2025-01-26T10:47:38.137-0300] {dag.py:4180} INFO - Setting next_dagrun for example_setup_teardown to None, run_after=None
[2025-01-26T10:47:38.266-0300] {processor.py:208} INFO - Processing /mnt/c/Users/ander/Desktop/airflow-spark/airflow-spark/curso2/ambientX/lib/python3.9/site-packages/airflow/example_dags/example_setup_teardown.py took 0.270 seconds
[2025-01-26T10:49:31.546-0300] {processor.py:186} INFO - Started process (PID=10908) to work on /mnt/c/Users/ander/Desktop/airflow-spark/airflow-spark/curso2/ambientX/lib/python3.9/site-packages/airflow/example_dags/example_setup_teardown.py
[2025-01-26T10:49:31.549-0300] {processor.py:914} INFO - Processing file /mnt/c/Users/ander/Desktop/airflow-spark/airflow-spark/curso2/ambientX/lib/python3.9/site-packages/airflow/example_dags/example_setup_teardown.py for tasks to queue
[2025-01-26T10:49:31.552-0300] {logging_mixin.py:190} INFO - [2025-01-26T10:49:31.551-0300] {dagbag.py:588} INFO - Filling up the DagBag from /mnt/c/Users/ander/Desktop/airflow-spark/airflow-spark/curso2/ambientX/lib/python3.9/site-packages/airflow/example_dags/example_setup_teardown.py
[2025-01-26T10:49:31.585-0300] {processor.py:925} INFO - DAG(s) 'example_setup_teardown' retrieved from /mnt/c/Users/ander/Desktop/airflow-spark/airflow-spark/curso2/ambientX/lib/python3.9/site-packages/airflow/example_dags/example_setup_teardown.py
[2025-01-26T10:49:31.630-0300] {logging_mixin.py:190} INFO - [2025-01-26T10:49:31.630-0300] {dag.py:3239} INFO - Sync 1 DAGs
[2025-01-26T10:49:31.655-0300] {logging_mixin.py:190} INFO - [2025-01-26T10:49:31.654-0300] {dag.py:4180} INFO - Setting next_dagrun for example_setup_teardown to None, run_after=None
[2025-01-26T10:49:31.737-0300] {processor.py:208} INFO - Processing /mnt/c/Users/ander/Desktop/airflow-spark/airflow-spark/curso2/ambientX/lib/python3.9/site-packages/airflow/example_dags/example_setup_teardown.py took 0.210 seconds
[2025-01-26T10:51:18.818-0300] {processor.py:186} INFO - Started process (PID=11334) to work on /mnt/c/Users/ander/Desktop/airflow-spark/airflow-spark/curso2/ambientX/lib/python3.9/site-packages/airflow/example_dags/example_setup_teardown.py
[2025-01-26T10:51:18.821-0300] {processor.py:914} INFO - Processing file /mnt/c/Users/ander/Desktop/airflow-spark/airflow-spark/curso2/ambientX/lib/python3.9/site-packages/airflow/example_dags/example_setup_teardown.py for tasks to queue
[2025-01-26T10:51:18.824-0300] {logging_mixin.py:190} INFO - [2025-01-26T10:51:18.824-0300] {dagbag.py:588} INFO - Filling up the DagBag from /mnt/c/Users/ander/Desktop/airflow-spark/airflow-spark/curso2/ambientX/lib/python3.9/site-packages/airflow/example_dags/example_setup_teardown.py
[2025-01-26T10:51:18.855-0300] {processor.py:925} INFO - DAG(s) 'example_setup_teardown' retrieved from /mnt/c/Users/ander/Desktop/airflow-spark/airflow-spark/curso2/ambientX/lib/python3.9/site-packages/airflow/example_dags/example_setup_teardown.py
[2025-01-26T10:51:18.898-0300] {logging_mixin.py:190} INFO - [2025-01-26T10:51:18.898-0300] {dag.py:3239} INFO - Sync 1 DAGs
[2025-01-26T10:51:18.922-0300] {logging_mixin.py:190} INFO - [2025-01-26T10:51:18.922-0300] {dag.py:4180} INFO - Setting next_dagrun for example_setup_teardown to None, run_after=None
[2025-01-26T10:51:19.013-0300] {processor.py:208} INFO - Processing /mnt/c/Users/ander/Desktop/airflow-spark/airflow-spark/curso2/ambientX/lib/python3.9/site-packages/airflow/example_dags/example_setup_teardown.py took 0.215 seconds
[2025-01-26T10:53:10.282-0300] {processor.py:186} INFO - Started process (PID=11850) to work on /mnt/c/Users/ander/Desktop/airflow-spark/airflow-spark/curso2/ambientX/lib/python3.9/site-packages/airflow/example_dags/example_setup_teardown.py
[2025-01-26T10:53:10.283-0300] {processor.py:914} INFO - Processing file /mnt/c/Users/ander/Desktop/airflow-spark/airflow-spark/curso2/ambientX/lib/python3.9/site-packages/airflow/example_dags/example_setup_teardown.py for tasks to queue
[2025-01-26T10:53:10.285-0300] {logging_mixin.py:190} INFO - [2025-01-26T10:53:10.285-0300] {dagbag.py:588} INFO - Filling up the DagBag from /mnt/c/Users/ander/Desktop/airflow-spark/airflow-spark/curso2/ambientX/lib/python3.9/site-packages/airflow/example_dags/example_setup_teardown.py
[2025-01-26T10:53:10.313-0300] {processor.py:925} INFO - DAG(s) 'example_setup_teardown' retrieved from /mnt/c/Users/ander/Desktop/airflow-spark/airflow-spark/curso2/ambientX/lib/python3.9/site-packages/airflow/example_dags/example_setup_teardown.py
[2025-01-26T10:53:10.353-0300] {logging_mixin.py:190} INFO - [2025-01-26T10:53:10.353-0300] {dag.py:3239} INFO - Sync 1 DAGs
[2025-01-26T10:53:10.378-0300] {logging_mixin.py:190} INFO - [2025-01-26T10:53:10.378-0300] {dag.py:4180} INFO - Setting next_dagrun for example_setup_teardown to None, run_after=None
[2025-01-26T10:53:10.470-0300] {processor.py:208} INFO - Processing /mnt/c/Users/ander/Desktop/airflow-spark/airflow-spark/curso2/ambientX/lib/python3.9/site-packages/airflow/example_dags/example_setup_teardown.py took 0.207 seconds
[2025-01-26T10:55:02.436-0300] {processor.py:186} INFO - Started process (PID=12313) to work on /mnt/c/Users/ander/Desktop/airflow-spark/airflow-spark/curso2/ambientX/lib/python3.9/site-packages/airflow/example_dags/example_setup_teardown.py
[2025-01-26T10:55:02.438-0300] {processor.py:914} INFO - Processing file /mnt/c/Users/ander/Desktop/airflow-spark/airflow-spark/curso2/ambientX/lib/python3.9/site-packages/airflow/example_dags/example_setup_teardown.py for tasks to queue
[2025-01-26T10:55:02.440-0300] {logging_mixin.py:190} INFO - [2025-01-26T10:55:02.440-0300] {dagbag.py:588} INFO - Filling up the DagBag from /mnt/c/Users/ander/Desktop/airflow-spark/airflow-spark/curso2/ambientX/lib/python3.9/site-packages/airflow/example_dags/example_setup_teardown.py
[2025-01-26T10:55:02.467-0300] {processor.py:925} INFO - DAG(s) 'example_setup_teardown' retrieved from /mnt/c/Users/ander/Desktop/airflow-spark/airflow-spark/curso2/ambientX/lib/python3.9/site-packages/airflow/example_dags/example_setup_teardown.py
[2025-01-26T10:55:02.506-0300] {logging_mixin.py:190} INFO - [2025-01-26T10:55:02.506-0300] {dag.py:3239} INFO - Sync 1 DAGs
[2025-01-26T10:55:02.528-0300] {logging_mixin.py:190} INFO - [2025-01-26T10:55:02.527-0300] {dag.py:4180} INFO - Setting next_dagrun for example_setup_teardown to None, run_after=None
[2025-01-26T10:55:02.632-0300] {processor.py:208} INFO - Processing /mnt/c/Users/ander/Desktop/airflow-spark/airflow-spark/curso2/ambientX/lib/python3.9/site-packages/airflow/example_dags/example_setup_teardown.py took 0.213 seconds
[2025-01-26T10:56:48.494-0300] {processor.py:186} INFO - Started process (PID=12756) to work on /mnt/c/Users/ander/Desktop/airflow-spark/airflow-spark/curso2/ambientX/lib/python3.9/site-packages/airflow/example_dags/example_setup_teardown.py
[2025-01-26T10:56:48.497-0300] {processor.py:914} INFO - Processing file /mnt/c/Users/ander/Desktop/airflow-spark/airflow-spark/curso2/ambientX/lib/python3.9/site-packages/airflow/example_dags/example_setup_teardown.py for tasks to queue
[2025-01-26T10:56:48.500-0300] {logging_mixin.py:190} INFO - [2025-01-26T10:56:48.500-0300] {dagbag.py:588} INFO - Filling up the DagBag from /mnt/c/Users/ander/Desktop/airflow-spark/airflow-spark/curso2/ambientX/lib/python3.9/site-packages/airflow/example_dags/example_setup_teardown.py
[2025-01-26T10:56:48.539-0300] {processor.py:925} INFO - DAG(s) 'example_setup_teardown' retrieved from /mnt/c/Users/ander/Desktop/airflow-spark/airflow-spark/curso2/ambientX/lib/python3.9/site-packages/airflow/example_dags/example_setup_teardown.py
[2025-01-26T10:56:48.586-0300] {logging_mixin.py:190} INFO - [2025-01-26T10:56:48.585-0300] {dag.py:3239} INFO - Sync 1 DAGs
[2025-01-26T10:56:48.614-0300] {logging_mixin.py:190} INFO - [2025-01-26T10:56:48.614-0300] {dag.py:4180} INFO - Setting next_dagrun for example_setup_teardown to None, run_after=None
[2025-01-26T10:56:48.705-0300] {processor.py:208} INFO - Processing /mnt/c/Users/ander/Desktop/airflow-spark/airflow-spark/curso2/ambientX/lib/python3.9/site-packages/airflow/example_dags/example_setup_teardown.py took 0.237 seconds
[2025-01-26T10:58:44.325-0300] {processor.py:186} INFO - Started process (PID=13319) to work on /mnt/c/Users/ander/Desktop/airflow-spark/airflow-spark/curso2/ambientX/lib/python3.9/site-packages/airflow/example_dags/example_setup_teardown.py
[2025-01-26T10:58:44.333-0300] {processor.py:914} INFO - Processing file /mnt/c/Users/ander/Desktop/airflow-spark/airflow-spark/curso2/ambientX/lib/python3.9/site-packages/airflow/example_dags/example_setup_teardown.py for tasks to queue
[2025-01-26T10:58:44.336-0300] {logging_mixin.py:190} INFO - [2025-01-26T10:58:44.335-0300] {dagbag.py:588} INFO - Filling up the DagBag from /mnt/c/Users/ander/Desktop/airflow-spark/airflow-spark/curso2/ambientX/lib/python3.9/site-packages/airflow/example_dags/example_setup_teardown.py
[2025-01-26T10:58:44.475-0300] {processor.py:925} INFO - DAG(s) 'example_setup_teardown' retrieved from /mnt/c/Users/ander/Desktop/airflow-spark/airflow-spark/curso2/ambientX/lib/python3.9/site-packages/airflow/example_dags/example_setup_teardown.py
[2025-01-26T10:58:44.547-0300] {logging_mixin.py:190} INFO - [2025-01-26T10:58:44.547-0300] {dag.py:3239} INFO - Sync 1 DAGs
[2025-01-26T10:58:44.578-0300] {logging_mixin.py:190} INFO - [2025-01-26T10:58:44.577-0300] {dag.py:4180} INFO - Setting next_dagrun for example_setup_teardown to None, run_after=None
[2025-01-26T10:58:44.690-0300] {processor.py:208} INFO - Processing /mnt/c/Users/ander/Desktop/airflow-spark/airflow-spark/curso2/ambientX/lib/python3.9/site-packages/airflow/example_dags/example_setup_teardown.py took 0.483 seconds
[2025-01-26T11:00:40.610-0300] {processor.py:186} INFO - Started process (PID=13847) to work on /mnt/c/Users/ander/Desktop/airflow-spark/airflow-spark/curso2/ambientX/lib/python3.9/site-packages/airflow/example_dags/example_setup_teardown.py
[2025-01-26T11:00:40.612-0300] {processor.py:914} INFO - Processing file /mnt/c/Users/ander/Desktop/airflow-spark/airflow-spark/curso2/ambientX/lib/python3.9/site-packages/airflow/example_dags/example_setup_teardown.py for tasks to queue
[2025-01-26T11:00:40.614-0300] {logging_mixin.py:190} INFO - [2025-01-26T11:00:40.613-0300] {dagbag.py:588} INFO - Filling up the DagBag from /mnt/c/Users/ander/Desktop/airflow-spark/airflow-spark/curso2/ambientX/lib/python3.9/site-packages/airflow/example_dags/example_setup_teardown.py
[2025-01-26T11:00:40.642-0300] {processor.py:925} INFO - DAG(s) 'example_setup_teardown' retrieved from /mnt/c/Users/ander/Desktop/airflow-spark/airflow-spark/curso2/ambientX/lib/python3.9/site-packages/airflow/example_dags/example_setup_teardown.py
[2025-01-26T11:00:40.682-0300] {logging_mixin.py:190} INFO - [2025-01-26T11:00:40.682-0300] {dag.py:3239} INFO - Sync 1 DAGs
[2025-01-26T11:00:40.703-0300] {logging_mixin.py:190} INFO - [2025-01-26T11:00:40.703-0300] {dag.py:4180} INFO - Setting next_dagrun for example_setup_teardown to None, run_after=None
[2025-01-26T11:00:40.778-0300] {processor.py:208} INFO - Processing /mnt/c/Users/ander/Desktop/airflow-spark/airflow-spark/curso2/ambientX/lib/python3.9/site-packages/airflow/example_dags/example_setup_teardown.py took 0.186 seconds
[2025-01-26T11:02:34.325-0300] {processor.py:186} INFO - Started process (PID=14399) to work on /mnt/c/Users/ander/Desktop/airflow-spark/airflow-spark/curso2/ambientX/lib/python3.9/site-packages/airflow/example_dags/example_setup_teardown.py
[2025-01-26T11:02:34.326-0300] {processor.py:914} INFO - Processing file /mnt/c/Users/ander/Desktop/airflow-spark/airflow-spark/curso2/ambientX/lib/python3.9/site-packages/airflow/example_dags/example_setup_teardown.py for tasks to queue
[2025-01-26T11:02:34.329-0300] {logging_mixin.py:190} INFO - [2025-01-26T11:02:34.328-0300] {dagbag.py:588} INFO - Filling up the DagBag from /mnt/c/Users/ander/Desktop/airflow-spark/airflow-spark/curso2/ambientX/lib/python3.9/site-packages/airflow/example_dags/example_setup_teardown.py
[2025-01-26T11:02:34.362-0300] {processor.py:925} INFO - DAG(s) 'example_setup_teardown' retrieved from /mnt/c/Users/ander/Desktop/airflow-spark/airflow-spark/curso2/ambientX/lib/python3.9/site-packages/airflow/example_dags/example_setup_teardown.py
[2025-01-26T11:02:34.415-0300] {logging_mixin.py:190} INFO - [2025-01-26T11:02:34.414-0300] {dag.py:3239} INFO - Sync 1 DAGs
[2025-01-26T11:02:34.437-0300] {logging_mixin.py:190} INFO - [2025-01-26T11:02:34.436-0300] {dag.py:4180} INFO - Setting next_dagrun for example_setup_teardown to None, run_after=None
[2025-01-26T11:02:34.518-0300] {processor.py:208} INFO - Processing /mnt/c/Users/ander/Desktop/airflow-spark/airflow-spark/curso2/ambientX/lib/python3.9/site-packages/airflow/example_dags/example_setup_teardown.py took 0.215 seconds
[2025-01-26T11:04:27.278-0300] {processor.py:186} INFO - Started process (PID=15308) to work on /mnt/c/Users/ander/Desktop/airflow-spark/airflow-spark/curso2/ambientX/lib/python3.9/site-packages/airflow/example_dags/example_setup_teardown.py
[2025-01-26T11:04:27.279-0300] {processor.py:914} INFO - Processing file /mnt/c/Users/ander/Desktop/airflow-spark/airflow-spark/curso2/ambientX/lib/python3.9/site-packages/airflow/example_dags/example_setup_teardown.py for tasks to queue
[2025-01-26T11:04:27.281-0300] {logging_mixin.py:190} INFO - [2025-01-26T11:04:27.281-0300] {dagbag.py:588} INFO - Filling up the DagBag from /mnt/c/Users/ander/Desktop/airflow-spark/airflow-spark/curso2/ambientX/lib/python3.9/site-packages/airflow/example_dags/example_setup_teardown.py
[2025-01-26T11:04:27.315-0300] {processor.py:925} INFO - DAG(s) 'example_setup_teardown' retrieved from /mnt/c/Users/ander/Desktop/airflow-spark/airflow-spark/curso2/ambientX/lib/python3.9/site-packages/airflow/example_dags/example_setup_teardown.py
[2025-01-26T11:04:27.357-0300] {logging_mixin.py:190} INFO - [2025-01-26T11:04:27.357-0300] {dag.py:3239} INFO - Sync 1 DAGs
[2025-01-26T11:04:27.379-0300] {logging_mixin.py:190} INFO - [2025-01-26T11:04:27.379-0300] {dag.py:4180} INFO - Setting next_dagrun for example_setup_teardown to None, run_after=None
[2025-01-26T11:04:27.446-0300] {processor.py:208} INFO - Processing /mnt/c/Users/ander/Desktop/airflow-spark/airflow-spark/curso2/ambientX/lib/python3.9/site-packages/airflow/example_dags/example_setup_teardown.py took 0.187 seconds
[2025-01-26T11:06:04.636-0300] {processor.py:186} INFO - Started process (PID=15744) to work on /mnt/c/Users/ander/Desktop/airflow-spark/airflow-spark/curso2/ambientX/lib/python3.9/site-packages/airflow/example_dags/example_setup_teardown.py
[2025-01-26T11:06:04.637-0300] {processor.py:914} INFO - Processing file /mnt/c/Users/ander/Desktop/airflow-spark/airflow-spark/curso2/ambientX/lib/python3.9/site-packages/airflow/example_dags/example_setup_teardown.py for tasks to queue
[2025-01-26T11:06:04.639-0300] {logging_mixin.py:190} INFO - [2025-01-26T11:06:04.639-0300] {dagbag.py:588} INFO - Filling up the DagBag from /mnt/c/Users/ander/Desktop/airflow-spark/airflow-spark/curso2/ambientX/lib/python3.9/site-packages/airflow/example_dags/example_setup_teardown.py
[2025-01-26T11:06:04.667-0300] {processor.py:925} INFO - DAG(s) 'example_setup_teardown' retrieved from /mnt/c/Users/ander/Desktop/airflow-spark/airflow-spark/curso2/ambientX/lib/python3.9/site-packages/airflow/example_dags/example_setup_teardown.py
[2025-01-26T11:06:04.710-0300] {logging_mixin.py:190} INFO - [2025-01-26T11:06:04.710-0300] {dag.py:3239} INFO - Sync 1 DAGs
[2025-01-26T11:06:04.732-0300] {logging_mixin.py:190} INFO - [2025-01-26T11:06:04.731-0300] {dag.py:4180} INFO - Setting next_dagrun for example_setup_teardown to None, run_after=None
[2025-01-26T11:06:04.791-0300] {processor.py:208} INFO - Processing /mnt/c/Users/ander/Desktop/airflow-spark/airflow-spark/curso2/ambientX/lib/python3.9/site-packages/airflow/example_dags/example_setup_teardown.py took 0.173 seconds
[2025-01-26T11:07:45.854-0300] {processor.py:186} INFO - Started process (PID=16116) to work on /mnt/c/Users/ander/Desktop/airflow-spark/airflow-spark/curso2/ambientX/lib/python3.9/site-packages/airflow/example_dags/example_setup_teardown.py
[2025-01-26T11:07:45.856-0300] {processor.py:914} INFO - Processing file /mnt/c/Users/ander/Desktop/airflow-spark/airflow-spark/curso2/ambientX/lib/python3.9/site-packages/airflow/example_dags/example_setup_teardown.py for tasks to queue
[2025-01-26T11:07:45.858-0300] {logging_mixin.py:190} INFO - [2025-01-26T11:07:45.857-0300] {dagbag.py:588} INFO - Filling up the DagBag from /mnt/c/Users/ander/Desktop/airflow-spark/airflow-spark/curso2/ambientX/lib/python3.9/site-packages/airflow/example_dags/example_setup_teardown.py
[2025-01-26T11:07:45.891-0300] {processor.py:925} INFO - DAG(s) 'example_setup_teardown' retrieved from /mnt/c/Users/ander/Desktop/airflow-spark/airflow-spark/curso2/ambientX/lib/python3.9/site-packages/airflow/example_dags/example_setup_teardown.py
[2025-01-26T11:07:45.931-0300] {logging_mixin.py:190} INFO - [2025-01-26T11:07:45.930-0300] {dag.py:3239} INFO - Sync 1 DAGs
[2025-01-26T11:07:45.949-0300] {logging_mixin.py:190} INFO - [2025-01-26T11:07:45.949-0300] {dag.py:4180} INFO - Setting next_dagrun for example_setup_teardown to None, run_after=None
[2025-01-26T11:07:46.001-0300] {processor.py:208} INFO - Processing /mnt/c/Users/ander/Desktop/airflow-spark/airflow-spark/curso2/ambientX/lib/python3.9/site-packages/airflow/example_dags/example_setup_teardown.py took 0.165 seconds
[2025-01-26T11:09:29.061-0300] {processor.py:186} INFO - Started process (PID=16626) to work on /mnt/c/Users/ander/Desktop/airflow-spark/airflow-spark/curso2/ambientX/lib/python3.9/site-packages/airflow/example_dags/example_setup_teardown.py
[2025-01-26T11:09:29.062-0300] {processor.py:914} INFO - Processing file /mnt/c/Users/ander/Desktop/airflow-spark/airflow-spark/curso2/ambientX/lib/python3.9/site-packages/airflow/example_dags/example_setup_teardown.py for tasks to queue
[2025-01-26T11:09:29.064-0300] {logging_mixin.py:190} INFO - [2025-01-26T11:09:29.064-0300] {dagbag.py:588} INFO - Filling up the DagBag from /mnt/c/Users/ander/Desktop/airflow-spark/airflow-spark/curso2/ambientX/lib/python3.9/site-packages/airflow/example_dags/example_setup_teardown.py
[2025-01-26T11:09:29.092-0300] {processor.py:925} INFO - DAG(s) 'example_setup_teardown' retrieved from /mnt/c/Users/ander/Desktop/airflow-spark/airflow-spark/curso2/ambientX/lib/python3.9/site-packages/airflow/example_dags/example_setup_teardown.py
[2025-01-26T11:09:29.131-0300] {logging_mixin.py:190} INFO - [2025-01-26T11:09:29.131-0300] {dag.py:3239} INFO - Sync 1 DAGs
[2025-01-26T11:09:29.151-0300] {logging_mixin.py:190} INFO - [2025-01-26T11:09:29.151-0300] {dag.py:4180} INFO - Setting next_dagrun for example_setup_teardown to None, run_after=None
[2025-01-26T11:09:29.215-0300] {processor.py:208} INFO - Processing /mnt/c/Users/ander/Desktop/airflow-spark/airflow-spark/curso2/ambientX/lib/python3.9/site-packages/airflow/example_dags/example_setup_teardown.py took 0.172 seconds
[2025-01-26T11:11:31.007-0300] {processor.py:186} INFO - Started process (PID=17111) to work on /mnt/c/Users/ander/Desktop/airflow-spark/airflow-spark/curso2/ambientX/lib/python3.9/site-packages/airflow/example_dags/example_setup_teardown.py
[2025-01-26T11:11:31.012-0300] {processor.py:914} INFO - Processing file /mnt/c/Users/ander/Desktop/airflow-spark/airflow-spark/curso2/ambientX/lib/python3.9/site-packages/airflow/example_dags/example_setup_teardown.py for tasks to queue
[2025-01-26T11:11:31.015-0300] {logging_mixin.py:190} INFO - [2025-01-26T11:11:31.014-0300] {dagbag.py:588} INFO - Filling up the DagBag from /mnt/c/Users/ander/Desktop/airflow-spark/airflow-spark/curso2/ambientX/lib/python3.9/site-packages/airflow/example_dags/example_setup_teardown.py
[2025-01-26T11:11:31.076-0300] {processor.py:925} INFO - DAG(s) 'example_setup_teardown' retrieved from /mnt/c/Users/ander/Desktop/airflow-spark/airflow-spark/curso2/ambientX/lib/python3.9/site-packages/airflow/example_dags/example_setup_teardown.py
[2025-01-26T11:11:31.213-0300] {logging_mixin.py:190} INFO - [2025-01-26T11:11:31.212-0300] {dag.py:3239} INFO - Sync 1 DAGs
[2025-01-26T11:11:31.242-0300] {logging_mixin.py:190} INFO - [2025-01-26T11:11:31.242-0300] {dag.py:4180} INFO - Setting next_dagrun for example_setup_teardown to None, run_after=None
[2025-01-26T11:11:31.896-0300] {processor.py:208} INFO - Processing /mnt/c/Users/ander/Desktop/airflow-spark/airflow-spark/curso2/ambientX/lib/python3.9/site-packages/airflow/example_dags/example_setup_teardown.py took 0.908 seconds
[2025-01-26T11:13:05.300-0300] {processor.py:186} INFO - Started process (PID=17508) to work on /mnt/c/Users/ander/Desktop/airflow-spark/airflow-spark/curso2/ambientX/lib/python3.9/site-packages/airflow/example_dags/example_setup_teardown.py
[2025-01-26T11:13:05.302-0300] {processor.py:914} INFO - Processing file /mnt/c/Users/ander/Desktop/airflow-spark/airflow-spark/curso2/ambientX/lib/python3.9/site-packages/airflow/example_dags/example_setup_teardown.py for tasks to queue
[2025-01-26T11:13:05.304-0300] {logging_mixin.py:190} INFO - [2025-01-26T11:13:05.304-0300] {dagbag.py:588} INFO - Filling up the DagBag from /mnt/c/Users/ander/Desktop/airflow-spark/airflow-spark/curso2/ambientX/lib/python3.9/site-packages/airflow/example_dags/example_setup_teardown.py
[2025-01-26T11:13:05.329-0300] {processor.py:925} INFO - DAG(s) 'example_setup_teardown' retrieved from /mnt/c/Users/ander/Desktop/airflow-spark/airflow-spark/curso2/ambientX/lib/python3.9/site-packages/airflow/example_dags/example_setup_teardown.py
[2025-01-26T11:13:05.364-0300] {logging_mixin.py:190} INFO - [2025-01-26T11:13:05.364-0300] {dag.py:3239} INFO - Sync 1 DAGs
[2025-01-26T11:13:05.386-0300] {logging_mixin.py:190} INFO - [2025-01-26T11:13:05.385-0300] {dag.py:4180} INFO - Setting next_dagrun for example_setup_teardown to None, run_after=None
[2025-01-26T11:13:05.465-0300] {processor.py:208} INFO - Processing /mnt/c/Users/ander/Desktop/airflow-spark/airflow-spark/curso2/ambientX/lib/python3.9/site-packages/airflow/example_dags/example_setup_teardown.py took 0.184 seconds
[2025-01-26T11:15:00.003-0300] {processor.py:186} INFO - Started process (PID=18133) to work on /mnt/c/Users/ander/Desktop/airflow-spark/airflow-spark/curso2/ambientX/lib/python3.9/site-packages/airflow/example_dags/example_setup_teardown.py
[2025-01-26T11:15:00.004-0300] {processor.py:914} INFO - Processing file /mnt/c/Users/ander/Desktop/airflow-spark/airflow-spark/curso2/ambientX/lib/python3.9/site-packages/airflow/example_dags/example_setup_teardown.py for tasks to queue
[2025-01-26T11:15:00.006-0300] {logging_mixin.py:190} INFO - [2025-01-26T11:15:00.006-0300] {dagbag.py:588} INFO - Filling up the DagBag from /mnt/c/Users/ander/Desktop/airflow-spark/airflow-spark/curso2/ambientX/lib/python3.9/site-packages/airflow/example_dags/example_setup_teardown.py
[2025-01-26T11:15:00.036-0300] {processor.py:925} INFO - DAG(s) 'example_setup_teardown' retrieved from /mnt/c/Users/ander/Desktop/airflow-spark/airflow-spark/curso2/ambientX/lib/python3.9/site-packages/airflow/example_dags/example_setup_teardown.py
[2025-01-26T11:15:00.078-0300] {logging_mixin.py:190} INFO - [2025-01-26T11:15:00.078-0300] {dag.py:3239} INFO - Sync 1 DAGs
[2025-01-26T11:15:00.099-0300] {logging_mixin.py:190} INFO - [2025-01-26T11:15:00.098-0300] {dag.py:4180} INFO - Setting next_dagrun for example_setup_teardown to None, run_after=None
[2025-01-26T11:15:01.225-0300] {processor.py:208} INFO - Processing /mnt/c/Users/ander/Desktop/airflow-spark/airflow-spark/curso2/ambientX/lib/python3.9/site-packages/airflow/example_dags/example_setup_teardown.py took 1.239 seconds
[2025-01-26T11:16:54.823-0300] {processor.py:186} INFO - Started process (PID=18591) to work on /mnt/c/Users/ander/Desktop/airflow-spark/airflow-spark/curso2/ambientX/lib/python3.9/site-packages/airflow/example_dags/example_setup_teardown.py
[2025-01-26T11:16:54.824-0300] {processor.py:914} INFO - Processing file /mnt/c/Users/ander/Desktop/airflow-spark/airflow-spark/curso2/ambientX/lib/python3.9/site-packages/airflow/example_dags/example_setup_teardown.py for tasks to queue
[2025-01-26T11:16:54.826-0300] {logging_mixin.py:190} INFO - [2025-01-26T11:16:54.826-0300] {dagbag.py:588} INFO - Filling up the DagBag from /mnt/c/Users/ander/Desktop/airflow-spark/airflow-spark/curso2/ambientX/lib/python3.9/site-packages/airflow/example_dags/example_setup_teardown.py
[2025-01-26T11:16:54.858-0300] {processor.py:925} INFO - DAG(s) 'example_setup_teardown' retrieved from /mnt/c/Users/ander/Desktop/airflow-spark/airflow-spark/curso2/ambientX/lib/python3.9/site-packages/airflow/example_dags/example_setup_teardown.py
[2025-01-26T11:16:54.898-0300] {logging_mixin.py:190} INFO - [2025-01-26T11:16:54.898-0300] {dag.py:3239} INFO - Sync 1 DAGs
[2025-01-26T11:16:54.920-0300] {logging_mixin.py:190} INFO - [2025-01-26T11:16:54.919-0300] {dag.py:4180} INFO - Setting next_dagrun for example_setup_teardown to None, run_after=None
[2025-01-26T11:16:54.996-0300] {processor.py:208} INFO - Processing /mnt/c/Users/ander/Desktop/airflow-spark/airflow-spark/curso2/ambientX/lib/python3.9/site-packages/airflow/example_dags/example_setup_teardown.py took 0.191 seconds
[2025-01-26T11:18:32.410-0300] {processor.py:186} INFO - Started process (PID=19070) to work on /mnt/c/Users/ander/Desktop/airflow-spark/airflow-spark/curso2/ambientX/lib/python3.9/site-packages/airflow/example_dags/example_setup_teardown.py
[2025-01-26T11:18:32.412-0300] {processor.py:914} INFO - Processing file /mnt/c/Users/ander/Desktop/airflow-spark/airflow-spark/curso2/ambientX/lib/python3.9/site-packages/airflow/example_dags/example_setup_teardown.py for tasks to queue
[2025-01-26T11:18:32.414-0300] {logging_mixin.py:190} INFO - [2025-01-26T11:18:32.414-0300] {dagbag.py:588} INFO - Filling up the DagBag from /mnt/c/Users/ander/Desktop/airflow-spark/airflow-spark/curso2/ambientX/lib/python3.9/site-packages/airflow/example_dags/example_setup_teardown.py
[2025-01-26T11:18:32.441-0300] {processor.py:925} INFO - DAG(s) 'example_setup_teardown' retrieved from /mnt/c/Users/ander/Desktop/airflow-spark/airflow-spark/curso2/ambientX/lib/python3.9/site-packages/airflow/example_dags/example_setup_teardown.py
[2025-01-26T11:18:32.486-0300] {logging_mixin.py:190} INFO - [2025-01-26T11:18:32.486-0300] {dag.py:3239} INFO - Sync 1 DAGs
[2025-01-26T11:18:32.507-0300] {logging_mixin.py:190} INFO - [2025-01-26T11:18:32.507-0300] {dag.py:4180} INFO - Setting next_dagrun for example_setup_teardown to None, run_after=None
[2025-01-26T11:18:33.111-0300] {processor.py:208} INFO - Processing /mnt/c/Users/ander/Desktop/airflow-spark/airflow-spark/curso2/ambientX/lib/python3.9/site-packages/airflow/example_dags/example_setup_teardown.py took 0.719 seconds
[2025-01-26T11:20:12.402-0300] {processor.py:186} INFO - Started process (PID=19543) to work on /mnt/c/Users/ander/Desktop/airflow-spark/airflow-spark/curso2/ambientX/lib/python3.9/site-packages/airflow/example_dags/example_setup_teardown.py
[2025-01-26T11:20:12.403-0300] {processor.py:914} INFO - Processing file /mnt/c/Users/ander/Desktop/airflow-spark/airflow-spark/curso2/ambientX/lib/python3.9/site-packages/airflow/example_dags/example_setup_teardown.py for tasks to queue
[2025-01-26T11:20:12.405-0300] {logging_mixin.py:190} INFO - [2025-01-26T11:20:12.405-0300] {dagbag.py:588} INFO - Filling up the DagBag from /mnt/c/Users/ander/Desktop/airflow-spark/airflow-spark/curso2/ambientX/lib/python3.9/site-packages/airflow/example_dags/example_setup_teardown.py
[2025-01-26T11:20:12.433-0300] {processor.py:925} INFO - DAG(s) 'example_setup_teardown' retrieved from /mnt/c/Users/ander/Desktop/airflow-spark/airflow-spark/curso2/ambientX/lib/python3.9/site-packages/airflow/example_dags/example_setup_teardown.py
[2025-01-26T11:20:12.474-0300] {logging_mixin.py:190} INFO - [2025-01-26T11:20:12.474-0300] {dag.py:3239} INFO - Sync 1 DAGs
[2025-01-26T11:20:12.493-0300] {logging_mixin.py:190} INFO - [2025-01-26T11:20:12.493-0300] {dag.py:4180} INFO - Setting next_dagrun for example_setup_teardown to None, run_after=None
[2025-01-26T11:20:13.014-0300] {processor.py:208} INFO - Processing /mnt/c/Users/ander/Desktop/airflow-spark/airflow-spark/curso2/ambientX/lib/python3.9/site-packages/airflow/example_dags/example_setup_teardown.py took 0.630 seconds
[2025-01-26T11:22:11.216-0300] {processor.py:186} INFO - Started process (PID=20009) to work on /mnt/c/Users/ander/Desktop/airflow-spark/airflow-spark/curso2/ambientX/lib/python3.9/site-packages/airflow/example_dags/example_setup_teardown.py
[2025-01-26T11:22:11.246-0300] {processor.py:914} INFO - Processing file /mnt/c/Users/ander/Desktop/airflow-spark/airflow-spark/curso2/ambientX/lib/python3.9/site-packages/airflow/example_dags/example_setup_teardown.py for tasks to queue
[2025-01-26T11:22:11.248-0300] {logging_mixin.py:190} INFO - [2025-01-26T11:22:11.248-0300] {dagbag.py:588} INFO - Filling up the DagBag from /mnt/c/Users/ander/Desktop/airflow-spark/airflow-spark/curso2/ambientX/lib/python3.9/site-packages/airflow/example_dags/example_setup_teardown.py
[2025-01-26T11:22:11.275-0300] {processor.py:925} INFO - DAG(s) 'example_setup_teardown' retrieved from /mnt/c/Users/ander/Desktop/airflow-spark/airflow-spark/curso2/ambientX/lib/python3.9/site-packages/airflow/example_dags/example_setup_teardown.py
[2025-01-26T11:22:11.316-0300] {logging_mixin.py:190} INFO - [2025-01-26T11:22:11.316-0300] {dag.py:3239} INFO - Sync 1 DAGs
[2025-01-26T11:22:11.336-0300] {logging_mixin.py:190} INFO - [2025-01-26T11:22:11.336-0300] {dag.py:4180} INFO - Setting next_dagrun for example_setup_teardown to None, run_after=None
[2025-01-26T11:22:12.502-0300] {processor.py:208} INFO - Processing /mnt/c/Users/ander/Desktop/airflow-spark/airflow-spark/curso2/ambientX/lib/python3.9/site-packages/airflow/example_dags/example_setup_teardown.py took 1.303 seconds
[2025-01-26T11:23:46.561-0300] {processor.py:186} INFO - Started process (PID=20360) to work on /mnt/c/Users/ander/Desktop/airflow-spark/airflow-spark/curso2/ambientX/lib/python3.9/site-packages/airflow/example_dags/example_setup_teardown.py
[2025-01-26T11:23:46.562-0300] {processor.py:914} INFO - Processing file /mnt/c/Users/ander/Desktop/airflow-spark/airflow-spark/curso2/ambientX/lib/python3.9/site-packages/airflow/example_dags/example_setup_teardown.py for tasks to queue
[2025-01-26T11:23:46.565-0300] {logging_mixin.py:190} INFO - [2025-01-26T11:23:46.564-0300] {dagbag.py:588} INFO - Filling up the DagBag from /mnt/c/Users/ander/Desktop/airflow-spark/airflow-spark/curso2/ambientX/lib/python3.9/site-packages/airflow/example_dags/example_setup_teardown.py
[2025-01-26T11:23:46.591-0300] {processor.py:925} INFO - DAG(s) 'example_setup_teardown' retrieved from /mnt/c/Users/ander/Desktop/airflow-spark/airflow-spark/curso2/ambientX/lib/python3.9/site-packages/airflow/example_dags/example_setup_teardown.py
[2025-01-26T11:23:46.632-0300] {logging_mixin.py:190} INFO - [2025-01-26T11:23:46.632-0300] {dag.py:3239} INFO - Sync 1 DAGs
[2025-01-26T11:23:46.655-0300] {logging_mixin.py:190} INFO - [2025-01-26T11:23:46.655-0300] {dag.py:4180} INFO - Setting next_dagrun for example_setup_teardown to None, run_after=None
[2025-01-26T11:23:46.723-0300] {processor.py:208} INFO - Processing /mnt/c/Users/ander/Desktop/airflow-spark/airflow-spark/curso2/ambientX/lib/python3.9/site-packages/airflow/example_dags/example_setup_teardown.py took 0.180 seconds
[2025-01-26T11:24:56.408-0300] {processor.py:186} INFO - Started process (PID=20765) to work on /mnt/c/Users/ander/Desktop/airflow-spark/airflow-spark/curso2/ambientX/lib/python3.9/site-packages/airflow/example_dags/example_setup_teardown.py
[2025-01-26T11:24:56.409-0300] {processor.py:914} INFO - Processing file /mnt/c/Users/ander/Desktop/airflow-spark/airflow-spark/curso2/ambientX/lib/python3.9/site-packages/airflow/example_dags/example_setup_teardown.py for tasks to queue
[2025-01-26T11:24:56.411-0300] {logging_mixin.py:190} INFO - [2025-01-26T11:24:56.411-0300] {dagbag.py:588} INFO - Filling up the DagBag from /mnt/c/Users/ander/Desktop/airflow-spark/airflow-spark/curso2/ambientX/lib/python3.9/site-packages/airflow/example_dags/example_setup_teardown.py
[2025-01-26T11:24:56.438-0300] {processor.py:925} INFO - DAG(s) 'example_setup_teardown' retrieved from /mnt/c/Users/ander/Desktop/airflow-spark/airflow-spark/curso2/ambientX/lib/python3.9/site-packages/airflow/example_dags/example_setup_teardown.py
[2025-01-26T11:24:56.478-0300] {logging_mixin.py:190} INFO - [2025-01-26T11:24:56.478-0300] {dag.py:3239} INFO - Sync 1 DAGs
[2025-01-26T11:24:56.500-0300] {logging_mixin.py:190} INFO - [2025-01-26T11:24:56.500-0300] {dag.py:4180} INFO - Setting next_dagrun for example_setup_teardown to None, run_after=None
[2025-01-26T11:24:56.571-0300] {processor.py:208} INFO - Processing /mnt/c/Users/ander/Desktop/airflow-spark/airflow-spark/curso2/ambientX/lib/python3.9/site-packages/airflow/example_dags/example_setup_teardown.py took 0.181 seconds
[2025-01-26T11:26:10.101-0300] {processor.py:186} INFO - Started process (PID=21179) to work on /mnt/c/Users/ander/Desktop/airflow-spark/airflow-spark/curso2/ambientX/lib/python3.9/site-packages/airflow/example_dags/example_setup_teardown.py
[2025-01-26T11:26:10.103-0300] {processor.py:914} INFO - Processing file /mnt/c/Users/ander/Desktop/airflow-spark/airflow-spark/curso2/ambientX/lib/python3.9/site-packages/airflow/example_dags/example_setup_teardown.py for tasks to queue
[2025-01-26T11:26:10.105-0300] {logging_mixin.py:190} INFO - [2025-01-26T11:26:10.104-0300] {dagbag.py:588} INFO - Filling up the DagBag from /mnt/c/Users/ander/Desktop/airflow-spark/airflow-spark/curso2/ambientX/lib/python3.9/site-packages/airflow/example_dags/example_setup_teardown.py
[2025-01-26T11:26:10.133-0300] {processor.py:925} INFO - DAG(s) 'example_setup_teardown' retrieved from /mnt/c/Users/ander/Desktop/airflow-spark/airflow-spark/curso2/ambientX/lib/python3.9/site-packages/airflow/example_dags/example_setup_teardown.py
[2025-01-26T11:26:10.173-0300] {logging_mixin.py:190} INFO - [2025-01-26T11:26:10.172-0300] {dag.py:3239} INFO - Sync 1 DAGs
[2025-01-26T11:26:10.195-0300] {logging_mixin.py:190} INFO - [2025-01-26T11:26:10.194-0300] {dag.py:4180} INFO - Setting next_dagrun for example_setup_teardown to None, run_after=None
[2025-01-26T11:26:10.264-0300] {processor.py:208} INFO - Processing /mnt/c/Users/ander/Desktop/airflow-spark/airflow-spark/curso2/ambientX/lib/python3.9/site-packages/airflow/example_dags/example_setup_teardown.py took 0.181 seconds
[2025-01-26T11:27:23.018-0300] {processor.py:186} INFO - Started process (PID=21531) to work on /mnt/c/Users/ander/Desktop/airflow-spark/airflow-spark/curso2/ambientX/lib/python3.9/site-packages/airflow/example_dags/example_setup_teardown.py
[2025-01-26T11:27:23.020-0300] {processor.py:914} INFO - Processing file /mnt/c/Users/ander/Desktop/airflow-spark/airflow-spark/curso2/ambientX/lib/python3.9/site-packages/airflow/example_dags/example_setup_teardown.py for tasks to queue
[2025-01-26T11:27:23.022-0300] {logging_mixin.py:190} INFO - [2025-01-26T11:27:23.021-0300] {dagbag.py:588} INFO - Filling up the DagBag from /mnt/c/Users/ander/Desktop/airflow-spark/airflow-spark/curso2/ambientX/lib/python3.9/site-packages/airflow/example_dags/example_setup_teardown.py
[2025-01-26T11:27:23.048-0300] {processor.py:925} INFO - DAG(s) 'example_setup_teardown' retrieved from /mnt/c/Users/ander/Desktop/airflow-spark/airflow-spark/curso2/ambientX/lib/python3.9/site-packages/airflow/example_dags/example_setup_teardown.py
[2025-01-26T11:27:23.088-0300] {logging_mixin.py:190} INFO - [2025-01-26T11:27:23.088-0300] {dag.py:3239} INFO - Sync 1 DAGs
[2025-01-26T11:27:23.108-0300] {logging_mixin.py:190} INFO - [2025-01-26T11:27:23.108-0300] {dag.py:4180} INFO - Setting next_dagrun for example_setup_teardown to None, run_after=None
[2025-01-26T11:27:23.578-0300] {processor.py:208} INFO - Processing /mnt/c/Users/ander/Desktop/airflow-spark/airflow-spark/curso2/ambientX/lib/python3.9/site-packages/airflow/example_dags/example_setup_teardown.py took 0.577 seconds
[2025-01-26T11:29:51.866-0300] {processor.py:186} INFO - Started process (PID=22301) to work on /mnt/c/Users/ander/Desktop/airflow-spark/airflow-spark/curso2/ambientX/lib/python3.9/site-packages/airflow/example_dags/example_setup_teardown.py
[2025-01-26T11:29:52.081-0300] {processor.py:914} INFO - Processing file /mnt/c/Users/ander/Desktop/airflow-spark/airflow-spark/curso2/ambientX/lib/python3.9/site-packages/airflow/example_dags/example_setup_teardown.py for tasks to queue
[2025-01-26T11:29:52.083-0300] {logging_mixin.py:190} INFO - [2025-01-26T11:29:52.082-0300] {dagbag.py:588} INFO - Filling up the DagBag from /mnt/c/Users/ander/Desktop/airflow-spark/airflow-spark/curso2/ambientX/lib/python3.9/site-packages/airflow/example_dags/example_setup_teardown.py
[2025-01-26T11:29:52.110-0300] {processor.py:925} INFO - DAG(s) 'example_setup_teardown' retrieved from /mnt/c/Users/ander/Desktop/airflow-spark/airflow-spark/curso2/ambientX/lib/python3.9/site-packages/airflow/example_dags/example_setup_teardown.py
[2025-01-26T11:29:52.150-0300] {logging_mixin.py:190} INFO - [2025-01-26T11:29:52.150-0300] {dag.py:3239} INFO - Sync 1 DAGs
[2025-01-26T11:29:52.170-0300] {logging_mixin.py:190} INFO - [2025-01-26T11:29:52.170-0300] {dag.py:4180} INFO - Setting next_dagrun for example_setup_teardown to None, run_after=None
[2025-01-26T11:29:52.248-0300] {processor.py:208} INFO - Processing /mnt/c/Users/ander/Desktop/airflow-spark/airflow-spark/curso2/ambientX/lib/python3.9/site-packages/airflow/example_dags/example_setup_teardown.py took 0.402 seconds
[2025-01-26T11:31:22.723-0300] {processor.py:186} INFO - Started process (PID=22754) to work on /mnt/c/Users/ander/Desktop/airflow-spark/airflow-spark/curso2/ambientX/lib/python3.9/site-packages/airflow/example_dags/example_setup_teardown.py
[2025-01-26T11:31:22.725-0300] {processor.py:914} INFO - Processing file /mnt/c/Users/ander/Desktop/airflow-spark/airflow-spark/curso2/ambientX/lib/python3.9/site-packages/airflow/example_dags/example_setup_teardown.py for tasks to queue
[2025-01-26T11:31:22.727-0300] {logging_mixin.py:190} INFO - [2025-01-26T11:31:22.726-0300] {dagbag.py:588} INFO - Filling up the DagBag from /mnt/c/Users/ander/Desktop/airflow-spark/airflow-spark/curso2/ambientX/lib/python3.9/site-packages/airflow/example_dags/example_setup_teardown.py
[2025-01-26T11:31:22.750-0300] {processor.py:925} INFO - DAG(s) 'example_setup_teardown' retrieved from /mnt/c/Users/ander/Desktop/airflow-spark/airflow-spark/curso2/ambientX/lib/python3.9/site-packages/airflow/example_dags/example_setup_teardown.py
[2025-01-26T11:31:22.788-0300] {logging_mixin.py:190} INFO - [2025-01-26T11:31:22.787-0300] {dag.py:3239} INFO - Sync 1 DAGs
[2025-01-26T11:31:22.807-0300] {logging_mixin.py:190} INFO - [2025-01-26T11:31:22.807-0300] {dag.py:4180} INFO - Setting next_dagrun for example_setup_teardown to None, run_after=None
[2025-01-26T11:31:23.128-0300] {processor.py:208} INFO - Processing /mnt/c/Users/ander/Desktop/airflow-spark/airflow-spark/curso2/ambientX/lib/python3.9/site-packages/airflow/example_dags/example_setup_teardown.py took 0.427 seconds
[2025-01-26T11:32:55.723-0300] {processor.py:186} INFO - Started process (PID=23104) to work on /mnt/c/Users/ander/Desktop/airflow-spark/airflow-spark/curso2/ambientX/lib/python3.9/site-packages/airflow/example_dags/example_setup_teardown.py
[2025-01-26T11:32:55.724-0300] {processor.py:914} INFO - Processing file /mnt/c/Users/ander/Desktop/airflow-spark/airflow-spark/curso2/ambientX/lib/python3.9/site-packages/airflow/example_dags/example_setup_teardown.py for tasks to queue
[2025-01-26T11:32:55.726-0300] {logging_mixin.py:190} INFO - [2025-01-26T11:32:55.725-0300] {dagbag.py:588} INFO - Filling up the DagBag from /mnt/c/Users/ander/Desktop/airflow-spark/airflow-spark/curso2/ambientX/lib/python3.9/site-packages/airflow/example_dags/example_setup_teardown.py
[2025-01-26T11:32:55.749-0300] {processor.py:925} INFO - DAG(s) 'example_setup_teardown' retrieved from /mnt/c/Users/ander/Desktop/airflow-spark/airflow-spark/curso2/ambientX/lib/python3.9/site-packages/airflow/example_dags/example_setup_teardown.py
[2025-01-26T11:32:55.788-0300] {logging_mixin.py:190} INFO - [2025-01-26T11:32:55.788-0300] {dag.py:3239} INFO - Sync 1 DAGs
[2025-01-26T11:32:55.808-0300] {logging_mixin.py:190} INFO - [2025-01-26T11:32:55.807-0300] {dag.py:4180} INFO - Setting next_dagrun for example_setup_teardown to None, run_after=None
[2025-01-26T11:32:56.013-0300] {processor.py:208} INFO - Processing /mnt/c/Users/ander/Desktop/airflow-spark/airflow-spark/curso2/ambientX/lib/python3.9/site-packages/airflow/example_dags/example_setup_teardown.py took 0.307 seconds
[2025-01-26T11:34:01.587-0300] {processor.py:186} INFO - Started process (PID=23431) to work on /mnt/c/Users/ander/Desktop/airflow-spark/airflow-spark/curso2/ambientX/lib/python3.9/site-packages/airflow/example_dags/example_setup_teardown.py
[2025-01-26T11:34:01.588-0300] {processor.py:914} INFO - Processing file /mnt/c/Users/ander/Desktop/airflow-spark/airflow-spark/curso2/ambientX/lib/python3.9/site-packages/airflow/example_dags/example_setup_teardown.py for tasks to queue
[2025-01-26T11:34:01.590-0300] {logging_mixin.py:190} INFO - [2025-01-26T11:34:01.590-0300] {dagbag.py:588} INFO - Filling up the DagBag from /mnt/c/Users/ander/Desktop/airflow-spark/airflow-spark/curso2/ambientX/lib/python3.9/site-packages/airflow/example_dags/example_setup_teardown.py
[2025-01-26T11:34:01.620-0300] {processor.py:925} INFO - DAG(s) 'example_setup_teardown' retrieved from /mnt/c/Users/ander/Desktop/airflow-spark/airflow-spark/curso2/ambientX/lib/python3.9/site-packages/airflow/example_dags/example_setup_teardown.py
[2025-01-26T11:34:01.661-0300] {logging_mixin.py:190} INFO - [2025-01-26T11:34:01.660-0300] {dag.py:3239} INFO - Sync 1 DAGs
[2025-01-26T11:34:01.680-0300] {logging_mixin.py:190} INFO - [2025-01-26T11:34:01.680-0300] {dag.py:4180} INFO - Setting next_dagrun for example_setup_teardown to None, run_after=None
[2025-01-26T11:34:01.757-0300] {processor.py:208} INFO - Processing /mnt/c/Users/ander/Desktop/airflow-spark/airflow-spark/curso2/ambientX/lib/python3.9/site-packages/airflow/example_dags/example_setup_teardown.py took 0.189 seconds
[2025-01-26T11:35:42.076-0300] {processor.py:186} INFO - Started process (PID=24003) to work on /mnt/c/Users/ander/Desktop/airflow-spark/airflow-spark/curso2/ambientX/lib/python3.9/site-packages/airflow/example_dags/example_setup_teardown.py
[2025-01-26T11:35:42.078-0300] {processor.py:914} INFO - Processing file /mnt/c/Users/ander/Desktop/airflow-spark/airflow-spark/curso2/ambientX/lib/python3.9/site-packages/airflow/example_dags/example_setup_teardown.py for tasks to queue
[2025-01-26T11:35:42.080-0300] {logging_mixin.py:190} INFO - [2025-01-26T11:35:42.079-0300] {dagbag.py:588} INFO - Filling up the DagBag from /mnt/c/Users/ander/Desktop/airflow-spark/airflow-spark/curso2/ambientX/lib/python3.9/site-packages/airflow/example_dags/example_setup_teardown.py
[2025-01-26T11:35:42.103-0300] {processor.py:925} INFO - DAG(s) 'example_setup_teardown' retrieved from /mnt/c/Users/ander/Desktop/airflow-spark/airflow-spark/curso2/ambientX/lib/python3.9/site-packages/airflow/example_dags/example_setup_teardown.py
[2025-01-26T11:35:42.140-0300] {logging_mixin.py:190} INFO - [2025-01-26T11:35:42.140-0300] {dag.py:3239} INFO - Sync 1 DAGs
[2025-01-26T11:35:42.159-0300] {logging_mixin.py:190} INFO - [2025-01-26T11:35:42.159-0300] {dag.py:4180} INFO - Setting next_dagrun for example_setup_teardown to None, run_after=None
[2025-01-26T11:35:42.229-0300] {processor.py:208} INFO - Processing /mnt/c/Users/ander/Desktop/airflow-spark/airflow-spark/curso2/ambientX/lib/python3.9/site-packages/airflow/example_dags/example_setup_teardown.py took 0.168 seconds
[2025-01-26T11:37:26.280-0300] {processor.py:186} INFO - Started process (PID=24463) to work on /mnt/c/Users/ander/Desktop/airflow-spark/airflow-spark/curso2/ambientX/lib/python3.9/site-packages/airflow/example_dags/example_setup_teardown.py
[2025-01-26T11:37:26.281-0300] {processor.py:914} INFO - Processing file /mnt/c/Users/ander/Desktop/airflow-spark/airflow-spark/curso2/ambientX/lib/python3.9/site-packages/airflow/example_dags/example_setup_teardown.py for tasks to queue
[2025-01-26T11:37:26.283-0300] {logging_mixin.py:190} INFO - [2025-01-26T11:37:26.283-0300] {dagbag.py:588} INFO - Filling up the DagBag from /mnt/c/Users/ander/Desktop/airflow-spark/airflow-spark/curso2/ambientX/lib/python3.9/site-packages/airflow/example_dags/example_setup_teardown.py
[2025-01-26T11:37:26.311-0300] {processor.py:925} INFO - DAG(s) 'example_setup_teardown' retrieved from /mnt/c/Users/ander/Desktop/airflow-spark/airflow-spark/curso2/ambientX/lib/python3.9/site-packages/airflow/example_dags/example_setup_teardown.py
[2025-01-26T11:37:26.352-0300] {logging_mixin.py:190} INFO - [2025-01-26T11:37:26.351-0300] {dag.py:3239} INFO - Sync 1 DAGs
[2025-01-26T11:37:26.372-0300] {logging_mixin.py:190} INFO - [2025-01-26T11:37:26.372-0300] {dag.py:4180} INFO - Setting next_dagrun for example_setup_teardown to None, run_after=None
[2025-01-26T11:37:26.440-0300] {processor.py:208} INFO - Processing /mnt/c/Users/ander/Desktop/airflow-spark/airflow-spark/curso2/ambientX/lib/python3.9/site-packages/airflow/example_dags/example_setup_teardown.py took 0.178 seconds
[2025-01-26T11:39:07.203-0300] {processor.py:186} INFO - Started process (PID=24909) to work on /mnt/c/Users/ander/Desktop/airflow-spark/airflow-spark/curso2/ambientX/lib/python3.9/site-packages/airflow/example_dags/example_setup_teardown.py
[2025-01-26T11:39:07.204-0300] {processor.py:914} INFO - Processing file /mnt/c/Users/ander/Desktop/airflow-spark/airflow-spark/curso2/ambientX/lib/python3.9/site-packages/airflow/example_dags/example_setup_teardown.py for tasks to queue
[2025-01-26T11:39:07.206-0300] {logging_mixin.py:190} INFO - [2025-01-26T11:39:07.206-0300] {dagbag.py:588} INFO - Filling up the DagBag from /mnt/c/Users/ander/Desktop/airflow-spark/airflow-spark/curso2/ambientX/lib/python3.9/site-packages/airflow/example_dags/example_setup_teardown.py
[2025-01-26T11:39:07.238-0300] {processor.py:925} INFO - DAG(s) 'example_setup_teardown' retrieved from /mnt/c/Users/ander/Desktop/airflow-spark/airflow-spark/curso2/ambientX/lib/python3.9/site-packages/airflow/example_dags/example_setup_teardown.py
[2025-01-26T11:39:07.277-0300] {logging_mixin.py:190} INFO - [2025-01-26T11:39:07.277-0300] {dag.py:3239} INFO - Sync 1 DAGs
[2025-01-26T11:39:07.297-0300] {logging_mixin.py:190} INFO - [2025-01-26T11:39:07.297-0300] {dag.py:4180} INFO - Setting next_dagrun for example_setup_teardown to None, run_after=None
[2025-01-26T11:39:07.363-0300] {processor.py:208} INFO - Processing /mnt/c/Users/ander/Desktop/airflow-spark/airflow-spark/curso2/ambientX/lib/python3.9/site-packages/airflow/example_dags/example_setup_teardown.py took 0.177 seconds
[2025-01-26T11:40:42.822-0300] {processor.py:186} INFO - Started process (PID=25408) to work on /mnt/c/Users/ander/Desktop/airflow-spark/airflow-spark/curso2/ambientX/lib/python3.9/site-packages/airflow/example_dags/example_setup_teardown.py
[2025-01-26T11:40:42.824-0300] {processor.py:914} INFO - Processing file /mnt/c/Users/ander/Desktop/airflow-spark/airflow-spark/curso2/ambientX/lib/python3.9/site-packages/airflow/example_dags/example_setup_teardown.py for tasks to queue
[2025-01-26T11:40:42.826-0300] {logging_mixin.py:190} INFO - [2025-01-26T11:40:42.825-0300] {dagbag.py:588} INFO - Filling up the DagBag from /mnt/c/Users/ander/Desktop/airflow-spark/airflow-spark/curso2/ambientX/lib/python3.9/site-packages/airflow/example_dags/example_setup_teardown.py
[2025-01-26T11:40:42.856-0300] {processor.py:925} INFO - DAG(s) 'example_setup_teardown' retrieved from /mnt/c/Users/ander/Desktop/airflow-spark/airflow-spark/curso2/ambientX/lib/python3.9/site-packages/airflow/example_dags/example_setup_teardown.py
[2025-01-26T11:40:42.898-0300] {logging_mixin.py:190} INFO - [2025-01-26T11:40:42.898-0300] {dag.py:3239} INFO - Sync 1 DAGs
[2025-01-26T11:40:42.918-0300] {logging_mixin.py:190} INFO - [2025-01-26T11:40:42.918-0300] {dag.py:4180} INFO - Setting next_dagrun for example_setup_teardown to None, run_after=None
[2025-01-26T11:40:42.982-0300] {processor.py:208} INFO - Processing /mnt/c/Users/ander/Desktop/airflow-spark/airflow-spark/curso2/ambientX/lib/python3.9/site-packages/airflow/example_dags/example_setup_teardown.py took 0.177 seconds
[2025-01-26T11:42:25.367-0300] {processor.py:186} INFO - Started process (PID=25986) to work on /mnt/c/Users/ander/Desktop/airflow-spark/airflow-spark/curso2/ambientX/lib/python3.9/site-packages/airflow/example_dags/example_setup_teardown.py
[2025-01-26T11:42:25.369-0300] {processor.py:914} INFO - Processing file /mnt/c/Users/ander/Desktop/airflow-spark/airflow-spark/curso2/ambientX/lib/python3.9/site-packages/airflow/example_dags/example_setup_teardown.py for tasks to queue
[2025-01-26T11:42:25.371-0300] {logging_mixin.py:190} INFO - [2025-01-26T11:42:25.370-0300] {dagbag.py:588} INFO - Filling up the DagBag from /mnt/c/Users/ander/Desktop/airflow-spark/airflow-spark/curso2/ambientX/lib/python3.9/site-packages/airflow/example_dags/example_setup_teardown.py
[2025-01-26T11:42:25.396-0300] {processor.py:925} INFO - DAG(s) 'example_setup_teardown' retrieved from /mnt/c/Users/ander/Desktop/airflow-spark/airflow-spark/curso2/ambientX/lib/python3.9/site-packages/airflow/example_dags/example_setup_teardown.py
[2025-01-26T11:42:25.432-0300] {logging_mixin.py:190} INFO - [2025-01-26T11:42:25.432-0300] {dag.py:3239} INFO - Sync 1 DAGs
[2025-01-26T11:42:25.452-0300] {logging_mixin.py:190} INFO - [2025-01-26T11:42:25.452-0300] {dag.py:4180} INFO - Setting next_dagrun for example_setup_teardown to None, run_after=None
[2025-01-26T11:42:25.513-0300] {processor.py:208} INFO - Processing /mnt/c/Users/ander/Desktop/airflow-spark/airflow-spark/curso2/ambientX/lib/python3.9/site-packages/airflow/example_dags/example_setup_teardown.py took 0.165 seconds
[2025-01-26T11:44:13.873-0300] {processor.py:186} INFO - Started process (PID=26470) to work on /mnt/c/Users/ander/Desktop/airflow-spark/airflow-spark/curso2/ambientX/lib/python3.9/site-packages/airflow/example_dags/example_setup_teardown.py
[2025-01-26T11:44:13.874-0300] {processor.py:914} INFO - Processing file /mnt/c/Users/ander/Desktop/airflow-spark/airflow-spark/curso2/ambientX/lib/python3.9/site-packages/airflow/example_dags/example_setup_teardown.py for tasks to queue
[2025-01-26T11:44:13.877-0300] {logging_mixin.py:190} INFO - [2025-01-26T11:44:13.876-0300] {dagbag.py:588} INFO - Filling up the DagBag from /mnt/c/Users/ander/Desktop/airflow-spark/airflow-spark/curso2/ambientX/lib/python3.9/site-packages/airflow/example_dags/example_setup_teardown.py
[2025-01-26T11:44:13.901-0300] {processor.py:925} INFO - DAG(s) 'example_setup_teardown' retrieved from /mnt/c/Users/ander/Desktop/airflow-spark/airflow-spark/curso2/ambientX/lib/python3.9/site-packages/airflow/example_dags/example_setup_teardown.py
[2025-01-26T11:44:13.939-0300] {logging_mixin.py:190} INFO - [2025-01-26T11:44:13.939-0300] {dag.py:3239} INFO - Sync 1 DAGs
[2025-01-26T11:44:13.958-0300] {logging_mixin.py:190} INFO - [2025-01-26T11:44:13.958-0300] {dag.py:4180} INFO - Setting next_dagrun for example_setup_teardown to None, run_after=None
[2025-01-26T11:44:14.017-0300] {processor.py:208} INFO - Processing /mnt/c/Users/ander/Desktop/airflow-spark/airflow-spark/curso2/ambientX/lib/python3.9/site-packages/airflow/example_dags/example_setup_teardown.py took 0.160 seconds
