[2025-01-26T10:26:24.508-0300] {processor.py:186} INFO - Started process (PID=2853) to work on /mnt/c/Users/ander/Desktop/airflow-spark/airflow-spark/curso2/ambientX/lib/python3.9/site-packages/airflow/example_dags/example_branch_labels.py
[2025-01-26T10:26:24.510-0300] {processor.py:914} INFO - Processing file /mnt/c/Users/ander/Desktop/airflow-spark/airflow-spark/curso2/ambientX/lib/python3.9/site-packages/airflow/example_dags/example_branch_labels.py for tasks to queue
[2025-01-26T10:26:24.513-0300] {logging_mixin.py:190} INFO - [2025-01-26T10:26:24.513-0300] {dagbag.py:588} INFO - Filling up the DagBag from /mnt/c/Users/ander/Desktop/airflow-spark/airflow-spark/curso2/ambientX/lib/python3.9/site-packages/airflow/example_dags/example_branch_labels.py
[2025-01-26T10:26:24.588-0300] {processor.py:925} INFO - DAG(s) 'example_branch_labels' retrieved from /mnt/c/Users/ander/Desktop/airflow-spark/airflow-spark/curso2/ambientX/lib/python3.9/site-packages/airflow/example_dags/example_branch_labels.py
[2025-01-26T10:26:24.637-0300] {logging_mixin.py:190} INFO - [2025-01-26T10:26:24.637-0300] {dag.py:3239} INFO - Sync 1 DAGs
[2025-01-26T10:26:24.685-0300] {logging_mixin.py:190} INFO - [2025-01-26T10:26:24.685-0300] {dag.py:4180} INFO - Setting next_dagrun for example_branch_labels to 2025-01-25T00:00:00+00:00, run_after=2025-01-26T00:00:00+00:00
[2025-01-26T10:26:24.747-0300] {processor.py:208} INFO - Processing /mnt/c/Users/ander/Desktop/airflow-spark/airflow-spark/curso2/ambientX/lib/python3.9/site-packages/airflow/example_dags/example_branch_labels.py took 0.254 seconds
[2025-01-26T10:39:33.577-0300] {processor.py:186} INFO - Started process (PID=8283) to work on /mnt/c/Users/ander/Desktop/airflow-spark/airflow-spark/curso2/ambientX/lib/python3.9/site-packages/airflow/example_dags/example_branch_labels.py
[2025-01-26T10:39:33.579-0300] {processor.py:914} INFO - Processing file /mnt/c/Users/ander/Desktop/airflow-spark/airflow-spark/curso2/ambientX/lib/python3.9/site-packages/airflow/example_dags/example_branch_labels.py for tasks to queue
[2025-01-26T10:39:33.581-0300] {logging_mixin.py:190} INFO - [2025-01-26T10:39:33.581-0300] {dagbag.py:588} INFO - Filling up the DagBag from /mnt/c/Users/ander/Desktop/airflow-spark/airflow-spark/curso2/ambientX/lib/python3.9/site-packages/airflow/example_dags/example_branch_labels.py
[2025-01-26T10:39:33.631-0300] {processor.py:925} INFO - DAG(s) 'example_branch_labels' retrieved from /mnt/c/Users/ander/Desktop/airflow-spark/airflow-spark/curso2/ambientX/lib/python3.9/site-packages/airflow/example_dags/example_branch_labels.py
[2025-01-26T10:39:33.691-0300] {logging_mixin.py:190} INFO - [2025-01-26T10:39:33.691-0300] {dag.py:3239} INFO - Sync 1 DAGs
[2025-01-26T10:39:33.740-0300] {logging_mixin.py:190} INFO - [2025-01-26T10:39:33.739-0300] {dag.py:4180} INFO - Setting next_dagrun for example_branch_labels to 2025-01-25T00:00:00+00:00, run_after=2025-01-26T00:00:00+00:00
[2025-01-26T10:39:33.815-0300] {processor.py:208} INFO - Processing /mnt/c/Users/ander/Desktop/airflow-spark/airflow-spark/curso2/ambientX/lib/python3.9/site-packages/airflow/example_dags/example_branch_labels.py took 0.262 seconds
[2025-01-26T10:41:26.871-0300] {processor.py:186} INFO - Started process (PID=8913) to work on /mnt/c/Users/ander/Desktop/airflow-spark/airflow-spark/curso2/ambientX/lib/python3.9/site-packages/airflow/example_dags/example_branch_labels.py
[2025-01-26T10:41:26.873-0300] {processor.py:914} INFO - Processing file /mnt/c/Users/ander/Desktop/airflow-spark/airflow-spark/curso2/ambientX/lib/python3.9/site-packages/airflow/example_dags/example_branch_labels.py for tasks to queue
[2025-01-26T10:41:26.875-0300] {logging_mixin.py:190} INFO - [2025-01-26T10:41:26.874-0300] {dagbag.py:588} INFO - Filling up the DagBag from /mnt/c/Users/ander/Desktop/airflow-spark/airflow-spark/curso2/ambientX/lib/python3.9/site-packages/airflow/example_dags/example_branch_labels.py
[2025-01-26T10:41:26.910-0300] {processor.py:925} INFO - DAG(s) 'example_branch_labels' retrieved from /mnt/c/Users/ander/Desktop/airflow-spark/airflow-spark/curso2/ambientX/lib/python3.9/site-packages/airflow/example_dags/example_branch_labels.py
[2025-01-26T10:41:26.958-0300] {logging_mixin.py:190} INFO - [2025-01-26T10:41:26.957-0300] {dag.py:3239} INFO - Sync 1 DAGs
[2025-01-26T10:41:26.997-0300] {logging_mixin.py:190} INFO - [2025-01-26T10:41:26.996-0300] {dag.py:4180} INFO - Setting next_dagrun for example_branch_labels to 2025-01-25T00:00:00+00:00, run_after=2025-01-26T00:00:00+00:00
[2025-01-26T10:41:27.071-0300] {processor.py:208} INFO - Processing /mnt/c/Users/ander/Desktop/airflow-spark/airflow-spark/curso2/ambientX/lib/python3.9/site-packages/airflow/example_dags/example_branch_labels.py took 0.220 seconds
[2025-01-26T10:43:17.836-0300] {processor.py:186} INFO - Started process (PID=9291) to work on /mnt/c/Users/ander/Desktop/airflow-spark/airflow-spark/curso2/ambientX/lib/python3.9/site-packages/airflow/example_dags/example_branch_labels.py
[2025-01-26T10:43:17.837-0300] {processor.py:914} INFO - Processing file /mnt/c/Users/ander/Desktop/airflow-spark/airflow-spark/curso2/ambientX/lib/python3.9/site-packages/airflow/example_dags/example_branch_labels.py for tasks to queue
[2025-01-26T10:43:17.839-0300] {logging_mixin.py:190} INFO - [2025-01-26T10:43:17.839-0300] {dagbag.py:588} INFO - Filling up the DagBag from /mnt/c/Users/ander/Desktop/airflow-spark/airflow-spark/curso2/ambientX/lib/python3.9/site-packages/airflow/example_dags/example_branch_labels.py
[2025-01-26T10:43:17.876-0300] {processor.py:925} INFO - DAG(s) 'example_branch_labels' retrieved from /mnt/c/Users/ander/Desktop/airflow-spark/airflow-spark/curso2/ambientX/lib/python3.9/site-packages/airflow/example_dags/example_branch_labels.py
[2025-01-26T10:43:17.920-0300] {logging_mixin.py:190} INFO - [2025-01-26T10:43:17.920-0300] {dag.py:3239} INFO - Sync 1 DAGs
[2025-01-26T10:43:17.956-0300] {logging_mixin.py:190} INFO - [2025-01-26T10:43:17.956-0300] {dag.py:4180} INFO - Setting next_dagrun for example_branch_labels to 2025-01-25T00:00:00+00:00, run_after=2025-01-26T00:00:00+00:00
[2025-01-26T10:43:18.031-0300] {processor.py:208} INFO - Processing /mnt/c/Users/ander/Desktop/airflow-spark/airflow-spark/curso2/ambientX/lib/python3.9/site-packages/airflow/example_dags/example_branch_labels.py took 0.220 seconds
[2025-01-26T10:45:17.816-0300] {processor.py:186} INFO - Started process (PID=9751) to work on /mnt/c/Users/ander/Desktop/airflow-spark/airflow-spark/curso2/ambientX/lib/python3.9/site-packages/airflow/example_dags/example_branch_labels.py
[2025-01-26T10:45:17.818-0300] {processor.py:914} INFO - Processing file /mnt/c/Users/ander/Desktop/airflow-spark/airflow-spark/curso2/ambientX/lib/python3.9/site-packages/airflow/example_dags/example_branch_labels.py for tasks to queue
[2025-01-26T10:45:17.820-0300] {logging_mixin.py:190} INFO - [2025-01-26T10:45:17.819-0300] {dagbag.py:588} INFO - Filling up the DagBag from /mnt/c/Users/ander/Desktop/airflow-spark/airflow-spark/curso2/ambientX/lib/python3.9/site-packages/airflow/example_dags/example_branch_labels.py
[2025-01-26T10:45:17.848-0300] {processor.py:925} INFO - DAG(s) 'example_branch_labels' retrieved from /mnt/c/Users/ander/Desktop/airflow-spark/airflow-spark/curso2/ambientX/lib/python3.9/site-packages/airflow/example_dags/example_branch_labels.py
[2025-01-26T10:45:17.890-0300] {logging_mixin.py:190} INFO - [2025-01-26T10:45:17.890-0300] {dag.py:3239} INFO - Sync 1 DAGs
[2025-01-26T10:45:17.925-0300] {logging_mixin.py:190} INFO - [2025-01-26T10:45:17.924-0300] {dag.py:4180} INFO - Setting next_dagrun for example_branch_labels to 2025-01-25T00:00:00+00:00, run_after=2025-01-26T00:00:00+00:00
[2025-01-26T10:45:17.989-0300] {processor.py:208} INFO - Processing /mnt/c/Users/ander/Desktop/airflow-spark/airflow-spark/curso2/ambientX/lib/python3.9/site-packages/airflow/example_dags/example_branch_labels.py took 0.191 seconds
[2025-01-26T10:46:57.931-0300] {processor.py:186} INFO - Started process (PID=10240) to work on /mnt/c/Users/ander/Desktop/airflow-spark/airflow-spark/curso2/ambientX/lib/python3.9/site-packages/airflow/example_dags/example_branch_labels.py
[2025-01-26T10:46:57.933-0300] {processor.py:914} INFO - Processing file /mnt/c/Users/ander/Desktop/airflow-spark/airflow-spark/curso2/ambientX/lib/python3.9/site-packages/airflow/example_dags/example_branch_labels.py for tasks to queue
[2025-01-26T10:46:57.934-0300] {logging_mixin.py:190} INFO - [2025-01-26T10:46:57.934-0300] {dagbag.py:588} INFO - Filling up the DagBag from /mnt/c/Users/ander/Desktop/airflow-spark/airflow-spark/curso2/ambientX/lib/python3.9/site-packages/airflow/example_dags/example_branch_labels.py
[2025-01-26T10:46:57.962-0300] {processor.py:925} INFO - DAG(s) 'example_branch_labels' retrieved from /mnt/c/Users/ander/Desktop/airflow-spark/airflow-spark/curso2/ambientX/lib/python3.9/site-packages/airflow/example_dags/example_branch_labels.py
[2025-01-26T10:46:58.000-0300] {logging_mixin.py:190} INFO - [2025-01-26T10:46:57.999-0300] {dag.py:3239} INFO - Sync 1 DAGs
[2025-01-26T10:46:58.031-0300] {logging_mixin.py:190} INFO - [2025-01-26T10:46:58.031-0300] {dag.py:4180} INFO - Setting next_dagrun for example_branch_labels to 2025-01-25T00:00:00+00:00, run_after=2025-01-26T00:00:00+00:00
[2025-01-26T10:46:58.097-0300] {processor.py:208} INFO - Processing /mnt/c/Users/ander/Desktop/airflow-spark/airflow-spark/curso2/ambientX/lib/python3.9/site-packages/airflow/example_dags/example_branch_labels.py took 0.183 seconds
[2025-01-26T10:48:49.460-0300] {processor.py:186} INFO - Started process (PID=10675) to work on /mnt/c/Users/ander/Desktop/airflow-spark/airflow-spark/curso2/ambientX/lib/python3.9/site-packages/airflow/example_dags/example_branch_labels.py
[2025-01-26T10:48:49.461-0300] {processor.py:914} INFO - Processing file /mnt/c/Users/ander/Desktop/airflow-spark/airflow-spark/curso2/ambientX/lib/python3.9/site-packages/airflow/example_dags/example_branch_labels.py for tasks to queue
[2025-01-26T10:48:49.464-0300] {logging_mixin.py:190} INFO - [2025-01-26T10:48:49.463-0300] {dagbag.py:588} INFO - Filling up the DagBag from /mnt/c/Users/ander/Desktop/airflow-spark/airflow-spark/curso2/ambientX/lib/python3.9/site-packages/airflow/example_dags/example_branch_labels.py
[2025-01-26T10:48:49.500-0300] {processor.py:925} INFO - DAG(s) 'example_branch_labels' retrieved from /mnt/c/Users/ander/Desktop/airflow-spark/airflow-spark/curso2/ambientX/lib/python3.9/site-packages/airflow/example_dags/example_branch_labels.py
[2025-01-26T10:48:49.545-0300] {logging_mixin.py:190} INFO - [2025-01-26T10:48:49.545-0300] {dag.py:3239} INFO - Sync 1 DAGs
[2025-01-26T10:48:49.582-0300] {logging_mixin.py:190} INFO - [2025-01-26T10:48:49.581-0300] {dag.py:4180} INFO - Setting next_dagrun for example_branch_labels to 2025-01-25T00:00:00+00:00, run_after=2025-01-26T00:00:00+00:00
[2025-01-26T10:48:49.667-0300] {processor.py:208} INFO - Processing /mnt/c/Users/ander/Desktop/airflow-spark/airflow-spark/curso2/ambientX/lib/python3.9/site-packages/airflow/example_dags/example_branch_labels.py took 0.226 seconds
[2025-01-26T10:50:38.864-0300] {processor.py:186} INFO - Started process (PID=11209) to work on /mnt/c/Users/ander/Desktop/airflow-spark/airflow-spark/curso2/ambientX/lib/python3.9/site-packages/airflow/example_dags/example_branch_labels.py
[2025-01-26T10:50:38.865-0300] {processor.py:914} INFO - Processing file /mnt/c/Users/ander/Desktop/airflow-spark/airflow-spark/curso2/ambientX/lib/python3.9/site-packages/airflow/example_dags/example_branch_labels.py for tasks to queue
[2025-01-26T10:50:38.867-0300] {logging_mixin.py:190} INFO - [2025-01-26T10:50:38.867-0300] {dagbag.py:588} INFO - Filling up the DagBag from /mnt/c/Users/ander/Desktop/airflow-spark/airflow-spark/curso2/ambientX/lib/python3.9/site-packages/airflow/example_dags/example_branch_labels.py
[2025-01-26T10:50:38.902-0300] {processor.py:925} INFO - DAG(s) 'example_branch_labels' retrieved from /mnt/c/Users/ander/Desktop/airflow-spark/airflow-spark/curso2/ambientX/lib/python3.9/site-packages/airflow/example_dags/example_branch_labels.py
[2025-01-26T10:50:38.954-0300] {logging_mixin.py:190} INFO - [2025-01-26T10:50:38.954-0300] {dag.py:3239} INFO - Sync 1 DAGs
[2025-01-26T10:50:38.992-0300] {logging_mixin.py:190} INFO - [2025-01-26T10:50:38.992-0300] {dag.py:4180} INFO - Setting next_dagrun for example_branch_labels to 2025-01-25T00:00:00+00:00, run_after=2025-01-26T00:00:00+00:00
[2025-01-26T10:50:39.071-0300] {processor.py:208} INFO - Processing /mnt/c/Users/ander/Desktop/airflow-spark/airflow-spark/curso2/ambientX/lib/python3.9/site-packages/airflow/example_dags/example_branch_labels.py took 0.223 seconds
[2025-01-26T10:52:26.997-0300] {processor.py:186} INFO - Started process (PID=11657) to work on /mnt/c/Users/ander/Desktop/airflow-spark/airflow-spark/curso2/ambientX/lib/python3.9/site-packages/airflow/example_dags/example_branch_labels.py
[2025-01-26T10:52:26.998-0300] {processor.py:914} INFO - Processing file /mnt/c/Users/ander/Desktop/airflow-spark/airflow-spark/curso2/ambientX/lib/python3.9/site-packages/airflow/example_dags/example_branch_labels.py for tasks to queue
[2025-01-26T10:52:27.000-0300] {logging_mixin.py:190} INFO - [2025-01-26T10:52:26.999-0300] {dagbag.py:588} INFO - Filling up the DagBag from /mnt/c/Users/ander/Desktop/airflow-spark/airflow-spark/curso2/ambientX/lib/python3.9/site-packages/airflow/example_dags/example_branch_labels.py
[2025-01-26T10:52:27.034-0300] {processor.py:925} INFO - DAG(s) 'example_branch_labels' retrieved from /mnt/c/Users/ander/Desktop/airflow-spark/airflow-spark/curso2/ambientX/lib/python3.9/site-packages/airflow/example_dags/example_branch_labels.py
[2025-01-26T10:52:27.081-0300] {logging_mixin.py:190} INFO - [2025-01-26T10:52:27.080-0300] {dag.py:3239} INFO - Sync 1 DAGs
[2025-01-26T10:52:27.121-0300] {logging_mixin.py:190} INFO - [2025-01-26T10:52:27.121-0300] {dag.py:4180} INFO - Setting next_dagrun for example_branch_labels to 2025-01-25T00:00:00+00:00, run_after=2025-01-26T00:00:00+00:00
[2025-01-26T10:52:27.193-0300] {processor.py:208} INFO - Processing /mnt/c/Users/ander/Desktop/airflow-spark/airflow-spark/curso2/ambientX/lib/python3.9/site-packages/airflow/example_dags/example_branch_labels.py took 0.215 seconds
[2025-01-26T10:54:22.265-0300] {processor.py:186} INFO - Started process (PID=12128) to work on /mnt/c/Users/ander/Desktop/airflow-spark/airflow-spark/curso2/ambientX/lib/python3.9/site-packages/airflow/example_dags/example_branch_labels.py
[2025-01-26T10:54:22.267-0300] {processor.py:914} INFO - Processing file /mnt/c/Users/ander/Desktop/airflow-spark/airflow-spark/curso2/ambientX/lib/python3.9/site-packages/airflow/example_dags/example_branch_labels.py for tasks to queue
[2025-01-26T10:54:22.269-0300] {logging_mixin.py:190} INFO - [2025-01-26T10:54:22.269-0300] {dagbag.py:588} INFO - Filling up the DagBag from /mnt/c/Users/ander/Desktop/airflow-spark/airflow-spark/curso2/ambientX/lib/python3.9/site-packages/airflow/example_dags/example_branch_labels.py
[2025-01-26T10:54:22.304-0300] {processor.py:925} INFO - DAG(s) 'example_branch_labels' retrieved from /mnt/c/Users/ander/Desktop/airflow-spark/airflow-spark/curso2/ambientX/lib/python3.9/site-packages/airflow/example_dags/example_branch_labels.py
[2025-01-26T10:54:22.348-0300] {logging_mixin.py:190} INFO - [2025-01-26T10:54:22.347-0300] {dag.py:3239} INFO - Sync 1 DAGs
[2025-01-26T10:54:22.391-0300] {logging_mixin.py:190} INFO - [2025-01-26T10:54:22.390-0300] {dag.py:4180} INFO - Setting next_dagrun for example_branch_labels to 2025-01-25T00:00:00+00:00, run_after=2025-01-26T00:00:00+00:00
[2025-01-26T10:54:22.466-0300] {processor.py:208} INFO - Processing /mnt/c/Users/ander/Desktop/airflow-spark/airflow-spark/curso2/ambientX/lib/python3.9/site-packages/airflow/example_dags/example_branch_labels.py took 0.222 seconds
[2025-01-26T10:56:09.252-0300] {processor.py:186} INFO - Started process (PID=12576) to work on /mnt/c/Users/ander/Desktop/airflow-spark/airflow-spark/curso2/ambientX/lib/python3.9/site-packages/airflow/example_dags/example_branch_labels.py
[2025-01-26T10:56:09.254-0300] {processor.py:914} INFO - Processing file /mnt/c/Users/ander/Desktop/airflow-spark/airflow-spark/curso2/ambientX/lib/python3.9/site-packages/airflow/example_dags/example_branch_labels.py for tasks to queue
[2025-01-26T10:56:09.257-0300] {logging_mixin.py:190} INFO - [2025-01-26T10:56:09.256-0300] {dagbag.py:588} INFO - Filling up the DagBag from /mnt/c/Users/ander/Desktop/airflow-spark/airflow-spark/curso2/ambientX/lib/python3.9/site-packages/airflow/example_dags/example_branch_labels.py
[2025-01-26T10:56:09.295-0300] {processor.py:925} INFO - DAG(s) 'example_branch_labels' retrieved from /mnt/c/Users/ander/Desktop/airflow-spark/airflow-spark/curso2/ambientX/lib/python3.9/site-packages/airflow/example_dags/example_branch_labels.py
[2025-01-26T10:56:09.344-0300] {logging_mixin.py:190} INFO - [2025-01-26T10:56:09.343-0300] {dag.py:3239} INFO - Sync 1 DAGs
[2025-01-26T10:56:09.384-0300] {logging_mixin.py:190} INFO - [2025-01-26T10:56:09.384-0300] {dag.py:4180} INFO - Setting next_dagrun for example_branch_labels to 2025-01-25T00:00:00+00:00, run_after=2025-01-26T00:00:00+00:00
[2025-01-26T10:56:09.473-0300] {processor.py:208} INFO - Processing /mnt/c/Users/ander/Desktop/airflow-spark/airflow-spark/curso2/ambientX/lib/python3.9/site-packages/airflow/example_dags/example_branch_labels.py took 0.243 seconds
[2025-01-26T10:57:58.658-0300] {processor.py:186} INFO - Started process (PID=13092) to work on /mnt/c/Users/ander/Desktop/airflow-spark/airflow-spark/curso2/ambientX/lib/python3.9/site-packages/airflow/example_dags/example_branch_labels.py
[2025-01-26T10:57:58.659-0300] {processor.py:914} INFO - Processing file /mnt/c/Users/ander/Desktop/airflow-spark/airflow-spark/curso2/ambientX/lib/python3.9/site-packages/airflow/example_dags/example_branch_labels.py for tasks to queue
[2025-01-26T10:57:58.661-0300] {logging_mixin.py:190} INFO - [2025-01-26T10:57:58.661-0300] {dagbag.py:588} INFO - Filling up the DagBag from /mnt/c/Users/ander/Desktop/airflow-spark/airflow-spark/curso2/ambientX/lib/python3.9/site-packages/airflow/example_dags/example_branch_labels.py
[2025-01-26T10:57:58.690-0300] {processor.py:925} INFO - DAG(s) 'example_branch_labels' retrieved from /mnt/c/Users/ander/Desktop/airflow-spark/airflow-spark/curso2/ambientX/lib/python3.9/site-packages/airflow/example_dags/example_branch_labels.py
[2025-01-26T10:57:58.731-0300] {logging_mixin.py:190} INFO - [2025-01-26T10:57:58.731-0300] {dag.py:3239} INFO - Sync 1 DAGs
[2025-01-26T10:57:58.764-0300] {logging_mixin.py:190} INFO - [2025-01-26T10:57:58.764-0300] {dag.py:4180} INFO - Setting next_dagrun for example_branch_labels to 2025-01-25T00:00:00+00:00, run_after=2025-01-26T00:00:00+00:00
[2025-01-26T10:57:58.830-0300] {processor.py:208} INFO - Processing /mnt/c/Users/ander/Desktop/airflow-spark/airflow-spark/curso2/ambientX/lib/python3.9/site-packages/airflow/example_dags/example_branch_labels.py took 0.190 seconds
[2025-01-26T10:59:57.389-0300] {processor.py:186} INFO - Started process (PID=13656) to work on /mnt/c/Users/ander/Desktop/airflow-spark/airflow-spark/curso2/ambientX/lib/python3.9/site-packages/airflow/example_dags/example_branch_labels.py
[2025-01-26T10:59:57.390-0300] {processor.py:914} INFO - Processing file /mnt/c/Users/ander/Desktop/airflow-spark/airflow-spark/curso2/ambientX/lib/python3.9/site-packages/airflow/example_dags/example_branch_labels.py for tasks to queue
[2025-01-26T10:59:57.392-0300] {logging_mixin.py:190} INFO - [2025-01-26T10:59:57.392-0300] {dagbag.py:588} INFO - Filling up the DagBag from /mnt/c/Users/ander/Desktop/airflow-spark/airflow-spark/curso2/ambientX/lib/python3.9/site-packages/airflow/example_dags/example_branch_labels.py
[2025-01-26T10:59:57.445-0300] {processor.py:925} INFO - DAG(s) 'example_branch_labels' retrieved from /mnt/c/Users/ander/Desktop/airflow-spark/airflow-spark/curso2/ambientX/lib/python3.9/site-packages/airflow/example_dags/example_branch_labels.py
[2025-01-26T10:59:57.500-0300] {logging_mixin.py:190} INFO - [2025-01-26T10:59:57.499-0300] {dag.py:3239} INFO - Sync 1 DAGs
[2025-01-26T10:59:57.559-0300] {logging_mixin.py:190} INFO - [2025-01-26T10:59:57.559-0300] {dag.py:4180} INFO - Setting next_dagrun for example_branch_labels to 2025-01-25T00:00:00+00:00, run_after=2025-01-26T00:00:00+00:00
[2025-01-26T10:59:57.669-0300] {processor.py:208} INFO - Processing /mnt/c/Users/ander/Desktop/airflow-spark/airflow-spark/curso2/ambientX/lib/python3.9/site-packages/airflow/example_dags/example_branch_labels.py took 0.298 seconds
[2025-01-26T11:01:56.031-0300] {processor.py:186} INFO - Started process (PID=14221) to work on /mnt/c/Users/ander/Desktop/airflow-spark/airflow-spark/curso2/ambientX/lib/python3.9/site-packages/airflow/example_dags/example_branch_labels.py
[2025-01-26T11:01:56.033-0300] {processor.py:914} INFO - Processing file /mnt/c/Users/ander/Desktop/airflow-spark/airflow-spark/curso2/ambientX/lib/python3.9/site-packages/airflow/example_dags/example_branch_labels.py for tasks to queue
[2025-01-26T11:01:56.035-0300] {logging_mixin.py:190} INFO - [2025-01-26T11:01:56.035-0300] {dagbag.py:588} INFO - Filling up the DagBag from /mnt/c/Users/ander/Desktop/airflow-spark/airflow-spark/curso2/ambientX/lib/python3.9/site-packages/airflow/example_dags/example_branch_labels.py
[2025-01-26T11:01:56.070-0300] {processor.py:925} INFO - DAG(s) 'example_branch_labels' retrieved from /mnt/c/Users/ander/Desktop/airflow-spark/airflow-spark/curso2/ambientX/lib/python3.9/site-packages/airflow/example_dags/example_branch_labels.py
[2025-01-26T11:01:56.114-0300] {logging_mixin.py:190} INFO - [2025-01-26T11:01:56.113-0300] {dag.py:3239} INFO - Sync 1 DAGs
[2025-01-26T11:01:56.158-0300] {logging_mixin.py:190} INFO - [2025-01-26T11:01:56.157-0300] {dag.py:4180} INFO - Setting next_dagrun for example_branch_labels to 2025-01-25T00:00:00+00:00, run_after=2025-01-26T00:00:00+00:00
[2025-01-26T11:01:56.234-0300] {processor.py:208} INFO - Processing /mnt/c/Users/ander/Desktop/airflow-spark/airflow-spark/curso2/ambientX/lib/python3.9/site-packages/airflow/example_dags/example_branch_labels.py took 0.225 seconds
[2025-01-26T11:03:45.836-0300] {processor.py:186} INFO - Started process (PID=15189) to work on /mnt/c/Users/ander/Desktop/airflow-spark/airflow-spark/curso2/ambientX/lib/python3.9/site-packages/airflow/example_dags/example_branch_labels.py
[2025-01-26T11:03:45.838-0300] {processor.py:914} INFO - Processing file /mnt/c/Users/ander/Desktop/airflow-spark/airflow-spark/curso2/ambientX/lib/python3.9/site-packages/airflow/example_dags/example_branch_labels.py for tasks to queue
[2025-01-26T11:03:45.840-0300] {logging_mixin.py:190} INFO - [2025-01-26T11:03:45.840-0300] {dagbag.py:588} INFO - Filling up the DagBag from /mnt/c/Users/ander/Desktop/airflow-spark/airflow-spark/curso2/ambientX/lib/python3.9/site-packages/airflow/example_dags/example_branch_labels.py
[2025-01-26T11:03:45.872-0300] {processor.py:925} INFO - DAG(s) 'example_branch_labels' retrieved from /mnt/c/Users/ander/Desktop/airflow-spark/airflow-spark/curso2/ambientX/lib/python3.9/site-packages/airflow/example_dags/example_branch_labels.py
[2025-01-26T11:03:45.915-0300] {logging_mixin.py:190} INFO - [2025-01-26T11:03:45.915-0300] {dag.py:3239} INFO - Sync 1 DAGs
[2025-01-26T11:03:45.949-0300] {logging_mixin.py:190} INFO - [2025-01-26T11:03:45.949-0300] {dag.py:4180} INFO - Setting next_dagrun for example_branch_labels to 2025-01-25T00:00:00+00:00, run_after=2025-01-26T00:00:00+00:00
[2025-01-26T11:03:46.033-0300] {processor.py:208} INFO - Processing /mnt/c/Users/ander/Desktop/airflow-spark/airflow-spark/curso2/ambientX/lib/python3.9/site-packages/airflow/example_dags/example_branch_labels.py took 0.215 seconds
[2025-01-26T11:05:29.561-0300] {processor.py:186} INFO - Started process (PID=15571) to work on /mnt/c/Users/ander/Desktop/airflow-spark/airflow-spark/curso2/ambientX/lib/python3.9/site-packages/airflow/example_dags/example_branch_labels.py
[2025-01-26T11:05:29.562-0300] {processor.py:914} INFO - Processing file /mnt/c/Users/ander/Desktop/airflow-spark/airflow-spark/curso2/ambientX/lib/python3.9/site-packages/airflow/example_dags/example_branch_labels.py for tasks to queue
[2025-01-26T11:05:29.564-0300] {logging_mixin.py:190} INFO - [2025-01-26T11:05:29.564-0300] {dagbag.py:588} INFO - Filling up the DagBag from /mnt/c/Users/ander/Desktop/airflow-spark/airflow-spark/curso2/ambientX/lib/python3.9/site-packages/airflow/example_dags/example_branch_labels.py
[2025-01-26T11:05:29.591-0300] {processor.py:925} INFO - DAG(s) 'example_branch_labels' retrieved from /mnt/c/Users/ander/Desktop/airflow-spark/airflow-spark/curso2/ambientX/lib/python3.9/site-packages/airflow/example_dags/example_branch_labels.py
[2025-01-26T11:05:29.627-0300] {logging_mixin.py:190} INFO - [2025-01-26T11:05:29.627-0300] {dag.py:3239} INFO - Sync 1 DAGs
[2025-01-26T11:05:29.660-0300] {logging_mixin.py:190} INFO - [2025-01-26T11:05:29.659-0300] {dag.py:4180} INFO - Setting next_dagrun for example_branch_labels to 2025-01-25T00:00:00+00:00, run_after=2025-01-26T00:00:00+00:00
[2025-01-26T11:05:29.720-0300] {processor.py:208} INFO - Processing /mnt/c/Users/ander/Desktop/airflow-spark/airflow-spark/curso2/ambientX/lib/python3.9/site-packages/airflow/example_dags/example_branch_labels.py took 0.175 seconds
[2025-01-26T11:07:09.564-0300] {processor.py:186} INFO - Started process (PID=16006) to work on /mnt/c/Users/ander/Desktop/airflow-spark/airflow-spark/curso2/ambientX/lib/python3.9/site-packages/airflow/example_dags/example_branch_labels.py
[2025-01-26T11:07:09.565-0300] {processor.py:914} INFO - Processing file /mnt/c/Users/ander/Desktop/airflow-spark/airflow-spark/curso2/ambientX/lib/python3.9/site-packages/airflow/example_dags/example_branch_labels.py for tasks to queue
[2025-01-26T11:07:09.567-0300] {logging_mixin.py:190} INFO - [2025-01-26T11:07:09.567-0300] {dagbag.py:588} INFO - Filling up the DagBag from /mnt/c/Users/ander/Desktop/airflow-spark/airflow-spark/curso2/ambientX/lib/python3.9/site-packages/airflow/example_dags/example_branch_labels.py
[2025-01-26T11:07:09.598-0300] {processor.py:925} INFO - DAG(s) 'example_branch_labels' retrieved from /mnt/c/Users/ander/Desktop/airflow-spark/airflow-spark/curso2/ambientX/lib/python3.9/site-packages/airflow/example_dags/example_branch_labels.py
[2025-01-26T11:07:09.637-0300] {logging_mixin.py:190} INFO - [2025-01-26T11:07:09.637-0300] {dag.py:3239} INFO - Sync 1 DAGs
[2025-01-26T11:07:09.670-0300] {logging_mixin.py:190} INFO - [2025-01-26T11:07:09.670-0300] {dag.py:4180} INFO - Setting next_dagrun for example_branch_labels to 2025-01-25T00:00:00+00:00, run_after=2025-01-26T00:00:00+00:00
[2025-01-26T11:07:09.737-0300] {processor.py:208} INFO - Processing /mnt/c/Users/ander/Desktop/airflow-spark/airflow-spark/curso2/ambientX/lib/python3.9/site-packages/airflow/example_dags/example_branch_labels.py took 0.192 seconds
[2025-01-26T11:08:54.897-0300] {processor.py:186} INFO - Started process (PID=16515) to work on /mnt/c/Users/ander/Desktop/airflow-spark/airflow-spark/curso2/ambientX/lib/python3.9/site-packages/airflow/example_dags/example_branch_labels.py
[2025-01-26T11:08:54.899-0300] {processor.py:914} INFO - Processing file /mnt/c/Users/ander/Desktop/airflow-spark/airflow-spark/curso2/ambientX/lib/python3.9/site-packages/airflow/example_dags/example_branch_labels.py for tasks to queue
[2025-01-26T11:08:54.904-0300] {logging_mixin.py:190} INFO - [2025-01-26T11:08:54.903-0300] {dagbag.py:588} INFO - Filling up the DagBag from /mnt/c/Users/ander/Desktop/airflow-spark/airflow-spark/curso2/ambientX/lib/python3.9/site-packages/airflow/example_dags/example_branch_labels.py
[2025-01-26T11:08:54.945-0300] {processor.py:925} INFO - DAG(s) 'example_branch_labels' retrieved from /mnt/c/Users/ander/Desktop/airflow-spark/airflow-spark/curso2/ambientX/lib/python3.9/site-packages/airflow/example_dags/example_branch_labels.py
[2025-01-26T11:08:54.983-0300] {logging_mixin.py:190} INFO - [2025-01-26T11:08:54.983-0300] {dag.py:3239} INFO - Sync 1 DAGs
[2025-01-26T11:08:55.014-0300] {logging_mixin.py:190} INFO - [2025-01-26T11:08:55.014-0300] {dag.py:4180} INFO - Setting next_dagrun for example_branch_labels to 2025-01-25T00:00:00+00:00, run_after=2025-01-26T00:00:00+00:00
[2025-01-26T11:08:55.081-0300] {processor.py:208} INFO - Processing /mnt/c/Users/ander/Desktop/airflow-spark/airflow-spark/curso2/ambientX/lib/python3.9/site-packages/airflow/example_dags/example_branch_labels.py took 0.206 seconds
[2025-01-26T11:10:38.135-0300] {processor.py:186} INFO - Started process (PID=16896) to work on /mnt/c/Users/ander/Desktop/airflow-spark/airflow-spark/curso2/ambientX/lib/python3.9/site-packages/airflow/example_dags/example_branch_labels.py
[2025-01-26T11:10:38.137-0300] {processor.py:914} INFO - Processing file /mnt/c/Users/ander/Desktop/airflow-spark/airflow-spark/curso2/ambientX/lib/python3.9/site-packages/airflow/example_dags/example_branch_labels.py for tasks to queue
[2025-01-26T11:10:38.139-0300] {logging_mixin.py:190} INFO - [2025-01-26T11:10:38.138-0300] {dagbag.py:588} INFO - Filling up the DagBag from /mnt/c/Users/ander/Desktop/airflow-spark/airflow-spark/curso2/ambientX/lib/python3.9/site-packages/airflow/example_dags/example_branch_labels.py
[2025-01-26T11:10:38.175-0300] {processor.py:925} INFO - DAG(s) 'example_branch_labels' retrieved from /mnt/c/Users/ander/Desktop/airflow-spark/airflow-spark/curso2/ambientX/lib/python3.9/site-packages/airflow/example_dags/example_branch_labels.py
[2025-01-26T11:10:38.216-0300] {logging_mixin.py:190} INFO - [2025-01-26T11:10:38.216-0300] {dag.py:3239} INFO - Sync 1 DAGs
[2025-01-26T11:10:38.257-0300] {logging_mixin.py:190} INFO - [2025-01-26T11:10:38.257-0300] {dag.py:4180} INFO - Setting next_dagrun for example_branch_labels to 2025-01-25T00:00:00+00:00, run_after=2025-01-26T00:00:00+00:00
[2025-01-26T11:10:38.348-0300] {processor.py:208} INFO - Processing /mnt/c/Users/ander/Desktop/airflow-spark/airflow-spark/curso2/ambientX/lib/python3.9/site-packages/airflow/example_dags/example_branch_labels.py took 0.230 seconds
[2025-01-26T11:13:51.094-0300] {processor.py:186} INFO - Started process (PID=17753) to work on /mnt/c/Users/ander/Desktop/airflow-spark/airflow-spark/curso2/ambientX/lib/python3.9/site-packages/airflow/example_dags/example_branch_labels.py
[2025-01-26T11:13:51.098-0300] {processor.py:914} INFO - Processing file /mnt/c/Users/ander/Desktop/airflow-spark/airflow-spark/curso2/ambientX/lib/python3.9/site-packages/airflow/example_dags/example_branch_labels.py for tasks to queue
[2025-01-26T11:13:51.100-0300] {logging_mixin.py:190} INFO - [2025-01-26T11:13:51.100-0300] {dagbag.py:588} INFO - Filling up the DagBag from /mnt/c/Users/ander/Desktop/airflow-spark/airflow-spark/curso2/ambientX/lib/python3.9/site-packages/airflow/example_dags/example_branch_labels.py
[2025-01-26T11:13:51.132-0300] {processor.py:925} INFO - DAG(s) 'example_branch_labels' retrieved from /mnt/c/Users/ander/Desktop/airflow-spark/airflow-spark/curso2/ambientX/lib/python3.9/site-packages/airflow/example_dags/example_branch_labels.py
[2025-01-26T11:13:51.177-0300] {logging_mixin.py:190} INFO - [2025-01-26T11:13:51.177-0300] {dag.py:3239} INFO - Sync 1 DAGs
[2025-01-26T11:13:51.212-0300] {logging_mixin.py:190} INFO - [2025-01-26T11:13:51.212-0300] {dag.py:4180} INFO - Setting next_dagrun for example_branch_labels to 2025-01-25T00:00:00+00:00, run_after=2025-01-26T00:00:00+00:00
[2025-01-26T11:13:51.381-0300] {processor.py:208} INFO - Processing /mnt/c/Users/ander/Desktop/airflow-spark/airflow-spark/curso2/ambientX/lib/python3.9/site-packages/airflow/example_dags/example_branch_labels.py took 0.304 seconds
[2025-01-26T11:17:28.852-0300] {processor.py:186} INFO - Started process (PID=18757) to work on /mnt/c/Users/ander/Desktop/airflow-spark/airflow-spark/curso2/ambientX/lib/python3.9/site-packages/airflow/example_dags/example_branch_labels.py
[2025-01-26T11:17:28.853-0300] {processor.py:914} INFO - Processing file /mnt/c/Users/ander/Desktop/airflow-spark/airflow-spark/curso2/ambientX/lib/python3.9/site-packages/airflow/example_dags/example_branch_labels.py for tasks to queue
[2025-01-26T11:17:28.855-0300] {logging_mixin.py:190} INFO - [2025-01-26T11:17:28.855-0300] {dagbag.py:588} INFO - Filling up the DagBag from /mnt/c/Users/ander/Desktop/airflow-spark/airflow-spark/curso2/ambientX/lib/python3.9/site-packages/airflow/example_dags/example_branch_labels.py
[2025-01-26T11:17:28.887-0300] {processor.py:925} INFO - DAG(s) 'example_branch_labels' retrieved from /mnt/c/Users/ander/Desktop/airflow-spark/airflow-spark/curso2/ambientX/lib/python3.9/site-packages/airflow/example_dags/example_branch_labels.py
[2025-01-26T11:17:28.943-0300] {logging_mixin.py:190} INFO - [2025-01-26T11:17:28.943-0300] {dag.py:3239} INFO - Sync 1 DAGs
[2025-01-26T11:17:29.036-0300] {logging_mixin.py:190} INFO - [2025-01-26T11:17:29.036-0300] {dag.py:4180} INFO - Setting next_dagrun for example_branch_labels to 2025-01-25T00:00:00+00:00, run_after=2025-01-26T00:00:00+00:00
[2025-01-26T11:17:30.337-0300] {processor.py:208} INFO - Processing /mnt/c/Users/ander/Desktop/airflow-spark/airflow-spark/curso2/ambientX/lib/python3.9/site-packages/airflow/example_dags/example_branch_labels.py took 1.503 seconds
[2025-01-26T11:20:50.448-0300] {processor.py:186} INFO - Started process (PID=19654) to work on /mnt/c/Users/ander/Desktop/airflow-spark/airflow-spark/curso2/ambientX/lib/python3.9/site-packages/airflow/example_dags/example_branch_labels.py
[2025-01-26T11:20:50.575-0300] {processor.py:914} INFO - Processing file /mnt/c/Users/ander/Desktop/airflow-spark/airflow-spark/curso2/ambientX/lib/python3.9/site-packages/airflow/example_dags/example_branch_labels.py for tasks to queue
[2025-01-26T11:20:50.577-0300] {logging_mixin.py:190} INFO - [2025-01-26T11:20:50.577-0300] {dagbag.py:588} INFO - Filling up the DagBag from /mnt/c/Users/ander/Desktop/airflow-spark/airflow-spark/curso2/ambientX/lib/python3.9/site-packages/airflow/example_dags/example_branch_labels.py
[2025-01-26T11:20:50.609-0300] {processor.py:925} INFO - DAG(s) 'example_branch_labels' retrieved from /mnt/c/Users/ander/Desktop/airflow-spark/airflow-spark/curso2/ambientX/lib/python3.9/site-packages/airflow/example_dags/example_branch_labels.py
[2025-01-26T11:20:50.652-0300] {logging_mixin.py:190} INFO - [2025-01-26T11:20:50.652-0300] {dag.py:3239} INFO - Sync 1 DAGs
[2025-01-26T11:20:50.685-0300] {logging_mixin.py:190} INFO - [2025-01-26T11:20:50.685-0300] {dag.py:4180} INFO - Setting next_dagrun for example_branch_labels to 2025-01-25T00:00:00+00:00, run_after=2025-01-26T00:00:00+00:00
[2025-01-26T11:20:53.294-0300] {processor.py:208} INFO - Processing /mnt/c/Users/ander/Desktop/airflow-spark/airflow-spark/curso2/ambientX/lib/python3.9/site-packages/airflow/example_dags/example_branch_labels.py took 2.864 seconds
[2025-01-26T11:24:07.293-0300] {processor.py:186} INFO - Started process (PID=20491) to work on /mnt/c/Users/ander/Desktop/airflow-spark/airflow-spark/curso2/ambientX/lib/python3.9/site-packages/airflow/example_dags/example_branch_labels.py
[2025-01-26T11:24:07.295-0300] {processor.py:914} INFO - Processing file /mnt/c/Users/ander/Desktop/airflow-spark/airflow-spark/curso2/ambientX/lib/python3.9/site-packages/airflow/example_dags/example_branch_labels.py for tasks to queue
[2025-01-26T11:24:07.296-0300] {logging_mixin.py:190} INFO - [2025-01-26T11:24:07.296-0300] {dagbag.py:588} INFO - Filling up the DagBag from /mnt/c/Users/ander/Desktop/airflow-spark/airflow-spark/curso2/ambientX/lib/python3.9/site-packages/airflow/example_dags/example_branch_labels.py
[2025-01-26T11:24:07.323-0300] {processor.py:925} INFO - DAG(s) 'example_branch_labels' retrieved from /mnt/c/Users/ander/Desktop/airflow-spark/airflow-spark/curso2/ambientX/lib/python3.9/site-packages/airflow/example_dags/example_branch_labels.py
[2025-01-26T11:24:07.359-0300] {logging_mixin.py:190} INFO - [2025-01-26T11:24:07.358-0300] {dag.py:3239} INFO - Sync 1 DAGs
[2025-01-26T11:24:07.391-0300] {logging_mixin.py:190} INFO - [2025-01-26T11:24:07.390-0300] {dag.py:4180} INFO - Setting next_dagrun for example_branch_labels to 2025-01-25T00:00:00+00:00, run_after=2025-01-26T00:00:00+00:00
[2025-01-26T11:24:07.806-0300] {processor.py:208} INFO - Processing /mnt/c/Users/ander/Desktop/airflow-spark/airflow-spark/curso2/ambientX/lib/python3.9/site-packages/airflow/example_dags/example_branch_labels.py took 0.530 seconds
[2025-01-26T11:26:34.831-0300] {processor.py:186} INFO - Started process (PID=21252) to work on /mnt/c/Users/ander/Desktop/airflow-spark/airflow-spark/curso2/ambientX/lib/python3.9/site-packages/airflow/example_dags/example_branch_labels.py
[2025-01-26T11:26:34.833-0300] {processor.py:914} INFO - Processing file /mnt/c/Users/ander/Desktop/airflow-spark/airflow-spark/curso2/ambientX/lib/python3.9/site-packages/airflow/example_dags/example_branch_labels.py for tasks to queue
[2025-01-26T11:26:34.836-0300] {logging_mixin.py:190} INFO - [2025-01-26T11:26:34.835-0300] {dagbag.py:588} INFO - Filling up the DagBag from /mnt/c/Users/ander/Desktop/airflow-spark/airflow-spark/curso2/ambientX/lib/python3.9/site-packages/airflow/example_dags/example_branch_labels.py
[2025-01-26T11:26:34.873-0300] {processor.py:925} INFO - DAG(s) 'example_branch_labels' retrieved from /mnt/c/Users/ander/Desktop/airflow-spark/airflow-spark/curso2/ambientX/lib/python3.9/site-packages/airflow/example_dags/example_branch_labels.py
[2025-01-26T11:26:34.927-0300] {logging_mixin.py:190} INFO - [2025-01-26T11:26:34.927-0300] {dag.py:3239} INFO - Sync 1 DAGs
[2025-01-26T11:26:34.961-0300] {logging_mixin.py:190} INFO - [2025-01-26T11:26:34.961-0300] {dag.py:4180} INFO - Setting next_dagrun for example_branch_labels to 2025-01-25T00:00:00+00:00, run_after=2025-01-26T00:00:00+00:00
[2025-01-26T11:26:35.028-0300] {processor.py:208} INFO - Processing /mnt/c/Users/ander/Desktop/airflow-spark/airflow-spark/curso2/ambientX/lib/python3.9/site-packages/airflow/example_dags/example_branch_labels.py took 0.215 seconds
[2025-01-26T11:28:49.479-0300] {processor.py:186} INFO - Started process (PID=21932) to work on /mnt/c/Users/ander/Desktop/airflow-spark/airflow-spark/curso2/ambientX/lib/python3.9/site-packages/airflow/example_dags/example_branch_labels.py
[2025-01-26T11:28:49.480-0300] {processor.py:914} INFO - Processing file /mnt/c/Users/ander/Desktop/airflow-spark/airflow-spark/curso2/ambientX/lib/python3.9/site-packages/airflow/example_dags/example_branch_labels.py for tasks to queue
[2025-01-26T11:28:49.482-0300] {logging_mixin.py:190} INFO - [2025-01-26T11:28:49.482-0300] {dagbag.py:588} INFO - Filling up the DagBag from /mnt/c/Users/ander/Desktop/airflow-spark/airflow-spark/curso2/ambientX/lib/python3.9/site-packages/airflow/example_dags/example_branch_labels.py
[2025-01-26T11:28:49.515-0300] {processor.py:925} INFO - DAG(s) 'example_branch_labels' retrieved from /mnt/c/Users/ander/Desktop/airflow-spark/airflow-spark/curso2/ambientX/lib/python3.9/site-packages/airflow/example_dags/example_branch_labels.py
[2025-01-26T11:28:49.555-0300] {logging_mixin.py:190} INFO - [2025-01-26T11:28:49.555-0300] {dag.py:3239} INFO - Sync 1 DAGs
[2025-01-26T11:28:49.589-0300] {logging_mixin.py:190} INFO - [2025-01-26T11:28:49.588-0300] {dag.py:4180} INFO - Setting next_dagrun for example_branch_labels to 2025-01-25T00:00:00+00:00, run_after=2025-01-26T00:00:00+00:00
[2025-01-26T11:28:49.653-0300] {processor.py:208} INFO - Processing /mnt/c/Users/ander/Desktop/airflow-spark/airflow-spark/curso2/ambientX/lib/python3.9/site-packages/airflow/example_dags/example_branch_labels.py took 0.194 seconds
[2025-01-26T11:31:52.010-0300] {processor.py:186} INFO - Started process (PID=22840) to work on /mnt/c/Users/ander/Desktop/airflow-spark/airflow-spark/curso2/ambientX/lib/python3.9/site-packages/airflow/example_dags/example_branch_labels.py
[2025-01-26T11:31:52.011-0300] {processor.py:914} INFO - Processing file /mnt/c/Users/ander/Desktop/airflow-spark/airflow-spark/curso2/ambientX/lib/python3.9/site-packages/airflow/example_dags/example_branch_labels.py for tasks to queue
[2025-01-26T11:31:52.013-0300] {logging_mixin.py:190} INFO - [2025-01-26T11:31:52.012-0300] {dagbag.py:588} INFO - Filling up the DagBag from /mnt/c/Users/ander/Desktop/airflow-spark/airflow-spark/curso2/ambientX/lib/python3.9/site-packages/airflow/example_dags/example_branch_labels.py
[2025-01-26T11:31:52.039-0300] {processor.py:925} INFO - DAG(s) 'example_branch_labels' retrieved from /mnt/c/Users/ander/Desktop/airflow-spark/airflow-spark/curso2/ambientX/lib/python3.9/site-packages/airflow/example_dags/example_branch_labels.py
[2025-01-26T11:31:52.076-0300] {logging_mixin.py:190} INFO - [2025-01-26T11:31:52.076-0300] {dag.py:3239} INFO - Sync 1 DAGs
[2025-01-26T11:31:52.108-0300] {logging_mixin.py:190} INFO - [2025-01-26T11:31:52.108-0300] {dag.py:4180} INFO - Setting next_dagrun for example_branch_labels to 2025-01-25T00:00:00+00:00, run_after=2025-01-26T00:00:00+00:00
[2025-01-26T11:31:52.238-0300] {processor.py:208} INFO - Processing /mnt/c/Users/ander/Desktop/airflow-spark/airflow-spark/curso2/ambientX/lib/python3.9/site-packages/airflow/example_dags/example_branch_labels.py took 0.245 seconds
[2025-01-26T11:34:18.585-0300] {processor.py:186} INFO - Started process (PID=23544) to work on /mnt/c/Users/ander/Desktop/airflow-spark/airflow-spark/curso2/ambientX/lib/python3.9/site-packages/airflow/example_dags/example_branch_labels.py
[2025-01-26T11:34:18.586-0300] {processor.py:914} INFO - Processing file /mnt/c/Users/ander/Desktop/airflow-spark/airflow-spark/curso2/ambientX/lib/python3.9/site-packages/airflow/example_dags/example_branch_labels.py for tasks to queue
[2025-01-26T11:34:18.588-0300] {logging_mixin.py:190} INFO - [2025-01-26T11:34:18.587-0300] {dagbag.py:588} INFO - Filling up the DagBag from /mnt/c/Users/ander/Desktop/airflow-spark/airflow-spark/curso2/ambientX/lib/python3.9/site-packages/airflow/example_dags/example_branch_labels.py
[2025-01-26T11:34:18.615-0300] {processor.py:925} INFO - DAG(s) 'example_branch_labels' retrieved from /mnt/c/Users/ander/Desktop/airflow-spark/airflow-spark/curso2/ambientX/lib/python3.9/site-packages/airflow/example_dags/example_branch_labels.py
[2025-01-26T11:34:18.655-0300] {logging_mixin.py:190} INFO - [2025-01-26T11:34:18.655-0300] {dag.py:3239} INFO - Sync 1 DAGs
[2025-01-26T11:34:18.689-0300] {logging_mixin.py:190} INFO - [2025-01-26T11:34:18.688-0300] {dag.py:4180} INFO - Setting next_dagrun for example_branch_labels to 2025-01-25T00:00:00+00:00, run_after=2025-01-26T00:00:00+00:00
[2025-01-26T11:34:18.744-0300] {processor.py:208} INFO - Processing /mnt/c/Users/ander/Desktop/airflow-spark/airflow-spark/curso2/ambientX/lib/python3.9/site-packages/airflow/example_dags/example_branch_labels.py took 0.177 seconds
[2025-01-26T11:35:58.523-0300] {processor.py:186} INFO - Started process (PID=24050) to work on /mnt/c/Users/ander/Desktop/airflow-spark/airflow-spark/curso2/ambientX/lib/python3.9/site-packages/airflow/example_dags/example_branch_labels.py
[2025-01-26T11:35:58.525-0300] {processor.py:914} INFO - Processing file /mnt/c/Users/ander/Desktop/airflow-spark/airflow-spark/curso2/ambientX/lib/python3.9/site-packages/airflow/example_dags/example_branch_labels.py for tasks to queue
[2025-01-26T11:35:58.527-0300] {logging_mixin.py:190} INFO - [2025-01-26T11:35:58.526-0300] {dagbag.py:588} INFO - Filling up the DagBag from /mnt/c/Users/ander/Desktop/airflow-spark/airflow-spark/curso2/ambientX/lib/python3.9/site-packages/airflow/example_dags/example_branch_labels.py
[2025-01-26T11:35:58.559-0300] {processor.py:925} INFO - DAG(s) 'example_branch_labels' retrieved from /mnt/c/Users/ander/Desktop/airflow-spark/airflow-spark/curso2/ambientX/lib/python3.9/site-packages/airflow/example_dags/example_branch_labels.py
[2025-01-26T11:35:58.601-0300] {logging_mixin.py:190} INFO - [2025-01-26T11:35:58.601-0300] {dag.py:3239} INFO - Sync 1 DAGs
[2025-01-26T11:35:58.635-0300] {logging_mixin.py:190} INFO - [2025-01-26T11:35:58.635-0300] {dag.py:4180} INFO - Setting next_dagrun for example_branch_labels to 2025-01-25T00:00:00+00:00, run_after=2025-01-26T00:00:00+00:00
[2025-01-26T11:35:58.705-0300] {processor.py:208} INFO - Processing /mnt/c/Users/ander/Desktop/airflow-spark/airflow-spark/curso2/ambientX/lib/python3.9/site-packages/airflow/example_dags/example_branch_labels.py took 0.201 seconds
[2025-01-26T11:37:41.650-0300] {processor.py:186} INFO - Started process (PID=24504) to work on /mnt/c/Users/ander/Desktop/airflow-spark/airflow-spark/curso2/ambientX/lib/python3.9/site-packages/airflow/example_dags/example_branch_labels.py
[2025-01-26T11:37:41.652-0300] {processor.py:914} INFO - Processing file /mnt/c/Users/ander/Desktop/airflow-spark/airflow-spark/curso2/ambientX/lib/python3.9/site-packages/airflow/example_dags/example_branch_labels.py for tasks to queue
[2025-01-26T11:37:41.654-0300] {logging_mixin.py:190} INFO - [2025-01-26T11:37:41.653-0300] {dagbag.py:588} INFO - Filling up the DagBag from /mnt/c/Users/ander/Desktop/airflow-spark/airflow-spark/curso2/ambientX/lib/python3.9/site-packages/airflow/example_dags/example_branch_labels.py
[2025-01-26T11:37:41.687-0300] {processor.py:925} INFO - DAG(s) 'example_branch_labels' retrieved from /mnt/c/Users/ander/Desktop/airflow-spark/airflow-spark/curso2/ambientX/lib/python3.9/site-packages/airflow/example_dags/example_branch_labels.py
[2025-01-26T11:37:41.733-0300] {logging_mixin.py:190} INFO - [2025-01-26T11:37:41.733-0300] {dag.py:3239} INFO - Sync 1 DAGs
[2025-01-26T11:37:41.766-0300] {logging_mixin.py:190} INFO - [2025-01-26T11:37:41.766-0300] {dag.py:4180} INFO - Setting next_dagrun for example_branch_labels to 2025-01-25T00:00:00+00:00, run_after=2025-01-26T00:00:00+00:00
[2025-01-26T11:37:41.823-0300] {processor.py:208} INFO - Processing /mnt/c/Users/ander/Desktop/airflow-spark/airflow-spark/curso2/ambientX/lib/python3.9/site-packages/airflow/example_dags/example_branch_labels.py took 0.189 seconds
[2025-01-26T11:39:20.500-0300] {processor.py:186} INFO - Started process (PID=25022) to work on /mnt/c/Users/ander/Desktop/airflow-spark/airflow-spark/curso2/ambientX/lib/python3.9/site-packages/airflow/example_dags/example_branch_labels.py
[2025-01-26T11:39:20.501-0300] {processor.py:914} INFO - Processing file /mnt/c/Users/ander/Desktop/airflow-spark/airflow-spark/curso2/ambientX/lib/python3.9/site-packages/airflow/example_dags/example_branch_labels.py for tasks to queue
[2025-01-26T11:39:20.504-0300] {logging_mixin.py:190} INFO - [2025-01-26T11:39:20.503-0300] {dagbag.py:588} INFO - Filling up the DagBag from /mnt/c/Users/ander/Desktop/airflow-spark/airflow-spark/curso2/ambientX/lib/python3.9/site-packages/airflow/example_dags/example_branch_labels.py
[2025-01-26T11:39:20.533-0300] {processor.py:925} INFO - DAG(s) 'example_branch_labels' retrieved from /mnt/c/Users/ander/Desktop/airflow-spark/airflow-spark/curso2/ambientX/lib/python3.9/site-packages/airflow/example_dags/example_branch_labels.py
[2025-01-26T11:39:20.572-0300] {logging_mixin.py:190} INFO - [2025-01-26T11:39:20.572-0300] {dag.py:3239} INFO - Sync 1 DAGs
[2025-01-26T11:39:20.605-0300] {logging_mixin.py:190} INFO - [2025-01-26T11:39:20.605-0300] {dag.py:4180} INFO - Setting next_dagrun for example_branch_labels to 2025-01-25T00:00:00+00:00, run_after=2025-01-26T00:00:00+00:00
[2025-01-26T11:39:20.670-0300] {processor.py:208} INFO - Processing /mnt/c/Users/ander/Desktop/airflow-spark/airflow-spark/curso2/ambientX/lib/python3.9/site-packages/airflow/example_dags/example_branch_labels.py took 0.186 seconds
[2025-01-26T11:40:57.635-0300] {processor.py:186} INFO - Started process (PID=25461) to work on /mnt/c/Users/ander/Desktop/airflow-spark/airflow-spark/curso2/ambientX/lib/python3.9/site-packages/airflow/example_dags/example_branch_labels.py
[2025-01-26T11:40:57.636-0300] {processor.py:914} INFO - Processing file /mnt/c/Users/ander/Desktop/airflow-spark/airflow-spark/curso2/ambientX/lib/python3.9/site-packages/airflow/example_dags/example_branch_labels.py for tasks to queue
[2025-01-26T11:40:57.638-0300] {logging_mixin.py:190} INFO - [2025-01-26T11:40:57.638-0300] {dagbag.py:588} INFO - Filling up the DagBag from /mnt/c/Users/ander/Desktop/airflow-spark/airflow-spark/curso2/ambientX/lib/python3.9/site-packages/airflow/example_dags/example_branch_labels.py
[2025-01-26T11:40:57.669-0300] {processor.py:925} INFO - DAG(s) 'example_branch_labels' retrieved from /mnt/c/Users/ander/Desktop/airflow-spark/airflow-spark/curso2/ambientX/lib/python3.9/site-packages/airflow/example_dags/example_branch_labels.py
[2025-01-26T11:40:57.709-0300] {logging_mixin.py:190} INFO - [2025-01-26T11:40:57.709-0300] {dag.py:3239} INFO - Sync 1 DAGs
[2025-01-26T11:40:57.740-0300] {logging_mixin.py:190} INFO - [2025-01-26T11:40:57.740-0300] {dag.py:4180} INFO - Setting next_dagrun for example_branch_labels to 2025-01-25T00:00:00+00:00, run_after=2025-01-26T00:00:00+00:00
[2025-01-26T11:40:57.805-0300] {processor.py:208} INFO - Processing /mnt/c/Users/ander/Desktop/airflow-spark/airflow-spark/curso2/ambientX/lib/python3.9/site-packages/airflow/example_dags/example_branch_labels.py took 0.187 seconds
[2025-01-26T11:42:38.801-0300] {processor.py:186} INFO - Started process (PID=26036) to work on /mnt/c/Users/ander/Desktop/airflow-spark/airflow-spark/curso2/ambientX/lib/python3.9/site-packages/airflow/example_dags/example_branch_labels.py
[2025-01-26T11:42:38.803-0300] {processor.py:914} INFO - Processing file /mnt/c/Users/ander/Desktop/airflow-spark/airflow-spark/curso2/ambientX/lib/python3.9/site-packages/airflow/example_dags/example_branch_labels.py for tasks to queue
[2025-01-26T11:42:38.805-0300] {logging_mixin.py:190} INFO - [2025-01-26T11:42:38.804-0300] {dagbag.py:588} INFO - Filling up the DagBag from /mnt/c/Users/ander/Desktop/airflow-spark/airflow-spark/curso2/ambientX/lib/python3.9/site-packages/airflow/example_dags/example_branch_labels.py
[2025-01-26T11:42:38.834-0300] {processor.py:925} INFO - DAG(s) 'example_branch_labels' retrieved from /mnt/c/Users/ander/Desktop/airflow-spark/airflow-spark/curso2/ambientX/lib/python3.9/site-packages/airflow/example_dags/example_branch_labels.py
[2025-01-26T11:42:38.871-0300] {logging_mixin.py:190} INFO - [2025-01-26T11:42:38.870-0300] {dag.py:3239} INFO - Sync 1 DAGs
[2025-01-26T11:42:38.901-0300] {logging_mixin.py:190} INFO - [2025-01-26T11:42:38.901-0300] {dag.py:4180} INFO - Setting next_dagrun for example_branch_labels to 2025-01-25T00:00:00+00:00, run_after=2025-01-26T00:00:00+00:00
[2025-01-26T11:42:38.963-0300] {processor.py:208} INFO - Processing /mnt/c/Users/ander/Desktop/airflow-spark/airflow-spark/curso2/ambientX/lib/python3.9/site-packages/airflow/example_dags/example_branch_labels.py took 0.179 seconds
[2025-01-26T11:44:27.839-0300] {processor.py:186} INFO - Started process (PID=26577) to work on /mnt/c/Users/ander/Desktop/airflow-spark/airflow-spark/curso2/ambientX/lib/python3.9/site-packages/airflow/example_dags/example_branch_labels.py
[2025-01-26T11:44:27.841-0300] {processor.py:914} INFO - Processing file /mnt/c/Users/ander/Desktop/airflow-spark/airflow-spark/curso2/ambientX/lib/python3.9/site-packages/airflow/example_dags/example_branch_labels.py for tasks to queue
[2025-01-26T11:44:27.843-0300] {logging_mixin.py:190} INFO - [2025-01-26T11:44:27.842-0300] {dagbag.py:588} INFO - Filling up the DagBag from /mnt/c/Users/ander/Desktop/airflow-spark/airflow-spark/curso2/ambientX/lib/python3.9/site-packages/airflow/example_dags/example_branch_labels.py
[2025-01-26T11:44:27.873-0300] {processor.py:925} INFO - DAG(s) 'example_branch_labels' retrieved from /mnt/c/Users/ander/Desktop/airflow-spark/airflow-spark/curso2/ambientX/lib/python3.9/site-packages/airflow/example_dags/example_branch_labels.py
[2025-01-26T11:44:27.916-0300] {logging_mixin.py:190} INFO - [2025-01-26T11:44:27.915-0300] {dag.py:3239} INFO - Sync 1 DAGs
[2025-01-26T11:44:27.948-0300] {logging_mixin.py:190} INFO - [2025-01-26T11:44:27.948-0300] {dag.py:4180} INFO - Setting next_dagrun for example_branch_labels to 2025-01-25T00:00:00+00:00, run_after=2025-01-26T00:00:00+00:00
[2025-01-26T11:44:28.016-0300] {processor.py:208} INFO - Processing /mnt/c/Users/ander/Desktop/airflow-spark/airflow-spark/curso2/ambientX/lib/python3.9/site-packages/airflow/example_dags/example_branch_labels.py took 0.195 seconds
