[2025-01-26T10:25:20.947-0300] {processor.py:186} INFO - Started process (PID=2018) to work on /mnt/c/Users/ander/Desktop/airflow-spark/airflow-spark/curso2/ambientX/lib/python3.9/site-packages/airflow/example_dags/example_trigger_target_dag.py
[2025-01-26T10:25:20.949-0300] {processor.py:914} INFO - Processing file /mnt/c/Users/ander/Desktop/airflow-spark/airflow-spark/curso2/ambientX/lib/python3.9/site-packages/airflow/example_dags/example_trigger_target_dag.py for tasks to queue
[2025-01-26T10:25:20.953-0300] {logging_mixin.py:190} INFO - [2025-01-26T10:25:20.953-0300] {dagbag.py:588} INFO - Filling up the DagBag from /mnt/c/Users/ander/Desktop/airflow-spark/airflow-spark/curso2/ambientX/lib/python3.9/site-packages/airflow/example_dags/example_trigger_target_dag.py
[2025-01-26T10:25:21.063-0300] {processor.py:925} INFO - DAG(s) 'example_trigger_target_dag' retrieved from /mnt/c/Users/ander/Desktop/airflow-spark/airflow-spark/curso2/ambientX/lib/python3.9/site-packages/airflow/example_dags/example_trigger_target_dag.py
[2025-01-26T10:25:21.184-0300] {logging_mixin.py:190} INFO - [2025-01-26T10:25:21.184-0300] {dag.py:3239} INFO - Sync 1 DAGs
[2025-01-26T10:25:21.205-0300] {logging_mixin.py:190} INFO - [2025-01-26T10:25:21.205-0300] {dag.py:4180} INFO - Setting next_dagrun for example_trigger_target_dag to None, run_after=None
[2025-01-26T10:25:21.289-0300] {processor.py:208} INFO - Processing /mnt/c/Users/ander/Desktop/airflow-spark/airflow-spark/curso2/ambientX/lib/python3.9/site-packages/airflow/example_dags/example_trigger_target_dag.py took 0.362 seconds
[2025-01-26T10:38:33.564-0300] {processor.py:186} INFO - Started process (PID=8059) to work on /mnt/c/Users/ander/Desktop/airflow-spark/airflow-spark/curso2/ambientX/lib/python3.9/site-packages/airflow/example_dags/example_trigger_target_dag.py
[2025-01-26T10:38:33.566-0300] {processor.py:914} INFO - Processing file /mnt/c/Users/ander/Desktop/airflow-spark/airflow-spark/curso2/ambientX/lib/python3.9/site-packages/airflow/example_dags/example_trigger_target_dag.py for tasks to queue
[2025-01-26T10:38:33.568-0300] {logging_mixin.py:190} INFO - [2025-01-26T10:38:33.567-0300] {dagbag.py:588} INFO - Filling up the DagBag from /mnt/c/Users/ander/Desktop/airflow-spark/airflow-spark/curso2/ambientX/lib/python3.9/site-packages/airflow/example_dags/example_trigger_target_dag.py
[2025-01-26T10:38:33.602-0300] {processor.py:925} INFO - DAG(s) 'example_trigger_target_dag' retrieved from /mnt/c/Users/ander/Desktop/airflow-spark/airflow-spark/curso2/ambientX/lib/python3.9/site-packages/airflow/example_dags/example_trigger_target_dag.py
[2025-01-26T10:38:33.735-0300] {logging_mixin.py:190} INFO - [2025-01-26T10:38:33.734-0300] {dag.py:3239} INFO - Sync 1 DAGs
[2025-01-26T10:38:33.757-0300] {logging_mixin.py:190} INFO - [2025-01-26T10:38:33.757-0300] {dag.py:4180} INFO - Setting next_dagrun for example_trigger_target_dag to None, run_after=None
[2025-01-26T10:38:33.856-0300] {processor.py:208} INFO - Processing /mnt/c/Users/ander/Desktop/airflow-spark/airflow-spark/curso2/ambientX/lib/python3.9/site-packages/airflow/example_dags/example_trigger_target_dag.py took 0.316 seconds
[2025-01-26T10:40:04.866-0300] {processor.py:186} INFO - Started process (PID=8369) to work on /mnt/c/Users/ander/Desktop/airflow-spark/airflow-spark/curso2/ambientX/lib/python3.9/site-packages/airflow/example_dags/example_trigger_target_dag.py
[2025-01-26T10:40:04.867-0300] {processor.py:914} INFO - Processing file /mnt/c/Users/ander/Desktop/airflow-spark/airflow-spark/curso2/ambientX/lib/python3.9/site-packages/airflow/example_dags/example_trigger_target_dag.py for tasks to queue
[2025-01-26T10:40:04.869-0300] {logging_mixin.py:190} INFO - [2025-01-26T10:40:04.869-0300] {dagbag.py:588} INFO - Filling up the DagBag from /mnt/c/Users/ander/Desktop/airflow-spark/airflow-spark/curso2/ambientX/lib/python3.9/site-packages/airflow/example_dags/example_trigger_target_dag.py
[2025-01-26T10:40:04.905-0300] {processor.py:925} INFO - DAG(s) 'example_trigger_target_dag' retrieved from /mnt/c/Users/ander/Desktop/airflow-spark/airflow-spark/curso2/ambientX/lib/python3.9/site-packages/airflow/example_dags/example_trigger_target_dag.py
[2025-01-26T10:40:04.960-0300] {logging_mixin.py:190} INFO - [2025-01-26T10:40:04.959-0300] {dag.py:3239} INFO - Sync 1 DAGs
[2025-01-26T10:40:04.990-0300] {logging_mixin.py:190} INFO - [2025-01-26T10:40:04.989-0300] {dag.py:4180} INFO - Setting next_dagrun for example_trigger_target_dag to None, run_after=None
[2025-01-26T10:40:05.081-0300] {processor.py:208} INFO - Processing /mnt/c/Users/ander/Desktop/airflow-spark/airflow-spark/curso2/ambientX/lib/python3.9/site-packages/airflow/example_dags/example_trigger_target_dag.py took 0.233 seconds
[2025-01-26T10:41:01.013-0300] {processor.py:186} INFO - Started process (PID=8782) to work on /mnt/c/Users/ander/Desktop/airflow-spark/airflow-spark/curso2/ambientX/lib/python3.9/site-packages/airflow/example_dags/example_trigger_target_dag.py
[2025-01-26T10:41:01.014-0300] {processor.py:914} INFO - Processing file /mnt/c/Users/ander/Desktop/airflow-spark/airflow-spark/curso2/ambientX/lib/python3.9/site-packages/airflow/example_dags/example_trigger_target_dag.py for tasks to queue
[2025-01-26T10:41:01.016-0300] {logging_mixin.py:190} INFO - [2025-01-26T10:41:01.016-0300] {dagbag.py:588} INFO - Filling up the DagBag from /mnt/c/Users/ander/Desktop/airflow-spark/airflow-spark/curso2/ambientX/lib/python3.9/site-packages/airflow/example_dags/example_trigger_target_dag.py
[2025-01-26T10:41:01.050-0300] {processor.py:925} INFO - DAG(s) 'example_trigger_target_dag' retrieved from /mnt/c/Users/ander/Desktop/airflow-spark/airflow-spark/curso2/ambientX/lib/python3.9/site-packages/airflow/example_dags/example_trigger_target_dag.py
[2025-01-26T10:41:01.094-0300] {logging_mixin.py:190} INFO - [2025-01-26T10:41:01.094-0300] {dag.py:3239} INFO - Sync 1 DAGs
[2025-01-26T10:41:01.115-0300] {logging_mixin.py:190} INFO - [2025-01-26T10:41:01.115-0300] {dag.py:4180} INFO - Setting next_dagrun for example_trigger_target_dag to None, run_after=None
[2025-01-26T10:41:01.189-0300] {processor.py:208} INFO - Processing /mnt/c/Users/ander/Desktop/airflow-spark/airflow-spark/curso2/ambientX/lib/python3.9/site-packages/airflow/example_dags/example_trigger_target_dag.py took 0.194 seconds
[2025-01-26T10:41:56.562-0300] {processor.py:186} INFO - Started process (PID=8996) to work on /mnt/c/Users/ander/Desktop/airflow-spark/airflow-spark/curso2/ambientX/lib/python3.9/site-packages/airflow/example_dags/example_trigger_target_dag.py
[2025-01-26T10:41:56.563-0300] {processor.py:914} INFO - Processing file /mnt/c/Users/ander/Desktop/airflow-spark/airflow-spark/curso2/ambientX/lib/python3.9/site-packages/airflow/example_dags/example_trigger_target_dag.py for tasks to queue
[2025-01-26T10:41:56.565-0300] {logging_mixin.py:190} INFO - [2025-01-26T10:41:56.564-0300] {dagbag.py:588} INFO - Filling up the DagBag from /mnt/c/Users/ander/Desktop/airflow-spark/airflow-spark/curso2/ambientX/lib/python3.9/site-packages/airflow/example_dags/example_trigger_target_dag.py
[2025-01-26T10:41:56.596-0300] {processor.py:925} INFO - DAG(s) 'example_trigger_target_dag' retrieved from /mnt/c/Users/ander/Desktop/airflow-spark/airflow-spark/curso2/ambientX/lib/python3.9/site-packages/airflow/example_dags/example_trigger_target_dag.py
[2025-01-26T10:41:56.639-0300] {logging_mixin.py:190} INFO - [2025-01-26T10:41:56.638-0300] {dag.py:3239} INFO - Sync 1 DAGs
[2025-01-26T10:41:56.660-0300] {logging_mixin.py:190} INFO - [2025-01-26T10:41:56.660-0300] {dag.py:4180} INFO - Setting next_dagrun for example_trigger_target_dag to None, run_after=None
[2025-01-26T10:41:56.742-0300] {processor.py:208} INFO - Processing /mnt/c/Users/ander/Desktop/airflow-spark/airflow-spark/curso2/ambientX/lib/python3.9/site-packages/airflow/example_dags/example_trigger_target_dag.py took 0.202 seconds
[2025-01-26T10:42:48.670-0300] {processor.py:186} INFO - Started process (PID=9208) to work on /mnt/c/Users/ander/Desktop/airflow-spark/airflow-spark/curso2/ambientX/lib/python3.9/site-packages/airflow/example_dags/example_trigger_target_dag.py
[2025-01-26T10:42:48.672-0300] {processor.py:914} INFO - Processing file /mnt/c/Users/ander/Desktop/airflow-spark/airflow-spark/curso2/ambientX/lib/python3.9/site-packages/airflow/example_dags/example_trigger_target_dag.py for tasks to queue
[2025-01-26T10:42:48.674-0300] {logging_mixin.py:190} INFO - [2025-01-26T10:42:48.674-0300] {dagbag.py:588} INFO - Filling up the DagBag from /mnt/c/Users/ander/Desktop/airflow-spark/airflow-spark/curso2/ambientX/lib/python3.9/site-packages/airflow/example_dags/example_trigger_target_dag.py
[2025-01-26T10:42:48.710-0300] {processor.py:925} INFO - DAG(s) 'example_trigger_target_dag' retrieved from /mnt/c/Users/ander/Desktop/airflow-spark/airflow-spark/curso2/ambientX/lib/python3.9/site-packages/airflow/example_dags/example_trigger_target_dag.py
[2025-01-26T10:42:48.761-0300] {logging_mixin.py:190} INFO - [2025-01-26T10:42:48.761-0300] {dag.py:3239} INFO - Sync 1 DAGs
[2025-01-26T10:42:48.785-0300] {logging_mixin.py:190} INFO - [2025-01-26T10:42:48.785-0300] {dag.py:4180} INFO - Setting next_dagrun for example_trigger_target_dag to None, run_after=None
[2025-01-26T10:42:48.867-0300] {processor.py:208} INFO - Processing /mnt/c/Users/ander/Desktop/airflow-spark/airflow-spark/curso2/ambientX/lib/python3.9/site-packages/airflow/example_dags/example_trigger_target_dag.py took 0.221 seconds
[2025-01-26T10:43:47.104-0300] {processor.py:186} INFO - Started process (PID=9433) to work on /mnt/c/Users/ander/Desktop/airflow-spark/airflow-spark/curso2/ambientX/lib/python3.9/site-packages/airflow/example_dags/example_trigger_target_dag.py
[2025-01-26T10:43:47.105-0300] {processor.py:914} INFO - Processing file /mnt/c/Users/ander/Desktop/airflow-spark/airflow-spark/curso2/ambientX/lib/python3.9/site-packages/airflow/example_dags/example_trigger_target_dag.py for tasks to queue
[2025-01-26T10:43:47.107-0300] {logging_mixin.py:190} INFO - [2025-01-26T10:43:47.107-0300] {dagbag.py:588} INFO - Filling up the DagBag from /mnt/c/Users/ander/Desktop/airflow-spark/airflow-spark/curso2/ambientX/lib/python3.9/site-packages/airflow/example_dags/example_trigger_target_dag.py
[2025-01-26T10:43:47.134-0300] {processor.py:925} INFO - DAG(s) 'example_trigger_target_dag' retrieved from /mnt/c/Users/ander/Desktop/airflow-spark/airflow-spark/curso2/ambientX/lib/python3.9/site-packages/airflow/example_dags/example_trigger_target_dag.py
[2025-01-26T10:43:47.173-0300] {logging_mixin.py:190} INFO - [2025-01-26T10:43:47.173-0300] {dag.py:3239} INFO - Sync 1 DAGs
[2025-01-26T10:43:47.194-0300] {logging_mixin.py:190} INFO - [2025-01-26T10:43:47.193-0300] {dag.py:4180} INFO - Setting next_dagrun for example_trigger_target_dag to None, run_after=None
[2025-01-26T10:43:47.450-0300] {processor.py:208} INFO - Processing /mnt/c/Users/ander/Desktop/airflow-spark/airflow-spark/curso2/ambientX/lib/python3.9/site-packages/airflow/example_dags/example_trigger_target_dag.py took 0.364 seconds
[2025-01-26T10:44:47.507-0300] {processor.py:186} INFO - Started process (PID=9665) to work on /mnt/c/Users/ander/Desktop/airflow-spark/airflow-spark/curso2/ambientX/lib/python3.9/site-packages/airflow/example_dags/example_trigger_target_dag.py
[2025-01-26T10:44:47.509-0300] {processor.py:914} INFO - Processing file /mnt/c/Users/ander/Desktop/airflow-spark/airflow-spark/curso2/ambientX/lib/python3.9/site-packages/airflow/example_dags/example_trigger_target_dag.py for tasks to queue
[2025-01-26T10:44:47.511-0300] {logging_mixin.py:190} INFO - [2025-01-26T10:44:47.511-0300] {dagbag.py:588} INFO - Filling up the DagBag from /mnt/c/Users/ander/Desktop/airflow-spark/airflow-spark/curso2/ambientX/lib/python3.9/site-packages/airflow/example_dags/example_trigger_target_dag.py
[2025-01-26T10:44:47.543-0300] {processor.py:925} INFO - DAG(s) 'example_trigger_target_dag' retrieved from /mnt/c/Users/ander/Desktop/airflow-spark/airflow-spark/curso2/ambientX/lib/python3.9/site-packages/airflow/example_dags/example_trigger_target_dag.py
[2025-01-26T10:44:47.587-0300] {logging_mixin.py:190} INFO - [2025-01-26T10:44:47.587-0300] {dag.py:3239} INFO - Sync 1 DAGs
[2025-01-26T10:44:47.608-0300] {logging_mixin.py:190} INFO - [2025-01-26T10:44:47.608-0300] {dag.py:4180} INFO - Setting next_dagrun for example_trigger_target_dag to None, run_after=None
[2025-01-26T10:44:47.670-0300] {processor.py:208} INFO - Processing /mnt/c/Users/ander/Desktop/airflow-spark/airflow-spark/curso2/ambientX/lib/python3.9/site-packages/airflow/example_dags/example_trigger_target_dag.py took 0.180 seconds
[2025-01-26T10:45:43.713-0300] {processor.py:186} INFO - Started process (PID=9897) to work on /mnt/c/Users/ander/Desktop/airflow-spark/airflow-spark/curso2/ambientX/lib/python3.9/site-packages/airflow/example_dags/example_trigger_target_dag.py
[2025-01-26T10:45:43.714-0300] {processor.py:914} INFO - Processing file /mnt/c/Users/ander/Desktop/airflow-spark/airflow-spark/curso2/ambientX/lib/python3.9/site-packages/airflow/example_dags/example_trigger_target_dag.py for tasks to queue
[2025-01-26T10:45:43.717-0300] {logging_mixin.py:190} INFO - [2025-01-26T10:45:43.716-0300] {dagbag.py:588} INFO - Filling up the DagBag from /mnt/c/Users/ander/Desktop/airflow-spark/airflow-spark/curso2/ambientX/lib/python3.9/site-packages/airflow/example_dags/example_trigger_target_dag.py
[2025-01-26T10:45:43.742-0300] {processor.py:925} INFO - DAG(s) 'example_trigger_target_dag' retrieved from /mnt/c/Users/ander/Desktop/airflow-spark/airflow-spark/curso2/ambientX/lib/python3.9/site-packages/airflow/example_dags/example_trigger_target_dag.py
[2025-01-26T10:45:43.781-0300] {logging_mixin.py:190} INFO - [2025-01-26T10:45:43.780-0300] {dag.py:3239} INFO - Sync 1 DAGs
[2025-01-26T10:45:43.803-0300] {logging_mixin.py:190} INFO - [2025-01-26T10:45:43.802-0300] {dag.py:4180} INFO - Setting next_dagrun for example_trigger_target_dag to None, run_after=None
[2025-01-26T10:45:43.874-0300] {processor.py:208} INFO - Processing /mnt/c/Users/ander/Desktop/airflow-spark/airflow-spark/curso2/ambientX/lib/python3.9/site-packages/airflow/example_dags/example_trigger_target_dag.py took 0.178 seconds
[2025-01-26T10:46:37.393-0300] {processor.py:186} INFO - Started process (PID=10175) to work on /mnt/c/Users/ander/Desktop/airflow-spark/airflow-spark/curso2/ambientX/lib/python3.9/site-packages/airflow/example_dags/example_trigger_target_dag.py
[2025-01-26T10:46:37.395-0300] {processor.py:914} INFO - Processing file /mnt/c/Users/ander/Desktop/airflow-spark/airflow-spark/curso2/ambientX/lib/python3.9/site-packages/airflow/example_dags/example_trigger_target_dag.py for tasks to queue
[2025-01-26T10:46:37.397-0300] {logging_mixin.py:190} INFO - [2025-01-26T10:46:37.396-0300] {dagbag.py:588} INFO - Filling up the DagBag from /mnt/c/Users/ander/Desktop/airflow-spark/airflow-spark/curso2/ambientX/lib/python3.9/site-packages/airflow/example_dags/example_trigger_target_dag.py
[2025-01-26T10:46:37.418-0300] {processor.py:925} INFO - DAG(s) 'example_trigger_target_dag' retrieved from /mnt/c/Users/ander/Desktop/airflow-spark/airflow-spark/curso2/ambientX/lib/python3.9/site-packages/airflow/example_dags/example_trigger_target_dag.py
[2025-01-26T10:46:37.454-0300] {logging_mixin.py:190} INFO - [2025-01-26T10:46:37.453-0300] {dag.py:3239} INFO - Sync 1 DAGs
[2025-01-26T10:46:37.473-0300] {logging_mixin.py:190} INFO - [2025-01-26T10:46:37.473-0300] {dag.py:4180} INFO - Setting next_dagrun for example_trigger_target_dag to None, run_after=None
[2025-01-26T10:46:37.532-0300] {processor.py:208} INFO - Processing /mnt/c/Users/ander/Desktop/airflow-spark/airflow-spark/curso2/ambientX/lib/python3.9/site-packages/airflow/example_dags/example_trigger_target_dag.py took 0.154 seconds
[2025-01-26T10:48:21.630-0300] {processor.py:186} INFO - Started process (PID=10537) to work on /mnt/c/Users/ander/Desktop/airflow-spark/airflow-spark/curso2/ambientX/lib/python3.9/site-packages/airflow/example_dags/example_trigger_target_dag.py
[2025-01-26T10:48:21.631-0300] {processor.py:914} INFO - Processing file /mnt/c/Users/ander/Desktop/airflow-spark/airflow-spark/curso2/ambientX/lib/python3.9/site-packages/airflow/example_dags/example_trigger_target_dag.py for tasks to queue
[2025-01-26T10:48:21.633-0300] {logging_mixin.py:190} INFO - [2025-01-26T10:48:21.633-0300] {dagbag.py:588} INFO - Filling up the DagBag from /mnt/c/Users/ander/Desktop/airflow-spark/airflow-spark/curso2/ambientX/lib/python3.9/site-packages/airflow/example_dags/example_trigger_target_dag.py
[2025-01-26T10:48:21.663-0300] {processor.py:925} INFO - DAG(s) 'example_trigger_target_dag' retrieved from /mnt/c/Users/ander/Desktop/airflow-spark/airflow-spark/curso2/ambientX/lib/python3.9/site-packages/airflow/example_dags/example_trigger_target_dag.py
[2025-01-26T10:48:21.711-0300] {logging_mixin.py:190} INFO - [2025-01-26T10:48:21.711-0300] {dag.py:3239} INFO - Sync 1 DAGs
[2025-01-26T10:48:21.736-0300] {logging_mixin.py:190} INFO - [2025-01-26T10:48:21.735-0300] {dag.py:4180} INFO - Setting next_dagrun for example_trigger_target_dag to None, run_after=None
[2025-01-26T10:48:21.811-0300] {processor.py:208} INFO - Processing /mnt/c/Users/ander/Desktop/airflow-spark/airflow-spark/curso2/ambientX/lib/python3.9/site-packages/airflow/example_dags/example_trigger_target_dag.py took 0.202 seconds
[2025-01-26T10:49:17.375-0300] {processor.py:186} INFO - Started process (PID=10767) to work on /mnt/c/Users/ander/Desktop/airflow-spark/airflow-spark/curso2/ambientX/lib/python3.9/site-packages/airflow/example_dags/example_trigger_target_dag.py
[2025-01-26T10:49:17.378-0300] {processor.py:914} INFO - Processing file /mnt/c/Users/ander/Desktop/airflow-spark/airflow-spark/curso2/ambientX/lib/python3.9/site-packages/airflow/example_dags/example_trigger_target_dag.py for tasks to queue
[2025-01-26T10:49:17.384-0300] {logging_mixin.py:190} INFO - [2025-01-26T10:49:17.381-0300] {dagbag.py:588} INFO - Filling up the DagBag from /mnt/c/Users/ander/Desktop/airflow-spark/airflow-spark/curso2/ambientX/lib/python3.9/site-packages/airflow/example_dags/example_trigger_target_dag.py
[2025-01-26T10:49:17.414-0300] {processor.py:925} INFO - DAG(s) 'example_trigger_target_dag' retrieved from /mnt/c/Users/ander/Desktop/airflow-spark/airflow-spark/curso2/ambientX/lib/python3.9/site-packages/airflow/example_dags/example_trigger_target_dag.py
[2025-01-26T10:49:17.471-0300] {logging_mixin.py:190} INFO - [2025-01-26T10:49:17.471-0300] {dag.py:3239} INFO - Sync 1 DAGs
[2025-01-26T10:49:17.504-0300] {logging_mixin.py:190} INFO - [2025-01-26T10:49:17.504-0300] {dag.py:4180} INFO - Setting next_dagrun for example_trigger_target_dag to None, run_after=None
[2025-01-26T10:49:17.593-0300] {processor.py:208} INFO - Processing /mnt/c/Users/ander/Desktop/airflow-spark/airflow-spark/curso2/ambientX/lib/python3.9/site-packages/airflow/example_dags/example_trigger_target_dag.py took 0.243 seconds
[2025-01-26T10:50:14.728-0300] {processor.py:186} INFO - Started process (PID=11086) to work on /mnt/c/Users/ander/Desktop/airflow-spark/airflow-spark/curso2/ambientX/lib/python3.9/site-packages/airflow/example_dags/example_trigger_target_dag.py
[2025-01-26T10:50:14.729-0300] {processor.py:914} INFO - Processing file /mnt/c/Users/ander/Desktop/airflow-spark/airflow-spark/curso2/ambientX/lib/python3.9/site-packages/airflow/example_dags/example_trigger_target_dag.py for tasks to queue
[2025-01-26T10:50:14.731-0300] {logging_mixin.py:190} INFO - [2025-01-26T10:50:14.731-0300] {dagbag.py:588} INFO - Filling up the DagBag from /mnt/c/Users/ander/Desktop/airflow-spark/airflow-spark/curso2/ambientX/lib/python3.9/site-packages/airflow/example_dags/example_trigger_target_dag.py
[2025-01-26T10:50:14.762-0300] {processor.py:925} INFO - DAG(s) 'example_trigger_target_dag' retrieved from /mnt/c/Users/ander/Desktop/airflow-spark/airflow-spark/curso2/ambientX/lib/python3.9/site-packages/airflow/example_dags/example_trigger_target_dag.py
[2025-01-26T10:50:14.811-0300] {logging_mixin.py:190} INFO - [2025-01-26T10:50:14.810-0300] {dag.py:3239} INFO - Sync 1 DAGs
[2025-01-26T10:50:14.834-0300] {logging_mixin.py:190} INFO - [2025-01-26T10:50:14.834-0300] {dag.py:4180} INFO - Setting next_dagrun for example_trigger_target_dag to None, run_after=None
[2025-01-26T10:50:14.912-0300] {processor.py:208} INFO - Processing /mnt/c/Users/ander/Desktop/airflow-spark/airflow-spark/curso2/ambientX/lib/python3.9/site-packages/airflow/example_dags/example_trigger_target_dag.py took 0.206 seconds
[2025-01-26T10:51:07.199-0300] {processor.py:186} INFO - Started process (PID=11295) to work on /mnt/c/Users/ander/Desktop/airflow-spark/airflow-spark/curso2/ambientX/lib/python3.9/site-packages/airflow/example_dags/example_trigger_target_dag.py
[2025-01-26T10:51:07.201-0300] {processor.py:914} INFO - Processing file /mnt/c/Users/ander/Desktop/airflow-spark/airflow-spark/curso2/ambientX/lib/python3.9/site-packages/airflow/example_dags/example_trigger_target_dag.py for tasks to queue
[2025-01-26T10:51:07.203-0300] {logging_mixin.py:190} INFO - [2025-01-26T10:51:07.202-0300] {dagbag.py:588} INFO - Filling up the DagBag from /mnt/c/Users/ander/Desktop/airflow-spark/airflow-spark/curso2/ambientX/lib/python3.9/site-packages/airflow/example_dags/example_trigger_target_dag.py
[2025-01-26T10:51:07.237-0300] {processor.py:925} INFO - DAG(s) 'example_trigger_target_dag' retrieved from /mnt/c/Users/ander/Desktop/airflow-spark/airflow-spark/curso2/ambientX/lib/python3.9/site-packages/airflow/example_dags/example_trigger_target_dag.py
[2025-01-26T10:51:07.283-0300] {logging_mixin.py:190} INFO - [2025-01-26T10:51:07.282-0300] {dag.py:3239} INFO - Sync 1 DAGs
[2025-01-26T10:51:07.307-0300] {logging_mixin.py:190} INFO - [2025-01-26T10:51:07.306-0300] {dag.py:4180} INFO - Setting next_dagrun for example_trigger_target_dag to None, run_after=None
[2025-01-26T10:51:07.413-0300] {processor.py:208} INFO - Processing /mnt/c/Users/ander/Desktop/airflow-spark/airflow-spark/curso2/ambientX/lib/python3.9/site-packages/airflow/example_dags/example_trigger_target_dag.py took 0.234 seconds
[2025-01-26T10:52:00.170-0300] {processor.py:186} INFO - Started process (PID=11580) to work on /mnt/c/Users/ander/Desktop/airflow-spark/airflow-spark/curso2/ambientX/lib/python3.9/site-packages/airflow/example_dags/example_trigger_target_dag.py
[2025-01-26T10:52:00.173-0300] {processor.py:914} INFO - Processing file /mnt/c/Users/ander/Desktop/airflow-spark/airflow-spark/curso2/ambientX/lib/python3.9/site-packages/airflow/example_dags/example_trigger_target_dag.py for tasks to queue
[2025-01-26T10:52:00.177-0300] {logging_mixin.py:190} INFO - [2025-01-26T10:52:00.176-0300] {dagbag.py:588} INFO - Filling up the DagBag from /mnt/c/Users/ander/Desktop/airflow-spark/airflow-spark/curso2/ambientX/lib/python3.9/site-packages/airflow/example_dags/example_trigger_target_dag.py
[2025-01-26T10:52:00.210-0300] {processor.py:925} INFO - DAG(s) 'example_trigger_target_dag' retrieved from /mnt/c/Users/ander/Desktop/airflow-spark/airflow-spark/curso2/ambientX/lib/python3.9/site-packages/airflow/example_dags/example_trigger_target_dag.py
[2025-01-26T10:52:00.260-0300] {logging_mixin.py:190} INFO - [2025-01-26T10:52:00.259-0300] {dag.py:3239} INFO - Sync 1 DAGs
[2025-01-26T10:52:00.284-0300] {logging_mixin.py:190} INFO - [2025-01-26T10:52:00.283-0300] {dag.py:4180} INFO - Setting next_dagrun for example_trigger_target_dag to None, run_after=None
[2025-01-26T10:52:00.364-0300] {processor.py:208} INFO - Processing /mnt/c/Users/ander/Desktop/airflow-spark/airflow-spark/curso2/ambientX/lib/python3.9/site-packages/airflow/example_dags/example_trigger_target_dag.py took 0.212 seconds
[2025-01-26T10:52:56.259-0300] {processor.py:186} INFO - Started process (PID=11805) to work on /mnt/c/Users/ander/Desktop/airflow-spark/airflow-spark/curso2/ambientX/lib/python3.9/site-packages/airflow/example_dags/example_trigger_target_dag.py
[2025-01-26T10:52:56.260-0300] {processor.py:914} INFO - Processing file /mnt/c/Users/ander/Desktop/airflow-spark/airflow-spark/curso2/ambientX/lib/python3.9/site-packages/airflow/example_dags/example_trigger_target_dag.py for tasks to queue
[2025-01-26T10:52:56.262-0300] {logging_mixin.py:190} INFO - [2025-01-26T10:52:56.262-0300] {dagbag.py:588} INFO - Filling up the DagBag from /mnt/c/Users/ander/Desktop/airflow-spark/airflow-spark/curso2/ambientX/lib/python3.9/site-packages/airflow/example_dags/example_trigger_target_dag.py
[2025-01-26T10:52:56.296-0300] {processor.py:925} INFO - DAG(s) 'example_trigger_target_dag' retrieved from /mnt/c/Users/ander/Desktop/airflow-spark/airflow-spark/curso2/ambientX/lib/python3.9/site-packages/airflow/example_dags/example_trigger_target_dag.py
[2025-01-26T10:52:56.345-0300] {logging_mixin.py:190} INFO - [2025-01-26T10:52:56.345-0300] {dag.py:3239} INFO - Sync 1 DAGs
[2025-01-26T10:52:56.376-0300] {logging_mixin.py:190} INFO - [2025-01-26T10:52:56.376-0300] {dag.py:4180} INFO - Setting next_dagrun for example_trigger_target_dag to None, run_after=None
[2025-01-26T10:52:56.472-0300] {processor.py:208} INFO - Processing /mnt/c/Users/ander/Desktop/airflow-spark/airflow-spark/curso2/ambientX/lib/python3.9/site-packages/airflow/example_dags/example_trigger_target_dag.py took 0.233 seconds
[2025-01-26T10:53:51.229-0300] {processor.py:186} INFO - Started process (PID=12037) to work on /mnt/c/Users/ander/Desktop/airflow-spark/airflow-spark/curso2/ambientX/lib/python3.9/site-packages/airflow/example_dags/example_trigger_target_dag.py
[2025-01-26T10:53:51.230-0300] {processor.py:914} INFO - Processing file /mnt/c/Users/ander/Desktop/airflow-spark/airflow-spark/curso2/ambientX/lib/python3.9/site-packages/airflow/example_dags/example_trigger_target_dag.py for tasks to queue
[2025-01-26T10:53:51.233-0300] {logging_mixin.py:190} INFO - [2025-01-26T10:53:51.232-0300] {dagbag.py:588} INFO - Filling up the DagBag from /mnt/c/Users/ander/Desktop/airflow-spark/airflow-spark/curso2/ambientX/lib/python3.9/site-packages/airflow/example_dags/example_trigger_target_dag.py
[2025-01-26T10:53:51.266-0300] {processor.py:925} INFO - DAG(s) 'example_trigger_target_dag' retrieved from /mnt/c/Users/ander/Desktop/airflow-spark/airflow-spark/curso2/ambientX/lib/python3.9/site-packages/airflow/example_dags/example_trigger_target_dag.py
[2025-01-26T10:53:51.309-0300] {logging_mixin.py:190} INFO - [2025-01-26T10:53:51.309-0300] {dag.py:3239} INFO - Sync 1 DAGs
[2025-01-26T10:53:51.334-0300] {logging_mixin.py:190} INFO - [2025-01-26T10:53:51.334-0300] {dag.py:4180} INFO - Setting next_dagrun for example_trigger_target_dag to None, run_after=None
[2025-01-26T10:53:51.418-0300] {processor.py:208} INFO - Processing /mnt/c/Users/ander/Desktop/airflow-spark/airflow-spark/curso2/ambientX/lib/python3.9/site-packages/airflow/example_dags/example_trigger_target_dag.py took 0.212 seconds
[2025-01-26T10:54:50.172-0300] {processor.py:186} INFO - Started process (PID=12274) to work on /mnt/c/Users/ander/Desktop/airflow-spark/airflow-spark/curso2/ambientX/lib/python3.9/site-packages/airflow/example_dags/example_trigger_target_dag.py
[2025-01-26T10:54:50.188-0300] {processor.py:914} INFO - Processing file /mnt/c/Users/ander/Desktop/airflow-spark/airflow-spark/curso2/ambientX/lib/python3.9/site-packages/airflow/example_dags/example_trigger_target_dag.py for tasks to queue
[2025-01-26T10:54:50.190-0300] {logging_mixin.py:190} INFO - [2025-01-26T10:54:50.190-0300] {dagbag.py:588} INFO - Filling up the DagBag from /mnt/c/Users/ander/Desktop/airflow-spark/airflow-spark/curso2/ambientX/lib/python3.9/site-packages/airflow/example_dags/example_trigger_target_dag.py
[2025-01-26T10:54:50.220-0300] {processor.py:925} INFO - DAG(s) 'example_trigger_target_dag' retrieved from /mnt/c/Users/ander/Desktop/airflow-spark/airflow-spark/curso2/ambientX/lib/python3.9/site-packages/airflow/example_dags/example_trigger_target_dag.py
[2025-01-26T10:54:50.279-0300] {logging_mixin.py:190} INFO - [2025-01-26T10:54:50.278-0300] {dag.py:3239} INFO - Sync 1 DAGs
[2025-01-26T10:54:50.313-0300] {logging_mixin.py:190} INFO - [2025-01-26T10:54:50.313-0300] {dag.py:4180} INFO - Setting next_dagrun for example_trigger_target_dag to None, run_after=None
[2025-01-26T10:54:50.387-0300] {processor.py:208} INFO - Processing /mnt/c/Users/ander/Desktop/airflow-spark/airflow-spark/curso2/ambientX/lib/python3.9/site-packages/airflow/example_dags/example_trigger_target_dag.py took 0.232 seconds
[2025-01-26T10:55:46.453-0300] {processor.py:186} INFO - Started process (PID=12499) to work on /mnt/c/Users/ander/Desktop/airflow-spark/airflow-spark/curso2/ambientX/lib/python3.9/site-packages/airflow/example_dags/example_trigger_target_dag.py
[2025-01-26T10:55:46.455-0300] {processor.py:914} INFO - Processing file /mnt/c/Users/ander/Desktop/airflow-spark/airflow-spark/curso2/ambientX/lib/python3.9/site-packages/airflow/example_dags/example_trigger_target_dag.py for tasks to queue
[2025-01-26T10:55:46.459-0300] {logging_mixin.py:190} INFO - [2025-01-26T10:55:46.457-0300] {dagbag.py:588} INFO - Filling up the DagBag from /mnt/c/Users/ander/Desktop/airflow-spark/airflow-spark/curso2/ambientX/lib/python3.9/site-packages/airflow/example_dags/example_trigger_target_dag.py
[2025-01-26T10:55:46.490-0300] {processor.py:925} INFO - DAG(s) 'example_trigger_target_dag' retrieved from /mnt/c/Users/ander/Desktop/airflow-spark/airflow-spark/curso2/ambientX/lib/python3.9/site-packages/airflow/example_dags/example_trigger_target_dag.py
[2025-01-26T10:55:46.543-0300] {logging_mixin.py:190} INFO - [2025-01-26T10:55:46.543-0300] {dag.py:3239} INFO - Sync 1 DAGs
[2025-01-26T10:55:46.580-0300] {logging_mixin.py:190} INFO - [2025-01-26T10:55:46.580-0300] {dag.py:4180} INFO - Setting next_dagrun for example_trigger_target_dag to None, run_after=None
[2025-01-26T10:55:46.667-0300] {processor.py:208} INFO - Processing /mnt/c/Users/ander/Desktop/airflow-spark/airflow-spark/curso2/ambientX/lib/python3.9/site-packages/airflow/example_dags/example_trigger_target_dag.py took 0.237 seconds
[2025-01-26T10:56:37.866-0300] {processor.py:186} INFO - Started process (PID=12724) to work on /mnt/c/Users/ander/Desktop/airflow-spark/airflow-spark/curso2/ambientX/lib/python3.9/site-packages/airflow/example_dags/example_trigger_target_dag.py
[2025-01-26T10:56:37.867-0300] {processor.py:914} INFO - Processing file /mnt/c/Users/ander/Desktop/airflow-spark/airflow-spark/curso2/ambientX/lib/python3.9/site-packages/airflow/example_dags/example_trigger_target_dag.py for tasks to queue
[2025-01-26T10:56:37.872-0300] {logging_mixin.py:190} INFO - [2025-01-26T10:56:37.870-0300] {dagbag.py:588} INFO - Filling up the DagBag from /mnt/c/Users/ander/Desktop/airflow-spark/airflow-spark/curso2/ambientX/lib/python3.9/site-packages/airflow/example_dags/example_trigger_target_dag.py
[2025-01-26T10:56:37.935-0300] {processor.py:925} INFO - DAG(s) 'example_trigger_target_dag' retrieved from /mnt/c/Users/ander/Desktop/airflow-spark/airflow-spark/curso2/ambientX/lib/python3.9/site-packages/airflow/example_dags/example_trigger_target_dag.py
[2025-01-26T10:56:38.017-0300] {logging_mixin.py:190} INFO - [2025-01-26T10:56:38.017-0300] {dag.py:3239} INFO - Sync 1 DAGs
[2025-01-26T10:56:38.069-0300] {logging_mixin.py:190} INFO - [2025-01-26T10:56:38.068-0300] {dag.py:4180} INFO - Setting next_dagrun for example_trigger_target_dag to None, run_after=None
[2025-01-26T10:56:38.179-0300] {processor.py:208} INFO - Processing /mnt/c/Users/ander/Desktop/airflow-spark/airflow-spark/curso2/ambientX/lib/python3.9/site-packages/airflow/example_dags/example_trigger_target_dag.py took 0.346 seconds
[2025-01-26T10:57:35.233-0300] {processor.py:186} INFO - Started process (PID=12954) to work on /mnt/c/Users/ander/Desktop/airflow-spark/airflow-spark/curso2/ambientX/lib/python3.9/site-packages/airflow/example_dags/example_trigger_target_dag.py
[2025-01-26T10:57:35.234-0300] {processor.py:914} INFO - Processing file /mnt/c/Users/ander/Desktop/airflow-spark/airflow-spark/curso2/ambientX/lib/python3.9/site-packages/airflow/example_dags/example_trigger_target_dag.py for tasks to queue
[2025-01-26T10:57:35.236-0300] {logging_mixin.py:190} INFO - [2025-01-26T10:57:35.235-0300] {dagbag.py:588} INFO - Filling up the DagBag from /mnt/c/Users/ander/Desktop/airflow-spark/airflow-spark/curso2/ambientX/lib/python3.9/site-packages/airflow/example_dags/example_trigger_target_dag.py
[2025-01-26T10:57:35.269-0300] {processor.py:925} INFO - DAG(s) 'example_trigger_target_dag' retrieved from /mnt/c/Users/ander/Desktop/airflow-spark/airflow-spark/curso2/ambientX/lib/python3.9/site-packages/airflow/example_dags/example_trigger_target_dag.py
[2025-01-26T10:57:35.318-0300] {logging_mixin.py:190} INFO - [2025-01-26T10:57:35.318-0300] {dag.py:3239} INFO - Sync 1 DAGs
[2025-01-26T10:57:35.343-0300] {logging_mixin.py:190} INFO - [2025-01-26T10:57:35.343-0300] {dag.py:4180} INFO - Setting next_dagrun for example_trigger_target_dag to None, run_after=None
[2025-01-26T10:57:35.420-0300] {processor.py:208} INFO - Processing /mnt/c/Users/ander/Desktop/airflow-spark/airflow-spark/curso2/ambientX/lib/python3.9/site-packages/airflow/example_dags/example_trigger_target_dag.py took 0.205 seconds
[2025-01-26T10:58:29.420-0300] {processor.py:186} INFO - Started process (PID=13200) to work on /mnt/c/Users/ander/Desktop/airflow-spark/airflow-spark/curso2/ambientX/lib/python3.9/site-packages/airflow/example_dags/example_trigger_target_dag.py
[2025-01-26T10:58:29.421-0300] {processor.py:914} INFO - Processing file /mnt/c/Users/ander/Desktop/airflow-spark/airflow-spark/curso2/ambientX/lib/python3.9/site-packages/airflow/example_dags/example_trigger_target_dag.py for tasks to queue
[2025-01-26T10:58:29.423-0300] {logging_mixin.py:190} INFO - [2025-01-26T10:58:29.423-0300] {dagbag.py:588} INFO - Filling up the DagBag from /mnt/c/Users/ander/Desktop/airflow-spark/airflow-spark/curso2/ambientX/lib/python3.9/site-packages/airflow/example_dags/example_trigger_target_dag.py
[2025-01-26T10:58:29.450-0300] {processor.py:925} INFO - DAG(s) 'example_trigger_target_dag' retrieved from /mnt/c/Users/ander/Desktop/airflow-spark/airflow-spark/curso2/ambientX/lib/python3.9/site-packages/airflow/example_dags/example_trigger_target_dag.py
[2025-01-26T10:58:29.491-0300] {logging_mixin.py:190} INFO - [2025-01-26T10:58:29.491-0300] {dag.py:3239} INFO - Sync 1 DAGs
[2025-01-26T10:58:29.512-0300] {logging_mixin.py:190} INFO - [2025-01-26T10:58:29.512-0300] {dag.py:4180} INFO - Setting next_dagrun for example_trigger_target_dag to None, run_after=None
[2025-01-26T10:58:29.616-0300] {processor.py:208} INFO - Processing /mnt/c/Users/ander/Desktop/airflow-spark/airflow-spark/curso2/ambientX/lib/python3.9/site-packages/airflow/example_dags/example_trigger_target_dag.py took 0.214 seconds
[2025-01-26T10:59:28.890-0300] {processor.py:186} INFO - Started process (PID=13489) to work on /mnt/c/Users/ander/Desktop/airflow-spark/airflow-spark/curso2/ambientX/lib/python3.9/site-packages/airflow/example_dags/example_trigger_target_dag.py
[2025-01-26T10:59:28.891-0300] {processor.py:914} INFO - Processing file /mnt/c/Users/ander/Desktop/airflow-spark/airflow-spark/curso2/ambientX/lib/python3.9/site-packages/airflow/example_dags/example_trigger_target_dag.py for tasks to queue
[2025-01-26T10:59:28.894-0300] {logging_mixin.py:190} INFO - [2025-01-26T10:59:28.893-0300] {dagbag.py:588} INFO - Filling up the DagBag from /mnt/c/Users/ander/Desktop/airflow-spark/airflow-spark/curso2/ambientX/lib/python3.9/site-packages/airflow/example_dags/example_trigger_target_dag.py
[2025-01-26T10:59:29.006-0300] {processor.py:925} INFO - DAG(s) 'example_trigger_target_dag' retrieved from /mnt/c/Users/ander/Desktop/airflow-spark/airflow-spark/curso2/ambientX/lib/python3.9/site-packages/airflow/example_dags/example_trigger_target_dag.py
[2025-01-26T10:59:29.074-0300] {logging_mixin.py:190} INFO - [2025-01-26T10:59:29.073-0300] {dag.py:3239} INFO - Sync 1 DAGs
[2025-01-26T10:59:29.098-0300] {logging_mixin.py:190} INFO - [2025-01-26T10:59:29.098-0300] {dag.py:4180} INFO - Setting next_dagrun for example_trigger_target_dag to None, run_after=None
[2025-01-26T10:59:29.170-0300] {processor.py:208} INFO - Processing /mnt/c/Users/ander/Desktop/airflow-spark/airflow-spark/curso2/ambientX/lib/python3.9/site-packages/airflow/example_dags/example_trigger_target_dag.py took 0.297 seconds
[2025-01-26T11:00:28.135-0300] {processor.py:186} INFO - Started process (PID=13805) to work on /mnt/c/Users/ander/Desktop/airflow-spark/airflow-spark/curso2/ambientX/lib/python3.9/site-packages/airflow/example_dags/example_trigger_target_dag.py
[2025-01-26T11:00:28.137-0300] {processor.py:914} INFO - Processing file /mnt/c/Users/ander/Desktop/airflow-spark/airflow-spark/curso2/ambientX/lib/python3.9/site-packages/airflow/example_dags/example_trigger_target_dag.py for tasks to queue
[2025-01-26T11:00:28.140-0300] {logging_mixin.py:190} INFO - [2025-01-26T11:00:28.140-0300] {dagbag.py:588} INFO - Filling up the DagBag from /mnt/c/Users/ander/Desktop/airflow-spark/airflow-spark/curso2/ambientX/lib/python3.9/site-packages/airflow/example_dags/example_trigger_target_dag.py
[2025-01-26T11:00:28.170-0300] {processor.py:925} INFO - DAG(s) 'example_trigger_target_dag' retrieved from /mnt/c/Users/ander/Desktop/airflow-spark/airflow-spark/curso2/ambientX/lib/python3.9/site-packages/airflow/example_dags/example_trigger_target_dag.py
[2025-01-26T11:00:28.211-0300] {logging_mixin.py:190} INFO - [2025-01-26T11:00:28.211-0300] {dag.py:3239} INFO - Sync 1 DAGs
[2025-01-26T11:00:28.232-0300] {logging_mixin.py:190} INFO - [2025-01-26T11:00:28.232-0300] {dag.py:4180} INFO - Setting next_dagrun for example_trigger_target_dag to None, run_after=None
[2025-01-26T11:00:28.323-0300] {processor.py:208} INFO - Processing /mnt/c/Users/ander/Desktop/airflow-spark/airflow-spark/curso2/ambientX/lib/python3.9/site-packages/airflow/example_dags/example_trigger_target_dag.py took 0.206 seconds
[2025-01-26T11:01:25.101-0300] {processor.py:186} INFO - Started process (PID=14070) to work on /mnt/c/Users/ander/Desktop/airflow-spark/airflow-spark/curso2/ambientX/lib/python3.9/site-packages/airflow/example_dags/example_trigger_target_dag.py
[2025-01-26T11:01:25.103-0300] {processor.py:914} INFO - Processing file /mnt/c/Users/ander/Desktop/airflow-spark/airflow-spark/curso2/ambientX/lib/python3.9/site-packages/airflow/example_dags/example_trigger_target_dag.py for tasks to queue
[2025-01-26T11:01:25.105-0300] {logging_mixin.py:190} INFO - [2025-01-26T11:01:25.104-0300] {dagbag.py:588} INFO - Filling up the DagBag from /mnt/c/Users/ander/Desktop/airflow-spark/airflow-spark/curso2/ambientX/lib/python3.9/site-packages/airflow/example_dags/example_trigger_target_dag.py
[2025-01-26T11:01:25.132-0300] {processor.py:925} INFO - DAG(s) 'example_trigger_target_dag' retrieved from /mnt/c/Users/ander/Desktop/airflow-spark/airflow-spark/curso2/ambientX/lib/python3.9/site-packages/airflow/example_dags/example_trigger_target_dag.py
[2025-01-26T11:01:25.173-0300] {logging_mixin.py:190} INFO - [2025-01-26T11:01:25.173-0300] {dag.py:3239} INFO - Sync 1 DAGs
[2025-01-26T11:01:25.194-0300] {logging_mixin.py:190} INFO - [2025-01-26T11:01:25.193-0300] {dag.py:4180} INFO - Setting next_dagrun for example_trigger_target_dag to None, run_after=None
[2025-01-26T11:01:25.271-0300] {processor.py:208} INFO - Processing /mnt/c/Users/ander/Desktop/airflow-spark/airflow-spark/curso2/ambientX/lib/python3.9/site-packages/airflow/example_dags/example_trigger_target_dag.py took 0.187 seconds
[2025-01-26T11:02:23.037-0300] {processor.py:186} INFO - Started process (PID=14305) to work on /mnt/c/Users/ander/Desktop/airflow-spark/airflow-spark/curso2/ambientX/lib/python3.9/site-packages/airflow/example_dags/example_trigger_target_dag.py
[2025-01-26T11:02:23.041-0300] {processor.py:914} INFO - Processing file /mnt/c/Users/ander/Desktop/airflow-spark/airflow-spark/curso2/ambientX/lib/python3.9/site-packages/airflow/example_dags/example_trigger_target_dag.py for tasks to queue
[2025-01-26T11:02:23.047-0300] {logging_mixin.py:190} INFO - [2025-01-26T11:02:23.046-0300] {dagbag.py:588} INFO - Filling up the DagBag from /mnt/c/Users/ander/Desktop/airflow-spark/airflow-spark/curso2/ambientX/lib/python3.9/site-packages/airflow/example_dags/example_trigger_target_dag.py
[2025-01-26T11:02:23.082-0300] {processor.py:925} INFO - DAG(s) 'example_trigger_target_dag' retrieved from /mnt/c/Users/ander/Desktop/airflow-spark/airflow-spark/curso2/ambientX/lib/python3.9/site-packages/airflow/example_dags/example_trigger_target_dag.py
[2025-01-26T11:02:23.126-0300] {logging_mixin.py:190} INFO - [2025-01-26T11:02:23.126-0300] {dag.py:3239} INFO - Sync 1 DAGs
[2025-01-26T11:02:23.152-0300] {logging_mixin.py:190} INFO - [2025-01-26T11:02:23.151-0300] {dag.py:4180} INFO - Setting next_dagrun for example_trigger_target_dag to None, run_after=None
[2025-01-26T11:02:23.224-0300] {processor.py:208} INFO - Processing /mnt/c/Users/ander/Desktop/airflow-spark/airflow-spark/curso2/ambientX/lib/python3.9/site-packages/airflow/example_dags/example_trigger_target_dag.py took 0.211 seconds
[2025-01-26T11:03:21.414-0300] {processor.py:186} INFO - Started process (PID=15045) to work on /mnt/c/Users/ander/Desktop/airflow-spark/airflow-spark/curso2/ambientX/lib/python3.9/site-packages/airflow/example_dags/example_trigger_target_dag.py
[2025-01-26T11:03:21.415-0300] {processor.py:914} INFO - Processing file /mnt/c/Users/ander/Desktop/airflow-spark/airflow-spark/curso2/ambientX/lib/python3.9/site-packages/airflow/example_dags/example_trigger_target_dag.py for tasks to queue
[2025-01-26T11:03:21.417-0300] {logging_mixin.py:190} INFO - [2025-01-26T11:03:21.417-0300] {dagbag.py:588} INFO - Filling up the DagBag from /mnt/c/Users/ander/Desktop/airflow-spark/airflow-spark/curso2/ambientX/lib/python3.9/site-packages/airflow/example_dags/example_trigger_target_dag.py
[2025-01-26T11:03:21.454-0300] {processor.py:925} INFO - DAG(s) 'example_trigger_target_dag' retrieved from /mnt/c/Users/ander/Desktop/airflow-spark/airflow-spark/curso2/ambientX/lib/python3.9/site-packages/airflow/example_dags/example_trigger_target_dag.py
[2025-01-26T11:03:21.500-0300] {logging_mixin.py:190} INFO - [2025-01-26T11:03:21.500-0300] {dag.py:3239} INFO - Sync 1 DAGs
[2025-01-26T11:03:21.520-0300] {logging_mixin.py:190} INFO - [2025-01-26T11:03:21.520-0300] {dag.py:4180} INFO - Setting next_dagrun for example_trigger_target_dag to None, run_after=None
[2025-01-26T11:03:21.595-0300] {processor.py:208} INFO - Processing /mnt/c/Users/ander/Desktop/airflow-spark/airflow-spark/curso2/ambientX/lib/python3.9/site-packages/airflow/example_dags/example_trigger_target_dag.py took 0.200 seconds
[2025-01-26T11:04:14.218-0300] {processor.py:186} INFO - Started process (PID=15276) to work on /mnt/c/Users/ander/Desktop/airflow-spark/airflow-spark/curso2/ambientX/lib/python3.9/site-packages/airflow/example_dags/example_trigger_target_dag.py
[2025-01-26T11:04:14.219-0300] {processor.py:914} INFO - Processing file /mnt/c/Users/ander/Desktop/airflow-spark/airflow-spark/curso2/ambientX/lib/python3.9/site-packages/airflow/example_dags/example_trigger_target_dag.py for tasks to queue
[2025-01-26T11:04:14.222-0300] {logging_mixin.py:190} INFO - [2025-01-26T11:04:14.221-0300] {dagbag.py:588} INFO - Filling up the DagBag from /mnt/c/Users/ander/Desktop/airflow-spark/airflow-spark/curso2/ambientX/lib/python3.9/site-packages/airflow/example_dags/example_trigger_target_dag.py
[2025-01-26T11:04:14.250-0300] {processor.py:925} INFO - DAG(s) 'example_trigger_target_dag' retrieved from /mnt/c/Users/ander/Desktop/airflow-spark/airflow-spark/curso2/ambientX/lib/python3.9/site-packages/airflow/example_dags/example_trigger_target_dag.py
[2025-01-26T11:04:14.297-0300] {logging_mixin.py:190} INFO - [2025-01-26T11:04:14.297-0300] {dag.py:3239} INFO - Sync 1 DAGs
[2025-01-26T11:04:14.320-0300] {logging_mixin.py:190} INFO - [2025-01-26T11:04:14.319-0300] {dag.py:4180} INFO - Setting next_dagrun for example_trigger_target_dag to None, run_after=None
[2025-01-26T11:04:14.383-0300] {processor.py:208} INFO - Processing /mnt/c/Users/ander/Desktop/airflow-spark/airflow-spark/curso2/ambientX/lib/python3.9/site-packages/airflow/example_dags/example_trigger_target_dag.py took 0.183 seconds
[2025-01-26T11:05:07.267-0300] {processor.py:186} INFO - Started process (PID=15494) to work on /mnt/c/Users/ander/Desktop/airflow-spark/airflow-spark/curso2/ambientX/lib/python3.9/site-packages/airflow/example_dags/example_trigger_target_dag.py
[2025-01-26T11:05:07.269-0300] {processor.py:914} INFO - Processing file /mnt/c/Users/ander/Desktop/airflow-spark/airflow-spark/curso2/ambientX/lib/python3.9/site-packages/airflow/example_dags/example_trigger_target_dag.py for tasks to queue
[2025-01-26T11:05:07.271-0300] {logging_mixin.py:190} INFO - [2025-01-26T11:05:07.271-0300] {dagbag.py:588} INFO - Filling up the DagBag from /mnt/c/Users/ander/Desktop/airflow-spark/airflow-spark/curso2/ambientX/lib/python3.9/site-packages/airflow/example_dags/example_trigger_target_dag.py
[2025-01-26T11:05:07.302-0300] {processor.py:925} INFO - DAG(s) 'example_trigger_target_dag' retrieved from /mnt/c/Users/ander/Desktop/airflow-spark/airflow-spark/curso2/ambientX/lib/python3.9/site-packages/airflow/example_dags/example_trigger_target_dag.py
[2025-01-26T11:05:07.340-0300] {logging_mixin.py:190} INFO - [2025-01-26T11:05:07.339-0300] {dag.py:3239} INFO - Sync 1 DAGs
[2025-01-26T11:05:07.360-0300] {logging_mixin.py:190} INFO - [2025-01-26T11:05:07.360-0300] {dag.py:4180} INFO - Setting next_dagrun for example_trigger_target_dag to None, run_after=None
[2025-01-26T11:05:07.427-0300] {processor.py:208} INFO - Processing /mnt/c/Users/ander/Desktop/airflow-spark/airflow-spark/curso2/ambientX/lib/python3.9/site-packages/airflow/example_dags/example_trigger_target_dag.py took 0.177 seconds
[2025-01-26T11:05:55.590-0300] {processor.py:186} INFO - Started process (PID=15713) to work on /mnt/c/Users/ander/Desktop/airflow-spark/airflow-spark/curso2/ambientX/lib/python3.9/site-packages/airflow/example_dags/example_trigger_target_dag.py
[2025-01-26T11:05:55.591-0300] {processor.py:914} INFO - Processing file /mnt/c/Users/ander/Desktop/airflow-spark/airflow-spark/curso2/ambientX/lib/python3.9/site-packages/airflow/example_dags/example_trigger_target_dag.py for tasks to queue
[2025-01-26T11:05:55.593-0300] {logging_mixin.py:190} INFO - [2025-01-26T11:05:55.593-0300] {dagbag.py:588} INFO - Filling up the DagBag from /mnt/c/Users/ander/Desktop/airflow-spark/airflow-spark/curso2/ambientX/lib/python3.9/site-packages/airflow/example_dags/example_trigger_target_dag.py
[2025-01-26T11:05:55.618-0300] {processor.py:925} INFO - DAG(s) 'example_trigger_target_dag' retrieved from /mnt/c/Users/ander/Desktop/airflow-spark/airflow-spark/curso2/ambientX/lib/python3.9/site-packages/airflow/example_dags/example_trigger_target_dag.py
[2025-01-26T11:05:55.659-0300] {logging_mixin.py:190} INFO - [2025-01-26T11:05:55.658-0300] {dag.py:3239} INFO - Sync 1 DAGs
[2025-01-26T11:05:55.683-0300] {logging_mixin.py:190} INFO - [2025-01-26T11:05:55.683-0300] {dag.py:4180} INFO - Setting next_dagrun for example_trigger_target_dag to None, run_after=None
[2025-01-26T11:05:55.736-0300] {processor.py:208} INFO - Processing /mnt/c/Users/ander/Desktop/airflow-spark/airflow-spark/curso2/ambientX/lib/python3.9/site-packages/airflow/example_dags/example_trigger_target_dag.py took 0.163 seconds
[2025-01-26T11:07:36.422-0300] {processor.py:186} INFO - Started process (PID=16085) to work on /mnt/c/Users/ander/Desktop/airflow-spark/airflow-spark/curso2/ambientX/lib/python3.9/site-packages/airflow/example_dags/example_trigger_target_dag.py
[2025-01-26T11:07:36.424-0300] {processor.py:914} INFO - Processing file /mnt/c/Users/ander/Desktop/airflow-spark/airflow-spark/curso2/ambientX/lib/python3.9/site-packages/airflow/example_dags/example_trigger_target_dag.py for tasks to queue
[2025-01-26T11:07:36.426-0300] {logging_mixin.py:190} INFO - [2025-01-26T11:07:36.425-0300] {dagbag.py:588} INFO - Filling up the DagBag from /mnt/c/Users/ander/Desktop/airflow-spark/airflow-spark/curso2/ambientX/lib/python3.9/site-packages/airflow/example_dags/example_trigger_target_dag.py
[2025-01-26T11:07:36.451-0300] {processor.py:925} INFO - DAG(s) 'example_trigger_target_dag' retrieved from /mnt/c/Users/ander/Desktop/airflow-spark/airflow-spark/curso2/ambientX/lib/python3.9/site-packages/airflow/example_dags/example_trigger_target_dag.py
[2025-01-26T11:07:36.492-0300] {logging_mixin.py:190} INFO - [2025-01-26T11:07:36.491-0300] {dag.py:3239} INFO - Sync 1 DAGs
[2025-01-26T11:07:36.512-0300] {logging_mixin.py:190} INFO - [2025-01-26T11:07:36.511-0300] {dag.py:4180} INFO - Setting next_dagrun for example_trigger_target_dag to None, run_after=None
[2025-01-26T11:07:36.579-0300] {processor.py:208} INFO - Processing /mnt/c/Users/ander/Desktop/airflow-spark/airflow-spark/curso2/ambientX/lib/python3.9/site-packages/airflow/example_dags/example_trigger_target_dag.py took 0.176 seconds
[2025-01-26T11:08:27.488-0300] {processor.py:186} INFO - Started process (PID=16371) to work on /mnt/c/Users/ander/Desktop/airflow-spark/airflow-spark/curso2/ambientX/lib/python3.9/site-packages/airflow/example_dags/example_trigger_target_dag.py
[2025-01-26T11:08:27.490-0300] {processor.py:914} INFO - Processing file /mnt/c/Users/ander/Desktop/airflow-spark/airflow-spark/curso2/ambientX/lib/python3.9/site-packages/airflow/example_dags/example_trigger_target_dag.py for tasks to queue
[2025-01-26T11:08:27.492-0300] {logging_mixin.py:190} INFO - [2025-01-26T11:08:27.491-0300] {dagbag.py:588} INFO - Filling up the DagBag from /mnt/c/Users/ander/Desktop/airflow-spark/airflow-spark/curso2/ambientX/lib/python3.9/site-packages/airflow/example_dags/example_trigger_target_dag.py
[2025-01-26T11:08:27.526-0300] {processor.py:925} INFO - DAG(s) 'example_trigger_target_dag' retrieved from /mnt/c/Users/ander/Desktop/airflow-spark/airflow-spark/curso2/ambientX/lib/python3.9/site-packages/airflow/example_dags/example_trigger_target_dag.py
[2025-01-26T11:08:27.563-0300] {logging_mixin.py:190} INFO - [2025-01-26T11:08:27.563-0300] {dag.py:3239} INFO - Sync 1 DAGs
[2025-01-26T11:08:27.583-0300] {logging_mixin.py:190} INFO - [2025-01-26T11:08:27.583-0300] {dag.py:4180} INFO - Setting next_dagrun for example_trigger_target_dag to None, run_after=None
[2025-01-26T11:08:27.684-0300] {processor.py:208} INFO - Processing /mnt/c/Users/ander/Desktop/airflow-spark/airflow-spark/curso2/ambientX/lib/python3.9/site-packages/airflow/example_dags/example_trigger_target_dag.py took 0.219 seconds
[2025-01-26T11:09:20.848-0300] {processor.py:186} INFO - Started process (PID=16595) to work on /mnt/c/Users/ander/Desktop/airflow-spark/airflow-spark/curso2/ambientX/lib/python3.9/site-packages/airflow/example_dags/example_trigger_target_dag.py
[2025-01-26T11:09:20.850-0300] {processor.py:914} INFO - Processing file /mnt/c/Users/ander/Desktop/airflow-spark/airflow-spark/curso2/ambientX/lib/python3.9/site-packages/airflow/example_dags/example_trigger_target_dag.py for tasks to queue
[2025-01-26T11:09:20.852-0300] {logging_mixin.py:190} INFO - [2025-01-26T11:09:20.851-0300] {dagbag.py:588} INFO - Filling up the DagBag from /mnt/c/Users/ander/Desktop/airflow-spark/airflow-spark/curso2/ambientX/lib/python3.9/site-packages/airflow/example_dags/example_trigger_target_dag.py
[2025-01-26T11:09:20.876-0300] {processor.py:925} INFO - DAG(s) 'example_trigger_target_dag' retrieved from /mnt/c/Users/ander/Desktop/airflow-spark/airflow-spark/curso2/ambientX/lib/python3.9/site-packages/airflow/example_dags/example_trigger_target_dag.py
[2025-01-26T11:09:20.913-0300] {logging_mixin.py:190} INFO - [2025-01-26T11:09:20.912-0300] {dag.py:3239} INFO - Sync 1 DAGs
[2025-01-26T11:09:20.934-0300] {logging_mixin.py:190} INFO - [2025-01-26T11:09:20.933-0300] {dag.py:4180} INFO - Setting next_dagrun for example_trigger_target_dag to None, run_after=None
[2025-01-26T11:09:21.003-0300] {processor.py:208} INFO - Processing /mnt/c/Users/ander/Desktop/airflow-spark/airflow-spark/curso2/ambientX/lib/python3.9/site-packages/airflow/example_dags/example_trigger_target_dag.py took 0.176 seconds
[2025-01-26T11:10:09.422-0300] {processor.py:186} INFO - Started process (PID=16812) to work on /mnt/c/Users/ander/Desktop/airflow-spark/airflow-spark/curso2/ambientX/lib/python3.9/site-packages/airflow/example_dags/example_trigger_target_dag.py
[2025-01-26T11:10:09.423-0300] {processor.py:914} INFO - Processing file /mnt/c/Users/ander/Desktop/airflow-spark/airflow-spark/curso2/ambientX/lib/python3.9/site-packages/airflow/example_dags/example_trigger_target_dag.py for tasks to queue
[2025-01-26T11:10:09.425-0300] {logging_mixin.py:190} INFO - [2025-01-26T11:10:09.425-0300] {dagbag.py:588} INFO - Filling up the DagBag from /mnt/c/Users/ander/Desktop/airflow-spark/airflow-spark/curso2/ambientX/lib/python3.9/site-packages/airflow/example_dags/example_trigger_target_dag.py
[2025-01-26T11:10:09.451-0300] {processor.py:925} INFO - DAG(s) 'example_trigger_target_dag' retrieved from /mnt/c/Users/ander/Desktop/airflow-spark/airflow-spark/curso2/ambientX/lib/python3.9/site-packages/airflow/example_dags/example_trigger_target_dag.py
[2025-01-26T11:10:09.490-0300] {logging_mixin.py:190} INFO - [2025-01-26T11:10:09.490-0300] {dag.py:3239} INFO - Sync 1 DAGs
[2025-01-26T11:10:09.517-0300] {logging_mixin.py:190} INFO - [2025-01-26T11:10:09.516-0300] {dag.py:4180} INFO - Setting next_dagrun for example_trigger_target_dag to None, run_after=None
[2025-01-26T11:10:09.589-0300] {processor.py:208} INFO - Processing /mnt/c/Users/ander/Desktop/airflow-spark/airflow-spark/curso2/ambientX/lib/python3.9/site-packages/airflow/example_dags/example_trigger_target_dag.py took 0.183 seconds
[2025-01-26T11:11:10.005-0300] {processor.py:186} INFO - Started process (PID=17054) to work on /mnt/c/Users/ander/Desktop/airflow-spark/airflow-spark/curso2/ambientX/lib/python3.9/site-packages/airflow/example_dags/example_trigger_target_dag.py
[2025-01-26T11:11:10.007-0300] {processor.py:914} INFO - Processing file /mnt/c/Users/ander/Desktop/airflow-spark/airflow-spark/curso2/ambientX/lib/python3.9/site-packages/airflow/example_dags/example_trigger_target_dag.py for tasks to queue
[2025-01-26T11:11:10.010-0300] {logging_mixin.py:190} INFO - [2025-01-26T11:11:10.009-0300] {dagbag.py:588} INFO - Filling up the DagBag from /mnt/c/Users/ander/Desktop/airflow-spark/airflow-spark/curso2/ambientX/lib/python3.9/site-packages/airflow/example_dags/example_trigger_target_dag.py
[2025-01-26T11:11:10.035-0300] {processor.py:925} INFO - DAG(s) 'example_trigger_target_dag' retrieved from /mnt/c/Users/ander/Desktop/airflow-spark/airflow-spark/curso2/ambientX/lib/python3.9/site-packages/airflow/example_dags/example_trigger_target_dag.py
[2025-01-26T11:11:10.070-0300] {logging_mixin.py:190} INFO - [2025-01-26T11:11:10.070-0300] {dag.py:3239} INFO - Sync 1 DAGs
[2025-01-26T11:11:10.097-0300] {logging_mixin.py:190} INFO - [2025-01-26T11:11:10.096-0300] {dag.py:4180} INFO - Setting next_dagrun for example_trigger_target_dag to None, run_after=None
[2025-01-26T11:11:10.323-0300] {processor.py:208} INFO - Processing /mnt/c/Users/ander/Desktop/airflow-spark/airflow-spark/curso2/ambientX/lib/python3.9/site-packages/airflow/example_dags/example_trigger_target_dag.py took 0.334 seconds
[2025-01-26T11:12:39.479-0300] {processor.py:186} INFO - Started process (PID=17369) to work on /mnt/c/Users/ander/Desktop/airflow-spark/airflow-spark/curso2/ambientX/lib/python3.9/site-packages/airflow/example_dags/example_trigger_target_dag.py
[2025-01-26T11:12:39.481-0300] {processor.py:914} INFO - Processing file /mnt/c/Users/ander/Desktop/airflow-spark/airflow-spark/curso2/ambientX/lib/python3.9/site-packages/airflow/example_dags/example_trigger_target_dag.py for tasks to queue
[2025-01-26T11:12:39.483-0300] {logging_mixin.py:190} INFO - [2025-01-26T11:12:39.483-0300] {dagbag.py:588} INFO - Filling up the DagBag from /mnt/c/Users/ander/Desktop/airflow-spark/airflow-spark/curso2/ambientX/lib/python3.9/site-packages/airflow/example_dags/example_trigger_target_dag.py
[2025-01-26T11:12:39.510-0300] {processor.py:925} INFO - DAG(s) 'example_trigger_target_dag' retrieved from /mnt/c/Users/ander/Desktop/airflow-spark/airflow-spark/curso2/ambientX/lib/python3.9/site-packages/airflow/example_dags/example_trigger_target_dag.py
[2025-01-26T11:12:39.549-0300] {logging_mixin.py:190} INFO - [2025-01-26T11:12:39.549-0300] {dag.py:3239} INFO - Sync 1 DAGs
[2025-01-26T11:12:39.570-0300] {logging_mixin.py:190} INFO - [2025-01-26T11:12:39.570-0300] {dag.py:4180} INFO - Setting next_dagrun for example_trigger_target_dag to None, run_after=None
[2025-01-26T11:12:40.541-0300] {processor.py:208} INFO - Processing /mnt/c/Users/ander/Desktop/airflow-spark/airflow-spark/curso2/ambientX/lib/python3.9/site-packages/airflow/example_dags/example_trigger_target_dag.py took 1.080 seconds
[2025-01-26T11:14:30.590-0300] {processor.py:186} INFO - Started process (PID=17929) to work on /mnt/c/Users/ander/Desktop/airflow-spark/airflow-spark/curso2/ambientX/lib/python3.9/site-packages/airflow/example_dags/example_trigger_target_dag.py
[2025-01-26T11:14:30.592-0300] {processor.py:914} INFO - Processing file /mnt/c/Users/ander/Desktop/airflow-spark/airflow-spark/curso2/ambientX/lib/python3.9/site-packages/airflow/example_dags/example_trigger_target_dag.py for tasks to queue
[2025-01-26T11:14:30.594-0300] {logging_mixin.py:190} INFO - [2025-01-26T11:14:30.594-0300] {dagbag.py:588} INFO - Filling up the DagBag from /mnt/c/Users/ander/Desktop/airflow-spark/airflow-spark/curso2/ambientX/lib/python3.9/site-packages/airflow/example_dags/example_trigger_target_dag.py
[2025-01-26T11:14:30.619-0300] {processor.py:925} INFO - DAG(s) 'example_trigger_target_dag' retrieved from /mnt/c/Users/ander/Desktop/airflow-spark/airflow-spark/curso2/ambientX/lib/python3.9/site-packages/airflow/example_dags/example_trigger_target_dag.py
[2025-01-26T11:14:30.659-0300] {logging_mixin.py:190} INFO - [2025-01-26T11:14:30.659-0300] {dag.py:3239} INFO - Sync 1 DAGs
[2025-01-26T11:14:30.680-0300] {logging_mixin.py:190} INFO - [2025-01-26T11:14:30.680-0300] {dag.py:4180} INFO - Setting next_dagrun for example_trigger_target_dag to None, run_after=None
[2025-01-26T11:14:32.186-0300] {processor.py:208} INFO - Processing /mnt/c/Users/ander/Desktop/airflow-spark/airflow-spark/curso2/ambientX/lib/python3.9/site-packages/airflow/example_dags/example_trigger_target_dag.py took 1.614 seconds
[2025-01-26T11:16:27.807-0300] {processor.py:186} INFO - Started process (PID=18514) to work on /mnt/c/Users/ander/Desktop/airflow-spark/airflow-spark/curso2/ambientX/lib/python3.9/site-packages/airflow/example_dags/example_trigger_target_dag.py
[2025-01-26T11:16:27.808-0300] {processor.py:914} INFO - Processing file /mnt/c/Users/ander/Desktop/airflow-spark/airflow-spark/curso2/ambientX/lib/python3.9/site-packages/airflow/example_dags/example_trigger_target_dag.py for tasks to queue
[2025-01-26T11:16:27.810-0300] {logging_mixin.py:190} INFO - [2025-01-26T11:16:27.810-0300] {dagbag.py:588} INFO - Filling up the DagBag from /mnt/c/Users/ander/Desktop/airflow-spark/airflow-spark/curso2/ambientX/lib/python3.9/site-packages/airflow/example_dags/example_trigger_target_dag.py
[2025-01-26T11:16:27.837-0300] {processor.py:925} INFO - DAG(s) 'example_trigger_target_dag' retrieved from /mnt/c/Users/ander/Desktop/airflow-spark/airflow-spark/curso2/ambientX/lib/python3.9/site-packages/airflow/example_dags/example_trigger_target_dag.py
[2025-01-26T11:16:27.876-0300] {logging_mixin.py:190} INFO - [2025-01-26T11:16:27.876-0300] {dag.py:3239} INFO - Sync 1 DAGs
[2025-01-26T11:16:27.897-0300] {logging_mixin.py:190} INFO - [2025-01-26T11:16:27.896-0300] {dag.py:4180} INFO - Setting next_dagrun for example_trigger_target_dag to None, run_after=None
[2025-01-26T11:16:27.972-0300] {processor.py:208} INFO - Processing /mnt/c/Users/ander/Desktop/airflow-spark/airflow-spark/curso2/ambientX/lib/python3.9/site-packages/airflow/example_dags/example_trigger_target_dag.py took 0.184 seconds
[2025-01-26T11:18:07.426-0300] {processor.py:186} INFO - Started process (PID=18999) to work on /mnt/c/Users/ander/Desktop/airflow-spark/airflow-spark/curso2/ambientX/lib/python3.9/site-packages/airflow/example_dags/example_trigger_target_dag.py
[2025-01-26T11:18:07.428-0300] {processor.py:914} INFO - Processing file /mnt/c/Users/ander/Desktop/airflow-spark/airflow-spark/curso2/ambientX/lib/python3.9/site-packages/airflow/example_dags/example_trigger_target_dag.py for tasks to queue
[2025-01-26T11:18:07.430-0300] {logging_mixin.py:190} INFO - [2025-01-26T11:18:07.429-0300] {dagbag.py:588} INFO - Filling up the DagBag from /mnt/c/Users/ander/Desktop/airflow-spark/airflow-spark/curso2/ambientX/lib/python3.9/site-packages/airflow/example_dags/example_trigger_target_dag.py
[2025-01-26T11:18:07.457-0300] {processor.py:925} INFO - DAG(s) 'example_trigger_target_dag' retrieved from /mnt/c/Users/ander/Desktop/airflow-spark/airflow-spark/curso2/ambientX/lib/python3.9/site-packages/airflow/example_dags/example_trigger_target_dag.py
[2025-01-26T11:18:07.495-0300] {logging_mixin.py:190} INFO - [2025-01-26T11:18:07.495-0300] {dag.py:3239} INFO - Sync 1 DAGs
[2025-01-26T11:18:07.515-0300] {logging_mixin.py:190} INFO - [2025-01-26T11:18:07.515-0300] {dag.py:4180} INFO - Setting next_dagrun for example_trigger_target_dag to None, run_after=None
[2025-01-26T11:18:07.629-0300] {processor.py:208} INFO - Processing /mnt/c/Users/ander/Desktop/airflow-spark/airflow-spark/curso2/ambientX/lib/python3.9/site-packages/airflow/example_dags/example_trigger_target_dag.py took 0.221 seconds
[2025-01-26T11:19:41.579-0300] {processor.py:186} INFO - Started process (PID=19394) to work on /mnt/c/Users/ander/Desktop/airflow-spark/airflow-spark/curso2/ambientX/lib/python3.9/site-packages/airflow/example_dags/example_trigger_target_dag.py
[2025-01-26T11:19:41.580-0300] {processor.py:914} INFO - Processing file /mnt/c/Users/ander/Desktop/airflow-spark/airflow-spark/curso2/ambientX/lib/python3.9/site-packages/airflow/example_dags/example_trigger_target_dag.py for tasks to queue
[2025-01-26T11:19:41.582-0300] {logging_mixin.py:190} INFO - [2025-01-26T11:19:41.582-0300] {dagbag.py:588} INFO - Filling up the DagBag from /mnt/c/Users/ander/Desktop/airflow-spark/airflow-spark/curso2/ambientX/lib/python3.9/site-packages/airflow/example_dags/example_trigger_target_dag.py
[2025-01-26T11:19:41.604-0300] {processor.py:925} INFO - DAG(s) 'example_trigger_target_dag' retrieved from /mnt/c/Users/ander/Desktop/airflow-spark/airflow-spark/curso2/ambientX/lib/python3.9/site-packages/airflow/example_dags/example_trigger_target_dag.py
[2025-01-26T11:19:41.642-0300] {logging_mixin.py:190} INFO - [2025-01-26T11:19:41.642-0300] {dag.py:3239} INFO - Sync 1 DAGs
[2025-01-26T11:19:41.663-0300] {logging_mixin.py:190} INFO - [2025-01-26T11:19:41.663-0300] {dag.py:4180} INFO - Setting next_dagrun for example_trigger_target_dag to None, run_after=None
[2025-01-26T11:19:41.728-0300] {processor.py:208} INFO - Processing /mnt/c/Users/ander/Desktop/airflow-spark/airflow-spark/curso2/ambientX/lib/python3.9/site-packages/airflow/example_dags/example_trigger_target_dag.py took 0.167 seconds
[2025-01-26T11:21:39.517-0300] {processor.py:186} INFO - Started process (PID=19860) to work on /mnt/c/Users/ander/Desktop/airflow-spark/airflow-spark/curso2/ambientX/lib/python3.9/site-packages/airflow/example_dags/example_trigger_target_dag.py
[2025-01-26T11:21:39.519-0300] {processor.py:914} INFO - Processing file /mnt/c/Users/ander/Desktop/airflow-spark/airflow-spark/curso2/ambientX/lib/python3.9/site-packages/airflow/example_dags/example_trigger_target_dag.py for tasks to queue
[2025-01-26T11:21:39.521-0300] {logging_mixin.py:190} INFO - [2025-01-26T11:21:39.520-0300] {dagbag.py:588} INFO - Filling up the DagBag from /mnt/c/Users/ander/Desktop/airflow-spark/airflow-spark/curso2/ambientX/lib/python3.9/site-packages/airflow/example_dags/example_trigger_target_dag.py
[2025-01-26T11:21:39.545-0300] {processor.py:925} INFO - DAG(s) 'example_trigger_target_dag' retrieved from /mnt/c/Users/ander/Desktop/airflow-spark/airflow-spark/curso2/ambientX/lib/python3.9/site-packages/airflow/example_dags/example_trigger_target_dag.py
[2025-01-26T11:21:39.582-0300] {logging_mixin.py:190} INFO - [2025-01-26T11:21:39.581-0300] {dag.py:3239} INFO - Sync 1 DAGs
[2025-01-26T11:21:39.602-0300] {logging_mixin.py:190} INFO - [2025-01-26T11:21:39.602-0300] {dag.py:4180} INFO - Setting next_dagrun for example_trigger_target_dag to None, run_after=None
[2025-01-26T11:21:40.371-0300] {processor.py:208} INFO - Processing /mnt/c/Users/ander/Desktop/airflow-spark/airflow-spark/curso2/ambientX/lib/python3.9/site-packages/airflow/example_dags/example_trigger_target_dag.py took 0.870 seconds
[2025-01-26T11:23:23.496-0300] {processor.py:186} INFO - Started process (PID=20295) to work on /mnt/c/Users/ander/Desktop/airflow-spark/airflow-spark/curso2/ambientX/lib/python3.9/site-packages/airflow/example_dags/example_trigger_target_dag.py
[2025-01-26T11:23:23.498-0300] {processor.py:914} INFO - Processing file /mnt/c/Users/ander/Desktop/airflow-spark/airflow-spark/curso2/ambientX/lib/python3.9/site-packages/airflow/example_dags/example_trigger_target_dag.py for tasks to queue
[2025-01-26T11:23:23.500-0300] {logging_mixin.py:190} INFO - [2025-01-26T11:23:23.499-0300] {dagbag.py:588} INFO - Filling up the DagBag from /mnt/c/Users/ander/Desktop/airflow-spark/airflow-spark/curso2/ambientX/lib/python3.9/site-packages/airflow/example_dags/example_trigger_target_dag.py
[2025-01-26T11:23:23.528-0300] {processor.py:925} INFO - DAG(s) 'example_trigger_target_dag' retrieved from /mnt/c/Users/ander/Desktop/airflow-spark/airflow-spark/curso2/ambientX/lib/python3.9/site-packages/airflow/example_dags/example_trigger_target_dag.py
[2025-01-26T11:23:23.568-0300] {logging_mixin.py:190} INFO - [2025-01-26T11:23:23.568-0300] {dag.py:3239} INFO - Sync 1 DAGs
[2025-01-26T11:23:23.589-0300] {logging_mixin.py:190} INFO - [2025-01-26T11:23:23.589-0300] {dag.py:4180} INFO - Setting next_dagrun for example_trigger_target_dag to None, run_after=None
[2025-01-26T11:23:23.669-0300] {processor.py:208} INFO - Processing /mnt/c/Users/ander/Desktop/airflow-spark/airflow-spark/curso2/ambientX/lib/python3.9/site-packages/airflow/example_dags/example_trigger_target_dag.py took 0.190 seconds
[2025-01-26T11:24:37.099-0300] {processor.py:186} INFO - Started process (PID=20644) to work on /mnt/c/Users/ander/Desktop/airflow-spark/airflow-spark/curso2/ambientX/lib/python3.9/site-packages/airflow/example_dags/example_trigger_target_dag.py
[2025-01-26T11:24:37.100-0300] {processor.py:914} INFO - Processing file /mnt/c/Users/ander/Desktop/airflow-spark/airflow-spark/curso2/ambientX/lib/python3.9/site-packages/airflow/example_dags/example_trigger_target_dag.py for tasks to queue
[2025-01-26T11:24:37.103-0300] {logging_mixin.py:190} INFO - [2025-01-26T11:24:37.102-0300] {dagbag.py:588} INFO - Filling up the DagBag from /mnt/c/Users/ander/Desktop/airflow-spark/airflow-spark/curso2/ambientX/lib/python3.9/site-packages/airflow/example_dags/example_trigger_target_dag.py
[2025-01-26T11:24:37.127-0300] {processor.py:925} INFO - DAG(s) 'example_trigger_target_dag' retrieved from /mnt/c/Users/ander/Desktop/airflow-spark/airflow-spark/curso2/ambientX/lib/python3.9/site-packages/airflow/example_dags/example_trigger_target_dag.py
[2025-01-26T11:24:37.162-0300] {logging_mixin.py:190} INFO - [2025-01-26T11:24:37.162-0300] {dag.py:3239} INFO - Sync 1 DAGs
[2025-01-26T11:24:37.183-0300] {logging_mixin.py:190} INFO - [2025-01-26T11:24:37.183-0300] {dag.py:4180} INFO - Setting next_dagrun for example_trigger_target_dag to None, run_after=None
[2025-01-26T11:24:37.251-0300] {processor.py:208} INFO - Processing /mnt/c/Users/ander/Desktop/airflow-spark/airflow-spark/curso2/ambientX/lib/python3.9/site-packages/airflow/example_dags/example_trigger_target_dag.py took 0.172 seconds
[2025-01-26T11:25:54.513-0300] {processor.py:186} INFO - Started process (PID=21072) to work on /mnt/c/Users/ander/Desktop/airflow-spark/airflow-spark/curso2/ambientX/lib/python3.9/site-packages/airflow/example_dags/example_trigger_target_dag.py
[2025-01-26T11:25:54.514-0300] {processor.py:914} INFO - Processing file /mnt/c/Users/ander/Desktop/airflow-spark/airflow-spark/curso2/ambientX/lib/python3.9/site-packages/airflow/example_dags/example_trigger_target_dag.py for tasks to queue
[2025-01-26T11:25:54.516-0300] {logging_mixin.py:190} INFO - [2025-01-26T11:25:54.516-0300] {dagbag.py:588} INFO - Filling up the DagBag from /mnt/c/Users/ander/Desktop/airflow-spark/airflow-spark/curso2/ambientX/lib/python3.9/site-packages/airflow/example_dags/example_trigger_target_dag.py
[2025-01-26T11:25:54.549-0300] {processor.py:925} INFO - DAG(s) 'example_trigger_target_dag' retrieved from /mnt/c/Users/ander/Desktop/airflow-spark/airflow-spark/curso2/ambientX/lib/python3.9/site-packages/airflow/example_dags/example_trigger_target_dag.py
[2025-01-26T11:25:54.588-0300] {logging_mixin.py:190} INFO - [2025-01-26T11:25:54.588-0300] {dag.py:3239} INFO - Sync 1 DAGs
[2025-01-26T11:25:54.609-0300] {logging_mixin.py:190} INFO - [2025-01-26T11:25:54.609-0300] {dag.py:4180} INFO - Setting next_dagrun for example_trigger_target_dag to None, run_after=None
[2025-01-26T11:25:54.684-0300] {processor.py:208} INFO - Processing /mnt/c/Users/ander/Desktop/airflow-spark/airflow-spark/curso2/ambientX/lib/python3.9/site-packages/airflow/example_dags/example_trigger_target_dag.py took 0.190 seconds
[2025-01-26T11:27:04.008-0300] {processor.py:186} INFO - Started process (PID=21478) to work on /mnt/c/Users/ander/Desktop/airflow-spark/airflow-spark/curso2/ambientX/lib/python3.9/site-packages/airflow/example_dags/example_trigger_target_dag.py
[2025-01-26T11:27:04.010-0300] {processor.py:914} INFO - Processing file /mnt/c/Users/ander/Desktop/airflow-spark/airflow-spark/curso2/ambientX/lib/python3.9/site-packages/airflow/example_dags/example_trigger_target_dag.py for tasks to queue
[2025-01-26T11:27:04.012-0300] {logging_mixin.py:190} INFO - [2025-01-26T11:27:04.011-0300] {dagbag.py:588} INFO - Filling up the DagBag from /mnt/c/Users/ander/Desktop/airflow-spark/airflow-spark/curso2/ambientX/lib/python3.9/site-packages/airflow/example_dags/example_trigger_target_dag.py
[2025-01-26T11:27:04.041-0300] {processor.py:925} INFO - DAG(s) 'example_trigger_target_dag' retrieved from /mnt/c/Users/ander/Desktop/airflow-spark/airflow-spark/curso2/ambientX/lib/python3.9/site-packages/airflow/example_dags/example_trigger_target_dag.py
[2025-01-26T11:27:04.083-0300] {logging_mixin.py:190} INFO - [2025-01-26T11:27:04.083-0300] {dag.py:3239} INFO - Sync 1 DAGs
[2025-01-26T11:27:04.104-0300] {logging_mixin.py:190} INFO - [2025-01-26T11:27:04.104-0300] {dag.py:4180} INFO - Setting next_dagrun for example_trigger_target_dag to None, run_after=None
[2025-01-26T11:27:04.183-0300] {processor.py:208} INFO - Processing /mnt/c/Users/ander/Desktop/airflow-spark/airflow-spark/curso2/ambientX/lib/python3.9/site-packages/airflow/example_dags/example_trigger_target_dag.py took 0.193 seconds
[2025-01-26T11:28:12.724-0300] {processor.py:186} INFO - Started process (PID=21814) to work on /mnt/c/Users/ander/Desktop/airflow-spark/airflow-spark/curso2/ambientX/lib/python3.9/site-packages/airflow/example_dags/example_trigger_target_dag.py
[2025-01-26T11:28:12.726-0300] {processor.py:914} INFO - Processing file /mnt/c/Users/ander/Desktop/airflow-spark/airflow-spark/curso2/ambientX/lib/python3.9/site-packages/airflow/example_dags/example_trigger_target_dag.py for tasks to queue
[2025-01-26T11:28:12.728-0300] {logging_mixin.py:190} INFO - [2025-01-26T11:28:12.728-0300] {dagbag.py:588} INFO - Filling up the DagBag from /mnt/c/Users/ander/Desktop/airflow-spark/airflow-spark/curso2/ambientX/lib/python3.9/site-packages/airflow/example_dags/example_trigger_target_dag.py
[2025-01-26T11:28:12.756-0300] {processor.py:925} INFO - DAG(s) 'example_trigger_target_dag' retrieved from /mnt/c/Users/ander/Desktop/airflow-spark/airflow-spark/curso2/ambientX/lib/python3.9/site-packages/airflow/example_dags/example_trigger_target_dag.py
[2025-01-26T11:28:12.796-0300] {logging_mixin.py:190} INFO - [2025-01-26T11:28:12.795-0300] {dag.py:3239} INFO - Sync 1 DAGs
[2025-01-26T11:28:12.816-0300] {logging_mixin.py:190} INFO - [2025-01-26T11:28:12.816-0300] {dag.py:4180} INFO - Setting next_dagrun for example_trigger_target_dag to None, run_after=None
[2025-01-26T11:28:12.887-0300] {processor.py:208} INFO - Processing /mnt/c/Users/ander/Desktop/airflow-spark/airflow-spark/curso2/ambientX/lib/python3.9/site-packages/airflow/example_dags/example_trigger_target_dag.py took 0.181 seconds
[2025-01-26T11:29:33.090-0300] {processor.py:186} INFO - Started process (PID=22116) to work on /mnt/c/Users/ander/Desktop/airflow-spark/airflow-spark/curso2/ambientX/lib/python3.9/site-packages/airflow/example_dags/example_trigger_target_dag.py
[2025-01-26T11:29:33.092-0300] {processor.py:914} INFO - Processing file /mnt/c/Users/ander/Desktop/airflow-spark/airflow-spark/curso2/ambientX/lib/python3.9/site-packages/airflow/example_dags/example_trigger_target_dag.py for tasks to queue
[2025-01-26T11:29:33.094-0300] {logging_mixin.py:190} INFO - [2025-01-26T11:29:33.093-0300] {dagbag.py:588} INFO - Filling up the DagBag from /mnt/c/Users/ander/Desktop/airflow-spark/airflow-spark/curso2/ambientX/lib/python3.9/site-packages/airflow/example_dags/example_trigger_target_dag.py
[2025-01-26T11:29:33.119-0300] {processor.py:925} INFO - DAG(s) 'example_trigger_target_dag' retrieved from /mnt/c/Users/ander/Desktop/airflow-spark/airflow-spark/curso2/ambientX/lib/python3.9/site-packages/airflow/example_dags/example_trigger_target_dag.py
[2025-01-26T11:29:33.155-0300] {logging_mixin.py:190} INFO - [2025-01-26T11:29:33.155-0300] {dag.py:3239} INFO - Sync 1 DAGs
[2025-01-26T11:29:33.175-0300] {logging_mixin.py:190} INFO - [2025-01-26T11:29:33.174-0300] {dag.py:4180} INFO - Setting next_dagrun for example_trigger_target_dag to None, run_after=None
[2025-01-26T11:29:33.787-0300] {processor.py:208} INFO - Processing /mnt/c/Users/ander/Desktop/airflow-spark/airflow-spark/curso2/ambientX/lib/python3.9/site-packages/airflow/example_dags/example_trigger_target_dag.py took 0.715 seconds
[2025-01-26T11:30:57.649-0300] {processor.py:186} INFO - Started process (PID=22616) to work on /mnt/c/Users/ander/Desktop/airflow-spark/airflow-spark/curso2/ambientX/lib/python3.9/site-packages/airflow/example_dags/example_trigger_target_dag.py
[2025-01-26T11:30:57.651-0300] {processor.py:914} INFO - Processing file /mnt/c/Users/ander/Desktop/airflow-spark/airflow-spark/curso2/ambientX/lib/python3.9/site-packages/airflow/example_dags/example_trigger_target_dag.py for tasks to queue
[2025-01-26T11:30:57.652-0300] {logging_mixin.py:190} INFO - [2025-01-26T11:30:57.652-0300] {dagbag.py:588} INFO - Filling up the DagBag from /mnt/c/Users/ander/Desktop/airflow-spark/airflow-spark/curso2/ambientX/lib/python3.9/site-packages/airflow/example_dags/example_trigger_target_dag.py
[2025-01-26T11:30:57.675-0300] {processor.py:925} INFO - DAG(s) 'example_trigger_target_dag' retrieved from /mnt/c/Users/ander/Desktop/airflow-spark/airflow-spark/curso2/ambientX/lib/python3.9/site-packages/airflow/example_dags/example_trigger_target_dag.py
[2025-01-26T11:30:57.712-0300] {logging_mixin.py:190} INFO - [2025-01-26T11:30:57.711-0300] {dag.py:3239} INFO - Sync 1 DAGs
[2025-01-26T11:30:57.731-0300] {logging_mixin.py:190} INFO - [2025-01-26T11:30:57.731-0300] {dag.py:4180} INFO - Setting next_dagrun for example_trigger_target_dag to None, run_after=None
[2025-01-26T11:30:58.398-0300] {processor.py:208} INFO - Processing /mnt/c/Users/ander/Desktop/airflow-spark/airflow-spark/curso2/ambientX/lib/python3.9/site-packages/airflow/example_dags/example_trigger_target_dag.py took 0.766 seconds
[2025-01-26T11:32:32.829-0300] {processor.py:186} INFO - Started process (PID=23022) to work on /mnt/c/Users/ander/Desktop/airflow-spark/airflow-spark/curso2/ambientX/lib/python3.9/site-packages/airflow/example_dags/example_trigger_target_dag.py
[2025-01-26T11:32:32.831-0300] {processor.py:914} INFO - Processing file /mnt/c/Users/ander/Desktop/airflow-spark/airflow-spark/curso2/ambientX/lib/python3.9/site-packages/airflow/example_dags/example_trigger_target_dag.py for tasks to queue
[2025-01-26T11:32:32.833-0300] {logging_mixin.py:190} INFO - [2025-01-26T11:32:32.832-0300] {dagbag.py:588} INFO - Filling up the DagBag from /mnt/c/Users/ander/Desktop/airflow-spark/airflow-spark/curso2/ambientX/lib/python3.9/site-packages/airflow/example_dags/example_trigger_target_dag.py
[2025-01-26T11:32:32.861-0300] {processor.py:925} INFO - DAG(s) 'example_trigger_target_dag' retrieved from /mnt/c/Users/ander/Desktop/airflow-spark/airflow-spark/curso2/ambientX/lib/python3.9/site-packages/airflow/example_dags/example_trigger_target_dag.py
[2025-01-26T11:32:32.900-0300] {logging_mixin.py:190} INFO - [2025-01-26T11:32:32.900-0300] {dag.py:3239} INFO - Sync 1 DAGs
[2025-01-26T11:32:32.920-0300] {logging_mixin.py:190} INFO - [2025-01-26T11:32:32.920-0300] {dag.py:4180} INFO - Setting next_dagrun for example_trigger_target_dag to None, run_after=None
[2025-01-26T11:32:33.502-0300] {processor.py:208} INFO - Processing /mnt/c/Users/ander/Desktop/airflow-spark/airflow-spark/curso2/ambientX/lib/python3.9/site-packages/airflow/example_dags/example_trigger_target_dag.py took 0.690 seconds
[2025-01-26T11:33:46.730-0300] {processor.py:186} INFO - Started process (PID=23384) to work on /mnt/c/Users/ander/Desktop/airflow-spark/airflow-spark/curso2/ambientX/lib/python3.9/site-packages/airflow/example_dags/example_trigger_target_dag.py
[2025-01-26T11:33:46.731-0300] {processor.py:914} INFO - Processing file /mnt/c/Users/ander/Desktop/airflow-spark/airflow-spark/curso2/ambientX/lib/python3.9/site-packages/airflow/example_dags/example_trigger_target_dag.py for tasks to queue
[2025-01-26T11:33:46.733-0300] {logging_mixin.py:190} INFO - [2025-01-26T11:33:46.732-0300] {dagbag.py:588} INFO - Filling up the DagBag from /mnt/c/Users/ander/Desktop/airflow-spark/airflow-spark/curso2/ambientX/lib/python3.9/site-packages/airflow/example_dags/example_trigger_target_dag.py
[2025-01-26T11:33:46.757-0300] {processor.py:925} INFO - DAG(s) 'example_trigger_target_dag' retrieved from /mnt/c/Users/ander/Desktop/airflow-spark/airflow-spark/curso2/ambientX/lib/python3.9/site-packages/airflow/example_dags/example_trigger_target_dag.py
[2025-01-26T11:33:46.794-0300] {logging_mixin.py:190} INFO - [2025-01-26T11:33:46.794-0300] {dag.py:3239} INFO - Sync 1 DAGs
[2025-01-26T11:33:46.815-0300] {logging_mixin.py:190} INFO - [2025-01-26T11:33:46.815-0300] {dag.py:4180} INFO - Setting next_dagrun for example_trigger_target_dag to None, run_after=None
[2025-01-26T11:33:46.883-0300] {processor.py:208} INFO - Processing /mnt/c/Users/ander/Desktop/airflow-spark/airflow-spark/curso2/ambientX/lib/python3.9/site-packages/airflow/example_dags/example_trigger_target_dag.py took 0.168 seconds
[2025-01-26T11:34:45.424-0300] {processor.py:186} INFO - Started process (PID=23630) to work on /mnt/c/Users/ander/Desktop/airflow-spark/airflow-spark/curso2/ambientX/lib/python3.9/site-packages/airflow/example_dags/example_trigger_target_dag.py
[2025-01-26T11:34:45.425-0300] {processor.py:914} INFO - Processing file /mnt/c/Users/ander/Desktop/airflow-spark/airflow-spark/curso2/ambientX/lib/python3.9/site-packages/airflow/example_dags/example_trigger_target_dag.py for tasks to queue
[2025-01-26T11:34:45.427-0300] {logging_mixin.py:190} INFO - [2025-01-26T11:34:45.427-0300] {dagbag.py:588} INFO - Filling up the DagBag from /mnt/c/Users/ander/Desktop/airflow-spark/airflow-spark/curso2/ambientX/lib/python3.9/site-packages/airflow/example_dags/example_trigger_target_dag.py
[2025-01-26T11:34:45.451-0300] {processor.py:925} INFO - DAG(s) 'example_trigger_target_dag' retrieved from /mnt/c/Users/ander/Desktop/airflow-spark/airflow-spark/curso2/ambientX/lib/python3.9/site-packages/airflow/example_dags/example_trigger_target_dag.py
[2025-01-26T11:34:45.487-0300] {logging_mixin.py:190} INFO - [2025-01-26T11:34:45.487-0300] {dag.py:3239} INFO - Sync 1 DAGs
[2025-01-26T11:34:45.506-0300] {logging_mixin.py:190} INFO - [2025-01-26T11:34:45.506-0300] {dag.py:4180} INFO - Setting next_dagrun for example_trigger_target_dag to None, run_after=None
[2025-01-26T11:34:45.571-0300] {processor.py:208} INFO - Processing /mnt/c/Users/ander/Desktop/airflow-spark/airflow-spark/curso2/ambientX/lib/python3.9/site-packages/airflow/example_dags/example_trigger_target_dag.py took 0.163 seconds
[2025-01-26T11:36:22.744-0300] {processor.py:186} INFO - Started process (PID=24196) to work on /mnt/c/Users/ander/Desktop/airflow-spark/airflow-spark/curso2/ambientX/lib/python3.9/site-packages/airflow/example_dags/example_trigger_target_dag.py
[2025-01-26T11:36:22.746-0300] {processor.py:914} INFO - Processing file /mnt/c/Users/ander/Desktop/airflow-spark/airflow-spark/curso2/ambientX/lib/python3.9/site-packages/airflow/example_dags/example_trigger_target_dag.py for tasks to queue
[2025-01-26T11:36:22.748-0300] {logging_mixin.py:190} INFO - [2025-01-26T11:36:22.747-0300] {dagbag.py:588} INFO - Filling up the DagBag from /mnt/c/Users/ander/Desktop/airflow-spark/airflow-spark/curso2/ambientX/lib/python3.9/site-packages/airflow/example_dags/example_trigger_target_dag.py
[2025-01-26T11:36:22.777-0300] {processor.py:925} INFO - DAG(s) 'example_trigger_target_dag' retrieved from /mnt/c/Users/ander/Desktop/airflow-spark/airflow-spark/curso2/ambientX/lib/python3.9/site-packages/airflow/example_dags/example_trigger_target_dag.py
[2025-01-26T11:36:22.820-0300] {logging_mixin.py:190} INFO - [2025-01-26T11:36:22.820-0300] {dag.py:3239} INFO - Sync 1 DAGs
[2025-01-26T11:36:22.841-0300] {logging_mixin.py:190} INFO - [2025-01-26T11:36:22.840-0300] {dag.py:4180} INFO - Setting next_dagrun for example_trigger_target_dag to None, run_after=None
[2025-01-26T11:36:22.911-0300] {processor.py:208} INFO - Processing /mnt/c/Users/ander/Desktop/airflow-spark/airflow-spark/curso2/ambientX/lib/python3.9/site-packages/airflow/example_dags/example_trigger_target_dag.py took 0.185 seconds
[2025-01-26T11:37:17.308-0300] {processor.py:186} INFO - Started process (PID=24429) to work on /mnt/c/Users/ander/Desktop/airflow-spark/airflow-spark/curso2/ambientX/lib/python3.9/site-packages/airflow/example_dags/example_trigger_target_dag.py
[2025-01-26T11:37:17.309-0300] {processor.py:914} INFO - Processing file /mnt/c/Users/ander/Desktop/airflow-spark/airflow-spark/curso2/ambientX/lib/python3.9/site-packages/airflow/example_dags/example_trigger_target_dag.py for tasks to queue
[2025-01-26T11:37:17.311-0300] {logging_mixin.py:190} INFO - [2025-01-26T11:37:17.311-0300] {dagbag.py:588} INFO - Filling up the DagBag from /mnt/c/Users/ander/Desktop/airflow-spark/airflow-spark/curso2/ambientX/lib/python3.9/site-packages/airflow/example_dags/example_trigger_target_dag.py
[2025-01-26T11:37:17.332-0300] {processor.py:925} INFO - DAG(s) 'example_trigger_target_dag' retrieved from /mnt/c/Users/ander/Desktop/airflow-spark/airflow-spark/curso2/ambientX/lib/python3.9/site-packages/airflow/example_dags/example_trigger_target_dag.py
[2025-01-26T11:37:17.365-0300] {logging_mixin.py:190} INFO - [2025-01-26T11:37:17.364-0300] {dag.py:3239} INFO - Sync 1 DAGs
[2025-01-26T11:37:17.386-0300] {logging_mixin.py:190} INFO - [2025-01-26T11:37:17.386-0300] {dag.py:4180} INFO - Setting next_dagrun for example_trigger_target_dag to None, run_after=None
[2025-01-26T11:37:17.447-0300] {processor.py:208} INFO - Processing /mnt/c/Users/ander/Desktop/airflow-spark/airflow-spark/curso2/ambientX/lib/python3.9/site-packages/airflow/example_dags/example_trigger_target_dag.py took 0.155 seconds
[2025-01-26T11:38:07.126-0300] {processor.py:186} INFO - Started process (PID=24656) to work on /mnt/c/Users/ander/Desktop/airflow-spark/airflow-spark/curso2/ambientX/lib/python3.9/site-packages/airflow/example_dags/example_trigger_target_dag.py
[2025-01-26T11:38:07.132-0300] {processor.py:914} INFO - Processing file /mnt/c/Users/ander/Desktop/airflow-spark/airflow-spark/curso2/ambientX/lib/python3.9/site-packages/airflow/example_dags/example_trigger_target_dag.py for tasks to queue
[2025-01-26T11:38:07.134-0300] {logging_mixin.py:190} INFO - [2025-01-26T11:38:07.134-0300] {dagbag.py:588} INFO - Filling up the DagBag from /mnt/c/Users/ander/Desktop/airflow-spark/airflow-spark/curso2/ambientX/lib/python3.9/site-packages/airflow/example_dags/example_trigger_target_dag.py
[2025-01-26T11:38:07.160-0300] {processor.py:925} INFO - DAG(s) 'example_trigger_target_dag' retrieved from /mnt/c/Users/ander/Desktop/airflow-spark/airflow-spark/curso2/ambientX/lib/python3.9/site-packages/airflow/example_dags/example_trigger_target_dag.py
[2025-01-26T11:38:07.199-0300] {logging_mixin.py:190} INFO - [2025-01-26T11:38:07.199-0300] {dag.py:3239} INFO - Sync 1 DAGs
[2025-01-26T11:38:07.219-0300] {logging_mixin.py:190} INFO - [2025-01-26T11:38:07.219-0300] {dag.py:4180} INFO - Setting next_dagrun for example_trigger_target_dag to None, run_after=None
[2025-01-26T11:38:07.293-0300] {processor.py:208} INFO - Processing /mnt/c/Users/ander/Desktop/airflow-spark/airflow-spark/curso2/ambientX/lib/python3.9/site-packages/airflow/example_dags/example_trigger_target_dag.py took 0.183 seconds
[2025-01-26T11:38:58.723-0300] {processor.py:186} INFO - Started process (PID=24878) to work on /mnt/c/Users/ander/Desktop/airflow-spark/airflow-spark/curso2/ambientX/lib/python3.9/site-packages/airflow/example_dags/example_trigger_target_dag.py
[2025-01-26T11:38:58.725-0300] {processor.py:914} INFO - Processing file /mnt/c/Users/ander/Desktop/airflow-spark/airflow-spark/curso2/ambientX/lib/python3.9/site-packages/airflow/example_dags/example_trigger_target_dag.py for tasks to queue
[2025-01-26T11:38:58.729-0300] {logging_mixin.py:190} INFO - [2025-01-26T11:38:58.728-0300] {dagbag.py:588} INFO - Filling up the DagBag from /mnt/c/Users/ander/Desktop/airflow-spark/airflow-spark/curso2/ambientX/lib/python3.9/site-packages/airflow/example_dags/example_trigger_target_dag.py
[2025-01-26T11:38:58.757-0300] {processor.py:925} INFO - DAG(s) 'example_trigger_target_dag' retrieved from /mnt/c/Users/ander/Desktop/airflow-spark/airflow-spark/curso2/ambientX/lib/python3.9/site-packages/airflow/example_dags/example_trigger_target_dag.py
[2025-01-26T11:38:58.798-0300] {logging_mixin.py:190} INFO - [2025-01-26T11:38:58.798-0300] {dag.py:3239} INFO - Sync 1 DAGs
[2025-01-26T11:38:58.820-0300] {logging_mixin.py:190} INFO - [2025-01-26T11:38:58.820-0300] {dag.py:4180} INFO - Setting next_dagrun for example_trigger_target_dag to None, run_after=None
[2025-01-26T11:38:58.879-0300] {processor.py:208} INFO - Processing /mnt/c/Users/ander/Desktop/airflow-spark/airflow-spark/curso2/ambientX/lib/python3.9/site-packages/airflow/example_dags/example_trigger_target_dag.py took 0.174 seconds
[2025-01-26T11:39:47.238-0300] {processor.py:186} INFO - Started process (PID=25108) to work on /mnt/c/Users/ander/Desktop/airflow-spark/airflow-spark/curso2/ambientX/lib/python3.9/site-packages/airflow/example_dags/example_trigger_target_dag.py
[2025-01-26T11:39:47.239-0300] {processor.py:914} INFO - Processing file /mnt/c/Users/ander/Desktop/airflow-spark/airflow-spark/curso2/ambientX/lib/python3.9/site-packages/airflow/example_dags/example_trigger_target_dag.py for tasks to queue
[2025-01-26T11:39:47.241-0300] {logging_mixin.py:190} INFO - [2025-01-26T11:39:47.240-0300] {dagbag.py:588} INFO - Filling up the DagBag from /mnt/c/Users/ander/Desktop/airflow-spark/airflow-spark/curso2/ambientX/lib/python3.9/site-packages/airflow/example_dags/example_trigger_target_dag.py
[2025-01-26T11:39:47.267-0300] {processor.py:925} INFO - DAG(s) 'example_trigger_target_dag' retrieved from /mnt/c/Users/ander/Desktop/airflow-spark/airflow-spark/curso2/ambientX/lib/python3.9/site-packages/airflow/example_dags/example_trigger_target_dag.py
[2025-01-26T11:39:47.306-0300] {logging_mixin.py:190} INFO - [2025-01-26T11:39:47.306-0300] {dag.py:3239} INFO - Sync 1 DAGs
[2025-01-26T11:39:47.326-0300] {logging_mixin.py:190} INFO - [2025-01-26T11:39:47.326-0300] {dag.py:4180} INFO - Setting next_dagrun for example_trigger_target_dag to None, run_after=None
[2025-01-26T11:39:47.395-0300] {processor.py:208} INFO - Processing /mnt/c/Users/ander/Desktop/airflow-spark/airflow-spark/curso2/ambientX/lib/python3.9/site-packages/airflow/example_dags/example_trigger_target_dag.py took 0.175 seconds
[2025-01-26T11:41:23.674-0300] {processor.py:186} INFO - Started process (PID=25603) to work on /mnt/c/Users/ander/Desktop/airflow-spark/airflow-spark/curso2/ambientX/lib/python3.9/site-packages/airflow/example_dags/example_trigger_target_dag.py
[2025-01-26T11:41:23.676-0300] {processor.py:914} INFO - Processing file /mnt/c/Users/ander/Desktop/airflow-spark/airflow-spark/curso2/ambientX/lib/python3.9/site-packages/airflow/example_dags/example_trigger_target_dag.py for tasks to queue
[2025-01-26T11:41:23.678-0300] {logging_mixin.py:190} INFO - [2025-01-26T11:41:23.677-0300] {dagbag.py:588} INFO - Filling up the DagBag from /mnt/c/Users/ander/Desktop/airflow-spark/airflow-spark/curso2/ambientX/lib/python3.9/site-packages/airflow/example_dags/example_trigger_target_dag.py
[2025-01-26T11:41:23.703-0300] {processor.py:925} INFO - DAG(s) 'example_trigger_target_dag' retrieved from /mnt/c/Users/ander/Desktop/airflow-spark/airflow-spark/curso2/ambientX/lib/python3.9/site-packages/airflow/example_dags/example_trigger_target_dag.py
[2025-01-26T11:41:23.743-0300] {logging_mixin.py:190} INFO - [2025-01-26T11:41:23.743-0300] {dag.py:3239} INFO - Sync 1 DAGs
[2025-01-26T11:41:23.763-0300] {logging_mixin.py:190} INFO - [2025-01-26T11:41:23.763-0300] {dag.py:4180} INFO - Setting next_dagrun for example_trigger_target_dag to None, run_after=None
[2025-01-26T11:41:23.833-0300] {processor.py:208} INFO - Processing /mnt/c/Users/ander/Desktop/airflow-spark/airflow-spark/curso2/ambientX/lib/python3.9/site-packages/airflow/example_dags/example_trigger_target_dag.py took 0.176 seconds
[2025-01-26T11:42:12.993-0300] {processor.py:186} INFO - Started process (PID=25892) to work on /mnt/c/Users/ander/Desktop/airflow-spark/airflow-spark/curso2/ambientX/lib/python3.9/site-packages/airflow/example_dags/example_trigger_target_dag.py
[2025-01-26T11:42:12.994-0300] {processor.py:914} INFO - Processing file /mnt/c/Users/ander/Desktop/airflow-spark/airflow-spark/curso2/ambientX/lib/python3.9/site-packages/airflow/example_dags/example_trigger_target_dag.py for tasks to queue
[2025-01-26T11:42:12.996-0300] {logging_mixin.py:190} INFO - [2025-01-26T11:42:12.996-0300] {dagbag.py:588} INFO - Filling up the DagBag from /mnt/c/Users/ander/Desktop/airflow-spark/airflow-spark/curso2/ambientX/lib/python3.9/site-packages/airflow/example_dags/example_trigger_target_dag.py
[2025-01-26T11:42:13.019-0300] {processor.py:925} INFO - DAG(s) 'example_trigger_target_dag' retrieved from /mnt/c/Users/ander/Desktop/airflow-spark/airflow-spark/curso2/ambientX/lib/python3.9/site-packages/airflow/example_dags/example_trigger_target_dag.py
[2025-01-26T11:42:13.055-0300] {logging_mixin.py:190} INFO - [2025-01-26T11:42:13.055-0300] {dag.py:3239} INFO - Sync 1 DAGs
[2025-01-26T11:42:13.076-0300] {logging_mixin.py:190} INFO - [2025-01-26T11:42:13.075-0300] {dag.py:4180} INFO - Setting next_dagrun for example_trigger_target_dag to None, run_after=None
[2025-01-26T11:42:13.141-0300] {processor.py:208} INFO - Processing /mnt/c/Users/ander/Desktop/airflow-spark/airflow-spark/curso2/ambientX/lib/python3.9/site-packages/airflow/example_dags/example_trigger_target_dag.py took 0.163 seconds
[2025-01-26T11:43:07.984-0300] {processor.py:186} INFO - Started process (PID=26190) to work on /mnt/c/Users/ander/Desktop/airflow-spark/airflow-spark/curso2/ambientX/lib/python3.9/site-packages/airflow/example_dags/example_trigger_target_dag.py
[2025-01-26T11:43:07.986-0300] {processor.py:914} INFO - Processing file /mnt/c/Users/ander/Desktop/airflow-spark/airflow-spark/curso2/ambientX/lib/python3.9/site-packages/airflow/example_dags/example_trigger_target_dag.py for tasks to queue
[2025-01-26T11:43:07.987-0300] {logging_mixin.py:190} INFO - [2025-01-26T11:43:07.987-0300] {dagbag.py:588} INFO - Filling up the DagBag from /mnt/c/Users/ander/Desktop/airflow-spark/airflow-spark/curso2/ambientX/lib/python3.9/site-packages/airflow/example_dags/example_trigger_target_dag.py
[2025-01-26T11:43:08.015-0300] {processor.py:925} INFO - DAG(s) 'example_trigger_target_dag' retrieved from /mnt/c/Users/ander/Desktop/airflow-spark/airflow-spark/curso2/ambientX/lib/python3.9/site-packages/airflow/example_dags/example_trigger_target_dag.py
[2025-01-26T11:43:08.054-0300] {logging_mixin.py:190} INFO - [2025-01-26T11:43:08.054-0300] {dag.py:3239} INFO - Sync 1 DAGs
[2025-01-26T11:43:08.074-0300] {logging_mixin.py:190} INFO - [2025-01-26T11:43:08.074-0300] {dag.py:4180} INFO - Setting next_dagrun for example_trigger_target_dag to None, run_after=None
[2025-01-26T11:43:08.143-0300] {processor.py:208} INFO - Processing /mnt/c/Users/ander/Desktop/airflow-spark/airflow-spark/curso2/ambientX/lib/python3.9/site-packages/airflow/example_dags/example_trigger_target_dag.py took 0.176 seconds
[2025-01-26T11:44:00.208-0300] {processor.py:186} INFO - Started process (PID=26425) to work on /mnt/c/Users/ander/Desktop/airflow-spark/airflow-spark/curso2/ambientX/lib/python3.9/site-packages/airflow/example_dags/example_trigger_target_dag.py
[2025-01-26T11:44:00.209-0300] {processor.py:914} INFO - Processing file /mnt/c/Users/ander/Desktop/airflow-spark/airflow-spark/curso2/ambientX/lib/python3.9/site-packages/airflow/example_dags/example_trigger_target_dag.py for tasks to queue
[2025-01-26T11:44:00.211-0300] {logging_mixin.py:190} INFO - [2025-01-26T11:44:00.211-0300] {dagbag.py:588} INFO - Filling up the DagBag from /mnt/c/Users/ander/Desktop/airflow-spark/airflow-spark/curso2/ambientX/lib/python3.9/site-packages/airflow/example_dags/example_trigger_target_dag.py
[2025-01-26T11:44:00.235-0300] {processor.py:925} INFO - DAG(s) 'example_trigger_target_dag' retrieved from /mnt/c/Users/ander/Desktop/airflow-spark/airflow-spark/curso2/ambientX/lib/python3.9/site-packages/airflow/example_dags/example_trigger_target_dag.py
[2025-01-26T11:44:00.272-0300] {logging_mixin.py:190} INFO - [2025-01-26T11:44:00.271-0300] {dag.py:3239} INFO - Sync 1 DAGs
[2025-01-26T11:44:00.291-0300] {logging_mixin.py:190} INFO - [2025-01-26T11:44:00.291-0300] {dag.py:4180} INFO - Setting next_dagrun for example_trigger_target_dag to None, run_after=None
[2025-01-26T11:44:00.350-0300] {processor.py:208} INFO - Processing /mnt/c/Users/ander/Desktop/airflow-spark/airflow-spark/curso2/ambientX/lib/python3.9/site-packages/airflow/example_dags/example_trigger_target_dag.py took 0.159 seconds
[2025-01-26T11:44:56.381-0300] {processor.py:186} INFO - Started process (PID=26669) to work on /mnt/c/Users/ander/Desktop/airflow-spark/airflow-spark/curso2/ambientX/lib/python3.9/site-packages/airflow/example_dags/example_trigger_target_dag.py
[2025-01-26T11:44:56.383-0300] {processor.py:914} INFO - Processing file /mnt/c/Users/ander/Desktop/airflow-spark/airflow-spark/curso2/ambientX/lib/python3.9/site-packages/airflow/example_dags/example_trigger_target_dag.py for tasks to queue
[2025-01-26T11:44:56.384-0300] {logging_mixin.py:190} INFO - [2025-01-26T11:44:56.384-0300] {dagbag.py:588} INFO - Filling up the DagBag from /mnt/c/Users/ander/Desktop/airflow-spark/airflow-spark/curso2/ambientX/lib/python3.9/site-packages/airflow/example_dags/example_trigger_target_dag.py
[2025-01-26T11:44:56.416-0300] {processor.py:925} INFO - DAG(s) 'example_trigger_target_dag' retrieved from /mnt/c/Users/ander/Desktop/airflow-spark/airflow-spark/curso2/ambientX/lib/python3.9/site-packages/airflow/example_dags/example_trigger_target_dag.py
[2025-01-26T11:44:56.458-0300] {logging_mixin.py:190} INFO - [2025-01-26T11:44:56.457-0300] {dag.py:3239} INFO - Sync 1 DAGs
[2025-01-26T11:44:56.479-0300] {logging_mixin.py:190} INFO - [2025-01-26T11:44:56.479-0300] {dag.py:4180} INFO - Setting next_dagrun for example_trigger_target_dag to None, run_after=None
[2025-01-26T11:44:56.544-0300] {processor.py:208} INFO - Processing /mnt/c/Users/ander/Desktop/airflow-spark/airflow-spark/curso2/ambientX/lib/python3.9/site-packages/airflow/example_dags/example_trigger_target_dag.py took 0.183 seconds
