[2025-01-26T10:25:30.070-0300] {processor.py:186} INFO - Started process (PID=2133) to work on /mnt/c/Users/ander/Desktop/airflow-spark/airflow-spark/curso2/ambientX/lib/python3.9/site-packages/airflow/example_dags/example_sla_dag.py
[2025-01-26T10:25:30.072-0300] {processor.py:914} INFO - Processing file /mnt/c/Users/ander/Desktop/airflow-spark/airflow-spark/curso2/ambientX/lib/python3.9/site-packages/airflow/example_dags/example_sla_dag.py for tasks to queue
[2025-01-26T10:25:30.078-0300] {logging_mixin.py:190} INFO - [2025-01-26T10:25:30.078-0300] {dagbag.py:588} INFO - Filling up the DagBag from /mnt/c/Users/ander/Desktop/airflow-spark/airflow-spark/curso2/ambientX/lib/python3.9/site-packages/airflow/example_dags/example_sla_dag.py
[2025-01-26T10:25:30.166-0300] {processor.py:925} INFO - DAG(s) 'example_sla_dag' retrieved from /mnt/c/Users/ander/Desktop/airflow-spark/airflow-spark/curso2/ambientX/lib/python3.9/site-packages/airflow/example_dags/example_sla_dag.py
[2025-01-26T10:25:30.219-0300] {logging_mixin.py:190} INFO - [2025-01-26T10:25:30.219-0300] {dag.py:3239} INFO - Sync 1 DAGs
[2025-01-26T10:25:30.266-0300] {logging_mixin.py:190} INFO - [2025-01-26T10:25:30.265-0300] {dag.py:4180} INFO - Setting next_dagrun for example_sla_dag to 2025-01-26T13:22:00+00:00, run_after=2025-01-26T13:24:00+00:00
[2025-01-26T10:25:30.321-0300] {processor.py:208} INFO - Processing /mnt/c/Users/ander/Desktop/airflow-spark/airflow-spark/curso2/ambientX/lib/python3.9/site-packages/airflow/example_dags/example_sla_dag.py took 0.274 seconds
[2025-01-26T10:38:41.718-0300] {processor.py:186} INFO - Started process (PID=8083) to work on /mnt/c/Users/ander/Desktop/airflow-spark/airflow-spark/curso2/ambientX/lib/python3.9/site-packages/airflow/example_dags/example_sla_dag.py
[2025-01-26T10:38:41.720-0300] {processor.py:914} INFO - Processing file /mnt/c/Users/ander/Desktop/airflow-spark/airflow-spark/curso2/ambientX/lib/python3.9/site-packages/airflow/example_dags/example_sla_dag.py for tasks to queue
[2025-01-26T10:38:41.722-0300] {logging_mixin.py:190} INFO - [2025-01-26T10:38:41.721-0300] {dagbag.py:588} INFO - Filling up the DagBag from /mnt/c/Users/ander/Desktop/airflow-spark/airflow-spark/curso2/ambientX/lib/python3.9/site-packages/airflow/example_dags/example_sla_dag.py
[2025-01-26T10:38:41.764-0300] {processor.py:925} INFO - DAG(s) 'example_sla_dag' retrieved from /mnt/c/Users/ander/Desktop/airflow-spark/airflow-spark/curso2/ambientX/lib/python3.9/site-packages/airflow/example_dags/example_sla_dag.py
[2025-01-26T10:38:41.826-0300] {logging_mixin.py:190} INFO - [2025-01-26T10:38:41.826-0300] {dag.py:3239} INFO - Sync 1 DAGs
[2025-01-26T10:38:41.868-0300] {logging_mixin.py:190} INFO - [2025-01-26T10:38:41.868-0300] {dag.py:4180} INFO - Setting next_dagrun for example_sla_dag to 2025-01-26T13:36:00+00:00, run_after=2025-01-26T13:38:00+00:00
[2025-01-26T10:38:41.962-0300] {processor.py:208} INFO - Processing /mnt/c/Users/ander/Desktop/airflow-spark/airflow-spark/curso2/ambientX/lib/python3.9/site-packages/airflow/example_dags/example_sla_dag.py took 0.269 seconds
[2025-01-26T10:40:12.880-0300] {processor.py:186} INFO - Started process (PID=8399) to work on /mnt/c/Users/ander/Desktop/airflow-spark/airflow-spark/curso2/ambientX/lib/python3.9/site-packages/airflow/example_dags/example_sla_dag.py
[2025-01-26T10:40:12.882-0300] {processor.py:914} INFO - Processing file /mnt/c/Users/ander/Desktop/airflow-spark/airflow-spark/curso2/ambientX/lib/python3.9/site-packages/airflow/example_dags/example_sla_dag.py for tasks to queue
[2025-01-26T10:40:12.887-0300] {logging_mixin.py:190} INFO - [2025-01-26T10:40:12.887-0300] {dagbag.py:588} INFO - Filling up the DagBag from /mnt/c/Users/ander/Desktop/airflow-spark/airflow-spark/curso2/ambientX/lib/python3.9/site-packages/airflow/example_dags/example_sla_dag.py
[2025-01-26T10:40:12.927-0300] {processor.py:925} INFO - DAG(s) 'example_sla_dag' retrieved from /mnt/c/Users/ander/Desktop/airflow-spark/airflow-spark/curso2/ambientX/lib/python3.9/site-packages/airflow/example_dags/example_sla_dag.py
[2025-01-26T10:40:12.967-0300] {logging_mixin.py:190} INFO - [2025-01-26T10:40:12.966-0300] {dag.py:3239} INFO - Sync 1 DAGs
[2025-01-26T10:40:13.008-0300] {logging_mixin.py:190} INFO - [2025-01-26T10:40:13.008-0300] {dag.py:4180} INFO - Setting next_dagrun for example_sla_dag to 2025-01-26T13:38:00+00:00, run_after=2025-01-26T13:40:00+00:00
[2025-01-26T10:40:13.081-0300] {processor.py:208} INFO - Processing /mnt/c/Users/ander/Desktop/airflow-spark/airflow-spark/curso2/ambientX/lib/python3.9/site-packages/airflow/example_dags/example_sla_dag.py took 0.289 seconds
[2025-01-26T10:42:01.146-0300] {processor.py:186} INFO - Started process (PID=9008) to work on /mnt/c/Users/ander/Desktop/airflow-spark/airflow-spark/curso2/ambientX/lib/python3.9/site-packages/airflow/example_dags/example_sla_dag.py
[2025-01-26T10:42:01.148-0300] {processor.py:914} INFO - Processing file /mnt/c/Users/ander/Desktop/airflow-spark/airflow-spark/curso2/ambientX/lib/python3.9/site-packages/airflow/example_dags/example_sla_dag.py for tasks to queue
[2025-01-26T10:42:01.150-0300] {logging_mixin.py:190} INFO - [2025-01-26T10:42:01.149-0300] {dagbag.py:588} INFO - Filling up the DagBag from /mnt/c/Users/ander/Desktop/airflow-spark/airflow-spark/curso2/ambientX/lib/python3.9/site-packages/airflow/example_dags/example_sla_dag.py
[2025-01-26T10:42:01.185-0300] {processor.py:925} INFO - DAG(s) 'example_sla_dag' retrieved from /mnt/c/Users/ander/Desktop/airflow-spark/airflow-spark/curso2/ambientX/lib/python3.9/site-packages/airflow/example_dags/example_sla_dag.py
[2025-01-26T10:42:01.226-0300] {logging_mixin.py:190} INFO - [2025-01-26T10:42:01.225-0300] {dag.py:3239} INFO - Sync 1 DAGs
[2025-01-26T10:42:01.268-0300] {logging_mixin.py:190} INFO - [2025-01-26T10:42:01.268-0300] {dag.py:4180} INFO - Setting next_dagrun for example_sla_dag to 2025-01-26T13:40:00+00:00, run_after=2025-01-26T13:42:00+00:00
[2025-01-26T10:42:01.345-0300] {processor.py:208} INFO - Processing /mnt/c/Users/ander/Desktop/airflow-spark/airflow-spark/curso2/ambientX/lib/python3.9/site-packages/airflow/example_dags/example_sla_dag.py took 0.222 seconds
[2025-01-26T10:43:54.375-0300] {processor.py:186} INFO - Started process (PID=9456) to work on /mnt/c/Users/ander/Desktop/airflow-spark/airflow-spark/curso2/ambientX/lib/python3.9/site-packages/airflow/example_dags/example_sla_dag.py
[2025-01-26T10:43:54.377-0300] {processor.py:914} INFO - Processing file /mnt/c/Users/ander/Desktop/airflow-spark/airflow-spark/curso2/ambientX/lib/python3.9/site-packages/airflow/example_dags/example_sla_dag.py for tasks to queue
[2025-01-26T10:43:54.379-0300] {logging_mixin.py:190} INFO - [2025-01-26T10:43:54.378-0300] {dagbag.py:588} INFO - Filling up the DagBag from /mnt/c/Users/ander/Desktop/airflow-spark/airflow-spark/curso2/ambientX/lib/python3.9/site-packages/airflow/example_dags/example_sla_dag.py
[2025-01-26T10:43:54.410-0300] {processor.py:925} INFO - DAG(s) 'example_sla_dag' retrieved from /mnt/c/Users/ander/Desktop/airflow-spark/airflow-spark/curso2/ambientX/lib/python3.9/site-packages/airflow/example_dags/example_sla_dag.py
[2025-01-26T10:43:54.449-0300] {logging_mixin.py:190} INFO - [2025-01-26T10:43:54.448-0300] {dag.py:3239} INFO - Sync 1 DAGs
[2025-01-26T10:43:54.486-0300] {logging_mixin.py:190} INFO - [2025-01-26T10:43:54.486-0300] {dag.py:4180} INFO - Setting next_dagrun for example_sla_dag to 2025-01-26T13:40:00+00:00, run_after=2025-01-26T13:42:00+00:00
[2025-01-26T10:43:54.702-0300] {processor.py:208} INFO - Processing /mnt/c/Users/ander/Desktop/airflow-spark/airflow-spark/curso2/ambientX/lib/python3.9/site-packages/airflow/example_dags/example_sla_dag.py took 0.344 seconds
[2025-01-26T10:44:55.699-0300] {processor.py:186} INFO - Started process (PID=9689) to work on /mnt/c/Users/ander/Desktop/airflow-spark/airflow-spark/curso2/ambientX/lib/python3.9/site-packages/airflow/example_dags/example_sla_dag.py
[2025-01-26T10:44:55.702-0300] {processor.py:914} INFO - Processing file /mnt/c/Users/ander/Desktop/airflow-spark/airflow-spark/curso2/ambientX/lib/python3.9/site-packages/airflow/example_dags/example_sla_dag.py for tasks to queue
[2025-01-26T10:44:55.704-0300] {logging_mixin.py:190} INFO - [2025-01-26T10:44:55.704-0300] {dagbag.py:588} INFO - Filling up the DagBag from /mnt/c/Users/ander/Desktop/airflow-spark/airflow-spark/curso2/ambientX/lib/python3.9/site-packages/airflow/example_dags/example_sla_dag.py
[2025-01-26T10:44:55.746-0300] {processor.py:925} INFO - DAG(s) 'example_sla_dag' retrieved from /mnt/c/Users/ander/Desktop/airflow-spark/airflow-spark/curso2/ambientX/lib/python3.9/site-packages/airflow/example_dags/example_sla_dag.py
[2025-01-26T10:44:55.779-0300] {logging_mixin.py:190} INFO - [2025-01-26T10:44:55.779-0300] {dag.py:3239} INFO - Sync 1 DAGs
[2025-01-26T10:44:55.812-0300] {logging_mixin.py:190} INFO - [2025-01-26T10:44:55.812-0300] {dag.py:4180} INFO - Setting next_dagrun for example_sla_dag to 2025-01-26T13:42:00+00:00, run_after=2025-01-26T13:44:00+00:00
[2025-01-26T10:44:55.877-0300] {processor.py:208} INFO - Processing /mnt/c/Users/ander/Desktop/airflow-spark/airflow-spark/curso2/ambientX/lib/python3.9/site-packages/airflow/example_dags/example_sla_dag.py took 0.195 seconds
[2025-01-26T10:46:41.265-0300] {processor.py:186} INFO - Started process (PID=10184) to work on /mnt/c/Users/ander/Desktop/airflow-spark/airflow-spark/curso2/ambientX/lib/python3.9/site-packages/airflow/example_dags/example_sla_dag.py
[2025-01-26T10:46:41.267-0300] {processor.py:914} INFO - Processing file /mnt/c/Users/ander/Desktop/airflow-spark/airflow-spark/curso2/ambientX/lib/python3.9/site-packages/airflow/example_dags/example_sla_dag.py for tasks to queue
[2025-01-26T10:46:41.271-0300] {logging_mixin.py:190} INFO - [2025-01-26T10:46:41.270-0300] {dagbag.py:588} INFO - Filling up the DagBag from /mnt/c/Users/ander/Desktop/airflow-spark/airflow-spark/curso2/ambientX/lib/python3.9/site-packages/airflow/example_dags/example_sla_dag.py
[2025-01-26T10:46:41.318-0300] {processor.py:925} INFO - DAG(s) 'example_sla_dag' retrieved from /mnt/c/Users/ander/Desktop/airflow-spark/airflow-spark/curso2/ambientX/lib/python3.9/site-packages/airflow/example_dags/example_sla_dag.py
[2025-01-26T10:46:41.356-0300] {logging_mixin.py:190} INFO - [2025-01-26T10:46:41.355-0300] {dag.py:3239} INFO - Sync 1 DAGs
[2025-01-26T10:46:41.391-0300] {logging_mixin.py:190} INFO - [2025-01-26T10:46:41.391-0300] {dag.py:4180} INFO - Setting next_dagrun for example_sla_dag to 2025-01-26T13:44:00+00:00, run_after=2025-01-26T13:46:00+00:00
[2025-01-26T10:46:41.464-0300] {processor.py:208} INFO - Processing /mnt/c/Users/ander/Desktop/airflow-spark/airflow-spark/curso2/ambientX/lib/python3.9/site-packages/airflow/example_dags/example_sla_dag.py took 0.217 seconds
[2025-01-26T10:48:26.074-0300] {processor.py:186} INFO - Started process (PID=10553) to work on /mnt/c/Users/ander/Desktop/airflow-spark/airflow-spark/curso2/ambientX/lib/python3.9/site-packages/airflow/example_dags/example_sla_dag.py
[2025-01-26T10:48:26.078-0300] {processor.py:914} INFO - Processing file /mnt/c/Users/ander/Desktop/airflow-spark/airflow-spark/curso2/ambientX/lib/python3.9/site-packages/airflow/example_dags/example_sla_dag.py for tasks to queue
[2025-01-26T10:48:26.082-0300] {logging_mixin.py:190} INFO - [2025-01-26T10:48:26.081-0300] {dagbag.py:588} INFO - Filling up the DagBag from /mnt/c/Users/ander/Desktop/airflow-spark/airflow-spark/curso2/ambientX/lib/python3.9/site-packages/airflow/example_dags/example_sla_dag.py
[2025-01-26T10:48:26.116-0300] {processor.py:925} INFO - DAG(s) 'example_sla_dag' retrieved from /mnt/c/Users/ander/Desktop/airflow-spark/airflow-spark/curso2/ambientX/lib/python3.9/site-packages/airflow/example_dags/example_sla_dag.py
[2025-01-26T10:48:26.159-0300] {logging_mixin.py:190} INFO - [2025-01-26T10:48:26.159-0300] {dag.py:3239} INFO - Sync 1 DAGs
[2025-01-26T10:48:26.200-0300] {logging_mixin.py:190} INFO - [2025-01-26T10:48:26.199-0300] {dag.py:4180} INFO - Setting next_dagrun for example_sla_dag to 2025-01-26T13:46:00+00:00, run_after=2025-01-26T13:48:00+00:00
[2025-01-26T10:48:26.294-0300] {processor.py:208} INFO - Processing /mnt/c/Users/ander/Desktop/airflow-spark/airflow-spark/curso2/ambientX/lib/python3.9/site-packages/airflow/example_dags/example_sla_dag.py took 0.240 seconds
[2025-01-26T10:50:15.507-0300] {processor.py:186} INFO - Started process (PID=11087) to work on /mnt/c/Users/ander/Desktop/airflow-spark/airflow-spark/curso2/ambientX/lib/python3.9/site-packages/airflow/example_dags/example_sla_dag.py
[2025-01-26T10:50:15.509-0300] {processor.py:914} INFO - Processing file /mnt/c/Users/ander/Desktop/airflow-spark/airflow-spark/curso2/ambientX/lib/python3.9/site-packages/airflow/example_dags/example_sla_dag.py for tasks to queue
[2025-01-26T10:50:15.511-0300] {logging_mixin.py:190} INFO - [2025-01-26T10:50:15.510-0300] {dagbag.py:588} INFO - Filling up the DagBag from /mnt/c/Users/ander/Desktop/airflow-spark/airflow-spark/curso2/ambientX/lib/python3.9/site-packages/airflow/example_dags/example_sla_dag.py
[2025-01-26T10:50:15.550-0300] {processor.py:925} INFO - DAG(s) 'example_sla_dag' retrieved from /mnt/c/Users/ander/Desktop/airflow-spark/airflow-spark/curso2/ambientX/lib/python3.9/site-packages/airflow/example_dags/example_sla_dag.py
[2025-01-26T10:50:15.598-0300] {logging_mixin.py:190} INFO - [2025-01-26T10:50:15.598-0300] {dag.py:3239} INFO - Sync 1 DAGs
[2025-01-26T10:50:15.638-0300] {logging_mixin.py:190} INFO - [2025-01-26T10:50:15.638-0300] {dag.py:4180} INFO - Setting next_dagrun for example_sla_dag to 2025-01-26T13:48:00+00:00, run_after=2025-01-26T13:50:00+00:00
[2025-01-26T10:50:15.721-0300] {processor.py:208} INFO - Processing /mnt/c/Users/ander/Desktop/airflow-spark/airflow-spark/curso2/ambientX/lib/python3.9/site-packages/airflow/example_dags/example_sla_dag.py took 0.236 seconds
[2025-01-26T10:52:04.151-0300] {processor.py:186} INFO - Started process (PID=11589) to work on /mnt/c/Users/ander/Desktop/airflow-spark/airflow-spark/curso2/ambientX/lib/python3.9/site-packages/airflow/example_dags/example_sla_dag.py
[2025-01-26T10:52:04.152-0300] {processor.py:914} INFO - Processing file /mnt/c/Users/ander/Desktop/airflow-spark/airflow-spark/curso2/ambientX/lib/python3.9/site-packages/airflow/example_dags/example_sla_dag.py for tasks to queue
[2025-01-26T10:52:04.155-0300] {logging_mixin.py:190} INFO - [2025-01-26T10:52:04.155-0300] {dagbag.py:588} INFO - Filling up the DagBag from /mnt/c/Users/ander/Desktop/airflow-spark/airflow-spark/curso2/ambientX/lib/python3.9/site-packages/airflow/example_dags/example_sla_dag.py
[2025-01-26T10:52:04.190-0300] {processor.py:925} INFO - DAG(s) 'example_sla_dag' retrieved from /mnt/c/Users/ander/Desktop/airflow-spark/airflow-spark/curso2/ambientX/lib/python3.9/site-packages/airflow/example_dags/example_sla_dag.py
[2025-01-26T10:52:04.233-0300] {logging_mixin.py:190} INFO - [2025-01-26T10:52:04.233-0300] {dag.py:3239} INFO - Sync 1 DAGs
[2025-01-26T10:52:04.274-0300] {logging_mixin.py:190} INFO - [2025-01-26T10:52:04.273-0300] {dag.py:4180} INFO - Setting next_dagrun for example_sla_dag to 2025-01-26T13:50:00+00:00, run_after=2025-01-26T13:52:00+00:00
[2025-01-26T10:52:04.376-0300] {processor.py:208} INFO - Processing /mnt/c/Users/ander/Desktop/airflow-spark/airflow-spark/curso2/ambientX/lib/python3.9/site-packages/airflow/example_dags/example_sla_dag.py took 0.241 seconds
[2025-01-26T10:54:00.710-0300] {processor.py:186} INFO - Started process (PID=12060) to work on /mnt/c/Users/ander/Desktop/airflow-spark/airflow-spark/curso2/ambientX/lib/python3.9/site-packages/airflow/example_dags/example_sla_dag.py
[2025-01-26T10:54:00.713-0300] {processor.py:914} INFO - Processing file /mnt/c/Users/ander/Desktop/airflow-spark/airflow-spark/curso2/ambientX/lib/python3.9/site-packages/airflow/example_dags/example_sla_dag.py for tasks to queue
[2025-01-26T10:54:00.716-0300] {logging_mixin.py:190} INFO - [2025-01-26T10:54:00.716-0300] {dagbag.py:588} INFO - Filling up the DagBag from /mnt/c/Users/ander/Desktop/airflow-spark/airflow-spark/curso2/ambientX/lib/python3.9/site-packages/airflow/example_dags/example_sla_dag.py
[2025-01-26T10:54:00.756-0300] {processor.py:925} INFO - DAG(s) 'example_sla_dag' retrieved from /mnt/c/Users/ander/Desktop/airflow-spark/airflow-spark/curso2/ambientX/lib/python3.9/site-packages/airflow/example_dags/example_sla_dag.py
[2025-01-26T10:54:00.802-0300] {logging_mixin.py:190} INFO - [2025-01-26T10:54:00.802-0300] {dag.py:3239} INFO - Sync 1 DAGs
[2025-01-26T10:54:00.844-0300] {logging_mixin.py:190} INFO - [2025-01-26T10:54:00.844-0300] {dag.py:4180} INFO - Setting next_dagrun for example_sla_dag to 2025-01-26T13:52:00+00:00, run_after=2025-01-26T13:54:00+00:00
[2025-01-26T10:54:00.936-0300] {processor.py:208} INFO - Processing /mnt/c/Users/ander/Desktop/airflow-spark/airflow-spark/curso2/ambientX/lib/python3.9/site-packages/airflow/example_dags/example_sla_dag.py took 0.245 seconds
[2025-01-26T10:55:50.447-0300] {processor.py:186} INFO - Started process (PID=12514) to work on /mnt/c/Users/ander/Desktop/airflow-spark/airflow-spark/curso2/ambientX/lib/python3.9/site-packages/airflow/example_dags/example_sla_dag.py
[2025-01-26T10:55:50.450-0300] {processor.py:914} INFO - Processing file /mnt/c/Users/ander/Desktop/airflow-spark/airflow-spark/curso2/ambientX/lib/python3.9/site-packages/airflow/example_dags/example_sla_dag.py for tasks to queue
[2025-01-26T10:55:50.454-0300] {logging_mixin.py:190} INFO - [2025-01-26T10:55:50.453-0300] {dagbag.py:588} INFO - Filling up the DagBag from /mnt/c/Users/ander/Desktop/airflow-spark/airflow-spark/curso2/ambientX/lib/python3.9/site-packages/airflow/example_dags/example_sla_dag.py
[2025-01-26T10:55:50.490-0300] {processor.py:925} INFO - DAG(s) 'example_sla_dag' retrieved from /mnt/c/Users/ander/Desktop/airflow-spark/airflow-spark/curso2/ambientX/lib/python3.9/site-packages/airflow/example_dags/example_sla_dag.py
[2025-01-26T10:55:50.536-0300] {logging_mixin.py:190} INFO - [2025-01-26T10:55:50.536-0300] {dag.py:3239} INFO - Sync 1 DAGs
[2025-01-26T10:55:50.581-0300] {logging_mixin.py:190} INFO - [2025-01-26T10:55:50.581-0300] {dag.py:4180} INFO - Setting next_dagrun for example_sla_dag to 2025-01-26T13:52:00+00:00, run_after=2025-01-26T13:54:00+00:00
[2025-01-26T10:55:50.665-0300] {processor.py:208} INFO - Processing /mnt/c/Users/ander/Desktop/airflow-spark/airflow-spark/curso2/ambientX/lib/python3.9/site-packages/airflow/example_dags/example_sla_dag.py took 0.240 seconds
[2025-01-26T10:57:40.198-0300] {processor.py:186} INFO - Started process (PID=13030) to work on /mnt/c/Users/ander/Desktop/airflow-spark/airflow-spark/curso2/ambientX/lib/python3.9/site-packages/airflow/example_dags/example_sla_dag.py
[2025-01-26T10:57:40.200-0300] {processor.py:914} INFO - Processing file /mnt/c/Users/ander/Desktop/airflow-spark/airflow-spark/curso2/ambientX/lib/python3.9/site-packages/airflow/example_dags/example_sla_dag.py for tasks to queue
[2025-01-26T10:57:40.203-0300] {logging_mixin.py:190} INFO - [2025-01-26T10:57:40.202-0300] {dagbag.py:588} INFO - Filling up the DagBag from /mnt/c/Users/ander/Desktop/airflow-spark/airflow-spark/curso2/ambientX/lib/python3.9/site-packages/airflow/example_dags/example_sla_dag.py
[2025-01-26T10:57:40.243-0300] {processor.py:925} INFO - DAG(s) 'example_sla_dag' retrieved from /mnt/c/Users/ander/Desktop/airflow-spark/airflow-spark/curso2/ambientX/lib/python3.9/site-packages/airflow/example_dags/example_sla_dag.py
[2025-01-26T10:57:40.287-0300] {logging_mixin.py:190} INFO - [2025-01-26T10:57:40.287-0300] {dag.py:3239} INFO - Sync 1 DAGs
[2025-01-26T10:57:40.328-0300] {logging_mixin.py:190} INFO - [2025-01-26T10:57:40.328-0300] {dag.py:4180} INFO - Setting next_dagrun for example_sla_dag to 2025-01-26T13:54:00+00:00, run_after=2025-01-26T13:56:00+00:00
[2025-01-26T10:57:40.408-0300] {processor.py:208} INFO - Processing /mnt/c/Users/ander/Desktop/airflow-spark/airflow-spark/curso2/ambientX/lib/python3.9/site-packages/airflow/example_dags/example_sla_dag.py took 0.232 seconds
[2025-01-26T10:59:35.777-0300] {processor.py:186} INFO - Started process (PID=13513) to work on /mnt/c/Users/ander/Desktop/airflow-spark/airflow-spark/curso2/ambientX/lib/python3.9/site-packages/airflow/example_dags/example_sla_dag.py
[2025-01-26T10:59:35.779-0300] {processor.py:914} INFO - Processing file /mnt/c/Users/ander/Desktop/airflow-spark/airflow-spark/curso2/ambientX/lib/python3.9/site-packages/airflow/example_dags/example_sla_dag.py for tasks to queue
[2025-01-26T10:59:35.781-0300] {logging_mixin.py:190} INFO - [2025-01-26T10:59:35.780-0300] {dagbag.py:588} INFO - Filling up the DagBag from /mnt/c/Users/ander/Desktop/airflow-spark/airflow-spark/curso2/ambientX/lib/python3.9/site-packages/airflow/example_dags/example_sla_dag.py
[2025-01-26T10:59:35.812-0300] {processor.py:925} INFO - DAG(s) 'example_sla_dag' retrieved from /mnt/c/Users/ander/Desktop/airflow-spark/airflow-spark/curso2/ambientX/lib/python3.9/site-packages/airflow/example_dags/example_sla_dag.py
[2025-01-26T10:59:35.851-0300] {logging_mixin.py:190} INFO - [2025-01-26T10:59:35.851-0300] {dag.py:3239} INFO - Sync 1 DAGs
[2025-01-26T10:59:35.889-0300] {logging_mixin.py:190} INFO - [2025-01-26T10:59:35.888-0300] {dag.py:4180} INFO - Setting next_dagrun for example_sla_dag to 2025-01-26T13:56:00+00:00, run_after=2025-01-26T13:58:00+00:00
[2025-01-26T10:59:35.962-0300] {processor.py:208} INFO - Processing /mnt/c/Users/ander/Desktop/airflow-spark/airflow-spark/curso2/ambientX/lib/python3.9/site-packages/airflow/example_dags/example_sla_dag.py took 0.205 seconds
[2025-01-26T11:01:34.238-0300] {processor.py:186} INFO - Started process (PID=14093) to work on /mnt/c/Users/ander/Desktop/airflow-spark/airflow-spark/curso2/ambientX/lib/python3.9/site-packages/airflow/example_dags/example_sla_dag.py
[2025-01-26T11:01:34.240-0300] {processor.py:914} INFO - Processing file /mnt/c/Users/ander/Desktop/airflow-spark/airflow-spark/curso2/ambientX/lib/python3.9/site-packages/airflow/example_dags/example_sla_dag.py for tasks to queue
[2025-01-26T11:01:34.247-0300] {logging_mixin.py:190} INFO - [2025-01-26T11:01:34.247-0300] {dagbag.py:588} INFO - Filling up the DagBag from /mnt/c/Users/ander/Desktop/airflow-spark/airflow-spark/curso2/ambientX/lib/python3.9/site-packages/airflow/example_dags/example_sla_dag.py
[2025-01-26T11:01:34.285-0300] {processor.py:925} INFO - DAG(s) 'example_sla_dag' retrieved from /mnt/c/Users/ander/Desktop/airflow-spark/airflow-spark/curso2/ambientX/lib/python3.9/site-packages/airflow/example_dags/example_sla_dag.py
[2025-01-26T11:01:34.331-0300] {logging_mixin.py:190} INFO - [2025-01-26T11:01:34.331-0300] {dag.py:3239} INFO - Sync 1 DAGs
[2025-01-26T11:01:34.381-0300] {logging_mixin.py:190} INFO - [2025-01-26T11:01:34.381-0300] {dag.py:4180} INFO - Setting next_dagrun for example_sla_dag to 2025-01-26T13:58:00+00:00, run_after=2025-01-26T14:00:00+00:00
[2025-01-26T11:01:34.469-0300] {processor.py:208} INFO - Processing /mnt/c/Users/ander/Desktop/airflow-spark/airflow-spark/curso2/ambientX/lib/python3.9/site-packages/airflow/example_dags/example_sla_dag.py took 0.268 seconds
[2025-01-26T11:03:26.248-0300] {processor.py:186} INFO - Started process (PID=15061) to work on /mnt/c/Users/ander/Desktop/airflow-spark/airflow-spark/curso2/ambientX/lib/python3.9/site-packages/airflow/example_dags/example_sla_dag.py
[2025-01-26T11:03:26.250-0300] {processor.py:914} INFO - Processing file /mnt/c/Users/ander/Desktop/airflow-spark/airflow-spark/curso2/ambientX/lib/python3.9/site-packages/airflow/example_dags/example_sla_dag.py for tasks to queue
[2025-01-26T11:03:26.252-0300] {logging_mixin.py:190} INFO - [2025-01-26T11:03:26.252-0300] {dagbag.py:588} INFO - Filling up the DagBag from /mnt/c/Users/ander/Desktop/airflow-spark/airflow-spark/curso2/ambientX/lib/python3.9/site-packages/airflow/example_dags/example_sla_dag.py
[2025-01-26T11:03:26.284-0300] {processor.py:925} INFO - DAG(s) 'example_sla_dag' retrieved from /mnt/c/Users/ander/Desktop/airflow-spark/airflow-spark/curso2/ambientX/lib/python3.9/site-packages/airflow/example_dags/example_sla_dag.py
[2025-01-26T11:03:26.324-0300] {logging_mixin.py:190} INFO - [2025-01-26T11:03:26.324-0300] {dag.py:3239} INFO - Sync 1 DAGs
[2025-01-26T11:03:26.360-0300] {logging_mixin.py:190} INFO - [2025-01-26T11:03:26.360-0300] {dag.py:4180} INFO - Setting next_dagrun for example_sla_dag to 2025-01-26T14:00:00+00:00, run_after=2025-01-26T14:02:00+00:00
[2025-01-26T11:03:26.428-0300] {processor.py:208} INFO - Processing /mnt/c/Users/ander/Desktop/airflow-spark/airflow-spark/curso2/ambientX/lib/python3.9/site-packages/airflow/example_dags/example_sla_dag.py took 0.198 seconds
[2025-01-26T11:05:11.143-0300] {processor.py:186} INFO - Started process (PID=15509) to work on /mnt/c/Users/ander/Desktop/airflow-spark/airflow-spark/curso2/ambientX/lib/python3.9/site-packages/airflow/example_dags/example_sla_dag.py
[2025-01-26T11:05:11.144-0300] {processor.py:914} INFO - Processing file /mnt/c/Users/ander/Desktop/airflow-spark/airflow-spark/curso2/ambientX/lib/python3.9/site-packages/airflow/example_dags/example_sla_dag.py for tasks to queue
[2025-01-26T11:05:11.146-0300] {logging_mixin.py:190} INFO - [2025-01-26T11:05:11.146-0300] {dagbag.py:588} INFO - Filling up the DagBag from /mnt/c/Users/ander/Desktop/airflow-spark/airflow-spark/curso2/ambientX/lib/python3.9/site-packages/airflow/example_dags/example_sla_dag.py
[2025-01-26T11:05:11.173-0300] {processor.py:925} INFO - DAG(s) 'example_sla_dag' retrieved from /mnt/c/Users/ander/Desktop/airflow-spark/airflow-spark/curso2/ambientX/lib/python3.9/site-packages/airflow/example_dags/example_sla_dag.py
[2025-01-26T11:05:11.210-0300] {logging_mixin.py:190} INFO - [2025-01-26T11:05:11.210-0300] {dag.py:3239} INFO - Sync 1 DAGs
[2025-01-26T11:05:11.242-0300] {logging_mixin.py:190} INFO - [2025-01-26T11:05:11.242-0300] {dag.py:4180} INFO - Setting next_dagrun for example_sla_dag to 2025-01-26T14:02:00+00:00, run_after=2025-01-26T14:04:00+00:00
[2025-01-26T11:05:11.299-0300] {processor.py:208} INFO - Processing /mnt/c/Users/ander/Desktop/airflow-spark/airflow-spark/curso2/ambientX/lib/python3.9/site-packages/airflow/example_dags/example_sla_dag.py took 0.172 seconds
[2025-01-26T11:06:49.170-0300] {processor.py:186} INFO - Started process (PID=15903) to work on /mnt/c/Users/ander/Desktop/airflow-spark/airflow-spark/curso2/ambientX/lib/python3.9/site-packages/airflow/example_dags/example_sla_dag.py
[2025-01-26T11:06:49.172-0300] {processor.py:914} INFO - Processing file /mnt/c/Users/ander/Desktop/airflow-spark/airflow-spark/curso2/ambientX/lib/python3.9/site-packages/airflow/example_dags/example_sla_dag.py for tasks to queue
[2025-01-26T11:06:49.174-0300] {logging_mixin.py:190} INFO - [2025-01-26T11:06:49.173-0300] {dagbag.py:588} INFO - Filling up the DagBag from /mnt/c/Users/ander/Desktop/airflow-spark/airflow-spark/curso2/ambientX/lib/python3.9/site-packages/airflow/example_dags/example_sla_dag.py
[2025-01-26T11:06:49.201-0300] {processor.py:925} INFO - DAG(s) 'example_sla_dag' retrieved from /mnt/c/Users/ander/Desktop/airflow-spark/airflow-spark/curso2/ambientX/lib/python3.9/site-packages/airflow/example_dags/example_sla_dag.py
[2025-01-26T11:06:49.239-0300] {logging_mixin.py:190} INFO - [2025-01-26T11:06:49.239-0300] {dag.py:3239} INFO - Sync 1 DAGs
[2025-01-26T11:06:49.274-0300] {logging_mixin.py:190} INFO - [2025-01-26T11:06:49.274-0300] {dag.py:4180} INFO - Setting next_dagrun for example_sla_dag to 2025-01-26T14:04:00+00:00, run_after=2025-01-26T14:06:00+00:00
[2025-01-26T11:06:49.337-0300] {processor.py:208} INFO - Processing /mnt/c/Users/ander/Desktop/airflow-spark/airflow-spark/curso2/ambientX/lib/python3.9/site-packages/airflow/example_dags/example_sla_dag.py took 0.184 seconds
[2025-01-26T11:08:34.770-0300] {processor.py:186} INFO - Started process (PID=16387) to work on /mnt/c/Users/ander/Desktop/airflow-spark/airflow-spark/curso2/ambientX/lib/python3.9/site-packages/airflow/example_dags/example_sla_dag.py
[2025-01-26T11:08:34.771-0300] {processor.py:914} INFO - Processing file /mnt/c/Users/ander/Desktop/airflow-spark/airflow-spark/curso2/ambientX/lib/python3.9/site-packages/airflow/example_dags/example_sla_dag.py for tasks to queue
[2025-01-26T11:08:34.774-0300] {logging_mixin.py:190} INFO - [2025-01-26T11:08:34.773-0300] {dagbag.py:588} INFO - Filling up the DagBag from /mnt/c/Users/ander/Desktop/airflow-spark/airflow-spark/curso2/ambientX/lib/python3.9/site-packages/airflow/example_dags/example_sla_dag.py
[2025-01-26T11:08:34.811-0300] {processor.py:925} INFO - DAG(s) 'example_sla_dag' retrieved from /mnt/c/Users/ander/Desktop/airflow-spark/airflow-spark/curso2/ambientX/lib/python3.9/site-packages/airflow/example_dags/example_sla_dag.py
[2025-01-26T11:08:34.861-0300] {logging_mixin.py:190} INFO - [2025-01-26T11:08:34.860-0300] {dag.py:3239} INFO - Sync 1 DAGs
[2025-01-26T11:08:34.907-0300] {logging_mixin.py:190} INFO - [2025-01-26T11:08:34.906-0300] {dag.py:4180} INFO - Setting next_dagrun for example_sla_dag to 2025-01-26T14:06:00+00:00, run_after=2025-01-26T14:08:00+00:00
[2025-01-26T11:08:34.991-0300] {processor.py:208} INFO - Processing /mnt/c/Users/ander/Desktop/airflow-spark/airflow-spark/curso2/ambientX/lib/python3.9/site-packages/airflow/example_dags/example_sla_dag.py took 0.241 seconds
[2025-01-26T11:10:17.276-0300] {processor.py:186} INFO - Started process (PID=16828) to work on /mnt/c/Users/ander/Desktop/airflow-spark/airflow-spark/curso2/ambientX/lib/python3.9/site-packages/airflow/example_dags/example_sla_dag.py
[2025-01-26T11:10:17.278-0300] {processor.py:914} INFO - Processing file /mnt/c/Users/ander/Desktop/airflow-spark/airflow-spark/curso2/ambientX/lib/python3.9/site-packages/airflow/example_dags/example_sla_dag.py for tasks to queue
[2025-01-26T11:10:17.280-0300] {logging_mixin.py:190} INFO - [2025-01-26T11:10:17.280-0300] {dagbag.py:588} INFO - Filling up the DagBag from /mnt/c/Users/ander/Desktop/airflow-spark/airflow-spark/curso2/ambientX/lib/python3.9/site-packages/airflow/example_dags/example_sla_dag.py
[2025-01-26T11:10:17.315-0300] {processor.py:925} INFO - DAG(s) 'example_sla_dag' retrieved from /mnt/c/Users/ander/Desktop/airflow-spark/airflow-spark/curso2/ambientX/lib/python3.9/site-packages/airflow/example_dags/example_sla_dag.py
[2025-01-26T11:10:17.357-0300] {logging_mixin.py:190} INFO - [2025-01-26T11:10:17.357-0300] {dag.py:3239} INFO - Sync 1 DAGs
[2025-01-26T11:10:17.401-0300] {logging_mixin.py:190} INFO - [2025-01-26T11:10:17.401-0300] {dag.py:4180} INFO - Setting next_dagrun for example_sla_dag to 2025-01-26T14:08:00+00:00, run_after=2025-01-26T14:10:00+00:00
[2025-01-26T11:10:17.492-0300] {processor.py:208} INFO - Processing /mnt/c/Users/ander/Desktop/airflow-spark/airflow-spark/curso2/ambientX/lib/python3.9/site-packages/airflow/example_dags/example_sla_dag.py took 0.235 seconds
[2025-01-26T11:12:53.190-0300] {processor.py:186} INFO - Started process (PID=17411) to work on /mnt/c/Users/ander/Desktop/airflow-spark/airflow-spark/curso2/ambientX/lib/python3.9/site-packages/airflow/example_dags/example_sla_dag.py
[2025-01-26T11:12:53.194-0300] {processor.py:914} INFO - Processing file /mnt/c/Users/ander/Desktop/airflow-spark/airflow-spark/curso2/ambientX/lib/python3.9/site-packages/airflow/example_dags/example_sla_dag.py for tasks to queue
[2025-01-26T11:12:53.196-0300] {logging_mixin.py:190} INFO - [2025-01-26T11:12:53.195-0300] {dagbag.py:588} INFO - Filling up the DagBag from /mnt/c/Users/ander/Desktop/airflow-spark/airflow-spark/curso2/ambientX/lib/python3.9/site-packages/airflow/example_dags/example_sla_dag.py
[2025-01-26T11:12:53.254-0300] {processor.py:925} INFO - DAG(s) 'example_sla_dag' retrieved from /mnt/c/Users/ander/Desktop/airflow-spark/airflow-spark/curso2/ambientX/lib/python3.9/site-packages/airflow/example_dags/example_sla_dag.py
[2025-01-26T11:12:53.308-0300] {logging_mixin.py:190} INFO - [2025-01-26T11:12:53.308-0300] {dag.py:3239} INFO - Sync 1 DAGs
[2025-01-26T11:12:53.344-0300] {logging_mixin.py:190} INFO - [2025-01-26T11:12:53.344-0300] {dag.py:4180} INFO - Setting next_dagrun for example_sla_dag to 2025-01-26T14:10:00+00:00, run_after=2025-01-26T14:12:00+00:00
[2025-01-26T11:12:54.473-0300] {processor.py:208} INFO - Processing /mnt/c/Users/ander/Desktop/airflow-spark/airflow-spark/curso2/ambientX/lib/python3.9/site-packages/airflow/example_dags/example_sla_dag.py took 1.301 seconds
[2025-01-26T11:14:46.160-0300] {processor.py:186} INFO - Started process (PID=18037) to work on /mnt/c/Users/ander/Desktop/airflow-spark/airflow-spark/curso2/ambientX/lib/python3.9/site-packages/airflow/example_dags/example_sla_dag.py
[2025-01-26T11:14:46.162-0300] {processor.py:914} INFO - Processing file /mnt/c/Users/ander/Desktop/airflow-spark/airflow-spark/curso2/ambientX/lib/python3.9/site-packages/airflow/example_dags/example_sla_dag.py for tasks to queue
[2025-01-26T11:14:46.164-0300] {logging_mixin.py:190} INFO - [2025-01-26T11:14:46.163-0300] {dagbag.py:588} INFO - Filling up the DagBag from /mnt/c/Users/ander/Desktop/airflow-spark/airflow-spark/curso2/ambientX/lib/python3.9/site-packages/airflow/example_dags/example_sla_dag.py
[2025-01-26T11:14:46.193-0300] {processor.py:925} INFO - DAG(s) 'example_sla_dag' retrieved from /mnt/c/Users/ander/Desktop/airflow-spark/airflow-spark/curso2/ambientX/lib/python3.9/site-packages/airflow/example_dags/example_sla_dag.py
[2025-01-26T11:14:46.232-0300] {logging_mixin.py:190} INFO - [2025-01-26T11:14:46.232-0300] {dag.py:3239} INFO - Sync 1 DAGs
[2025-01-26T11:14:46.272-0300] {logging_mixin.py:190} INFO - [2025-01-26T11:14:46.272-0300] {dag.py:4180} INFO - Setting next_dagrun for example_sla_dag to 2025-01-26T14:12:00+00:00, run_after=2025-01-26T14:14:00+00:00
[2025-01-26T11:14:46.406-0300] {processor.py:208} INFO - Processing /mnt/c/Users/ander/Desktop/airflow-spark/airflow-spark/curso2/ambientX/lib/python3.9/site-packages/airflow/example_dags/example_sla_dag.py took 0.264 seconds
[2025-01-26T11:16:45.187-0300] {processor.py:186} INFO - Started process (PID=18562) to work on /mnt/c/Users/ander/Desktop/airflow-spark/airflow-spark/curso2/ambientX/lib/python3.9/site-packages/airflow/example_dags/example_sla_dag.py
[2025-01-26T11:16:45.189-0300] {processor.py:914} INFO - Processing file /mnt/c/Users/ander/Desktop/airflow-spark/airflow-spark/curso2/ambientX/lib/python3.9/site-packages/airflow/example_dags/example_sla_dag.py for tasks to queue
[2025-01-26T11:16:45.192-0300] {logging_mixin.py:190} INFO - [2025-01-26T11:16:45.191-0300] {dagbag.py:588} INFO - Filling up the DagBag from /mnt/c/Users/ander/Desktop/airflow-spark/airflow-spark/curso2/ambientX/lib/python3.9/site-packages/airflow/example_dags/example_sla_dag.py
[2025-01-26T11:16:45.218-0300] {processor.py:925} INFO - DAG(s) 'example_sla_dag' retrieved from /mnt/c/Users/ander/Desktop/airflow-spark/airflow-spark/curso2/ambientX/lib/python3.9/site-packages/airflow/example_dags/example_sla_dag.py
[2025-01-26T11:16:45.252-0300] {logging_mixin.py:190} INFO - [2025-01-26T11:16:45.252-0300] {dag.py:3239} INFO - Sync 1 DAGs
[2025-01-26T11:16:45.287-0300] {logging_mixin.py:190} INFO - [2025-01-26T11:16:45.287-0300] {dag.py:4180} INFO - Setting next_dagrun for example_sla_dag to 2025-01-26T14:14:00+00:00, run_after=2025-01-26T14:16:00+00:00
[2025-01-26T11:16:46.050-0300] {processor.py:208} INFO - Processing /mnt/c/Users/ander/Desktop/airflow-spark/airflow-spark/curso2/ambientX/lib/python3.9/site-packages/airflow/example_dags/example_sla_dag.py took 0.883 seconds
[2025-01-26T11:18:16.992-0300] {processor.py:186} INFO - Started process (PID=19029) to work on /mnt/c/Users/ander/Desktop/airflow-spark/airflow-spark/curso2/ambientX/lib/python3.9/site-packages/airflow/example_dags/example_sla_dag.py
[2025-01-26T11:18:16.994-0300] {processor.py:914} INFO - Processing file /mnt/c/Users/ander/Desktop/airflow-spark/airflow-spark/curso2/ambientX/lib/python3.9/site-packages/airflow/example_dags/example_sla_dag.py for tasks to queue
[2025-01-26T11:18:16.996-0300] {logging_mixin.py:190} INFO - [2025-01-26T11:18:16.995-0300] {dagbag.py:588} INFO - Filling up the DagBag from /mnt/c/Users/ander/Desktop/airflow-spark/airflow-spark/curso2/ambientX/lib/python3.9/site-packages/airflow/example_dags/example_sla_dag.py
[2025-01-26T11:18:17.022-0300] {processor.py:925} INFO - DAG(s) 'example_sla_dag' retrieved from /mnt/c/Users/ander/Desktop/airflow-spark/airflow-spark/curso2/ambientX/lib/python3.9/site-packages/airflow/example_dags/example_sla_dag.py
[2025-01-26T11:18:17.059-0300] {logging_mixin.py:190} INFO - [2025-01-26T11:18:17.058-0300] {dag.py:3239} INFO - Sync 1 DAGs
[2025-01-26T11:18:17.093-0300] {logging_mixin.py:190} INFO - [2025-01-26T11:18:17.092-0300] {dag.py:4180} INFO - Setting next_dagrun for example_sla_dag to 2025-01-26T14:16:00+00:00, run_after=2025-01-26T14:18:00+00:00
[2025-01-26T11:18:17.989-0300] {processor.py:208} INFO - Processing /mnt/c/Users/ander/Desktop/airflow-spark/airflow-spark/curso2/ambientX/lib/python3.9/site-packages/airflow/example_dags/example_sla_dag.py took 1.013 seconds
[2025-01-26T11:19:56.091-0300] {processor.py:186} INFO - Started process (PID=19442) to work on /mnt/c/Users/ander/Desktop/airflow-spark/airflow-spark/curso2/ambientX/lib/python3.9/site-packages/airflow/example_dags/example_sla_dag.py
[2025-01-26T11:19:56.092-0300] {processor.py:914} INFO - Processing file /mnt/c/Users/ander/Desktop/airflow-spark/airflow-spark/curso2/ambientX/lib/python3.9/site-packages/airflow/example_dags/example_sla_dag.py for tasks to queue
[2025-01-26T11:19:56.094-0300] {logging_mixin.py:190} INFO - [2025-01-26T11:19:56.094-0300] {dagbag.py:588} INFO - Filling up the DagBag from /mnt/c/Users/ander/Desktop/airflow-spark/airflow-spark/curso2/ambientX/lib/python3.9/site-packages/airflow/example_dags/example_sla_dag.py
[2025-01-26T11:19:56.128-0300] {processor.py:925} INFO - DAG(s) 'example_sla_dag' retrieved from /mnt/c/Users/ander/Desktop/airflow-spark/airflow-spark/curso2/ambientX/lib/python3.9/site-packages/airflow/example_dags/example_sla_dag.py
[2025-01-26T11:19:56.171-0300] {logging_mixin.py:190} INFO - [2025-01-26T11:19:56.171-0300] {dag.py:3239} INFO - Sync 1 DAGs
[2025-01-26T11:19:56.206-0300] {logging_mixin.py:190} INFO - [2025-01-26T11:19:56.206-0300] {dag.py:4180} INFO - Setting next_dagrun for example_sla_dag to 2025-01-26T14:16:00+00:00, run_after=2025-01-26T14:18:00+00:00
[2025-01-26T11:19:56.975-0300] {processor.py:208} INFO - Processing /mnt/c/Users/ander/Desktop/airflow-spark/airflow-spark/curso2/ambientX/lib/python3.9/site-packages/airflow/example_dags/example_sla_dag.py took 0.903 seconds
[2025-01-26T11:21:50.311-0300] {processor.py:186} INFO - Started process (PID=19896) to work on /mnt/c/Users/ander/Desktop/airflow-spark/airflow-spark/curso2/ambientX/lib/python3.9/site-packages/airflow/example_dags/example_sla_dag.py
[2025-01-26T11:21:50.312-0300] {processor.py:914} INFO - Processing file /mnt/c/Users/ander/Desktop/airflow-spark/airflow-spark/curso2/ambientX/lib/python3.9/site-packages/airflow/example_dags/example_sla_dag.py for tasks to queue
[2025-01-26T11:21:50.315-0300] {logging_mixin.py:190} INFO - [2025-01-26T11:21:50.314-0300] {dagbag.py:588} INFO - Filling up the DagBag from /mnt/c/Users/ander/Desktop/airflow-spark/airflow-spark/curso2/ambientX/lib/python3.9/site-packages/airflow/example_dags/example_sla_dag.py
[2025-01-26T11:21:50.344-0300] {processor.py:925} INFO - DAG(s) 'example_sla_dag' retrieved from /mnt/c/Users/ander/Desktop/airflow-spark/airflow-spark/curso2/ambientX/lib/python3.9/site-packages/airflow/example_dags/example_sla_dag.py
[2025-01-26T11:21:50.381-0300] {logging_mixin.py:190} INFO - [2025-01-26T11:21:50.381-0300] {dag.py:3239} INFO - Sync 1 DAGs
[2025-01-26T11:21:50.418-0300] {logging_mixin.py:190} INFO - [2025-01-26T11:21:50.418-0300] {dag.py:4180} INFO - Setting next_dagrun for example_sla_dag to 2025-01-26T14:18:00+00:00, run_after=2025-01-26T14:20:00+00:00
[2025-01-26T11:21:50.490-0300] {processor.py:208} INFO - Processing /mnt/c/Users/ander/Desktop/airflow-spark/airflow-spark/curso2/ambientX/lib/python3.9/site-packages/airflow/example_dags/example_sla_dag.py took 0.196 seconds
[2025-01-26T11:23:35.409-0300] {processor.py:186} INFO - Started process (PID=20331) to work on /mnt/c/Users/ander/Desktop/airflow-spark/airflow-spark/curso2/ambientX/lib/python3.9/site-packages/airflow/example_dags/example_sla_dag.py
[2025-01-26T11:23:35.411-0300] {processor.py:914} INFO - Processing file /mnt/c/Users/ander/Desktop/airflow-spark/airflow-spark/curso2/ambientX/lib/python3.9/site-packages/airflow/example_dags/example_sla_dag.py for tasks to queue
[2025-01-26T11:23:35.413-0300] {logging_mixin.py:190} INFO - [2025-01-26T11:23:35.413-0300] {dagbag.py:588} INFO - Filling up the DagBag from /mnt/c/Users/ander/Desktop/airflow-spark/airflow-spark/curso2/ambientX/lib/python3.9/site-packages/airflow/example_dags/example_sla_dag.py
[2025-01-26T11:23:35.445-0300] {processor.py:925} INFO - DAG(s) 'example_sla_dag' retrieved from /mnt/c/Users/ander/Desktop/airflow-spark/airflow-spark/curso2/ambientX/lib/python3.9/site-packages/airflow/example_dags/example_sla_dag.py
[2025-01-26T11:23:35.487-0300] {logging_mixin.py:190} INFO - [2025-01-26T11:23:35.486-0300] {dag.py:3239} INFO - Sync 1 DAGs
[2025-01-26T11:23:35.529-0300] {logging_mixin.py:190} INFO - [2025-01-26T11:23:35.529-0300] {dag.py:4180} INFO - Setting next_dagrun for example_sla_dag to 2025-01-26T14:20:00+00:00, run_after=2025-01-26T14:22:00+00:00
[2025-01-26T11:23:36.150-0300] {processor.py:208} INFO - Processing /mnt/c/Users/ander/Desktop/airflow-spark/airflow-spark/curso2/ambientX/lib/python3.9/site-packages/airflow/example_dags/example_sla_dag.py took 0.760 seconds
[2025-01-26T11:24:45.120-0300] {processor.py:186} INFO - Started process (PID=20674) to work on /mnt/c/Users/ander/Desktop/airflow-spark/airflow-spark/curso2/ambientX/lib/python3.9/site-packages/airflow/example_dags/example_sla_dag.py
[2025-01-26T11:24:45.121-0300] {processor.py:914} INFO - Processing file /mnt/c/Users/ander/Desktop/airflow-spark/airflow-spark/curso2/ambientX/lib/python3.9/site-packages/airflow/example_dags/example_sla_dag.py for tasks to queue
[2025-01-26T11:24:45.124-0300] {logging_mixin.py:190} INFO - [2025-01-26T11:24:45.123-0300] {dagbag.py:588} INFO - Filling up the DagBag from /mnt/c/Users/ander/Desktop/airflow-spark/airflow-spark/curso2/ambientX/lib/python3.9/site-packages/airflow/example_dags/example_sla_dag.py
[2025-01-26T11:24:45.156-0300] {processor.py:925} INFO - DAG(s) 'example_sla_dag' retrieved from /mnt/c/Users/ander/Desktop/airflow-spark/airflow-spark/curso2/ambientX/lib/python3.9/site-packages/airflow/example_dags/example_sla_dag.py
[2025-01-26T11:24:45.202-0300] {logging_mixin.py:190} INFO - [2025-01-26T11:24:45.202-0300] {dag.py:3239} INFO - Sync 1 DAGs
[2025-01-26T11:24:45.238-0300] {logging_mixin.py:190} INFO - [2025-01-26T11:24:45.238-0300] {dag.py:4180} INFO - Setting next_dagrun for example_sla_dag to 2025-01-26T14:22:00+00:00, run_after=2025-01-26T14:24:00+00:00
[2025-01-26T11:24:45.632-0300] {processor.py:208} INFO - Processing /mnt/c/Users/ander/Desktop/airflow-spark/airflow-spark/curso2/ambientX/lib/python3.9/site-packages/airflow/example_dags/example_sla_dag.py took 0.530 seconds
[2025-01-26T11:26:04.267-0300] {processor.py:186} INFO - Started process (PID=21162) to work on /mnt/c/Users/ander/Desktop/airflow-spark/airflow-spark/curso2/ambientX/lib/python3.9/site-packages/airflow/example_dags/example_sla_dag.py
[2025-01-26T11:26:04.269-0300] {processor.py:914} INFO - Processing file /mnt/c/Users/ander/Desktop/airflow-spark/airflow-spark/curso2/ambientX/lib/python3.9/site-packages/airflow/example_dags/example_sla_dag.py for tasks to queue
[2025-01-26T11:26:04.271-0300] {logging_mixin.py:190} INFO - [2025-01-26T11:26:04.270-0300] {dagbag.py:588} INFO - Filling up the DagBag from /mnt/c/Users/ander/Desktop/airflow-spark/airflow-spark/curso2/ambientX/lib/python3.9/site-packages/airflow/example_dags/example_sla_dag.py
[2025-01-26T11:26:04.306-0300] {processor.py:925} INFO - DAG(s) 'example_sla_dag' retrieved from /mnt/c/Users/ander/Desktop/airflow-spark/airflow-spark/curso2/ambientX/lib/python3.9/site-packages/airflow/example_dags/example_sla_dag.py
[2025-01-26T11:26:04.352-0300] {logging_mixin.py:190} INFO - [2025-01-26T11:26:04.352-0300] {dag.py:3239} INFO - Sync 1 DAGs
[2025-01-26T11:26:04.389-0300] {logging_mixin.py:190} INFO - [2025-01-26T11:26:04.389-0300] {dag.py:4180} INFO - Setting next_dagrun for example_sla_dag to 2025-01-26T14:24:00+00:00, run_after=2025-01-26T14:26:00+00:00
[2025-01-26T11:26:04.459-0300] {processor.py:208} INFO - Processing /mnt/c/Users/ander/Desktop/airflow-spark/airflow-spark/curso2/ambientX/lib/python3.9/site-packages/airflow/example_dags/example_sla_dag.py took 0.210 seconds
[2025-01-26T11:27:14.640-0300] {processor.py:186} INFO - Started process (PID=21505) to work on /mnt/c/Users/ander/Desktop/airflow-spark/airflow-spark/curso2/ambientX/lib/python3.9/site-packages/airflow/example_dags/example_sla_dag.py
[2025-01-26T11:27:14.642-0300] {processor.py:914} INFO - Processing file /mnt/c/Users/ander/Desktop/airflow-spark/airflow-spark/curso2/ambientX/lib/python3.9/site-packages/airflow/example_dags/example_sla_dag.py for tasks to queue
[2025-01-26T11:27:14.644-0300] {logging_mixin.py:190} INFO - [2025-01-26T11:27:14.643-0300] {dagbag.py:588} INFO - Filling up the DagBag from /mnt/c/Users/ander/Desktop/airflow-spark/airflow-spark/curso2/ambientX/lib/python3.9/site-packages/airflow/example_dags/example_sla_dag.py
[2025-01-26T11:27:14.679-0300] {processor.py:925} INFO - DAG(s) 'example_sla_dag' retrieved from /mnt/c/Users/ander/Desktop/airflow-spark/airflow-spark/curso2/ambientX/lib/python3.9/site-packages/airflow/example_dags/example_sla_dag.py
[2025-01-26T11:27:14.716-0300] {logging_mixin.py:190} INFO - [2025-01-26T11:27:14.716-0300] {dag.py:3239} INFO - Sync 1 DAGs
[2025-01-26T11:27:14.750-0300] {logging_mixin.py:190} INFO - [2025-01-26T11:27:14.750-0300] {dag.py:4180} INFO - Setting next_dagrun for example_sla_dag to 2025-01-26T14:24:00+00:00, run_after=2025-01-26T14:26:00+00:00
[2025-01-26T11:27:14.820-0300] {processor.py:208} INFO - Processing /mnt/c/Users/ander/Desktop/airflow-spark/airflow-spark/curso2/ambientX/lib/python3.9/site-packages/airflow/example_dags/example_sla_dag.py took 0.199 seconds
[2025-01-26T11:28:25.735-0300] {processor.py:186} INFO - Started process (PID=21850) to work on /mnt/c/Users/ander/Desktop/airflow-spark/airflow-spark/curso2/ambientX/lib/python3.9/site-packages/airflow/example_dags/example_sla_dag.py
[2025-01-26T11:28:25.737-0300] {processor.py:914} INFO - Processing file /mnt/c/Users/ander/Desktop/airflow-spark/airflow-spark/curso2/ambientX/lib/python3.9/site-packages/airflow/example_dags/example_sla_dag.py for tasks to queue
[2025-01-26T11:28:25.739-0300] {logging_mixin.py:190} INFO - [2025-01-26T11:28:25.738-0300] {dagbag.py:588} INFO - Filling up the DagBag from /mnt/c/Users/ander/Desktop/airflow-spark/airflow-spark/curso2/ambientX/lib/python3.9/site-packages/airflow/example_dags/example_sla_dag.py
[2025-01-26T11:28:25.768-0300] {processor.py:925} INFO - DAG(s) 'example_sla_dag' retrieved from /mnt/c/Users/ander/Desktop/airflow-spark/airflow-spark/curso2/ambientX/lib/python3.9/site-packages/airflow/example_dags/example_sla_dag.py
[2025-01-26T11:28:25.809-0300] {logging_mixin.py:190} INFO - [2025-01-26T11:28:25.809-0300] {dag.py:3239} INFO - Sync 1 DAGs
[2025-01-26T11:28:25.844-0300] {logging_mixin.py:190} INFO - [2025-01-26T11:28:25.843-0300] {dag.py:4180} INFO - Setting next_dagrun for example_sla_dag to 2025-01-26T14:26:00+00:00, run_after=2025-01-26T14:28:00+00:00
[2025-01-26T11:28:26.359-0300] {processor.py:208} INFO - Processing /mnt/c/Users/ander/Desktop/airflow-spark/airflow-spark/curso2/ambientX/lib/python3.9/site-packages/airflow/example_dags/example_sla_dag.py took 0.640 seconds
[2025-01-26T11:29:43.659-0300] {processor.py:186} INFO - Started process (PID=22212) to work on /mnt/c/Users/ander/Desktop/airflow-spark/airflow-spark/curso2/ambientX/lib/python3.9/site-packages/airflow/example_dags/example_sla_dag.py
[2025-01-26T11:29:43.660-0300] {processor.py:914} INFO - Processing file /mnt/c/Users/ander/Desktop/airflow-spark/airflow-spark/curso2/ambientX/lib/python3.9/site-packages/airflow/example_dags/example_sla_dag.py for tasks to queue
[2025-01-26T11:29:43.662-0300] {logging_mixin.py:190} INFO - [2025-01-26T11:29:43.662-0300] {dagbag.py:588} INFO - Filling up the DagBag from /mnt/c/Users/ander/Desktop/airflow-spark/airflow-spark/curso2/ambientX/lib/python3.9/site-packages/airflow/example_dags/example_sla_dag.py
[2025-01-26T11:29:43.694-0300] {processor.py:925} INFO - DAG(s) 'example_sla_dag' retrieved from /mnt/c/Users/ander/Desktop/airflow-spark/airflow-spark/curso2/ambientX/lib/python3.9/site-packages/airflow/example_dags/example_sla_dag.py
[2025-01-26T11:29:43.734-0300] {logging_mixin.py:190} INFO - [2025-01-26T11:29:43.734-0300] {dag.py:3239} INFO - Sync 1 DAGs
[2025-01-26T11:29:43.770-0300] {logging_mixin.py:190} INFO - [2025-01-26T11:29:43.770-0300] {dag.py:4180} INFO - Setting next_dagrun for example_sla_dag to 2025-01-26T14:26:00+00:00, run_after=2025-01-26T14:28:00+00:00
[2025-01-26T11:29:43.849-0300] {processor.py:208} INFO - Processing /mnt/c/Users/ander/Desktop/airflow-spark/airflow-spark/curso2/ambientX/lib/python3.9/site-packages/airflow/example_dags/example_sla_dag.py took 0.208 seconds
[2025-01-26T11:31:08.975-0300] {processor.py:186} INFO - Started process (PID=22719) to work on /mnt/c/Users/ander/Desktop/airflow-spark/airflow-spark/curso2/ambientX/lib/python3.9/site-packages/airflow/example_dags/example_sla_dag.py
[2025-01-26T11:31:08.976-0300] {processor.py:914} INFO - Processing file /mnt/c/Users/ander/Desktop/airflow-spark/airflow-spark/curso2/ambientX/lib/python3.9/site-packages/airflow/example_dags/example_sla_dag.py for tasks to queue
[2025-01-26T11:31:08.978-0300] {logging_mixin.py:190} INFO - [2025-01-26T11:31:08.978-0300] {dagbag.py:588} INFO - Filling up the DagBag from /mnt/c/Users/ander/Desktop/airflow-spark/airflow-spark/curso2/ambientX/lib/python3.9/site-packages/airflow/example_dags/example_sla_dag.py
[2025-01-26T11:31:09.009-0300] {processor.py:925} INFO - DAG(s) 'example_sla_dag' retrieved from /mnt/c/Users/ander/Desktop/airflow-spark/airflow-spark/curso2/ambientX/lib/python3.9/site-packages/airflow/example_dags/example_sla_dag.py
[2025-01-26T11:31:09.046-0300] {logging_mixin.py:190} INFO - [2025-01-26T11:31:09.045-0300] {dag.py:3239} INFO - Sync 1 DAGs
[2025-01-26T11:31:09.080-0300] {logging_mixin.py:190} INFO - [2025-01-26T11:31:09.079-0300] {dag.py:4180} INFO - Setting next_dagrun for example_sla_dag to 2025-01-26T14:28:00+00:00, run_after=2025-01-26T14:30:00+00:00
[2025-01-26T11:31:09.665-0300] {processor.py:208} INFO - Processing /mnt/c/Users/ander/Desktop/airflow-spark/airflow-spark/curso2/ambientX/lib/python3.9/site-packages/airflow/example_dags/example_sla_dag.py took 0.708 seconds
[2025-01-26T11:32:44.830-0300] {processor.py:186} INFO - Started process (PID=23064) to work on /mnt/c/Users/ander/Desktop/airflow-spark/airflow-spark/curso2/ambientX/lib/python3.9/site-packages/airflow/example_dags/example_sla_dag.py
[2025-01-26T11:32:44.831-0300] {processor.py:914} INFO - Processing file /mnt/c/Users/ander/Desktop/airflow-spark/airflow-spark/curso2/ambientX/lib/python3.9/site-packages/airflow/example_dags/example_sla_dag.py for tasks to queue
[2025-01-26T11:32:44.833-0300] {logging_mixin.py:190} INFO - [2025-01-26T11:32:44.832-0300] {dagbag.py:588} INFO - Filling up the DagBag from /mnt/c/Users/ander/Desktop/airflow-spark/airflow-spark/curso2/ambientX/lib/python3.9/site-packages/airflow/example_dags/example_sla_dag.py
[2025-01-26T11:32:44.881-0300] {processor.py:925} INFO - DAG(s) 'example_sla_dag' retrieved from /mnt/c/Users/ander/Desktop/airflow-spark/airflow-spark/curso2/ambientX/lib/python3.9/site-packages/airflow/example_dags/example_sla_dag.py
[2025-01-26T11:32:44.919-0300] {logging_mixin.py:190} INFO - [2025-01-26T11:32:44.919-0300] {dag.py:3239} INFO - Sync 1 DAGs
[2025-01-26T11:32:44.957-0300] {logging_mixin.py:190} INFO - [2025-01-26T11:32:44.957-0300] {dag.py:4180} INFO - Setting next_dagrun for example_sla_dag to 2025-01-26T14:30:00+00:00, run_after=2025-01-26T14:32:00+00:00
[2025-01-26T11:32:45.715-0300] {processor.py:208} INFO - Processing /mnt/c/Users/ander/Desktop/airflow-spark/airflow-spark/curso2/ambientX/lib/python3.9/site-packages/airflow/example_dags/example_sla_dag.py took 0.904 seconds
[2025-01-26T11:33:55.108-0300] {processor.py:186} INFO - Started process (PID=23408) to work on /mnt/c/Users/ander/Desktop/airflow-spark/airflow-spark/curso2/ambientX/lib/python3.9/site-packages/airflow/example_dags/example_sla_dag.py
[2025-01-26T11:33:55.110-0300] {processor.py:914} INFO - Processing file /mnt/c/Users/ander/Desktop/airflow-spark/airflow-spark/curso2/ambientX/lib/python3.9/site-packages/airflow/example_dags/example_sla_dag.py for tasks to queue
[2025-01-26T11:33:55.112-0300] {logging_mixin.py:190} INFO - [2025-01-26T11:33:55.111-0300] {dagbag.py:588} INFO - Filling up the DagBag from /mnt/c/Users/ander/Desktop/airflow-spark/airflow-spark/curso2/ambientX/lib/python3.9/site-packages/airflow/example_dags/example_sla_dag.py
[2025-01-26T11:33:55.146-0300] {processor.py:925} INFO - DAG(s) 'example_sla_dag' retrieved from /mnt/c/Users/ander/Desktop/airflow-spark/airflow-spark/curso2/ambientX/lib/python3.9/site-packages/airflow/example_dags/example_sla_dag.py
[2025-01-26T11:33:55.184-0300] {logging_mixin.py:190} INFO - [2025-01-26T11:33:55.184-0300] {dag.py:3239} INFO - Sync 1 DAGs
[2025-01-26T11:33:55.220-0300] {logging_mixin.py:190} INFO - [2025-01-26T11:33:55.220-0300] {dag.py:4180} INFO - Setting next_dagrun for example_sla_dag to 2025-01-26T14:30:00+00:00, run_after=2025-01-26T14:32:00+00:00
[2025-01-26T11:33:55.289-0300] {processor.py:208} INFO - Processing /mnt/c/Users/ander/Desktop/airflow-spark/airflow-spark/curso2/ambientX/lib/python3.9/site-packages/airflow/example_dags/example_sla_dag.py took 0.201 seconds
[2025-01-26T11:35:35.155-0300] {processor.py:186} INFO - Started process (PID=23914) to work on /mnt/c/Users/ander/Desktop/airflow-spark/airflow-spark/curso2/ambientX/lib/python3.9/site-packages/airflow/example_dags/example_sla_dag.py
[2025-01-26T11:35:35.157-0300] {processor.py:914} INFO - Processing file /mnt/c/Users/ander/Desktop/airflow-spark/airflow-spark/curso2/ambientX/lib/python3.9/site-packages/airflow/example_dags/example_sla_dag.py for tasks to queue
[2025-01-26T11:35:35.159-0300] {logging_mixin.py:190} INFO - [2025-01-26T11:35:35.158-0300] {dagbag.py:588} INFO - Filling up the DagBag from /mnt/c/Users/ander/Desktop/airflow-spark/airflow-spark/curso2/ambientX/lib/python3.9/site-packages/airflow/example_dags/example_sla_dag.py
[2025-01-26T11:35:35.188-0300] {processor.py:925} INFO - DAG(s) 'example_sla_dag' retrieved from /mnt/c/Users/ander/Desktop/airflow-spark/airflow-spark/curso2/ambientX/lib/python3.9/site-packages/airflow/example_dags/example_sla_dag.py
[2025-01-26T11:35:35.225-0300] {logging_mixin.py:190} INFO - [2025-01-26T11:35:35.225-0300] {dag.py:3239} INFO - Sync 1 DAGs
[2025-01-26T11:35:35.258-0300] {logging_mixin.py:190} INFO - [2025-01-26T11:35:35.258-0300] {dag.py:4180} INFO - Setting next_dagrun for example_sla_dag to 2025-01-26T14:32:00+00:00, run_after=2025-01-26T14:34:00+00:00
[2025-01-26T11:35:35.322-0300] {processor.py:208} INFO - Processing /mnt/c/Users/ander/Desktop/airflow-spark/airflow-spark/curso2/ambientX/lib/python3.9/site-packages/airflow/example_dags/example_sla_dag.py took 0.184 seconds
[2025-01-26T11:37:19.952-0300] {processor.py:186} INFO - Started process (PID=24440) to work on /mnt/c/Users/ander/Desktop/airflow-spark/airflow-spark/curso2/ambientX/lib/python3.9/site-packages/airflow/example_dags/example_sla_dag.py
[2025-01-26T11:37:19.953-0300] {processor.py:914} INFO - Processing file /mnt/c/Users/ander/Desktop/airflow-spark/airflow-spark/curso2/ambientX/lib/python3.9/site-packages/airflow/example_dags/example_sla_dag.py for tasks to queue
[2025-01-26T11:37:19.955-0300] {logging_mixin.py:190} INFO - [2025-01-26T11:37:19.955-0300] {dagbag.py:588} INFO - Filling up the DagBag from /mnt/c/Users/ander/Desktop/airflow-spark/airflow-spark/curso2/ambientX/lib/python3.9/site-packages/airflow/example_dags/example_sla_dag.py
[2025-01-26T11:37:19.985-0300] {processor.py:925} INFO - DAG(s) 'example_sla_dag' retrieved from /mnt/c/Users/ander/Desktop/airflow-spark/airflow-spark/curso2/ambientX/lib/python3.9/site-packages/airflow/example_dags/example_sla_dag.py
[2025-01-26T11:37:20.022-0300] {logging_mixin.py:190} INFO - [2025-01-26T11:37:20.022-0300] {dag.py:3239} INFO - Sync 1 DAGs
[2025-01-26T11:37:20.056-0300] {logging_mixin.py:190} INFO - [2025-01-26T11:37:20.056-0300] {dag.py:4180} INFO - Setting next_dagrun for example_sla_dag to 2025-01-26T14:34:00+00:00, run_after=2025-01-26T14:36:00+00:00
[2025-01-26T11:37:20.121-0300] {processor.py:208} INFO - Processing /mnt/c/Users/ander/Desktop/airflow-spark/airflow-spark/curso2/ambientX/lib/python3.9/site-packages/airflow/example_dags/example_sla_dag.py took 0.188 seconds
[2025-01-26T11:39:01.379-0300] {processor.py:186} INFO - Started process (PID=24892) to work on /mnt/c/Users/ander/Desktop/airflow-spark/airflow-spark/curso2/ambientX/lib/python3.9/site-packages/airflow/example_dags/example_sla_dag.py
[2025-01-26T11:39:01.381-0300] {processor.py:914} INFO - Processing file /mnt/c/Users/ander/Desktop/airflow-spark/airflow-spark/curso2/ambientX/lib/python3.9/site-packages/airflow/example_dags/example_sla_dag.py for tasks to queue
[2025-01-26T11:39:01.383-0300] {logging_mixin.py:190} INFO - [2025-01-26T11:39:01.382-0300] {dagbag.py:588} INFO - Filling up the DagBag from /mnt/c/Users/ander/Desktop/airflow-spark/airflow-spark/curso2/ambientX/lib/python3.9/site-packages/airflow/example_dags/example_sla_dag.py
[2025-01-26T11:39:01.412-0300] {processor.py:925} INFO - DAG(s) 'example_sla_dag' retrieved from /mnt/c/Users/ander/Desktop/airflow-spark/airflow-spark/curso2/ambientX/lib/python3.9/site-packages/airflow/example_dags/example_sla_dag.py
[2025-01-26T11:39:01.449-0300] {logging_mixin.py:190} INFO - [2025-01-26T11:39:01.448-0300] {dag.py:3239} INFO - Sync 1 DAGs
[2025-01-26T11:39:01.482-0300] {logging_mixin.py:190} INFO - [2025-01-26T11:39:01.482-0300] {dag.py:4180} INFO - Setting next_dagrun for example_sla_dag to 2025-01-26T14:36:00+00:00, run_after=2025-01-26T14:38:00+00:00
[2025-01-26T11:39:01.543-0300] {processor.py:208} INFO - Processing /mnt/c/Users/ander/Desktop/airflow-spark/airflow-spark/curso2/ambientX/lib/python3.9/site-packages/airflow/example_dags/example_sla_dag.py took 0.181 seconds
[2025-01-26T11:40:37.383-0300] {processor.py:186} INFO - Started process (PID=25385) to work on /mnt/c/Users/ander/Desktop/airflow-spark/airflow-spark/curso2/ambientX/lib/python3.9/site-packages/airflow/example_dags/example_sla_dag.py
[2025-01-26T11:40:37.384-0300] {processor.py:914} INFO - Processing file /mnt/c/Users/ander/Desktop/airflow-spark/airflow-spark/curso2/ambientX/lib/python3.9/site-packages/airflow/example_dags/example_sla_dag.py for tasks to queue
[2025-01-26T11:40:37.386-0300] {logging_mixin.py:190} INFO - [2025-01-26T11:40:37.386-0300] {dagbag.py:588} INFO - Filling up the DagBag from /mnt/c/Users/ander/Desktop/airflow-spark/airflow-spark/curso2/ambientX/lib/python3.9/site-packages/airflow/example_dags/example_sla_dag.py
[2025-01-26T11:40:37.416-0300] {processor.py:925} INFO - DAG(s) 'example_sla_dag' retrieved from /mnt/c/Users/ander/Desktop/airflow-spark/airflow-spark/curso2/ambientX/lib/python3.9/site-packages/airflow/example_dags/example_sla_dag.py
[2025-01-26T11:40:37.457-0300] {logging_mixin.py:190} INFO - [2025-01-26T11:40:37.456-0300] {dag.py:3239} INFO - Sync 1 DAGs
[2025-01-26T11:40:37.493-0300] {logging_mixin.py:190} INFO - [2025-01-26T11:40:37.493-0300] {dag.py:4180} INFO - Setting next_dagrun for example_sla_dag to 2025-01-26T14:38:00+00:00, run_after=2025-01-26T14:40:00+00:00
[2025-01-26T11:40:37.558-0300] {processor.py:208} INFO - Processing /mnt/c/Users/ander/Desktop/airflow-spark/airflow-spark/curso2/ambientX/lib/python3.9/site-packages/airflow/example_dags/example_sla_dag.py took 0.193 seconds
[2025-01-26T11:42:15.651-0300] {processor.py:186} INFO - Started process (PID=25900) to work on /mnt/c/Users/ander/Desktop/airflow-spark/airflow-spark/curso2/ambientX/lib/python3.9/site-packages/airflow/example_dags/example_sla_dag.py
[2025-01-26T11:42:15.653-0300] {processor.py:914} INFO - Processing file /mnt/c/Users/ander/Desktop/airflow-spark/airflow-spark/curso2/ambientX/lib/python3.9/site-packages/airflow/example_dags/example_sla_dag.py for tasks to queue
[2025-01-26T11:42:15.655-0300] {logging_mixin.py:190} INFO - [2025-01-26T11:42:15.654-0300] {dagbag.py:588} INFO - Filling up the DagBag from /mnt/c/Users/ander/Desktop/airflow-spark/airflow-spark/curso2/ambientX/lib/python3.9/site-packages/airflow/example_dags/example_sla_dag.py
[2025-01-26T11:42:15.682-0300] {processor.py:925} INFO - DAG(s) 'example_sla_dag' retrieved from /mnt/c/Users/ander/Desktop/airflow-spark/airflow-spark/curso2/ambientX/lib/python3.9/site-packages/airflow/example_dags/example_sla_dag.py
[2025-01-26T11:42:15.717-0300] {logging_mixin.py:190} INFO - [2025-01-26T11:42:15.717-0300] {dag.py:3239} INFO - Sync 1 DAGs
[2025-01-26T11:42:15.751-0300] {logging_mixin.py:190} INFO - [2025-01-26T11:42:15.751-0300] {dag.py:4180} INFO - Setting next_dagrun for example_sla_dag to 2025-01-26T14:40:00+00:00, run_after=2025-01-26T14:42:00+00:00
[2025-01-26T11:42:15.808-0300] {processor.py:208} INFO - Processing /mnt/c/Users/ander/Desktop/airflow-spark/airflow-spark/curso2/ambientX/lib/python3.9/site-packages/airflow/example_dags/example_sla_dag.py took 0.172 seconds
[2025-01-26T11:44:07.926-0300] {processor.py:186} INFO - Started process (PID=26447) to work on /mnt/c/Users/ander/Desktop/airflow-spark/airflow-spark/curso2/ambientX/lib/python3.9/site-packages/airflow/example_dags/example_sla_dag.py
[2025-01-26T11:44:07.927-0300] {processor.py:914} INFO - Processing file /mnt/c/Users/ander/Desktop/airflow-spark/airflow-spark/curso2/ambientX/lib/python3.9/site-packages/airflow/example_dags/example_sla_dag.py for tasks to queue
[2025-01-26T11:44:07.929-0300] {logging_mixin.py:190} INFO - [2025-01-26T11:44:07.929-0300] {dagbag.py:588} INFO - Filling up the DagBag from /mnt/c/Users/ander/Desktop/airflow-spark/airflow-spark/curso2/ambientX/lib/python3.9/site-packages/airflow/example_dags/example_sla_dag.py
[2025-01-26T11:44:07.961-0300] {processor.py:925} INFO - DAG(s) 'example_sla_dag' retrieved from /mnt/c/Users/ander/Desktop/airflow-spark/airflow-spark/curso2/ambientX/lib/python3.9/site-packages/airflow/example_dags/example_sla_dag.py
[2025-01-26T11:44:08.002-0300] {logging_mixin.py:190} INFO - [2025-01-26T11:44:08.002-0300] {dag.py:3239} INFO - Sync 1 DAGs
[2025-01-26T11:44:08.037-0300] {logging_mixin.py:190} INFO - [2025-01-26T11:44:08.037-0300] {dag.py:4180} INFO - Setting next_dagrun for example_sla_dag to 2025-01-26T14:42:00+00:00, run_after=2025-01-26T14:44:00+00:00
[2025-01-26T11:44:08.107-0300] {processor.py:208} INFO - Processing /mnt/c/Users/ander/Desktop/airflow-spark/airflow-spark/curso2/ambientX/lib/python3.9/site-packages/airflow/example_dags/example_sla_dag.py took 0.199 seconds
