[2025-01-26T10:25:31.563-0300] {processor.py:186} INFO - Started process (PID=2165) to work on /mnt/c/Users/ander/Desktop/airflow-spark/airflow-spark/curso2/ambientX/lib/python3.9/site-packages/airflow/example_dags/example_skip_dag.py
[2025-01-26T10:25:31.564-0300] {processor.py:914} INFO - Processing file /mnt/c/Users/ander/Desktop/airflow-spark/airflow-spark/curso2/ambientX/lib/python3.9/site-packages/airflow/example_dags/example_skip_dag.py for tasks to queue
[2025-01-26T10:25:31.568-0300] {logging_mixin.py:190} INFO - [2025-01-26T10:25:31.567-0300] {dagbag.py:588} INFO - Filling up the DagBag from /mnt/c/Users/ander/Desktop/airflow-spark/airflow-spark/curso2/ambientX/lib/python3.9/site-packages/airflow/example_dags/example_skip_dag.py
[2025-01-26T10:25:31.648-0300] {processor.py:925} INFO - DAG(s) 'example_skip_dag' retrieved from /mnt/c/Users/ander/Desktop/airflow-spark/airflow-spark/curso2/ambientX/lib/python3.9/site-packages/airflow/example_dags/example_skip_dag.py
[2025-01-26T10:25:31.714-0300] {logging_mixin.py:190} INFO - [2025-01-26T10:25:31.713-0300] {dag.py:3239} INFO - Sync 1 DAGs
[2025-01-26T10:25:31.754-0300] {logging_mixin.py:190} INFO - [2025-01-26T10:25:31.753-0300] {dag.py:4180} INFO - Setting next_dagrun for example_skip_dag to 2025-01-25T00:00:00+00:00, run_after=2025-01-26T00:00:00+00:00
[2025-01-26T10:25:31.818-0300] {processor.py:208} INFO - Processing /mnt/c/Users/ander/Desktop/airflow-spark/airflow-spark/curso2/ambientX/lib/python3.9/site-packages/airflow/example_dags/example_skip_dag.py took 0.273 seconds
[2025-01-26T10:38:43.024-0300] {processor.py:186} INFO - Started process (PID=8084) to work on /mnt/c/Users/ander/Desktop/airflow-spark/airflow-spark/curso2/ambientX/lib/python3.9/site-packages/airflow/example_dags/example_skip_dag.py
[2025-01-26T10:38:43.027-0300] {processor.py:914} INFO - Processing file /mnt/c/Users/ander/Desktop/airflow-spark/airflow-spark/curso2/ambientX/lib/python3.9/site-packages/airflow/example_dags/example_skip_dag.py for tasks to queue
[2025-01-26T10:38:43.030-0300] {logging_mixin.py:190} INFO - [2025-01-26T10:38:43.029-0300] {dagbag.py:588} INFO - Filling up the DagBag from /mnt/c/Users/ander/Desktop/airflow-spark/airflow-spark/curso2/ambientX/lib/python3.9/site-packages/airflow/example_dags/example_skip_dag.py
[2025-01-26T10:38:43.065-0300] {processor.py:925} INFO - DAG(s) 'example_skip_dag' retrieved from /mnt/c/Users/ander/Desktop/airflow-spark/airflow-spark/curso2/ambientX/lib/python3.9/site-packages/airflow/example_dags/example_skip_dag.py
[2025-01-26T10:38:43.132-0300] {logging_mixin.py:190} INFO - [2025-01-26T10:38:43.132-0300] {dag.py:3239} INFO - Sync 1 DAGs
[2025-01-26T10:38:43.246-0300] {logging_mixin.py:190} INFO - [2025-01-26T10:38:43.246-0300] {dag.py:4180} INFO - Setting next_dagrun for example_skip_dag to 2025-01-25T00:00:00+00:00, run_after=2025-01-26T00:00:00+00:00
[2025-01-26T10:38:43.332-0300] {processor.py:208} INFO - Processing /mnt/c/Users/ander/Desktop/airflow-spark/airflow-spark/curso2/ambientX/lib/python3.9/site-packages/airflow/example_dags/example_skip_dag.py took 0.329 seconds
[2025-01-26T10:40:13.886-0300] {processor.py:186} INFO - Started process (PID=8400) to work on /mnt/c/Users/ander/Desktop/airflow-spark/airflow-spark/curso2/ambientX/lib/python3.9/site-packages/airflow/example_dags/example_skip_dag.py
[2025-01-26T10:40:13.888-0300] {processor.py:914} INFO - Processing file /mnt/c/Users/ander/Desktop/airflow-spark/airflow-spark/curso2/ambientX/lib/python3.9/site-packages/airflow/example_dags/example_skip_dag.py for tasks to queue
[2025-01-26T10:40:13.890-0300] {logging_mixin.py:190} INFO - [2025-01-26T10:40:13.890-0300] {dagbag.py:588} INFO - Filling up the DagBag from /mnt/c/Users/ander/Desktop/airflow-spark/airflow-spark/curso2/ambientX/lib/python3.9/site-packages/airflow/example_dags/example_skip_dag.py
[2025-01-26T10:40:13.919-0300] {processor.py:925} INFO - DAG(s) 'example_skip_dag' retrieved from /mnt/c/Users/ander/Desktop/airflow-spark/airflow-spark/curso2/ambientX/lib/python3.9/site-packages/airflow/example_dags/example_skip_dag.py
[2025-01-26T10:40:13.971-0300] {logging_mixin.py:190} INFO - [2025-01-26T10:40:13.971-0300] {dag.py:3239} INFO - Sync 1 DAGs
[2025-01-26T10:40:14.029-0300] {logging_mixin.py:190} INFO - [2025-01-26T10:40:14.028-0300] {dag.py:4180} INFO - Setting next_dagrun for example_skip_dag to 2025-01-25T00:00:00+00:00, run_after=2025-01-26T00:00:00+00:00
[2025-01-26T10:40:14.101-0300] {processor.py:208} INFO - Processing /mnt/c/Users/ander/Desktop/airflow-spark/airflow-spark/curso2/ambientX/lib/python3.9/site-packages/airflow/example_dags/example_skip_dag.py took 0.231 seconds
[2025-01-26T10:42:02.604-0300] {processor.py:186} INFO - Started process (PID=9015) to work on /mnt/c/Users/ander/Desktop/airflow-spark/airflow-spark/curso2/ambientX/lib/python3.9/site-packages/airflow/example_dags/example_skip_dag.py
[2025-01-26T10:42:02.606-0300] {processor.py:914} INFO - Processing file /mnt/c/Users/ander/Desktop/airflow-spark/airflow-spark/curso2/ambientX/lib/python3.9/site-packages/airflow/example_dags/example_skip_dag.py for tasks to queue
[2025-01-26T10:42:02.608-0300] {logging_mixin.py:190} INFO - [2025-01-26T10:42:02.607-0300] {dagbag.py:588} INFO - Filling up the DagBag from /mnt/c/Users/ander/Desktop/airflow-spark/airflow-spark/curso2/ambientX/lib/python3.9/site-packages/airflow/example_dags/example_skip_dag.py
[2025-01-26T10:42:02.644-0300] {processor.py:925} INFO - DAG(s) 'example_skip_dag' retrieved from /mnt/c/Users/ander/Desktop/airflow-spark/airflow-spark/curso2/ambientX/lib/python3.9/site-packages/airflow/example_dags/example_skip_dag.py
[2025-01-26T10:42:02.690-0300] {logging_mixin.py:190} INFO - [2025-01-26T10:42:02.690-0300] {dag.py:3239} INFO - Sync 1 DAGs
[2025-01-26T10:42:02.727-0300] {logging_mixin.py:190} INFO - [2025-01-26T10:42:02.727-0300] {dag.py:4180} INFO - Setting next_dagrun for example_skip_dag to 2025-01-25T00:00:00+00:00, run_after=2025-01-26T00:00:00+00:00
[2025-01-26T10:42:02.805-0300] {processor.py:208} INFO - Processing /mnt/c/Users/ander/Desktop/airflow-spark/airflow-spark/curso2/ambientX/lib/python3.9/site-packages/airflow/example_dags/example_skip_dag.py took 0.221 seconds
[2025-01-26T10:43:56.024-0300] {processor.py:186} INFO - Started process (PID=9463) to work on /mnt/c/Users/ander/Desktop/airflow-spark/airflow-spark/curso2/ambientX/lib/python3.9/site-packages/airflow/example_dags/example_skip_dag.py
[2025-01-26T10:43:56.026-0300] {processor.py:914} INFO - Processing file /mnt/c/Users/ander/Desktop/airflow-spark/airflow-spark/curso2/ambientX/lib/python3.9/site-packages/airflow/example_dags/example_skip_dag.py for tasks to queue
[2025-01-26T10:43:56.028-0300] {logging_mixin.py:190} INFO - [2025-01-26T10:43:56.027-0300] {dagbag.py:588} INFO - Filling up the DagBag from /mnt/c/Users/ander/Desktop/airflow-spark/airflow-spark/curso2/ambientX/lib/python3.9/site-packages/airflow/example_dags/example_skip_dag.py
[2025-01-26T10:43:56.057-0300] {processor.py:925} INFO - DAG(s) 'example_skip_dag' retrieved from /mnt/c/Users/ander/Desktop/airflow-spark/airflow-spark/curso2/ambientX/lib/python3.9/site-packages/airflow/example_dags/example_skip_dag.py
[2025-01-26T10:43:56.099-0300] {logging_mixin.py:190} INFO - [2025-01-26T10:43:56.099-0300] {dag.py:3239} INFO - Sync 1 DAGs
[2025-01-26T10:43:56.131-0300] {logging_mixin.py:190} INFO - [2025-01-26T10:43:56.131-0300] {dag.py:4180} INFO - Setting next_dagrun for example_skip_dag to 2025-01-25T00:00:00+00:00, run_after=2025-01-26T00:00:00+00:00
[2025-01-26T10:43:56.344-0300] {processor.py:208} INFO - Processing /mnt/c/Users/ander/Desktop/airflow-spark/airflow-spark/curso2/ambientX/lib/python3.9/site-packages/airflow/example_dags/example_skip_dag.py took 0.337 seconds
[2025-01-26T10:44:56.515-0300] {processor.py:186} INFO - Started process (PID=9696) to work on /mnt/c/Users/ander/Desktop/airflow-spark/airflow-spark/curso2/ambientX/lib/python3.9/site-packages/airflow/example_dags/example_skip_dag.py
[2025-01-26T10:44:56.516-0300] {processor.py:914} INFO - Processing file /mnt/c/Users/ander/Desktop/airflow-spark/airflow-spark/curso2/ambientX/lib/python3.9/site-packages/airflow/example_dags/example_skip_dag.py for tasks to queue
[2025-01-26T10:44:56.518-0300] {logging_mixin.py:190} INFO - [2025-01-26T10:44:56.518-0300] {dagbag.py:588} INFO - Filling up the DagBag from /mnt/c/Users/ander/Desktop/airflow-spark/airflow-spark/curso2/ambientX/lib/python3.9/site-packages/airflow/example_dags/example_skip_dag.py
[2025-01-26T10:44:56.547-0300] {processor.py:925} INFO - DAG(s) 'example_skip_dag' retrieved from /mnt/c/Users/ander/Desktop/airflow-spark/airflow-spark/curso2/ambientX/lib/python3.9/site-packages/airflow/example_dags/example_skip_dag.py
[2025-01-26T10:44:56.588-0300] {logging_mixin.py:190} INFO - [2025-01-26T10:44:56.588-0300] {dag.py:3239} INFO - Sync 1 DAGs
[2025-01-26T10:44:56.620-0300] {logging_mixin.py:190} INFO - [2025-01-26T10:44:56.620-0300] {dag.py:4180} INFO - Setting next_dagrun for example_skip_dag to 2025-01-25T00:00:00+00:00, run_after=2025-01-26T00:00:00+00:00
[2025-01-26T10:44:56.690-0300] {processor.py:208} INFO - Processing /mnt/c/Users/ander/Desktop/airflow-spark/airflow-spark/curso2/ambientX/lib/python3.9/site-packages/airflow/example_dags/example_skip_dag.py took 0.192 seconds
[2025-01-26T10:46:42.674-0300] {processor.py:186} INFO - Started process (PID=10191) to work on /mnt/c/Users/ander/Desktop/airflow-spark/airflow-spark/curso2/ambientX/lib/python3.9/site-packages/airflow/example_dags/example_skip_dag.py
[2025-01-26T10:46:42.676-0300] {processor.py:914} INFO - Processing file /mnt/c/Users/ander/Desktop/airflow-spark/airflow-spark/curso2/ambientX/lib/python3.9/site-packages/airflow/example_dags/example_skip_dag.py for tasks to queue
[2025-01-26T10:46:42.678-0300] {logging_mixin.py:190} INFO - [2025-01-26T10:46:42.677-0300] {dagbag.py:588} INFO - Filling up the DagBag from /mnt/c/Users/ander/Desktop/airflow-spark/airflow-spark/curso2/ambientX/lib/python3.9/site-packages/airflow/example_dags/example_skip_dag.py
[2025-01-26T10:46:42.704-0300] {processor.py:925} INFO - DAG(s) 'example_skip_dag' retrieved from /mnt/c/Users/ander/Desktop/airflow-spark/airflow-spark/curso2/ambientX/lib/python3.9/site-packages/airflow/example_dags/example_skip_dag.py
[2025-01-26T10:46:42.743-0300] {logging_mixin.py:190} INFO - [2025-01-26T10:46:42.742-0300] {dag.py:3239} INFO - Sync 1 DAGs
[2025-01-26T10:46:42.773-0300] {logging_mixin.py:190} INFO - [2025-01-26T10:46:42.773-0300] {dag.py:4180} INFO - Setting next_dagrun for example_skip_dag to 2025-01-25T00:00:00+00:00, run_after=2025-01-26T00:00:00+00:00
[2025-01-26T10:46:42.832-0300] {processor.py:208} INFO - Processing /mnt/c/Users/ander/Desktop/airflow-spark/airflow-spark/curso2/ambientX/lib/python3.9/site-packages/airflow/example_dags/example_skip_dag.py took 0.174 seconds
[2025-01-26T10:48:27.542-0300] {processor.py:186} INFO - Started process (PID=10554) to work on /mnt/c/Users/ander/Desktop/airflow-spark/airflow-spark/curso2/ambientX/lib/python3.9/site-packages/airflow/example_dags/example_skip_dag.py
[2025-01-26T10:48:27.544-0300] {processor.py:914} INFO - Processing file /mnt/c/Users/ander/Desktop/airflow-spark/airflow-spark/curso2/ambientX/lib/python3.9/site-packages/airflow/example_dags/example_skip_dag.py for tasks to queue
[2025-01-26T10:48:27.546-0300] {logging_mixin.py:190} INFO - [2025-01-26T10:48:27.546-0300] {dagbag.py:588} INFO - Filling up the DagBag from /mnt/c/Users/ander/Desktop/airflow-spark/airflow-spark/curso2/ambientX/lib/python3.9/site-packages/airflow/example_dags/example_skip_dag.py
[2025-01-26T10:48:27.590-0300] {processor.py:925} INFO - DAG(s) 'example_skip_dag' retrieved from /mnt/c/Users/ander/Desktop/airflow-spark/airflow-spark/curso2/ambientX/lib/python3.9/site-packages/airflow/example_dags/example_skip_dag.py
[2025-01-26T10:48:27.642-0300] {logging_mixin.py:190} INFO - [2025-01-26T10:48:27.642-0300] {dag.py:3239} INFO - Sync 1 DAGs
[2025-01-26T10:48:27.681-0300] {logging_mixin.py:190} INFO - [2025-01-26T10:48:27.681-0300] {dag.py:4180} INFO - Setting next_dagrun for example_skip_dag to 2025-01-25T00:00:00+00:00, run_after=2025-01-26T00:00:00+00:00
[2025-01-26T10:48:27.762-0300] {processor.py:208} INFO - Processing /mnt/c/Users/ander/Desktop/airflow-spark/airflow-spark/curso2/ambientX/lib/python3.9/site-packages/airflow/example_dags/example_skip_dag.py took 0.245 seconds
[2025-01-26T10:50:17.002-0300] {processor.py:186} INFO - Started process (PID=11094) to work on /mnt/c/Users/ander/Desktop/airflow-spark/airflow-spark/curso2/ambientX/lib/python3.9/site-packages/airflow/example_dags/example_skip_dag.py
[2025-01-26T10:50:17.006-0300] {processor.py:914} INFO - Processing file /mnt/c/Users/ander/Desktop/airflow-spark/airflow-spark/curso2/ambientX/lib/python3.9/site-packages/airflow/example_dags/example_skip_dag.py for tasks to queue
[2025-01-26T10:50:17.009-0300] {logging_mixin.py:190} INFO - [2025-01-26T10:50:17.008-0300] {dagbag.py:588} INFO - Filling up the DagBag from /mnt/c/Users/ander/Desktop/airflow-spark/airflow-spark/curso2/ambientX/lib/python3.9/site-packages/airflow/example_dags/example_skip_dag.py
[2025-01-26T10:50:17.046-0300] {processor.py:925} INFO - DAG(s) 'example_skip_dag' retrieved from /mnt/c/Users/ander/Desktop/airflow-spark/airflow-spark/curso2/ambientX/lib/python3.9/site-packages/airflow/example_dags/example_skip_dag.py
[2025-01-26T10:50:17.087-0300] {logging_mixin.py:190} INFO - [2025-01-26T10:50:17.087-0300] {dag.py:3239} INFO - Sync 1 DAGs
[2025-01-26T10:50:17.123-0300] {logging_mixin.py:190} INFO - [2025-01-26T10:50:17.123-0300] {dag.py:4180} INFO - Setting next_dagrun for example_skip_dag to 2025-01-25T00:00:00+00:00, run_after=2025-01-26T00:00:00+00:00
[2025-01-26T10:50:17.202-0300] {processor.py:208} INFO - Processing /mnt/c/Users/ander/Desktop/airflow-spark/airflow-spark/curso2/ambientX/lib/python3.9/site-packages/airflow/example_dags/example_skip_dag.py took 0.217 seconds
[2025-01-26T10:52:05.645-0300] {processor.py:186} INFO - Started process (PID=11596) to work on /mnt/c/Users/ander/Desktop/airflow-spark/airflow-spark/curso2/ambientX/lib/python3.9/site-packages/airflow/example_dags/example_skip_dag.py
[2025-01-26T10:52:05.649-0300] {processor.py:914} INFO - Processing file /mnt/c/Users/ander/Desktop/airflow-spark/airflow-spark/curso2/ambientX/lib/python3.9/site-packages/airflow/example_dags/example_skip_dag.py for tasks to queue
[2025-01-26T10:52:05.652-0300] {logging_mixin.py:190} INFO - [2025-01-26T10:52:05.651-0300] {dagbag.py:588} INFO - Filling up the DagBag from /mnt/c/Users/ander/Desktop/airflow-spark/airflow-spark/curso2/ambientX/lib/python3.9/site-packages/airflow/example_dags/example_skip_dag.py
[2025-01-26T10:52:05.689-0300] {processor.py:925} INFO - DAG(s) 'example_skip_dag' retrieved from /mnt/c/Users/ander/Desktop/airflow-spark/airflow-spark/curso2/ambientX/lib/python3.9/site-packages/airflow/example_dags/example_skip_dag.py
[2025-01-26T10:52:05.737-0300] {logging_mixin.py:190} INFO - [2025-01-26T10:52:05.737-0300] {dag.py:3239} INFO - Sync 1 DAGs
[2025-01-26T10:52:05.778-0300] {logging_mixin.py:190} INFO - [2025-01-26T10:52:05.778-0300] {dag.py:4180} INFO - Setting next_dagrun for example_skip_dag to 2025-01-25T00:00:00+00:00, run_after=2025-01-26T00:00:00+00:00
[2025-01-26T10:52:05.867-0300] {processor.py:208} INFO - Processing /mnt/c/Users/ander/Desktop/airflow-spark/airflow-spark/curso2/ambientX/lib/python3.9/site-packages/airflow/example_dags/example_skip_dag.py took 0.240 seconds
[2025-01-26T10:54:01.675-0300] {processor.py:186} INFO - Started process (PID=12061) to work on /mnt/c/Users/ander/Desktop/airflow-spark/airflow-spark/curso2/ambientX/lib/python3.9/site-packages/airflow/example_dags/example_skip_dag.py
[2025-01-26T10:54:01.677-0300] {processor.py:914} INFO - Processing file /mnt/c/Users/ander/Desktop/airflow-spark/airflow-spark/curso2/ambientX/lib/python3.9/site-packages/airflow/example_dags/example_skip_dag.py for tasks to queue
[2025-01-26T10:54:01.679-0300] {logging_mixin.py:190} INFO - [2025-01-26T10:54:01.679-0300] {dagbag.py:588} INFO - Filling up the DagBag from /mnt/c/Users/ander/Desktop/airflow-spark/airflow-spark/curso2/ambientX/lib/python3.9/site-packages/airflow/example_dags/example_skip_dag.py
[2025-01-26T10:54:01.716-0300] {processor.py:925} INFO - DAG(s) 'example_skip_dag' retrieved from /mnt/c/Users/ander/Desktop/airflow-spark/airflow-spark/curso2/ambientX/lib/python3.9/site-packages/airflow/example_dags/example_skip_dag.py
[2025-01-26T10:54:01.770-0300] {logging_mixin.py:190} INFO - [2025-01-26T10:54:01.770-0300] {dag.py:3239} INFO - Sync 1 DAGs
[2025-01-26T10:54:01.807-0300] {logging_mixin.py:190} INFO - [2025-01-26T10:54:01.807-0300] {dag.py:4180} INFO - Setting next_dagrun for example_skip_dag to 2025-01-25T00:00:00+00:00, run_after=2025-01-26T00:00:00+00:00
[2025-01-26T10:54:01.898-0300] {processor.py:208} INFO - Processing /mnt/c/Users/ander/Desktop/airflow-spark/airflow-spark/curso2/ambientX/lib/python3.9/site-packages/airflow/example_dags/example_skip_dag.py took 0.246 seconds
[2025-01-26T10:55:51.958-0300] {processor.py:186} INFO - Started process (PID=12515) to work on /mnt/c/Users/ander/Desktop/airflow-spark/airflow-spark/curso2/ambientX/lib/python3.9/site-packages/airflow/example_dags/example_skip_dag.py
[2025-01-26T10:55:51.959-0300] {processor.py:914} INFO - Processing file /mnt/c/Users/ander/Desktop/airflow-spark/airflow-spark/curso2/ambientX/lib/python3.9/site-packages/airflow/example_dags/example_skip_dag.py for tasks to queue
[2025-01-26T10:55:51.962-0300] {logging_mixin.py:190} INFO - [2025-01-26T10:55:51.961-0300] {dagbag.py:588} INFO - Filling up the DagBag from /mnt/c/Users/ander/Desktop/airflow-spark/airflow-spark/curso2/ambientX/lib/python3.9/site-packages/airflow/example_dags/example_skip_dag.py
[2025-01-26T10:55:52.010-0300] {processor.py:925} INFO - DAG(s) 'example_skip_dag' retrieved from /mnt/c/Users/ander/Desktop/airflow-spark/airflow-spark/curso2/ambientX/lib/python3.9/site-packages/airflow/example_dags/example_skip_dag.py
[2025-01-26T10:55:52.064-0300] {logging_mixin.py:190} INFO - [2025-01-26T10:55:52.064-0300] {dag.py:3239} INFO - Sync 1 DAGs
[2025-01-26T10:55:52.105-0300] {logging_mixin.py:190} INFO - [2025-01-26T10:55:52.105-0300] {dag.py:4180} INFO - Setting next_dagrun for example_skip_dag to 2025-01-25T00:00:00+00:00, run_after=2025-01-26T00:00:00+00:00
[2025-01-26T10:55:52.183-0300] {processor.py:208} INFO - Processing /mnt/c/Users/ander/Desktop/airflow-spark/airflow-spark/curso2/ambientX/lib/python3.9/site-packages/airflow/example_dags/example_skip_dag.py took 0.253 seconds
[2025-01-26T10:57:41.258-0300] {processor.py:186} INFO - Started process (PID=13037) to work on /mnt/c/Users/ander/Desktop/airflow-spark/airflow-spark/curso2/ambientX/lib/python3.9/site-packages/airflow/example_dags/example_skip_dag.py
[2025-01-26T10:57:41.260-0300] {processor.py:914} INFO - Processing file /mnt/c/Users/ander/Desktop/airflow-spark/airflow-spark/curso2/ambientX/lib/python3.9/site-packages/airflow/example_dags/example_skip_dag.py for tasks to queue
[2025-01-26T10:57:41.263-0300] {logging_mixin.py:190} INFO - [2025-01-26T10:57:41.262-0300] {dagbag.py:588} INFO - Filling up the DagBag from /mnt/c/Users/ander/Desktop/airflow-spark/airflow-spark/curso2/ambientX/lib/python3.9/site-packages/airflow/example_dags/example_skip_dag.py
[2025-01-26T10:57:41.298-0300] {processor.py:925} INFO - DAG(s) 'example_skip_dag' retrieved from /mnt/c/Users/ander/Desktop/airflow-spark/airflow-spark/curso2/ambientX/lib/python3.9/site-packages/airflow/example_dags/example_skip_dag.py
[2025-01-26T10:57:41.348-0300] {logging_mixin.py:190} INFO - [2025-01-26T10:57:41.348-0300] {dag.py:3239} INFO - Sync 1 DAGs
[2025-01-26T10:57:41.389-0300] {logging_mixin.py:190} INFO - [2025-01-26T10:57:41.389-0300] {dag.py:4180} INFO - Setting next_dagrun for example_skip_dag to 2025-01-25T00:00:00+00:00, run_after=2025-01-26T00:00:00+00:00
[2025-01-26T10:57:41.493-0300] {processor.py:208} INFO - Processing /mnt/c/Users/ander/Desktop/airflow-spark/airflow-spark/curso2/ambientX/lib/python3.9/site-packages/airflow/example_dags/example_skip_dag.py took 0.252 seconds
[2025-01-26T10:59:37.206-0300] {processor.py:186} INFO - Started process (PID=13520) to work on /mnt/c/Users/ander/Desktop/airflow-spark/airflow-spark/curso2/ambientX/lib/python3.9/site-packages/airflow/example_dags/example_skip_dag.py
[2025-01-26T10:59:37.208-0300] {processor.py:914} INFO - Processing file /mnt/c/Users/ander/Desktop/airflow-spark/airflow-spark/curso2/ambientX/lib/python3.9/site-packages/airflow/example_dags/example_skip_dag.py for tasks to queue
[2025-01-26T10:59:37.210-0300] {logging_mixin.py:190} INFO - [2025-01-26T10:59:37.209-0300] {dagbag.py:588} INFO - Filling up the DagBag from /mnt/c/Users/ander/Desktop/airflow-spark/airflow-spark/curso2/ambientX/lib/python3.9/site-packages/airflow/example_dags/example_skip_dag.py
[2025-01-26T10:59:37.240-0300] {processor.py:925} INFO - DAG(s) 'example_skip_dag' retrieved from /mnt/c/Users/ander/Desktop/airflow-spark/airflow-spark/curso2/ambientX/lib/python3.9/site-packages/airflow/example_dags/example_skip_dag.py
[2025-01-26T10:59:37.280-0300] {logging_mixin.py:190} INFO - [2025-01-26T10:59:37.280-0300] {dag.py:3239} INFO - Sync 1 DAGs
[2025-01-26T10:59:37.313-0300] {logging_mixin.py:190} INFO - [2025-01-26T10:59:37.313-0300] {dag.py:4180} INFO - Setting next_dagrun for example_skip_dag to 2025-01-25T00:00:00+00:00, run_after=2025-01-26T00:00:00+00:00
[2025-01-26T10:59:37.405-0300] {processor.py:208} INFO - Processing /mnt/c/Users/ander/Desktop/airflow-spark/airflow-spark/curso2/ambientX/lib/python3.9/site-packages/airflow/example_dags/example_skip_dag.py took 0.217 seconds
[2025-01-26T11:01:35.753-0300] {processor.py:186} INFO - Started process (PID=14094) to work on /mnt/c/Users/ander/Desktop/airflow-spark/airflow-spark/curso2/ambientX/lib/python3.9/site-packages/airflow/example_dags/example_skip_dag.py
[2025-01-26T11:01:35.756-0300] {processor.py:914} INFO - Processing file /mnt/c/Users/ander/Desktop/airflow-spark/airflow-spark/curso2/ambientX/lib/python3.9/site-packages/airflow/example_dags/example_skip_dag.py for tasks to queue
[2025-01-26T11:01:35.759-0300] {logging_mixin.py:190} INFO - [2025-01-26T11:01:35.758-0300] {dagbag.py:588} INFO - Filling up the DagBag from /mnt/c/Users/ander/Desktop/airflow-spark/airflow-spark/curso2/ambientX/lib/python3.9/site-packages/airflow/example_dags/example_skip_dag.py
[2025-01-26T11:01:35.794-0300] {processor.py:925} INFO - DAG(s) 'example_skip_dag' retrieved from /mnt/c/Users/ander/Desktop/airflow-spark/airflow-spark/curso2/ambientX/lib/python3.9/site-packages/airflow/example_dags/example_skip_dag.py
[2025-01-26T11:01:35.844-0300] {logging_mixin.py:190} INFO - [2025-01-26T11:01:35.843-0300] {dag.py:3239} INFO - Sync 1 DAGs
[2025-01-26T11:01:35.956-0300] {logging_mixin.py:190} INFO - [2025-01-26T11:01:35.955-0300] {dag.py:4180} INFO - Setting next_dagrun for example_skip_dag to 2025-01-25T00:00:00+00:00, run_after=2025-01-26T00:00:00+00:00
[2025-01-26T11:01:36.026-0300] {processor.py:208} INFO - Processing /mnt/c/Users/ander/Desktop/airflow-spark/airflow-spark/curso2/ambientX/lib/python3.9/site-packages/airflow/example_dags/example_skip_dag.py took 0.293 seconds
[2025-01-26T11:03:27.693-0300] {processor.py:186} INFO - Started process (PID=15068) to work on /mnt/c/Users/ander/Desktop/airflow-spark/airflow-spark/curso2/ambientX/lib/python3.9/site-packages/airflow/example_dags/example_skip_dag.py
[2025-01-26T11:03:27.694-0300] {processor.py:914} INFO - Processing file /mnt/c/Users/ander/Desktop/airflow-spark/airflow-spark/curso2/ambientX/lib/python3.9/site-packages/airflow/example_dags/example_skip_dag.py for tasks to queue
[2025-01-26T11:03:27.697-0300] {logging_mixin.py:190} INFO - [2025-01-26T11:03:27.697-0300] {dagbag.py:588} INFO - Filling up the DagBag from /mnt/c/Users/ander/Desktop/airflow-spark/airflow-spark/curso2/ambientX/lib/python3.9/site-packages/airflow/example_dags/example_skip_dag.py
[2025-01-26T11:03:27.726-0300] {processor.py:925} INFO - DAG(s) 'example_skip_dag' retrieved from /mnt/c/Users/ander/Desktop/airflow-spark/airflow-spark/curso2/ambientX/lib/python3.9/site-packages/airflow/example_dags/example_skip_dag.py
[2025-01-26T11:03:27.769-0300] {logging_mixin.py:190} INFO - [2025-01-26T11:03:27.768-0300] {dag.py:3239} INFO - Sync 1 DAGs
[2025-01-26T11:03:27.801-0300] {logging_mixin.py:190} INFO - [2025-01-26T11:03:27.801-0300] {dag.py:4180} INFO - Setting next_dagrun for example_skip_dag to 2025-01-25T00:00:00+00:00, run_after=2025-01-26T00:00:00+00:00
[2025-01-26T11:03:27.868-0300] {processor.py:208} INFO - Processing /mnt/c/Users/ander/Desktop/airflow-spark/airflow-spark/curso2/ambientX/lib/python3.9/site-packages/airflow/example_dags/example_skip_dag.py took 0.196 seconds
[2025-01-26T11:05:12.463-0300] {processor.py:186} INFO - Started process (PID=15510) to work on /mnt/c/Users/ander/Desktop/airflow-spark/airflow-spark/curso2/ambientX/lib/python3.9/site-packages/airflow/example_dags/example_skip_dag.py
[2025-01-26T11:05:12.464-0300] {processor.py:914} INFO - Processing file /mnt/c/Users/ander/Desktop/airflow-spark/airflow-spark/curso2/ambientX/lib/python3.9/site-packages/airflow/example_dags/example_skip_dag.py for tasks to queue
[2025-01-26T11:05:12.466-0300] {logging_mixin.py:190} INFO - [2025-01-26T11:05:12.466-0300] {dagbag.py:588} INFO - Filling up the DagBag from /mnt/c/Users/ander/Desktop/airflow-spark/airflow-spark/curso2/ambientX/lib/python3.9/site-packages/airflow/example_dags/example_skip_dag.py
[2025-01-26T11:05:12.493-0300] {processor.py:925} INFO - DAG(s) 'example_skip_dag' retrieved from /mnt/c/Users/ander/Desktop/airflow-spark/airflow-spark/curso2/ambientX/lib/python3.9/site-packages/airflow/example_dags/example_skip_dag.py
[2025-01-26T11:05:12.541-0300] {logging_mixin.py:190} INFO - [2025-01-26T11:05:12.541-0300] {dag.py:3239} INFO - Sync 1 DAGs
[2025-01-26T11:05:12.580-0300] {logging_mixin.py:190} INFO - [2025-01-26T11:05:12.580-0300] {dag.py:4180} INFO - Setting next_dagrun for example_skip_dag to 2025-01-25T00:00:00+00:00, run_after=2025-01-26T00:00:00+00:00
[2025-01-26T11:05:12.635-0300] {processor.py:208} INFO - Processing /mnt/c/Users/ander/Desktop/airflow-spark/airflow-spark/curso2/ambientX/lib/python3.9/site-packages/airflow/example_dags/example_skip_dag.py took 0.188 seconds
[2025-01-26T11:06:50.628-0300] {processor.py:186} INFO - Started process (PID=15939) to work on /mnt/c/Users/ander/Desktop/airflow-spark/airflow-spark/curso2/ambientX/lib/python3.9/site-packages/airflow/example_dags/example_skip_dag.py
[2025-01-26T11:06:50.630-0300] {processor.py:914} INFO - Processing file /mnt/c/Users/ander/Desktop/airflow-spark/airflow-spark/curso2/ambientX/lib/python3.9/site-packages/airflow/example_dags/example_skip_dag.py for tasks to queue
[2025-01-26T11:06:50.632-0300] {logging_mixin.py:190} INFO - [2025-01-26T11:06:50.631-0300] {dagbag.py:588} INFO - Filling up the DagBag from /mnt/c/Users/ander/Desktop/airflow-spark/airflow-spark/curso2/ambientX/lib/python3.9/site-packages/airflow/example_dags/example_skip_dag.py
[2025-01-26T11:06:50.661-0300] {processor.py:925} INFO - DAG(s) 'example_skip_dag' retrieved from /mnt/c/Users/ander/Desktop/airflow-spark/airflow-spark/curso2/ambientX/lib/python3.9/site-packages/airflow/example_dags/example_skip_dag.py
[2025-01-26T11:06:50.706-0300] {logging_mixin.py:190} INFO - [2025-01-26T11:06:50.706-0300] {dag.py:3239} INFO - Sync 1 DAGs
[2025-01-26T11:06:50.741-0300] {logging_mixin.py:190} INFO - [2025-01-26T11:06:50.740-0300] {dag.py:4180} INFO - Setting next_dagrun for example_skip_dag to 2025-01-25T00:00:00+00:00, run_after=2025-01-26T00:00:00+00:00
[2025-01-26T11:06:50.808-0300] {processor.py:208} INFO - Processing /mnt/c/Users/ander/Desktop/airflow-spark/airflow-spark/curso2/ambientX/lib/python3.9/site-packages/airflow/example_dags/example_skip_dag.py took 0.200 seconds
[2025-01-26T11:08:35.935-0300] {processor.py:186} INFO - Started process (PID=16394) to work on /mnt/c/Users/ander/Desktop/airflow-spark/airflow-spark/curso2/ambientX/lib/python3.9/site-packages/airflow/example_dags/example_skip_dag.py
[2025-01-26T11:08:35.937-0300] {processor.py:914} INFO - Processing file /mnt/c/Users/ander/Desktop/airflow-spark/airflow-spark/curso2/ambientX/lib/python3.9/site-packages/airflow/example_dags/example_skip_dag.py for tasks to queue
[2025-01-26T11:08:35.940-0300] {logging_mixin.py:190} INFO - [2025-01-26T11:08:35.939-0300] {dagbag.py:588} INFO - Filling up the DagBag from /mnt/c/Users/ander/Desktop/airflow-spark/airflow-spark/curso2/ambientX/lib/python3.9/site-packages/airflow/example_dags/example_skip_dag.py
[2025-01-26T11:08:35.974-0300] {processor.py:925} INFO - DAG(s) 'example_skip_dag' retrieved from /mnt/c/Users/ander/Desktop/airflow-spark/airflow-spark/curso2/ambientX/lib/python3.9/site-packages/airflow/example_dags/example_skip_dag.py
[2025-01-26T11:08:36.022-0300] {logging_mixin.py:190} INFO - [2025-01-26T11:08:36.022-0300] {dag.py:3239} INFO - Sync 1 DAGs
[2025-01-26T11:08:36.063-0300] {logging_mixin.py:190} INFO - [2025-01-26T11:08:36.063-0300] {dag.py:4180} INFO - Setting next_dagrun for example_skip_dag to 2025-01-25T00:00:00+00:00, run_after=2025-01-26T00:00:00+00:00
[2025-01-26T11:08:36.141-0300] {processor.py:208} INFO - Processing /mnt/c/Users/ander/Desktop/airflow-spark/airflow-spark/curso2/ambientX/lib/python3.9/site-packages/airflow/example_dags/example_skip_dag.py took 0.225 seconds
[2025-01-26T11:10:18.774-0300] {processor.py:186} INFO - Started process (PID=16835) to work on /mnt/c/Users/ander/Desktop/airflow-spark/airflow-spark/curso2/ambientX/lib/python3.9/site-packages/airflow/example_dags/example_skip_dag.py
[2025-01-26T11:10:18.775-0300] {processor.py:914} INFO - Processing file /mnt/c/Users/ander/Desktop/airflow-spark/airflow-spark/curso2/ambientX/lib/python3.9/site-packages/airflow/example_dags/example_skip_dag.py for tasks to queue
[2025-01-26T11:10:18.778-0300] {logging_mixin.py:190} INFO - [2025-01-26T11:10:18.777-0300] {dagbag.py:588} INFO - Filling up the DagBag from /mnt/c/Users/ander/Desktop/airflow-spark/airflow-spark/curso2/ambientX/lib/python3.9/site-packages/airflow/example_dags/example_skip_dag.py
[2025-01-26T11:10:18.807-0300] {processor.py:925} INFO - DAG(s) 'example_skip_dag' retrieved from /mnt/c/Users/ander/Desktop/airflow-spark/airflow-spark/curso2/ambientX/lib/python3.9/site-packages/airflow/example_dags/example_skip_dag.py
[2025-01-26T11:10:18.850-0300] {logging_mixin.py:190} INFO - [2025-01-26T11:10:18.850-0300] {dag.py:3239} INFO - Sync 1 DAGs
[2025-01-26T11:10:18.885-0300] {logging_mixin.py:190} INFO - [2025-01-26T11:10:18.885-0300] {dag.py:4180} INFO - Setting next_dagrun for example_skip_dag to 2025-01-25T00:00:00+00:00, run_after=2025-01-26T00:00:00+00:00
[2025-01-26T11:10:18.960-0300] {processor.py:208} INFO - Processing /mnt/c/Users/ander/Desktop/airflow-spark/airflow-spark/curso2/ambientX/lib/python3.9/site-packages/airflow/example_dags/example_skip_dag.py took 0.203 seconds
[2025-01-26T11:12:55.846-0300] {processor.py:186} INFO - Started process (PID=17480) to work on /mnt/c/Users/ander/Desktop/airflow-spark/airflow-spark/curso2/ambientX/lib/python3.9/site-packages/airflow/example_dags/example_skip_dag.py
[2025-01-26T11:12:55.878-0300] {processor.py:914} INFO - Processing file /mnt/c/Users/ander/Desktop/airflow-spark/airflow-spark/curso2/ambientX/lib/python3.9/site-packages/airflow/example_dags/example_skip_dag.py for tasks to queue
[2025-01-26T11:12:55.880-0300] {logging_mixin.py:190} INFO - [2025-01-26T11:12:55.880-0300] {dagbag.py:588} INFO - Filling up the DagBag from /mnt/c/Users/ander/Desktop/airflow-spark/airflow-spark/curso2/ambientX/lib/python3.9/site-packages/airflow/example_dags/example_skip_dag.py
[2025-01-26T11:12:55.980-0300] {processor.py:925} INFO - DAG(s) 'example_skip_dag' retrieved from /mnt/c/Users/ander/Desktop/airflow-spark/airflow-spark/curso2/ambientX/lib/python3.9/site-packages/airflow/example_dags/example_skip_dag.py
[2025-01-26T11:12:56.064-0300] {logging_mixin.py:190} INFO - [2025-01-26T11:12:56.064-0300] {dag.py:3239} INFO - Sync 1 DAGs
[2025-01-26T11:12:56.096-0300] {logging_mixin.py:190} INFO - [2025-01-26T11:12:56.096-0300] {dag.py:4180} INFO - Setting next_dagrun for example_skip_dag to 2025-01-25T00:00:00+00:00, run_after=2025-01-26T00:00:00+00:00
[2025-01-26T11:12:59.323-0300] {processor.py:208} INFO - Processing /mnt/c/Users/ander/Desktop/airflow-spark/airflow-spark/curso2/ambientX/lib/python3.9/site-packages/airflow/example_dags/example_skip_dag.py took 3.493 seconds
[2025-01-26T11:14:46.703-0300] {processor.py:186} INFO - Started process (PID=18038) to work on /mnt/c/Users/ander/Desktop/airflow-spark/airflow-spark/curso2/ambientX/lib/python3.9/site-packages/airflow/example_dags/example_skip_dag.py
[2025-01-26T11:14:46.705-0300] {processor.py:914} INFO - Processing file /mnt/c/Users/ander/Desktop/airflow-spark/airflow-spark/curso2/ambientX/lib/python3.9/site-packages/airflow/example_dags/example_skip_dag.py for tasks to queue
[2025-01-26T11:14:46.707-0300] {logging_mixin.py:190} INFO - [2025-01-26T11:14:46.707-0300] {dagbag.py:588} INFO - Filling up the DagBag from /mnt/c/Users/ander/Desktop/airflow-spark/airflow-spark/curso2/ambientX/lib/python3.9/site-packages/airflow/example_dags/example_skip_dag.py
[2025-01-26T11:14:46.741-0300] {processor.py:925} INFO - DAG(s) 'example_skip_dag' retrieved from /mnt/c/Users/ander/Desktop/airflow-spark/airflow-spark/curso2/ambientX/lib/python3.9/site-packages/airflow/example_dags/example_skip_dag.py
[2025-01-26T11:14:46.780-0300] {logging_mixin.py:190} INFO - [2025-01-26T11:14:46.780-0300] {dag.py:3239} INFO - Sync 1 DAGs
[2025-01-26T11:14:46.813-0300] {logging_mixin.py:190} INFO - [2025-01-26T11:14:46.813-0300] {dag.py:4180} INFO - Setting next_dagrun for example_skip_dag to 2025-01-25T00:00:00+00:00, run_after=2025-01-26T00:00:00+00:00
[2025-01-26T11:14:46.933-0300] {processor.py:208} INFO - Processing /mnt/c/Users/ander/Desktop/airflow-spark/airflow-spark/curso2/ambientX/lib/python3.9/site-packages/airflow/example_dags/example_skip_dag.py took 0.248 seconds
[2025-01-26T11:16:47.428-0300] {processor.py:186} INFO - Started process (PID=18569) to work on /mnt/c/Users/ander/Desktop/airflow-spark/airflow-spark/curso2/ambientX/lib/python3.9/site-packages/airflow/example_dags/example_skip_dag.py
[2025-01-26T11:16:47.430-0300] {processor.py:914} INFO - Processing file /mnt/c/Users/ander/Desktop/airflow-spark/airflow-spark/curso2/ambientX/lib/python3.9/site-packages/airflow/example_dags/example_skip_dag.py for tasks to queue
[2025-01-26T11:16:47.432-0300] {logging_mixin.py:190} INFO - [2025-01-26T11:16:47.432-0300] {dagbag.py:588} INFO - Filling up the DagBag from /mnt/c/Users/ander/Desktop/airflow-spark/airflow-spark/curso2/ambientX/lib/python3.9/site-packages/airflow/example_dags/example_skip_dag.py
[2025-01-26T11:16:47.457-0300] {processor.py:925} INFO - DAG(s) 'example_skip_dag' retrieved from /mnt/c/Users/ander/Desktop/airflow-spark/airflow-spark/curso2/ambientX/lib/python3.9/site-packages/airflow/example_dags/example_skip_dag.py
[2025-01-26T11:16:48.028-0300] {logging_mixin.py:190} INFO - [2025-01-26T11:16:48.028-0300] {dag.py:3239} INFO - Sync 1 DAGs
[2025-01-26T11:16:48.061-0300] {logging_mixin.py:190} INFO - [2025-01-26T11:16:48.060-0300] {dag.py:4180} INFO - Setting next_dagrun for example_skip_dag to 2025-01-25T00:00:00+00:00, run_after=2025-01-26T00:00:00+00:00
[2025-01-26T11:16:48.767-0300] {processor.py:208} INFO - Processing /mnt/c/Users/ander/Desktop/airflow-spark/airflow-spark/curso2/ambientX/lib/python3.9/site-packages/airflow/example_dags/example_skip_dag.py took 1.355 seconds
[2025-01-26T11:18:20.206-0300] {processor.py:186} INFO - Started process (PID=19036) to work on /mnt/c/Users/ander/Desktop/airflow-spark/airflow-spark/curso2/ambientX/lib/python3.9/site-packages/airflow/example_dags/example_skip_dag.py
[2025-01-26T11:18:20.208-0300] {processor.py:914} INFO - Processing file /mnt/c/Users/ander/Desktop/airflow-spark/airflow-spark/curso2/ambientX/lib/python3.9/site-packages/airflow/example_dags/example_skip_dag.py for tasks to queue
[2025-01-26T11:18:20.212-0300] {logging_mixin.py:190} INFO - [2025-01-26T11:18:20.211-0300] {dagbag.py:588} INFO - Filling up the DagBag from /mnt/c/Users/ander/Desktop/airflow-spark/airflow-spark/curso2/ambientX/lib/python3.9/site-packages/airflow/example_dags/example_skip_dag.py
[2025-01-26T11:18:20.241-0300] {processor.py:925} INFO - DAG(s) 'example_skip_dag' retrieved from /mnt/c/Users/ander/Desktop/airflow-spark/airflow-spark/curso2/ambientX/lib/python3.9/site-packages/airflow/example_dags/example_skip_dag.py
[2025-01-26T11:18:20.289-0300] {logging_mixin.py:190} INFO - [2025-01-26T11:18:20.288-0300] {dag.py:3239} INFO - Sync 1 DAGs
[2025-01-26T11:18:20.366-0300] {logging_mixin.py:190} INFO - [2025-01-26T11:18:20.366-0300] {dag.py:4180} INFO - Setting next_dagrun for example_skip_dag to 2025-01-25T00:00:00+00:00, run_after=2025-01-26T00:00:00+00:00
[2025-01-26T11:18:21.297-0300] {processor.py:208} INFO - Processing /mnt/c/Users/ander/Desktop/airflow-spark/airflow-spark/curso2/ambientX/lib/python3.9/site-packages/airflow/example_dags/example_skip_dag.py took 1.106 seconds
[2025-01-26T11:19:58.893-0300] {processor.py:186} INFO - Started process (PID=19509) to work on /mnt/c/Users/ander/Desktop/airflow-spark/airflow-spark/curso2/ambientX/lib/python3.9/site-packages/airflow/example_dags/example_skip_dag.py
[2025-01-26T11:19:58.895-0300] {processor.py:914} INFO - Processing file /mnt/c/Users/ander/Desktop/airflow-spark/airflow-spark/curso2/ambientX/lib/python3.9/site-packages/airflow/example_dags/example_skip_dag.py for tasks to queue
[2025-01-26T11:19:58.897-0300] {logging_mixin.py:190} INFO - [2025-01-26T11:19:58.896-0300] {dagbag.py:588} INFO - Filling up the DagBag from /mnt/c/Users/ander/Desktop/airflow-spark/airflow-spark/curso2/ambientX/lib/python3.9/site-packages/airflow/example_dags/example_skip_dag.py
[2025-01-26T11:19:58.924-0300] {processor.py:925} INFO - DAG(s) 'example_skip_dag' retrieved from /mnt/c/Users/ander/Desktop/airflow-spark/airflow-spark/curso2/ambientX/lib/python3.9/site-packages/airflow/example_dags/example_skip_dag.py
[2025-01-26T11:19:58.965-0300] {logging_mixin.py:190} INFO - [2025-01-26T11:19:58.964-0300] {dag.py:3239} INFO - Sync 1 DAGs
[2025-01-26T11:19:58.997-0300] {logging_mixin.py:190} INFO - [2025-01-26T11:19:58.997-0300] {dag.py:4180} INFO - Setting next_dagrun for example_skip_dag to 2025-01-25T00:00:00+00:00, run_after=2025-01-26T00:00:00+00:00
[2025-01-26T11:19:59.710-0300] {processor.py:208} INFO - Processing /mnt/c/Users/ander/Desktop/airflow-spark/airflow-spark/curso2/ambientX/lib/python3.9/site-packages/airflow/example_dags/example_skip_dag.py took 0.835 seconds
[2025-01-26T11:21:51.736-0300] {processor.py:186} INFO - Started process (PID=19903) to work on /mnt/c/Users/ander/Desktop/airflow-spark/airflow-spark/curso2/ambientX/lib/python3.9/site-packages/airflow/example_dags/example_skip_dag.py
[2025-01-26T11:21:51.738-0300] {processor.py:914} INFO - Processing file /mnt/c/Users/ander/Desktop/airflow-spark/airflow-spark/curso2/ambientX/lib/python3.9/site-packages/airflow/example_dags/example_skip_dag.py for tasks to queue
[2025-01-26T11:21:51.740-0300] {logging_mixin.py:190} INFO - [2025-01-26T11:21:51.739-0300] {dagbag.py:588} INFO - Filling up the DagBag from /mnt/c/Users/ander/Desktop/airflow-spark/airflow-spark/curso2/ambientX/lib/python3.9/site-packages/airflow/example_dags/example_skip_dag.py
[2025-01-26T11:21:51.768-0300] {processor.py:925} INFO - DAG(s) 'example_skip_dag' retrieved from /mnt/c/Users/ander/Desktop/airflow-spark/airflow-spark/curso2/ambientX/lib/python3.9/site-packages/airflow/example_dags/example_skip_dag.py
[2025-01-26T11:21:51.811-0300] {logging_mixin.py:190} INFO - [2025-01-26T11:21:51.810-0300] {dag.py:3239} INFO - Sync 1 DAGs
[2025-01-26T11:21:51.843-0300] {logging_mixin.py:190} INFO - [2025-01-26T11:21:51.843-0300] {dag.py:4180} INFO - Setting next_dagrun for example_skip_dag to 2025-01-25T00:00:00+00:00, run_after=2025-01-26T00:00:00+00:00
[2025-01-26T11:21:51.907-0300] {processor.py:208} INFO - Processing /mnt/c/Users/ander/Desktop/airflow-spark/airflow-spark/curso2/ambientX/lib/python3.9/site-packages/airflow/example_dags/example_skip_dag.py took 0.187 seconds
[2025-01-26T11:23:39.905-0300] {processor.py:186} INFO - Started process (PID=20338) to work on /mnt/c/Users/ander/Desktop/airflow-spark/airflow-spark/curso2/ambientX/lib/python3.9/site-packages/airflow/example_dags/example_skip_dag.py
[2025-01-26T11:23:39.906-0300] {processor.py:914} INFO - Processing file /mnt/c/Users/ander/Desktop/airflow-spark/airflow-spark/curso2/ambientX/lib/python3.9/site-packages/airflow/example_dags/example_skip_dag.py for tasks to queue
[2025-01-26T11:23:39.909-0300] {logging_mixin.py:190} INFO - [2025-01-26T11:23:39.909-0300] {dagbag.py:588} INFO - Filling up the DagBag from /mnt/c/Users/ander/Desktop/airflow-spark/airflow-spark/curso2/ambientX/lib/python3.9/site-packages/airflow/example_dags/example_skip_dag.py
[2025-01-26T11:23:39.940-0300] {processor.py:925} INFO - DAG(s) 'example_skip_dag' retrieved from /mnt/c/Users/ander/Desktop/airflow-spark/airflow-spark/curso2/ambientX/lib/python3.9/site-packages/airflow/example_dags/example_skip_dag.py
[2025-01-26T11:23:39.989-0300] {logging_mixin.py:190} INFO - [2025-01-26T11:23:39.989-0300] {dag.py:3239} INFO - Sync 1 DAGs
[2025-01-26T11:23:40.021-0300] {logging_mixin.py:190} INFO - [2025-01-26T11:23:40.021-0300] {dag.py:4180} INFO - Setting next_dagrun for example_skip_dag to 2025-01-25T00:00:00+00:00, run_after=2025-01-26T00:00:00+00:00
[2025-01-26T11:23:40.897-0300] {processor.py:208} INFO - Processing /mnt/c/Users/ander/Desktop/airflow-spark/airflow-spark/curso2/ambientX/lib/python3.9/site-packages/airflow/example_dags/example_skip_dag.py took 1.012 seconds
[2025-01-26T11:24:49.811-0300] {processor.py:186} INFO - Started process (PID=20743) to work on /mnt/c/Users/ander/Desktop/airflow-spark/airflow-spark/curso2/ambientX/lib/python3.9/site-packages/airflow/example_dags/example_skip_dag.py
[2025-01-26T11:24:49.812-0300] {processor.py:914} INFO - Processing file /mnt/c/Users/ander/Desktop/airflow-spark/airflow-spark/curso2/ambientX/lib/python3.9/site-packages/airflow/example_dags/example_skip_dag.py for tasks to queue
[2025-01-26T11:24:49.814-0300] {logging_mixin.py:190} INFO - [2025-01-26T11:24:49.814-0300] {dagbag.py:588} INFO - Filling up the DagBag from /mnt/c/Users/ander/Desktop/airflow-spark/airflow-spark/curso2/ambientX/lib/python3.9/site-packages/airflow/example_dags/example_skip_dag.py
[2025-01-26T11:24:49.842-0300] {processor.py:925} INFO - DAG(s) 'example_skip_dag' retrieved from /mnt/c/Users/ander/Desktop/airflow-spark/airflow-spark/curso2/ambientX/lib/python3.9/site-packages/airflow/example_dags/example_skip_dag.py
[2025-01-26T11:24:49.882-0300] {logging_mixin.py:190} INFO - [2025-01-26T11:24:49.882-0300] {dag.py:3239} INFO - Sync 1 DAGs
[2025-01-26T11:24:49.914-0300] {logging_mixin.py:190} INFO - [2025-01-26T11:24:49.914-0300] {dag.py:4180} INFO - Setting next_dagrun for example_skip_dag to 2025-01-25T00:00:00+00:00, run_after=2025-01-26T00:00:00+00:00
[2025-01-26T11:24:50.255-0300] {processor.py:208} INFO - Processing /mnt/c/Users/ander/Desktop/airflow-spark/airflow-spark/curso2/ambientX/lib/python3.9/site-packages/airflow/example_dags/example_skip_dag.py took 0.463 seconds
[2025-01-26T11:26:05.693-0300] {processor.py:186} INFO - Started process (PID=21163) to work on /mnt/c/Users/ander/Desktop/airflow-spark/airflow-spark/curso2/ambientX/lib/python3.9/site-packages/airflow/example_dags/example_skip_dag.py
[2025-01-26T11:26:05.694-0300] {processor.py:914} INFO - Processing file /mnt/c/Users/ander/Desktop/airflow-spark/airflow-spark/curso2/ambientX/lib/python3.9/site-packages/airflow/example_dags/example_skip_dag.py for tasks to queue
[2025-01-26T11:26:05.696-0300] {logging_mixin.py:190} INFO - [2025-01-26T11:26:05.696-0300] {dagbag.py:588} INFO - Filling up the DagBag from /mnt/c/Users/ander/Desktop/airflow-spark/airflow-spark/curso2/ambientX/lib/python3.9/site-packages/airflow/example_dags/example_skip_dag.py
[2025-01-26T11:26:05.729-0300] {processor.py:925} INFO - DAG(s) 'example_skip_dag' retrieved from /mnt/c/Users/ander/Desktop/airflow-spark/airflow-spark/curso2/ambientX/lib/python3.9/site-packages/airflow/example_dags/example_skip_dag.py
[2025-01-26T11:26:05.773-0300] {logging_mixin.py:190} INFO - [2025-01-26T11:26:05.773-0300] {dag.py:3239} INFO - Sync 1 DAGs
[2025-01-26T11:26:05.809-0300] {logging_mixin.py:190} INFO - [2025-01-26T11:26:05.808-0300] {dag.py:4180} INFO - Setting next_dagrun for example_skip_dag to 2025-01-25T00:00:00+00:00, run_after=2025-01-26T00:00:00+00:00
[2025-01-26T11:26:05.892-0300] {processor.py:208} INFO - Processing /mnt/c/Users/ander/Desktop/airflow-spark/airflow-spark/curso2/ambientX/lib/python3.9/site-packages/airflow/example_dags/example_skip_dag.py took 0.218 seconds
[2025-01-26T11:27:16.131-0300] {processor.py:186} INFO - Started process (PID=21509) to work on /mnt/c/Users/ander/Desktop/airflow-spark/airflow-spark/curso2/ambientX/lib/python3.9/site-packages/airflow/example_dags/example_skip_dag.py
[2025-01-26T11:27:16.132-0300] {processor.py:914} INFO - Processing file /mnt/c/Users/ander/Desktop/airflow-spark/airflow-spark/curso2/ambientX/lib/python3.9/site-packages/airflow/example_dags/example_skip_dag.py for tasks to queue
[2025-01-26T11:27:16.134-0300] {logging_mixin.py:190} INFO - [2025-01-26T11:27:16.134-0300] {dagbag.py:588} INFO - Filling up the DagBag from /mnt/c/Users/ander/Desktop/airflow-spark/airflow-spark/curso2/ambientX/lib/python3.9/site-packages/airflow/example_dags/example_skip_dag.py
[2025-01-26T11:27:16.162-0300] {processor.py:925} INFO - DAG(s) 'example_skip_dag' retrieved from /mnt/c/Users/ander/Desktop/airflow-spark/airflow-spark/curso2/ambientX/lib/python3.9/site-packages/airflow/example_dags/example_skip_dag.py
[2025-01-26T11:27:16.201-0300] {logging_mixin.py:190} INFO - [2025-01-26T11:27:16.201-0300] {dag.py:3239} INFO - Sync 1 DAGs
[2025-01-26T11:27:16.232-0300] {logging_mixin.py:190} INFO - [2025-01-26T11:27:16.232-0300] {dag.py:4180} INFO - Setting next_dagrun for example_skip_dag to 2025-01-25T00:00:00+00:00, run_after=2025-01-26T00:00:00+00:00
[2025-01-26T11:27:16.295-0300] {processor.py:208} INFO - Processing /mnt/c/Users/ander/Desktop/airflow-spark/airflow-spark/curso2/ambientX/lib/python3.9/site-packages/airflow/example_dags/example_skip_dag.py took 0.184 seconds
[2025-01-26T11:28:28.037-0300] {processor.py:186} INFO - Started process (PID=21857) to work on /mnt/c/Users/ander/Desktop/airflow-spark/airflow-spark/curso2/ambientX/lib/python3.9/site-packages/airflow/example_dags/example_skip_dag.py
[2025-01-26T11:28:28.038-0300] {processor.py:914} INFO - Processing file /mnt/c/Users/ander/Desktop/airflow-spark/airflow-spark/curso2/ambientX/lib/python3.9/site-packages/airflow/example_dags/example_skip_dag.py for tasks to queue
[2025-01-26T11:28:28.040-0300] {logging_mixin.py:190} INFO - [2025-01-26T11:28:28.040-0300] {dagbag.py:588} INFO - Filling up the DagBag from /mnt/c/Users/ander/Desktop/airflow-spark/airflow-spark/curso2/ambientX/lib/python3.9/site-packages/airflow/example_dags/example_skip_dag.py
[2025-01-26T11:28:28.067-0300] {processor.py:925} INFO - DAG(s) 'example_skip_dag' retrieved from /mnt/c/Users/ander/Desktop/airflow-spark/airflow-spark/curso2/ambientX/lib/python3.9/site-packages/airflow/example_dags/example_skip_dag.py
[2025-01-26T11:28:28.106-0300] {logging_mixin.py:190} INFO - [2025-01-26T11:28:28.106-0300] {dag.py:3239} INFO - Sync 1 DAGs
[2025-01-26T11:28:28.137-0300] {logging_mixin.py:190} INFO - [2025-01-26T11:28:28.137-0300] {dag.py:4180} INFO - Setting next_dagrun for example_skip_dag to 2025-01-25T00:00:00+00:00, run_after=2025-01-26T00:00:00+00:00
[2025-01-26T11:28:28.764-0300] {processor.py:208} INFO - Processing /mnt/c/Users/ander/Desktop/airflow-spark/airflow-spark/curso2/ambientX/lib/python3.9/site-packages/airflow/example_dags/example_skip_dag.py took 0.748 seconds
[2025-01-26T11:29:45.114-0300] {processor.py:186} INFO - Started process (PID=22244) to work on /mnt/c/Users/ander/Desktop/airflow-spark/airflow-spark/curso2/ambientX/lib/python3.9/site-packages/airflow/example_dags/example_skip_dag.py
[2025-01-26T11:29:45.115-0300] {processor.py:914} INFO - Processing file /mnt/c/Users/ander/Desktop/airflow-spark/airflow-spark/curso2/ambientX/lib/python3.9/site-packages/airflow/example_dags/example_skip_dag.py for tasks to queue
[2025-01-26T11:29:45.117-0300] {logging_mixin.py:190} INFO - [2025-01-26T11:29:45.116-0300] {dagbag.py:588} INFO - Filling up the DagBag from /mnt/c/Users/ander/Desktop/airflow-spark/airflow-spark/curso2/ambientX/lib/python3.9/site-packages/airflow/example_dags/example_skip_dag.py
[2025-01-26T11:29:45.142-0300] {processor.py:925} INFO - DAG(s) 'example_skip_dag' retrieved from /mnt/c/Users/ander/Desktop/airflow-spark/airflow-spark/curso2/ambientX/lib/python3.9/site-packages/airflow/example_dags/example_skip_dag.py
[2025-01-26T11:29:45.181-0300] {logging_mixin.py:190} INFO - [2025-01-26T11:29:45.181-0300] {dag.py:3239} INFO - Sync 1 DAGs
[2025-01-26T11:29:45.213-0300] {logging_mixin.py:190} INFO - [2025-01-26T11:29:45.213-0300] {dag.py:4180} INFO - Setting next_dagrun for example_skip_dag to 2025-01-25T00:00:00+00:00, run_after=2025-01-26T00:00:00+00:00
[2025-01-26T11:29:45.274-0300] {processor.py:208} INFO - Processing /mnt/c/Users/ander/Desktop/airflow-spark/airflow-spark/curso2/ambientX/lib/python3.9/site-packages/airflow/example_dags/example_skip_dag.py took 0.174 seconds
[2025-01-26T11:31:10.920-0300] {processor.py:186} INFO - Started process (PID=22720) to work on /mnt/c/Users/ander/Desktop/airflow-spark/airflow-spark/curso2/ambientX/lib/python3.9/site-packages/airflow/example_dags/example_skip_dag.py
[2025-01-26T11:31:10.923-0300] {processor.py:914} INFO - Processing file /mnt/c/Users/ander/Desktop/airflow-spark/airflow-spark/curso2/ambientX/lib/python3.9/site-packages/airflow/example_dags/example_skip_dag.py for tasks to queue
[2025-01-26T11:31:10.925-0300] {logging_mixin.py:190} INFO - [2025-01-26T11:31:10.925-0300] {dagbag.py:588} INFO - Filling up the DagBag from /mnt/c/Users/ander/Desktop/airflow-spark/airflow-spark/curso2/ambientX/lib/python3.9/site-packages/airflow/example_dags/example_skip_dag.py
[2025-01-26T11:31:10.975-0300] {processor.py:925} INFO - DAG(s) 'example_skip_dag' retrieved from /mnt/c/Users/ander/Desktop/airflow-spark/airflow-spark/curso2/ambientX/lib/python3.9/site-packages/airflow/example_dags/example_skip_dag.py
[2025-01-26T11:31:11.023-0300] {logging_mixin.py:190} INFO - [2025-01-26T11:31:11.022-0300] {dag.py:3239} INFO - Sync 1 DAGs
[2025-01-26T11:31:11.053-0300] {logging_mixin.py:190} INFO - [2025-01-26T11:31:11.053-0300] {dag.py:4180} INFO - Setting next_dagrun for example_skip_dag to 2025-01-25T00:00:00+00:00, run_after=2025-01-26T00:00:00+00:00
[2025-01-26T11:31:14.354-0300] {processor.py:208} INFO - Processing /mnt/c/Users/ander/Desktop/airflow-spark/airflow-spark/curso2/ambientX/lib/python3.9/site-packages/airflow/example_dags/example_skip_dag.py took 0.627 seconds
[2025-01-26T11:32:46.993-0300] {processor.py:186} INFO - Started process (PID=23071) to work on /mnt/c/Users/ander/Desktop/airflow-spark/airflow-spark/curso2/ambientX/lib/python3.9/site-packages/airflow/example_dags/example_skip_dag.py
[2025-01-26T11:32:47.007-0300] {processor.py:914} INFO - Processing file /mnt/c/Users/ander/Desktop/airflow-spark/airflow-spark/curso2/ambientX/lib/python3.9/site-packages/airflow/example_dags/example_skip_dag.py for tasks to queue
[2025-01-26T11:32:47.009-0300] {logging_mixin.py:190} INFO - [2025-01-26T11:32:47.008-0300] {dagbag.py:588} INFO - Filling up the DagBag from /mnt/c/Users/ander/Desktop/airflow-spark/airflow-spark/curso2/ambientX/lib/python3.9/site-packages/airflow/example_dags/example_skip_dag.py
[2025-01-26T11:32:47.035-0300] {processor.py:925} INFO - DAG(s) 'example_skip_dag' retrieved from /mnt/c/Users/ander/Desktop/airflow-spark/airflow-spark/curso2/ambientX/lib/python3.9/site-packages/airflow/example_dags/example_skip_dag.py
[2025-01-26T11:32:47.914-0300] {logging_mixin.py:190} INFO - [2025-01-26T11:32:47.914-0300] {dag.py:3239} INFO - Sync 1 DAGs
[2025-01-26T11:32:47.946-0300] {logging_mixin.py:190} INFO - [2025-01-26T11:32:47.946-0300] {dag.py:4180} INFO - Setting next_dagrun for example_skip_dag to 2025-01-25T00:00:00+00:00, run_after=2025-01-26T00:00:00+00:00
[2025-01-26T11:32:48.642-0300] {processor.py:208} INFO - Processing /mnt/c/Users/ander/Desktop/airflow-spark/airflow-spark/curso2/ambientX/lib/python3.9/site-packages/airflow/example_dags/example_skip_dag.py took 1.665 seconds
[2025-01-26T11:33:56.553-0300] {processor.py:186} INFO - Started process (PID=23415) to work on /mnt/c/Users/ander/Desktop/airflow-spark/airflow-spark/curso2/ambientX/lib/python3.9/site-packages/airflow/example_dags/example_skip_dag.py
[2025-01-26T11:33:56.554-0300] {processor.py:914} INFO - Processing file /mnt/c/Users/ander/Desktop/airflow-spark/airflow-spark/curso2/ambientX/lib/python3.9/site-packages/airflow/example_dags/example_skip_dag.py for tasks to queue
[2025-01-26T11:33:56.556-0300] {logging_mixin.py:190} INFO - [2025-01-26T11:33:56.556-0300] {dagbag.py:588} INFO - Filling up the DagBag from /mnt/c/Users/ander/Desktop/airflow-spark/airflow-spark/curso2/ambientX/lib/python3.9/site-packages/airflow/example_dags/example_skip_dag.py
[2025-01-26T11:33:56.585-0300] {processor.py:925} INFO - DAG(s) 'example_skip_dag' retrieved from /mnt/c/Users/ander/Desktop/airflow-spark/airflow-spark/curso2/ambientX/lib/python3.9/site-packages/airflow/example_dags/example_skip_dag.py
[2025-01-26T11:33:56.626-0300] {logging_mixin.py:190} INFO - [2025-01-26T11:33:56.625-0300] {dag.py:3239} INFO - Sync 1 DAGs
[2025-01-26T11:33:56.659-0300] {logging_mixin.py:190} INFO - [2025-01-26T11:33:56.659-0300] {dag.py:4180} INFO - Setting next_dagrun for example_skip_dag to 2025-01-25T00:00:00+00:00, run_after=2025-01-26T00:00:00+00:00
[2025-01-26T11:33:56.736-0300] {processor.py:208} INFO - Processing /mnt/c/Users/ander/Desktop/airflow-spark/airflow-spark/curso2/ambientX/lib/python3.9/site-packages/airflow/example_dags/example_skip_dag.py took 0.202 seconds
[2025-01-26T11:35:36.613-0300] {processor.py:186} INFO - Started process (PID=23921) to work on /mnt/c/Users/ander/Desktop/airflow-spark/airflow-spark/curso2/ambientX/lib/python3.9/site-packages/airflow/example_dags/example_skip_dag.py
[2025-01-26T11:35:36.614-0300] {processor.py:914} INFO - Processing file /mnt/c/Users/ander/Desktop/airflow-spark/airflow-spark/curso2/ambientX/lib/python3.9/site-packages/airflow/example_dags/example_skip_dag.py for tasks to queue
[2025-01-26T11:35:36.616-0300] {logging_mixin.py:190} INFO - [2025-01-26T11:35:36.616-0300] {dagbag.py:588} INFO - Filling up the DagBag from /mnt/c/Users/ander/Desktop/airflow-spark/airflow-spark/curso2/ambientX/lib/python3.9/site-packages/airflow/example_dags/example_skip_dag.py
[2025-01-26T11:35:36.645-0300] {processor.py:925} INFO - DAG(s) 'example_skip_dag' retrieved from /mnt/c/Users/ander/Desktop/airflow-spark/airflow-spark/curso2/ambientX/lib/python3.9/site-packages/airflow/example_dags/example_skip_dag.py
[2025-01-26T11:35:36.688-0300] {logging_mixin.py:190} INFO - [2025-01-26T11:35:36.688-0300] {dag.py:3239} INFO - Sync 1 DAGs
[2025-01-26T11:35:36.720-0300] {logging_mixin.py:190} INFO - [2025-01-26T11:35:36.720-0300] {dag.py:4180} INFO - Setting next_dagrun for example_skip_dag to 2025-01-25T00:00:00+00:00, run_after=2025-01-26T00:00:00+00:00
[2025-01-26T11:35:36.786-0300] {processor.py:208} INFO - Processing /mnt/c/Users/ander/Desktop/airflow-spark/airflow-spark/curso2/ambientX/lib/python3.9/site-packages/airflow/example_dags/example_skip_dag.py took 0.192 seconds
[2025-01-26T11:37:21.307-0300] {processor.py:186} INFO - Started process (PID=24441) to work on /mnt/c/Users/ander/Desktop/airflow-spark/airflow-spark/curso2/ambientX/lib/python3.9/site-packages/airflow/example_dags/example_skip_dag.py
[2025-01-26T11:37:21.309-0300] {processor.py:914} INFO - Processing file /mnt/c/Users/ander/Desktop/airflow-spark/airflow-spark/curso2/ambientX/lib/python3.9/site-packages/airflow/example_dags/example_skip_dag.py for tasks to queue
[2025-01-26T11:37:21.311-0300] {logging_mixin.py:190} INFO - [2025-01-26T11:37:21.310-0300] {dagbag.py:588} INFO - Filling up the DagBag from /mnt/c/Users/ander/Desktop/airflow-spark/airflow-spark/curso2/ambientX/lib/python3.9/site-packages/airflow/example_dags/example_skip_dag.py
[2025-01-26T11:37:21.340-0300] {processor.py:925} INFO - DAG(s) 'example_skip_dag' retrieved from /mnt/c/Users/ander/Desktop/airflow-spark/airflow-spark/curso2/ambientX/lib/python3.9/site-packages/airflow/example_dags/example_skip_dag.py
[2025-01-26T11:37:21.383-0300] {logging_mixin.py:190} INFO - [2025-01-26T11:37:21.383-0300] {dag.py:3239} INFO - Sync 1 DAGs
[2025-01-26T11:37:21.416-0300] {logging_mixin.py:190} INFO - [2025-01-26T11:37:21.415-0300] {dag.py:4180} INFO - Setting next_dagrun for example_skip_dag to 2025-01-25T00:00:00+00:00, run_after=2025-01-26T00:00:00+00:00
[2025-01-26T11:37:21.486-0300] {processor.py:208} INFO - Processing /mnt/c/Users/ander/Desktop/airflow-spark/airflow-spark/curso2/ambientX/lib/python3.9/site-packages/airflow/example_dags/example_skip_dag.py took 0.196 seconds
[2025-01-26T11:39:02.701-0300] {processor.py:186} INFO - Started process (PID=24893) to work on /mnt/c/Users/ander/Desktop/airflow-spark/airflow-spark/curso2/ambientX/lib/python3.9/site-packages/airflow/example_dags/example_skip_dag.py
[2025-01-26T11:39:02.702-0300] {processor.py:914} INFO - Processing file /mnt/c/Users/ander/Desktop/airflow-spark/airflow-spark/curso2/ambientX/lib/python3.9/site-packages/airflow/example_dags/example_skip_dag.py for tasks to queue
[2025-01-26T11:39:02.704-0300] {logging_mixin.py:190} INFO - [2025-01-26T11:39:02.704-0300] {dagbag.py:588} INFO - Filling up the DagBag from /mnt/c/Users/ander/Desktop/airflow-spark/airflow-spark/curso2/ambientX/lib/python3.9/site-packages/airflow/example_dags/example_skip_dag.py
[2025-01-26T11:39:02.730-0300] {processor.py:925} INFO - DAG(s) 'example_skip_dag' retrieved from /mnt/c/Users/ander/Desktop/airflow-spark/airflow-spark/curso2/ambientX/lib/python3.9/site-packages/airflow/example_dags/example_skip_dag.py
[2025-01-26T11:39:02.771-0300] {logging_mixin.py:190} INFO - [2025-01-26T11:39:02.771-0300] {dag.py:3239} INFO - Sync 1 DAGs
[2025-01-26T11:39:02.803-0300] {logging_mixin.py:190} INFO - [2025-01-26T11:39:02.803-0300] {dag.py:4180} INFO - Setting next_dagrun for example_skip_dag to 2025-01-25T00:00:00+00:00, run_after=2025-01-26T00:00:00+00:00
[2025-01-26T11:39:02.867-0300] {processor.py:208} INFO - Processing /mnt/c/Users/ander/Desktop/airflow-spark/airflow-spark/curso2/ambientX/lib/python3.9/site-packages/airflow/example_dags/example_skip_dag.py took 0.184 seconds
[2025-01-26T11:40:38.822-0300] {processor.py:186} INFO - Started process (PID=25392) to work on /mnt/c/Users/ander/Desktop/airflow-spark/airflow-spark/curso2/ambientX/lib/python3.9/site-packages/airflow/example_dags/example_skip_dag.py
[2025-01-26T11:40:38.823-0300] {processor.py:914} INFO - Processing file /mnt/c/Users/ander/Desktop/airflow-spark/airflow-spark/curso2/ambientX/lib/python3.9/site-packages/airflow/example_dags/example_skip_dag.py for tasks to queue
[2025-01-26T11:40:38.826-0300] {logging_mixin.py:190} INFO - [2025-01-26T11:40:38.825-0300] {dagbag.py:588} INFO - Filling up the DagBag from /mnt/c/Users/ander/Desktop/airflow-spark/airflow-spark/curso2/ambientX/lib/python3.9/site-packages/airflow/example_dags/example_skip_dag.py
[2025-01-26T11:40:38.854-0300] {processor.py:925} INFO - DAG(s) 'example_skip_dag' retrieved from /mnt/c/Users/ander/Desktop/airflow-spark/airflow-spark/curso2/ambientX/lib/python3.9/site-packages/airflow/example_dags/example_skip_dag.py
[2025-01-26T11:40:38.898-0300] {logging_mixin.py:190} INFO - [2025-01-26T11:40:38.898-0300] {dag.py:3239} INFO - Sync 1 DAGs
[2025-01-26T11:40:38.931-0300] {logging_mixin.py:190} INFO - [2025-01-26T11:40:38.931-0300] {dag.py:4180} INFO - Setting next_dagrun for example_skip_dag to 2025-01-25T00:00:00+00:00, run_after=2025-01-26T00:00:00+00:00
[2025-01-26T11:40:39.003-0300] {processor.py:208} INFO - Processing /mnt/c/Users/ander/Desktop/airflow-spark/airflow-spark/curso2/ambientX/lib/python3.9/site-packages/airflow/example_dags/example_skip_dag.py took 0.200 seconds
[2025-01-26T11:42:16.987-0300] {processor.py:186} INFO - Started process (PID=25907) to work on /mnt/c/Users/ander/Desktop/airflow-spark/airflow-spark/curso2/ambientX/lib/python3.9/site-packages/airflow/example_dags/example_skip_dag.py
[2025-01-26T11:42:16.988-0300] {processor.py:914} INFO - Processing file /mnt/c/Users/ander/Desktop/airflow-spark/airflow-spark/curso2/ambientX/lib/python3.9/site-packages/airflow/example_dags/example_skip_dag.py for tasks to queue
[2025-01-26T11:42:16.990-0300] {logging_mixin.py:190} INFO - [2025-01-26T11:42:16.989-0300] {dagbag.py:588} INFO - Filling up the DagBag from /mnt/c/Users/ander/Desktop/airflow-spark/airflow-spark/curso2/ambientX/lib/python3.9/site-packages/airflow/example_dags/example_skip_dag.py
[2025-01-26T11:42:17.017-0300] {processor.py:925} INFO - DAG(s) 'example_skip_dag' retrieved from /mnt/c/Users/ander/Desktop/airflow-spark/airflow-spark/curso2/ambientX/lib/python3.9/site-packages/airflow/example_dags/example_skip_dag.py
[2025-01-26T11:42:17.059-0300] {logging_mixin.py:190} INFO - [2025-01-26T11:42:17.059-0300] {dag.py:3239} INFO - Sync 1 DAGs
[2025-01-26T11:42:17.090-0300] {logging_mixin.py:190} INFO - [2025-01-26T11:42:17.089-0300] {dag.py:4180} INFO - Setting next_dagrun for example_skip_dag to 2025-01-25T00:00:00+00:00, run_after=2025-01-26T00:00:00+00:00
[2025-01-26T11:42:17.156-0300] {processor.py:208} INFO - Processing /mnt/c/Users/ander/Desktop/airflow-spark/airflow-spark/curso2/ambientX/lib/python3.9/site-packages/airflow/example_dags/example_skip_dag.py took 0.186 seconds
[2025-01-26T11:44:09.053-0300] {processor.py:186} INFO - Started process (PID=26448) to work on /mnt/c/Users/ander/Desktop/airflow-spark/airflow-spark/curso2/ambientX/lib/python3.9/site-packages/airflow/example_dags/example_skip_dag.py
[2025-01-26T11:44:09.054-0300] {processor.py:914} INFO - Processing file /mnt/c/Users/ander/Desktop/airflow-spark/airflow-spark/curso2/ambientX/lib/python3.9/site-packages/airflow/example_dags/example_skip_dag.py for tasks to queue
[2025-01-26T11:44:09.056-0300] {logging_mixin.py:190} INFO - [2025-01-26T11:44:09.056-0300] {dagbag.py:588} INFO - Filling up the DagBag from /mnt/c/Users/ander/Desktop/airflow-spark/airflow-spark/curso2/ambientX/lib/python3.9/site-packages/airflow/example_dags/example_skip_dag.py
[2025-01-26T11:44:09.086-0300] {processor.py:925} INFO - DAG(s) 'example_skip_dag' retrieved from /mnt/c/Users/ander/Desktop/airflow-spark/airflow-spark/curso2/ambientX/lib/python3.9/site-packages/airflow/example_dags/example_skip_dag.py
[2025-01-26T11:44:09.126-0300] {logging_mixin.py:190} INFO - [2025-01-26T11:44:09.126-0300] {dag.py:3239} INFO - Sync 1 DAGs
[2025-01-26T11:44:09.157-0300] {logging_mixin.py:190} INFO - [2025-01-26T11:44:09.156-0300] {dag.py:4180} INFO - Setting next_dagrun for example_skip_dag to 2025-01-25T00:00:00+00:00, run_after=2025-01-26T00:00:00+00:00
[2025-01-26T11:44:09.219-0300] {processor.py:208} INFO - Processing /mnt/c/Users/ander/Desktop/airflow-spark/airflow-spark/curso2/ambientX/lib/python3.9/site-packages/airflow/example_dags/example_skip_dag.py took 0.185 seconds
