[2025-01-26T10:25:27.564-0300] {processor.py:186} INFO - Started process (PID=2131) to work on /mnt/c/Users/ander/Desktop/airflow-spark/airflow-spark/curso2/ambientX/lib/python3.9/site-packages/airflow/example_dags/example_task_group.py
[2025-01-26T10:25:27.565-0300] {processor.py:914} INFO - Processing file /mnt/c/Users/ander/Desktop/airflow-spark/airflow-spark/curso2/ambientX/lib/python3.9/site-packages/airflow/example_dags/example_task_group.py for tasks to queue
[2025-01-26T10:25:27.568-0300] {logging_mixin.py:190} INFO - [2025-01-26T10:25:27.568-0300] {dagbag.py:588} INFO - Filling up the DagBag from /mnt/c/Users/ander/Desktop/airflow-spark/airflow-spark/curso2/ambientX/lib/python3.9/site-packages/airflow/example_dags/example_task_group.py
[2025-01-26T10:25:27.650-0300] {processor.py:925} INFO - DAG(s) 'example_task_group' retrieved from /mnt/c/Users/ander/Desktop/airflow-spark/airflow-spark/curso2/ambientX/lib/python3.9/site-packages/airflow/example_dags/example_task_group.py
[2025-01-26T10:25:27.720-0300] {logging_mixin.py:190} INFO - [2025-01-26T10:25:27.720-0300] {dag.py:3239} INFO - Sync 1 DAGs
[2025-01-26T10:25:27.742-0300] {logging_mixin.py:190} INFO - [2025-01-26T10:25:27.742-0300] {dag.py:4180} INFO - Setting next_dagrun for example_task_group to None, run_after=None
[2025-01-26T10:25:27.815-0300] {processor.py:208} INFO - Processing /mnt/c/Users/ander/Desktop/airflow-spark/airflow-spark/curso2/ambientX/lib/python3.9/site-packages/airflow/example_dags/example_task_group.py took 0.269 seconds
[2025-01-26T10:38:39.035-0300] {processor.py:186} INFO - Started process (PID=8075) to work on /mnt/c/Users/ander/Desktop/airflow-spark/airflow-spark/curso2/ambientX/lib/python3.9/site-packages/airflow/example_dags/example_task_group.py
[2025-01-26T10:38:39.038-0300] {processor.py:914} INFO - Processing file /mnt/c/Users/ander/Desktop/airflow-spark/airflow-spark/curso2/ambientX/lib/python3.9/site-packages/airflow/example_dags/example_task_group.py for tasks to queue
[2025-01-26T10:38:39.041-0300] {logging_mixin.py:190} INFO - [2025-01-26T10:38:39.040-0300] {dagbag.py:588} INFO - Filling up the DagBag from /mnt/c/Users/ander/Desktop/airflow-spark/airflow-spark/curso2/ambientX/lib/python3.9/site-packages/airflow/example_dags/example_task_group.py
[2025-01-26T10:38:39.075-0300] {processor.py:925} INFO - DAG(s) 'example_task_group' retrieved from /mnt/c/Users/ander/Desktop/airflow-spark/airflow-spark/curso2/ambientX/lib/python3.9/site-packages/airflow/example_dags/example_task_group.py
[2025-01-26T10:38:39.143-0300] {logging_mixin.py:190} INFO - [2025-01-26T10:38:39.142-0300] {dag.py:3239} INFO - Sync 1 DAGs
[2025-01-26T10:38:39.167-0300] {logging_mixin.py:190} INFO - [2025-01-26T10:38:39.166-0300] {dag.py:4180} INFO - Setting next_dagrun for example_task_group to None, run_after=None
[2025-01-26T10:38:39.252-0300] {processor.py:208} INFO - Processing /mnt/c/Users/ander/Desktop/airflow-spark/airflow-spark/curso2/ambientX/lib/python3.9/site-packages/airflow/example_dags/example_task_group.py took 0.239 seconds
[2025-01-26T10:40:10.300-0300] {processor.py:186} INFO - Started process (PID=8391) to work on /mnt/c/Users/ander/Desktop/airflow-spark/airflow-spark/curso2/ambientX/lib/python3.9/site-packages/airflow/example_dags/example_task_group.py
[2025-01-26T10:40:10.302-0300] {processor.py:914} INFO - Processing file /mnt/c/Users/ander/Desktop/airflow-spark/airflow-spark/curso2/ambientX/lib/python3.9/site-packages/airflow/example_dags/example_task_group.py for tasks to queue
[2025-01-26T10:40:10.304-0300] {logging_mixin.py:190} INFO - [2025-01-26T10:40:10.304-0300] {dagbag.py:588} INFO - Filling up the DagBag from /mnt/c/Users/ander/Desktop/airflow-spark/airflow-spark/curso2/ambientX/lib/python3.9/site-packages/airflow/example_dags/example_task_group.py
[2025-01-26T10:40:10.337-0300] {processor.py:925} INFO - DAG(s) 'example_task_group' retrieved from /mnt/c/Users/ander/Desktop/airflow-spark/airflow-spark/curso2/ambientX/lib/python3.9/site-packages/airflow/example_dags/example_task_group.py
[2025-01-26T10:40:10.394-0300] {logging_mixin.py:190} INFO - [2025-01-26T10:40:10.394-0300] {dag.py:3239} INFO - Sync 1 DAGs
[2025-01-26T10:40:10.421-0300] {logging_mixin.py:190} INFO - [2025-01-26T10:40:10.421-0300] {dag.py:4180} INFO - Setting next_dagrun for example_task_group to None, run_after=None
[2025-01-26T10:40:10.520-0300] {processor.py:208} INFO - Processing /mnt/c/Users/ander/Desktop/airflow-spark/airflow-spark/curso2/ambientX/lib/python3.9/site-packages/airflow/example_dags/example_task_group.py took 0.241 seconds
[2025-01-26T10:41:06.381-0300] {processor.py:186} INFO - Started process (PID=8798) to work on /mnt/c/Users/ander/Desktop/airflow-spark/airflow-spark/curso2/ambientX/lib/python3.9/site-packages/airflow/example_dags/example_task_group.py
[2025-01-26T10:41:06.383-0300] {processor.py:914} INFO - Processing file /mnt/c/Users/ander/Desktop/airflow-spark/airflow-spark/curso2/ambientX/lib/python3.9/site-packages/airflow/example_dags/example_task_group.py for tasks to queue
[2025-01-26T10:41:06.386-0300] {logging_mixin.py:190} INFO - [2025-01-26T10:41:06.385-0300] {dagbag.py:588} INFO - Filling up the DagBag from /mnt/c/Users/ander/Desktop/airflow-spark/airflow-spark/curso2/ambientX/lib/python3.9/site-packages/airflow/example_dags/example_task_group.py
[2025-01-26T10:41:06.418-0300] {processor.py:925} INFO - DAG(s) 'example_task_group' retrieved from /mnt/c/Users/ander/Desktop/airflow-spark/airflow-spark/curso2/ambientX/lib/python3.9/site-packages/airflow/example_dags/example_task_group.py
[2025-01-26T10:41:06.465-0300] {logging_mixin.py:190} INFO - [2025-01-26T10:41:06.464-0300] {dag.py:3239} INFO - Sync 1 DAGs
[2025-01-26T10:41:06.489-0300] {logging_mixin.py:190} INFO - [2025-01-26T10:41:06.488-0300] {dag.py:4180} INFO - Setting next_dagrun for example_task_group to None, run_after=None
[2025-01-26T10:41:06.562-0300] {processor.py:208} INFO - Processing /mnt/c/Users/ander/Desktop/airflow-spark/airflow-spark/curso2/ambientX/lib/python3.9/site-packages/airflow/example_dags/example_task_group.py took 0.201 seconds
[2025-01-26T10:42:57.349-0300] {processor.py:186} INFO - Started process (PID=9230) to work on /mnt/c/Users/ander/Desktop/airflow-spark/airflow-spark/curso2/ambientX/lib/python3.9/site-packages/airflow/example_dags/example_task_group.py
[2025-01-26T10:42:57.350-0300] {processor.py:914} INFO - Processing file /mnt/c/Users/ander/Desktop/airflow-spark/airflow-spark/curso2/ambientX/lib/python3.9/site-packages/airflow/example_dags/example_task_group.py for tasks to queue
[2025-01-26T10:42:57.352-0300] {logging_mixin.py:190} INFO - [2025-01-26T10:42:57.352-0300] {dagbag.py:588} INFO - Filling up the DagBag from /mnt/c/Users/ander/Desktop/airflow-spark/airflow-spark/curso2/ambientX/lib/python3.9/site-packages/airflow/example_dags/example_task_group.py
[2025-01-26T10:42:57.389-0300] {processor.py:925} INFO - DAG(s) 'example_task_group' retrieved from /mnt/c/Users/ander/Desktop/airflow-spark/airflow-spark/curso2/ambientX/lib/python3.9/site-packages/airflow/example_dags/example_task_group.py
[2025-01-26T10:42:57.443-0300] {logging_mixin.py:190} INFO - [2025-01-26T10:42:57.443-0300] {dag.py:3239} INFO - Sync 1 DAGs
[2025-01-26T10:42:57.468-0300] {logging_mixin.py:190} INFO - [2025-01-26T10:42:57.468-0300] {dag.py:4180} INFO - Setting next_dagrun for example_task_group to None, run_after=None
[2025-01-26T10:42:57.546-0300] {processor.py:208} INFO - Processing /mnt/c/Users/ander/Desktop/airflow-spark/airflow-spark/curso2/ambientX/lib/python3.9/site-packages/airflow/example_dags/example_task_group.py took 0.225 seconds
[2025-01-26T10:44:52.930-0300] {processor.py:186} INFO - Started process (PID=9681) to work on /mnt/c/Users/ander/Desktop/airflow-spark/airflow-spark/curso2/ambientX/lib/python3.9/site-packages/airflow/example_dags/example_task_group.py
[2025-01-26T10:44:52.932-0300] {processor.py:914} INFO - Processing file /mnt/c/Users/ander/Desktop/airflow-spark/airflow-spark/curso2/ambientX/lib/python3.9/site-packages/airflow/example_dags/example_task_group.py for tasks to queue
[2025-01-26T10:44:52.934-0300] {logging_mixin.py:190} INFO - [2025-01-26T10:44:52.933-0300] {dagbag.py:588} INFO - Filling up the DagBag from /mnt/c/Users/ander/Desktop/airflow-spark/airflow-spark/curso2/ambientX/lib/python3.9/site-packages/airflow/example_dags/example_task_group.py
[2025-01-26T10:44:52.961-0300] {processor.py:925} INFO - DAG(s) 'example_task_group' retrieved from /mnt/c/Users/ander/Desktop/airflow-spark/airflow-spark/curso2/ambientX/lib/python3.9/site-packages/airflow/example_dags/example_task_group.py
[2025-01-26T10:44:53.003-0300] {logging_mixin.py:190} INFO - [2025-01-26T10:44:53.003-0300] {dag.py:3239} INFO - Sync 1 DAGs
[2025-01-26T10:44:53.023-0300] {logging_mixin.py:190} INFO - [2025-01-26T10:44:53.023-0300] {dag.py:4180} INFO - Setting next_dagrun for example_task_group to None, run_after=None
[2025-01-26T10:44:53.085-0300] {processor.py:208} INFO - Processing /mnt/c/Users/ander/Desktop/airflow-spark/airflow-spark/curso2/ambientX/lib/python3.9/site-packages/airflow/example_dags/example_task_group.py took 0.172 seconds
[2025-01-26T10:45:49.146-0300] {processor.py:186} INFO - Started process (PID=9913) to work on /mnt/c/Users/ander/Desktop/airflow-spark/airflow-spark/curso2/ambientX/lib/python3.9/site-packages/airflow/example_dags/example_task_group.py
[2025-01-26T10:45:49.148-0300] {processor.py:914} INFO - Processing file /mnt/c/Users/ander/Desktop/airflow-spark/airflow-spark/curso2/ambientX/lib/python3.9/site-packages/airflow/example_dags/example_task_group.py for tasks to queue
[2025-01-26T10:45:49.151-0300] {logging_mixin.py:190} INFO - [2025-01-26T10:45:49.150-0300] {dagbag.py:588} INFO - Filling up the DagBag from /mnt/c/Users/ander/Desktop/airflow-spark/airflow-spark/curso2/ambientX/lib/python3.9/site-packages/airflow/example_dags/example_task_group.py
[2025-01-26T10:45:49.175-0300] {processor.py:925} INFO - DAG(s) 'example_task_group' retrieved from /mnt/c/Users/ander/Desktop/airflow-spark/airflow-spark/curso2/ambientX/lib/python3.9/site-packages/airflow/example_dags/example_task_group.py
[2025-01-26T10:45:49.212-0300] {logging_mixin.py:190} INFO - [2025-01-26T10:45:49.212-0300] {dag.py:3239} INFO - Sync 1 DAGs
[2025-01-26T10:45:49.230-0300] {logging_mixin.py:190} INFO - [2025-01-26T10:45:49.230-0300] {dag.py:4180} INFO - Setting next_dagrun for example_task_group to None, run_after=None
[2025-01-26T10:45:49.289-0300] {processor.py:208} INFO - Processing /mnt/c/Users/ander/Desktop/airflow-spark/airflow-spark/curso2/ambientX/lib/python3.9/site-packages/airflow/example_dags/example_task_group.py took 0.162 seconds
[2025-01-26T10:47:29.542-0300] {processor.py:186} INFO - Started process (PID=10352) to work on /mnt/c/Users/ander/Desktop/airflow-spark/airflow-spark/curso2/ambientX/lib/python3.9/site-packages/airflow/example_dags/example_task_group.py
[2025-01-26T10:47:29.545-0300] {processor.py:914} INFO - Processing file /mnt/c/Users/ander/Desktop/airflow-spark/airflow-spark/curso2/ambientX/lib/python3.9/site-packages/airflow/example_dags/example_task_group.py for tasks to queue
[2025-01-26T10:47:29.548-0300] {logging_mixin.py:190} INFO - [2025-01-26T10:47:29.548-0300] {dagbag.py:588} INFO - Filling up the DagBag from /mnt/c/Users/ander/Desktop/airflow-spark/airflow-spark/curso2/ambientX/lib/python3.9/site-packages/airflow/example_dags/example_task_group.py
[2025-01-26T10:47:29.582-0300] {processor.py:925} INFO - DAG(s) 'example_task_group' retrieved from /mnt/c/Users/ander/Desktop/airflow-spark/airflow-spark/curso2/ambientX/lib/python3.9/site-packages/airflow/example_dags/example_task_group.py
[2025-01-26T10:47:29.635-0300] {logging_mixin.py:190} INFO - [2025-01-26T10:47:29.635-0300] {dag.py:3239} INFO - Sync 1 DAGs
[2025-01-26T10:47:29.661-0300] {logging_mixin.py:190} INFO - [2025-01-26T10:47:29.661-0300] {dag.py:4180} INFO - Setting next_dagrun for example_task_group to None, run_after=None
[2025-01-26T10:47:29.740-0300] {processor.py:208} INFO - Processing /mnt/c/Users/ander/Desktop/airflow-spark/airflow-spark/curso2/ambientX/lib/python3.9/site-packages/airflow/example_dags/example_task_group.py took 0.214 seconds
[2025-01-26T10:49:26.063-0300] {processor.py:186} INFO - Started process (PID=10865) to work on /mnt/c/Users/ander/Desktop/airflow-spark/airflow-spark/curso2/ambientX/lib/python3.9/site-packages/airflow/example_dags/example_task_group.py
[2025-01-26T10:49:26.065-0300] {processor.py:914} INFO - Processing file /mnt/c/Users/ander/Desktop/airflow-spark/airflow-spark/curso2/ambientX/lib/python3.9/site-packages/airflow/example_dags/example_task_group.py for tasks to queue
[2025-01-26T10:49:26.067-0300] {logging_mixin.py:190} INFO - [2025-01-26T10:49:26.066-0300] {dagbag.py:588} INFO - Filling up the DagBag from /mnt/c/Users/ander/Desktop/airflow-spark/airflow-spark/curso2/ambientX/lib/python3.9/site-packages/airflow/example_dags/example_task_group.py
[2025-01-26T10:49:26.097-0300] {processor.py:925} INFO - DAG(s) 'example_task_group' retrieved from /mnt/c/Users/ander/Desktop/airflow-spark/airflow-spark/curso2/ambientX/lib/python3.9/site-packages/airflow/example_dags/example_task_group.py
[2025-01-26T10:49:26.145-0300] {logging_mixin.py:190} INFO - [2025-01-26T10:49:26.144-0300] {dag.py:3239} INFO - Sync 1 DAGs
[2025-01-26T10:49:26.166-0300] {logging_mixin.py:190} INFO - [2025-01-26T10:49:26.166-0300] {dag.py:4180} INFO - Setting next_dagrun for example_task_group to None, run_after=None
[2025-01-26T10:49:26.241-0300] {processor.py:208} INFO - Processing /mnt/c/Users/ander/Desktop/airflow-spark/airflow-spark/curso2/ambientX/lib/python3.9/site-packages/airflow/example_dags/example_task_group.py took 0.197 seconds
[2025-01-26T10:51:11.887-0300] {processor.py:186} INFO - Started process (PID=11311) to work on /mnt/c/Users/ander/Desktop/airflow-spark/airflow-spark/curso2/ambientX/lib/python3.9/site-packages/airflow/example_dags/example_task_group.py
[2025-01-26T10:51:11.889-0300] {processor.py:914} INFO - Processing file /mnt/c/Users/ander/Desktop/airflow-spark/airflow-spark/curso2/ambientX/lib/python3.9/site-packages/airflow/example_dags/example_task_group.py for tasks to queue
[2025-01-26T10:51:11.891-0300] {logging_mixin.py:190} INFO - [2025-01-26T10:51:11.891-0300] {dagbag.py:588} INFO - Filling up the DagBag from /mnt/c/Users/ander/Desktop/airflow-spark/airflow-spark/curso2/ambientX/lib/python3.9/site-packages/airflow/example_dags/example_task_group.py
[2025-01-26T10:51:11.926-0300] {processor.py:925} INFO - DAG(s) 'example_task_group' retrieved from /mnt/c/Users/ander/Desktop/airflow-spark/airflow-spark/curso2/ambientX/lib/python3.9/site-packages/airflow/example_dags/example_task_group.py
[2025-01-26T10:51:11.979-0300] {logging_mixin.py:190} INFO - [2025-01-26T10:51:11.979-0300] {dag.py:3239} INFO - Sync 1 DAGs
[2025-01-26T10:51:12.004-0300] {logging_mixin.py:190} INFO - [2025-01-26T10:51:12.004-0300] {dag.py:4180} INFO - Setting next_dagrun for example_task_group to None, run_after=None
[2025-01-26T10:51:12.091-0300] {processor.py:208} INFO - Processing /mnt/c/Users/ander/Desktop/airflow-spark/airflow-spark/curso2/ambientX/lib/python3.9/site-packages/airflow/example_dags/example_task_group.py took 0.232 seconds
[2025-01-26T10:53:02.196-0300] {processor.py:186} INFO - Started process (PID=11821) to work on /mnt/c/Users/ander/Desktop/airflow-spark/airflow-spark/curso2/ambientX/lib/python3.9/site-packages/airflow/example_dags/example_task_group.py
[2025-01-26T10:53:02.197-0300] {processor.py:914} INFO - Processing file /mnt/c/Users/ander/Desktop/airflow-spark/airflow-spark/curso2/ambientX/lib/python3.9/site-packages/airflow/example_dags/example_task_group.py for tasks to queue
[2025-01-26T10:53:02.199-0300] {logging_mixin.py:190} INFO - [2025-01-26T10:53:02.199-0300] {dagbag.py:588} INFO - Filling up the DagBag from /mnt/c/Users/ander/Desktop/airflow-spark/airflow-spark/curso2/ambientX/lib/python3.9/site-packages/airflow/example_dags/example_task_group.py
[2025-01-26T10:53:02.238-0300] {processor.py:925} INFO - DAG(s) 'example_task_group' retrieved from /mnt/c/Users/ander/Desktop/airflow-spark/airflow-spark/curso2/ambientX/lib/python3.9/site-packages/airflow/example_dags/example_task_group.py
[2025-01-26T10:53:02.289-0300] {logging_mixin.py:190} INFO - [2025-01-26T10:53:02.289-0300] {dag.py:3239} INFO - Sync 1 DAGs
[2025-01-26T10:53:02.315-0300] {logging_mixin.py:190} INFO - [2025-01-26T10:53:02.314-0300] {dag.py:4180} INFO - Setting next_dagrun for example_task_group to None, run_after=None
[2025-01-26T10:53:02.400-0300] {processor.py:208} INFO - Processing /mnt/c/Users/ander/Desktop/airflow-spark/airflow-spark/curso2/ambientX/lib/python3.9/site-packages/airflow/example_dags/example_task_group.py took 0.224 seconds
[2025-01-26T10:53:56.709-0300] {processor.py:186} INFO - Started process (PID=12053) to work on /mnt/c/Users/ander/Desktop/airflow-spark/airflow-spark/curso2/ambientX/lib/python3.9/site-packages/airflow/example_dags/example_task_group.py
[2025-01-26T10:53:56.711-0300] {processor.py:914} INFO - Processing file /mnt/c/Users/ander/Desktop/airflow-spark/airflow-spark/curso2/ambientX/lib/python3.9/site-packages/airflow/example_dags/example_task_group.py for tasks to queue
[2025-01-26T10:53:56.713-0300] {logging_mixin.py:190} INFO - [2025-01-26T10:53:56.713-0300] {dagbag.py:588} INFO - Filling up the DagBag from /mnt/c/Users/ander/Desktop/airflow-spark/airflow-spark/curso2/ambientX/lib/python3.9/site-packages/airflow/example_dags/example_task_group.py
[2025-01-26T10:53:56.745-0300] {processor.py:925} INFO - DAG(s) 'example_task_group' retrieved from /mnt/c/Users/ander/Desktop/airflow-spark/airflow-spark/curso2/ambientX/lib/python3.9/site-packages/airflow/example_dags/example_task_group.py
[2025-01-26T10:53:56.790-0300] {logging_mixin.py:190} INFO - [2025-01-26T10:53:56.790-0300] {dag.py:3239} INFO - Sync 1 DAGs
[2025-01-26T10:53:56.814-0300] {logging_mixin.py:190} INFO - [2025-01-26T10:53:56.814-0300] {dag.py:4180} INFO - Setting next_dagrun for example_task_group to None, run_after=None
[2025-01-26T10:53:56.886-0300] {processor.py:208} INFO - Processing /mnt/c/Users/ander/Desktop/airflow-spark/airflow-spark/curso2/ambientX/lib/python3.9/site-packages/airflow/example_dags/example_task_group.py took 0.197 seconds
[2025-01-26T10:54:55.660-0300] {processor.py:186} INFO - Started process (PID=12290) to work on /mnt/c/Users/ander/Desktop/airflow-spark/airflow-spark/curso2/ambientX/lib/python3.9/site-packages/airflow/example_dags/example_task_group.py
[2025-01-26T10:54:55.662-0300] {processor.py:914} INFO - Processing file /mnt/c/Users/ander/Desktop/airflow-spark/airflow-spark/curso2/ambientX/lib/python3.9/site-packages/airflow/example_dags/example_task_group.py for tasks to queue
[2025-01-26T10:54:55.664-0300] {logging_mixin.py:190} INFO - [2025-01-26T10:54:55.663-0300] {dagbag.py:588} INFO - Filling up the DagBag from /mnt/c/Users/ander/Desktop/airflow-spark/airflow-spark/curso2/ambientX/lib/python3.9/site-packages/airflow/example_dags/example_task_group.py
[2025-01-26T10:54:55.695-0300] {processor.py:925} INFO - DAG(s) 'example_task_group' retrieved from /mnt/c/Users/ander/Desktop/airflow-spark/airflow-spark/curso2/ambientX/lib/python3.9/site-packages/airflow/example_dags/example_task_group.py
[2025-01-26T10:54:55.741-0300] {logging_mixin.py:190} INFO - [2025-01-26T10:54:55.741-0300] {dag.py:3239} INFO - Sync 1 DAGs
[2025-01-26T10:54:55.762-0300] {logging_mixin.py:190} INFO - [2025-01-26T10:54:55.761-0300] {dag.py:4180} INFO - Setting next_dagrun for example_task_group to None, run_after=None
[2025-01-26T10:54:55.833-0300] {processor.py:208} INFO - Processing /mnt/c/Users/ander/Desktop/airflow-spark/airflow-spark/curso2/ambientX/lib/python3.9/site-packages/airflow/example_dags/example_task_group.py took 0.193 seconds
[2025-01-26T10:56:41.735-0300] {processor.py:186} INFO - Started process (PID=12739) to work on /mnt/c/Users/ander/Desktop/airflow-spark/airflow-spark/curso2/ambientX/lib/python3.9/site-packages/airflow/example_dags/example_task_group.py
[2025-01-26T10:56:41.737-0300] {processor.py:914} INFO - Processing file /mnt/c/Users/ander/Desktop/airflow-spark/airflow-spark/curso2/ambientX/lib/python3.9/site-packages/airflow/example_dags/example_task_group.py for tasks to queue
[2025-01-26T10:56:41.740-0300] {logging_mixin.py:190} INFO - [2025-01-26T10:56:41.738-0300] {dagbag.py:588} INFO - Filling up the DagBag from /mnt/c/Users/ander/Desktop/airflow-spark/airflow-spark/curso2/ambientX/lib/python3.9/site-packages/airflow/example_dags/example_task_group.py
[2025-01-26T10:56:41.776-0300] {processor.py:925} INFO - DAG(s) 'example_task_group' retrieved from /mnt/c/Users/ander/Desktop/airflow-spark/airflow-spark/curso2/ambientX/lib/python3.9/site-packages/airflow/example_dags/example_task_group.py
[2025-01-26T10:56:41.822-0300] {logging_mixin.py:190} INFO - [2025-01-26T10:56:41.822-0300] {dag.py:3239} INFO - Sync 1 DAGs
[2025-01-26T10:56:41.849-0300] {logging_mixin.py:190} INFO - [2025-01-26T10:56:41.849-0300] {dag.py:4180} INFO - Setting next_dagrun for example_task_group to None, run_after=None
[2025-01-26T10:56:41.917-0300] {processor.py:208} INFO - Processing /mnt/c/Users/ander/Desktop/airflow-spark/airflow-spark/curso2/ambientX/lib/python3.9/site-packages/airflow/example_dags/example_task_group.py took 0.200 seconds
[2025-01-26T10:58:33.423-0300] {processor.py:186} INFO - Started process (PID=13230) to work on /mnt/c/Users/ander/Desktop/airflow-spark/airflow-spark/curso2/ambientX/lib/python3.9/site-packages/airflow/example_dags/example_task_group.py
[2025-01-26T10:58:33.425-0300] {processor.py:914} INFO - Processing file /mnt/c/Users/ander/Desktop/airflow-spark/airflow-spark/curso2/ambientX/lib/python3.9/site-packages/airflow/example_dags/example_task_group.py for tasks to queue
[2025-01-26T10:58:33.427-0300] {logging_mixin.py:190} INFO - [2025-01-26T10:58:33.427-0300] {dagbag.py:588} INFO - Filling up the DagBag from /mnt/c/Users/ander/Desktop/airflow-spark/airflow-spark/curso2/ambientX/lib/python3.9/site-packages/airflow/example_dags/example_task_group.py
[2025-01-26T10:58:33.478-0300] {processor.py:925} INFO - DAG(s) 'example_task_group' retrieved from /mnt/c/Users/ander/Desktop/airflow-spark/airflow-spark/curso2/ambientX/lib/python3.9/site-packages/airflow/example_dags/example_task_group.py
[2025-01-26T10:58:33.538-0300] {logging_mixin.py:190} INFO - [2025-01-26T10:58:33.537-0300] {dag.py:3239} INFO - Sync 1 DAGs
[2025-01-26T10:58:33.565-0300] {logging_mixin.py:190} INFO - [2025-01-26T10:58:33.565-0300] {dag.py:4180} INFO - Setting next_dagrun for example_task_group to None, run_after=None
[2025-01-26T10:58:33.642-0300] {processor.py:208} INFO - Processing /mnt/c/Users/ander/Desktop/airflow-spark/airflow-spark/curso2/ambientX/lib/python3.9/site-packages/airflow/example_dags/example_task_group.py took 0.239 seconds
[2025-01-26T10:59:32.880-0300] {processor.py:186} INFO - Started process (PID=13505) to work on /mnt/c/Users/ander/Desktop/airflow-spark/airflow-spark/curso2/ambientX/lib/python3.9/site-packages/airflow/example_dags/example_task_group.py
[2025-01-26T10:59:32.881-0300] {processor.py:914} INFO - Processing file /mnt/c/Users/ander/Desktop/airflow-spark/airflow-spark/curso2/ambientX/lib/python3.9/site-packages/airflow/example_dags/example_task_group.py for tasks to queue
[2025-01-26T10:59:32.883-0300] {logging_mixin.py:190} INFO - [2025-01-26T10:59:32.883-0300] {dagbag.py:588} INFO - Filling up the DagBag from /mnt/c/Users/ander/Desktop/airflow-spark/airflow-spark/curso2/ambientX/lib/python3.9/site-packages/airflow/example_dags/example_task_group.py
[2025-01-26T10:59:32.910-0300] {processor.py:925} INFO - DAG(s) 'example_task_group' retrieved from /mnt/c/Users/ander/Desktop/airflow-spark/airflow-spark/curso2/ambientX/lib/python3.9/site-packages/airflow/example_dags/example_task_group.py
[2025-01-26T10:59:32.952-0300] {logging_mixin.py:190} INFO - [2025-01-26T10:59:32.952-0300] {dag.py:3239} INFO - Sync 1 DAGs
[2025-01-26T10:59:32.973-0300] {logging_mixin.py:190} INFO - [2025-01-26T10:59:32.972-0300] {dag.py:4180} INFO - Setting next_dagrun for example_task_group to None, run_after=None
[2025-01-26T10:59:33.040-0300] {processor.py:208} INFO - Processing /mnt/c/Users/ander/Desktop/airflow-spark/airflow-spark/curso2/ambientX/lib/python3.9/site-packages/airflow/example_dags/example_task_group.py took 0.179 seconds
[2025-01-26T11:00:33.689-0300] {processor.py:186} INFO - Started process (PID=13821) to work on /mnt/c/Users/ander/Desktop/airflow-spark/airflow-spark/curso2/ambientX/lib/python3.9/site-packages/airflow/example_dags/example_task_group.py
[2025-01-26T11:00:33.691-0300] {processor.py:914} INFO - Processing file /mnt/c/Users/ander/Desktop/airflow-spark/airflow-spark/curso2/ambientX/lib/python3.9/site-packages/airflow/example_dags/example_task_group.py for tasks to queue
[2025-01-26T11:00:33.693-0300] {logging_mixin.py:190} INFO - [2025-01-26T11:00:33.692-0300] {dagbag.py:588} INFO - Filling up the DagBag from /mnt/c/Users/ander/Desktop/airflow-spark/airflow-spark/curso2/ambientX/lib/python3.9/site-packages/airflow/example_dags/example_task_group.py
[2025-01-26T11:00:33.732-0300] {processor.py:925} INFO - DAG(s) 'example_task_group' retrieved from /mnt/c/Users/ander/Desktop/airflow-spark/airflow-spark/curso2/ambientX/lib/python3.9/site-packages/airflow/example_dags/example_task_group.py
[2025-01-26T11:00:33.780-0300] {logging_mixin.py:190} INFO - [2025-01-26T11:00:33.779-0300] {dag.py:3239} INFO - Sync 1 DAGs
[2025-01-26T11:00:33.807-0300] {logging_mixin.py:190} INFO - [2025-01-26T11:00:33.807-0300] {dag.py:4180} INFO - Setting next_dagrun for example_task_group to None, run_after=None
[2025-01-26T11:00:33.893-0300] {processor.py:208} INFO - Processing /mnt/c/Users/ander/Desktop/airflow-spark/airflow-spark/curso2/ambientX/lib/python3.9/site-packages/airflow/example_dags/example_task_group.py took 0.228 seconds
[2025-01-26T11:01:33.436-0300] {processor.py:186} INFO - Started process (PID=14086) to work on /mnt/c/Users/ander/Desktop/airflow-spark/airflow-spark/curso2/ambientX/lib/python3.9/site-packages/airflow/example_dags/example_task_group.py
[2025-01-26T11:01:33.437-0300] {processor.py:914} INFO - Processing file /mnt/c/Users/ander/Desktop/airflow-spark/airflow-spark/curso2/ambientX/lib/python3.9/site-packages/airflow/example_dags/example_task_group.py for tasks to queue
[2025-01-26T11:01:33.439-0300] {logging_mixin.py:190} INFO - [2025-01-26T11:01:33.439-0300] {dagbag.py:588} INFO - Filling up the DagBag from /mnt/c/Users/ander/Desktop/airflow-spark/airflow-spark/curso2/ambientX/lib/python3.9/site-packages/airflow/example_dags/example_task_group.py
[2025-01-26T11:01:33.468-0300] {processor.py:925} INFO - DAG(s) 'example_task_group' retrieved from /mnt/c/Users/ander/Desktop/airflow-spark/airflow-spark/curso2/ambientX/lib/python3.9/site-packages/airflow/example_dags/example_task_group.py
[2025-01-26T11:01:33.513-0300] {logging_mixin.py:190} INFO - [2025-01-26T11:01:33.513-0300] {dag.py:3239} INFO - Sync 1 DAGs
[2025-01-26T11:01:33.534-0300] {logging_mixin.py:190} INFO - [2025-01-26T11:01:33.534-0300] {dag.py:4180} INFO - Setting next_dagrun for example_task_group to None, run_after=None
[2025-01-26T11:01:33.612-0300] {processor.py:208} INFO - Processing /mnt/c/Users/ander/Desktop/airflow-spark/airflow-spark/curso2/ambientX/lib/python3.9/site-packages/airflow/example_dags/example_task_group.py took 0.199 seconds
[2025-01-26T11:03:25.408-0300] {processor.py:186} INFO - Started process (PID=15060) to work on /mnt/c/Users/ander/Desktop/airflow-spark/airflow-spark/curso2/ambientX/lib/python3.9/site-packages/airflow/example_dags/example_task_group.py
[2025-01-26T11:03:25.410-0300] {processor.py:914} INFO - Processing file /mnt/c/Users/ander/Desktop/airflow-spark/airflow-spark/curso2/ambientX/lib/python3.9/site-packages/airflow/example_dags/example_task_group.py for tasks to queue
[2025-01-26T11:03:25.411-0300] {logging_mixin.py:190} INFO - [2025-01-26T11:03:25.411-0300] {dagbag.py:588} INFO - Filling up the DagBag from /mnt/c/Users/ander/Desktop/airflow-spark/airflow-spark/curso2/ambientX/lib/python3.9/site-packages/airflow/example_dags/example_task_group.py
[2025-01-26T11:03:25.441-0300] {processor.py:925} INFO - DAG(s) 'example_task_group' retrieved from /mnt/c/Users/ander/Desktop/airflow-spark/airflow-spark/curso2/ambientX/lib/python3.9/site-packages/airflow/example_dags/example_task_group.py
[2025-01-26T11:03:25.482-0300] {logging_mixin.py:190} INFO - [2025-01-26T11:03:25.482-0300] {dag.py:3239} INFO - Sync 1 DAGs
[2025-01-26T11:03:25.502-0300] {logging_mixin.py:190} INFO - [2025-01-26T11:03:25.502-0300] {dag.py:4180} INFO - Setting next_dagrun for example_task_group to None, run_after=None
[2025-01-26T11:03:25.570-0300] {processor.py:208} INFO - Processing /mnt/c/Users/ander/Desktop/airflow-spark/airflow-spark/curso2/ambientX/lib/python3.9/site-packages/airflow/example_dags/example_task_group.py took 0.180 seconds
[2025-01-26T11:05:09.809-0300] {processor.py:186} INFO - Started process (PID=15502) to work on /mnt/c/Users/ander/Desktop/airflow-spark/airflow-spark/curso2/ambientX/lib/python3.9/site-packages/airflow/example_dags/example_task_group.py
[2025-01-26T11:05:09.810-0300] {processor.py:914} INFO - Processing file /mnt/c/Users/ander/Desktop/airflow-spark/airflow-spark/curso2/ambientX/lib/python3.9/site-packages/airflow/example_dags/example_task_group.py for tasks to queue
[2025-01-26T11:05:09.812-0300] {logging_mixin.py:190} INFO - [2025-01-26T11:05:09.812-0300] {dagbag.py:588} INFO - Filling up the DagBag from /mnt/c/Users/ander/Desktop/airflow-spark/airflow-spark/curso2/ambientX/lib/python3.9/site-packages/airflow/example_dags/example_task_group.py
[2025-01-26T11:05:09.838-0300] {processor.py:925} INFO - DAG(s) 'example_task_group' retrieved from /mnt/c/Users/ander/Desktop/airflow-spark/airflow-spark/curso2/ambientX/lib/python3.9/site-packages/airflow/example_dags/example_task_group.py
[2025-01-26T11:05:09.880-0300] {logging_mixin.py:190} INFO - [2025-01-26T11:05:09.879-0300] {dag.py:3239} INFO - Sync 1 DAGs
[2025-01-26T11:05:09.900-0300] {logging_mixin.py:190} INFO - [2025-01-26T11:05:09.900-0300] {dag.py:4180} INFO - Setting next_dagrun for example_task_group to None, run_after=None
[2025-01-26T11:05:09.960-0300] {processor.py:208} INFO - Processing /mnt/c/Users/ander/Desktop/airflow-spark/airflow-spark/curso2/ambientX/lib/python3.9/site-packages/airflow/example_dags/example_task_group.py took 0.169 seconds
[2025-01-26T11:06:48.686-0300] {processor.py:186} INFO - Started process (PID=15902) to work on /mnt/c/Users/ander/Desktop/airflow-spark/airflow-spark/curso2/ambientX/lib/python3.9/site-packages/airflow/example_dags/example_task_group.py
[2025-01-26T11:06:48.687-0300] {processor.py:914} INFO - Processing file /mnt/c/Users/ander/Desktop/airflow-spark/airflow-spark/curso2/ambientX/lib/python3.9/site-packages/airflow/example_dags/example_task_group.py for tasks to queue
[2025-01-26T11:06:48.689-0300] {logging_mixin.py:190} INFO - [2025-01-26T11:06:48.688-0300] {dagbag.py:588} INFO - Filling up the DagBag from /mnt/c/Users/ander/Desktop/airflow-spark/airflow-spark/curso2/ambientX/lib/python3.9/site-packages/airflow/example_dags/example_task_group.py
[2025-01-26T11:06:48.719-0300] {processor.py:925} INFO - DAG(s) 'example_task_group' retrieved from /mnt/c/Users/ander/Desktop/airflow-spark/airflow-spark/curso2/ambientX/lib/python3.9/site-packages/airflow/example_dags/example_task_group.py
[2025-01-26T11:06:48.760-0300] {logging_mixin.py:190} INFO - [2025-01-26T11:06:48.760-0300] {dag.py:3239} INFO - Sync 1 DAGs
[2025-01-26T11:06:48.781-0300] {logging_mixin.py:190} INFO - [2025-01-26T11:06:48.780-0300] {dag.py:4180} INFO - Setting next_dagrun for example_task_group to None, run_after=None
[2025-01-26T11:06:48.841-0300] {processor.py:208} INFO - Processing /mnt/c/Users/ander/Desktop/airflow-spark/airflow-spark/curso2/ambientX/lib/python3.9/site-packages/airflow/example_dags/example_task_group.py took 0.170 seconds
[2025-01-26T11:08:33.834-0300] {processor.py:186} INFO - Started process (PID=16386) to work on /mnt/c/Users/ander/Desktop/airflow-spark/airflow-spark/curso2/ambientX/lib/python3.9/site-packages/airflow/example_dags/example_task_group.py
[2025-01-26T11:08:33.835-0300] {processor.py:914} INFO - Processing file /mnt/c/Users/ander/Desktop/airflow-spark/airflow-spark/curso2/ambientX/lib/python3.9/site-packages/airflow/example_dags/example_task_group.py for tasks to queue
[2025-01-26T11:08:33.838-0300] {logging_mixin.py:190} INFO - [2025-01-26T11:08:33.838-0300] {dagbag.py:588} INFO - Filling up the DagBag from /mnt/c/Users/ander/Desktop/airflow-spark/airflow-spark/curso2/ambientX/lib/python3.9/site-packages/airflow/example_dags/example_task_group.py
[2025-01-26T11:08:33.873-0300] {processor.py:925} INFO - DAG(s) 'example_task_group' retrieved from /mnt/c/Users/ander/Desktop/airflow-spark/airflow-spark/curso2/ambientX/lib/python3.9/site-packages/airflow/example_dags/example_task_group.py
[2025-01-26T11:08:33.919-0300] {logging_mixin.py:190} INFO - [2025-01-26T11:08:33.919-0300] {dag.py:3239} INFO - Sync 1 DAGs
[2025-01-26T11:08:33.946-0300] {logging_mixin.py:190} INFO - [2025-01-26T11:08:33.946-0300] {dag.py:4180} INFO - Setting next_dagrun for example_task_group to None, run_after=None
[2025-01-26T11:08:34.022-0300] {processor.py:208} INFO - Processing /mnt/c/Users/ander/Desktop/airflow-spark/airflow-spark/curso2/ambientX/lib/python3.9/site-packages/airflow/example_dags/example_task_group.py took 0.208 seconds
[2025-01-26T11:10:12.916-0300] {processor.py:186} INFO - Started process (PID=16827) to work on /mnt/c/Users/ander/Desktop/airflow-spark/airflow-spark/curso2/ambientX/lib/python3.9/site-packages/airflow/example_dags/example_task_group.py
[2025-01-26T11:10:12.918-0300] {processor.py:914} INFO - Processing file /mnt/c/Users/ander/Desktop/airflow-spark/airflow-spark/curso2/ambientX/lib/python3.9/site-packages/airflow/example_dags/example_task_group.py for tasks to queue
[2025-01-26T11:10:12.920-0300] {logging_mixin.py:190} INFO - [2025-01-26T11:10:12.920-0300] {dagbag.py:588} INFO - Filling up the DagBag from /mnt/c/Users/ander/Desktop/airflow-spark/airflow-spark/curso2/ambientX/lib/python3.9/site-packages/airflow/example_dags/example_task_group.py
[2025-01-26T11:10:12.948-0300] {processor.py:925} INFO - DAG(s) 'example_task_group' retrieved from /mnt/c/Users/ander/Desktop/airflow-spark/airflow-spark/curso2/ambientX/lib/python3.9/site-packages/airflow/example_dags/example_task_group.py
[2025-01-26T11:10:12.994-0300] {logging_mixin.py:190} INFO - [2025-01-26T11:10:12.993-0300] {dag.py:3239} INFO - Sync 1 DAGs
[2025-01-26T11:10:13.070-0300] {logging_mixin.py:190} INFO - [2025-01-26T11:10:13.070-0300] {dag.py:4180} INFO - Setting next_dagrun for example_task_group to None, run_after=None
[2025-01-26T11:10:13.141-0300] {processor.py:208} INFO - Processing /mnt/c/Users/ander/Desktop/airflow-spark/airflow-spark/curso2/ambientX/lib/python3.9/site-packages/airflow/example_dags/example_task_group.py took 0.241 seconds
[2025-01-26T11:11:15.354-0300] {processor.py:186} INFO - Started process (PID=17076) to work on /mnt/c/Users/ander/Desktop/airflow-spark/airflow-spark/curso2/ambientX/lib/python3.9/site-packages/airflow/example_dags/example_task_group.py
[2025-01-26T11:11:15.907-0300] {processor.py:914} INFO - Processing file /mnt/c/Users/ander/Desktop/airflow-spark/airflow-spark/curso2/ambientX/lib/python3.9/site-packages/airflow/example_dags/example_task_group.py for tasks to queue
[2025-01-26T11:11:15.911-0300] {logging_mixin.py:190} INFO - [2025-01-26T11:11:15.910-0300] {dagbag.py:588} INFO - Filling up the DagBag from /mnt/c/Users/ander/Desktop/airflow-spark/airflow-spark/curso2/ambientX/lib/python3.9/site-packages/airflow/example_dags/example_task_group.py
[2025-01-26T11:11:15.952-0300] {processor.py:925} INFO - DAG(s) 'example_task_group' retrieved from /mnt/c/Users/ander/Desktop/airflow-spark/airflow-spark/curso2/ambientX/lib/python3.9/site-packages/airflow/example_dags/example_task_group.py
[2025-01-26T11:11:16.009-0300] {logging_mixin.py:190} INFO - [2025-01-26T11:11:16.008-0300] {dag.py:3239} INFO - Sync 1 DAGs
[2025-01-26T11:11:16.029-0300] {logging_mixin.py:190} INFO - [2025-01-26T11:11:16.029-0300] {dag.py:4180} INFO - Setting next_dagrun for example_task_group to None, run_after=None
[2025-01-26T11:11:16.127-0300] {processor.py:208} INFO - Processing /mnt/c/Users/ander/Desktop/airflow-spark/airflow-spark/curso2/ambientX/lib/python3.9/site-packages/airflow/example_dags/example_task_group.py took 0.789 seconds
[2025-01-26T11:12:48.502-0300] {processor.py:186} INFO - Started process (PID=17397) to work on /mnt/c/Users/ander/Desktop/airflow-spark/airflow-spark/curso2/ambientX/lib/python3.9/site-packages/airflow/example_dags/example_task_group.py
[2025-01-26T11:12:48.503-0300] {processor.py:914} INFO - Processing file /mnt/c/Users/ander/Desktop/airflow-spark/airflow-spark/curso2/ambientX/lib/python3.9/site-packages/airflow/example_dags/example_task_group.py for tasks to queue
[2025-01-26T11:12:48.505-0300] {logging_mixin.py:190} INFO - [2025-01-26T11:12:48.504-0300] {dagbag.py:588} INFO - Filling up the DagBag from /mnt/c/Users/ander/Desktop/airflow-spark/airflow-spark/curso2/ambientX/lib/python3.9/site-packages/airflow/example_dags/example_task_group.py
[2025-01-26T11:12:48.534-0300] {processor.py:925} INFO - DAG(s) 'example_task_group' retrieved from /mnt/c/Users/ander/Desktop/airflow-spark/airflow-spark/curso2/ambientX/lib/python3.9/site-packages/airflow/example_dags/example_task_group.py
[2025-01-26T11:12:48.581-0300] {logging_mixin.py:190} INFO - [2025-01-26T11:12:48.581-0300] {dag.py:3239} INFO - Sync 1 DAGs
[2025-01-26T11:12:48.602-0300] {logging_mixin.py:190} INFO - [2025-01-26T11:12:48.601-0300] {dag.py:4180} INFO - Setting next_dagrun for example_task_group to None, run_after=None
[2025-01-26T11:12:48.715-0300] {processor.py:208} INFO - Processing /mnt/c/Users/ander/Desktop/airflow-spark/airflow-spark/curso2/ambientX/lib/python3.9/site-packages/airflow/example_dags/example_task_group.py took 0.233 seconds
[2025-01-26T11:14:42.707-0300] {processor.py:186} INFO - Started process (PID=18026) to work on /mnt/c/Users/ander/Desktop/airflow-spark/airflow-spark/curso2/ambientX/lib/python3.9/site-packages/airflow/example_dags/example_task_group.py
[2025-01-26T11:14:42.708-0300] {processor.py:914} INFO - Processing file /mnt/c/Users/ander/Desktop/airflow-spark/airflow-spark/curso2/ambientX/lib/python3.9/site-packages/airflow/example_dags/example_task_group.py for tasks to queue
[2025-01-26T11:14:42.710-0300] {logging_mixin.py:190} INFO - [2025-01-26T11:14:42.710-0300] {dagbag.py:588} INFO - Filling up the DagBag from /mnt/c/Users/ander/Desktop/airflow-spark/airflow-spark/curso2/ambientX/lib/python3.9/site-packages/airflow/example_dags/example_task_group.py
[2025-01-26T11:14:42.735-0300] {processor.py:925} INFO - DAG(s) 'example_task_group' retrieved from /mnt/c/Users/ander/Desktop/airflow-spark/airflow-spark/curso2/ambientX/lib/python3.9/site-packages/airflow/example_dags/example_task_group.py
[2025-01-26T11:14:42.779-0300] {logging_mixin.py:190} INFO - [2025-01-26T11:14:42.779-0300] {dag.py:3239} INFO - Sync 1 DAGs
[2025-01-26T11:14:42.800-0300] {logging_mixin.py:190} INFO - [2025-01-26T11:14:42.799-0300] {dag.py:4180} INFO - Setting next_dagrun for example_task_group to None, run_after=None
[2025-01-26T11:14:43.390-0300] {processor.py:208} INFO - Processing /mnt/c/Users/ander/Desktop/airflow-spark/airflow-spark/curso2/ambientX/lib/python3.9/site-packages/airflow/example_dags/example_task_group.py took 0.699 seconds
[2025-01-26T11:16:36.179-0300] {processor.py:186} INFO - Started process (PID=18542) to work on /mnt/c/Users/ander/Desktop/airflow-spark/airflow-spark/curso2/ambientX/lib/python3.9/site-packages/airflow/example_dags/example_task_group.py
[2025-01-26T11:16:36.181-0300] {processor.py:914} INFO - Processing file /mnt/c/Users/ander/Desktop/airflow-spark/airflow-spark/curso2/ambientX/lib/python3.9/site-packages/airflow/example_dags/example_task_group.py for tasks to queue
[2025-01-26T11:16:36.183-0300] {logging_mixin.py:190} INFO - [2025-01-26T11:16:36.182-0300] {dagbag.py:588} INFO - Filling up the DagBag from /mnt/c/Users/ander/Desktop/airflow-spark/airflow-spark/curso2/ambientX/lib/python3.9/site-packages/airflow/example_dags/example_task_group.py
[2025-01-26T11:16:36.211-0300] {processor.py:925} INFO - DAG(s) 'example_task_group' retrieved from /mnt/c/Users/ander/Desktop/airflow-spark/airflow-spark/curso2/ambientX/lib/python3.9/site-packages/airflow/example_dags/example_task_group.py
[2025-01-26T11:16:36.251-0300] {logging_mixin.py:190} INFO - [2025-01-26T11:16:36.251-0300] {dag.py:3239} INFO - Sync 1 DAGs
[2025-01-26T11:16:36.271-0300] {logging_mixin.py:190} INFO - [2025-01-26T11:16:36.271-0300] {dag.py:4180} INFO - Setting next_dagrun for example_task_group to None, run_after=None
[2025-01-26T11:16:37.175-0300] {processor.py:208} INFO - Processing /mnt/c/Users/ander/Desktop/airflow-spark/airflow-spark/curso2/ambientX/lib/python3.9/site-packages/airflow/example_dags/example_task_group.py took 1.014 seconds
[2025-01-26T11:18:12.562-0300] {processor.py:186} INFO - Started process (PID=19015) to work on /mnt/c/Users/ander/Desktop/airflow-spark/airflow-spark/curso2/ambientX/lib/python3.9/site-packages/airflow/example_dags/example_task_group.py
[2025-01-26T11:18:12.873-0300] {processor.py:914} INFO - Processing file /mnt/c/Users/ander/Desktop/airflow-spark/airflow-spark/curso2/ambientX/lib/python3.9/site-packages/airflow/example_dags/example_task_group.py for tasks to queue
[2025-01-26T11:18:12.876-0300] {logging_mixin.py:190} INFO - [2025-01-26T11:18:12.875-0300] {dagbag.py:588} INFO - Filling up the DagBag from /mnt/c/Users/ander/Desktop/airflow-spark/airflow-spark/curso2/ambientX/lib/python3.9/site-packages/airflow/example_dags/example_task_group.py
[2025-01-26T11:18:12.906-0300] {processor.py:925} INFO - DAG(s) 'example_task_group' retrieved from /mnt/c/Users/ander/Desktop/airflow-spark/airflow-spark/curso2/ambientX/lib/python3.9/site-packages/airflow/example_dags/example_task_group.py
[2025-01-26T11:18:12.948-0300] {logging_mixin.py:190} INFO - [2025-01-26T11:18:12.948-0300] {dag.py:3239} INFO - Sync 1 DAGs
[2025-01-26T11:18:12.969-0300] {logging_mixin.py:190} INFO - [2025-01-26T11:18:12.969-0300] {dag.py:4180} INFO - Setting next_dagrun for example_task_group to None, run_after=None
[2025-01-26T11:18:13.215-0300] {processor.py:208} INFO - Processing /mnt/c/Users/ander/Desktop/airflow-spark/airflow-spark/curso2/ambientX/lib/python3.9/site-packages/airflow/example_dags/example_task_group.py took 0.670 seconds
[2025-01-26T11:19:46.362-0300] {processor.py:186} INFO - Started process (PID=19410) to work on /mnt/c/Users/ander/Desktop/airflow-spark/airflow-spark/curso2/ambientX/lib/python3.9/site-packages/airflow/example_dags/example_task_group.py
[2025-01-26T11:19:46.364-0300] {processor.py:914} INFO - Processing file /mnt/c/Users/ander/Desktop/airflow-spark/airflow-spark/curso2/ambientX/lib/python3.9/site-packages/airflow/example_dags/example_task_group.py for tasks to queue
[2025-01-26T11:19:46.366-0300] {logging_mixin.py:190} INFO - [2025-01-26T11:19:46.365-0300] {dagbag.py:588} INFO - Filling up the DagBag from /mnt/c/Users/ander/Desktop/airflow-spark/airflow-spark/curso2/ambientX/lib/python3.9/site-packages/airflow/example_dags/example_task_group.py
[2025-01-26T11:19:46.389-0300] {processor.py:925} INFO - DAG(s) 'example_task_group' retrieved from /mnt/c/Users/ander/Desktop/airflow-spark/airflow-spark/curso2/ambientX/lib/python3.9/site-packages/airflow/example_dags/example_task_group.py
[2025-01-26T11:19:46.429-0300] {logging_mixin.py:190} INFO - [2025-01-26T11:19:46.429-0300] {dag.py:3239} INFO - Sync 1 DAGs
[2025-01-26T11:19:46.448-0300] {logging_mixin.py:190} INFO - [2025-01-26T11:19:46.448-0300] {dag.py:4180} INFO - Setting next_dagrun for example_task_group to None, run_after=None
[2025-01-26T11:19:48.576-0300] {processor.py:208} INFO - Processing /mnt/c/Users/ander/Desktop/airflow-spark/airflow-spark/curso2/ambientX/lib/python3.9/site-packages/airflow/example_dags/example_task_group.py took 2.232 seconds
[2025-01-26T11:21:48.135-0300] {processor.py:186} INFO - Started process (PID=19888) to work on /mnt/c/Users/ander/Desktop/airflow-spark/airflow-spark/curso2/ambientX/lib/python3.9/site-packages/airflow/example_dags/example_task_group.py
[2025-01-26T11:21:48.137-0300] {processor.py:914} INFO - Processing file /mnt/c/Users/ander/Desktop/airflow-spark/airflow-spark/curso2/ambientX/lib/python3.9/site-packages/airflow/example_dags/example_task_group.py for tasks to queue
[2025-01-26T11:21:48.139-0300] {logging_mixin.py:190} INFO - [2025-01-26T11:21:48.138-0300] {dagbag.py:588} INFO - Filling up the DagBag from /mnt/c/Users/ander/Desktop/airflow-spark/airflow-spark/curso2/ambientX/lib/python3.9/site-packages/airflow/example_dags/example_task_group.py
[2025-01-26T11:21:48.169-0300] {processor.py:925} INFO - DAG(s) 'example_task_group' retrieved from /mnt/c/Users/ander/Desktop/airflow-spark/airflow-spark/curso2/ambientX/lib/python3.9/site-packages/airflow/example_dags/example_task_group.py
[2025-01-26T11:21:48.212-0300] {logging_mixin.py:190} INFO - [2025-01-26T11:21:48.211-0300] {dag.py:3239} INFO - Sync 1 DAGs
[2025-01-26T11:21:48.232-0300] {logging_mixin.py:190} INFO - [2025-01-26T11:21:48.232-0300] {dag.py:4180} INFO - Setting next_dagrun for example_task_group to None, run_after=None
[2025-01-26T11:21:48.308-0300] {processor.py:208} INFO - Processing /mnt/c/Users/ander/Desktop/airflow-spark/airflow-spark/curso2/ambientX/lib/python3.9/site-packages/airflow/example_dags/example_task_group.py took 0.191 seconds
[2025-01-26T11:23:30.642-0300] {processor.py:186} INFO - Started process (PID=20317) to work on /mnt/c/Users/ander/Desktop/airflow-spark/airflow-spark/curso2/ambientX/lib/python3.9/site-packages/airflow/example_dags/example_task_group.py
[2025-01-26T11:23:30.643-0300] {processor.py:914} INFO - Processing file /mnt/c/Users/ander/Desktop/airflow-spark/airflow-spark/curso2/ambientX/lib/python3.9/site-packages/airflow/example_dags/example_task_group.py for tasks to queue
[2025-01-26T11:23:30.645-0300] {logging_mixin.py:190} INFO - [2025-01-26T11:23:30.645-0300] {dagbag.py:588} INFO - Filling up the DagBag from /mnt/c/Users/ander/Desktop/airflow-spark/airflow-spark/curso2/ambientX/lib/python3.9/site-packages/airflow/example_dags/example_task_group.py
[2025-01-26T11:23:30.675-0300] {processor.py:925} INFO - DAG(s) 'example_task_group' retrieved from /mnt/c/Users/ander/Desktop/airflow-spark/airflow-spark/curso2/ambientX/lib/python3.9/site-packages/airflow/example_dags/example_task_group.py
[2025-01-26T11:23:30.716-0300] {logging_mixin.py:190} INFO - [2025-01-26T11:23:30.715-0300] {dag.py:3239} INFO - Sync 1 DAGs
[2025-01-26T11:23:30.736-0300] {logging_mixin.py:190} INFO - [2025-01-26T11:23:30.735-0300] {dag.py:4180} INFO - Setting next_dagrun for example_task_group to None, run_after=None
[2025-01-26T11:23:31.389-0300] {processor.py:208} INFO - Processing /mnt/c/Users/ander/Desktop/airflow-spark/airflow-spark/curso2/ambientX/lib/python3.9/site-packages/airflow/example_dags/example_task_group.py took 0.766 seconds
[2025-01-26T11:24:42.138-0300] {processor.py:186} INFO - Started process (PID=20666) to work on /mnt/c/Users/ander/Desktop/airflow-spark/airflow-spark/curso2/ambientX/lib/python3.9/site-packages/airflow/example_dags/example_task_group.py
[2025-01-26T11:24:42.140-0300] {processor.py:914} INFO - Processing file /mnt/c/Users/ander/Desktop/airflow-spark/airflow-spark/curso2/ambientX/lib/python3.9/site-packages/airflow/example_dags/example_task_group.py for tasks to queue
[2025-01-26T11:24:42.142-0300] {logging_mixin.py:190} INFO - [2025-01-26T11:24:42.141-0300] {dagbag.py:588} INFO - Filling up the DagBag from /mnt/c/Users/ander/Desktop/airflow-spark/airflow-spark/curso2/ambientX/lib/python3.9/site-packages/airflow/example_dags/example_task_group.py
[2025-01-26T11:24:42.173-0300] {processor.py:925} INFO - DAG(s) 'example_task_group' retrieved from /mnt/c/Users/ander/Desktop/airflow-spark/airflow-spark/curso2/ambientX/lib/python3.9/site-packages/airflow/example_dags/example_task_group.py
[2025-01-26T11:24:42.217-0300] {logging_mixin.py:190} INFO - [2025-01-26T11:24:42.217-0300] {dag.py:3239} INFO - Sync 1 DAGs
[2025-01-26T11:24:42.238-0300] {logging_mixin.py:190} INFO - [2025-01-26T11:24:42.238-0300] {dag.py:4180} INFO - Setting next_dagrun for example_task_group to None, run_after=None
[2025-01-26T11:24:42.318-0300] {processor.py:208} INFO - Processing /mnt/c/Users/ander/Desktop/airflow-spark/airflow-spark/curso2/ambientX/lib/python3.9/site-packages/airflow/example_dags/example_task_group.py took 0.198 seconds
[2025-01-26T11:26:01.382-0300] {processor.py:186} INFO - Started process (PID=21113) to work on /mnt/c/Users/ander/Desktop/airflow-spark/airflow-spark/curso2/ambientX/lib/python3.9/site-packages/airflow/example_dags/example_task_group.py
[2025-01-26T11:26:01.384-0300] {processor.py:914} INFO - Processing file /mnt/c/Users/ander/Desktop/airflow-spark/airflow-spark/curso2/ambientX/lib/python3.9/site-packages/airflow/example_dags/example_task_group.py for tasks to queue
[2025-01-26T11:26:01.386-0300] {logging_mixin.py:190} INFO - [2025-01-26T11:26:01.386-0300] {dagbag.py:588} INFO - Filling up the DagBag from /mnt/c/Users/ander/Desktop/airflow-spark/airflow-spark/curso2/ambientX/lib/python3.9/site-packages/airflow/example_dags/example_task_group.py
[2025-01-26T11:26:01.411-0300] {processor.py:925} INFO - DAG(s) 'example_task_group' retrieved from /mnt/c/Users/ander/Desktop/airflow-spark/airflow-spark/curso2/ambientX/lib/python3.9/site-packages/airflow/example_dags/example_task_group.py
[2025-01-26T11:26:01.447-0300] {logging_mixin.py:190} INFO - [2025-01-26T11:26:01.446-0300] {dag.py:3239} INFO - Sync 1 DAGs
[2025-01-26T11:26:01.467-0300] {logging_mixin.py:190} INFO - [2025-01-26T11:26:01.466-0300] {dag.py:4180} INFO - Setting next_dagrun for example_task_group to None, run_after=None
[2025-01-26T11:26:01.531-0300] {processor.py:208} INFO - Processing /mnt/c/Users/ander/Desktop/airflow-spark/airflow-spark/curso2/ambientX/lib/python3.9/site-packages/airflow/example_dags/example_task_group.py took 0.166 seconds
[2025-01-26T11:27:12.268-0300] {processor.py:186} INFO - Started process (PID=21494) to work on /mnt/c/Users/ander/Desktop/airflow-spark/airflow-spark/curso2/ambientX/lib/python3.9/site-packages/airflow/example_dags/example_task_group.py
[2025-01-26T11:27:12.269-0300] {processor.py:914} INFO - Processing file /mnt/c/Users/ander/Desktop/airflow-spark/airflow-spark/curso2/ambientX/lib/python3.9/site-packages/airflow/example_dags/example_task_group.py for tasks to queue
[2025-01-26T11:27:12.272-0300] {logging_mixin.py:190} INFO - [2025-01-26T11:27:12.271-0300] {dagbag.py:588} INFO - Filling up the DagBag from /mnt/c/Users/ander/Desktop/airflow-spark/airflow-spark/curso2/ambientX/lib/python3.9/site-packages/airflow/example_dags/example_task_group.py
[2025-01-26T11:27:12.300-0300] {processor.py:925} INFO - DAG(s) 'example_task_group' retrieved from /mnt/c/Users/ander/Desktop/airflow-spark/airflow-spark/curso2/ambientX/lib/python3.9/site-packages/airflow/example_dags/example_task_group.py
[2025-01-26T11:27:12.342-0300] {logging_mixin.py:190} INFO - [2025-01-26T11:27:12.342-0300] {dag.py:3239} INFO - Sync 1 DAGs
[2025-01-26T11:27:12.365-0300] {logging_mixin.py:190} INFO - [2025-01-26T11:27:12.365-0300] {dag.py:4180} INFO - Setting next_dagrun for example_task_group to None, run_after=None
[2025-01-26T11:27:12.469-0300] {processor.py:208} INFO - Processing /mnt/c/Users/ander/Desktop/airflow-spark/airflow-spark/curso2/ambientX/lib/python3.9/site-packages/airflow/example_dags/example_task_group.py took 0.218 seconds
[2025-01-26T11:28:22.068-0300] {processor.py:186} INFO - Started process (PID=21836) to work on /mnt/c/Users/ander/Desktop/airflow-spark/airflow-spark/curso2/ambientX/lib/python3.9/site-packages/airflow/example_dags/example_task_group.py
[2025-01-26T11:28:22.069-0300] {processor.py:914} INFO - Processing file /mnt/c/Users/ander/Desktop/airflow-spark/airflow-spark/curso2/ambientX/lib/python3.9/site-packages/airflow/example_dags/example_task_group.py for tasks to queue
[2025-01-26T11:28:22.071-0300] {logging_mixin.py:190} INFO - [2025-01-26T11:28:22.071-0300] {dagbag.py:588} INFO - Filling up the DagBag from /mnt/c/Users/ander/Desktop/airflow-spark/airflow-spark/curso2/ambientX/lib/python3.9/site-packages/airflow/example_dags/example_task_group.py
[2025-01-26T11:28:22.095-0300] {processor.py:925} INFO - DAG(s) 'example_task_group' retrieved from /mnt/c/Users/ander/Desktop/airflow-spark/airflow-spark/curso2/ambientX/lib/python3.9/site-packages/airflow/example_dags/example_task_group.py
[2025-01-26T11:28:22.141-0300] {logging_mixin.py:190} INFO - [2025-01-26T11:28:22.140-0300] {dag.py:3239} INFO - Sync 1 DAGs
[2025-01-26T11:28:22.163-0300] {logging_mixin.py:190} INFO - [2025-01-26T11:28:22.162-0300] {dag.py:4180} INFO - Setting next_dagrun for example_task_group to None, run_after=None
[2025-01-26T11:28:22.835-0300] {processor.py:208} INFO - Processing /mnt/c/Users/ander/Desktop/airflow-spark/airflow-spark/curso2/ambientX/lib/python3.9/site-packages/airflow/example_dags/example_task_group.py took 0.785 seconds
[2025-01-26T11:29:40.681-0300] {processor.py:186} INFO - Started process (PID=22169) to work on /mnt/c/Users/ander/Desktop/airflow-spark/airflow-spark/curso2/ambientX/lib/python3.9/site-packages/airflow/example_dags/example_task_group.py
[2025-01-26T11:29:40.682-0300] {processor.py:914} INFO - Processing file /mnt/c/Users/ander/Desktop/airflow-spark/airflow-spark/curso2/ambientX/lib/python3.9/site-packages/airflow/example_dags/example_task_group.py for tasks to queue
[2025-01-26T11:29:40.685-0300] {logging_mixin.py:190} INFO - [2025-01-26T11:29:40.684-0300] {dagbag.py:588} INFO - Filling up the DagBag from /mnt/c/Users/ander/Desktop/airflow-spark/airflow-spark/curso2/ambientX/lib/python3.9/site-packages/airflow/example_dags/example_task_group.py
[2025-01-26T11:29:40.715-0300] {processor.py:925} INFO - DAG(s) 'example_task_group' retrieved from /mnt/c/Users/ander/Desktop/airflow-spark/airflow-spark/curso2/ambientX/lib/python3.9/site-packages/airflow/example_dags/example_task_group.py
[2025-01-26T11:29:40.773-0300] {logging_mixin.py:190} INFO - [2025-01-26T11:29:40.773-0300] {dag.py:3239} INFO - Sync 1 DAGs
[2025-01-26T11:29:40.794-0300] {logging_mixin.py:190} INFO - [2025-01-26T11:29:40.794-0300] {dag.py:4180} INFO - Setting next_dagrun for example_task_group to None, run_after=None
[2025-01-26T11:29:40.864-0300] {processor.py:208} INFO - Processing /mnt/c/Users/ander/Desktop/airflow-spark/airflow-spark/curso2/ambientX/lib/python3.9/site-packages/airflow/example_dags/example_task_group.py took 0.202 seconds
[2025-01-26T11:31:04.979-0300] {processor.py:186} INFO - Started process (PID=22644) to work on /mnt/c/Users/ander/Desktop/airflow-spark/airflow-spark/curso2/ambientX/lib/python3.9/site-packages/airflow/example_dags/example_task_group.py
[2025-01-26T11:31:04.980-0300] {processor.py:914} INFO - Processing file /mnt/c/Users/ander/Desktop/airflow-spark/airflow-spark/curso2/ambientX/lib/python3.9/site-packages/airflow/example_dags/example_task_group.py for tasks to queue
[2025-01-26T11:31:04.982-0300] {logging_mixin.py:190} INFO - [2025-01-26T11:31:04.982-0300] {dagbag.py:588} INFO - Filling up the DagBag from /mnt/c/Users/ander/Desktop/airflow-spark/airflow-spark/curso2/ambientX/lib/python3.9/site-packages/airflow/example_dags/example_task_group.py
[2025-01-26T11:31:05.005-0300] {processor.py:925} INFO - DAG(s) 'example_task_group' retrieved from /mnt/c/Users/ander/Desktop/airflow-spark/airflow-spark/curso2/ambientX/lib/python3.9/site-packages/airflow/example_dags/example_task_group.py
[2025-01-26T11:31:05.042-0300] {logging_mixin.py:190} INFO - [2025-01-26T11:31:05.041-0300] {dag.py:3239} INFO - Sync 1 DAGs
[2025-01-26T11:31:05.060-0300] {logging_mixin.py:190} INFO - [2025-01-26T11:31:05.060-0300] {dag.py:4180} INFO - Setting next_dagrun for example_task_group to None, run_after=None
[2025-01-26T11:31:05.819-0300] {processor.py:208} INFO - Processing /mnt/c/Users/ander/Desktop/airflow-spark/airflow-spark/curso2/ambientX/lib/python3.9/site-packages/airflow/example_dags/example_task_group.py took 0.857 seconds
[2025-01-26T11:32:40.827-0300] {processor.py:186} INFO - Started process (PID=23050) to work on /mnt/c/Users/ander/Desktop/airflow-spark/airflow-spark/curso2/ambientX/lib/python3.9/site-packages/airflow/example_dags/example_task_group.py
[2025-01-26T11:32:40.828-0300] {processor.py:914} INFO - Processing file /mnt/c/Users/ander/Desktop/airflow-spark/airflow-spark/curso2/ambientX/lib/python3.9/site-packages/airflow/example_dags/example_task_group.py for tasks to queue
[2025-01-26T11:32:40.830-0300] {logging_mixin.py:190} INFO - [2025-01-26T11:32:40.829-0300] {dagbag.py:588} INFO - Filling up the DagBag from /mnt/c/Users/ander/Desktop/airflow-spark/airflow-spark/curso2/ambientX/lib/python3.9/site-packages/airflow/example_dags/example_task_group.py
[2025-01-26T11:32:40.856-0300] {processor.py:925} INFO - DAG(s) 'example_task_group' retrieved from /mnt/c/Users/ander/Desktop/airflow-spark/airflow-spark/curso2/ambientX/lib/python3.9/site-packages/airflow/example_dags/example_task_group.py
[2025-01-26T11:32:40.893-0300] {logging_mixin.py:190} INFO - [2025-01-26T11:32:40.893-0300] {dag.py:3239} INFO - Sync 1 DAGs
[2025-01-26T11:32:40.912-0300] {logging_mixin.py:190} INFO - [2025-01-26T11:32:40.912-0300] {dag.py:4180} INFO - Setting next_dagrun for example_task_group to None, run_after=None
[2025-01-26T11:32:41.170-0300] {processor.py:208} INFO - Processing /mnt/c/Users/ander/Desktop/airflow-spark/airflow-spark/curso2/ambientX/lib/python3.9/site-packages/airflow/example_dags/example_task_group.py took 0.358 seconds
[2025-01-26T11:33:52.093-0300] {processor.py:186} INFO - Started process (PID=23400) to work on /mnt/c/Users/ander/Desktop/airflow-spark/airflow-spark/curso2/ambientX/lib/python3.9/site-packages/airflow/example_dags/example_task_group.py
[2025-01-26T11:33:52.095-0300] {processor.py:914} INFO - Processing file /mnt/c/Users/ander/Desktop/airflow-spark/airflow-spark/curso2/ambientX/lib/python3.9/site-packages/airflow/example_dags/example_task_group.py for tasks to queue
[2025-01-26T11:33:52.097-0300] {logging_mixin.py:190} INFO - [2025-01-26T11:33:52.097-0300] {dagbag.py:588} INFO - Filling up the DagBag from /mnt/c/Users/ander/Desktop/airflow-spark/airflow-spark/curso2/ambientX/lib/python3.9/site-packages/airflow/example_dags/example_task_group.py
[2025-01-26T11:33:52.127-0300] {processor.py:925} INFO - DAG(s) 'example_task_group' retrieved from /mnt/c/Users/ander/Desktop/airflow-spark/airflow-spark/curso2/ambientX/lib/python3.9/site-packages/airflow/example_dags/example_task_group.py
[2025-01-26T11:33:52.173-0300] {logging_mixin.py:190} INFO - [2025-01-26T11:33:52.172-0300] {dag.py:3239} INFO - Sync 1 DAGs
[2025-01-26T11:33:52.193-0300] {logging_mixin.py:190} INFO - [2025-01-26T11:33:52.193-0300] {dag.py:4180} INFO - Setting next_dagrun for example_task_group to None, run_after=None
[2025-01-26T11:33:52.264-0300] {processor.py:208} INFO - Processing /mnt/c/Users/ander/Desktop/airflow-spark/airflow-spark/curso2/ambientX/lib/python3.9/site-packages/airflow/example_dags/example_task_group.py took 0.188 seconds
[2025-01-26T11:34:50.804-0300] {processor.py:186} INFO - Started process (PID=23646) to work on /mnt/c/Users/ander/Desktop/airflow-spark/airflow-spark/curso2/ambientX/lib/python3.9/site-packages/airflow/example_dags/example_task_group.py
[2025-01-26T11:34:50.806-0300] {processor.py:914} INFO - Processing file /mnt/c/Users/ander/Desktop/airflow-spark/airflow-spark/curso2/ambientX/lib/python3.9/site-packages/airflow/example_dags/example_task_group.py for tasks to queue
[2025-01-26T11:34:50.808-0300] {logging_mixin.py:190} INFO - [2025-01-26T11:34:50.807-0300] {dagbag.py:588} INFO - Filling up the DagBag from /mnt/c/Users/ander/Desktop/airflow-spark/airflow-spark/curso2/ambientX/lib/python3.9/site-packages/airflow/example_dags/example_task_group.py
[2025-01-26T11:34:50.834-0300] {processor.py:925} INFO - DAG(s) 'example_task_group' retrieved from /mnt/c/Users/ander/Desktop/airflow-spark/airflow-spark/curso2/ambientX/lib/python3.9/site-packages/airflow/example_dags/example_task_group.py
[2025-01-26T11:34:50.874-0300] {logging_mixin.py:190} INFO - [2025-01-26T11:34:50.874-0300] {dag.py:3239} INFO - Sync 1 DAGs
[2025-01-26T11:34:50.894-0300] {logging_mixin.py:190} INFO - [2025-01-26T11:34:50.893-0300] {dag.py:4180} INFO - Setting next_dagrun for example_task_group to None, run_after=None
[2025-01-26T11:34:50.962-0300] {processor.py:208} INFO - Processing /mnt/c/Users/ander/Desktop/airflow-spark/airflow-spark/curso2/ambientX/lib/python3.9/site-packages/airflow/example_dags/example_task_group.py took 0.174 seconds
[2025-01-26T11:36:31.019-0300] {processor.py:186} INFO - Started process (PID=24212) to work on /mnt/c/Users/ander/Desktop/airflow-spark/airflow-spark/curso2/ambientX/lib/python3.9/site-packages/airflow/example_dags/example_task_group.py
[2025-01-26T11:36:31.021-0300] {processor.py:914} INFO - Processing file /mnt/c/Users/ander/Desktop/airflow-spark/airflow-spark/curso2/ambientX/lib/python3.9/site-packages/airflow/example_dags/example_task_group.py for tasks to queue
[2025-01-26T11:36:31.023-0300] {logging_mixin.py:190} INFO - [2025-01-26T11:36:31.022-0300] {dagbag.py:588} INFO - Filling up the DagBag from /mnt/c/Users/ander/Desktop/airflow-spark/airflow-spark/curso2/ambientX/lib/python3.9/site-packages/airflow/example_dags/example_task_group.py
[2025-01-26T11:36:31.051-0300] {processor.py:925} INFO - DAG(s) 'example_task_group' retrieved from /mnt/c/Users/ander/Desktop/airflow-spark/airflow-spark/curso2/ambientX/lib/python3.9/site-packages/airflow/example_dags/example_task_group.py
[2025-01-26T11:36:31.099-0300] {logging_mixin.py:190} INFO - [2025-01-26T11:36:31.098-0300] {dag.py:3239} INFO - Sync 1 DAGs
[2025-01-26T11:36:31.118-0300] {logging_mixin.py:190} INFO - [2025-01-26T11:36:31.118-0300] {dag.py:4180} INFO - Setting next_dagrun for example_task_group to None, run_after=None
[2025-01-26T11:36:31.192-0300] {processor.py:208} INFO - Processing /mnt/c/Users/ander/Desktop/airflow-spark/airflow-spark/curso2/ambientX/lib/python3.9/site-packages/airflow/example_dags/example_task_group.py took 0.191 seconds
[2025-01-26T11:38:10.367-0300] {processor.py:186} INFO - Started process (PID=24671) to work on /mnt/c/Users/ander/Desktop/airflow-spark/airflow-spark/curso2/ambientX/lib/python3.9/site-packages/airflow/example_dags/example_task_group.py
[2025-01-26T11:38:10.369-0300] {processor.py:914} INFO - Processing file /mnt/c/Users/ander/Desktop/airflow-spark/airflow-spark/curso2/ambientX/lib/python3.9/site-packages/airflow/example_dags/example_task_group.py for tasks to queue
[2025-01-26T11:38:10.371-0300] {logging_mixin.py:190} INFO - [2025-01-26T11:38:10.370-0300] {dagbag.py:588} INFO - Filling up the DagBag from /mnt/c/Users/ander/Desktop/airflow-spark/airflow-spark/curso2/ambientX/lib/python3.9/site-packages/airflow/example_dags/example_task_group.py
[2025-01-26T11:38:10.394-0300] {processor.py:925} INFO - DAG(s) 'example_task_group' retrieved from /mnt/c/Users/ander/Desktop/airflow-spark/airflow-spark/curso2/ambientX/lib/python3.9/site-packages/airflow/example_dags/example_task_group.py
[2025-01-26T11:38:10.435-0300] {logging_mixin.py:190} INFO - [2025-01-26T11:38:10.435-0300] {dag.py:3239} INFO - Sync 1 DAGs
[2025-01-26T11:38:10.458-0300] {logging_mixin.py:190} INFO - [2025-01-26T11:38:10.458-0300] {dag.py:4180} INFO - Setting next_dagrun for example_task_group to None, run_after=None
[2025-01-26T11:38:10.515-0300] {processor.py:208} INFO - Processing /mnt/c/Users/ander/Desktop/airflow-spark/airflow-spark/curso2/ambientX/lib/python3.9/site-packages/airflow/example_dags/example_task_group.py took 0.163 seconds
[2025-01-26T11:39:51.290-0300] {processor.py:186} INFO - Started process (PID=25120) to work on /mnt/c/Users/ander/Desktop/airflow-spark/airflow-spark/curso2/ambientX/lib/python3.9/site-packages/airflow/example_dags/example_task_group.py
[2025-01-26T11:39:51.292-0300] {processor.py:914} INFO - Processing file /mnt/c/Users/ander/Desktop/airflow-spark/airflow-spark/curso2/ambientX/lib/python3.9/site-packages/airflow/example_dags/example_task_group.py for tasks to queue
[2025-01-26T11:39:51.293-0300] {logging_mixin.py:190} INFO - [2025-01-26T11:39:51.293-0300] {dagbag.py:588} INFO - Filling up the DagBag from /mnt/c/Users/ander/Desktop/airflow-spark/airflow-spark/curso2/ambientX/lib/python3.9/site-packages/airflow/example_dags/example_task_group.py
[2025-01-26T11:39:51.319-0300] {processor.py:925} INFO - DAG(s) 'example_task_group' retrieved from /mnt/c/Users/ander/Desktop/airflow-spark/airflow-spark/curso2/ambientX/lib/python3.9/site-packages/airflow/example_dags/example_task_group.py
[2025-01-26T11:39:51.358-0300] {logging_mixin.py:190} INFO - [2025-01-26T11:39:51.358-0300] {dag.py:3239} INFO - Sync 1 DAGs
[2025-01-26T11:39:51.379-0300] {logging_mixin.py:190} INFO - [2025-01-26T11:39:51.379-0300] {dag.py:4180} INFO - Setting next_dagrun for example_task_group to None, run_after=None
[2025-01-26T11:39:51.451-0300] {processor.py:208} INFO - Processing /mnt/c/Users/ander/Desktop/airflow-spark/airflow-spark/curso2/ambientX/lib/python3.9/site-packages/airflow/example_dags/example_task_group.py took 0.177 seconds
[2025-01-26T11:41:27.650-0300] {processor.py:186} INFO - Started process (PID=25678) to work on /mnt/c/Users/ander/Desktop/airflow-spark/airflow-spark/curso2/ambientX/lib/python3.9/site-packages/airflow/example_dags/example_task_group.py
[2025-01-26T11:41:27.651-0300] {processor.py:914} INFO - Processing file /mnt/c/Users/ander/Desktop/airflow-spark/airflow-spark/curso2/ambientX/lib/python3.9/site-packages/airflow/example_dags/example_task_group.py for tasks to queue
[2025-01-26T11:41:27.653-0300] {logging_mixin.py:190} INFO - [2025-01-26T11:41:27.652-0300] {dagbag.py:588} INFO - Filling up the DagBag from /mnt/c/Users/ander/Desktop/airflow-spark/airflow-spark/curso2/ambientX/lib/python3.9/site-packages/airflow/example_dags/example_task_group.py
[2025-01-26T11:41:27.676-0300] {processor.py:925} INFO - DAG(s) 'example_task_group' retrieved from /mnt/c/Users/ander/Desktop/airflow-spark/airflow-spark/curso2/ambientX/lib/python3.9/site-packages/airflow/example_dags/example_task_group.py
[2025-01-26T11:41:27.714-0300] {logging_mixin.py:190} INFO - [2025-01-26T11:41:27.714-0300] {dag.py:3239} INFO - Sync 1 DAGs
[2025-01-26T11:41:27.732-0300] {logging_mixin.py:190} INFO - [2025-01-26T11:41:27.732-0300] {dag.py:4180} INFO - Setting next_dagrun for example_task_group to None, run_after=None
[2025-01-26T11:41:27.790-0300] {processor.py:208} INFO - Processing /mnt/c/Users/ander/Desktop/airflow-spark/airflow-spark/curso2/ambientX/lib/python3.9/site-packages/airflow/example_dags/example_task_group.py took 0.157 seconds
[2025-01-26T11:43:12.616-0300] {processor.py:186} INFO - Started process (PID=26206) to work on /mnt/c/Users/ander/Desktop/airflow-spark/airflow-spark/curso2/ambientX/lib/python3.9/site-packages/airflow/example_dags/example_task_group.py
[2025-01-26T11:43:12.617-0300] {processor.py:914} INFO - Processing file /mnt/c/Users/ander/Desktop/airflow-spark/airflow-spark/curso2/ambientX/lib/python3.9/site-packages/airflow/example_dags/example_task_group.py for tasks to queue
[2025-01-26T11:43:12.619-0300] {logging_mixin.py:190} INFO - [2025-01-26T11:43:12.619-0300] {dagbag.py:588} INFO - Filling up the DagBag from /mnt/c/Users/ander/Desktop/airflow-spark/airflow-spark/curso2/ambientX/lib/python3.9/site-packages/airflow/example_dags/example_task_group.py
[2025-01-26T11:43:12.646-0300] {processor.py:925} INFO - DAG(s) 'example_task_group' retrieved from /mnt/c/Users/ander/Desktop/airflow-spark/airflow-spark/curso2/ambientX/lib/python3.9/site-packages/airflow/example_dags/example_task_group.py
[2025-01-26T11:43:12.687-0300] {logging_mixin.py:190} INFO - [2025-01-26T11:43:12.686-0300] {dag.py:3239} INFO - Sync 1 DAGs
[2025-01-26T11:43:12.705-0300] {logging_mixin.py:190} INFO - [2025-01-26T11:43:12.705-0300] {dag.py:4180} INFO - Setting next_dagrun for example_task_group to None, run_after=None
[2025-01-26T11:43:12.768-0300] {processor.py:208} INFO - Processing /mnt/c/Users/ander/Desktop/airflow-spark/airflow-spark/curso2/ambientX/lib/python3.9/site-packages/airflow/example_dags/example_task_group.py took 0.168 seconds
[2025-01-26T11:45:00.236-0300] {processor.py:186} INFO - Started process (PID=26684) to work on /mnt/c/Users/ander/Desktop/airflow-spark/airflow-spark/curso2/ambientX/lib/python3.9/site-packages/airflow/example_dags/example_task_group.py
[2025-01-26T11:45:00.237-0300] {processor.py:914} INFO - Processing file /mnt/c/Users/ander/Desktop/airflow-spark/airflow-spark/curso2/ambientX/lib/python3.9/site-packages/airflow/example_dags/example_task_group.py for tasks to queue
[2025-01-26T11:45:00.239-0300] {logging_mixin.py:190} INFO - [2025-01-26T11:45:00.239-0300] {dagbag.py:588} INFO - Filling up the DagBag from /mnt/c/Users/ander/Desktop/airflow-spark/airflow-spark/curso2/ambientX/lib/python3.9/site-packages/airflow/example_dags/example_task_group.py
[2025-01-26T11:45:00.267-0300] {processor.py:925} INFO - DAG(s) 'example_task_group' retrieved from /mnt/c/Users/ander/Desktop/airflow-spark/airflow-spark/curso2/ambientX/lib/python3.9/site-packages/airflow/example_dags/example_task_group.py
[2025-01-26T11:45:00.311-0300] {logging_mixin.py:190} INFO - [2025-01-26T11:45:00.311-0300] {dag.py:3239} INFO - Sync 1 DAGs
[2025-01-26T11:45:00.331-0300] {logging_mixin.py:190} INFO - [2025-01-26T11:45:00.331-0300] {dag.py:4180} INFO - Setting next_dagrun for example_task_group to None, run_after=None
[2025-01-26T11:45:00.395-0300] {processor.py:208} INFO - Processing /mnt/c/Users/ander/Desktop/airflow-spark/airflow-spark/curso2/ambientX/lib/python3.9/site-packages/airflow/example_dags/example_task_group.py took 0.177 seconds
