[2025-01-26T10:25:12.710-0300] {processor.py:186} INFO - Started process (PID=1905) to work on /mnt/c/Users/ander/Desktop/airflow-spark/airflow-spark/curso2/ambientX/lib/python3.9/site-packages/airflow/example_dags/tutorial_dag.py
[2025-01-26T10:25:12.712-0300] {processor.py:914} INFO - Processing file /mnt/c/Users/ander/Desktop/airflow-spark/airflow-spark/curso2/ambientX/lib/python3.9/site-packages/airflow/example_dags/tutorial_dag.py for tasks to queue
[2025-01-26T10:25:12.717-0300] {logging_mixin.py:190} INFO - [2025-01-26T10:25:12.716-0300] {dagbag.py:588} INFO - Filling up the DagBag from /mnt/c/Users/ander/Desktop/airflow-spark/airflow-spark/curso2/ambientX/lib/python3.9/site-packages/airflow/example_dags/tutorial_dag.py
[2025-01-26T10:25:12.846-0300] {processor.py:925} INFO - DAG(s) 'tutorial_dag' retrieved from /mnt/c/Users/ander/Desktop/airflow-spark/airflow-spark/curso2/ambientX/lib/python3.9/site-packages/airflow/example_dags/tutorial_dag.py
[2025-01-26T10:25:13.049-0300] {logging_mixin.py:190} INFO - [2025-01-26T10:25:13.048-0300] {dag.py:3239} INFO - Sync 1 DAGs
[2025-01-26T10:25:13.076-0300] {logging_mixin.py:190} INFO - [2025-01-26T10:25:13.075-0300] {dag.py:4180} INFO - Setting next_dagrun for tutorial_dag to None, run_after=None
[2025-01-26T10:25:13.147-0300] {processor.py:208} INFO - Processing /mnt/c/Users/ander/Desktop/airflow-spark/airflow-spark/curso2/ambientX/lib/python3.9/site-packages/airflow/example_dags/tutorial_dag.py took 0.458 seconds
[2025-01-26T10:29:21.183-0300] {processor.py:186} INFO - Started process (PID=5096) to work on /mnt/c/Users/ander/Desktop/airflow-spark/airflow-spark/curso2/ambientX/lib/python3.9/site-packages/airflow/example_dags/tutorial_dag.py
[2025-01-26T10:29:21.185-0300] {processor.py:914} INFO - Processing file /mnt/c/Users/ander/Desktop/airflow-spark/airflow-spark/curso2/ambientX/lib/python3.9/site-packages/airflow/example_dags/tutorial_dag.py for tasks to queue
[2025-01-26T10:29:21.188-0300] {logging_mixin.py:190} INFO - [2025-01-26T10:29:21.188-0300] {dagbag.py:588} INFO - Filling up the DagBag from /mnt/c/Users/ander/Desktop/airflow-spark/airflow-spark/curso2/ambientX/lib/python3.9/site-packages/airflow/example_dags/tutorial_dag.py
[2025-01-26T10:29:21.263-0300] {processor.py:925} INFO - DAG(s) 'tutorial_dag' retrieved from /mnt/c/Users/ander/Desktop/airflow-spark/airflow-spark/curso2/ambientX/lib/python3.9/site-packages/airflow/example_dags/tutorial_dag.py
[2025-01-26T10:29:21.304-0300] {logging_mixin.py:190} INFO - [2025-01-26T10:29:21.303-0300] {dag.py:3239} INFO - Sync 1 DAGs
[2025-01-26T10:29:21.326-0300] {logging_mixin.py:190} INFO - [2025-01-26T10:29:21.326-0300] {dag.py:4180} INFO - Setting next_dagrun for tutorial_dag to None, run_after=None
[2025-01-26T10:29:21.398-0300] {processor.py:208} INFO - Processing /mnt/c/Users/ander/Desktop/airflow-spark/airflow-spark/curso2/ambientX/lib/python3.9/site-packages/airflow/example_dags/tutorial_dag.py took 0.233 seconds
[2025-01-26T10:38:26.397-0300] {processor.py:186} INFO - Started process (PID=8036) to work on /mnt/c/Users/ander/Desktop/airflow-spark/airflow-spark/curso2/ambientX/lib/python3.9/site-packages/airflow/example_dags/tutorial_dag.py
[2025-01-26T10:38:26.398-0300] {processor.py:914} INFO - Processing file /mnt/c/Users/ander/Desktop/airflow-spark/airflow-spark/curso2/ambientX/lib/python3.9/site-packages/airflow/example_dags/tutorial_dag.py for tasks to queue
[2025-01-26T10:38:26.400-0300] {logging_mixin.py:190} INFO - [2025-01-26T10:38:26.400-0300] {dagbag.py:588} INFO - Filling up the DagBag from /mnt/c/Users/ander/Desktop/airflow-spark/airflow-spark/curso2/ambientX/lib/python3.9/site-packages/airflow/example_dags/tutorial_dag.py
[2025-01-26T10:38:26.432-0300] {processor.py:925} INFO - DAG(s) 'tutorial_dag' retrieved from /mnt/c/Users/ander/Desktop/airflow-spark/airflow-spark/curso2/ambientX/lib/python3.9/site-packages/airflow/example_dags/tutorial_dag.py
[2025-01-26T10:38:26.576-0300] {logging_mixin.py:190} INFO - [2025-01-26T10:38:26.576-0300] {dag.py:3239} INFO - Sync 1 DAGs
[2025-01-26T10:38:26.601-0300] {logging_mixin.py:190} INFO - [2025-01-26T10:38:26.601-0300] {dag.py:4180} INFO - Setting next_dagrun for tutorial_dag to None, run_after=None
[2025-01-26T10:38:26.676-0300] {processor.py:208} INFO - Processing /mnt/c/Users/ander/Desktop/airflow-spark/airflow-spark/curso2/ambientX/lib/python3.9/site-packages/airflow/example_dags/tutorial_dag.py took 0.299 seconds
[2025-01-26T10:39:55.407-0300] {processor.py:186} INFO - Started process (PID=8352) to work on /mnt/c/Users/ander/Desktop/airflow-spark/airflow-spark/curso2/ambientX/lib/python3.9/site-packages/airflow/example_dags/tutorial_dag.py
[2025-01-26T10:39:55.410-0300] {processor.py:914} INFO - Processing file /mnt/c/Users/ander/Desktop/airflow-spark/airflow-spark/curso2/ambientX/lib/python3.9/site-packages/airflow/example_dags/tutorial_dag.py for tasks to queue
[2025-01-26T10:39:55.413-0300] {logging_mixin.py:190} INFO - [2025-01-26T10:39:55.412-0300] {dagbag.py:588} INFO - Filling up the DagBag from /mnt/c/Users/ander/Desktop/airflow-spark/airflow-spark/curso2/ambientX/lib/python3.9/site-packages/airflow/example_dags/tutorial_dag.py
[2025-01-26T10:39:55.444-0300] {processor.py:925} INFO - DAG(s) 'tutorial_dag' retrieved from /mnt/c/Users/ander/Desktop/airflow-spark/airflow-spark/curso2/ambientX/lib/python3.9/site-packages/airflow/example_dags/tutorial_dag.py
[2025-01-26T10:39:55.489-0300] {logging_mixin.py:190} INFO - [2025-01-26T10:39:55.488-0300] {dag.py:3239} INFO - Sync 1 DAGs
[2025-01-26T10:39:55.514-0300] {logging_mixin.py:190} INFO - [2025-01-26T10:39:55.514-0300] {dag.py:4180} INFO - Setting next_dagrun for tutorial_dag to None, run_after=None
[2025-01-26T10:39:55.589-0300] {processor.py:208} INFO - Processing /mnt/c/Users/ander/Desktop/airflow-spark/airflow-spark/curso2/ambientX/lib/python3.9/site-packages/airflow/example_dags/tutorial_dag.py took 0.202 seconds
[2025-01-26T10:40:54.610-0300] {processor.py:186} INFO - Started process (PID=8765) to work on /mnt/c/Users/ander/Desktop/airflow-spark/airflow-spark/curso2/ambientX/lib/python3.9/site-packages/airflow/example_dags/tutorial_dag.py
[2025-01-26T10:40:54.612-0300] {processor.py:914} INFO - Processing file /mnt/c/Users/ander/Desktop/airflow-spark/airflow-spark/curso2/ambientX/lib/python3.9/site-packages/airflow/example_dags/tutorial_dag.py for tasks to queue
[2025-01-26T10:40:54.616-0300] {logging_mixin.py:190} INFO - [2025-01-26T10:40:54.615-0300] {dagbag.py:588} INFO - Filling up the DagBag from /mnt/c/Users/ander/Desktop/airflow-spark/airflow-spark/curso2/ambientX/lib/python3.9/site-packages/airflow/example_dags/tutorial_dag.py
[2025-01-26T10:40:54.644-0300] {processor.py:925} INFO - DAG(s) 'tutorial_dag' retrieved from /mnt/c/Users/ander/Desktop/airflow-spark/airflow-spark/curso2/ambientX/lib/python3.9/site-packages/airflow/example_dags/tutorial_dag.py
[2025-01-26T10:40:54.689-0300] {logging_mixin.py:190} INFO - [2025-01-26T10:40:54.689-0300] {dag.py:3239} INFO - Sync 1 DAGs
[2025-01-26T10:40:54.714-0300] {logging_mixin.py:190} INFO - [2025-01-26T10:40:54.714-0300] {dag.py:4180} INFO - Setting next_dagrun for tutorial_dag to None, run_after=None
[2025-01-26T10:40:54.790-0300] {processor.py:208} INFO - Processing /mnt/c/Users/ander/Desktop/airflow-spark/airflow-spark/curso2/ambientX/lib/python3.9/site-packages/airflow/example_dags/tutorial_dag.py took 0.198 seconds
[2025-01-26T10:41:50.166-0300] {processor.py:186} INFO - Started process (PID=8976) to work on /mnt/c/Users/ander/Desktop/airflow-spark/airflow-spark/curso2/ambientX/lib/python3.9/site-packages/airflow/example_dags/tutorial_dag.py
[2025-01-26T10:41:50.168-0300] {processor.py:914} INFO - Processing file /mnt/c/Users/ander/Desktop/airflow-spark/airflow-spark/curso2/ambientX/lib/python3.9/site-packages/airflow/example_dags/tutorial_dag.py for tasks to queue
[2025-01-26T10:41:50.171-0300] {logging_mixin.py:190} INFO - [2025-01-26T10:41:50.171-0300] {dagbag.py:588} INFO - Filling up the DagBag from /mnt/c/Users/ander/Desktop/airflow-spark/airflow-spark/curso2/ambientX/lib/python3.9/site-packages/airflow/example_dags/tutorial_dag.py
[2025-01-26T10:41:50.199-0300] {processor.py:925} INFO - DAG(s) 'tutorial_dag' retrieved from /mnt/c/Users/ander/Desktop/airflow-spark/airflow-spark/curso2/ambientX/lib/python3.9/site-packages/airflow/example_dags/tutorial_dag.py
[2025-01-26T10:41:50.244-0300] {logging_mixin.py:190} INFO - [2025-01-26T10:41:50.244-0300] {dag.py:3239} INFO - Sync 1 DAGs
[2025-01-26T10:41:50.268-0300] {logging_mixin.py:190} INFO - [2025-01-26T10:41:50.267-0300] {dag.py:4180} INFO - Setting next_dagrun for tutorial_dag to None, run_after=None
[2025-01-26T10:41:50.340-0300] {processor.py:208} INFO - Processing /mnt/c/Users/ander/Desktop/airflow-spark/airflow-spark/curso2/ambientX/lib/python3.9/site-packages/airflow/example_dags/tutorial_dag.py took 0.194 seconds
[2025-01-26T10:42:42.683-0300] {processor.py:186} INFO - Started process (PID=9191) to work on /mnt/c/Users/ander/Desktop/airflow-spark/airflow-spark/curso2/ambientX/lib/python3.9/site-packages/airflow/example_dags/tutorial_dag.py
[2025-01-26T10:42:42.687-0300] {processor.py:914} INFO - Processing file /mnt/c/Users/ander/Desktop/airflow-spark/airflow-spark/curso2/ambientX/lib/python3.9/site-packages/airflow/example_dags/tutorial_dag.py for tasks to queue
[2025-01-26T10:42:42.691-0300] {logging_mixin.py:190} INFO - [2025-01-26T10:42:42.690-0300] {dagbag.py:588} INFO - Filling up the DagBag from /mnt/c/Users/ander/Desktop/airflow-spark/airflow-spark/curso2/ambientX/lib/python3.9/site-packages/airflow/example_dags/tutorial_dag.py
[2025-01-26T10:42:42.724-0300] {processor.py:925} INFO - DAG(s) 'tutorial_dag' retrieved from /mnt/c/Users/ander/Desktop/airflow-spark/airflow-spark/curso2/ambientX/lib/python3.9/site-packages/airflow/example_dags/tutorial_dag.py
[2025-01-26T10:42:42.770-0300] {logging_mixin.py:190} INFO - [2025-01-26T10:42:42.769-0300] {dag.py:3239} INFO - Sync 1 DAGs
[2025-01-26T10:42:42.795-0300] {logging_mixin.py:190} INFO - [2025-01-26T10:42:42.795-0300] {dag.py:4180} INFO - Setting next_dagrun for tutorial_dag to None, run_after=None
[2025-01-26T10:42:42.874-0300] {processor.py:208} INFO - Processing /mnt/c/Users/ander/Desktop/airflow-spark/airflow-spark/curso2/ambientX/lib/python3.9/site-packages/airflow/example_dags/tutorial_dag.py took 0.285 seconds
[2025-01-26T10:43:40.313-0300] {processor.py:186} INFO - Started process (PID=9410) to work on /mnt/c/Users/ander/Desktop/airflow-spark/airflow-spark/curso2/ambientX/lib/python3.9/site-packages/airflow/example_dags/tutorial_dag.py
[2025-01-26T10:43:40.315-0300] {processor.py:914} INFO - Processing file /mnt/c/Users/ander/Desktop/airflow-spark/airflow-spark/curso2/ambientX/lib/python3.9/site-packages/airflow/example_dags/tutorial_dag.py for tasks to queue
[2025-01-26T10:43:40.317-0300] {logging_mixin.py:190} INFO - [2025-01-26T10:43:40.316-0300] {dagbag.py:588} INFO - Filling up the DagBag from /mnt/c/Users/ander/Desktop/airflow-spark/airflow-spark/curso2/ambientX/lib/python3.9/site-packages/airflow/example_dags/tutorial_dag.py
[2025-01-26T10:43:40.341-0300] {processor.py:925} INFO - DAG(s) 'tutorial_dag' retrieved from /mnt/c/Users/ander/Desktop/airflow-spark/airflow-spark/curso2/ambientX/lib/python3.9/site-packages/airflow/example_dags/tutorial_dag.py
[2025-01-26T10:43:40.380-0300] {logging_mixin.py:190} INFO - [2025-01-26T10:43:40.380-0300] {dag.py:3239} INFO - Sync 1 DAGs
[2025-01-26T10:43:40.402-0300] {logging_mixin.py:190} INFO - [2025-01-26T10:43:40.402-0300] {dag.py:4180} INFO - Setting next_dagrun for tutorial_dag to None, run_after=None
[2025-01-26T10:43:40.475-0300] {processor.py:208} INFO - Processing /mnt/c/Users/ander/Desktop/airflow-spark/airflow-spark/curso2/ambientX/lib/python3.9/site-packages/airflow/example_dags/tutorial_dag.py took 0.180 seconds
[2025-01-26T10:44:37.872-0300] {processor.py:186} INFO - Started process (PID=9642) to work on /mnt/c/Users/ander/Desktop/airflow-spark/airflow-spark/curso2/ambientX/lib/python3.9/site-packages/airflow/example_dags/tutorial_dag.py
[2025-01-26T10:44:37.874-0300] {processor.py:914} INFO - Processing file /mnt/c/Users/ander/Desktop/airflow-spark/airflow-spark/curso2/ambientX/lib/python3.9/site-packages/airflow/example_dags/tutorial_dag.py for tasks to queue
[2025-01-26T10:44:37.876-0300] {logging_mixin.py:190} INFO - [2025-01-26T10:44:37.875-0300] {dagbag.py:588} INFO - Filling up the DagBag from /mnt/c/Users/ander/Desktop/airflow-spark/airflow-spark/curso2/ambientX/lib/python3.9/site-packages/airflow/example_dags/tutorial_dag.py
[2025-01-26T10:44:37.898-0300] {processor.py:925} INFO - DAG(s) 'tutorial_dag' retrieved from /mnt/c/Users/ander/Desktop/airflow-spark/airflow-spark/curso2/ambientX/lib/python3.9/site-packages/airflow/example_dags/tutorial_dag.py
[2025-01-26T10:44:37.936-0300] {logging_mixin.py:190} INFO - [2025-01-26T10:44:37.936-0300] {dag.py:3239} INFO - Sync 1 DAGs
[2025-01-26T10:44:37.956-0300] {logging_mixin.py:190} INFO - [2025-01-26T10:44:37.955-0300] {dag.py:4180} INFO - Setting next_dagrun for tutorial_dag to None, run_after=None
[2025-01-26T10:44:38.012-0300] {processor.py:208} INFO - Processing /mnt/c/Users/ander/Desktop/airflow-spark/airflow-spark/curso2/ambientX/lib/python3.9/site-packages/airflow/example_dags/tutorial_dag.py took 0.156 seconds
[2025-01-26T10:45:37.342-0300] {processor.py:186} INFO - Started process (PID=9874) to work on /mnt/c/Users/ander/Desktop/airflow-spark/airflow-spark/curso2/ambientX/lib/python3.9/site-packages/airflow/example_dags/tutorial_dag.py
[2025-01-26T10:45:37.343-0300] {processor.py:914} INFO - Processing file /mnt/c/Users/ander/Desktop/airflow-spark/airflow-spark/curso2/ambientX/lib/python3.9/site-packages/airflow/example_dags/tutorial_dag.py for tasks to queue
[2025-01-26T10:45:37.345-0300] {logging_mixin.py:190} INFO - [2025-01-26T10:45:37.345-0300] {dagbag.py:588} INFO - Filling up the DagBag from /mnt/c/Users/ander/Desktop/airflow-spark/airflow-spark/curso2/ambientX/lib/python3.9/site-packages/airflow/example_dags/tutorial_dag.py
[2025-01-26T10:45:37.367-0300] {processor.py:925} INFO - DAG(s) 'tutorial_dag' retrieved from /mnt/c/Users/ander/Desktop/airflow-spark/airflow-spark/curso2/ambientX/lib/python3.9/site-packages/airflow/example_dags/tutorial_dag.py
[2025-01-26T10:45:37.406-0300] {logging_mixin.py:190} INFO - [2025-01-26T10:45:37.405-0300] {dag.py:3239} INFO - Sync 1 DAGs
[2025-01-26T10:45:37.425-0300] {logging_mixin.py:190} INFO - [2025-01-26T10:45:37.425-0300] {dag.py:4180} INFO - Setting next_dagrun for tutorial_dag to None, run_after=None
[2025-01-26T10:45:37.494-0300] {processor.py:208} INFO - Processing /mnt/c/Users/ander/Desktop/airflow-spark/airflow-spark/curso2/ambientX/lib/python3.9/site-packages/airflow/example_dags/tutorial_dag.py took 0.169 seconds
[2025-01-26T10:46:30.738-0300] {processor.py:186} INFO - Started process (PID=10152) to work on /mnt/c/Users/ander/Desktop/airflow-spark/airflow-spark/curso2/ambientX/lib/python3.9/site-packages/airflow/example_dags/tutorial_dag.py
[2025-01-26T10:46:30.739-0300] {processor.py:914} INFO - Processing file /mnt/c/Users/ander/Desktop/airflow-spark/airflow-spark/curso2/ambientX/lib/python3.9/site-packages/airflow/example_dags/tutorial_dag.py for tasks to queue
[2025-01-26T10:46:30.741-0300] {logging_mixin.py:190} INFO - [2025-01-26T10:46:30.741-0300] {dagbag.py:588} INFO - Filling up the DagBag from /mnt/c/Users/ander/Desktop/airflow-spark/airflow-spark/curso2/ambientX/lib/python3.9/site-packages/airflow/example_dags/tutorial_dag.py
[2025-01-26T10:46:30.765-0300] {processor.py:925} INFO - DAG(s) 'tutorial_dag' retrieved from /mnt/c/Users/ander/Desktop/airflow-spark/airflow-spark/curso2/ambientX/lib/python3.9/site-packages/airflow/example_dags/tutorial_dag.py
[2025-01-26T10:46:30.807-0300] {logging_mixin.py:190} INFO - [2025-01-26T10:46:30.806-0300] {dag.py:3239} INFO - Sync 1 DAGs
[2025-01-26T10:46:30.829-0300] {logging_mixin.py:190} INFO - [2025-01-26T10:46:30.828-0300] {dag.py:4180} INFO - Setting next_dagrun for tutorial_dag to None, run_after=None
[2025-01-26T10:46:30.897-0300] {processor.py:208} INFO - Processing /mnt/c/Users/ander/Desktop/airflow-spark/airflow-spark/curso2/ambientX/lib/python3.9/site-packages/airflow/example_dags/tutorial_dag.py took 0.178 seconds
[2025-01-26T10:47:19.644-0300] {processor.py:186} INFO - Started process (PID=10297) to work on /mnt/c/Users/ander/Desktop/airflow-spark/airflow-spark/curso2/ambientX/lib/python3.9/site-packages/airflow/example_dags/tutorial_dag.py
[2025-01-26T10:47:19.646-0300] {processor.py:914} INFO - Processing file /mnt/c/Users/ander/Desktop/airflow-spark/airflow-spark/curso2/ambientX/lib/python3.9/site-packages/airflow/example_dags/tutorial_dag.py for tasks to queue
[2025-01-26T10:47:19.648-0300] {logging_mixin.py:190} INFO - [2025-01-26T10:47:19.647-0300] {dagbag.py:588} INFO - Filling up the DagBag from /mnt/c/Users/ander/Desktop/airflow-spark/airflow-spark/curso2/ambientX/lib/python3.9/site-packages/airflow/example_dags/tutorial_dag.py
[2025-01-26T10:47:19.680-0300] {processor.py:925} INFO - DAG(s) 'tutorial_dag' retrieved from /mnt/c/Users/ander/Desktop/airflow-spark/airflow-spark/curso2/ambientX/lib/python3.9/site-packages/airflow/example_dags/tutorial_dag.py
[2025-01-26T10:47:19.728-0300] {logging_mixin.py:190} INFO - [2025-01-26T10:47:19.727-0300] {dag.py:3239} INFO - Sync 1 DAGs
[2025-01-26T10:47:19.750-0300] {logging_mixin.py:190} INFO - [2025-01-26T10:47:19.750-0300] {dag.py:4180} INFO - Setting next_dagrun for tutorial_dag to None, run_after=None
[2025-01-26T10:47:19.833-0300] {processor.py:208} INFO - Processing /mnt/c/Users/ander/Desktop/airflow-spark/airflow-spark/curso2/ambientX/lib/python3.9/site-packages/airflow/example_dags/tutorial_dag.py took 0.209 seconds
[2025-01-26T10:48:14.541-0300] {processor.py:186} INFO - Started process (PID=10514) to work on /mnt/c/Users/ander/Desktop/airflow-spark/airflow-spark/curso2/ambientX/lib/python3.9/site-packages/airflow/example_dags/tutorial_dag.py
[2025-01-26T10:48:14.542-0300] {processor.py:914} INFO - Processing file /mnt/c/Users/ander/Desktop/airflow-spark/airflow-spark/curso2/ambientX/lib/python3.9/site-packages/airflow/example_dags/tutorial_dag.py for tasks to queue
[2025-01-26T10:48:14.544-0300] {logging_mixin.py:190} INFO - [2025-01-26T10:48:14.544-0300] {dagbag.py:588} INFO - Filling up the DagBag from /mnt/c/Users/ander/Desktop/airflow-spark/airflow-spark/curso2/ambientX/lib/python3.9/site-packages/airflow/example_dags/tutorial_dag.py
[2025-01-26T10:48:14.565-0300] {processor.py:925} INFO - DAG(s) 'tutorial_dag' retrieved from /mnt/c/Users/ander/Desktop/airflow-spark/airflow-spark/curso2/ambientX/lib/python3.9/site-packages/airflow/example_dags/tutorial_dag.py
[2025-01-26T10:48:14.600-0300] {logging_mixin.py:190} INFO - [2025-01-26T10:48:14.600-0300] {dag.py:3239} INFO - Sync 1 DAGs
[2025-01-26T10:48:14.620-0300] {logging_mixin.py:190} INFO - [2025-01-26T10:48:14.620-0300] {dag.py:4180} INFO - Setting next_dagrun for tutorial_dag to None, run_after=None
[2025-01-26T10:48:14.684-0300] {processor.py:208} INFO - Processing /mnt/c/Users/ander/Desktop/airflow-spark/airflow-spark/curso2/ambientX/lib/python3.9/site-packages/airflow/example_dags/tutorial_dag.py took 0.157 seconds
[2025-01-26T10:49:09.798-0300] {processor.py:186} INFO - Started process (PID=10744) to work on /mnt/c/Users/ander/Desktop/airflow-spark/airflow-spark/curso2/ambientX/lib/python3.9/site-packages/airflow/example_dags/tutorial_dag.py
[2025-01-26T10:49:09.803-0300] {processor.py:914} INFO - Processing file /mnt/c/Users/ander/Desktop/airflow-spark/airflow-spark/curso2/ambientX/lib/python3.9/site-packages/airflow/example_dags/tutorial_dag.py for tasks to queue
[2025-01-26T10:49:09.806-0300] {logging_mixin.py:190} INFO - [2025-01-26T10:49:09.805-0300] {dagbag.py:588} INFO - Filling up the DagBag from /mnt/c/Users/ander/Desktop/airflow-spark/airflow-spark/curso2/ambientX/lib/python3.9/site-packages/airflow/example_dags/tutorial_dag.py
[2025-01-26T10:49:09.835-0300] {processor.py:925} INFO - DAG(s) 'tutorial_dag' retrieved from /mnt/c/Users/ander/Desktop/airflow-spark/airflow-spark/curso2/ambientX/lib/python3.9/site-packages/airflow/example_dags/tutorial_dag.py
[2025-01-26T10:49:09.880-0300] {logging_mixin.py:190} INFO - [2025-01-26T10:49:09.880-0300] {dag.py:3239} INFO - Sync 1 DAGs
[2025-01-26T10:49:09.913-0300] {logging_mixin.py:190} INFO - [2025-01-26T10:49:09.912-0300] {dag.py:4180} INFO - Setting next_dagrun for tutorial_dag to None, run_after=None
[2025-01-26T10:49:10.002-0300] {processor.py:208} INFO - Processing /mnt/c/Users/ander/Desktop/airflow-spark/airflow-spark/curso2/ambientX/lib/python3.9/site-packages/airflow/example_dags/tutorial_dag.py took 0.219 seconds
[2025-01-26T10:50:07.787-0300] {processor.py:186} INFO - Started process (PID=11063) to work on /mnt/c/Users/ander/Desktop/airflow-spark/airflow-spark/curso2/ambientX/lib/python3.9/site-packages/airflow/example_dags/tutorial_dag.py
[2025-01-26T10:50:07.788-0300] {processor.py:914} INFO - Processing file /mnt/c/Users/ander/Desktop/airflow-spark/airflow-spark/curso2/ambientX/lib/python3.9/site-packages/airflow/example_dags/tutorial_dag.py for tasks to queue
[2025-01-26T10:50:07.790-0300] {logging_mixin.py:190} INFO - [2025-01-26T10:50:07.790-0300] {dagbag.py:588} INFO - Filling up the DagBag from /mnt/c/Users/ander/Desktop/airflow-spark/airflow-spark/curso2/ambientX/lib/python3.9/site-packages/airflow/example_dags/tutorial_dag.py
[2025-01-26T10:50:07.828-0300] {processor.py:925} INFO - DAG(s) 'tutorial_dag' retrieved from /mnt/c/Users/ander/Desktop/airflow-spark/airflow-spark/curso2/ambientX/lib/python3.9/site-packages/airflow/example_dags/tutorial_dag.py
[2025-01-26T10:50:07.877-0300] {logging_mixin.py:190} INFO - [2025-01-26T10:50:07.877-0300] {dag.py:3239} INFO - Sync 1 DAGs
[2025-01-26T10:50:07.900-0300] {logging_mixin.py:190} INFO - [2025-01-26T10:50:07.900-0300] {dag.py:4180} INFO - Setting next_dagrun for tutorial_dag to None, run_after=None
[2025-01-26T10:50:07.986-0300] {processor.py:208} INFO - Processing /mnt/c/Users/ander/Desktop/airflow-spark/airflow-spark/curso2/ambientX/lib/python3.9/site-packages/airflow/example_dags/tutorial_dag.py took 0.217 seconds
[2025-01-26T10:50:57.888-0300] {processor.py:186} INFO - Started process (PID=11272) to work on /mnt/c/Users/ander/Desktop/airflow-spark/airflow-spark/curso2/ambientX/lib/python3.9/site-packages/airflow/example_dags/tutorial_dag.py
[2025-01-26T10:50:57.889-0300] {processor.py:914} INFO - Processing file /mnt/c/Users/ander/Desktop/airflow-spark/airflow-spark/curso2/ambientX/lib/python3.9/site-packages/airflow/example_dags/tutorial_dag.py for tasks to queue
[2025-01-26T10:50:57.891-0300] {logging_mixin.py:190} INFO - [2025-01-26T10:50:57.891-0300] {dagbag.py:588} INFO - Filling up the DagBag from /mnt/c/Users/ander/Desktop/airflow-spark/airflow-spark/curso2/ambientX/lib/python3.9/site-packages/airflow/example_dags/tutorial_dag.py
[2025-01-26T10:50:57.925-0300] {processor.py:925} INFO - DAG(s) 'tutorial_dag' retrieved from /mnt/c/Users/ander/Desktop/airflow-spark/airflow-spark/curso2/ambientX/lib/python3.9/site-packages/airflow/example_dags/tutorial_dag.py
[2025-01-26T10:50:57.971-0300] {logging_mixin.py:190} INFO - [2025-01-26T10:50:57.971-0300] {dag.py:3239} INFO - Sync 1 DAGs
[2025-01-26T10:50:57.994-0300] {logging_mixin.py:190} INFO - [2025-01-26T10:50:57.993-0300] {dag.py:4180} INFO - Setting next_dagrun for tutorial_dag to None, run_after=None
[2025-01-26T10:50:58.071-0300] {processor.py:208} INFO - Processing /mnt/c/Users/ander/Desktop/airflow-spark/airflow-spark/curso2/ambientX/lib/python3.9/site-packages/airflow/example_dags/tutorial_dag.py took 0.207 seconds
[2025-01-26T10:51:53.218-0300] {processor.py:186} INFO - Started process (PID=11557) to work on /mnt/c/Users/ander/Desktop/airflow-spark/airflow-spark/curso2/ambientX/lib/python3.9/site-packages/airflow/example_dags/tutorial_dag.py
[2025-01-26T10:51:53.219-0300] {processor.py:914} INFO - Processing file /mnt/c/Users/ander/Desktop/airflow-spark/airflow-spark/curso2/ambientX/lib/python3.9/site-packages/airflow/example_dags/tutorial_dag.py for tasks to queue
[2025-01-26T10:51:53.222-0300] {logging_mixin.py:190} INFO - [2025-01-26T10:51:53.221-0300] {dagbag.py:588} INFO - Filling up the DagBag from /mnt/c/Users/ander/Desktop/airflow-spark/airflow-spark/curso2/ambientX/lib/python3.9/site-packages/airflow/example_dags/tutorial_dag.py
[2025-01-26T10:51:53.262-0300] {processor.py:925} INFO - DAG(s) 'tutorial_dag' retrieved from /mnt/c/Users/ander/Desktop/airflow-spark/airflow-spark/curso2/ambientX/lib/python3.9/site-packages/airflow/example_dags/tutorial_dag.py
[2025-01-26T10:51:53.339-0300] {logging_mixin.py:190} INFO - [2025-01-26T10:51:53.339-0300] {dag.py:3239} INFO - Sync 1 DAGs
[2025-01-26T10:51:53.365-0300] {logging_mixin.py:190} INFO - [2025-01-26T10:51:53.364-0300] {dag.py:4180} INFO - Setting next_dagrun for tutorial_dag to None, run_after=None
[2025-01-26T10:51:53.436-0300] {processor.py:208} INFO - Processing /mnt/c/Users/ander/Desktop/airflow-spark/airflow-spark/curso2/ambientX/lib/python3.9/site-packages/airflow/example_dags/tutorial_dag.py took 0.241 seconds
[2025-01-26T10:52:50.136-0300] {processor.py:186} INFO - Started process (PID=11782) to work on /mnt/c/Users/ander/Desktop/airflow-spark/airflow-spark/curso2/ambientX/lib/python3.9/site-packages/airflow/example_dags/tutorial_dag.py
[2025-01-26T10:52:50.139-0300] {processor.py:914} INFO - Processing file /mnt/c/Users/ander/Desktop/airflow-spark/airflow-spark/curso2/ambientX/lib/python3.9/site-packages/airflow/example_dags/tutorial_dag.py for tasks to queue
[2025-01-26T10:52:50.142-0300] {logging_mixin.py:190} INFO - [2025-01-26T10:52:50.141-0300] {dagbag.py:588} INFO - Filling up the DagBag from /mnt/c/Users/ander/Desktop/airflow-spark/airflow-spark/curso2/ambientX/lib/python3.9/site-packages/airflow/example_dags/tutorial_dag.py
[2025-01-26T10:52:50.171-0300] {processor.py:925} INFO - DAG(s) 'tutorial_dag' retrieved from /mnt/c/Users/ander/Desktop/airflow-spark/airflow-spark/curso2/ambientX/lib/python3.9/site-packages/airflow/example_dags/tutorial_dag.py
[2025-01-26T10:52:50.212-0300] {logging_mixin.py:190} INFO - [2025-01-26T10:52:50.212-0300] {dag.py:3239} INFO - Sync 1 DAGs
[2025-01-26T10:52:50.236-0300] {logging_mixin.py:190} INFO - [2025-01-26T10:52:50.236-0300] {dag.py:4180} INFO - Setting next_dagrun for tutorial_dag to None, run_after=None
[2025-01-26T10:52:50.325-0300] {processor.py:208} INFO - Processing /mnt/c/Users/ander/Desktop/airflow-spark/airflow-spark/curso2/ambientX/lib/python3.9/site-packages/airflow/example_dags/tutorial_dag.py took 0.209 seconds
[2025-01-26T10:53:44.247-0300] {processor.py:186} INFO - Started process (PID=12014) to work on /mnt/c/Users/ander/Desktop/airflow-spark/airflow-spark/curso2/ambientX/lib/python3.9/site-packages/airflow/example_dags/tutorial_dag.py
[2025-01-26T10:53:44.249-0300] {processor.py:914} INFO - Processing file /mnt/c/Users/ander/Desktop/airflow-spark/airflow-spark/curso2/ambientX/lib/python3.9/site-packages/airflow/example_dags/tutorial_dag.py for tasks to queue
[2025-01-26T10:53:44.251-0300] {logging_mixin.py:190} INFO - [2025-01-26T10:53:44.251-0300] {dagbag.py:588} INFO - Filling up the DagBag from /mnt/c/Users/ander/Desktop/airflow-spark/airflow-spark/curso2/ambientX/lib/python3.9/site-packages/airflow/example_dags/tutorial_dag.py
[2025-01-26T10:53:44.285-0300] {processor.py:925} INFO - DAG(s) 'tutorial_dag' retrieved from /mnt/c/Users/ander/Desktop/airflow-spark/airflow-spark/curso2/ambientX/lib/python3.9/site-packages/airflow/example_dags/tutorial_dag.py
[2025-01-26T10:53:44.331-0300] {logging_mixin.py:190} INFO - [2025-01-26T10:53:44.331-0300] {dag.py:3239} INFO - Sync 1 DAGs
[2025-01-26T10:53:44.355-0300] {logging_mixin.py:190} INFO - [2025-01-26T10:53:44.354-0300] {dag.py:4180} INFO - Setting next_dagrun for tutorial_dag to None, run_after=None
[2025-01-26T10:53:44.427-0300] {processor.py:208} INFO - Processing /mnt/c/Users/ander/Desktop/airflow-spark/airflow-spark/curso2/ambientX/lib/python3.9/site-packages/airflow/example_dags/tutorial_dag.py took 0.203 seconds
[2025-01-26T10:54:43.798-0300] {processor.py:186} INFO - Started process (PID=12251) to work on /mnt/c/Users/ander/Desktop/airflow-spark/airflow-spark/curso2/ambientX/lib/python3.9/site-packages/airflow/example_dags/tutorial_dag.py
[2025-01-26T10:54:43.799-0300] {processor.py:914} INFO - Processing file /mnt/c/Users/ander/Desktop/airflow-spark/airflow-spark/curso2/ambientX/lib/python3.9/site-packages/airflow/example_dags/tutorial_dag.py for tasks to queue
[2025-01-26T10:54:43.802-0300] {logging_mixin.py:190} INFO - [2025-01-26T10:54:43.801-0300] {dagbag.py:588} INFO - Filling up the DagBag from /mnt/c/Users/ander/Desktop/airflow-spark/airflow-spark/curso2/ambientX/lib/python3.9/site-packages/airflow/example_dags/tutorial_dag.py
[2025-01-26T10:54:43.831-0300] {processor.py:925} INFO - DAG(s) 'tutorial_dag' retrieved from /mnt/c/Users/ander/Desktop/airflow-spark/airflow-spark/curso2/ambientX/lib/python3.9/site-packages/airflow/example_dags/tutorial_dag.py
[2025-01-26T10:54:43.874-0300] {logging_mixin.py:190} INFO - [2025-01-26T10:54:43.874-0300] {dag.py:3239} INFO - Sync 1 DAGs
[2025-01-26T10:54:43.896-0300] {logging_mixin.py:190} INFO - [2025-01-26T10:54:43.896-0300] {dag.py:4180} INFO - Setting next_dagrun for tutorial_dag to None, run_after=None
[2025-01-26T10:54:43.967-0300] {processor.py:208} INFO - Processing /mnt/c/Users/ander/Desktop/airflow-spark/airflow-spark/curso2/ambientX/lib/python3.9/site-packages/airflow/example_dags/tutorial_dag.py took 0.188 seconds
[2025-01-26T10:55:37.024-0300] {processor.py:186} INFO - Started process (PID=12441) to work on /mnt/c/Users/ander/Desktop/airflow-spark/airflow-spark/curso2/ambientX/lib/python3.9/site-packages/airflow/example_dags/tutorial_dag.py
[2025-01-26T10:55:37.025-0300] {processor.py:914} INFO - Processing file /mnt/c/Users/ander/Desktop/airflow-spark/airflow-spark/curso2/ambientX/lib/python3.9/site-packages/airflow/example_dags/tutorial_dag.py for tasks to queue
[2025-01-26T10:55:37.027-0300] {logging_mixin.py:190} INFO - [2025-01-26T10:55:37.027-0300] {dagbag.py:588} INFO - Filling up the DagBag from /mnt/c/Users/ander/Desktop/airflow-spark/airflow-spark/curso2/ambientX/lib/python3.9/site-packages/airflow/example_dags/tutorial_dag.py
[2025-01-26T10:55:37.059-0300] {processor.py:925} INFO - DAG(s) 'tutorial_dag' retrieved from /mnt/c/Users/ander/Desktop/airflow-spark/airflow-spark/curso2/ambientX/lib/python3.9/site-packages/airflow/example_dags/tutorial_dag.py
[2025-01-26T10:55:37.113-0300] {logging_mixin.py:190} INFO - [2025-01-26T10:55:37.113-0300] {dag.py:3239} INFO - Sync 1 DAGs
[2025-01-26T10:55:37.139-0300] {logging_mixin.py:190} INFO - [2025-01-26T10:55:37.138-0300] {dag.py:4180} INFO - Setting next_dagrun for tutorial_dag to None, run_after=None
[2025-01-26T10:55:37.228-0300] {processor.py:208} INFO - Processing /mnt/c/Users/ander/Desktop/airflow-spark/airflow-spark/curso2/ambientX/lib/python3.9/site-packages/airflow/example_dags/tutorial_dag.py took 0.224 seconds
[2025-01-26T10:56:30.743-0300] {processor.py:186} INFO - Started process (PID=12639) to work on /mnt/c/Users/ander/Desktop/airflow-spark/airflow-spark/curso2/ambientX/lib/python3.9/site-packages/airflow/example_dags/tutorial_dag.py
[2025-01-26T10:56:30.744-0300] {processor.py:914} INFO - Processing file /mnt/c/Users/ander/Desktop/airflow-spark/airflow-spark/curso2/ambientX/lib/python3.9/site-packages/airflow/example_dags/tutorial_dag.py for tasks to queue
[2025-01-26T10:56:30.746-0300] {logging_mixin.py:190} INFO - [2025-01-26T10:56:30.746-0300] {dagbag.py:588} INFO - Filling up the DagBag from /mnt/c/Users/ander/Desktop/airflow-spark/airflow-spark/curso2/ambientX/lib/python3.9/site-packages/airflow/example_dags/tutorial_dag.py
[2025-01-26T10:56:30.774-0300] {processor.py:925} INFO - DAG(s) 'tutorial_dag' retrieved from /mnt/c/Users/ander/Desktop/airflow-spark/airflow-spark/curso2/ambientX/lib/python3.9/site-packages/airflow/example_dags/tutorial_dag.py
[2025-01-26T10:56:30.817-0300] {logging_mixin.py:190} INFO - [2025-01-26T10:56:30.817-0300] {dag.py:3239} INFO - Sync 1 DAGs
[2025-01-26T10:56:30.843-0300] {logging_mixin.py:190} INFO - [2025-01-26T10:56:30.843-0300] {dag.py:4180} INFO - Setting next_dagrun for tutorial_dag to None, run_after=None
[2025-01-26T10:56:30.922-0300] {processor.py:208} INFO - Processing /mnt/c/Users/ander/Desktop/airflow-spark/airflow-spark/curso2/ambientX/lib/python3.9/site-packages/airflow/example_dags/tutorial_dag.py took 0.200 seconds
[2025-01-26T10:57:25.489-0300] {processor.py:186} INFO - Started process (PID=12931) to work on /mnt/c/Users/ander/Desktop/airflow-spark/airflow-spark/curso2/ambientX/lib/python3.9/site-packages/airflow/example_dags/tutorial_dag.py
[2025-01-26T10:57:25.491-0300] {processor.py:914} INFO - Processing file /mnt/c/Users/ander/Desktop/airflow-spark/airflow-spark/curso2/ambientX/lib/python3.9/site-packages/airflow/example_dags/tutorial_dag.py for tasks to queue
[2025-01-26T10:57:25.492-0300] {logging_mixin.py:190} INFO - [2025-01-26T10:57:25.492-0300] {dagbag.py:588} INFO - Filling up the DagBag from /mnt/c/Users/ander/Desktop/airflow-spark/airflow-spark/curso2/ambientX/lib/python3.9/site-packages/airflow/example_dags/tutorial_dag.py
[2025-01-26T10:57:25.535-0300] {processor.py:925} INFO - DAG(s) 'tutorial_dag' retrieved from /mnt/c/Users/ander/Desktop/airflow-spark/airflow-spark/curso2/ambientX/lib/python3.9/site-packages/airflow/example_dags/tutorial_dag.py
[2025-01-26T10:57:25.584-0300] {logging_mixin.py:190} INFO - [2025-01-26T10:57:25.584-0300] {dag.py:3239} INFO - Sync 1 DAGs
[2025-01-26T10:57:25.609-0300] {logging_mixin.py:190} INFO - [2025-01-26T10:57:25.608-0300] {dag.py:4180} INFO - Setting next_dagrun for tutorial_dag to None, run_after=None
[2025-01-26T10:57:25.700-0300] {processor.py:208} INFO - Processing /mnt/c/Users/ander/Desktop/airflow-spark/airflow-spark/curso2/ambientX/lib/python3.9/site-packages/airflow/example_dags/tutorial_dag.py took 0.235 seconds
[2025-01-26T10:58:22.472-0300] {processor.py:186} INFO - Started process (PID=13175) to work on /mnt/c/Users/ander/Desktop/airflow-spark/airflow-spark/curso2/ambientX/lib/python3.9/site-packages/airflow/example_dags/tutorial_dag.py
[2025-01-26T10:58:22.474-0300] {processor.py:914} INFO - Processing file /mnt/c/Users/ander/Desktop/airflow-spark/airflow-spark/curso2/ambientX/lib/python3.9/site-packages/airflow/example_dags/tutorial_dag.py for tasks to queue
[2025-01-26T10:58:22.476-0300] {logging_mixin.py:190} INFO - [2025-01-26T10:58:22.475-0300] {dagbag.py:588} INFO - Filling up the DagBag from /mnt/c/Users/ander/Desktop/airflow-spark/airflow-spark/curso2/ambientX/lib/python3.9/site-packages/airflow/example_dags/tutorial_dag.py
[2025-01-26T10:58:22.496-0300] {processor.py:925} INFO - DAG(s) 'tutorial_dag' retrieved from /mnt/c/Users/ander/Desktop/airflow-spark/airflow-spark/curso2/ambientX/lib/python3.9/site-packages/airflow/example_dags/tutorial_dag.py
[2025-01-26T10:58:22.534-0300] {logging_mixin.py:190} INFO - [2025-01-26T10:58:22.534-0300] {dag.py:3239} INFO - Sync 1 DAGs
[2025-01-26T10:58:22.555-0300] {logging_mixin.py:190} INFO - [2025-01-26T10:58:22.555-0300] {dag.py:4180} INFO - Setting next_dagrun for tutorial_dag to None, run_after=None
[2025-01-26T10:58:22.630-0300] {processor.py:208} INFO - Processing /mnt/c/Users/ander/Desktop/airflow-spark/airflow-spark/curso2/ambientX/lib/python3.9/site-packages/airflow/example_dags/tutorial_dag.py took 0.178 seconds
[2025-01-26T10:59:22.050-0300] {processor.py:186} INFO - Started process (PID=13466) to work on /mnt/c/Users/ander/Desktop/airflow-spark/airflow-spark/curso2/ambientX/lib/python3.9/site-packages/airflow/example_dags/tutorial_dag.py
[2025-01-26T10:59:22.051-0300] {processor.py:914} INFO - Processing file /mnt/c/Users/ander/Desktop/airflow-spark/airflow-spark/curso2/ambientX/lib/python3.9/site-packages/airflow/example_dags/tutorial_dag.py for tasks to queue
[2025-01-26T10:59:22.053-0300] {logging_mixin.py:190} INFO - [2025-01-26T10:59:22.053-0300] {dagbag.py:588} INFO - Filling up the DagBag from /mnt/c/Users/ander/Desktop/airflow-spark/airflow-spark/curso2/ambientX/lib/python3.9/site-packages/airflow/example_dags/tutorial_dag.py
[2025-01-26T10:59:22.075-0300] {processor.py:925} INFO - DAG(s) 'tutorial_dag' retrieved from /mnt/c/Users/ander/Desktop/airflow-spark/airflow-spark/curso2/ambientX/lib/python3.9/site-packages/airflow/example_dags/tutorial_dag.py
[2025-01-26T10:59:22.113-0300] {logging_mixin.py:190} INFO - [2025-01-26T10:59:22.113-0300] {dag.py:3239} INFO - Sync 1 DAGs
[2025-01-26T10:59:22.134-0300] {logging_mixin.py:190} INFO - [2025-01-26T10:59:22.133-0300] {dag.py:4180} INFO - Setting next_dagrun for tutorial_dag to None, run_after=None
[2025-01-26T10:59:22.193-0300] {processor.py:208} INFO - Processing /mnt/c/Users/ander/Desktop/airflow-spark/airflow-spark/curso2/ambientX/lib/python3.9/site-packages/airflow/example_dags/tutorial_dag.py took 0.159 seconds
[2025-01-26T11:00:18.553-0300] {processor.py:186} INFO - Started process (PID=13743) to work on /mnt/c/Users/ander/Desktop/airflow-spark/airflow-spark/curso2/ambientX/lib/python3.9/site-packages/airflow/example_dags/tutorial_dag.py
[2025-01-26T11:00:18.555-0300] {processor.py:914} INFO - Processing file /mnt/c/Users/ander/Desktop/airflow-spark/airflow-spark/curso2/ambientX/lib/python3.9/site-packages/airflow/example_dags/tutorial_dag.py for tasks to queue
[2025-01-26T11:00:18.557-0300] {logging_mixin.py:190} INFO - [2025-01-26T11:00:18.556-0300] {dagbag.py:588} INFO - Filling up the DagBag from /mnt/c/Users/ander/Desktop/airflow-spark/airflow-spark/curso2/ambientX/lib/python3.9/site-packages/airflow/example_dags/tutorial_dag.py
[2025-01-26T11:00:18.624-0300] {processor.py:925} INFO - DAG(s) 'tutorial_dag' retrieved from /mnt/c/Users/ander/Desktop/airflow-spark/airflow-spark/curso2/ambientX/lib/python3.9/site-packages/airflow/example_dags/tutorial_dag.py
[2025-01-26T11:00:18.709-0300] {logging_mixin.py:190} INFO - [2025-01-26T11:00:18.709-0300] {dag.py:3239} INFO - Sync 1 DAGs
[2025-01-26T11:00:18.770-0300] {logging_mixin.py:190} INFO - [2025-01-26T11:00:18.769-0300] {dag.py:4180} INFO - Setting next_dagrun for tutorial_dag to None, run_after=None
[2025-01-26T11:00:18.894-0300] {processor.py:208} INFO - Processing /mnt/c/Users/ander/Desktop/airflow-spark/airflow-spark/curso2/ambientX/lib/python3.9/site-packages/airflow/example_dags/tutorial_dag.py took 0.365 seconds
[2025-01-26T11:01:17.975-0300] {processor.py:186} INFO - Started process (PID=14045) to work on /mnt/c/Users/ander/Desktop/airflow-spark/airflow-spark/curso2/ambientX/lib/python3.9/site-packages/airflow/example_dags/tutorial_dag.py
[2025-01-26T11:01:17.978-0300] {processor.py:914} INFO - Processing file /mnt/c/Users/ander/Desktop/airflow-spark/airflow-spark/curso2/ambientX/lib/python3.9/site-packages/airflow/example_dags/tutorial_dag.py for tasks to queue
[2025-01-26T11:01:17.980-0300] {logging_mixin.py:190} INFO - [2025-01-26T11:01:17.980-0300] {dagbag.py:588} INFO - Filling up the DagBag from /mnt/c/Users/ander/Desktop/airflow-spark/airflow-spark/curso2/ambientX/lib/python3.9/site-packages/airflow/example_dags/tutorial_dag.py
[2025-01-26T11:01:18.017-0300] {processor.py:925} INFO - DAG(s) 'tutorial_dag' retrieved from /mnt/c/Users/ander/Desktop/airflow-spark/airflow-spark/curso2/ambientX/lib/python3.9/site-packages/airflow/example_dags/tutorial_dag.py
[2025-01-26T11:01:18.111-0300] {logging_mixin.py:190} INFO - [2025-01-26T11:01:18.111-0300] {dag.py:3239} INFO - Sync 1 DAGs
[2025-01-26T11:01:18.157-0300] {logging_mixin.py:190} INFO - [2025-01-26T11:01:18.157-0300] {dag.py:4180} INFO - Setting next_dagrun for tutorial_dag to None, run_after=None
[2025-01-26T11:01:18.299-0300] {processor.py:208} INFO - Processing /mnt/c/Users/ander/Desktop/airflow-spark/airflow-spark/curso2/ambientX/lib/python3.9/site-packages/airflow/example_dags/tutorial_dag.py took 0.358 seconds
[2025-01-26T11:02:16.384-0300] {processor.py:186} INFO - Started process (PID=14278) to work on /mnt/c/Users/ander/Desktop/airflow-spark/airflow-spark/curso2/ambientX/lib/python3.9/site-packages/airflow/example_dags/tutorial_dag.py
[2025-01-26T11:02:16.387-0300] {processor.py:914} INFO - Processing file /mnt/c/Users/ander/Desktop/airflow-spark/airflow-spark/curso2/ambientX/lib/python3.9/site-packages/airflow/example_dags/tutorial_dag.py for tasks to queue
[2025-01-26T11:02:16.391-0300] {logging_mixin.py:190} INFO - [2025-01-26T11:02:16.390-0300] {dagbag.py:588} INFO - Filling up the DagBag from /mnt/c/Users/ander/Desktop/airflow-spark/airflow-spark/curso2/ambientX/lib/python3.9/site-packages/airflow/example_dags/tutorial_dag.py
[2025-01-26T11:02:16.417-0300] {processor.py:925} INFO - DAG(s) 'tutorial_dag' retrieved from /mnt/c/Users/ander/Desktop/airflow-spark/airflow-spark/curso2/ambientX/lib/python3.9/site-packages/airflow/example_dags/tutorial_dag.py
[2025-01-26T11:02:16.463-0300] {logging_mixin.py:190} INFO - [2025-01-26T11:02:16.462-0300] {dag.py:3239} INFO - Sync 1 DAGs
[2025-01-26T11:02:16.488-0300] {logging_mixin.py:190} INFO - [2025-01-26T11:02:16.488-0300] {dag.py:4180} INFO - Setting next_dagrun for tutorial_dag to None, run_after=None
[2025-01-26T11:02:16.570-0300] {processor.py:208} INFO - Processing /mnt/c/Users/ander/Desktop/airflow-spark/airflow-spark/curso2/ambientX/lib/python3.9/site-packages/airflow/example_dags/tutorial_dag.py took 0.205 seconds
[2025-01-26T11:03:11.847-0300] {processor.py:186} INFO - Started process (PID=15022) to work on /mnt/c/Users/ander/Desktop/airflow-spark/airflow-spark/curso2/ambientX/lib/python3.9/site-packages/airflow/example_dags/tutorial_dag.py
[2025-01-26T11:03:11.849-0300] {processor.py:914} INFO - Processing file /mnt/c/Users/ander/Desktop/airflow-spark/airflow-spark/curso2/ambientX/lib/python3.9/site-packages/airflow/example_dags/tutorial_dag.py for tasks to queue
[2025-01-26T11:03:11.855-0300] {logging_mixin.py:190} INFO - [2025-01-26T11:03:11.854-0300] {dagbag.py:588} INFO - Filling up the DagBag from /mnt/c/Users/ander/Desktop/airflow-spark/airflow-spark/curso2/ambientX/lib/python3.9/site-packages/airflow/example_dags/tutorial_dag.py
[2025-01-26T11:03:11.899-0300] {processor.py:925} INFO - DAG(s) 'tutorial_dag' retrieved from /mnt/c/Users/ander/Desktop/airflow-spark/airflow-spark/curso2/ambientX/lib/python3.9/site-packages/airflow/example_dags/tutorial_dag.py
[2025-01-26T11:03:11.937-0300] {logging_mixin.py:190} INFO - [2025-01-26T11:03:11.937-0300] {dag.py:3239} INFO - Sync 1 DAGs
[2025-01-26T11:03:11.959-0300] {logging_mixin.py:190} INFO - [2025-01-26T11:03:11.959-0300] {dag.py:4180} INFO - Setting next_dagrun for tutorial_dag to None, run_after=None
[2025-01-26T11:03:12.020-0300] {processor.py:208} INFO - Processing /mnt/c/Users/ander/Desktop/airflow-spark/airflow-spark/curso2/ambientX/lib/python3.9/site-packages/airflow/example_dags/tutorial_dag.py took 0.214 seconds
[2025-01-26T11:04:07.198-0300] {processor.py:186} INFO - Started process (PID=15253) to work on /mnt/c/Users/ander/Desktop/airflow-spark/airflow-spark/curso2/ambientX/lib/python3.9/site-packages/airflow/example_dags/tutorial_dag.py
[2025-01-26T11:04:07.200-0300] {processor.py:914} INFO - Processing file /mnt/c/Users/ander/Desktop/airflow-spark/airflow-spark/curso2/ambientX/lib/python3.9/site-packages/airflow/example_dags/tutorial_dag.py for tasks to queue
[2025-01-26T11:04:07.202-0300] {logging_mixin.py:190} INFO - [2025-01-26T11:04:07.201-0300] {dagbag.py:588} INFO - Filling up the DagBag from /mnt/c/Users/ander/Desktop/airflow-spark/airflow-spark/curso2/ambientX/lib/python3.9/site-packages/airflow/example_dags/tutorial_dag.py
[2025-01-26T11:04:07.227-0300] {processor.py:925} INFO - DAG(s) 'tutorial_dag' retrieved from /mnt/c/Users/ander/Desktop/airflow-spark/airflow-spark/curso2/ambientX/lib/python3.9/site-packages/airflow/example_dags/tutorial_dag.py
[2025-01-26T11:04:07.268-0300] {logging_mixin.py:190} INFO - [2025-01-26T11:04:07.268-0300] {dag.py:3239} INFO - Sync 1 DAGs
[2025-01-26T11:04:07.289-0300] {logging_mixin.py:190} INFO - [2025-01-26T11:04:07.289-0300] {dag.py:4180} INFO - Setting next_dagrun for tutorial_dag to None, run_after=None
[2025-01-26T11:04:07.360-0300] {processor.py:208} INFO - Processing /mnt/c/Users/ander/Desktop/airflow-spark/airflow-spark/curso2/ambientX/lib/python3.9/site-packages/airflow/example_dags/tutorial_dag.py took 0.181 seconds
[2025-01-26T11:04:57.854-0300] {processor.py:186} INFO - Started process (PID=15471) to work on /mnt/c/Users/ander/Desktop/airflow-spark/airflow-spark/curso2/ambientX/lib/python3.9/site-packages/airflow/example_dags/tutorial_dag.py
[2025-01-26T11:04:57.855-0300] {processor.py:914} INFO - Processing file /mnt/c/Users/ander/Desktop/airflow-spark/airflow-spark/curso2/ambientX/lib/python3.9/site-packages/airflow/example_dags/tutorial_dag.py for tasks to queue
[2025-01-26T11:04:57.857-0300] {logging_mixin.py:190} INFO - [2025-01-26T11:04:57.857-0300] {dagbag.py:588} INFO - Filling up the DagBag from /mnt/c/Users/ander/Desktop/airflow-spark/airflow-spark/curso2/ambientX/lib/python3.9/site-packages/airflow/example_dags/tutorial_dag.py
[2025-01-26T11:04:57.883-0300] {processor.py:925} INFO - DAG(s) 'tutorial_dag' retrieved from /mnt/c/Users/ander/Desktop/airflow-spark/airflow-spark/curso2/ambientX/lib/python3.9/site-packages/airflow/example_dags/tutorial_dag.py
[2025-01-26T11:04:57.926-0300] {logging_mixin.py:190} INFO - [2025-01-26T11:04:57.925-0300] {dag.py:3239} INFO - Sync 1 DAGs
[2025-01-26T11:04:57.947-0300] {logging_mixin.py:190} INFO - [2025-01-26T11:04:57.946-0300] {dag.py:4180} INFO - Setting next_dagrun for tutorial_dag to None, run_after=None
[2025-01-26T11:04:58.015-0300] {processor.py:208} INFO - Processing /mnt/c/Users/ander/Desktop/airflow-spark/airflow-spark/curso2/ambientX/lib/python3.9/site-packages/airflow/example_dags/tutorial_dag.py took 0.179 seconds
[2025-01-26T11:05:50.254-0300] {processor.py:186} INFO - Started process (PID=15696) to work on /mnt/c/Users/ander/Desktop/airflow-spark/airflow-spark/curso2/ambientX/lib/python3.9/site-packages/airflow/example_dags/tutorial_dag.py
[2025-01-26T11:05:50.255-0300] {processor.py:914} INFO - Processing file /mnt/c/Users/ander/Desktop/airflow-spark/airflow-spark/curso2/ambientX/lib/python3.9/site-packages/airflow/example_dags/tutorial_dag.py for tasks to queue
[2025-01-26T11:05:50.257-0300] {logging_mixin.py:190} INFO - [2025-01-26T11:05:50.257-0300] {dagbag.py:588} INFO - Filling up the DagBag from /mnt/c/Users/ander/Desktop/airflow-spark/airflow-spark/curso2/ambientX/lib/python3.9/site-packages/airflow/example_dags/tutorial_dag.py
[2025-01-26T11:05:50.281-0300] {processor.py:925} INFO - DAG(s) 'tutorial_dag' retrieved from /mnt/c/Users/ander/Desktop/airflow-spark/airflow-spark/curso2/ambientX/lib/python3.9/site-packages/airflow/example_dags/tutorial_dag.py
[2025-01-26T11:05:50.319-0300] {logging_mixin.py:190} INFO - [2025-01-26T11:05:50.319-0300] {dag.py:3239} INFO - Sync 1 DAGs
[2025-01-26T11:05:50.339-0300] {logging_mixin.py:190} INFO - [2025-01-26T11:05:50.339-0300] {dag.py:4180} INFO - Setting next_dagrun for tutorial_dag to None, run_after=None
[2025-01-26T11:05:50.401-0300] {processor.py:208} INFO - Processing /mnt/c/Users/ander/Desktop/airflow-spark/airflow-spark/curso2/ambientX/lib/python3.9/site-packages/airflow/example_dags/tutorial_dag.py took 0.164 seconds
[2025-01-26T11:06:38.337-0300] {processor.py:186} INFO - Started process (PID=15847) to work on /mnt/c/Users/ander/Desktop/airflow-spark/airflow-spark/curso2/ambientX/lib/python3.9/site-packages/airflow/example_dags/tutorial_dag.py
[2025-01-26T11:06:38.338-0300] {processor.py:914} INFO - Processing file /mnt/c/Users/ander/Desktop/airflow-spark/airflow-spark/curso2/ambientX/lib/python3.9/site-packages/airflow/example_dags/tutorial_dag.py for tasks to queue
[2025-01-26T11:06:38.342-0300] {logging_mixin.py:190} INFO - [2025-01-26T11:06:38.341-0300] {dagbag.py:588} INFO - Filling up the DagBag from /mnt/c/Users/ander/Desktop/airflow-spark/airflow-spark/curso2/ambientX/lib/python3.9/site-packages/airflow/example_dags/tutorial_dag.py
[2025-01-26T11:06:38.376-0300] {processor.py:925} INFO - DAG(s) 'tutorial_dag' retrieved from /mnt/c/Users/ander/Desktop/airflow-spark/airflow-spark/curso2/ambientX/lib/python3.9/site-packages/airflow/example_dags/tutorial_dag.py
[2025-01-26T11:06:38.419-0300] {logging_mixin.py:190} INFO - [2025-01-26T11:06:38.419-0300] {dag.py:3239} INFO - Sync 1 DAGs
[2025-01-26T11:06:38.440-0300] {logging_mixin.py:190} INFO - [2025-01-26T11:06:38.440-0300] {dag.py:4180} INFO - Setting next_dagrun for tutorial_dag to None, run_after=None
[2025-01-26T11:06:38.507-0300] {processor.py:208} INFO - Processing /mnt/c/Users/ander/Desktop/airflow-spark/airflow-spark/curso2/ambientX/lib/python3.9/site-packages/airflow/example_dags/tutorial_dag.py took 0.198 seconds
[2025-01-26T11:07:31.345-0300] {processor.py:186} INFO - Started process (PID=16069) to work on /mnt/c/Users/ander/Desktop/airflow-spark/airflow-spark/curso2/ambientX/lib/python3.9/site-packages/airflow/example_dags/tutorial_dag.py
[2025-01-26T11:07:31.346-0300] {processor.py:914} INFO - Processing file /mnt/c/Users/ander/Desktop/airflow-spark/airflow-spark/curso2/ambientX/lib/python3.9/site-packages/airflow/example_dags/tutorial_dag.py for tasks to queue
[2025-01-26T11:07:31.348-0300] {logging_mixin.py:190} INFO - [2025-01-26T11:07:31.348-0300] {dagbag.py:588} INFO - Filling up the DagBag from /mnt/c/Users/ander/Desktop/airflow-spark/airflow-spark/curso2/ambientX/lib/python3.9/site-packages/airflow/example_dags/tutorial_dag.py
[2025-01-26T11:07:31.374-0300] {processor.py:925} INFO - DAG(s) 'tutorial_dag' retrieved from /mnt/c/Users/ander/Desktop/airflow-spark/airflow-spark/curso2/ambientX/lib/python3.9/site-packages/airflow/example_dags/tutorial_dag.py
[2025-01-26T11:07:31.414-0300] {logging_mixin.py:190} INFO - [2025-01-26T11:07:31.414-0300] {dag.py:3239} INFO - Sync 1 DAGs
[2025-01-26T11:07:31.435-0300] {logging_mixin.py:190} INFO - [2025-01-26T11:07:31.435-0300] {dag.py:4180} INFO - Setting next_dagrun for tutorial_dag to None, run_after=None
[2025-01-26T11:07:31.501-0300] {processor.py:208} INFO - Processing /mnt/c/Users/ander/Desktop/airflow-spark/airflow-spark/curso2/ambientX/lib/python3.9/site-packages/airflow/example_dags/tutorial_dag.py took 0.174 seconds
[2025-01-26T11:08:21.004-0300] {processor.py:186} INFO - Started process (PID=16348) to work on /mnt/c/Users/ander/Desktop/airflow-spark/airflow-spark/curso2/ambientX/lib/python3.9/site-packages/airflow/example_dags/tutorial_dag.py
[2025-01-26T11:08:21.005-0300] {processor.py:914} INFO - Processing file /mnt/c/Users/ander/Desktop/airflow-spark/airflow-spark/curso2/ambientX/lib/python3.9/site-packages/airflow/example_dags/tutorial_dag.py for tasks to queue
[2025-01-26T11:08:21.007-0300] {logging_mixin.py:190} INFO - [2025-01-26T11:08:21.006-0300] {dagbag.py:588} INFO - Filling up the DagBag from /mnt/c/Users/ander/Desktop/airflow-spark/airflow-spark/curso2/ambientX/lib/python3.9/site-packages/airflow/example_dags/tutorial_dag.py
[2025-01-26T11:08:21.032-0300] {processor.py:925} INFO - DAG(s) 'tutorial_dag' retrieved from /mnt/c/Users/ander/Desktop/airflow-spark/airflow-spark/curso2/ambientX/lib/python3.9/site-packages/airflow/example_dags/tutorial_dag.py
[2025-01-26T11:08:21.098-0300] {logging_mixin.py:190} INFO - [2025-01-26T11:08:21.098-0300] {dag.py:3239} INFO - Sync 1 DAGs
[2025-01-26T11:08:21.121-0300] {logging_mixin.py:190} INFO - [2025-01-26T11:08:21.121-0300] {dag.py:4180} INFO - Setting next_dagrun for tutorial_dag to None, run_after=None
[2025-01-26T11:08:21.182-0300] {processor.py:208} INFO - Processing /mnt/c/Users/ander/Desktop/airflow-spark/airflow-spark/curso2/ambientX/lib/python3.9/site-packages/airflow/example_dags/tutorial_dag.py took 0.194 seconds
[2025-01-26T11:09:14.560-0300] {processor.py:186} INFO - Started process (PID=16572) to work on /mnt/c/Users/ander/Desktop/airflow-spark/airflow-spark/curso2/ambientX/lib/python3.9/site-packages/airflow/example_dags/tutorial_dag.py
[2025-01-26T11:09:14.562-0300] {processor.py:914} INFO - Processing file /mnt/c/Users/ander/Desktop/airflow-spark/airflow-spark/curso2/ambientX/lib/python3.9/site-packages/airflow/example_dags/tutorial_dag.py for tasks to queue
[2025-01-26T11:09:14.564-0300] {logging_mixin.py:190} INFO - [2025-01-26T11:09:14.564-0300] {dagbag.py:588} INFO - Filling up the DagBag from /mnt/c/Users/ander/Desktop/airflow-spark/airflow-spark/curso2/ambientX/lib/python3.9/site-packages/airflow/example_dags/tutorial_dag.py
[2025-01-26T11:09:14.588-0300] {processor.py:925} INFO - DAG(s) 'tutorial_dag' retrieved from /mnt/c/Users/ander/Desktop/airflow-spark/airflow-spark/curso2/ambientX/lib/python3.9/site-packages/airflow/example_dags/tutorial_dag.py
[2025-01-26T11:09:14.628-0300] {logging_mixin.py:190} INFO - [2025-01-26T11:09:14.628-0300] {dag.py:3239} INFO - Sync 1 DAGs
[2025-01-26T11:09:14.649-0300] {logging_mixin.py:190} INFO - [2025-01-26T11:09:14.648-0300] {dag.py:4180} INFO - Setting next_dagrun for tutorial_dag to None, run_after=None
[2025-01-26T11:09:14.714-0300] {processor.py:208} INFO - Processing /mnt/c/Users/ander/Desktop/airflow-spark/airflow-spark/curso2/ambientX/lib/python3.9/site-packages/airflow/example_dags/tutorial_dag.py took 0.172 seconds
[2025-01-26T11:10:02.991-0300] {processor.py:186} INFO - Started process (PID=16789) to work on /mnt/c/Users/ander/Desktop/airflow-spark/airflow-spark/curso2/ambientX/lib/python3.9/site-packages/airflow/example_dags/tutorial_dag.py
[2025-01-26T11:10:02.993-0300] {processor.py:914} INFO - Processing file /mnt/c/Users/ander/Desktop/airflow-spark/airflow-spark/curso2/ambientX/lib/python3.9/site-packages/airflow/example_dags/tutorial_dag.py for tasks to queue
[2025-01-26T11:10:02.996-0300] {logging_mixin.py:190} INFO - [2025-01-26T11:10:02.995-0300] {dagbag.py:588} INFO - Filling up the DagBag from /mnt/c/Users/ander/Desktop/airflow-spark/airflow-spark/curso2/ambientX/lib/python3.9/site-packages/airflow/example_dags/tutorial_dag.py
[2025-01-26T11:10:03.030-0300] {processor.py:925} INFO - DAG(s) 'tutorial_dag' retrieved from /mnt/c/Users/ander/Desktop/airflow-spark/airflow-spark/curso2/ambientX/lib/python3.9/site-packages/airflow/example_dags/tutorial_dag.py
[2025-01-26T11:10:03.079-0300] {logging_mixin.py:190} INFO - [2025-01-26T11:10:03.079-0300] {dag.py:3239} INFO - Sync 1 DAGs
[2025-01-26T11:10:03.109-0300] {logging_mixin.py:190} INFO - [2025-01-26T11:10:03.108-0300] {dag.py:4180} INFO - Setting next_dagrun for tutorial_dag to None, run_after=None
[2025-01-26T11:10:03.192-0300] {processor.py:208} INFO - Processing /mnt/c/Users/ander/Desktop/airflow-spark/airflow-spark/curso2/ambientX/lib/python3.9/site-packages/airflow/example_dags/tutorial_dag.py took 0.222 seconds
[2025-01-26T11:11:03.403-0300] {processor.py:186} INFO - Started process (PID=17031) to work on /mnt/c/Users/ander/Desktop/airflow-spark/airflow-spark/curso2/ambientX/lib/python3.9/site-packages/airflow/example_dags/tutorial_dag.py
[2025-01-26T11:11:03.415-0300] {processor.py:914} INFO - Processing file /mnt/c/Users/ander/Desktop/airflow-spark/airflow-spark/curso2/ambientX/lib/python3.9/site-packages/airflow/example_dags/tutorial_dag.py for tasks to queue
[2025-01-26T11:11:03.417-0300] {logging_mixin.py:190} INFO - [2025-01-26T11:11:03.416-0300] {dagbag.py:588} INFO - Filling up the DagBag from /mnt/c/Users/ander/Desktop/airflow-spark/airflow-spark/curso2/ambientX/lib/python3.9/site-packages/airflow/example_dags/tutorial_dag.py
[2025-01-26T11:11:03.447-0300] {processor.py:925} INFO - DAG(s) 'tutorial_dag' retrieved from /mnt/c/Users/ander/Desktop/airflow-spark/airflow-spark/curso2/ambientX/lib/python3.9/site-packages/airflow/example_dags/tutorial_dag.py
[2025-01-26T11:11:03.513-0300] {logging_mixin.py:190} INFO - [2025-01-26T11:11:03.513-0300] {dag.py:3239} INFO - Sync 1 DAGs
[2025-01-26T11:11:03.532-0300] {logging_mixin.py:190} INFO - [2025-01-26T11:11:03.532-0300] {dag.py:4180} INFO - Setting next_dagrun for tutorial_dag to None, run_after=None
[2025-01-26T11:11:03.967-0300] {processor.py:208} INFO - Processing /mnt/c/Users/ander/Desktop/airflow-spark/airflow-spark/curso2/ambientX/lib/python3.9/site-packages/airflow/example_dags/tutorial_dag.py took 0.582 seconds
[2025-01-26T11:12:28.203-0300] {processor.py:186} INFO - Started process (PID=17340) to work on /mnt/c/Users/ander/Desktop/airflow-spark/airflow-spark/curso2/ambientX/lib/python3.9/site-packages/airflow/example_dags/tutorial_dag.py
[2025-01-26T11:12:28.205-0300] {processor.py:914} INFO - Processing file /mnt/c/Users/ander/Desktop/airflow-spark/airflow-spark/curso2/ambientX/lib/python3.9/site-packages/airflow/example_dags/tutorial_dag.py for tasks to queue
[2025-01-26T11:12:28.207-0300] {logging_mixin.py:190} INFO - [2025-01-26T11:12:28.206-0300] {dagbag.py:588} INFO - Filling up the DagBag from /mnt/c/Users/ander/Desktop/airflow-spark/airflow-spark/curso2/ambientX/lib/python3.9/site-packages/airflow/example_dags/tutorial_dag.py
[2025-01-26T11:12:28.226-0300] {processor.py:925} INFO - DAG(s) 'tutorial_dag' retrieved from /mnt/c/Users/ander/Desktop/airflow-spark/airflow-spark/curso2/ambientX/lib/python3.9/site-packages/airflow/example_dags/tutorial_dag.py
[2025-01-26T11:12:28.260-0300] {logging_mixin.py:190} INFO - [2025-01-26T11:12:28.259-0300] {dag.py:3239} INFO - Sync 1 DAGs
[2025-01-26T11:12:28.278-0300] {logging_mixin.py:190} INFO - [2025-01-26T11:12:28.278-0300] {dag.py:4180} INFO - Setting next_dagrun for tutorial_dag to None, run_after=None
[2025-01-26T11:12:28.910-0300] {processor.py:208} INFO - Processing /mnt/c/Users/ander/Desktop/airflow-spark/airflow-spark/curso2/ambientX/lib/python3.9/site-packages/airflow/example_dags/tutorial_dag.py took 0.721 seconds
[2025-01-26T11:14:23.195-0300] {processor.py:186} INFO - Started process (PID=17906) to work on /mnt/c/Users/ander/Desktop/airflow-spark/airflow-spark/curso2/ambientX/lib/python3.9/site-packages/airflow/example_dags/tutorial_dag.py
[2025-01-26T11:14:23.197-0300] {processor.py:914} INFO - Processing file /mnt/c/Users/ander/Desktop/airflow-spark/airflow-spark/curso2/ambientX/lib/python3.9/site-packages/airflow/example_dags/tutorial_dag.py for tasks to queue
[2025-01-26T11:14:23.199-0300] {logging_mixin.py:190} INFO - [2025-01-26T11:14:23.198-0300] {dagbag.py:588} INFO - Filling up the DagBag from /mnt/c/Users/ander/Desktop/airflow-spark/airflow-spark/curso2/ambientX/lib/python3.9/site-packages/airflow/example_dags/tutorial_dag.py
[2025-01-26T11:14:23.223-0300] {processor.py:925} INFO - DAG(s) 'tutorial_dag' retrieved from /mnt/c/Users/ander/Desktop/airflow-spark/airflow-spark/curso2/ambientX/lib/python3.9/site-packages/airflow/example_dags/tutorial_dag.py
[2025-01-26T11:14:23.263-0300] {logging_mixin.py:190} INFO - [2025-01-26T11:14:23.263-0300] {dag.py:3239} INFO - Sync 1 DAGs
[2025-01-26T11:14:23.283-0300] {logging_mixin.py:190} INFO - [2025-01-26T11:14:23.282-0300] {dag.py:4180} INFO - Setting next_dagrun for tutorial_dag to None, run_after=None
[2025-01-26T11:14:23.783-0300] {processor.py:208} INFO - Processing /mnt/c/Users/ander/Desktop/airflow-spark/airflow-spark/curso2/ambientX/lib/python3.9/site-packages/airflow/example_dags/tutorial_dag.py took 0.606 seconds
[2025-01-26T11:16:15.969-0300] {processor.py:186} INFO - Started process (PID=18479) to work on /mnt/c/Users/ander/Desktop/airflow-spark/airflow-spark/curso2/ambientX/lib/python3.9/site-packages/airflow/example_dags/tutorial_dag.py
[2025-01-26T11:16:15.971-0300] {processor.py:914} INFO - Processing file /mnt/c/Users/ander/Desktop/airflow-spark/airflow-spark/curso2/ambientX/lib/python3.9/site-packages/airflow/example_dags/tutorial_dag.py for tasks to queue
[2025-01-26T11:16:15.973-0300] {logging_mixin.py:190} INFO - [2025-01-26T11:16:15.972-0300] {dagbag.py:588} INFO - Filling up the DagBag from /mnt/c/Users/ander/Desktop/airflow-spark/airflow-spark/curso2/ambientX/lib/python3.9/site-packages/airflow/example_dags/tutorial_dag.py
[2025-01-26T11:16:15.999-0300] {processor.py:925} INFO - DAG(s) 'tutorial_dag' retrieved from /mnt/c/Users/ander/Desktop/airflow-spark/airflow-spark/curso2/ambientX/lib/python3.9/site-packages/airflow/example_dags/tutorial_dag.py
[2025-01-26T11:16:16.044-0300] {logging_mixin.py:190} INFO - [2025-01-26T11:16:16.044-0300] {dag.py:3239} INFO - Sync 1 DAGs
[2025-01-26T11:16:16.070-0300] {logging_mixin.py:190} INFO - [2025-01-26T11:16:16.070-0300] {dag.py:4180} INFO - Setting next_dagrun for tutorial_dag to None, run_after=None
[2025-01-26T11:16:16.863-0300] {processor.py:208} INFO - Processing /mnt/c/Users/ander/Desktop/airflow-spark/airflow-spark/curso2/ambientX/lib/python3.9/site-packages/airflow/example_dags/tutorial_dag.py took 0.912 seconds
[2025-01-26T11:17:58.382-0300] {processor.py:186} INFO - Started process (PID=18964) to work on /mnt/c/Users/ander/Desktop/airflow-spark/airflow-spark/curso2/ambientX/lib/python3.9/site-packages/airflow/example_dags/tutorial_dag.py
[2025-01-26T11:17:58.383-0300] {processor.py:914} INFO - Processing file /mnt/c/Users/ander/Desktop/airflow-spark/airflow-spark/curso2/ambientX/lib/python3.9/site-packages/airflow/example_dags/tutorial_dag.py for tasks to queue
[2025-01-26T11:17:58.386-0300] {logging_mixin.py:190} INFO - [2025-01-26T11:17:58.385-0300] {dagbag.py:588} INFO - Filling up the DagBag from /mnt/c/Users/ander/Desktop/airflow-spark/airflow-spark/curso2/ambientX/lib/python3.9/site-packages/airflow/example_dags/tutorial_dag.py
[2025-01-26T11:17:58.412-0300] {processor.py:925} INFO - DAG(s) 'tutorial_dag' retrieved from /mnt/c/Users/ander/Desktop/airflow-spark/airflow-spark/curso2/ambientX/lib/python3.9/site-packages/airflow/example_dags/tutorial_dag.py
[2025-01-26T11:17:58.454-0300] {logging_mixin.py:190} INFO - [2025-01-26T11:17:58.453-0300] {dag.py:3239} INFO - Sync 1 DAGs
[2025-01-26T11:17:58.475-0300] {logging_mixin.py:190} INFO - [2025-01-26T11:17:58.475-0300] {dag.py:4180} INFO - Setting next_dagrun for tutorial_dag to None, run_after=None
[2025-01-26T11:17:58.914-0300] {processor.py:208} INFO - Processing /mnt/c/Users/ander/Desktop/airflow-spark/airflow-spark/curso2/ambientX/lib/python3.9/site-packages/airflow/example_dags/tutorial_dag.py took 0.550 seconds
[2025-01-26T11:19:25.087-0300] {processor.py:186} INFO - Started process (PID=19353) to work on /mnt/c/Users/ander/Desktop/airflow-spark/airflow-spark/curso2/ambientX/lib/python3.9/site-packages/airflow/example_dags/tutorial_dag.py
[2025-01-26T11:19:25.088-0300] {processor.py:914} INFO - Processing file /mnt/c/Users/ander/Desktop/airflow-spark/airflow-spark/curso2/ambientX/lib/python3.9/site-packages/airflow/example_dags/tutorial_dag.py for tasks to queue
[2025-01-26T11:19:25.090-0300] {logging_mixin.py:190} INFO - [2025-01-26T11:19:25.090-0300] {dagbag.py:588} INFO - Filling up the DagBag from /mnt/c/Users/ander/Desktop/airflow-spark/airflow-spark/curso2/ambientX/lib/python3.9/site-packages/airflow/example_dags/tutorial_dag.py
[2025-01-26T11:19:25.119-0300] {processor.py:925} INFO - DAG(s) 'tutorial_dag' retrieved from /mnt/c/Users/ander/Desktop/airflow-spark/airflow-spark/curso2/ambientX/lib/python3.9/site-packages/airflow/example_dags/tutorial_dag.py
[2025-01-26T11:19:25.161-0300] {logging_mixin.py:190} INFO - [2025-01-26T11:19:25.161-0300] {dag.py:3239} INFO - Sync 1 DAGs
[2025-01-26T11:19:25.185-0300] {logging_mixin.py:190} INFO - [2025-01-26T11:19:25.185-0300] {dag.py:4180} INFO - Setting next_dagrun for tutorial_dag to None, run_after=None
[2025-01-26T11:19:25.298-0300] {processor.py:208} INFO - Processing /mnt/c/Users/ander/Desktop/airflow-spark/airflow-spark/curso2/ambientX/lib/python3.9/site-packages/airflow/example_dags/tutorial_dag.py took 0.229 seconds
[2025-01-26T11:21:29.680-0300] {processor.py:186} INFO - Started process (PID=19831) to work on /mnt/c/Users/ander/Desktop/airflow-spark/airflow-spark/curso2/ambientX/lib/python3.9/site-packages/airflow/example_dags/tutorial_dag.py
[2025-01-26T11:21:29.682-0300] {processor.py:914} INFO - Processing file /mnt/c/Users/ander/Desktop/airflow-spark/airflow-spark/curso2/ambientX/lib/python3.9/site-packages/airflow/example_dags/tutorial_dag.py for tasks to queue
[2025-01-26T11:21:29.684-0300] {logging_mixin.py:190} INFO - [2025-01-26T11:21:29.683-0300] {dagbag.py:588} INFO - Filling up the DagBag from /mnt/c/Users/ander/Desktop/airflow-spark/airflow-spark/curso2/ambientX/lib/python3.9/site-packages/airflow/example_dags/tutorial_dag.py
[2025-01-26T11:21:29.709-0300] {processor.py:925} INFO - DAG(s) 'tutorial_dag' retrieved from /mnt/c/Users/ander/Desktop/airflow-spark/airflow-spark/curso2/ambientX/lib/python3.9/site-packages/airflow/example_dags/tutorial_dag.py
[2025-01-26T11:21:29.750-0300] {logging_mixin.py:190} INFO - [2025-01-26T11:21:29.750-0300] {dag.py:3239} INFO - Sync 1 DAGs
[2025-01-26T11:21:29.771-0300] {logging_mixin.py:190} INFO - [2025-01-26T11:21:29.771-0300] {dag.py:4180} INFO - Setting next_dagrun for tutorial_dag to None, run_after=None
[2025-01-26T11:21:30.220-0300] {processor.py:208} INFO - Processing /mnt/c/Users/ander/Desktop/airflow-spark/airflow-spark/curso2/ambientX/lib/python3.9/site-packages/airflow/example_dags/tutorial_dag.py took 0.558 seconds
[2025-01-26T11:23:15.821-0300] {processor.py:186} INFO - Started process (PID=20266) to work on /mnt/c/Users/ander/Desktop/airflow-spark/airflow-spark/curso2/ambientX/lib/python3.9/site-packages/airflow/example_dags/tutorial_dag.py
[2025-01-26T11:23:15.823-0300] {processor.py:914} INFO - Processing file /mnt/c/Users/ander/Desktop/airflow-spark/airflow-spark/curso2/ambientX/lib/python3.9/site-packages/airflow/example_dags/tutorial_dag.py for tasks to queue
[2025-01-26T11:23:15.825-0300] {logging_mixin.py:190} INFO - [2025-01-26T11:23:15.824-0300] {dagbag.py:588} INFO - Filling up the DagBag from /mnt/c/Users/ander/Desktop/airflow-spark/airflow-spark/curso2/ambientX/lib/python3.9/site-packages/airflow/example_dags/tutorial_dag.py
[2025-01-26T11:23:15.849-0300] {processor.py:925} INFO - DAG(s) 'tutorial_dag' retrieved from /mnt/c/Users/ander/Desktop/airflow-spark/airflow-spark/curso2/ambientX/lib/python3.9/site-packages/airflow/example_dags/tutorial_dag.py
[2025-01-26T11:23:15.889-0300] {logging_mixin.py:190} INFO - [2025-01-26T11:23:15.889-0300] {dag.py:3239} INFO - Sync 1 DAGs
[2025-01-26T11:23:15.913-0300] {logging_mixin.py:190} INFO - [2025-01-26T11:23:15.912-0300] {dag.py:4180} INFO - Setting next_dagrun for tutorial_dag to None, run_after=None
[2025-01-26T11:23:15.991-0300] {processor.py:208} INFO - Processing /mnt/c/Users/ander/Desktop/airflow-spark/airflow-spark/curso2/ambientX/lib/python3.9/site-packages/airflow/example_dags/tutorial_dag.py took 0.187 seconds
[2025-01-26T11:24:30.205-0300] {processor.py:186} INFO - Started process (PID=20621) to work on /mnt/c/Users/ander/Desktop/airflow-spark/airflow-spark/curso2/ambientX/lib/python3.9/site-packages/airflow/example_dags/tutorial_dag.py
[2025-01-26T11:24:30.207-0300] {processor.py:914} INFO - Processing file /mnt/c/Users/ander/Desktop/airflow-spark/airflow-spark/curso2/ambientX/lib/python3.9/site-packages/airflow/example_dags/tutorial_dag.py for tasks to queue
[2025-01-26T11:24:30.209-0300] {logging_mixin.py:190} INFO - [2025-01-26T11:24:30.208-0300] {dagbag.py:588} INFO - Filling up the DagBag from /mnt/c/Users/ander/Desktop/airflow-spark/airflow-spark/curso2/ambientX/lib/python3.9/site-packages/airflow/example_dags/tutorial_dag.py
[2025-01-26T11:24:30.232-0300] {processor.py:925} INFO - DAG(s) 'tutorial_dag' retrieved from /mnt/c/Users/ander/Desktop/airflow-spark/airflow-spark/curso2/ambientX/lib/python3.9/site-packages/airflow/example_dags/tutorial_dag.py
[2025-01-26T11:24:30.273-0300] {logging_mixin.py:190} INFO - [2025-01-26T11:24:30.273-0300] {dag.py:3239} INFO - Sync 1 DAGs
[2025-01-26T11:24:30.295-0300] {logging_mixin.py:190} INFO - [2025-01-26T11:24:30.294-0300] {dag.py:4180} INFO - Setting next_dagrun for tutorial_dag to None, run_after=None
[2025-01-26T11:24:30.365-0300] {processor.py:208} INFO - Processing /mnt/c/Users/ander/Desktop/airflow-spark/airflow-spark/curso2/ambientX/lib/python3.9/site-packages/airflow/example_dags/tutorial_dag.py took 0.178 seconds
[2025-01-26T11:25:47.597-0300] {processor.py:186} INFO - Started process (PID=20989) to work on /mnt/c/Users/ander/Desktop/airflow-spark/airflow-spark/curso2/ambientX/lib/python3.9/site-packages/airflow/example_dags/tutorial_dag.py
[2025-01-26T11:25:47.598-0300] {processor.py:914} INFO - Processing file /mnt/c/Users/ander/Desktop/airflow-spark/airflow-spark/curso2/ambientX/lib/python3.9/site-packages/airflow/example_dags/tutorial_dag.py for tasks to queue
[2025-01-26T11:25:47.600-0300] {logging_mixin.py:190} INFO - [2025-01-26T11:25:47.599-0300] {dagbag.py:588} INFO - Filling up the DagBag from /mnt/c/Users/ander/Desktop/airflow-spark/airflow-spark/curso2/ambientX/lib/python3.9/site-packages/airflow/example_dags/tutorial_dag.py
[2025-01-26T11:25:47.627-0300] {processor.py:925} INFO - DAG(s) 'tutorial_dag' retrieved from /mnt/c/Users/ander/Desktop/airflow-spark/airflow-spark/curso2/ambientX/lib/python3.9/site-packages/airflow/example_dags/tutorial_dag.py
[2025-01-26T11:25:47.668-0300] {logging_mixin.py:190} INFO - [2025-01-26T11:25:47.668-0300] {dag.py:3239} INFO - Sync 1 DAGs
[2025-01-26T11:25:47.688-0300] {logging_mixin.py:190} INFO - [2025-01-26T11:25:47.687-0300] {dag.py:4180} INFO - Setting next_dagrun for tutorial_dag to None, run_after=None
[2025-01-26T11:25:47.771-0300] {processor.py:208} INFO - Processing /mnt/c/Users/ander/Desktop/airflow-spark/airflow-spark/curso2/ambientX/lib/python3.9/site-packages/airflow/example_dags/tutorial_dag.py took 0.192 seconds
[2025-01-26T11:26:57.528-0300] {processor.py:186} INFO - Started process (PID=21358) to work on /mnt/c/Users/ander/Desktop/airflow-spark/airflow-spark/curso2/ambientX/lib/python3.9/site-packages/airflow/example_dags/tutorial_dag.py
[2025-01-26T11:26:57.530-0300] {processor.py:914} INFO - Processing file /mnt/c/Users/ander/Desktop/airflow-spark/airflow-spark/curso2/ambientX/lib/python3.9/site-packages/airflow/example_dags/tutorial_dag.py for tasks to queue
[2025-01-26T11:26:57.531-0300] {logging_mixin.py:190} INFO - [2025-01-26T11:26:57.531-0300] {dagbag.py:588} INFO - Filling up the DagBag from /mnt/c/Users/ander/Desktop/airflow-spark/airflow-spark/curso2/ambientX/lib/python3.9/site-packages/airflow/example_dags/tutorial_dag.py
[2025-01-26T11:26:57.557-0300] {processor.py:925} INFO - DAG(s) 'tutorial_dag' retrieved from /mnt/c/Users/ander/Desktop/airflow-spark/airflow-spark/curso2/ambientX/lib/python3.9/site-packages/airflow/example_dags/tutorial_dag.py
[2025-01-26T11:26:57.598-0300] {logging_mixin.py:190} INFO - [2025-01-26T11:26:57.598-0300] {dag.py:3239} INFO - Sync 1 DAGs
[2025-01-26T11:26:57.618-0300] {logging_mixin.py:190} INFO - [2025-01-26T11:26:57.618-0300] {dag.py:4180} INFO - Setting next_dagrun for tutorial_dag to None, run_after=None
[2025-01-26T11:26:58.194-0300] {processor.py:208} INFO - Processing /mnt/c/Users/ander/Desktop/airflow-spark/airflow-spark/curso2/ambientX/lib/python3.9/site-packages/airflow/example_dags/tutorial_dag.py took 0.683 seconds
[2025-01-26T11:28:06.608-0300] {processor.py:186} INFO - Started process (PID=21791) to work on /mnt/c/Users/ander/Desktop/airflow-spark/airflow-spark/curso2/ambientX/lib/python3.9/site-packages/airflow/example_dags/tutorial_dag.py
[2025-01-26T11:28:06.609-0300] {processor.py:914} INFO - Processing file /mnt/c/Users/ander/Desktop/airflow-spark/airflow-spark/curso2/ambientX/lib/python3.9/site-packages/airflow/example_dags/tutorial_dag.py for tasks to queue
[2025-01-26T11:28:06.611-0300] {logging_mixin.py:190} INFO - [2025-01-26T11:28:06.610-0300] {dagbag.py:588} INFO - Filling up the DagBag from /mnt/c/Users/ander/Desktop/airflow-spark/airflow-spark/curso2/ambientX/lib/python3.9/site-packages/airflow/example_dags/tutorial_dag.py
[2025-01-26T11:28:06.637-0300] {processor.py:925} INFO - DAG(s) 'tutorial_dag' retrieved from /mnt/c/Users/ander/Desktop/airflow-spark/airflow-spark/curso2/ambientX/lib/python3.9/site-packages/airflow/example_dags/tutorial_dag.py
[2025-01-26T11:28:06.675-0300] {logging_mixin.py:190} INFO - [2025-01-26T11:28:06.674-0300] {dag.py:3239} INFO - Sync 1 DAGs
[2025-01-26T11:28:06.694-0300] {logging_mixin.py:190} INFO - [2025-01-26T11:28:06.694-0300] {dag.py:4180} INFO - Setting next_dagrun for tutorial_dag to None, run_after=None
[2025-01-26T11:28:06.764-0300] {processor.py:208} INFO - Processing /mnt/c/Users/ander/Desktop/airflow-spark/airflow-spark/curso2/ambientX/lib/python3.9/site-packages/airflow/example_dags/tutorial_dag.py took 0.178 seconds
[2025-01-26T11:29:20.818-0300] {processor.py:186} INFO - Started process (PID=22087) to work on /mnt/c/Users/ander/Desktop/airflow-spark/airflow-spark/curso2/ambientX/lib/python3.9/site-packages/airflow/example_dags/tutorial_dag.py
[2025-01-26T11:29:20.819-0300] {processor.py:914} INFO - Processing file /mnt/c/Users/ander/Desktop/airflow-spark/airflow-spark/curso2/ambientX/lib/python3.9/site-packages/airflow/example_dags/tutorial_dag.py for tasks to queue
[2025-01-26T11:29:20.821-0300] {logging_mixin.py:190} INFO - [2025-01-26T11:29:20.820-0300] {dagbag.py:588} INFO - Filling up the DagBag from /mnt/c/Users/ander/Desktop/airflow-spark/airflow-spark/curso2/ambientX/lib/python3.9/site-packages/airflow/example_dags/tutorial_dag.py
[2025-01-26T11:29:20.844-0300] {processor.py:925} INFO - DAG(s) 'tutorial_dag' retrieved from /mnt/c/Users/ander/Desktop/airflow-spark/airflow-spark/curso2/ambientX/lib/python3.9/site-packages/airflow/example_dags/tutorial_dag.py
[2025-01-26T11:29:20.881-0300] {logging_mixin.py:190} INFO - [2025-01-26T11:29:20.881-0300] {dag.py:3239} INFO - Sync 1 DAGs
[2025-01-26T11:29:20.903-0300] {logging_mixin.py:190} INFO - [2025-01-26T11:29:20.903-0300] {dag.py:4180} INFO - Setting next_dagrun for tutorial_dag to None, run_after=None
[2025-01-26T11:29:20.968-0300] {processor.py:208} INFO - Processing /mnt/c/Users/ander/Desktop/airflow-spark/airflow-spark/curso2/ambientX/lib/python3.9/site-packages/airflow/example_dags/tutorial_dag.py took 0.168 seconds
[2025-01-26T11:30:47.589-0300] {processor.py:186} INFO - Started process (PID=22587) to work on /mnt/c/Users/ander/Desktop/airflow-spark/airflow-spark/curso2/ambientX/lib/python3.9/site-packages/airflow/example_dags/tutorial_dag.py
[2025-01-26T11:30:47.590-0300] {processor.py:914} INFO - Processing file /mnt/c/Users/ander/Desktop/airflow-spark/airflow-spark/curso2/ambientX/lib/python3.9/site-packages/airflow/example_dags/tutorial_dag.py for tasks to queue
[2025-01-26T11:30:47.592-0300] {logging_mixin.py:190} INFO - [2025-01-26T11:30:47.591-0300] {dagbag.py:588} INFO - Filling up the DagBag from /mnt/c/Users/ander/Desktop/airflow-spark/airflow-spark/curso2/ambientX/lib/python3.9/site-packages/airflow/example_dags/tutorial_dag.py
[2025-01-26T11:30:47.614-0300] {processor.py:925} INFO - DAG(s) 'tutorial_dag' retrieved from /mnt/c/Users/ander/Desktop/airflow-spark/airflow-spark/curso2/ambientX/lib/python3.9/site-packages/airflow/example_dags/tutorial_dag.py
[2025-01-26T11:30:47.653-0300] {logging_mixin.py:190} INFO - [2025-01-26T11:30:47.653-0300] {dag.py:3239} INFO - Sync 1 DAGs
[2025-01-26T11:30:47.673-0300] {logging_mixin.py:190} INFO - [2025-01-26T11:30:47.673-0300] {dag.py:4180} INFO - Setting next_dagrun for tutorial_dag to None, run_after=None
[2025-01-26T11:30:48.491-0300] {processor.py:208} INFO - Processing /mnt/c/Users/ander/Desktop/airflow-spark/airflow-spark/curso2/ambientX/lib/python3.9/site-packages/airflow/example_dags/tutorial_dag.py took 0.919 seconds
[2025-01-26T11:32:17.819-0300] {processor.py:186} INFO - Started process (PID=22987) to work on /mnt/c/Users/ander/Desktop/airflow-spark/airflow-spark/curso2/ambientX/lib/python3.9/site-packages/airflow/example_dags/tutorial_dag.py
[2025-01-26T11:32:17.821-0300] {processor.py:914} INFO - Processing file /mnt/c/Users/ander/Desktop/airflow-spark/airflow-spark/curso2/ambientX/lib/python3.9/site-packages/airflow/example_dags/tutorial_dag.py for tasks to queue
[2025-01-26T11:32:17.823-0300] {logging_mixin.py:190} INFO - [2025-01-26T11:32:17.822-0300] {dagbag.py:588} INFO - Filling up the DagBag from /mnt/c/Users/ander/Desktop/airflow-spark/airflow-spark/curso2/ambientX/lib/python3.9/site-packages/airflow/example_dags/tutorial_dag.py
[2025-01-26T11:32:17.845-0300] {processor.py:925} INFO - DAG(s) 'tutorial_dag' retrieved from /mnt/c/Users/ander/Desktop/airflow-spark/airflow-spark/curso2/ambientX/lib/python3.9/site-packages/airflow/example_dags/tutorial_dag.py
[2025-01-26T11:32:17.884-0300] {logging_mixin.py:190} INFO - [2025-01-26T11:32:17.884-0300] {dag.py:3239} INFO - Sync 1 DAGs
[2025-01-26T11:32:17.905-0300] {logging_mixin.py:190} INFO - [2025-01-26T11:32:17.905-0300] {dag.py:4180} INFO - Setting next_dagrun for tutorial_dag to None, run_after=None
[2025-01-26T11:32:18.554-0300] {processor.py:208} INFO - Processing /mnt/c/Users/ander/Desktop/airflow-spark/airflow-spark/curso2/ambientX/lib/python3.9/site-packages/airflow/example_dags/tutorial_dag.py took 0.751 seconds
[2025-01-26T11:33:41.262-0300] {processor.py:186} INFO - Started process (PID=23361) to work on /mnt/c/Users/ander/Desktop/airflow-spark/airflow-spark/curso2/ambientX/lib/python3.9/site-packages/airflow/example_dags/tutorial_dag.py
[2025-01-26T11:33:41.264-0300] {processor.py:914} INFO - Processing file /mnt/c/Users/ander/Desktop/airflow-spark/airflow-spark/curso2/ambientX/lib/python3.9/site-packages/airflow/example_dags/tutorial_dag.py for tasks to queue
[2025-01-26T11:33:41.266-0300] {logging_mixin.py:190} INFO - [2025-01-26T11:33:41.265-0300] {dagbag.py:588} INFO - Filling up the DagBag from /mnt/c/Users/ander/Desktop/airflow-spark/airflow-spark/curso2/ambientX/lib/python3.9/site-packages/airflow/example_dags/tutorial_dag.py
[2025-01-26T11:33:41.294-0300] {processor.py:925} INFO - DAG(s) 'tutorial_dag' retrieved from /mnt/c/Users/ander/Desktop/airflow-spark/airflow-spark/curso2/ambientX/lib/python3.9/site-packages/airflow/example_dags/tutorial_dag.py
[2025-01-26T11:33:41.336-0300] {logging_mixin.py:190} INFO - [2025-01-26T11:33:41.336-0300] {dag.py:3239} INFO - Sync 1 DAGs
[2025-01-26T11:33:41.357-0300] {logging_mixin.py:190} INFO - [2025-01-26T11:33:41.357-0300] {dag.py:4180} INFO - Setting next_dagrun for tutorial_dag to None, run_after=None
[2025-01-26T11:33:41.430-0300] {processor.py:208} INFO - Processing /mnt/c/Users/ander/Desktop/airflow-spark/airflow-spark/curso2/ambientX/lib/python3.9/site-packages/airflow/example_dags/tutorial_dag.py took 0.188 seconds
[2025-01-26T11:34:36.310-0300] {processor.py:186} INFO - Started process (PID=23607) to work on /mnt/c/Users/ander/Desktop/airflow-spark/airflow-spark/curso2/ambientX/lib/python3.9/site-packages/airflow/example_dags/tutorial_dag.py
[2025-01-26T11:34:36.312-0300] {processor.py:914} INFO - Processing file /mnt/c/Users/ander/Desktop/airflow-spark/airflow-spark/curso2/ambientX/lib/python3.9/site-packages/airflow/example_dags/tutorial_dag.py for tasks to queue
[2025-01-26T11:34:36.314-0300] {logging_mixin.py:190} INFO - [2025-01-26T11:34:36.313-0300] {dagbag.py:588} INFO - Filling up the DagBag from /mnt/c/Users/ander/Desktop/airflow-spark/airflow-spark/curso2/ambientX/lib/python3.9/site-packages/airflow/example_dags/tutorial_dag.py
[2025-01-26T11:34:36.337-0300] {processor.py:925} INFO - DAG(s) 'tutorial_dag' retrieved from /mnt/c/Users/ander/Desktop/airflow-spark/airflow-spark/curso2/ambientX/lib/python3.9/site-packages/airflow/example_dags/tutorial_dag.py
[2025-01-26T11:34:36.374-0300] {logging_mixin.py:190} INFO - [2025-01-26T11:34:36.374-0300] {dag.py:3239} INFO - Sync 1 DAGs
[2025-01-26T11:34:36.394-0300] {logging_mixin.py:190} INFO - [2025-01-26T11:34:36.393-0300] {dag.py:4180} INFO - Setting next_dagrun for tutorial_dag to None, run_after=None
[2025-01-26T11:34:36.461-0300] {processor.py:208} INFO - Processing /mnt/c/Users/ander/Desktop/airflow-spark/airflow-spark/curso2/ambientX/lib/python3.9/site-packages/airflow/example_dags/tutorial_dag.py took 0.168 seconds
[2025-01-26T11:35:28.659-0300] {processor.py:186} INFO - Started process (PID=23891) to work on /mnt/c/Users/ander/Desktop/airflow-spark/airflow-spark/curso2/ambientX/lib/python3.9/site-packages/airflow/example_dags/tutorial_dag.py
[2025-01-26T11:35:28.660-0300] {processor.py:914} INFO - Processing file /mnt/c/Users/ander/Desktop/airflow-spark/airflow-spark/curso2/ambientX/lib/python3.9/site-packages/airflow/example_dags/tutorial_dag.py for tasks to queue
[2025-01-26T11:35:28.662-0300] {logging_mixin.py:190} INFO - [2025-01-26T11:35:28.662-0300] {dagbag.py:588} INFO - Filling up the DagBag from /mnt/c/Users/ander/Desktop/airflow-spark/airflow-spark/curso2/ambientX/lib/python3.9/site-packages/airflow/example_dags/tutorial_dag.py
[2025-01-26T11:35:28.689-0300] {processor.py:925} INFO - DAG(s) 'tutorial_dag' retrieved from /mnt/c/Users/ander/Desktop/airflow-spark/airflow-spark/curso2/ambientX/lib/python3.9/site-packages/airflow/example_dags/tutorial_dag.py
[2025-01-26T11:35:28.732-0300] {logging_mixin.py:190} INFO - [2025-01-26T11:35:28.731-0300] {dag.py:3239} INFO - Sync 1 DAGs
[2025-01-26T11:35:28.753-0300] {logging_mixin.py:190} INFO - [2025-01-26T11:35:28.752-0300] {dag.py:4180} INFO - Setting next_dagrun for tutorial_dag to None, run_after=None
[2025-01-26T11:35:28.825-0300] {processor.py:208} INFO - Processing /mnt/c/Users/ander/Desktop/airflow-spark/airflow-spark/curso2/ambientX/lib/python3.9/site-packages/airflow/example_dags/tutorial_dag.py took 0.190 seconds
[2025-01-26T11:36:17.285-0300] {processor.py:186} INFO - Started process (PID=24173) to work on /mnt/c/Users/ander/Desktop/airflow-spark/airflow-spark/curso2/ambientX/lib/python3.9/site-packages/airflow/example_dags/tutorial_dag.py
[2025-01-26T11:36:17.286-0300] {processor.py:914} INFO - Processing file /mnt/c/Users/ander/Desktop/airflow-spark/airflow-spark/curso2/ambientX/lib/python3.9/site-packages/airflow/example_dags/tutorial_dag.py for tasks to queue
[2025-01-26T11:36:17.288-0300] {logging_mixin.py:190} INFO - [2025-01-26T11:36:17.288-0300] {dagbag.py:588} INFO - Filling up the DagBag from /mnt/c/Users/ander/Desktop/airflow-spark/airflow-spark/curso2/ambientX/lib/python3.9/site-packages/airflow/example_dags/tutorial_dag.py
[2025-01-26T11:36:17.314-0300] {processor.py:925} INFO - DAG(s) 'tutorial_dag' retrieved from /mnt/c/Users/ander/Desktop/airflow-spark/airflow-spark/curso2/ambientX/lib/python3.9/site-packages/airflow/example_dags/tutorial_dag.py
[2025-01-26T11:36:17.357-0300] {logging_mixin.py:190} INFO - [2025-01-26T11:36:17.356-0300] {dag.py:3239} INFO - Sync 1 DAGs
[2025-01-26T11:36:17.377-0300] {logging_mixin.py:190} INFO - [2025-01-26T11:36:17.376-0300] {dag.py:4180} INFO - Setting next_dagrun for tutorial_dag to None, run_after=None
[2025-01-26T11:36:17.455-0300] {processor.py:208} INFO - Processing /mnt/c/Users/ander/Desktop/airflow-spark/airflow-spark/curso2/ambientX/lib/python3.9/site-packages/airflow/example_dags/tutorial_dag.py took 0.187 seconds
[2025-01-26T11:37:10.795-0300] {processor.py:186} INFO - Started process (PID=24343) to work on /mnt/c/Users/ander/Desktop/airflow-spark/airflow-spark/curso2/ambientX/lib/python3.9/site-packages/airflow/example_dags/tutorial_dag.py
[2025-01-26T11:37:10.796-0300] {processor.py:914} INFO - Processing file /mnt/c/Users/ander/Desktop/airflow-spark/airflow-spark/curso2/ambientX/lib/python3.9/site-packages/airflow/example_dags/tutorial_dag.py for tasks to queue
[2025-01-26T11:37:10.799-0300] {logging_mixin.py:190} INFO - [2025-01-26T11:37:10.798-0300] {dagbag.py:588} INFO - Filling up the DagBag from /mnt/c/Users/ander/Desktop/airflow-spark/airflow-spark/curso2/ambientX/lib/python3.9/site-packages/airflow/example_dags/tutorial_dag.py
[2025-01-26T11:37:10.828-0300] {processor.py:925} INFO - DAG(s) 'tutorial_dag' retrieved from /mnt/c/Users/ander/Desktop/airflow-spark/airflow-spark/curso2/ambientX/lib/python3.9/site-packages/airflow/example_dags/tutorial_dag.py
[2025-01-26T11:37:10.863-0300] {logging_mixin.py:190} INFO - [2025-01-26T11:37:10.863-0300] {dag.py:3239} INFO - Sync 1 DAGs
[2025-01-26T11:37:10.883-0300] {logging_mixin.py:190} INFO - [2025-01-26T11:37:10.883-0300] {dag.py:4180} INFO - Setting next_dagrun for tutorial_dag to None, run_after=None
[2025-01-26T11:37:10.952-0300] {processor.py:208} INFO - Processing /mnt/c/Users/ander/Desktop/airflow-spark/airflow-spark/curso2/ambientX/lib/python3.9/site-packages/airflow/example_dags/tutorial_dag.py took 0.175 seconds
[2025-01-26T11:38:01.137-0300] {processor.py:186} INFO - Started process (PID=24636) to work on /mnt/c/Users/ander/Desktop/airflow-spark/airflow-spark/curso2/ambientX/lib/python3.9/site-packages/airflow/example_dags/tutorial_dag.py
[2025-01-26T11:38:01.138-0300] {processor.py:914} INFO - Processing file /mnt/c/Users/ander/Desktop/airflow-spark/airflow-spark/curso2/ambientX/lib/python3.9/site-packages/airflow/example_dags/tutorial_dag.py for tasks to queue
[2025-01-26T11:38:01.140-0300] {logging_mixin.py:190} INFO - [2025-01-26T11:38:01.140-0300] {dagbag.py:588} INFO - Filling up the DagBag from /mnt/c/Users/ander/Desktop/airflow-spark/airflow-spark/curso2/ambientX/lib/python3.9/site-packages/airflow/example_dags/tutorial_dag.py
[2025-01-26T11:38:01.163-0300] {processor.py:925} INFO - DAG(s) 'tutorial_dag' retrieved from /mnt/c/Users/ander/Desktop/airflow-spark/airflow-spark/curso2/ambientX/lib/python3.9/site-packages/airflow/example_dags/tutorial_dag.py
[2025-01-26T11:38:01.198-0300] {logging_mixin.py:190} INFO - [2025-01-26T11:38:01.198-0300] {dag.py:3239} INFO - Sync 1 DAGs
[2025-01-26T11:38:01.218-0300] {logging_mixin.py:190} INFO - [2025-01-26T11:38:01.218-0300] {dag.py:4180} INFO - Setting next_dagrun for tutorial_dag to None, run_after=None
[2025-01-26T11:38:01.280-0300] {processor.py:208} INFO - Processing /mnt/c/Users/ander/Desktop/airflow-spark/airflow-spark/curso2/ambientX/lib/python3.9/site-packages/airflow/example_dags/tutorial_dag.py took 0.160 seconds
[2025-01-26T11:38:52.008-0300] {processor.py:186} INFO - Started process (PID=24855) to work on /mnt/c/Users/ander/Desktop/airflow-spark/airflow-spark/curso2/ambientX/lib/python3.9/site-packages/airflow/example_dags/tutorial_dag.py
[2025-01-26T11:38:52.010-0300] {processor.py:914} INFO - Processing file /mnt/c/Users/ander/Desktop/airflow-spark/airflow-spark/curso2/ambientX/lib/python3.9/site-packages/airflow/example_dags/tutorial_dag.py for tasks to queue
[2025-01-26T11:38:52.011-0300] {logging_mixin.py:190} INFO - [2025-01-26T11:38:52.011-0300] {dagbag.py:588} INFO - Filling up the DagBag from /mnt/c/Users/ander/Desktop/airflow-spark/airflow-spark/curso2/ambientX/lib/python3.9/site-packages/airflow/example_dags/tutorial_dag.py
[2025-01-26T11:38:52.032-0300] {processor.py:925} INFO - DAG(s) 'tutorial_dag' retrieved from /mnt/c/Users/ander/Desktop/airflow-spark/airflow-spark/curso2/ambientX/lib/python3.9/site-packages/airflow/example_dags/tutorial_dag.py
[2025-01-26T11:38:52.070-0300] {logging_mixin.py:190} INFO - [2025-01-26T11:38:52.069-0300] {dag.py:3239} INFO - Sync 1 DAGs
[2025-01-26T11:38:52.089-0300] {logging_mixin.py:190} INFO - [2025-01-26T11:38:52.089-0300] {dag.py:4180} INFO - Setting next_dagrun for tutorial_dag to None, run_after=None
[2025-01-26T11:38:52.152-0300] {processor.py:208} INFO - Processing /mnt/c/Users/ander/Desktop/airflow-spark/airflow-spark/curso2/ambientX/lib/python3.9/site-packages/airflow/example_dags/tutorial_dag.py took 0.161 seconds
[2025-01-26T11:39:41.324-0300] {processor.py:186} INFO - Started process (PID=25085) to work on /mnt/c/Users/ander/Desktop/airflow-spark/airflow-spark/curso2/ambientX/lib/python3.9/site-packages/airflow/example_dags/tutorial_dag.py
[2025-01-26T11:39:41.325-0300] {processor.py:914} INFO - Processing file /mnt/c/Users/ander/Desktop/airflow-spark/airflow-spark/curso2/ambientX/lib/python3.9/site-packages/airflow/example_dags/tutorial_dag.py for tasks to queue
[2025-01-26T11:39:41.327-0300] {logging_mixin.py:190} INFO - [2025-01-26T11:39:41.327-0300] {dagbag.py:588} INFO - Filling up the DagBag from /mnt/c/Users/ander/Desktop/airflow-spark/airflow-spark/curso2/ambientX/lib/python3.9/site-packages/airflow/example_dags/tutorial_dag.py
[2025-01-26T11:39:41.357-0300] {processor.py:925} INFO - DAG(s) 'tutorial_dag' retrieved from /mnt/c/Users/ander/Desktop/airflow-spark/airflow-spark/curso2/ambientX/lib/python3.9/site-packages/airflow/example_dags/tutorial_dag.py
[2025-01-26T11:39:41.393-0300] {logging_mixin.py:190} INFO - [2025-01-26T11:39:41.393-0300] {dag.py:3239} INFO - Sync 1 DAGs
[2025-01-26T11:39:41.412-0300] {logging_mixin.py:190} INFO - [2025-01-26T11:39:41.412-0300] {dag.py:4180} INFO - Setting next_dagrun for tutorial_dag to None, run_after=None
[2025-01-26T11:39:41.478-0300] {processor.py:208} INFO - Processing /mnt/c/Users/ander/Desktop/airflow-spark/airflow-spark/curso2/ambientX/lib/python3.9/site-packages/airflow/example_dags/tutorial_dag.py took 0.169 seconds
[2025-01-26T11:40:28.752-0300] {processor.py:186} INFO - Started process (PID=25307) to work on /mnt/c/Users/ander/Desktop/airflow-spark/airflow-spark/curso2/ambientX/lib/python3.9/site-packages/airflow/example_dags/tutorial_dag.py
[2025-01-26T11:40:28.753-0300] {processor.py:914} INFO - Processing file /mnt/c/Users/ander/Desktop/airflow-spark/airflow-spark/curso2/ambientX/lib/python3.9/site-packages/airflow/example_dags/tutorial_dag.py for tasks to queue
[2025-01-26T11:40:28.755-0300] {logging_mixin.py:190} INFO - [2025-01-26T11:40:28.755-0300] {dagbag.py:588} INFO - Filling up the DagBag from /mnt/c/Users/ander/Desktop/airflow-spark/airflow-spark/curso2/ambientX/lib/python3.9/site-packages/airflow/example_dags/tutorial_dag.py
[2025-01-26T11:40:28.780-0300] {processor.py:925} INFO - DAG(s) 'tutorial_dag' retrieved from /mnt/c/Users/ander/Desktop/airflow-spark/airflow-spark/curso2/ambientX/lib/python3.9/site-packages/airflow/example_dags/tutorial_dag.py
[2025-01-26T11:40:28.821-0300] {logging_mixin.py:190} INFO - [2025-01-26T11:40:28.821-0300] {dag.py:3239} INFO - Sync 1 DAGs
[2025-01-26T11:40:28.841-0300] {logging_mixin.py:190} INFO - [2025-01-26T11:40:28.841-0300] {dag.py:4180} INFO - Setting next_dagrun for tutorial_dag to None, run_after=None
[2025-01-26T11:40:28.914-0300] {processor.py:208} INFO - Processing /mnt/c/Users/ander/Desktop/airflow-spark/airflow-spark/curso2/ambientX/lib/python3.9/site-packages/airflow/example_dags/tutorial_dag.py took 0.181 seconds
[2025-01-26T11:41:17.785-0300] {processor.py:186} INFO - Started process (PID=25524) to work on /mnt/c/Users/ander/Desktop/airflow-spark/airflow-spark/curso2/ambientX/lib/python3.9/site-packages/airflow/example_dags/tutorial_dag.py
[2025-01-26T11:41:17.787-0300] {processor.py:914} INFO - Processing file /mnt/c/Users/ander/Desktop/airflow-spark/airflow-spark/curso2/ambientX/lib/python3.9/site-packages/airflow/example_dags/tutorial_dag.py for tasks to queue
[2025-01-26T11:41:17.789-0300] {logging_mixin.py:190} INFO - [2025-01-26T11:41:17.788-0300] {dagbag.py:588} INFO - Filling up the DagBag from /mnt/c/Users/ander/Desktop/airflow-spark/airflow-spark/curso2/ambientX/lib/python3.9/site-packages/airflow/example_dags/tutorial_dag.py
[2025-01-26T11:41:17.811-0300] {processor.py:925} INFO - DAG(s) 'tutorial_dag' retrieved from /mnt/c/Users/ander/Desktop/airflow-spark/airflow-spark/curso2/ambientX/lib/python3.9/site-packages/airflow/example_dags/tutorial_dag.py
[2025-01-26T11:41:17.851-0300] {logging_mixin.py:190} INFO - [2025-01-26T11:41:17.851-0300] {dag.py:3239} INFO - Sync 1 DAGs
[2025-01-26T11:41:17.872-0300] {logging_mixin.py:190} INFO - [2025-01-26T11:41:17.872-0300] {dag.py:4180} INFO - Setting next_dagrun for tutorial_dag to None, run_after=None
[2025-01-26T11:41:17.936-0300] {processor.py:208} INFO - Processing /mnt/c/Users/ander/Desktop/airflow-spark/airflow-spark/curso2/ambientX/lib/python3.9/site-packages/airflow/example_dags/tutorial_dag.py took 0.168 seconds
[2025-01-26T11:42:06.182-0300] {processor.py:186} INFO - Started process (PID=25809) to work on /mnt/c/Users/ander/Desktop/airflow-spark/airflow-spark/curso2/ambientX/lib/python3.9/site-packages/airflow/example_dags/tutorial_dag.py
[2025-01-26T11:42:06.183-0300] {processor.py:914} INFO - Processing file /mnt/c/Users/ander/Desktop/airflow-spark/airflow-spark/curso2/ambientX/lib/python3.9/site-packages/airflow/example_dags/tutorial_dag.py for tasks to queue
[2025-01-26T11:42:06.185-0300] {logging_mixin.py:190} INFO - [2025-01-26T11:42:06.185-0300] {dagbag.py:588} INFO - Filling up the DagBag from /mnt/c/Users/ander/Desktop/airflow-spark/airflow-spark/curso2/ambientX/lib/python3.9/site-packages/airflow/example_dags/tutorial_dag.py
[2025-01-26T11:42:06.209-0300] {processor.py:925} INFO - DAG(s) 'tutorial_dag' retrieved from /mnt/c/Users/ander/Desktop/airflow-spark/airflow-spark/curso2/ambientX/lib/python3.9/site-packages/airflow/example_dags/tutorial_dag.py
[2025-01-26T11:42:06.244-0300] {logging_mixin.py:190} INFO - [2025-01-26T11:42:06.244-0300] {dag.py:3239} INFO - Sync 1 DAGs
[2025-01-26T11:42:06.265-0300] {logging_mixin.py:190} INFO - [2025-01-26T11:42:06.264-0300] {dag.py:4180} INFO - Setting next_dagrun for tutorial_dag to None, run_after=None
[2025-01-26T11:42:06.326-0300] {processor.py:208} INFO - Processing /mnt/c/Users/ander/Desktop/airflow-spark/airflow-spark/curso2/ambientX/lib/python3.9/site-packages/airflow/example_dags/tutorial_dag.py took 0.164 seconds
[2025-01-26T11:43:01.698-0300] {processor.py:186} INFO - Started process (PID=26167) to work on /mnt/c/Users/ander/Desktop/airflow-spark/airflow-spark/curso2/ambientX/lib/python3.9/site-packages/airflow/example_dags/tutorial_dag.py
[2025-01-26T11:43:01.700-0300] {processor.py:914} INFO - Processing file /mnt/c/Users/ander/Desktop/airflow-spark/airflow-spark/curso2/ambientX/lib/python3.9/site-packages/airflow/example_dags/tutorial_dag.py for tasks to queue
[2025-01-26T11:43:01.702-0300] {logging_mixin.py:190} INFO - [2025-01-26T11:43:01.701-0300] {dagbag.py:588} INFO - Filling up the DagBag from /mnt/c/Users/ander/Desktop/airflow-spark/airflow-spark/curso2/ambientX/lib/python3.9/site-packages/airflow/example_dags/tutorial_dag.py
[2025-01-26T11:43:01.729-0300] {processor.py:925} INFO - DAG(s) 'tutorial_dag' retrieved from /mnt/c/Users/ander/Desktop/airflow-spark/airflow-spark/curso2/ambientX/lib/python3.9/site-packages/airflow/example_dags/tutorial_dag.py
[2025-01-26T11:43:01.773-0300] {logging_mixin.py:190} INFO - [2025-01-26T11:43:01.773-0300] {dag.py:3239} INFO - Sync 1 DAGs
[2025-01-26T11:43:01.794-0300] {logging_mixin.py:190} INFO - [2025-01-26T11:43:01.794-0300] {dag.py:4180} INFO - Setting next_dagrun for tutorial_dag to None, run_after=None
[2025-01-26T11:43:01.865-0300] {processor.py:208} INFO - Processing /mnt/c/Users/ander/Desktop/airflow-spark/airflow-spark/curso2/ambientX/lib/python3.9/site-packages/airflow/example_dags/tutorial_dag.py took 0.186 seconds
[2025-01-26T11:43:53.429-0300] {processor.py:186} INFO - Started process (PID=26402) to work on /mnt/c/Users/ander/Desktop/airflow-spark/airflow-spark/curso2/ambientX/lib/python3.9/site-packages/airflow/example_dags/tutorial_dag.py
[2025-01-26T11:43:53.431-0300] {processor.py:914} INFO - Processing file /mnt/c/Users/ander/Desktop/airflow-spark/airflow-spark/curso2/ambientX/lib/python3.9/site-packages/airflow/example_dags/tutorial_dag.py for tasks to queue
[2025-01-26T11:43:53.433-0300] {logging_mixin.py:190} INFO - [2025-01-26T11:43:53.432-0300] {dagbag.py:588} INFO - Filling up the DagBag from /mnt/c/Users/ander/Desktop/airflow-spark/airflow-spark/curso2/ambientX/lib/python3.9/site-packages/airflow/example_dags/tutorial_dag.py
[2025-01-26T11:43:53.457-0300] {processor.py:925} INFO - DAG(s) 'tutorial_dag' retrieved from /mnt/c/Users/ander/Desktop/airflow-spark/airflow-spark/curso2/ambientX/lib/python3.9/site-packages/airflow/example_dags/tutorial_dag.py
[2025-01-26T11:43:53.496-0300] {logging_mixin.py:190} INFO - [2025-01-26T11:43:53.496-0300] {dag.py:3239} INFO - Sync 1 DAGs
[2025-01-26T11:43:53.517-0300] {logging_mixin.py:190} INFO - [2025-01-26T11:43:53.517-0300] {dag.py:4180} INFO - Setting next_dagrun for tutorial_dag to None, run_after=None
[2025-01-26T11:43:53.577-0300] {processor.py:208} INFO - Processing /mnt/c/Users/ander/Desktop/airflow-spark/airflow-spark/curso2/ambientX/lib/python3.9/site-packages/airflow/example_dags/tutorial_dag.py took 0.164 seconds
[2025-01-26T11:44:49.770-0300] {processor.py:186} INFO - Started process (PID=26646) to work on /mnt/c/Users/ander/Desktop/airflow-spark/airflow-spark/curso2/ambientX/lib/python3.9/site-packages/airflow/example_dags/tutorial_dag.py
[2025-01-26T11:44:49.772-0300] {processor.py:914} INFO - Processing file /mnt/c/Users/ander/Desktop/airflow-spark/airflow-spark/curso2/ambientX/lib/python3.9/site-packages/airflow/example_dags/tutorial_dag.py for tasks to queue
[2025-01-26T11:44:49.774-0300] {logging_mixin.py:190} INFO - [2025-01-26T11:44:49.773-0300] {dagbag.py:588} INFO - Filling up the DagBag from /mnt/c/Users/ander/Desktop/airflow-spark/airflow-spark/curso2/ambientX/lib/python3.9/site-packages/airflow/example_dags/tutorial_dag.py
[2025-01-26T11:44:49.797-0300] {processor.py:925} INFO - DAG(s) 'tutorial_dag' retrieved from /mnt/c/Users/ander/Desktop/airflow-spark/airflow-spark/curso2/ambientX/lib/python3.9/site-packages/airflow/example_dags/tutorial_dag.py
[2025-01-26T11:44:49.835-0300] {logging_mixin.py:190} INFO - [2025-01-26T11:44:49.835-0300] {dag.py:3239} INFO - Sync 1 DAGs
[2025-01-26T11:44:49.856-0300] {logging_mixin.py:190} INFO - [2025-01-26T11:44:49.855-0300] {dag.py:4180} INFO - Setting next_dagrun for tutorial_dag to None, run_after=None
[2025-01-26T11:44:49.918-0300] {processor.py:208} INFO - Processing /mnt/c/Users/ander/Desktop/airflow-spark/airflow-spark/curso2/ambientX/lib/python3.9/site-packages/airflow/example_dags/tutorial_dag.py took 0.165 seconds
[2025-01-26T11:45:39.194-0300] {processor.py:186} INFO - Started process (PID=26877) to work on /mnt/c/Users/ander/Desktop/airflow-spark/airflow-spark/curso2/ambientX/lib/python3.9/site-packages/airflow/example_dags/tutorial_dag.py
[2025-01-26T11:45:39.196-0300] {processor.py:914} INFO - Processing file /mnt/c/Users/ander/Desktop/airflow-spark/airflow-spark/curso2/ambientX/lib/python3.9/site-packages/airflow/example_dags/tutorial_dag.py for tasks to queue
[2025-01-26T11:45:39.198-0300] {logging_mixin.py:190} INFO - [2025-01-26T11:45:39.198-0300] {dagbag.py:588} INFO - Filling up the DagBag from /mnt/c/Users/ander/Desktop/airflow-spark/airflow-spark/curso2/ambientX/lib/python3.9/site-packages/airflow/example_dags/tutorial_dag.py
[2025-01-26T11:45:39.228-0300] {processor.py:925} INFO - DAG(s) 'tutorial_dag' retrieved from /mnt/c/Users/ander/Desktop/airflow-spark/airflow-spark/curso2/ambientX/lib/python3.9/site-packages/airflow/example_dags/tutorial_dag.py
[2025-01-26T11:45:39.271-0300] {logging_mixin.py:190} INFO - [2025-01-26T11:45:39.270-0300] {dag.py:3239} INFO - Sync 1 DAGs
[2025-01-26T11:45:39.292-0300] {logging_mixin.py:190} INFO - [2025-01-26T11:45:39.292-0300] {dag.py:4180} INFO - Setting next_dagrun for tutorial_dag to None, run_after=None
[2025-01-26T11:45:39.352-0300] {processor.py:208} INFO - Processing /mnt/c/Users/ander/Desktop/airflow-spark/airflow-spark/curso2/ambientX/lib/python3.9/site-packages/airflow/example_dags/tutorial_dag.py took 0.178 seconds
