[2025-01-15 23:31:13,299] {taskinstance.py:1159} INFO - Dependencies all met for <TaskInstance: TwitterDAG.twitter_datascience scheduled__2025-01-11T00:00:00+00:00 [queued]>
[2025-01-15 23:31:13,317] {taskinstance.py:1159} INFO - Dependencies all met for <TaskInstance: TwitterDAG.twitter_datascience scheduled__2025-01-11T00:00:00+00:00 [queued]>
[2025-01-15 23:31:13,318] {taskinstance.py:1356} INFO - 
--------------------------------------------------------------------------------
[2025-01-15 23:31:13,318] {taskinstance.py:1357} INFO - Starting attempt 1 of 1
[2025-01-15 23:31:13,318] {taskinstance.py:1358} INFO - 
--------------------------------------------------------------------------------
[2025-01-15 23:31:13,365] {taskinstance.py:1377} INFO - Executing <Task(TwitterOperator): twitter_datascience> on 2025-01-11 00:00:00+00:00
[2025-01-15 23:31:13,369] {standard_task_runner.py:52} INFO - Started process 30846 to run task
[2025-01-15 23:31:13,378] {standard_task_runner.py:79} INFO - Running: ['airflow', 'tasks', 'run', 'TwitterDAG', 'twitter_datascience', 'scheduled__2025-01-11T00:00:00+00:00', '--job-id', '4', '--raw', '--subdir', 'DAGS_FOLDER/twitter_dag.py', '--cfg-path', '/tmp/tmp_iaeh7jl', '--error-file', '/tmp/tmpnrcdaqyd']
[2025-01-15 23:31:13,379] {standard_task_runner.py:80} INFO - Job 4: Subtask twitter_datascience
[2025-01-15 23:31:13,469] {task_command.py:370} INFO - Running <TaskInstance: TwitterDAG.twitter_datascience scheduled__2025-01-11T00:00:00+00:00 [running]> on host ANDERSON.
[2025-01-15 23:31:13,607] {taskinstance.py:1569} INFO - Exporting the following env vars:
AIRFLOW_CTX_DAG_OWNER=airflow
AIRFLOW_CTX_DAG_ID=TwitterDAG
AIRFLOW_CTX_TASK_ID=twitter_datascience
AIRFLOW_CTX_EXECUTION_DATE=2025-01-11T00:00:00+00:00
AIRFLOW_CTX_TRY_NUMBER=1
AIRFLOW_CTX_DAG_RUN_ID=scheduled__2025-01-11T00:00:00+00:00
[2025-01-15 23:31:13,632] {base.py:68} INFO - Using connection ID 'twitter_default' for task execution.
[2025-01-15 23:31:13,635] {twitter_hook.py:34} INFO - URL: https://labdados.com//2/tweets/search/recent?query=datascience&tweet.fields=author_id,conversation_id,created_at,id,in_reply_to_user_id,public_metrics,lang,text&expansions=author_id&user.fields=id,name,username,created_at&start_time=2025-01-11T00:00:00.00Z&end_time=2025-01-12T00:00:00.00Z
[2025-01-15 23:31:14,187] {taskinstance.py:1395} INFO - Marking task as SUCCESS. dag_id=TwitterDAG, task_id=twitter_datascience, execution_date=20250111T000000, start_date=20250116T023113, end_date=20250116T023114
[2025-01-15 23:31:14,234] {local_task_job.py:156} INFO - Task exited with return code 0
[2025-01-15 23:31:14,282] {local_task_job.py:273} INFO - 0 downstream tasks scheduled from follow-on schedule check
