[2025-01-15 23:32:05,343] {taskinstance.py:1159} INFO - Dependencies all met for <TaskInstance: TwitterDAG.twitter_datascience scheduled__2025-01-14T00:00:00+00:00 [queued]>
[2025-01-15 23:32:05,358] {taskinstance.py:1159} INFO - Dependencies all met for <TaskInstance: TwitterDAG.twitter_datascience scheduled__2025-01-14T00:00:00+00:00 [queued]>
[2025-01-15 23:32:05,358] {taskinstance.py:1356} INFO - 
--------------------------------------------------------------------------------
[2025-01-15 23:32:05,359] {taskinstance.py:1357} INFO - Starting attempt 1 of 1
[2025-01-15 23:32:05,359] {taskinstance.py:1358} INFO - 
--------------------------------------------------------------------------------
[2025-01-15 23:32:05,400] {taskinstance.py:1377} INFO - Executing <Task(TwitterOperator): twitter_datascience> on 2025-01-14 00:00:00+00:00
[2025-01-15 23:32:05,404] {standard_task_runner.py:52} INFO - Started process 31487 to run task
[2025-01-15 23:32:05,409] {standard_task_runner.py:79} INFO - Running: ['airflow', 'tasks', 'run', 'TwitterDAG', 'twitter_datascience', 'scheduled__2025-01-14T00:00:00+00:00', '--job-id', '7', '--raw', '--subdir', 'DAGS_FOLDER/twitter_dag.py', '--cfg-path', '/tmp/tmp9ab4wc4l', '--error-file', '/tmp/tmpjly51_nb']
[2025-01-15 23:32:05,410] {standard_task_runner.py:80} INFO - Job 7: Subtask twitter_datascience
[2025-01-15 23:32:05,514] {task_command.py:370} INFO - Running <TaskInstance: TwitterDAG.twitter_datascience scheduled__2025-01-14T00:00:00+00:00 [running]> on host ANDERSON.
[2025-01-15 23:32:05,628] {taskinstance.py:1569} INFO - Exporting the following env vars:
AIRFLOW_CTX_DAG_OWNER=airflow
AIRFLOW_CTX_DAG_ID=TwitterDAG
AIRFLOW_CTX_TASK_ID=twitter_datascience
AIRFLOW_CTX_EXECUTION_DATE=2025-01-14T00:00:00+00:00
AIRFLOW_CTX_TRY_NUMBER=1
AIRFLOW_CTX_DAG_RUN_ID=scheduled__2025-01-14T00:00:00+00:00
[2025-01-15 23:32:05,653] {base.py:68} INFO - Using connection ID 'twitter_default' for task execution.
[2025-01-15 23:32:05,654] {twitter_hook.py:34} INFO - URL: https://labdados.com//2/tweets/search/recent?query=datascience&tweet.fields=author_id,conversation_id,created_at,id,in_reply_to_user_id,public_metrics,lang,text&expansions=author_id&user.fields=id,name,username,created_at&start_time=2025-01-14T00:00:00.00Z&end_time=2025-01-15T00:00:00.00Z
[2025-01-15 23:32:06,181] {twitter_hook.py:34} INFO - URL: https://labdados.com//2/tweets/search/recent?query=datascience&tweet.fields=author_id,conversation_id,created_at,id,in_reply_to_user_id,public_metrics,lang,text&expansions=author_id&user.fields=id,name,username,created_at&start_time=2025-01-14T00:00:00.00Z&end_time=2025-01-15T00:00:00.00Z&next_token=1234567890abcdef
[2025-01-15 23:32:06,317] {taskinstance.py:1395} INFO - Marking task as SUCCESS. dag_id=TwitterDAG, task_id=twitter_datascience, execution_date=20250114T000000, start_date=20250116T023205, end_date=20250116T023206
[2025-01-15 23:32:06,384] {local_task_job.py:156} INFO - Task exited with return code 0
[2025-01-15 23:32:06,449] {local_task_job.py:273} INFO - 0 downstream tasks scheduled from follow-on schedule check
